<?xml version="1.0" encoding="utf-8"?>
<TestRun id="28b3c0a1-7ca7-4d95-9183-327d7e77c0c0" name="hallam@VOODOO 2021-12-02 13:54:07" runUser="VOODOO\hallam" xmlns="http://microsoft.com/schemas/VisualStudio/TeamTest/2010">
  <Times creation="2021-12-02T13:54:07.2900277-05:00" queuing="2021-12-02T13:54:07.2900277-05:00" start="2021-12-02T13:54:04.6432300-05:00" finish="2021-12-02T13:56:21.0325275-05:00" />
  <TestSettings name="default" id="4a7b5cbc-91b9-4fd7-bd07-4a95cbdf0b13">
    <Deployment runDeploymentRoot="hallam_VOODOO_2021-12-02_13_54_07" />
  </TestSettings>
  <Results>
    <UnitTestResult executionId="6d9597de-3aa9-4b80-92bb-98963651ff12" testId="f7262197-9089-93a8-258b-eb719e78747b" testName="Goedel.XUnit.ShellTests.TestHello" computerName="VOODOO" duration="00:00:00.0927174" startTime="2021-12-02T13:54:33.7639585-05:00" endTime="2021-12-02T13:54:33.7639587-05:00" testType="13cdc9d9-ddb5-4fa4-a97d-d965ccfc6d4b" outcome="Failed" testListId="8c84fa94-04c1-424b-9868-57a2d4851a1d" relativeResultsDirectory="6d9597de-3aa9-4b80-92bb-98963651ff12">
      <Output>
        <ErrorInfo>
          <Message>System.NullReferenceException : Object reference not set to an instance of an object.</Message>
          <StackTrace>   at Goedel.Mesh.Server.PublicMeshService..ctor(IMeshMachine meshMachine, ServiceConfiguration serviceConfiguration, HostConfiguration hostConfiguration) in C:\Users\hallam\Work\mmm\Mesh\Goedel.Mesh.Server\MeshDispatch.cs:line 136&#xD;
   at Goedel.Mesh.Test.TestEnvironmentCommon.get_MeshService() in C:\Users\hallam\Work\mmm\Testing\Goedel.Mesh.Test\TestEnvironmentCommon.cs:line 203&#xD;
   at Goedel.Mesh.Test.TestEnvironmentCommon.GetMeshClient(MeshMachineTest meshMachineTest, ICredentialPrivate credential, String serviceId, String accountAddress) in C:\Users\hallam\Work\mmm\Testing\Goedel.Mesh.Test\TestEnvironmentCommon.cs:line 222&#xD;
   at Goedel.Mesh.Test.MeshMachineTest.GetMeshClient(ICredentialPrivate credential, String service, String accountAddress) in C:\Users\hallam\Work\mmm\Testing\Goedel.Mesh.Test\MeshMachineTest.cs:line 88&#xD;
   at Goedel.Mesh.Shell.Shell.GetMeshClient(IAccountOptions options) in C:\Users\hallam\Work\mmm\Mesh\Goedel.Mesh.Shell\ShellDispatch.cs:line 269&#xD;
   at Goedel.Mesh.Shell.Shell.AccountHello(AccountHello options) in C:\Users\hallam\Work\mmm\Mesh\Goedel.Mesh.Shell\DispatchAccount.cs:line 47&#xD;
   at Goedel.Mesh.Shell.CommandLineInterpreter.Handle_AccountHello(DispatchShell DispatchIn, String[] Args, Int32 Index) in C:\Users\hallam\Work\mmm\Mesh\Goedel.Mesh.Shell\meshman.cs:line 510&#xD;
   at Goedel.Command.CommandLineInterpreterBase.Dispatcher(SortedDictionary`2 Entries, DescribeCommandEntry DefaultCommand, DispatchShell Dispatch, String[] Args, Int32 Index) in C:\Users\hallam\Work\mmm\Libraries\Goedel.Command\Command.cs:line 224&#xD;
   at Goedel.Command.CommandLineInterpreterBase.Dispatcher(SortedDictionary`2 Entries, DescribeCommandEntry DefaultCommand, DispatchShell Dispatch, String[] Args, Int32 Index) in C:\Users\hallam\Work\mmm\Libraries\Goedel.Command\Command.cs:line 228&#xD;
   at Goedel.Mesh.Test.TestCLI.Dispatch(String command, Boolean fail) in C:\Users\hallam\Work\mmm\Testing\Goedel.Mesh.Test\TestShell.cs:line 241&#xD;
   at Goedel.XUnit.ShellTests.TestHello() in C:\Users\hallam\Work\mmm\Testing\Goedel.Mesh.Shell.Test-xunit\TestProfile.cs:line 62</StackTrace>
        </ErrorInfo>
      </Output>
    </UnitTestResult>
    <UnitTestResult executionId="c5386178-ff5e-41ad-a361-b272be03b986" testId="0fdd7d16-a6f5-20bf-bb0e-09b4e3145c52" testName="Goedel.XUnit.TestDare.EnvelopeEncryptedCryptoParameters" computerName="VOODOO" duration="00:00:01.1299510" startTime="2021-12-02T13:54:17.4864655-05:00" endTime="2021-12-02T13:54:17.4864658-05:00" testType="13cdc9d9-ddb5-4fa4-a97d-d965ccfc6d4b" outcome="Passed" testListId="8c84fa94-04c1-424b-9868-57a2d4851a1d" relativeResultsDirectory="c5386178-ff5e-41ad-a361-b272be03b986" />
    <UnitTestResult executionId="44ed615c-73f2-42e3-a899-d47e8b9e7e0a" testId="395b538a-007e-9fbb-2380-aa4084eadb1d" testName="Goedel.XUnit.TestLifecycle.Test_LifecycleEphemeral(CryptoAlgorithmID: Ed448, KeySize: 2048)" computerName="VOODOO" duration="00:00:00.1353664" startTime="2021-12-02T13:54:16.5569109-05:00" endTime="2021-12-02T13:54:16.5569111-05:00" testType="13cdc9d9-ddb5-4fa4-a97d-d965ccfc6d4b" outcome="Passed" testListId="8c84fa94-04c1-424b-9868-57a2d4851a1d" relativeResultsDirectory="44ed615c-73f2-42e3-a899-d47e8b9e7e0a" />
    <UnitTestResult executionId="2c55c4e1-aadd-4f4d-be10-c740963d2a95" testId="f744d0eb-70ef-57e4-e51c-7c055eef44a0" testName="Goedel.XUnit.TestSplit.TestKeyShare(bits: 512, hexData: null)" computerName="VOODOO" duration="00:00:00.0133333" startTime="2021-12-02T13:54:13.5868327-05:00" endTime="2021-12-02T13:54:13.5868329-05:00" testType="13cdc9d9-ddb5-4fa4-a97d-d965ccfc6d4b" outcome="Passed" testListId="8c84fa94-04c1-424b-9868-57a2d4851a1d" relativeResultsDirectory="2c55c4e1-aadd-4f4d-be10-c740963d2a95" />
    <UnitTestResult executionId="997ee243-ae8d-4343-afcb-f6fc5c1893b9" testId="de4539a8-6a0c-ed3c-e2ca-2e17d6b226b2" testName="Goedel.XUnit.TestAsymmetric.EncryptTest(algorithmID: Ed448)" computerName="VOODOO" duration="00:00:00.2003395" startTime="2021-12-02T13:54:18.7455620-05:00" endTime="2021-12-02T13:54:18.7455622-05:00" testType="13cdc9d9-ddb5-4fa4-a97d-d965ccfc6d4b" outcome="Passed" testListId="8c84fa94-04c1-424b-9868-57a2d4851a1d" relativeResultsDirectory="997ee243-ae8d-4343-afcb-f6fc5c1893b9" />
    <UnitTestResult executionId="3d77eef7-df40-4ac3-a61d-2f396b280405" testId="68012fd5-5f78-f6d1-ceab-c913e257e73b" testName="Goedel.XUnit.TestContainers.ContainerTestTree" computerName="VOODOO" duration="00:00:00.0115227" startTime="2021-12-02T13:54:23.7562449-05:00" endTime="2021-12-02T13:54:23.7562452-05:00" testType="13cdc9d9-ddb5-4fa4-a97d-d965ccfc6d4b" outcome="Passed" testListId="8c84fa94-04c1-424b-9868-57a2d4851a1d" relativeResultsDirectory="3d77eef7-df40-4ac3-a61d-2f396b280405" />
    <UnitTestResult executionId="5e241a73-cd49-4f39-97f6-95c1ab74c645" testId="fbdaad43-059b-11b9-6b59-ab871bbb65f9" testName="Goedel.XUnit.TestSplit.TestKeyShare(bits: 32, hexData: &quot;10000000&quot;)" computerName="VOODOO" duration="00:00:00.0000533" startTime="2021-12-02T13:54:13.5885019-05:00" endTime="2021-12-02T13:54:13.5885020-05:00" testType="13cdc9d9-ddb5-4fa4-a97d-d965ccfc6d4b" outcome="Passed" testListId="8c84fa94-04c1-424b-9868-57a2d4851a1d" relativeResultsDirectory="5e241a73-cd49-4f39-97f6-95c1ab74c645" />
    <UnitTestResult executionId="61d09c29-ec01-413b-b6e7-20fe0835bf31" testId="b7d491e4-3902-d7c5-65c2-1bdd88903bbe" testName="Goedel.XUnit.ShellTests.TestFileSignEncrypt" computerName="VOODOO" duration="00:00:01.4851780" startTime="2021-12-02T13:54:16.4866051-05:00" endTime="2021-12-02T13:54:16.4866053-05:00" testType="13cdc9d9-ddb5-4fa4-a97d-d965ccfc6d4b" outcome="Failed" testListId="8c84fa94-04c1-424b-9868-57a2d4851a1d" relativeResultsDirectory="61d09c29-ec01-413b-b6e7-20fe0835bf31">
      <Output>
        <ErrorInfo>
          <Message>System.NullReferenceException : Object reference not set to an instance of an object.</Message>
          <StackTrace>   at Goedel.Mesh.Server.PublicMeshService..ctor(IMeshMachine meshMachine, ServiceConfiguration serviceConfiguration, HostConfiguration hostConfiguration) in C:\Users\hallam\Work\mmm\Mesh\Goedel.Mesh.Server\MeshDispatch.cs:line 136&#xD;
   at Goedel.Mesh.Test.TestEnvironmentCommon.get_MeshService() in C:\Users\hallam\Work\mmm\Testing\Goedel.Mesh.Test\TestEnvironmentCommon.cs:line 203&#xD;
   at Goedel.Mesh.Test.TestEnvironmentCommon.GetMeshClient(MeshMachineTest meshMachineTest, ICredentialPrivate credential, String serviceId, String accountAddress) in C:\Users\hallam\Work\mmm\Testing\Goedel.Mesh.Test\TestEnvironmentCommon.cs:line 222&#xD;
   at Goedel.Mesh.Test.MeshMachineTest.GetMeshClient(ICredentialPrivate credential, String service, String accountAddress) in C:\Users\hallam\Work\mmm\Testing\Goedel.Mesh.Test\MeshMachineTest.cs:line 88&#xD;
   at Goedel.Mesh.Client.ContextUser.SetService(String accountAddress) in C:\Users\hallam\Work\mmm\Mesh\Goedel.Mesh.Client\ContextUser.cs:line 243&#xD;
   at Goedel.Mesh.Client.MeshHost.ConfigureMesh(String accountAddress, String localName, PrivateKeyUDF accountSeed, ProfileDevice profileDevice, List`1 rights, Boolean create) in C:\Users\hallam\Work\mmm\Mesh\Goedel.Mesh.Client\MeshHost.cs:line 269&#xD;
   at Goedel.Mesh.Shell.Shell.AccountCreate(AccountCreate options) in C:\Users\hallam\Work\mmm\Mesh\Goedel.Mesh.Shell\DispatchAccount.cs:line 68&#xD;
   at Goedel.Mesh.Shell.CommandLineInterpreter.Handle_AccountCreate(DispatchShell DispatchIn, String[] Args, Int32 Index) in C:\Users\hallam\Work\mmm\Mesh\Goedel.Mesh.Shell\meshman.cs:line 520&#xD;
   at Goedel.Command.CommandLineInterpreterBase.Dispatcher(SortedDictionary`2 Entries, DescribeCommandEntry DefaultCommand, DispatchShell Dispatch, String[] Args, Int32 Index) in C:\Users\hallam\Work\mmm\Libraries\Goedel.Command\Command.cs:line 224&#xD;
   at Goedel.Command.CommandLineInterpreterBase.Dispatcher(SortedDictionary`2 Entries, DescribeCommandEntry DefaultCommand, DispatchShell Dispatch, String[] Args, Int32 Index) in C:\Users\hallam\Work\mmm\Libraries\Goedel.Command\Command.cs:line 228&#xD;
   at Goedel.Mesh.Test.TestCLI.Dispatch(String command, Boolean fail) in C:\Users\hallam\Work\mmm\Testing\Goedel.Mesh.Test\TestShell.cs:line 241&#xD;
   at Goedel.XUnit.ShellTests.Dispatch(String command, Boolean fail) in C:\Users\hallam\Work\mmm\Testing\Goedel.Mesh.Shell.Test-xunit\Base.cs:line 159&#xD;
   at Goedel.XUnit.ShellTests.CreateAccount(String account) in C:\Users\hallam\Work\mmm\Testing\Goedel.Mesh.Shell.Test-xunit\Base.cs:line 162&#xD;
   at Goedel.XUnit.ShellTests.TestFileSignEncrypt() in C:\Users\hallam\Work\mmm\Testing\Goedel.Mesh.Shell.Test-xunit\TestDare.cs:line 72</StackTrace>
        </ErrorInfo>
      </Output>
    </UnitTestResult>
    <UnitTestResult executionId="c0931078-581b-429f-9dbf-3eb4ae84df69" testId="81dbd27e-f7eb-32b1-5b50-0cf51573d50f" testName="Goedel.XUnit.TestGoedelCryptography.TestHMAC_4231_Separate" computerName="VOODOO" duration="00:00:00.0015631" startTime="2021-12-02T13:55:11.3915025-05:00" endTime="2021-12-02T13:55:11.3915026-05:00" testType="13cdc9d9-ddb5-4fa4-a97d-d965ccfc6d4b" outcome="Passed" testListId="8c84fa94-04c1-424b-9868-57a2d4851a1d" relativeResultsDirectory="c0931078-581b-429f-9dbf-3eb4ae84df69" />
    <UnitTestResult executionId="739fe4e7-3b4c-412b-b474-0650d14c8d1d" testId="f0f873c6-559d-adc0-2b1a-f0f66034cfef" testName="Goedel.XUnit.TestDigests.TestSHA_Stream(Message: &quot;&quot;, Repeat: 1, TestData: [TestVector { Digest = [...], ID = NULL }, TestVector { Digest = [...], ID = NULL }, TestVector { Digest = [...], ID = SHA_2_256 }, TestVector { Digest = [...], ID = NULL }, TestVector { Digest = [...], ID = SHA_2_512 }, ...])" computerName="VOODOO" duration="00:00:00.0001211" startTime="2021-12-02T13:54:13.6176366-05:00" endTime="2021-12-02T13:54:13.6176367-05:00" testType="13cdc9d9-ddb5-4fa4-a97d-d965ccfc6d4b" outcome="Passed" testListId="8c84fa94-04c1-424b-9868-57a2d4851a1d" relativeResultsDirectory="739fe4e7-3b4c-412b-b474-0650d14c8d1d" />
    <UnitTestResult executionId="50ee7890-e969-49d4-a567-5ab3966500d9" testId="b737fe06-d8fc-92fd-5280-a8e1601ec2d8" testName="Goedel.XUnit.TestAsymmetric.TestRFC8032(Test: TestVectorAsymmetric { Algorithm = EdDSA, Context = null, ContextData = null, Message = &quot;\r\n   08b8b2b733424243760fe426a4b54908\r\n   6321&quot;..., MessageData = [8, 184, 178, 183, 51, ...], ... })" computerName="VOODOO" duration="00:00:00.0856413" startTime="2021-12-02T13:54:13.9542538-05:00" endTime="2021-12-02T13:54:13.9542541-05:00" testType="13cdc9d9-ddb5-4fa4-a97d-d965ccfc6d4b" outcome="Passed" testListId="8c84fa94-04c1-424b-9868-57a2d4851a1d" relativeResultsDirectory="50ee7890-e969-49d4-a567-5ab3966500d9" />
    <UnitTestResult executionId="bae0021b-83bd-4384-b9a9-0813379e0414" testId="d8a84aa0-792e-a7a2-091e-013fa22fb426" testName="Goedel.XUnit.TestGoedelCryptography.CombineCurveX25519(iterations: 100)" computerName="VOODOO" duration="00:00:00.4496473" startTime="2021-12-02T13:55:23.1411842-05:00" endTime="2021-12-02T13:55:23.1411844-05:00" testType="13cdc9d9-ddb5-4fa4-a97d-d965ccfc6d4b" outcome="Passed" testListId="8c84fa94-04c1-424b-9868-57a2d4851a1d" relativeResultsDirectory="bae0021b-83bd-4384-b9a9-0813379e0414" />
    <UnitTestResult executionId="87e5dd4b-f5c7-4ecd-8ac2-f48c3b31c344" testId="d1a98307-cedb-9fe3-9290-ef334a37bd5e" testName="Goedel.XUnit.GoedelProtocol.TestJSONB" computerName="VOODOO" duration="00:00:00.0003776" startTime="2021-12-02T13:54:16.0943115-05:00" endTime="2021-12-02T13:54:16.0943116-05:00" testType="13cdc9d9-ddb5-4fa4-a97d-d965ccfc6d4b" outcome="Passed" testListId="8c84fa94-04c1-424b-9868-57a2d4851a1d" relativeResultsDirectory="87e5dd4b-f5c7-4ecd-8ac2-f48c3b31c344" />
    <UnitTestResult executionId="36810fe9-3b9e-487d-83ff-d6b659f08ca5" testId="a960cd45-b1cb-fadc-7f98-97a3570b4a0d" testName="Goedel.XUnit.ShellTests.TestConnectRequest" computerName="VOODOO" duration="00:00:01.1472667" startTime="2021-12-02T13:54:42.9568878-05:00" endTime="2021-12-02T13:54:42.9568880-05:00" testType="13cdc9d9-ddb5-4fa4-a97d-d965ccfc6d4b" outcome="Failed" testListId="8c84fa94-04c1-424b-9868-57a2d4851a1d" relativeResultsDirectory="36810fe9-3b9e-487d-83ff-d6b659f08ca5">
      <Output>
        <ErrorInfo>
          <Message>System.NullReferenceException : Object reference not set to an instance of an object.</Message>
          <StackTrace>   at Goedel.Mesh.Server.PublicMeshService..ctor(IMeshMachine meshMachine, ServiceConfiguration serviceConfiguration, HostConfiguration hostConfiguration) in C:\Users\hallam\Work\mmm\Mesh\Goedel.Mesh.Server\MeshDispatch.cs:line 136&#xD;
   at Goedel.Mesh.Test.TestEnvironmentCommon.get_MeshService() in C:\Users\hallam\Work\mmm\Testing\Goedel.Mesh.Test\TestEnvironmentCommon.cs:line 203&#xD;
   at Goedel.Mesh.Test.TestEnvironmentCommon.GetMeshClient(MeshMachineTest meshMachineTest, ICredentialPrivate credential, String serviceId, String accountAddress) in C:\Users\hallam\Work\mmm\Testing\Goedel.Mesh.Test\TestEnvironmentCommon.cs:line 222&#xD;
   at Goedel.Mesh.Test.MeshMachineTest.GetMeshClient(ICredentialPrivate credential, String service, String accountAddress) in C:\Users\hallam\Work\mmm\Testing\Goedel.Mesh.Test\MeshMachineTest.cs:line 88&#xD;
   at Goedel.Mesh.Client.ContextUser.SetService(String accountAddress) in C:\Users\hallam\Work\mmm\Mesh\Goedel.Mesh.Client\ContextUser.cs:line 243&#xD;
   at Goedel.Mesh.Client.MeshHost.ConfigureMesh(String accountAddress, String localName, PrivateKeyUDF accountSeed, ProfileDevice profileDevice, List`1 rights, Boolean create) in C:\Users\hallam\Work\mmm\Mesh\Goedel.Mesh.Client\MeshHost.cs:line 269&#xD;
   at Goedel.Mesh.Shell.Shell.AccountCreate(AccountCreate options) in C:\Users\hallam\Work\mmm\Mesh\Goedel.Mesh.Shell\DispatchAccount.cs:line 68&#xD;
   at Goedel.Mesh.Shell.CommandLineInterpreter.Handle_AccountCreate(DispatchShell DispatchIn, String[] Args, Int32 Index) in C:\Users\hallam\Work\mmm\Mesh\Goedel.Mesh.Shell\meshman.cs:line 520&#xD;
   at Goedel.Command.CommandLineInterpreterBase.Dispatcher(SortedDictionary`2 Entries, DescribeCommandEntry DefaultCommand, DispatchShell Dispatch, String[] Args, Int32 Index) in C:\Users\hallam\Work\mmm\Libraries\Goedel.Command\Command.cs:line 224&#xD;
   at Goedel.Command.CommandLineInterpreterBase.Dispatcher(SortedDictionary`2 Entries, DescribeCommandEntry DefaultCommand, DispatchShell Dispatch, String[] Args, Int32 Index) in C:\Users\hallam\Work\mmm\Libraries\Goedel.Command\Command.cs:line 228&#xD;
   at Goedel.Mesh.Test.TestCLI.ExampleNoCatch(String[] commands) in C:\Users\hallam\Work\mmm\Testing\Goedel.Mesh.Test\TestShell.cs:line 226&#xD;
   at Goedel.XUnit.ShellTests.TestConnectRequest() in C:\Users\hallam\Work\mmm\Testing\Goedel.Mesh.Shell.Test-xunit\TestAccount.cs:line 183</StackTrace>
        </ErrorInfo>
      </Output>
    </UnitTestResult>
    <UnitTestResult executionId="b7a1e2a5-1d9f-41e2-8600-47e7facdbfe6" testId="66f7218a-2777-f999-aa90-95c0d0032575" testName="Goedel.XUnit.TestCryptography.TestDH_Encrypt" computerName="VOODOO" duration="00:00:00.1021725" startTime="2021-12-02T13:55:30.6831311-05:00" endTime="2021-12-02T13:55:30.6831314-05:00" testType="13cdc9d9-ddb5-4fa4-a97d-d965ccfc6d4b" outcome="Passed" testListId="8c84fa94-04c1-424b-9868-57a2d4851a1d" relativeResultsDirectory="b7a1e2a5-1d9f-41e2-8600-47e7facdbfe6" />
    <UnitTestResult executionId="7daa7a6b-0836-47d4-bce2-cb62c972f46d" testId="b737fe06-d8fc-92fd-5280-a8e1601ec2d8" testName="Goedel.XUnit.TestAsymmetric.TestRFC8032(Test: TestVectorAsymmetric { Algorithm = Ed25519ctx, Context = &quot;\r\n   666f6f&quot;, ContextData = [102, 111, 111], Message = &quot;\r\n   f726936d19c800494e3fdaff20b276a8&quot;, MessageData = [247, 38, 147, 109, 25, ...], ... })" computerName="VOODOO" duration="00:00:00.0662923" startTime="2021-12-02T13:54:14.5595784-05:00" endTime="2021-12-02T13:54:14.5595787-05:00" testType="13cdc9d9-ddb5-4fa4-a97d-d965ccfc6d4b" outcome="Passed" testListId="8c84fa94-04c1-424b-9868-57a2d4851a1d" relativeResultsDirectory="7daa7a6b-0836-47d4-bce2-cb62c972f46d" />
    <UnitTestResult executionId="be38e55b-6f16-4484-960a-c06e777c6649" testId="b17366e4-b151-50bf-382e-20bb4c261fe1" testName="Goedel.XUnit.ShellTestsAdmin.TestProfileConnectPin" computerName="VOODOO" duration="00:00:01.9967155" startTime="2021-12-02T13:54:26.6637266-05:00" endTime="2021-12-02T13:54:26.6637268-05:00" testType="13cdc9d9-ddb5-4fa4-a97d-d965ccfc6d4b" outcome="Failed" testListId="8c84fa94-04c1-424b-9868-57a2d4851a1d" relativeResultsDirectory="be38e55b-6f16-4484-960a-c06e777c6649">
      <Output>
        <ErrorInfo>
          <Message>Goedel.Mesh.ServiceAdmin.HostNotFound : Configuration for the host ServiceConfig.json could not be found</Message>
          <StackTrace>   at Goedel.Mesh.ServiceAdmin.Configuration.GetHostConfiguration(String id) in C:\Users\hallam\Work\mmm\Mesh\Goedel.Mesh.ServiceAdmin\ServiceDescription.cs:line 135&#xD;
   at Goedel.Mesh.Shell.Host.Shell.HostStart(HostStart Options) in C:\Users\hallam\Work\mmm\Mesh\Goedel.Mesh.Shell.Host\ShellDispatch.cs:line 156&#xD;
   at Goedel.Mesh.Shell.Host.CommandLineInterpreter.Handle_HostStart(DispatchShell DispatchIn, String[] Args, Int32 Index) in C:\Users\hallam\Work\mmm\Mesh\Goedel.Mesh.Shell.Host\anyhost.cs:line 172&#xD;
   at Goedel.Command.CommandLineInterpreterBase.Dispatcher(SortedDictionary`2 Entries, DescribeCommandEntry DefaultCommand, DispatchShell Dispatch, String[] Args, Int32 Index) in C:\Users\hallam\Work\mmm\Libraries\Goedel.Command\Command.cs:line 224&#xD;
   at Goedel.Mesh.Shell.Host.CommandLineInterpreter.MainMethod(Shell Dispatch, String[] Args) in C:\Users\hallam\Work\mmm\Mesh\Goedel.Mesh.Shell.Host\anyhost.cs:line 161&#xD;
   at Goedel.Mesh.Test.TestEnvironmentRdpShell.Host(String command) in C:\Users\hallam\Work\mmm\Testing\Goedel.Mesh.Test\TestEnvironmentCommon.cs:line 121&#xD;
   at Goedel.Mesh.Test.TestEnvironmentRdpShell.StartService() in C:\Users\hallam\Work\mmm\Testing\Goedel.Mesh.Test\TestEnvironmentCommon.cs:line 90&#xD;
   at Goedel.Mesh.Test.TestEnvironmentRdpShell.GetMeshClient(MeshMachineTest meshMachineTest, ICredentialPrivate credential, String service, String accountAddress) in C:\Users\hallam\Work\mmm\Testing\Goedel.Mesh.Test\TestEnvironmentCommon.cs:line 102&#xD;
   at Goedel.Mesh.Test.MeshMachineTest.GetMeshClient(ICredentialPrivate credential, String service, String accountAddress) in C:\Users\hallam\Work\mmm\Testing\Goedel.Mesh.Test\MeshMachineTest.cs:line 88&#xD;
   at Goedel.Mesh.Client.ContextUser.SetService(String accountAddress) in C:\Users\hallam\Work\mmm\Mesh\Goedel.Mesh.Client\ContextUser.cs:line 243&#xD;
   at Goedel.Mesh.Client.MeshHost.ConfigureMesh(String accountAddress, String localName, PrivateKeyUDF accountSeed, ProfileDevice profileDevice, List`1 rights, Boolean create) in C:\Users\hallam\Work\mmm\Mesh\Goedel.Mesh.Client\MeshHost.cs:line 269&#xD;
   at Goedel.Mesh.Shell.Shell.AccountCreate(AccountCreate options) in C:\Users\hallam\Work\mmm\Mesh\Goedel.Mesh.Shell\DispatchAccount.cs:line 68&#xD;
   at Goedel.Mesh.Shell.CommandLineInterpreter.Handle_AccountCreate(DispatchShell DispatchIn, String[] Args, Int32 Index) in C:\Users\hallam\Work\mmm\Mesh\Goedel.Mesh.Shell\meshman.cs:line 520&#xD;
   at Goedel.Command.CommandLineInterpreterBase.Dispatcher(SortedDictionary`2 Entries, DescribeCommandEntry DefaultCommand, DispatchShell Dispatch, String[] Args, Int32 Index) in C:\Users\hallam\Work\mmm\Libraries\Goedel.Command\Command.cs:line 224&#xD;
   at Goedel.Command.CommandLineInterpreterBase.Dispatcher(SortedDictionary`2 Entries, DescribeCommandEntry DefaultCommand, DispatchShell Dispatch, String[] Args, Int32 Index) in C:\Users\hallam\Work\mmm\Libraries\Goedel.Command\Command.cs:line 228&#xD;
   at Goedel.Mesh.Test.TestCLI.Dispatch(String command, Boolean fail) in C:\Users\hallam\Work\mmm\Testing\Goedel.Mesh.Test\TestShell.cs:line 241&#xD;
   at Goedel.XUnit.ShellTests.TestProfileConnectPin() in C:\Users\hallam\Work\mmm\Testing\Goedel.Mesh.Shell.Test-xunit\TestProfile.cs:line 127</StackTrace>
        </ErrorInfo>
      </Output>
    </UnitTestResult>
    <UnitTestResult executionId="f900ca7f-e27d-4cbc-a7b1-dd174054997b" testId="4547a249-a574-eac8-e99b-91219cfc0488" testName="Goedel.XUnit.TestDare.EnvelopePlaintextFixed" computerName="VOODOO" duration="00:00:00.0001576" startTime="2021-12-02T13:54:22.5786531-05:00" endTime="2021-12-02T13:54:22.5786532-05:00" testType="13cdc9d9-ddb5-4fa4-a97d-d965ccfc6d4b" outcome="Passed" testListId="8c84fa94-04c1-424b-9868-57a2d4851a1d" relativeResultsDirectory="f900ca7f-e27d-4cbc-a7b1-dd174054997b" />
    <UnitTestResult executionId="f3f91c0b-d93c-4d22-bb28-bb77b4402d48" testId="1e7c79a3-e21e-f967-e414-17f12e9860ee" testName="Goedel.XUnit.TestGoedelCryptography.TestSHA_NIST_Streamed" computerName="VOODOO" duration="00:00:00.0007517" startTime="2021-12-02T13:55:23.1427576-05:00" endTime="2021-12-02T13:55:23.1427577-05:00" testType="13cdc9d9-ddb5-4fa4-a97d-d965ccfc6d4b" outcome="Passed" testListId="8c84fa94-04c1-424b-9868-57a2d4851a1d" relativeResultsDirectory="f3f91c0b-d93c-4d22-bb28-bb77b4402d48" />
    <UnitTestResult executionId="08689134-4469-40fc-9bf2-427b9e6af6df" testId="f53a01d7-4f32-2561-5f4b-702b1f11f84a" testName="Goedel.XUnit.TestCryptography.TestDH_Recryption_8" computerName="VOODOO" duration="00:00:00.8314022" startTime="2021-12-02T13:54:43.4314048-05:00" endTime="2021-12-02T13:54:43.4314051-05:00" testType="13cdc9d9-ddb5-4fa4-a97d-d965ccfc6d4b" outcome="Passed" testListId="8c84fa94-04c1-424b-9868-57a2d4851a1d" relativeResultsDirectory="08689134-4469-40fc-9bf2-427b9e6af6df" />
    <UnitTestResult executionId="02dd8b1d-6323-4d4c-8ca0-681fcb86072c" testId="25105fd8-64ee-885a-27e3-c116b6562207" testName="Goedel.XUnit.TestCryptographyJose.RoundTripKeyExportable(cryptoAlgorithmID: Signature)" computerName="VOODOO" duration="00:00:00.5966243" startTime="2021-12-02T13:54:15.4481125-05:00" endTime="2021-12-02T13:54:15.4481127-05:00" testType="13cdc9d9-ddb5-4fa4-a97d-d965ccfc6d4b" outcome="Passed" testListId="8c84fa94-04c1-424b-9868-57a2d4851a1d" relativeResultsDirectory="02dd8b1d-6323-4d4c-8ca0-681fcb86072c" />
    <UnitTestResult executionId="3eb65681-f5ff-4bd5-ab1c-8edfe8ddc57e" testId="a676b0d7-f5cc-4916-14df-4818f23b4f9e" testName="Goedel.XUnit.TestGoedelCryptography.TestDHEd25519Agree" computerName="VOODOO" duration="00:00:00.0183906" startTime="2021-12-02T13:54:34.3379540-05:00" endTime="2021-12-02T13:54:34.3379543-05:00" testType="13cdc9d9-ddb5-4fa4-a97d-d965ccfc6d4b" outcome="Passed" testListId="8c84fa94-04c1-424b-9868-57a2d4851a1d" relativeResultsDirectory="3eb65681-f5ff-4bd5-ab1c-8edfe8ddc57e" />
    <UnitTestResult executionId="76b1b748-0ea9-4e9f-aba8-1d205b94fa87" testId="3cb3be92-7320-d0bc-00fb-a4befa00a815" testName="Goedel.XUnit.TestPlatformWindows.TestKeyRead" computerName="VOODOO" duration="00:00:00.0225140" startTime="2021-12-02T13:54:07.1711728-05:00" endTime="2021-12-02T13:54:07.1711729-05:00" testType="13cdc9d9-ddb5-4fa4-a97d-d965ccfc6d4b" outcome="Passed" testListId="8c84fa94-04c1-424b-9868-57a2d4851a1d" relativeResultsDirectory="76b1b748-0ea9-4e9f-aba8-1d205b94fa87" />
    <UnitTestResult executionId="f242bd60-7a05-4245-8422-030ace75778c" testId="5d0e1866-3198-d4a3-b8c9-001c81d460b5" testName="Goedel.XUnit.TestSplit.TestShares(N: 2, K: 1)" computerName="VOODOO" duration="00:00:00.2079760" startTime="2021-12-02T13:54:13.7260168-05:00" endTime="2021-12-02T13:54:13.7260172-05:00" testType="13cdc9d9-ddb5-4fa4-a97d-d965ccfc6d4b" outcome="Passed" testListId="8c84fa94-04c1-424b-9868-57a2d4851a1d" relativeResultsDirectory="f242bd60-7a05-4245-8422-030ace75778c" />
    <UnitTestResult executionId="f5c29fc4-dcc2-4f05-9462-140dc1bbdf65" testId="aa76c87d-c739-6b60-6850-33a94ad27a23" testName="Goedel.XUnit.TestLifecycle.Test_LifecycleExportable(CryptoAlgorithmID: Ed448, KeySize: 2048)" computerName="VOODOO" duration="00:00:00.1555184" startTime="2021-12-02T13:54:15.3110864-05:00" endTime="2021-12-02T13:54:15.3110866-05:00" testType="13cdc9d9-ddb5-4fa4-a97d-d965ccfc6d4b" outcome="Passed" testListId="8c84fa94-04c1-424b-9868-57a2d4851a1d" relativeResultsDirectory="f5c29fc4-dcc2-4f05-9462-140dc1bbdf65" />
    <UnitTestResult executionId="bec8f642-ff1b-4df0-a267-a8c466846076" testId="43292258-ae15-4312-c1e9-73090b3114a6" testName="Goedel.XUnit.TestService.TestCredentialAccountFails(dataValidity: CorruptSignature)" computerName="VOODOO" duration="00:00:01.1370170" startTime="2021-12-02T13:54:41.3106414-05:00" endTime="2021-12-02T13:54:41.3106417-05:00" testType="13cdc9d9-ddb5-4fa4-a97d-d965ccfc6d4b" outcome="Failed" testListId="8c84fa94-04c1-424b-9868-57a2d4851a1d" relativeResultsDirectory="bec8f642-ff1b-4df0-a267-a8c466846076">
      <Output>
        <ErrorInfo>
          <Message>System.NullReferenceException : Object reference not set to an instance of an object.</Message>
          <StackTrace>   at Goedel.Mesh.Server.PublicMeshService..ctor(IMeshMachine meshMachine, ServiceConfiguration serviceConfiguration, HostConfiguration hostConfiguration) in C:\Users\hallam\Work\mmm\Mesh\Goedel.Mesh.Server\MeshDispatch.cs:line 136&#xD;
   at Goedel.Mesh.Test.TestEnvironmentCommon.get_MeshService() in C:\Users\hallam\Work\mmm\Testing\Goedel.Mesh.Test\TestEnvironmentCommon.cs:line 203&#xD;
   at Goedel.Mesh.Test.TestEnvironmentCommon.GetMeshClient(MeshMachineTest meshMachineTest, ICredentialPrivate credential, String serviceId, String accountAddress) in C:\Users\hallam\Work\mmm\Testing\Goedel.Mesh.Test\TestEnvironmentCommon.cs:line 222&#xD;
   at Goedel.Mesh.Test.MeshMachineTest.GetMeshClient(ICredentialPrivate credential, String service, String accountAddress) in C:\Users\hallam\Work\mmm\Testing\Goedel.Mesh.Test\MeshMachineTest.cs:line 88&#xD;
   at Goedel.Mesh.Client.ContextUser.SetService(String accountAddress) in C:\Users\hallam\Work\mmm\Mesh\Goedel.Mesh.Client\ContextUser.cs:line 243&#xD;
   at Goedel.Mesh.Client.MeshHost.ConfigureMesh(String accountAddress, String localName, PrivateKeyUDF accountSeed, ProfileDevice profileDevice, List`1 rights, Boolean create) in C:\Users\hallam\Work\mmm\Mesh\Goedel.Mesh.Client\MeshHost.cs:line 269&#xD;
   at Goedel.Mesh.Test.MeshMachineTest.GenerateAccountUser(TestEnvironmentCommon testEnvironmentCommon, String machineName, String accountAddress, String localName) in C:\Users\hallam\Work\mmm\Testing\Goedel.Mesh.Test\MeshMachineTest.cs:line 120&#xD;
   at Goedel.XUnit.TestService.TestCredentialAccountFails(DataValidity dataValidity) in C:\Users\hallam\Work\mmm\Testing\Goedel.Mesh.Protocol.Test-xunit\MeshCredential.cs:line 129</StackTrace>
        </ErrorInfo>
      </Output>
    </UnitTestResult>
    <UnitTestResult executionId="dbdb36ea-3721-4b25-b0b5-4c3539305ea5" testId="51152704-ef70-dcbd-1e2c-eaed9060f061" testName="Goedel.XUnit.TestPersist.TestPersistenceStoreCreate" computerName="VOODOO" duration="00:00:00.0642007" startTime="2021-12-02T13:54:16.4205908-05:00" endTime="2021-12-02T13:54:16.4205911-05:00" testType="13cdc9d9-ddb5-4fa4-a97d-d965ccfc6d4b" outcome="Passed" testListId="8c84fa94-04c1-424b-9868-57a2d4851a1d" relativeResultsDirectory="dbdb36ea-3721-4b25-b0b5-4c3539305ea5" />
    <UnitTestResult executionId="f3cade0a-0e5f-4e1e-a491-0b3d61fae362" testId="2d9fafba-2b4d-be58-53a2-e6afd34b0a6c" testName="Goedel.XUnit.TestLifecycle.Test_LifecycleEphemeral(CryptoAlgorithmID: DH, KeySize: 2048)" computerName="VOODOO" duration="00:00:00.4285598" startTime="2021-12-02T13:54:17.4197016-05:00" endTime="2021-12-02T13:54:17.4197018-05:00" testType="13cdc9d9-ddb5-4fa4-a97d-d965ccfc6d4b" outcome="Passed" testListId="8c84fa94-04c1-424b-9868-57a2d4851a1d" relativeResultsDirectory="f3cade0a-0e5f-4e1e-a491-0b3d61fae362" />
    <UnitTestResult executionId="24f4aa94-9a01-48a4-aea2-ceff46767ee4" testId="fdaaa21e-5dc5-7d54-3db5-73408c3b22bd" testName="Goedel.XUnit.ShellTestsAdmin.TestAccountDelete" computerName="VOODOO" duration="00:00:01.6305649" startTime="2021-12-02T13:54:45.5065712-05:00" endTime="2021-12-02T13:54:45.5065713-05:00" testType="13cdc9d9-ddb5-4fa4-a97d-d965ccfc6d4b" outcome="Failed" testListId="8c84fa94-04c1-424b-9868-57a2d4851a1d" relativeResultsDirectory="24f4aa94-9a01-48a4-aea2-ceff46767ee4">
      <Output>
        <ErrorInfo>
          <Message>Goedel.Mesh.ServiceAdmin.HostNotFound : Configuration for the host ServiceConfig.json could not be found</Message>
          <StackTrace>   at Goedel.Mesh.ServiceAdmin.Configuration.GetHostConfiguration(String id) in C:\Users\hallam\Work\mmm\Mesh\Goedel.Mesh.ServiceAdmin\ServiceDescription.cs:line 135&#xD;
   at Goedel.Mesh.Shell.Host.Shell.HostStart(HostStart Options) in C:\Users\hallam\Work\mmm\Mesh\Goedel.Mesh.Shell.Host\ShellDispatch.cs:line 156&#xD;
   at Goedel.Mesh.Shell.Host.CommandLineInterpreter.Handle_HostStart(DispatchShell DispatchIn, String[] Args, Int32 Index) in C:\Users\hallam\Work\mmm\Mesh\Goedel.Mesh.Shell.Host\anyhost.cs:line 172&#xD;
   at Goedel.Command.CommandLineInterpreterBase.Dispatcher(SortedDictionary`2 Entries, DescribeCommandEntry DefaultCommand, DispatchShell Dispatch, String[] Args, Int32 Index) in C:\Users\hallam\Work\mmm\Libraries\Goedel.Command\Command.cs:line 224&#xD;
   at Goedel.Mesh.Shell.Host.CommandLineInterpreter.MainMethod(Shell Dispatch, String[] Args) in C:\Users\hallam\Work\mmm\Mesh\Goedel.Mesh.Shell.Host\anyhost.cs:line 161&#xD;
   at Goedel.Mesh.Test.TestEnvironmentRdpShell.Host(String command) in C:\Users\hallam\Work\mmm\Testing\Goedel.Mesh.Test\TestEnvironmentCommon.cs:line 121&#xD;
   at Goedel.Mesh.Test.TestEnvironmentRdpShell.StartService() in C:\Users\hallam\Work\mmm\Testing\Goedel.Mesh.Test\TestEnvironmentCommon.cs:line 90&#xD;
   at Goedel.Mesh.Test.TestEnvironmentRdpShell.GetMeshClient(MeshMachineTest meshMachineTest, ICredentialPrivate credential, String service, String accountAddress) in C:\Users\hallam\Work\mmm\Testing\Goedel.Mesh.Test\TestEnvironmentCommon.cs:line 102&#xD;
   at Goedel.Mesh.Test.MeshMachineTest.GetMeshClient(ICredentialPrivate credential, String service, String accountAddress) in C:\Users\hallam\Work\mmm\Testing\Goedel.Mesh.Test\MeshMachineTest.cs:line 88&#xD;
   at Goedel.Mesh.Client.ContextUser.SetService(String accountAddress) in C:\Users\hallam\Work\mmm\Mesh\Goedel.Mesh.Client\ContextUser.cs:line 243&#xD;
   at Goedel.Mesh.Client.MeshHost.ConfigureMesh(String accountAddress, String localName, PrivateKeyUDF accountSeed, ProfileDevice profileDevice, List`1 rights, Boolean create) in C:\Users\hallam\Work\mmm\Mesh\Goedel.Mesh.Client\MeshHost.cs:line 269&#xD;
   at Goedel.Mesh.Shell.Shell.AccountCreate(AccountCreate options) in C:\Users\hallam\Work\mmm\Mesh\Goedel.Mesh.Shell\DispatchAccount.cs:line 68&#xD;
   at Goedel.Mesh.Shell.CommandLineInterpreter.Handle_AccountCreate(DispatchShell DispatchIn, String[] Args, Int32 Index) in C:\Users\hallam\Work\mmm\Mesh\Goedel.Mesh.Shell\meshman.cs:line 520&#xD;
   at Goedel.Command.CommandLineInterpreterBase.Dispatcher(SortedDictionary`2 Entries, DescribeCommandEntry DefaultCommand, DispatchShell Dispatch, String[] Args, Int32 Index) in C:\Users\hallam\Work\mmm\Libraries\Goedel.Command\Command.cs:line 224&#xD;
   at Goedel.Command.CommandLineInterpreterBase.Dispatcher(SortedDictionary`2 Entries, DescribeCommandEntry DefaultCommand, DispatchShell Dispatch, String[] Args, Int32 Index) in C:\Users\hallam\Work\mmm\Libraries\Goedel.Command\Command.cs:line 228&#xD;
   at Goedel.Mesh.Test.TestCLI.Dispatch(String command, Boolean fail) in C:\Users\hallam\Work\mmm\Testing\Goedel.Mesh.Test\TestShell.cs:line 241&#xD;
   at Goedel.XUnit.ShellTests.TestAccountDelete() in C:\Users\hallam\Work\mmm\Testing\Goedel.Mesh.Shell.Test-xunit\TestAccount.cs:line 161</StackTrace>
        </ErrorInfo>
      </Output>
    </UnitTestResult>
    <UnitTestResult executionId="55c89fa4-bddf-413e-8a9a-2a89b901badc" testId="a297e343-9f2f-a240-1ec8-81941a1e3452" testName="Goedel.XUnit.TestGoedelCryptography.EncodingTest(iterations: 10, cryptoAlgorithmId: Ed448)" computerName="VOODOO" duration="00:00:00.2036198" startTime="2021-12-02T13:54:34.7698430-05:00" endTime="2021-12-02T13:54:34.7698433-05:00" testType="13cdc9d9-ddb5-4fa4-a97d-d965ccfc6d4b" outcome="Passed" testListId="8c84fa94-04c1-424b-9868-57a2d4851a1d" relativeResultsDirectory="55c89fa4-bddf-413e-8a9a-2a89b901badc" />
    <UnitTestResult executionId="19bab57d-ba17-46d8-ad83-2aa6b1191748" testId="2528e96a-401b-3555-be35-51a4199fc69d" testName="Goedel.XUnit.StoreTests.TestSpoolSingle" computerName="VOODOO" duration="00:00:00.3191753" startTime="2021-12-02T13:54:10.9281139-05:00" endTime="2021-12-02T13:54:10.9281562-05:00" testType="13cdc9d9-ddb5-4fa4-a97d-d965ccfc6d4b" outcome="Passed" testListId="8c84fa94-04c1-424b-9868-57a2d4851a1d" relativeResultsDirectory="19bab57d-ba17-46d8-ad83-2aa6b1191748" />
    <UnitTestResult executionId="74aa1c23-a355-4c51-886b-fdccd64149b7" testId="a8216dc2-08cc-0c77-bd9c-5e517ed0df5e" testName="Goedel.XUnit.TestGoedelCryptography.TestDHEd25519Decode" computerName="VOODOO" duration="00:00:00.0059128" startTime="2021-12-02T13:54:32.2249086-05:00" endTime="2021-12-02T13:54:32.2249089-05:00" testType="13cdc9d9-ddb5-4fa4-a97d-d965ccfc6d4b" outcome="Passed" testListId="8c84fa94-04c1-424b-9868-57a2d4851a1d" relativeResultsDirectory="74aa1c23-a355-4c51-886b-fdccd64149b7" />
    <UnitTestResult executionId="5da68a3a-d3ee-41e1-b106-14e3e5113bbb" testId="83b7a20c-356e-697e-bda5-693be1668d93" testName="Goedel.XUnit.ShellTests.TestProfileNetwork" computerName="VOODOO" duration="00:00:01.1265666" startTime="2021-12-02T13:54:26.8323243-05:00" endTime="2021-12-02T13:54:26.8323245-05:00" testType="13cdc9d9-ddb5-4fa4-a97d-d965ccfc6d4b" outcome="Failed" testListId="8c84fa94-04c1-424b-9868-57a2d4851a1d" relativeResultsDirectory="5da68a3a-d3ee-41e1-b106-14e3e5113bbb">
      <Output>
        <ErrorInfo>
          <Message>System.NullReferenceException : Object reference not set to an instance of an object.</Message>
          <StackTrace>   at Goedel.Mesh.Server.PublicMeshService..ctor(IMeshMachine meshMachine, ServiceConfiguration serviceConfiguration, HostConfiguration hostConfiguration) in C:\Users\hallam\Work\mmm\Mesh\Goedel.Mesh.Server\MeshDispatch.cs:line 136&#xD;
   at Goedel.Mesh.Test.TestEnvironmentCommon.get_MeshService() in C:\Users\hallam\Work\mmm\Testing\Goedel.Mesh.Test\TestEnvironmentCommon.cs:line 203&#xD;
   at Goedel.Mesh.Test.TestEnvironmentCommon.GetMeshClient(MeshMachineTest meshMachineTest, ICredentialPrivate credential, String serviceId, String accountAddress) in C:\Users\hallam\Work\mmm\Testing\Goedel.Mesh.Test\TestEnvironmentCommon.cs:line 222&#xD;
   at Goedel.Mesh.Test.MeshMachineTest.GetMeshClient(ICredentialPrivate credential, String service, String accountAddress) in C:\Users\hallam\Work\mmm\Testing\Goedel.Mesh.Test\MeshMachineTest.cs:line 88&#xD;
   at Goedel.Mesh.Client.ContextUser.SetService(String accountAddress) in C:\Users\hallam\Work\mmm\Mesh\Goedel.Mesh.Client\ContextUser.cs:line 243&#xD;
   at Goedel.Mesh.Client.MeshHost.ConfigureMesh(String accountAddress, String localName, PrivateKeyUDF accountSeed, ProfileDevice profileDevice, List`1 rights, Boolean create) in C:\Users\hallam\Work\mmm\Mesh\Goedel.Mesh.Client\MeshHost.cs:line 269&#xD;
   at Goedel.Mesh.Shell.Shell.AccountCreate(AccountCreate options) in C:\Users\hallam\Work\mmm\Mesh\Goedel.Mesh.Shell\DispatchAccount.cs:line 68&#xD;
   at Goedel.Mesh.Shell.CommandLineInterpreter.Handle_AccountCreate(DispatchShell DispatchIn, String[] Args, Int32 Index) in C:\Users\hallam\Work\mmm\Mesh\Goedel.Mesh.Shell\meshman.cs:line 520&#xD;
   at Goedel.Command.CommandLineInterpreterBase.Dispatcher(SortedDictionary`2 Entries, DescribeCommandEntry DefaultCommand, DispatchShell Dispatch, String[] Args, Int32 Index) in C:\Users\hallam\Work\mmm\Libraries\Goedel.Command\Command.cs:line 224&#xD;
   at Goedel.Command.CommandLineInterpreterBase.Dispatcher(SortedDictionary`2 Entries, DescribeCommandEntry DefaultCommand, DispatchShell Dispatch, String[] Args, Int32 Index) in C:\Users\hallam\Work\mmm\Libraries\Goedel.Command\Command.cs:line 228&#xD;
   at Goedel.Mesh.Test.TestCLI.Dispatch(String command, Boolean fail) in C:\Users\hallam\Work\mmm\Testing\Goedel.Mesh.Test\TestShell.cs:line 241&#xD;
   at Goedel.XUnit.ShellTests.Dispatch(String command, Boolean fail) in C:\Users\hallam\Work\mmm\Testing\Goedel.Mesh.Shell.Test-xunit\Base.cs:line 159&#xD;
   at Goedel.XUnit.ShellTests.CreateAccount(String account) in C:\Users\hallam\Work\mmm\Testing\Goedel.Mesh.Shell.Test-xunit\Base.cs:line 162&#xD;
   at Goedel.XUnit.ShellTests.TestProfileNetwork() in C:\Users\hallam\Work\mmm\Testing\Goedel.Mesh.Shell.Test-xunit\TestCatalog.cs:line 239</StackTrace>
        </ErrorInfo>
      </Output>
    </UnitTestResult>
    <UnitTestResult executionId="2568f71b-d204-48ee-8c8e-23d4570c208f" testId="82ebbc6e-c519-fa17-39d2-85a6e75251ac" testName="Goedel.XUnit.GoedelProtocol.TestArray" computerName="VOODOO" duration="00:00:00.0001146" startTime="2021-12-02T13:54:16.0983333-05:00" endTime="2021-12-02T13:54:16.0983334-05:00" testType="13cdc9d9-ddb5-4fa4-a97d-d965ccfc6d4b" outcome="Passed" testListId="8c84fa94-04c1-424b-9868-57a2d4851a1d" relativeResultsDirectory="2568f71b-d204-48ee-8c8e-23d4570c208f" />
    <UnitTestResult executionId="81eed7bb-5e72-4036-b167-5295afc05437" testId="3ef93204-9f9a-a3f3-8202-5e896c5ccb45" testName="Goedel.XUnit.GoedelProtocol.TestEncodeDecode(First: {&#xA;  &quot;FieldBoolean&quot;: true,&#xA;  &quot;FieldInteger&quot;: 1,&#xA;  &quot;FieldDateTime&quot;: &quot;2021-12-02T13:54:15Z&quot;,&#xA;  &quot;FieldString&quot;: &quot;This is a test&quot;,&#xA;  &quot;FieldBinary&quot;: &quot;AAECAwQ&quot;,&#xA;  &quot;ArrayBoolean&quot;: [true,&#xA;    false,&#xA;    true,&#xA;    false],&#xA;  &quot;ArrayInteger&quot;: [0,&#xA;    2,&#xA;    4,&#xA;    8],&#xA;  &quot;ArrayDateTime&quot;: [&quot;2021-12-02T13:54:15Z&quot;],&#xA;  &quot;ArrayString&quot;: [&quot;Alice&quot;,&#xA;    &quot;Bob&quot;,&#xA;    &quot;Carol&quot;],&#xA;  &quot;ArrayBinary&quot;: [&quot;T25l&quot;,&#xA;    &quot;VHdv&quot;]}, DataEncoding: JSON, ReaderFactory: JSONReaderFactoryDelegate { Method = Goedel.Protocol.JsonReader JsonReaderFactoryByte(Byte[]), Target = null })" computerName="VOODOO" duration="00:00:00.0001209" startTime="2021-12-02T13:54:16.0710917-05:00" endTime="2021-12-02T13:54:16.0710918-05:00" testType="13cdc9d9-ddb5-4fa4-a97d-d965ccfc6d4b" outcome="Passed" testListId="8c84fa94-04c1-424b-9868-57a2d4851a1d" relativeResultsDirectory="81eed7bb-5e72-4036-b167-5295afc05437" />
    <UnitTestResult executionId="dd80158f-7bbc-4fbb-adf5-345336aed580" testId="3bc43295-b01e-3113-6938-02992c222c79" testName="Goedel.XUnit.TestGoedelCryptography.Ed448RecoverX" computerName="VOODOO" duration="00:00:00.0015218" startTime="2021-12-02T13:55:22.5032054-05:00" endTime="2021-12-02T13:55:22.5032055-05:00" testType="13cdc9d9-ddb5-4fa4-a97d-d965ccfc6d4b" outcome="Passed" testListId="8c84fa94-04c1-424b-9868-57a2d4851a1d" relativeResultsDirectory="dd80158f-7bbc-4fbb-adf5-345336aed580" />
    <UnitTestResult executionId="8470dd11-495c-40e7-8363-ad708424ee1c" testId="cc82a702-eefc-aa40-c8d2-a8a2933922aa" testName="Goedel.XUnit.ShellTests.TestEscrowDeleteDevice" computerName="VOODOO" duration="00:00:00.9013831" startTime="2021-12-02T13:54:36.8172619-05:00" endTime="2021-12-02T13:54:36.8172621-05:00" testType="13cdc9d9-ddb5-4fa4-a97d-d965ccfc6d4b" outcome="Failed" testListId="8c84fa94-04c1-424b-9868-57a2d4851a1d" relativeResultsDirectory="8470dd11-495c-40e7-8363-ad708424ee1c">
      <Output>
        <ErrorInfo>
          <Message>System.NullReferenceException : Object reference not set to an instance of an object.</Message>
          <StackTrace>   at Goedel.XUnit.ShellTests.TestEscrowDeleteDevice() in C:\Users\hallam\Work\mmm\Testing\Goedel.Mesh.Shell.Test-xunit\TestAccount.cs:line 118</StackTrace>
        </ErrorInfo>
      </Output>
    </UnitTestResult>
    <UnitTestResult executionId="020fff0b-1ed7-4c08-848b-b1f13a687114" testId="dc113dbe-8f82-95c4-eda2-f8a0296eaa6e" testName="Goedel.XUnit.TestDareArchive.TestArchive0" computerName="VOODOO" duration="00:00:00.0136723" startTime="2021-12-02T13:54:16.5475636-05:00" endTime="2021-12-02T13:54:16.5475637-05:00" testType="13cdc9d9-ddb5-4fa4-a97d-d965ccfc6d4b" outcome="Passed" testListId="8c84fa94-04c1-424b-9868-57a2d4851a1d" relativeResultsDirectory="020fff0b-1ed7-4c08-848b-b1f13a687114" />
    <UnitTestResult executionId="a8126fe6-1f04-4c03-a2cb-6eb02f5c1a59" testId="c7a7e530-c845-cf8c-0887-001c7fe0e2fc" testName="Goedel.XUnit.ShellTests.TestFileEncrypt" computerName="VOODOO" duration="00:00:01.3560536" startTime="2021-12-02T13:54:23.2205644-05:00" endTime="2021-12-02T13:54:23.2205647-05:00" testType="13cdc9d9-ddb5-4fa4-a97d-d965ccfc6d4b" outcome="Failed" testListId="8c84fa94-04c1-424b-9868-57a2d4851a1d" relativeResultsDirectory="a8126fe6-1f04-4c03-a2cb-6eb02f5c1a59">
      <Output>
        <ErrorInfo>
          <Message>System.NullReferenceException : Object reference not set to an instance of an object.</Message>
          <StackTrace>   at Goedel.Mesh.Server.PublicMeshService..ctor(IMeshMachine meshMachine, ServiceConfiguration serviceConfiguration, HostConfiguration hostConfiguration) in C:\Users\hallam\Work\mmm\Mesh\Goedel.Mesh.Server\MeshDispatch.cs:line 136&#xD;
   at Goedel.Mesh.Test.TestEnvironmentCommon.get_MeshService() in C:\Users\hallam\Work\mmm\Testing\Goedel.Mesh.Test\TestEnvironmentCommon.cs:line 203&#xD;
   at Goedel.Mesh.Test.TestEnvironmentCommon.GetMeshClient(MeshMachineTest meshMachineTest, ICredentialPrivate credential, String serviceId, String accountAddress) in C:\Users\hallam\Work\mmm\Testing\Goedel.Mesh.Test\TestEnvironmentCommon.cs:line 222&#xD;
   at Goedel.Mesh.Test.MeshMachineTest.GetMeshClient(ICredentialPrivate credential, String service, String accountAddress) in C:\Users\hallam\Work\mmm\Testing\Goedel.Mesh.Test\MeshMachineTest.cs:line 88&#xD;
   at Goedel.Mesh.Client.ContextUser.SetService(String accountAddress) in C:\Users\hallam\Work\mmm\Mesh\Goedel.Mesh.Client\ContextUser.cs:line 243&#xD;
   at Goedel.Mesh.Client.MeshHost.ConfigureMesh(String accountAddress, String localName, PrivateKeyUDF accountSeed, ProfileDevice profileDevice, List`1 rights, Boolean create) in C:\Users\hallam\Work\mmm\Mesh\Goedel.Mesh.Client\MeshHost.cs:line 269&#xD;
   at Goedel.Mesh.Shell.Shell.AccountCreate(AccountCreate options) in C:\Users\hallam\Work\mmm\Mesh\Goedel.Mesh.Shell\DispatchAccount.cs:line 68&#xD;
   at Goedel.Mesh.Shell.CommandLineInterpreter.Handle_AccountCreate(DispatchShell DispatchIn, String[] Args, Int32 Index) in C:\Users\hallam\Work\mmm\Mesh\Goedel.Mesh.Shell\meshman.cs:line 520&#xD;
   at Goedel.Command.CommandLineInterpreterBase.Dispatcher(SortedDictionary`2 Entries, DescribeCommandEntry DefaultCommand, DispatchShell Dispatch, String[] Args, Int32 Index) in C:\Users\hallam\Work\mmm\Libraries\Goedel.Command\Command.cs:line 224&#xD;
   at Goedel.Command.CommandLineInterpreterBase.Dispatcher(SortedDictionary`2 Entries, DescribeCommandEntry DefaultCommand, DispatchShell Dispatch, String[] Args, Int32 Index) in C:\Users\hallam\Work\mmm\Libraries\Goedel.Command\Command.cs:line 228&#xD;
   at Goedel.Mesh.Test.TestCLI.Dispatch(String command, Boolean fail) in C:\Users\hallam\Work\mmm\Testing\Goedel.Mesh.Test\TestShell.cs:line 241&#xD;
   at Goedel.XUnit.ShellTests.Dispatch(String command, Boolean fail) in C:\Users\hallam\Work\mmm\Testing\Goedel.Mesh.Shell.Test-xunit\Base.cs:line 159&#xD;
   at Goedel.XUnit.ShellTests.CreateAccount(String account) in C:\Users\hallam\Work\mmm\Testing\Goedel.Mesh.Shell.Test-xunit\Base.cs:line 162&#xD;
   at Goedel.XUnit.ShellTests.TestFileEncrypt() in C:\Users\hallam\Work\mmm\Testing\Goedel.Mesh.Shell.Test-xunit\TestDare.cs:line 53</StackTrace>
        </ErrorInfo>
      </Output>
    </UnitTestResult>
    <UnitTestResult executionId="3d41a1e3-90c0-4fe8-9ba4-273107838c2a" testId="3ef93204-9f9a-a3f3-8202-5e896c5ccb45" testName="Goedel.XUnit.GoedelProtocol.TestEncodeDecode(First: {&#xA;  &quot;FieldBoolean&quot;: true,&#xA;  &quot;FieldInteger&quot;: 1,&#xA;  &quot;FieldDateTime&quot;: &quot;2021-12-02T13:54:15Z&quot;,&#xA;  &quot;FieldString&quot;: &quot;This is a test&quot;,&#xA;  &quot;FieldBinary&quot;: &quot;AAECAwQ&quot;,&#xA;  &quot;ArrayBoolean&quot;: [true,&#xA;    false,&#xA;    true,&#xA;    false],&#xA;  &quot;ArrayInteger&quot;: [0,&#xA;    2,&#xA;    4,&#xA;    8],&#xA;  &quot;ArrayDateTime&quot;: [&quot;2021-12-02T13:54:15Z&quot;],&#xA;  &quot;ArrayString&quot;: [&quot;Alice&quot;,&#xA;    &quot;Bob&quot;,&#xA;    &quot;Carol&quot;],&#xA;  &quot;ArrayBinary&quot;: [&quot;T25l&quot;,&#xA;    &quot;VHdv&quot;],&#xA;  &quot;FieldMultiInstance&quot;: {&#xA;    &quot;FieldBoolean&quot;: true,&#xA;    &quot;FieldInteger&quot;: 1,&#xA;    &quot;FieldDateTime&quot;: &quot;2021-12-02T13:54:15Z&quot;,&#xA;    &quot;FieldString&quot;: &quot;This is a test&quot;,&#xA;    &quot;FieldBinary&quot;: &quot;AAECAwQ&quot;},&#xA;  &quot;ArrayMultiInstance&quot;: [{&#xA;      &quot;FieldBoolean&quot;: true,&#xA;      &quot;FieldInteger&quot;: 1,&#xA;      &quot;FieldDateTime&quot;: &quot;2021-12-02T13:54:15Z&quot;,&#xA;      &quot;FieldString&quot;: &quot;This is a test&quot;,&#xA;      &quot;FieldBinary&quot;: &quot;AAECAwQ&quot;},&#xA;    {&#xA;      &quot;FieldBoolean&quot;: true,&#xA;      &quot;FieldInteger&quot;: 1,&#xA;      &quot;FieldDateTime&quot;: &quot;2021-12-02T13:54:15Z&quot;,&#xA;      &quot;FieldString&quot;: &quot;This is a test&quot;,&#xA;      &quot;FieldBinary&quot;: &quot;AAECAwQ&quot;}],&#xA;  &quot;TFieldMultiInstance&quot;: {&#xA;    &quot;MultiArray&quot;: {&#xA;      &quot;FieldBoolean&quot;: true,&#xA;      &quot;FieldInteger&quot;: 1,&#xA;      &quot;FieldDateTime&quot;: &quot;2021-12-02T13:54:15Z&quot;,&#xA;      &quot;FieldString&quot;: &quot;This is a test&quot;,&#xA;      &quot;FieldBinary&quot;: &quot;AAECAwQ&quot;,&#xA;      &quot;ArrayBoolean&quot;: [true,&#xA;        false,&#xA;        true,&#xA;        false]}},&#xA;  &quot;TArrayMultiInstance&quot;: [{&#xA;      &quot;MultiInstance&quot;: {&#xA;        &quot;FieldBoolean&quot;: true,&#xA;        &quot;FieldInteger&quot;: 1,&#xA;        &quot;FieldDateTime&quot;: &quot;2021-12-02T13:54:15Z&quot;,&#xA;        &quot;FieldString&quot;: &quot;This is a test&quot;,&#xA;        &quot;FieldBinary&quot;: &quot;AAECAwQ&quot;}},&#xA;    {&#xA;      &quot;MultiInstance&quot;: {&#xA;        &quot;FieldBoolean&quot;: true,&#xA;        &quot;FieldInteger&quot;: 1,&#xA;        &quot;FieldDateTime&quot;: &quot;2021-12-02T13:54:15Z&quot;,&#xA;        &quot;FieldString&quot;: &quot;This is a test&quot;,&#xA;        &quot;FieldBinary&quot;: &quot;AAECAwQ&quot;}},&#xA;    {&#xA;      &quot;MultiArray&quot;: {&#xA;        &quot;FieldBoolean&quot;: true,&#xA;        &quot;FieldInteger&quot;: 1,&#xA;        &quot;FieldDateTime&quot;: &quot;2021-12-02T13:54:15Z&quot;,&#xA;        &quot;FieldString&quot;: &quot;This is a test&quot;,&#xA;        &quot;FieldBinary&quot;: &quot;AAECAwQ&quot;,&#xA;        &quot;ArrayBoolean&quot;: [true,&#xA;          false,&#xA;          true,&#xA;          false]}}]}, DataEncoding: JSON_B, ReaderFactory: JSONReaderFactoryDelegate { Method = Goedel.Protocol.JsonReader ReaderFactoryMethod(Byte[]), Target = null })" computerName="VOODOO" duration="00:00:00.0001427" startTime="2021-12-02T13:54:16.0721211-05:00" endTime="2021-12-02T13:54:16.0721212-05:00" testType="13cdc9d9-ddb5-4fa4-a97d-d965ccfc6d4b" outcome="Passed" testListId="8c84fa94-04c1-424b-9868-57a2d4851a1d" relativeResultsDirectory="3d41a1e3-90c0-4fe8-9ba4-273107838c2a" />
    <UnitTestResult executionId="991a3060-8a17-4648-91dd-1bde5de152f5" testId="b1e99408-4481-0f46-a2ee-1a39680eb9b8" testName="Goedel.XUnit.ShellTestsAdmin.TestProfileConnectPinReused" computerName="VOODOO" duration="00:00:01.6019276" startTime="2021-12-02T13:54:54.0706169-05:00" endTime="2021-12-02T13:54:54.0706169-05:00" testType="13cdc9d9-ddb5-4fa4-a97d-d965ccfc6d4b" outcome="Failed" testListId="8c84fa94-04c1-424b-9868-57a2d4851a1d" relativeResultsDirectory="991a3060-8a17-4648-91dd-1bde5de152f5">
      <Output>
        <ErrorInfo>
          <Message>Goedel.Mesh.ServiceAdmin.HostNotFound : Configuration for the host ServiceConfig.json could not be found</Message>
          <StackTrace>   at Goedel.Mesh.ServiceAdmin.Configuration.GetHostConfiguration(String id) in C:\Users\hallam\Work\mmm\Mesh\Goedel.Mesh.ServiceAdmin\ServiceDescription.cs:line 135&#xD;
   at Goedel.Mesh.Shell.Host.Shell.HostStart(HostStart Options) in C:\Users\hallam\Work\mmm\Mesh\Goedel.Mesh.Shell.Host\ShellDispatch.cs:line 156&#xD;
   at Goedel.Mesh.Shell.Host.CommandLineInterpreter.Handle_HostStart(DispatchShell DispatchIn, String[] Args, Int32 Index) in C:\Users\hallam\Work\mmm\Mesh\Goedel.Mesh.Shell.Host\anyhost.cs:line 172&#xD;
   at Goedel.Command.CommandLineInterpreterBase.Dispatcher(SortedDictionary`2 Entries, DescribeCommandEntry DefaultCommand, DispatchShell Dispatch, String[] Args, Int32 Index) in C:\Users\hallam\Work\mmm\Libraries\Goedel.Command\Command.cs:line 224&#xD;
   at Goedel.Mesh.Shell.Host.CommandLineInterpreter.MainMethod(Shell Dispatch, String[] Args) in C:\Users\hallam\Work\mmm\Mesh\Goedel.Mesh.Shell.Host\anyhost.cs:line 161&#xD;
   at Goedel.Mesh.Test.TestEnvironmentRdpShell.Host(String command) in C:\Users\hallam\Work\mmm\Testing\Goedel.Mesh.Test\TestEnvironmentCommon.cs:line 121&#xD;
   at Goedel.Mesh.Test.TestEnvironmentRdpShell.StartService() in C:\Users\hallam\Work\mmm\Testing\Goedel.Mesh.Test\TestEnvironmentCommon.cs:line 90&#xD;
   at Goedel.Mesh.Test.TestEnvironmentRdpShell.GetMeshClient(MeshMachineTest meshMachineTest, ICredentialPrivate credential, String service, String accountAddress) in C:\Users\hallam\Work\mmm\Testing\Goedel.Mesh.Test\TestEnvironmentCommon.cs:line 102&#xD;
   at Goedel.Mesh.Test.MeshMachineTest.GetMeshClient(ICredentialPrivate credential, String service, String accountAddress) in C:\Users\hallam\Work\mmm\Testing\Goedel.Mesh.Test\MeshMachineTest.cs:line 88&#xD;
   at Goedel.Mesh.Client.ContextUser.SetService(String accountAddress) in C:\Users\hallam\Work\mmm\Mesh\Goedel.Mesh.Client\ContextUser.cs:line 243&#xD;
   at Goedel.Mesh.Client.MeshHost.ConfigureMesh(String accountAddress, String localName, PrivateKeyUDF accountSeed, ProfileDevice profileDevice, List`1 rights, Boolean create) in C:\Users\hallam\Work\mmm\Mesh\Goedel.Mesh.Client\MeshHost.cs:line 269&#xD;
   at Goedel.Mesh.Shell.Shell.AccountCreate(AccountCreate options) in C:\Users\hallam\Work\mmm\Mesh\Goedel.Mesh.Shell\DispatchAccount.cs:line 68&#xD;
   at Goedel.Mesh.Shell.CommandLineInterpreter.Handle_AccountCreate(DispatchShell DispatchIn, String[] Args, Int32 Index) in C:\Users\hallam\Work\mmm\Mesh\Goedel.Mesh.Shell\meshman.cs:line 520&#xD;
   at Goedel.Command.CommandLineInterpreterBase.Dispatcher(SortedDictionary`2 Entries, DescribeCommandEntry DefaultCommand, DispatchShell Dispatch, String[] Args, Int32 Index) in C:\Users\hallam\Work\mmm\Libraries\Goedel.Command\Command.cs:line 224&#xD;
   at Goedel.Command.CommandLineInterpreterBase.Dispatcher(SortedDictionary`2 Entries, DescribeCommandEntry DefaultCommand, DispatchShell Dispatch, String[] Args, Int32 Index) in C:\Users\hallam\Work\mmm\Libraries\Goedel.Command\Command.cs:line 228&#xD;
   at Goedel.Mesh.Test.TestCLI.Dispatch(String command, Boolean fail) in C:\Users\hallam\Work\mmm\Testing\Goedel.Mesh.Test\TestShell.cs:line 241&#xD;
   at Goedel.XUnit.ShellTests.TestProfileConnectPinReused() in C:\Users\hallam\Work\mmm\Testing\Goedel.Mesh.Shell.Test-xunit\TestProfile.cs:line 193</StackTrace>
        </ErrorInfo>
      </Output>
    </UnitTestResult>
    <UnitTestResult executionId="e7fd40b0-a1d3-49c9-9d67-330573f8c1f1" testId="86212397-557e-a100-878b-32aa9900f10d" testName="Goedel.XUnit.TestGoedelCryptography.X448SignedMultiply(totalIn: 1000, partIn: 50)" computerName="VOODOO" duration="00:00:00.0373623" startTime="2021-12-02T13:54:34.4286197-05:00" endTime="2021-12-02T13:54:34.4286200-05:00" testType="13cdc9d9-ddb5-4fa4-a97d-d965ccfc6d4b" outcome="Passed" testListId="8c84fa94-04c1-424b-9868-57a2d4851a1d" relativeResultsDirectory="e7fd40b0-a1d3-49c9-9d67-330573f8c1f1" />
    <UnitTestResult executionId="2d8528c3-d4a4-477a-92c1-bdc9517b7091" testId="c7a6d154-2d89-0534-49ab-318600d456be" testName="Goedel.XUnit.ShellTestsAdmin.TestKey(bits: 128)" computerName="VOODOO" duration="00:00:00.0207105" startTime="2021-12-02T13:54:10.5210217-05:00" endTime="2021-12-02T13:54:10.5210219-05:00" testType="13cdc9d9-ddb5-4fa4-a97d-d965ccfc6d4b" outcome="Passed" testListId="8c84fa94-04c1-424b-9868-57a2d4851a1d" relativeResultsDirectory="2d8528c3-d4a4-477a-92c1-bdc9517b7091" />
    <UnitTestResult executionId="c592ce34-091d-4e6c-9a5c-3427cf329918" testId="d76dfb1e-1500-6f3b-e812-25bc3796f460" testName="Goedel.XUnit.TestLifecycle.Test_LifecycleDevice(CryptoAlgorithmID: DH, KeySize: 2048)" computerName="VOODOO" duration="00:00:00.3924715" startTime="2021-12-02T13:54:14.1966379-05:00" endTime="2021-12-02T13:54:14.1966381-05:00" testType="13cdc9d9-ddb5-4fa4-a97d-d965ccfc6d4b" outcome="Passed" testListId="8c84fa94-04c1-424b-9868-57a2d4851a1d" relativeResultsDirectory="c592ce34-091d-4e6c-9a5c-3427cf329918" />
    <UnitTestResult executionId="3b5b99d0-a3a8-4bf0-88fb-cb4757842d2f" testId="b737fe06-d8fc-92fd-5280-a8e1601ec2d8" testName="Goedel.XUnit.TestAsymmetric.TestRFC8032(Test: TestVectorAsymmetric { Algorithm = Ed448ph, Context = &quot;\r\n   666f6f&quot;, ContextData = [102, 111, 111], Message = &quot;\r\n   616263&quot;, MessageData = [97, 98, 99], ... })" computerName="VOODOO" duration="00:00:00.2932558" startTime="2021-12-02T13:54:18.6427310-05:00" endTime="2021-12-02T13:54:18.6427312-05:00" testType="13cdc9d9-ddb5-4fa4-a97d-d965ccfc6d4b" outcome="Passed" testListId="8c84fa94-04c1-424b-9868-57a2d4851a1d" relativeResultsDirectory="3b5b99d0-a3a8-4bf0-88fb-cb4757842d2f" />
    <UnitTestResult executionId="473193e1-1896-45a5-b5f3-a85f011616cf" testId="f1f747fc-8dbc-9745-a7be-bb414bba91d3" testName="Goedel.XUnit.TestService.MeshDeviceConnectPIN" computerName="VOODOO" duration="00:00:00.8097598" startTime="2021-12-02T13:54:55.7751088-05:00" endTime="2021-12-02T13:54:55.7751091-05:00" testType="13cdc9d9-ddb5-4fa4-a97d-d965ccfc6d4b" outcome="Failed" testListId="8c84fa94-04c1-424b-9868-57a2d4851a1d" relativeResultsDirectory="473193e1-1896-45a5-b5f3-a85f011616cf">
      <Output>
        <ErrorInfo>
          <Message>System.NullReferenceException : Object reference not set to an instance of an object.</Message>
          <StackTrace>   at Goedel.Mesh.Server.PublicMeshService..ctor(IMeshMachine meshMachine, ServiceConfiguration serviceConfiguration, HostConfiguration hostConfiguration) in C:\Users\hallam\Work\mmm\Mesh\Goedel.Mesh.Server\MeshDispatch.cs:line 136&#xD;
   at Goedel.Mesh.Test.TestEnvironmentCommon.get_MeshService() in C:\Users\hallam\Work\mmm\Testing\Goedel.Mesh.Test\TestEnvironmentCommon.cs:line 203&#xD;
   at Goedel.Mesh.Test.TestEnvironmentCommon.GetMeshClient(MeshMachineTest meshMachineTest, ICredentialPrivate credential, String serviceId, String accountAddress) in C:\Users\hallam\Work\mmm\Testing\Goedel.Mesh.Test\TestEnvironmentCommon.cs:line 222&#xD;
   at Goedel.Mesh.Test.MeshMachineTest.GetMeshClient(ICredentialPrivate credential, String service, String accountAddress) in C:\Users\hallam\Work\mmm\Testing\Goedel.Mesh.Test\MeshMachineTest.cs:line 88&#xD;
   at Goedel.Mesh.Client.ContextUser.SetService(String accountAddress) in C:\Users\hallam\Work\mmm\Mesh\Goedel.Mesh.Client\ContextUser.cs:line 243&#xD;
   at Goedel.Mesh.Client.MeshHost.ConfigureMesh(String accountAddress, String localName, PrivateKeyUDF accountSeed, ProfileDevice profileDevice, List`1 rights, Boolean create) in C:\Users\hallam\Work\mmm\Mesh\Goedel.Mesh.Client\MeshHost.cs:line 269&#xD;
   at Goedel.Mesh.Test.MeshMachineTest.GenerateAccountUser(TestEnvironmentCommon testEnvironmentCommon, String machineName, String accountAddress, String localName) in C:\Users\hallam\Work\mmm\Testing\Goedel.Mesh.Test\MeshMachineTest.cs:line 120&#xD;
   at Goedel.XUnit.TestService.MeshDeviceConnectPIN() in C:\Users\hallam\Work\mmm\Testing\Goedel.Mesh.Protocol.Test-xunit\TestService.cs:line 303</StackTrace>
        </ErrorInfo>
      </Output>
    </UnitTestResult>
    <UnitTestResult executionId="ab61a1eb-3f89-4d2d-9812-2a5124e805ba" testId="260194e8-0351-feab-930e-68880b8c2d5a" testName="Goedel.XUnit.TestSplit.TestKeyShare(bits: 256, hexData: null)" computerName="VOODOO" duration="00:00:00.0000266" startTime="2021-12-02T13:54:13.5887000-05:00" endTime="2021-12-02T13:54:13.5887009-05:00" testType="13cdc9d9-ddb5-4fa4-a97d-d965ccfc6d4b" outcome="Passed" testListId="8c84fa94-04c1-424b-9868-57a2d4851a1d" relativeResultsDirectory="ab61a1eb-3f89-4d2d-9812-2a5124e805ba" />
    <UnitTestResult executionId="d53371af-8010-47fc-b486-eab16b6d45b9" testId="91dd9840-e6da-24c6-5733-230e55ddfa79" testName="Goedel.XUnit.ShellTestsAdmin.TestAccount" computerName="VOODOO" duration="00:00:01.5687634" startTime="2021-12-02T13:54:47.0762324-05:00" endTime="2021-12-02T13:54:47.0762325-05:00" testType="13cdc9d9-ddb5-4fa4-a97d-d965ccfc6d4b" outcome="Failed" testListId="8c84fa94-04c1-424b-9868-57a2d4851a1d" relativeResultsDirectory="d53371af-8010-47fc-b486-eab16b6d45b9">
      <Output>
        <ErrorInfo>
          <Message>Goedel.Mesh.ServiceAdmin.HostNotFound : Configuration for the host ServiceConfig.json could not be found</Message>
          <StackTrace>   at Goedel.Mesh.ServiceAdmin.Configuration.GetHostConfiguration(String id) in C:\Users\hallam\Work\mmm\Mesh\Goedel.Mesh.ServiceAdmin\ServiceDescription.cs:line 135&#xD;
   at Goedel.Mesh.Shell.Host.Shell.HostStart(HostStart Options) in C:\Users\hallam\Work\mmm\Mesh\Goedel.Mesh.Shell.Host\ShellDispatch.cs:line 156&#xD;
   at Goedel.Mesh.Shell.Host.CommandLineInterpreter.Handle_HostStart(DispatchShell DispatchIn, String[] Args, Int32 Index) in C:\Users\hallam\Work\mmm\Mesh\Goedel.Mesh.Shell.Host\anyhost.cs:line 172&#xD;
   at Goedel.Command.CommandLineInterpreterBase.Dispatcher(SortedDictionary`2 Entries, DescribeCommandEntry DefaultCommand, DispatchShell Dispatch, String[] Args, Int32 Index) in C:\Users\hallam\Work\mmm\Libraries\Goedel.Command\Command.cs:line 224&#xD;
   at Goedel.Mesh.Shell.Host.CommandLineInterpreter.MainMethod(Shell Dispatch, String[] Args) in C:\Users\hallam\Work\mmm\Mesh\Goedel.Mesh.Shell.Host\anyhost.cs:line 161&#xD;
   at Goedel.Mesh.Test.TestEnvironmentRdpShell.Host(String command) in C:\Users\hallam\Work\mmm\Testing\Goedel.Mesh.Test\TestEnvironmentCommon.cs:line 121&#xD;
   at Goedel.Mesh.Test.TestEnvironmentRdpShell.StartService() in C:\Users\hallam\Work\mmm\Testing\Goedel.Mesh.Test\TestEnvironmentCommon.cs:line 90&#xD;
   at Goedel.Mesh.Test.TestEnvironmentRdpShell.GetMeshClient(MeshMachineTest meshMachineTest, ICredentialPrivate credential, String service, String accountAddress) in C:\Users\hallam\Work\mmm\Testing\Goedel.Mesh.Test\TestEnvironmentCommon.cs:line 102&#xD;
   at Goedel.Mesh.Test.MeshMachineTest.GetMeshClient(ICredentialPrivate credential, String service, String accountAddress) in C:\Users\hallam\Work\mmm\Testing\Goedel.Mesh.Test\MeshMachineTest.cs:line 88&#xD;
   at Goedel.Mesh.Client.ContextUser.SetService(String accountAddress) in C:\Users\hallam\Work\mmm\Mesh\Goedel.Mesh.Client\ContextUser.cs:line 243&#xD;
   at Goedel.Mesh.Client.MeshHost.ConfigureMesh(String accountAddress, String localName, PrivateKeyUDF accountSeed, ProfileDevice profileDevice, List`1 rights, Boolean create) in C:\Users\hallam\Work\mmm\Mesh\Goedel.Mesh.Client\MeshHost.cs:line 269&#xD;
   at Goedel.Mesh.Shell.Shell.AccountCreate(AccountCreate options) in C:\Users\hallam\Work\mmm\Mesh\Goedel.Mesh.Shell\DispatchAccount.cs:line 68&#xD;
   at Goedel.Mesh.Shell.CommandLineInterpreter.Handle_AccountCreate(DispatchShell DispatchIn, String[] Args, Int32 Index) in C:\Users\hallam\Work\mmm\Mesh\Goedel.Mesh.Shell\meshman.cs:line 520&#xD;
   at Goedel.Command.CommandLineInterpreterBase.Dispatcher(SortedDictionary`2 Entries, DescribeCommandEntry DefaultCommand, DispatchShell Dispatch, String[] Args, Int32 Index) in C:\Users\hallam\Work\mmm\Libraries\Goedel.Command\Command.cs:line 224&#xD;
   at Goedel.Command.CommandLineInterpreterBase.Dispatcher(SortedDictionary`2 Entries, DescribeCommandEntry DefaultCommand, DispatchShell Dispatch, String[] Args, Int32 Index) in C:\Users\hallam\Work\mmm\Libraries\Goedel.Command\Command.cs:line 228&#xD;
   at Goedel.Mesh.Test.TestCLI.Dispatch(String command, Boolean fail) in C:\Users\hallam\Work\mmm\Testing\Goedel.Mesh.Test\TestShell.cs:line 241&#xD;
   at Goedel.XUnit.ShellTests.Dispatch(String command, Boolean fail) in C:\Users\hallam\Work\mmm\Testing\Goedel.Mesh.Shell.Test-xunit\Base.cs:line 159&#xD;
   at Goedel.XUnit.ShellTests.TestAccount() in C:\Users\hallam\Work\mmm\Testing\Goedel.Mesh.Shell.Test-xunit\TestAccount.cs:line 56</StackTrace>
        </ErrorInfo>
      </Output>
    </UnitTestResult>
    <UnitTestResult executionId="51383e28-f7a6-4041-9141-ee76102d9de1" testId="5bdbfcd2-9b1e-e7e9-3506-392273f8cc30" testName="Goedel.XUnit.TestGoedelCryptography.TestDHAgreeToPublic" computerName="VOODOO" duration="00:00:00.2151899" startTime="2021-12-02T13:54:35.0493163-05:00" endTime="2021-12-02T13:54:35.0493167-05:00" testType="13cdc9d9-ddb5-4fa4-a97d-d965ccfc6d4b" outcome="Passed" testListId="8c84fa94-04c1-424b-9868-57a2d4851a1d" relativeResultsDirectory="51383e28-f7a6-4041-9141-ee76102d9de1" />
    <UnitTestResult executionId="422c8dd9-21bb-4e27-9fcf-70d951b27f73" testId="19444fd8-2c34-8641-5462-28c6bcafc482" testName="Goedel.XUnit.ShellTests.TestCommitment" computerName="VOODOO" duration="00:00:00.0166860" startTime="2021-12-02T13:54:49.7558542-05:00" endTime="2021-12-02T13:54:49.7558543-05:00" testType="13cdc9d9-ddb5-4fa4-a97d-d965ccfc6d4b" outcome="Passed" testListId="8c84fa94-04c1-424b-9868-57a2d4851a1d" relativeResultsDirectory="422c8dd9-21bb-4e27-9fcf-70d951b27f73" />
    <UnitTestResult executionId="1db6319e-1344-4dfa-8a70-fa75a69aa42e" testId="7eac242b-ee2b-718c-2756-e9beef7502ea" testName="Goedel.XUnit.ShellTestsAdmin.TestCreateMessage" computerName="VOODOO" duration="00:00:01.1508588" startTime="2021-12-02T13:55:05.2992719-05:00" endTime="2021-12-02T13:55:05.2992721-05:00" testType="13cdc9d9-ddb5-4fa4-a97d-d965ccfc6d4b" outcome="Failed" testListId="8c84fa94-04c1-424b-9868-57a2d4851a1d" relativeResultsDirectory="1db6319e-1344-4dfa-8a70-fa75a69aa42e">
      <Output>
        <ErrorInfo>
          <Message>Goedel.Mesh.ServiceAdmin.HostNotFound : Configuration for the host ServiceConfig.json could not be found</Message>
          <StackTrace>   at Goedel.Mesh.ServiceAdmin.Configuration.GetHostConfiguration(String id) in C:\Users\hallam\Work\mmm\Mesh\Goedel.Mesh.ServiceAdmin\ServiceDescription.cs:line 135&#xD;
   at Goedel.Mesh.Shell.Host.Shell.HostStart(HostStart Options) in C:\Users\hallam\Work\mmm\Mesh\Goedel.Mesh.Shell.Host\ShellDispatch.cs:line 156&#xD;
   at Goedel.Mesh.Shell.Host.CommandLineInterpreter.Handle_HostStart(DispatchShell DispatchIn, String[] Args, Int32 Index) in C:\Users\hallam\Work\mmm\Mesh\Goedel.Mesh.Shell.Host\anyhost.cs:line 172&#xD;
   at Goedel.Command.CommandLineInterpreterBase.Dispatcher(SortedDictionary`2 Entries, DescribeCommandEntry DefaultCommand, DispatchShell Dispatch, String[] Args, Int32 Index) in C:\Users\hallam\Work\mmm\Libraries\Goedel.Command\Command.cs:line 224&#xD;
   at Goedel.Mesh.Shell.Host.CommandLineInterpreter.MainMethod(Shell Dispatch, String[] Args) in C:\Users\hallam\Work\mmm\Mesh\Goedel.Mesh.Shell.Host\anyhost.cs:line 161&#xD;
   at Goedel.Mesh.Test.TestEnvironmentRdpShell.Host(String command) in C:\Users\hallam\Work\mmm\Testing\Goedel.Mesh.Test\TestEnvironmentCommon.cs:line 121&#xD;
   at Goedel.Mesh.Test.TestEnvironmentRdpShell.StartService() in C:\Users\hallam\Work\mmm\Testing\Goedel.Mesh.Test\TestEnvironmentCommon.cs:line 90&#xD;
   at Goedel.Mesh.Test.TestEnvironmentRdpShell.GetMeshClient(MeshMachineTest meshMachineTest, ICredentialPrivate credential, String service, String accountAddress) in C:\Users\hallam\Work\mmm\Testing\Goedel.Mesh.Test\TestEnvironmentCommon.cs:line 102&#xD;
   at Goedel.Mesh.Test.MeshMachineTest.GetMeshClient(ICredentialPrivate credential, String service, String accountAddress) in C:\Users\hallam\Work\mmm\Testing\Goedel.Mesh.Test\MeshMachineTest.cs:line 88&#xD;
   at Goedel.Mesh.Client.ContextUser.SetService(String accountAddress) in C:\Users\hallam\Work\mmm\Mesh\Goedel.Mesh.Client\ContextUser.cs:line 243&#xD;
   at Goedel.Mesh.Client.MeshHost.ConfigureMesh(String accountAddress, String localName, PrivateKeyUDF accountSeed, ProfileDevice profileDevice, List`1 rights, Boolean create) in C:\Users\hallam\Work\mmm\Mesh\Goedel.Mesh.Client\MeshHost.cs:line 269&#xD;
   at Goedel.Mesh.Shell.Shell.AccountCreate(AccountCreate options) in C:\Users\hallam\Work\mmm\Mesh\Goedel.Mesh.Shell\DispatchAccount.cs:line 68&#xD;
   at Goedel.Mesh.Shell.CommandLineInterpreter.Handle_AccountCreate(DispatchShell DispatchIn, String[] Args, Int32 Index) in C:\Users\hallam\Work\mmm\Mesh\Goedel.Mesh.Shell\meshman.cs:line 520&#xD;
   at Goedel.Command.CommandLineInterpreterBase.Dispatcher(SortedDictionary`2 Entries, DescribeCommandEntry DefaultCommand, DispatchShell Dispatch, String[] Args, Int32 Index) in C:\Users\hallam\Work\mmm\Libraries\Goedel.Command\Command.cs:line 224&#xD;
   at Goedel.Command.CommandLineInterpreterBase.Dispatcher(SortedDictionary`2 Entries, DescribeCommandEntry DefaultCommand, DispatchShell Dispatch, String[] Args, Int32 Index) in C:\Users\hallam\Work\mmm\Libraries\Goedel.Command\Command.cs:line 228&#xD;
   at Goedel.Mesh.Test.TestCLI.Dispatch(String command, Boolean fail) in C:\Users\hallam\Work\mmm\Testing\Goedel.Mesh.Test\TestShell.cs:line 241&#xD;
   at Goedel.XUnit.ShellTests.TestAuthCreate(TestCLI device1, TestCLI device2, String auth) in C:\Users\hallam\Work\mmm\Testing\Goedel.Mesh.Shell.Test-xunit\TestProfile.cs:line 429&#xD;
   at Goedel.XUnit.ShellTests.TestCreateMessage() in C:\Users\hallam\Work\mmm\Testing\Goedel.Mesh.Shell.Test-xunit\TestProfile.cs:line 343</StackTrace>
        </ErrorInfo>
      </Output>
    </UnitTestResult>
    <UnitTestResult executionId="6f6adee8-a899-49c5-bf12-b49e25563041" testId="cb7aff63-5f66-d244-693e-5fdc4c6808a6" testName="Goedel.XUnit.ShellTests.TestFileSign" computerName="VOODOO" duration="00:00:00.9162342" startTime="2021-12-02T13:54:54.0179567-05:00" endTime="2021-12-02T13:54:54.0179569-05:00" testType="13cdc9d9-ddb5-4fa4-a97d-d965ccfc6d4b" outcome="Failed" testListId="8c84fa94-04c1-424b-9868-57a2d4851a1d" relativeResultsDirectory="6f6adee8-a899-49c5-bf12-b49e25563041">
      <Output>
        <ErrorInfo>
          <Message>System.NullReferenceException : Object reference not set to an instance of an object.</Message>
          <StackTrace>   at Goedel.Mesh.Server.PublicMeshService..ctor(IMeshMachine meshMachine, ServiceConfiguration serviceConfiguration, HostConfiguration hostConfiguration) in C:\Users\hallam\Work\mmm\Mesh\Goedel.Mesh.Server\MeshDispatch.cs:line 136&#xD;
   at Goedel.Mesh.Test.TestEnvironmentCommon.get_MeshService() in C:\Users\hallam\Work\mmm\Testing\Goedel.Mesh.Test\TestEnvironmentCommon.cs:line 203&#xD;
   at Goedel.Mesh.Test.TestEnvironmentCommon.GetMeshClient(MeshMachineTest meshMachineTest, ICredentialPrivate credential, String serviceId, String accountAddress) in C:\Users\hallam\Work\mmm\Testing\Goedel.Mesh.Test\TestEnvironmentCommon.cs:line 222&#xD;
   at Goedel.Mesh.Test.MeshMachineTest.GetMeshClient(ICredentialPrivate credential, String service, String accountAddress) in C:\Users\hallam\Work\mmm\Testing\Goedel.Mesh.Test\MeshMachineTest.cs:line 88&#xD;
   at Goedel.Mesh.Client.ContextUser.SetService(String accountAddress) in C:\Users\hallam\Work\mmm\Mesh\Goedel.Mesh.Client\ContextUser.cs:line 243&#xD;
   at Goedel.Mesh.Client.MeshHost.ConfigureMesh(String accountAddress, String localName, PrivateKeyUDF accountSeed, ProfileDevice profileDevice, List`1 rights, Boolean create) in C:\Users\hallam\Work\mmm\Mesh\Goedel.Mesh.Client\MeshHost.cs:line 269&#xD;
   at Goedel.Mesh.Shell.Shell.AccountCreate(AccountCreate options) in C:\Users\hallam\Work\mmm\Mesh\Goedel.Mesh.Shell\DispatchAccount.cs:line 68&#xD;
   at Goedel.Mesh.Shell.CommandLineInterpreter.Handle_AccountCreate(DispatchShell DispatchIn, String[] Args, Int32 Index) in C:\Users\hallam\Work\mmm\Mesh\Goedel.Mesh.Shell\meshman.cs:line 520&#xD;
   at Goedel.Command.CommandLineInterpreterBase.Dispatcher(SortedDictionary`2 Entries, DescribeCommandEntry DefaultCommand, DispatchShell Dispatch, String[] Args, Int32 Index) in C:\Users\hallam\Work\mmm\Libraries\Goedel.Command\Command.cs:line 224&#xD;
   at Goedel.Command.CommandLineInterpreterBase.Dispatcher(SortedDictionary`2 Entries, DescribeCommandEntry DefaultCommand, DispatchShell Dispatch, String[] Args, Int32 Index) in C:\Users\hallam\Work\mmm\Libraries\Goedel.Command\Command.cs:line 228&#xD;
   at Goedel.Mesh.Test.TestCLI.Dispatch(String command, Boolean fail) in C:\Users\hallam\Work\mmm\Testing\Goedel.Mesh.Test\TestShell.cs:line 241&#xD;
   at Goedel.XUnit.ShellTests.Dispatch(String command, Boolean fail) in C:\Users\hallam\Work\mmm\Testing\Goedel.Mesh.Shell.Test-xunit\Base.cs:line 159&#xD;
   at Goedel.XUnit.ShellTests.CreateAccount(String account) in C:\Users\hallam\Work\mmm\Testing\Goedel.Mesh.Shell.Test-xunit\Base.cs:line 162&#xD;
   at Goedel.XUnit.ShellTests.TestFileSign() in C:\Users\hallam\Work\mmm\Testing\Goedel.Mesh.Shell.Test-xunit\TestDare.cs:line 61</StackTrace>
        </ErrorInfo>
      </Output>
    </UnitTestResult>
    <UnitTestResult executionId="31549126-f54a-4677-9091-12b556e947af" testId="a3cd241f-9f9f-1bfd-e6a7-a6b714f267a0" testName="Goedel.XUnit.ShellTestsAdmin.TestKey(bits: 192)" computerName="VOODOO" duration="00:00:00.0196378" startTime="2021-12-02T13:54:10.4842247-05:00" endTime="2021-12-02T13:54:10.4842248-05:00" testType="13cdc9d9-ddb5-4fa4-a97d-d965ccfc6d4b" outcome="Passed" testListId="8c84fa94-04c1-424b-9868-57a2d4851a1d" relativeResultsDirectory="31549126-f54a-4677-9091-12b556e947af" />
    <UnitTestResult executionId="fe6458de-4847-4855-b5af-1922e080752c" testId="18032d34-ad34-7d01-c7da-302888a3f4e1" testName="Goedel.XUnit.TestCryptography.TestDH_KeyGen" computerName="VOODOO" duration="00:00:00.1289402" startTime="2021-12-02T13:55:30.8853307-05:00" endTime="2021-12-02T13:55:30.8853310-05:00" testType="13cdc9d9-ddb5-4fa4-a97d-d965ccfc6d4b" outcome="Passed" testListId="8c84fa94-04c1-424b-9868-57a2d4851a1d" relativeResultsDirectory="fe6458de-4847-4855-b5af-1922e080752c" />
    <UnitTestResult executionId="3cf8d212-ce27-41b7-aeda-8bf38b586dde" testId="74abd699-6abd-06c6-6f37-3a9a548a780b" testName="Goedel.XUnit.TestContainers.ContainerTestSigned" computerName="VOODOO" duration="00:00:00.0479415" startTime="2021-12-02T13:54:25.2164258-05:00" endTime="2021-12-02T13:54:25.2164262-05:00" testType="13cdc9d9-ddb5-4fa4-a97d-d965ccfc6d4b" outcome="Passed" testListId="8c84fa94-04c1-424b-9868-57a2d4851a1d" relativeResultsDirectory="3cf8d212-ce27-41b7-aeda-8bf38b586dde" />
    <UnitTestResult executionId="bdf51157-3cf8-4ccd-908e-ed2a49af83a6" testId="be343fdf-559e-df6b-c25f-c80514506df0" testName="Goedel.XUnit.TestSplit.TestShares(N: 15, K: 2)" computerName="VOODOO" duration="00:00:00.0534454" startTime="2021-12-02T13:54:14.9176871-05:00" endTime="2021-12-02T13:54:14.9176874-05:00" testType="13cdc9d9-ddb5-4fa4-a97d-d965ccfc6d4b" outcome="Passed" testListId="8c84fa94-04c1-424b-9868-57a2d4851a1d" relativeResultsDirectory="bdf51157-3cf8-4ccd-908e-ed2a49af83a6" />
    <UnitTestResult executionId="be9db347-8c85-4950-837d-675dedf99a89" testId="70026bda-0bd2-4726-310d-d1ee9ecd1731" testName="Goedel.XUnit.TestService.TestCredentialDeviceFails(dataValidity: CorruptSigner)" computerName="VOODOO" duration="00:00:00.2658426" startTime="2021-12-02T13:54:19.9398726-05:00" endTime="2021-12-02T13:54:19.9398729-05:00" testType="13cdc9d9-ddb5-4fa4-a97d-d965ccfc6d4b" outcome="Passed" testListId="8c84fa94-04c1-424b-9868-57a2d4851a1d" relativeResultsDirectory="be9db347-8c85-4950-837d-675dedf99a89" />
    <UnitTestResult executionId="f9d08b16-4d0f-4b7f-81bd-096c4b38cfd9" testId="f50d1a71-c8c6-6a64-517b-8dfbb3b931e8" testName="Goedel.XUnit.TestDigests.TestSHA_Direct(Message: &quot;abcdbcdecdefdefgefghfghighijhijkijkljklmklmnlmnomn&quot;..., Repeat: 1, TestData: [TestVector { Digest = [...], ID = NULL }, TestVector { Digest = [...], ID = NULL }, TestVector { Digest = [...], ID = SHA_2_256 }, TestVector { Digest = [...], ID = NULL }, TestVector { Digest = [...], ID = SHA_2_512 }, ...])" computerName="VOODOO" duration="00:00:00.0000494" startTime="2021-12-02T13:56:20.9370730-05:00" endTime="2021-12-02T13:56:20.9370731-05:00" testType="13cdc9d9-ddb5-4fa4-a97d-d965ccfc6d4b" outcome="Passed" testListId="8c84fa94-04c1-424b-9868-57a2d4851a1d" relativeResultsDirectory="f9d08b16-4d0f-4b7f-81bd-096c4b38cfd9" />
    <UnitTestResult executionId="eddb2833-8ca1-4cc0-8c3c-121609e83ac8" testId="3f1fc0ea-4250-0497-2a47-27ce4d830f16" testName="Goedel.XUnit.TestDareArchive.TestArchiveMulti" computerName="VOODOO" duration="00:00:00.7548513" startTime="2021-12-02T13:54:17.2268795-05:00" endTime="2021-12-02T13:54:17.2268798-05:00" testType="13cdc9d9-ddb5-4fa4-a97d-d965ccfc6d4b" outcome="Passed" testListId="8c84fa94-04c1-424b-9868-57a2d4851a1d" relativeResultsDirectory="eddb2833-8ca1-4cc0-8c3c-121609e83ac8" />
    <UnitTestResult executionId="ff33fabd-5569-4c1b-9295-e017b12c9f78" testId="7fa7522c-f8d9-2f92-1736-aaa02f4ba931" testName="Goedel.XUnit.TestContainers.ContainerFixedExchangeTest(encryptPolicy: &quot;Isolated&quot;, seal: True, records: 50, maxSize: 2048, reOpen: 5, moveStep: 2, cryptoAlgorithmId: X448)" computerName="VOODOO" duration="00:00:02.5083907" startTime="2021-12-02T13:54:20.8448464-05:00" endTime="2021-12-02T13:54:20.8448467-05:00" testType="13cdc9d9-ddb5-4fa4-a97d-d965ccfc6d4b" outcome="Passed" testListId="8c84fa94-04c1-424b-9868-57a2d4851a1d" relativeResultsDirectory="ff33fabd-5569-4c1b-9295-e017b12c9f78" />
    <UnitTestResult executionId="47ecc93c-0f4b-4787-b7a5-29f597a2d441" testId="07e2a093-bb53-6ba6-971f-299dffd717bd" testName="Goedel.XUnit.TestSplit.TestSplitPrimes" computerName="VOODOO" duration="00:00:03.5358482" startTime="2021-12-02T13:54:19.3606460-05:00" endTime="2021-12-02T13:54:19.3606462-05:00" testType="13cdc9d9-ddb5-4fa4-a97d-d965ccfc6d4b" outcome="Passed" testListId="8c84fa94-04c1-424b-9868-57a2d4851a1d" relativeResultsDirectory="47ecc93c-0f4b-4787-b7a5-29f597a2d441" />
    <UnitTestResult executionId="d125eb88-9ed4-4887-b3e4-aa1caf6e59b0" testId="b737fe06-d8fc-92fd-5280-a8e1601ec2d8" testName="Goedel.XUnit.TestAsymmetric.TestRFC8032(Test: TestVectorAsymmetric { Algorithm = Ed448, Context = null, ContextData = null, Message = &quot;\r\n   03&quot;, MessageData = [3], ... })" computerName="VOODOO" duration="00:00:00.2793462" startTime="2021-12-02T13:54:15.2562956-05:00" endTime="2021-12-02T13:54:15.2562965-05:00" testType="13cdc9d9-ddb5-4fa4-a97d-d965ccfc6d4b" outcome="Passed" testListId="8c84fa94-04c1-424b-9868-57a2d4851a1d" relativeResultsDirectory="d125eb88-9ed4-4887-b3e4-aa1caf6e59b0" />
    <UnitTestResult executionId="57f4bca5-7b52-405d-ad09-7017cdd2bf6e" testId="c62690da-934f-caf9-ecb7-ec38190d5d59" testName="Goedel.XUnit.TestService.MeshMessageConfirm" computerName="VOODOO" duration="00:00:01.0173971" startTime="2021-12-02T13:54:43.3686051-05:00" endTime="2021-12-02T13:54:43.3686053-05:00" testType="13cdc9d9-ddb5-4fa4-a97d-d965ccfc6d4b" outcome="Failed" testListId="8c84fa94-04c1-424b-9868-57a2d4851a1d" relativeResultsDirectory="57f4bca5-7b52-405d-ad09-7017cdd2bf6e">
      <Output>
        <ErrorInfo>
          <Message>System.NullReferenceException : Object reference not set to an instance of an object.</Message>
          <StackTrace>   at Goedel.Mesh.Server.PublicMeshService..ctor(IMeshMachine meshMachine, ServiceConfiguration serviceConfiguration, HostConfiguration hostConfiguration) in C:\Users\hallam\Work\mmm\Mesh\Goedel.Mesh.Server\MeshDispatch.cs:line 136&#xD;
   at Goedel.Mesh.Test.TestEnvironmentCommon.get_MeshService() in C:\Users\hallam\Work\mmm\Testing\Goedel.Mesh.Test\TestEnvironmentCommon.cs:line 203&#xD;
   at Goedel.Mesh.Test.TestEnvironmentCommon.GetMeshClient(MeshMachineTest meshMachineTest, ICredentialPrivate credential, String serviceId, String accountAddress) in C:\Users\hallam\Work\mmm\Testing\Goedel.Mesh.Test\TestEnvironmentCommon.cs:line 222&#xD;
   at Goedel.Mesh.Test.MeshMachineTest.GetMeshClient(ICredentialPrivate credential, String service, String accountAddress) in C:\Users\hallam\Work\mmm\Testing\Goedel.Mesh.Test\MeshMachineTest.cs:line 88&#xD;
   at Goedel.Mesh.Client.ContextUser.SetService(String accountAddress) in C:\Users\hallam\Work\mmm\Mesh\Goedel.Mesh.Client\ContextUser.cs:line 243&#xD;
   at Goedel.Mesh.Client.MeshHost.ConfigureMesh(String accountAddress, String localName, PrivateKeyUDF accountSeed, ProfileDevice profileDevice, List`1 rights, Boolean create) in C:\Users\hallam\Work\mmm\Mesh\Goedel.Mesh.Client\MeshHost.cs:line 269&#xD;
   at Goedel.Mesh.Test.MeshMachineTest.GenerateAccountUser(TestEnvironmentCommon testEnvironmentCommon, String machineName, String accountAddress, String localName) in C:\Users\hallam\Work\mmm\Testing\Goedel.Mesh.Test\MeshMachineTest.cs:line 120&#xD;
   at Goedel.XUnit.TestService.MeshMessageConfirm() in C:\Users\hallam\Work\mmm\Testing\Goedel.Mesh.Protocol.Test-xunit\TestService.cs:line 516</StackTrace>
        </ErrorInfo>
      </Output>
    </UnitTestResult>
    <UnitTestResult executionId="aa8b0590-67e3-481a-a400-bd8f67991eec" testId="b737fe06-d8fc-92fd-5280-a8e1601ec2d8" testName="Goedel.XUnit.TestAsymmetric.TestRFC8032(Test: TestVectorAsymmetric { Algorithm = EdDSA, Context = null, ContextData = null, Message = &quot;\r\n   72&quot;, MessageData = [114], ... })" computerName="VOODOO" duration="00:00:00.1223221" startTime="2021-12-02T13:54:13.7576239-05:00" endTime="2021-12-02T13:54:13.7576243-05:00" testType="13cdc9d9-ddb5-4fa4-a97d-d965ccfc6d4b" outcome="Passed" testListId="8c84fa94-04c1-424b-9868-57a2d4851a1d" relativeResultsDirectory="aa8b0590-67e3-481a-a400-bd8f67991eec" />
    <UnitTestResult executionId="b0725909-0b2e-4058-9fdb-6e85bdab4d00" testId="adb78662-76a4-28bd-52f9-8530b4357612" testName="Goedel.XUnit.TestDareArchive.TestArchiveEncrypted10Bulk" computerName="VOODOO" duration="00:00:00.0704288" startTime="2021-12-02T13:54:17.7658164-05:00" endTime="2021-12-02T13:54:17.7658168-05:00" testType="13cdc9d9-ddb5-4fa4-a97d-d965ccfc6d4b" outcome="Passed" testListId="8c84fa94-04c1-424b-9868-57a2d4851a1d" relativeResultsDirectory="b0725909-0b2e-4058-9fdb-6e85bdab4d00" />
    <UnitTestResult executionId="2a21efe8-5a33-4725-a355-cbd3878dd9bb" testId="9d18040f-ddcb-ebb8-e66b-4c6aa457bbcc" testName="Goedel.XUnit.TestGoedelCryptography.TestDHEd448Misc" computerName="VOODOO" duration="00:00:00.1575677" startTime="2021-12-02T13:55:22.6849604-05:00" endTime="2021-12-02T13:55:22.6849606-05:00" testType="13cdc9d9-ddb5-4fa4-a97d-d965ccfc6d4b" outcome="Passed" testListId="8c84fa94-04c1-424b-9868-57a2d4851a1d" relativeResultsDirectory="2a21efe8-5a33-4725-a355-cbd3878dd9bb" />
    <UnitTestResult executionId="c9c1fb79-b29b-4296-afba-6a8a0547ab0b" testId="1c0e94ca-d54d-c344-d290-57c77e6e5c30" testName="Goedel.XUnit.TestLifecycle.Test_LifecycleMaster(CryptoAlgorithmID: Exchange, KeySize: 2048)" computerName="VOODOO" duration="00:00:00.2622413" startTime="2021-12-02T13:54:18.3645887-05:00" endTime="2021-12-02T13:54:18.3645889-05:00" testType="13cdc9d9-ddb5-4fa4-a97d-d965ccfc6d4b" outcome="Passed" testListId="8c84fa94-04c1-424b-9868-57a2d4851a1d" relativeResultsDirectory="c9c1fb79-b29b-4296-afba-6a8a0547ab0b" />
    <UnitTestResult executionId="6bc5af44-fd87-4865-a7f4-02d5368d875a" testId="f00da342-8a03-5c71-80fd-7c18e380176b" testName="Goedel.XUnit.TestCryptographyJose.Test_Write_RSA_Public" computerName="VOODOO" duration="00:00:00.0013708" startTime="2021-12-02T13:54:15.8057525-05:00" endTime="2021-12-02T13:54:15.8057526-05:00" testType="13cdc9d9-ddb5-4fa4-a97d-d965ccfc6d4b" outcome="Passed" testListId="8c84fa94-04c1-424b-9868-57a2d4851a1d" relativeResultsDirectory="6bc5af44-fd87-4865-a7f4-02d5368d875a" />
    <UnitTestResult executionId="ede08c5f-e489-4811-a039-845da5e216f0" testId="d41a811e-901d-c280-8d9f-f781c75ac93d" testName="Goedel.XUnit.TestContainers.ContainerTestList0" computerName="VOODOO" duration="00:00:00.0027695" startTime="2021-12-02T13:54:25.1685071-05:00" endTime="2021-12-02T13:54:25.1685073-05:00" testType="13cdc9d9-ddb5-4fa4-a97d-d965ccfc6d4b" outcome="Passed" testListId="8c84fa94-04c1-424b-9868-57a2d4851a1d" relativeResultsDirectory="ede08c5f-e489-4811-a039-845da5e216f0" />
    <UnitTestResult executionId="7fb54774-8275-48aa-9c48-85e6b966d65a" testId="f0c2598c-ccbd-9c51-64af-fec4d6693d06" testName="Goedel.XUnit.TestGoedelCryptography.X448TV1" computerName="VOODOO" duration="00:00:00.0096355" startTime="2021-12-02T13:54:34.3476778-05:00" endTime="2021-12-02T13:54:34.3476781-05:00" testType="13cdc9d9-ddb5-4fa4-a97d-d965ccfc6d4b" outcome="Passed" testListId="8c84fa94-04c1-424b-9868-57a2d4851a1d" relativeResultsDirectory="7fb54774-8275-48aa-9c48-85e6b966d65a" />
    <UnitTestResult executionId="897cebc0-e97f-4275-8f68-1bc7a78f82fd" testId="e1c82d7a-544f-7774-bd5c-05ff84a6a04a" testName="Goedel.XUnit.TestGoedelCryptography.TestDHEd25519AgreeToPublic" computerName="VOODOO" duration="00:00:00.0146419" startTime="2021-12-02T13:55:11.3898946-05:00" endTime="2021-12-02T13:55:11.3898950-05:00" testType="13cdc9d9-ddb5-4fa4-a97d-d965ccfc6d4b" outcome="Passed" testListId="8c84fa94-04c1-424b-9868-57a2d4851a1d" relativeResultsDirectory="897cebc0-e97f-4275-8f68-1bc7a78f82fd" />
    <UnitTestResult executionId="c0c9eaca-ecc5-4786-bfa8-573c52507432" testId="93e39ef8-eedc-7865-8abe-1451ddb520e8" testName="Goedel.XUnit.TestSplit.TestShares(N: 14, K: 2)" computerName="VOODOO" duration="00:00:00.0726154" startTime="2021-12-02T13:54:14.0465566-05:00" endTime="2021-12-02T13:54:14.0465570-05:00" testType="13cdc9d9-ddb5-4fa4-a97d-d965ccfc6d4b" outcome="Passed" testListId="8c84fa94-04c1-424b-9868-57a2d4851a1d" relativeResultsDirectory="c0c9eaca-ecc5-4786-bfa8-573c52507432" />
    <UnitTestResult executionId="8dd8d137-1f8b-4ed2-b0ba-c0ffbc8d3a8b" testId="6c258b7d-17b8-8b75-34d2-a06b7e352d31" testName="Goedel.XUnit.TestContainers.ContainerSessionPolicy" computerName="VOODOO" duration="00:00:00.2194043" startTime="2021-12-02T13:54:25.9439677-05:00" endTime="2021-12-02T13:54:25.9439679-05:00" testType="13cdc9d9-ddb5-4fa4-a97d-d965ccfc6d4b" outcome="Passed" testListId="8c84fa94-04c1-424b-9868-57a2d4851a1d" relativeResultsDirectory="8dd8d137-1f8b-4ed2-b0ba-c0ffbc8d3a8b" />
    <UnitTestResult executionId="6d505eef-342b-4dca-8c36-d9d0f71806d9" testId="be499292-32ce-de94-ed39-a917faa1c496" testName="Goedel.XUnit.TestSplit.TestKey(bits: 256, hexData: null)" computerName="VOODOO" duration="00:00:00.1274368" startTime="2021-12-02T13:54:15.1554745-05:00" endTime="2021-12-02T13:54:15.1554749-05:00" testType="13cdc9d9-ddb5-4fa4-a97d-d965ccfc6d4b" outcome="Passed" testListId="8c84fa94-04c1-424b-9868-57a2d4851a1d" relativeResultsDirectory="6d505eef-342b-4dca-8c36-d9d0f71806d9" />
    <UnitTestResult executionId="a6a8929d-11d7-4bcc-aedd-14eec8bb5764" testId="089d3af4-76a1-39b4-a24c-3a1cdc7d04c2" testName="Goedel.XUnit.TestCryptographyJose.RoundTripKeyEphemeral(cryptoAlgorithmID: Ed448)" computerName="VOODOO" duration="00:00:00.2747669" startTime="2021-12-02T13:54:13.6951087-05:00" endTime="2021-12-02T13:54:13.6951466-05:00" testType="13cdc9d9-ddb5-4fa4-a97d-d965ccfc6d4b" outcome="Passed" testListId="8c84fa94-04c1-424b-9868-57a2d4851a1d" relativeResultsDirectory="a6a8929d-11d7-4bcc-aedd-14eec8bb5764" />
    <UnitTestResult executionId="c220a2f7-3b46-483d-9a47-700fdf6014f4" testId="c98c49e0-26e9-de0d-e2be-9a222f304b6c" testName="Goedel.XUnit.ShellTests.TestProfileBookmark" computerName="VOODOO" duration="00:00:01.0923236" startTime="2021-12-02T13:54:30.2654265-05:00" endTime="2021-12-02T13:54:30.2654267-05:00" testType="13cdc9d9-ddb5-4fa4-a97d-d965ccfc6d4b" outcome="Failed" testListId="8c84fa94-04c1-424b-9868-57a2d4851a1d" relativeResultsDirectory="c220a2f7-3b46-483d-9a47-700fdf6014f4">
      <Output>
        <ErrorInfo>
          <Message>System.NullReferenceException : Object reference not set to an instance of an object.</Message>
          <StackTrace>   at Goedel.Mesh.Server.PublicMeshService..ctor(IMeshMachine meshMachine, ServiceConfiguration serviceConfiguration, HostConfiguration hostConfiguration) in C:\Users\hallam\Work\mmm\Mesh\Goedel.Mesh.Server\MeshDispatch.cs:line 136&#xD;
   at Goedel.Mesh.Test.TestEnvironmentCommon.get_MeshService() in C:\Users\hallam\Work\mmm\Testing\Goedel.Mesh.Test\TestEnvironmentCommon.cs:line 203&#xD;
   at Goedel.Mesh.Test.TestEnvironmentCommon.GetMeshClient(MeshMachineTest meshMachineTest, ICredentialPrivate credential, String serviceId, String accountAddress) in C:\Users\hallam\Work\mmm\Testing\Goedel.Mesh.Test\TestEnvironmentCommon.cs:line 222&#xD;
   at Goedel.Mesh.Test.MeshMachineTest.GetMeshClient(ICredentialPrivate credential, String service, String accountAddress) in C:\Users\hallam\Work\mmm\Testing\Goedel.Mesh.Test\MeshMachineTest.cs:line 88&#xD;
   at Goedel.Mesh.Client.ContextUser.SetService(String accountAddress) in C:\Users\hallam\Work\mmm\Mesh\Goedel.Mesh.Client\ContextUser.cs:line 243&#xD;
   at Goedel.Mesh.Client.MeshHost.ConfigureMesh(String accountAddress, String localName, PrivateKeyUDF accountSeed, ProfileDevice profileDevice, List`1 rights, Boolean create) in C:\Users\hallam\Work\mmm\Mesh\Goedel.Mesh.Client\MeshHost.cs:line 269&#xD;
   at Goedel.Mesh.Shell.Shell.AccountCreate(AccountCreate options) in C:\Users\hallam\Work\mmm\Mesh\Goedel.Mesh.Shell\DispatchAccount.cs:line 68&#xD;
   at Goedel.Mesh.Shell.CommandLineInterpreter.Handle_AccountCreate(DispatchShell DispatchIn, String[] Args, Int32 Index) in C:\Users\hallam\Work\mmm\Mesh\Goedel.Mesh.Shell\meshman.cs:line 520&#xD;
   at Goedel.Command.CommandLineInterpreterBase.Dispatcher(SortedDictionary`2 Entries, DescribeCommandEntry DefaultCommand, DispatchShell Dispatch, String[] Args, Int32 Index) in C:\Users\hallam\Work\mmm\Libraries\Goedel.Command\Command.cs:line 224&#xD;
   at Goedel.Command.CommandLineInterpreterBase.Dispatcher(SortedDictionary`2 Entries, DescribeCommandEntry DefaultCommand, DispatchShell Dispatch, String[] Args, Int32 Index) in C:\Users\hallam\Work\mmm\Libraries\Goedel.Command\Command.cs:line 228&#xD;
   at Goedel.Mesh.Test.TestCLI.Dispatch(String command, Boolean fail) in C:\Users\hallam\Work\mmm\Testing\Goedel.Mesh.Test\TestShell.cs:line 241&#xD;
   at Goedel.XUnit.ShellTests.Dispatch(String command, Boolean fail) in C:\Users\hallam\Work\mmm\Testing\Goedel.Mesh.Shell.Test-xunit\Base.cs:line 159&#xD;
   at Goedel.XUnit.ShellTests.CreateAccount(String account) in C:\Users\hallam\Work\mmm\Testing\Goedel.Mesh.Shell.Test-xunit\Base.cs:line 162&#xD;
   at Goedel.XUnit.ShellTests.TestProfileBookmark() in C:\Users\hallam\Work\mmm\Testing\Goedel.Mesh.Shell.Test-xunit\TestCatalog.cs:line 150</StackTrace>
        </ErrorInfo>
      </Output>
    </UnitTestResult>
    <UnitTestResult executionId="02b44989-5811-4a30-9cbe-bdc0638ea72a" testId="e4e90753-a902-66f2-1393-c5e55a4ee432" testName="Goedel.XUnit.TestService.TestCredentialDeviceFails(dataValidity: CorruptDigest)" computerName="VOODOO" duration="00:00:00.1546387" startTime="2021-12-02T13:54:20.3727374-05:00" endTime="2021-12-02T13:54:20.3727377-05:00" testType="13cdc9d9-ddb5-4fa4-a97d-d965ccfc6d4b" outcome="Passed" testListId="8c84fa94-04c1-424b-9868-57a2d4851a1d" relativeResultsDirectory="02b44989-5811-4a30-9cbe-bdc0638ea72a" />
    <UnitTestResult executionId="dd0b64d2-d533-4a6f-a5e9-5379aa401b2e" testId="5c56e8dd-51a6-f895-9f7d-08524f42b0c6" testName="Goedel.XUnit.TestService.TestCredentialDeviceFails(dataValidity: CorruptSignature)" computerName="VOODOO" duration="00:00:00.1900302" startTime="2021-12-02T13:54:19.6745656-05:00" endTime="2021-12-02T13:54:19.6745658-05:00" testType="13cdc9d9-ddb5-4fa4-a97d-d965ccfc6d4b" outcome="Passed" testListId="8c84fa94-04c1-424b-9868-57a2d4851a1d" relativeResultsDirectory="dd0b64d2-d533-4a6f-a5e9-5379aa401b2e" />
    <UnitTestResult executionId="cc632d68-765b-4815-a0f5-da628effec23" testId="c3f2be84-669c-8ab4-fe88-1b2dd63bdfbb" testName="Goedel.XUnit.TestSplit.TestKeyShare(bits: 32, hexData: &quot;FFFFFFFF&quot;)" computerName="VOODOO" duration="00:00:00.0000131" startTime="2021-12-02T13:54:13.6163455-05:00" endTime="2021-12-02T13:54:13.6163457-05:00" testType="13cdc9d9-ddb5-4fa4-a97d-d965ccfc6d4b" outcome="Passed" testListId="8c84fa94-04c1-424b-9868-57a2d4851a1d" relativeResultsDirectory="cc632d68-765b-4815-a0f5-da628effec23" />
    <UnitTestResult executionId="6f63bcac-beea-4a57-bc31-d2039919365a" testId="897942f0-2849-905d-b602-4a5fba64b7f2" testName="Goedel.XUnit.TestContainers.ContainerFixedExchangeTest(encryptPolicy: &quot;Session&quot;, seal: True, records: 50, maxSize: 2048, reOpen: 5, moveStep: 2, cryptoAlgorithmId: X25519)" computerName="VOODOO" duration="00:00:00.4735143" startTime="2021-12-02T13:54:22.9841109-05:00" endTime="2021-12-02T13:54:22.9841112-05:00" testType="13cdc9d9-ddb5-4fa4-a97d-d965ccfc6d4b" outcome="Passed" testListId="8c84fa94-04c1-424b-9868-57a2d4851a1d" relativeResultsDirectory="6f63bcac-beea-4a57-bc31-d2039919365a" />
    <UnitTestResult executionId="b35a1f4e-9435-4449-a115-2b301dd93c88" testId="e4d5f42c-3bfb-b8f1-b3d8-4340ba49592e" testName="Goedel.XUnit.ShellTestsAdmin.TestArchive" computerName="VOODOO" duration="00:00:02.3010753" startTime="2021-12-02T13:54:20.3664408-05:00" endTime="2021-12-02T13:54:20.3664411-05:00" testType="13cdc9d9-ddb5-4fa4-a97d-d965ccfc6d4b" outcome="Failed" testListId="8c84fa94-04c1-424b-9868-57a2d4851a1d" relativeResultsDirectory="b35a1f4e-9435-4449-a115-2b301dd93c88">
      <Output>
        <ErrorInfo>
          <Message>Goedel.Mesh.ServiceAdmin.HostNotFound : Configuration for the host ServiceConfig.json could not be found</Message>
          <StackTrace>   at Goedel.Mesh.ServiceAdmin.Configuration.GetHostConfiguration(String id) in C:\Users\hallam\Work\mmm\Mesh\Goedel.Mesh.ServiceAdmin\ServiceDescription.cs:line 135&#xD;
   at Goedel.Mesh.Shell.Host.Shell.HostStart(HostStart Options) in C:\Users\hallam\Work\mmm\Mesh\Goedel.Mesh.Shell.Host\ShellDispatch.cs:line 156&#xD;
   at Goedel.Mesh.Shell.Host.CommandLineInterpreter.Handle_HostStart(DispatchShell DispatchIn, String[] Args, Int32 Index) in C:\Users\hallam\Work\mmm\Mesh\Goedel.Mesh.Shell.Host\anyhost.cs:line 172&#xD;
   at Goedel.Command.CommandLineInterpreterBase.Dispatcher(SortedDictionary`2 Entries, DescribeCommandEntry DefaultCommand, DispatchShell Dispatch, String[] Args, Int32 Index) in C:\Users\hallam\Work\mmm\Libraries\Goedel.Command\Command.cs:line 224&#xD;
   at Goedel.Mesh.Shell.Host.CommandLineInterpreter.MainMethod(Shell Dispatch, String[] Args) in C:\Users\hallam\Work\mmm\Mesh\Goedel.Mesh.Shell.Host\anyhost.cs:line 161&#xD;
   at Goedel.Mesh.Test.TestEnvironmentRdpShell.Host(String command) in C:\Users\hallam\Work\mmm\Testing\Goedel.Mesh.Test\TestEnvironmentCommon.cs:line 121&#xD;
   at Goedel.Mesh.Test.TestEnvironmentRdpShell.StartService() in C:\Users\hallam\Work\mmm\Testing\Goedel.Mesh.Test\TestEnvironmentCommon.cs:line 90&#xD;
   at Goedel.Mesh.Test.TestEnvironmentRdpShell.GetMeshClient(MeshMachineTest meshMachineTest, ICredentialPrivate credential, String service, String accountAddress) in C:\Users\hallam\Work\mmm\Testing\Goedel.Mesh.Test\TestEnvironmentCommon.cs:line 102&#xD;
   at Goedel.Mesh.Test.MeshMachineTest.GetMeshClient(ICredentialPrivate credential, String service, String accountAddress) in C:\Users\hallam\Work\mmm\Testing\Goedel.Mesh.Test\MeshMachineTest.cs:line 88&#xD;
   at Goedel.Mesh.Client.ContextUser.SetService(String accountAddress) in C:\Users\hallam\Work\mmm\Mesh\Goedel.Mesh.Client\ContextUser.cs:line 243&#xD;
   at Goedel.Mesh.Client.MeshHost.ConfigureMesh(String accountAddress, String localName, PrivateKeyUDF accountSeed, ProfileDevice profileDevice, List`1 rights, Boolean create) in C:\Users\hallam\Work\mmm\Mesh\Goedel.Mesh.Client\MeshHost.cs:line 269&#xD;
   at Goedel.Mesh.Shell.Shell.AccountCreate(AccountCreate options) in C:\Users\hallam\Work\mmm\Mesh\Goedel.Mesh.Shell\DispatchAccount.cs:line 68&#xD;
   at Goedel.Mesh.Shell.CommandLineInterpreter.Handle_AccountCreate(DispatchShell DispatchIn, String[] Args, Int32 Index) in C:\Users\hallam\Work\mmm\Mesh\Goedel.Mesh.Shell\meshman.cs:line 520&#xD;
   at Goedel.Command.CommandLineInterpreterBase.Dispatcher(SortedDictionary`2 Entries, DescribeCommandEntry DefaultCommand, DispatchShell Dispatch, String[] Args, Int32 Index) in C:\Users\hallam\Work\mmm\Libraries\Goedel.Command\Command.cs:line 224&#xD;
   at Goedel.Command.CommandLineInterpreterBase.Dispatcher(SortedDictionary`2 Entries, DescribeCommandEntry DefaultCommand, DispatchShell Dispatch, String[] Args, Int32 Index) in C:\Users\hallam\Work\mmm\Libraries\Goedel.Command\Command.cs:line 228&#xD;
   at Goedel.Mesh.Test.TestCLI.Dispatch(String command, Boolean fail) in C:\Users\hallam\Work\mmm\Testing\Goedel.Mesh.Test\TestShell.cs:line 241&#xD;
   at Goedel.XUnit.ShellTests.Dispatch(String command, Boolean fail) in C:\Users\hallam\Work\mmm\Testing\Goedel.Mesh.Shell.Test-xunit\Base.cs:line 159&#xD;
   at Goedel.XUnit.ShellTests.CreateAccount(String account) in C:\Users\hallam\Work\mmm\Testing\Goedel.Mesh.Shell.Test-xunit\Base.cs:line 162&#xD;
   at Goedel.XUnit.ShellTests.TestSequence(Int32 count, String encrypt, String sign, Boolean purge, Boolean index, String initial) in C:\Users\hallam\Work\mmm\Testing\Goedel.Mesh.Shell.Test-xunit\TestDare.cs:line 137&#xD;
   at Goedel.XUnit.ShellTests.TestArchive() in C:\Users\hallam\Work\mmm\Testing\Goedel.Mesh.Shell.Test-xunit\TestDare.cs:line 111</StackTrace>
        </ErrorInfo>
      </Output>
    </UnitTestResult>
    <UnitTestResult executionId="b97d9531-55d9-4600-a1e9-5d241dae329c" testId="ae3ca6f5-ff63-e850-b351-02eb5d5c7bb8" testName="Goedel.XUnit.BufferTests.TestBuffer" computerName="VOODOO" duration="00:00:00.5012113" startTime="2021-12-02T13:54:11.2992966-05:00" endTime="2021-12-02T13:54:11.2993390-05:00" testType="13cdc9d9-ddb5-4fa4-a97d-d965ccfc6d4b" outcome="Passed" testListId="8c84fa94-04c1-424b-9868-57a2d4851a1d" relativeResultsDirectory="b97d9531-55d9-4600-a1e9-5d241dae329c" />
    <UnitTestResult executionId="86bfa1d2-118d-4d2b-95ee-2cf142418da3" testId="edb43bb8-dfb0-e35e-3617-2c8f774ca7fb" testName="Goedel.XUnit.TestDareArchive.TestArchiveEncrypted10Individual" computerName="VOODOO" duration="00:00:00.1390103" startTime="2021-12-02T13:54:17.3859941-05:00" endTime="2021-12-02T13:54:17.3859946-05:00" testType="13cdc9d9-ddb5-4fa4-a97d-d965ccfc6d4b" outcome="Passed" testListId="8c84fa94-04c1-424b-9868-57a2d4851a1d" relativeResultsDirectory="86bfa1d2-118d-4d2b-95ee-2cf142418da3" />
    <UnitTestResult executionId="59ad05e6-b860-458a-bc6c-f4b41e699880" testId="66539361-a1c4-0773-d0b9-af5c9d79b169" testName="Goedel.XUnit.TestAsymmetric.EncryptTest(algorithmID: DH)" computerName="VOODOO" duration="00:00:00.2749181" startTime="2021-12-02T13:54:19.2302664-05:00" endTime="2021-12-02T13:54:19.2302667-05:00" testType="13cdc9d9-ddb5-4fa4-a97d-d965ccfc6d4b" outcome="Passed" testListId="8c84fa94-04c1-424b-9868-57a2d4851a1d" relativeResultsDirectory="59ad05e6-b860-458a-bc6c-f4b41e699880" />
    <UnitTestResult executionId="051fa396-d74d-4559-b936-0580d60ab493" testId="b737fe06-d8fc-92fd-5280-a8e1601ec2d8" testName="Goedel.XUnit.TestAsymmetric.TestRFC8032(Test: TestVectorAsymmetric { Algorithm = Ed25519ph, Context = null, ContextData = null, Message = &quot;\r\n   616263&quot;, MessageData = [97, 98, 99], ... })" computerName="VOODOO" duration="00:00:00.1240480" startTime="2021-12-02T13:54:14.6889388-05:00" endTime="2021-12-02T13:54:14.6889391-05:00" testType="13cdc9d9-ddb5-4fa4-a97d-d965ccfc6d4b" outcome="Passed" testListId="8c84fa94-04c1-424b-9868-57a2d4851a1d" relativeResultsDirectory="051fa396-d74d-4559-b936-0580d60ab493" />
    <UnitTestResult executionId="2ec12cf5-5cd7-440a-a8cb-e5523567d15b" testId="6072bf81-bd9c-2dc8-f32c-6db896b21fce" testName="Goedel.XUnit.TestLifecycle.Test_LifecycleDevice(CryptoAlgorithmID: X25519, KeySize: 2048)" computerName="VOODOO" duration="00:00:00.0389412" startTime="2021-12-02T13:54:13.8040069-05:00" endTime="2021-12-02T13:54:13.8040071-05:00" testType="13cdc9d9-ddb5-4fa4-a97d-d965ccfc6d4b" outcome="Passed" testListId="8c84fa94-04c1-424b-9868-57a2d4851a1d" relativeResultsDirectory="2ec12cf5-5cd7-440a-a8cb-e5523567d15b" />
    <UnitTestResult executionId="db7fa8b2-dd92-484c-9da0-2e8b3c458b3f" testId="4b3b2254-0dc4-a14f-0a7d-8210af0cebb9" testName="Goedel.XUnit.TestService.MeshMessageContact" computerName="VOODOO" duration="00:00:01.0128411" startTime="2021-12-02T13:54:49.8868209-05:00" endTime="2021-12-02T13:54:49.8868212-05:00" testType="13cdc9d9-ddb5-4fa4-a97d-d965ccfc6d4b" outcome="Failed" testListId="8c84fa94-04c1-424b-9868-57a2d4851a1d" relativeResultsDirectory="db7fa8b2-dd92-484c-9da0-2e8b3c458b3f">
      <Output>
        <ErrorInfo>
          <Message>System.NullReferenceException : Object reference not set to an instance of an object.</Message>
          <StackTrace>   at Goedel.Mesh.Server.PublicMeshService..ctor(IMeshMachine meshMachine, ServiceConfiguration serviceConfiguration, HostConfiguration hostConfiguration) in C:\Users\hallam\Work\mmm\Mesh\Goedel.Mesh.Server\MeshDispatch.cs:line 136&#xD;
   at Goedel.Mesh.Test.TestEnvironmentCommon.get_MeshService() in C:\Users\hallam\Work\mmm\Testing\Goedel.Mesh.Test\TestEnvironmentCommon.cs:line 203&#xD;
   at Goedel.Mesh.Test.TestEnvironmentCommon.GetMeshClient(MeshMachineTest meshMachineTest, ICredentialPrivate credential, String serviceId, String accountAddress) in C:\Users\hallam\Work\mmm\Testing\Goedel.Mesh.Test\TestEnvironmentCommon.cs:line 222&#xD;
   at Goedel.Mesh.Test.MeshMachineTest.GetMeshClient(ICredentialPrivate credential, String service, String accountAddress) in C:\Users\hallam\Work\mmm\Testing\Goedel.Mesh.Test\MeshMachineTest.cs:line 88&#xD;
   at Goedel.Mesh.Client.ContextUser.SetService(String accountAddress) in C:\Users\hallam\Work\mmm\Mesh\Goedel.Mesh.Client\ContextUser.cs:line 243&#xD;
   at Goedel.Mesh.Client.MeshHost.ConfigureMesh(String accountAddress, String localName, PrivateKeyUDF accountSeed, ProfileDevice profileDevice, List`1 rights, Boolean create) in C:\Users\hallam\Work\mmm\Mesh\Goedel.Mesh.Client\MeshHost.cs:line 269&#xD;
   at Goedel.Mesh.Test.MeshMachineTest.GenerateAccountUser(TestEnvironmentCommon testEnvironmentCommon, String machineName, String accountAddress, String localName) in C:\Users\hallam\Work\mmm\Testing\Goedel.Mesh.Test\MeshMachineTest.cs:line 120&#xD;
   at Goedel.XUnit.TestService.MeshMessageContact() in C:\Users\hallam\Work\mmm\Testing\Goedel.Mesh.Protocol.Test-xunit\TestService.cs:line 482</StackTrace>
        </ErrorInfo>
      </Output>
    </UnitTestResult>
    <UnitTestResult executionId="16189861-91e6-47a5-a82b-013b7fe07a35" testId="3f238926-f553-fcd1-4e93-eaf158909183" testName="Goedel.XUnit.TestGoedelCryptography.EncodingTest(iterations: 10, cryptoAlgorithmId: X25519)" computerName="VOODOO" duration="00:00:00.0358830" startTime="2021-12-02T13:54:34.5661392-05:00" endTime="2021-12-02T13:54:34.5661394-05:00" testType="13cdc9d9-ddb5-4fa4-a97d-d965ccfc6d4b" outcome="Passed" testListId="8c84fa94-04c1-424b-9868-57a2d4851a1d" relativeResultsDirectory="16189861-91e6-47a5-a82b-013b7fe07a35" />
    <UnitTestResult executionId="b03cc343-1301-4a2b-9b7b-1a065bb16da2" testId="eb472fe0-08d1-3f35-14ba-87fa3d975d21" testName="Goedel.XUnit.ShellTests.TestCreateAdmin" computerName="VOODOO" duration="00:00:01.0413334" startTime="2021-12-02T13:54:49.7399067-05:00" endTime="2021-12-02T13:54:49.7399069-05:00" testType="13cdc9d9-ddb5-4fa4-a97d-d965ccfc6d4b" outcome="Failed" testListId="8c84fa94-04c1-424b-9868-57a2d4851a1d" relativeResultsDirectory="b03cc343-1301-4a2b-9b7b-1a065bb16da2">
      <Output>
        <ErrorInfo>
          <Message>System.NullReferenceException : Object reference not set to an instance of an object.</Message>
          <StackTrace>   at Goedel.Mesh.Server.PublicMeshService..ctor(IMeshMachine meshMachine, ServiceConfiguration serviceConfiguration, HostConfiguration hostConfiguration) in C:\Users\hallam\Work\mmm\Mesh\Goedel.Mesh.Server\MeshDispatch.cs:line 136&#xD;
   at Goedel.Mesh.Test.TestEnvironmentCommon.get_MeshService() in C:\Users\hallam\Work\mmm\Testing\Goedel.Mesh.Test\TestEnvironmentCommon.cs:line 203&#xD;
   at Goedel.Mesh.Test.TestEnvironmentCommon.GetMeshClient(MeshMachineTest meshMachineTest, ICredentialPrivate credential, String serviceId, String accountAddress) in C:\Users\hallam\Work\mmm\Testing\Goedel.Mesh.Test\TestEnvironmentCommon.cs:line 222&#xD;
   at Goedel.Mesh.Test.MeshMachineTest.GetMeshClient(ICredentialPrivate credential, String service, String accountAddress) in C:\Users\hallam\Work\mmm\Testing\Goedel.Mesh.Test\MeshMachineTest.cs:line 88&#xD;
   at Goedel.Mesh.Client.ContextUser.SetService(String accountAddress) in C:\Users\hallam\Work\mmm\Mesh\Goedel.Mesh.Client\ContextUser.cs:line 243&#xD;
   at Goedel.Mesh.Client.MeshHost.ConfigureMesh(String accountAddress, String localName, PrivateKeyUDF accountSeed, ProfileDevice profileDevice, List`1 rights, Boolean create) in C:\Users\hallam\Work\mmm\Mesh\Goedel.Mesh.Client\MeshHost.cs:line 269&#xD;
   at Goedel.Mesh.Shell.Shell.AccountCreate(AccountCreate options) in C:\Users\hallam\Work\mmm\Mesh\Goedel.Mesh.Shell\DispatchAccount.cs:line 68&#xD;
   at Goedel.Mesh.Shell.CommandLineInterpreter.Handle_AccountCreate(DispatchShell DispatchIn, String[] Args, Int32 Index) in C:\Users\hallam\Work\mmm\Mesh\Goedel.Mesh.Shell\meshman.cs:line 520&#xD;
   at Goedel.Command.CommandLineInterpreterBase.Dispatcher(SortedDictionary`2 Entries, DescribeCommandEntry DefaultCommand, DispatchShell Dispatch, String[] Args, Int32 Index) in C:\Users\hallam\Work\mmm\Libraries\Goedel.Command\Command.cs:line 224&#xD;
   at Goedel.Command.CommandLineInterpreterBase.Dispatcher(SortedDictionary`2 Entries, DescribeCommandEntry DefaultCommand, DispatchShell Dispatch, String[] Args, Int32 Index) in C:\Users\hallam\Work\mmm\Libraries\Goedel.Command\Command.cs:line 228&#xD;
   at Goedel.Mesh.Test.TestCLI.Dispatch(String command, Boolean fail) in C:\Users\hallam\Work\mmm\Testing\Goedel.Mesh.Test\TestShell.cs:line 241&#xD;
   at Goedel.XUnit.ShellTests.TestAuthCreate(TestCLI device1, TestCLI device2, String auth) in C:\Users\hallam\Work\mmm\Testing\Goedel.Mesh.Shell.Test-xunit\TestProfile.cs:line 429&#xD;
   at Goedel.XUnit.ShellTests.TestCreateAdmin() in C:\Users\hallam\Work\mmm\Testing\Goedel.Mesh.Shell.Test-xunit\TestProfile.cs:line 313</StackTrace>
        </ErrorInfo>
      </Output>
    </UnitTestResult>
    <UnitTestResult executionId="03785347-8c4e-4666-a15b-717410e20aaf" testId="d81e6e26-4a3c-8bde-b1d0-01110c1ad6fd" testName="Goedel.XUnit.TestService.MeshCatalogAccount" computerName="VOODOO" duration="00:00:01.5186381" startTime="2021-12-02T13:54:22.5975697-05:00" endTime="2021-12-02T13:54:22.5975699-05:00" testType="13cdc9d9-ddb5-4fa4-a97d-d965ccfc6d4b" outcome="Failed" testListId="8c84fa94-04c1-424b-9868-57a2d4851a1d" relativeResultsDirectory="03785347-8c4e-4666-a15b-717410e20aaf">
      <Output>
        <ErrorInfo>
          <Message>System.NullReferenceException : Object reference not set to an instance of an object.</Message>
          <StackTrace>   at Goedel.Mesh.Server.PublicMeshService..ctor(IMeshMachine meshMachine, ServiceConfiguration serviceConfiguration, HostConfiguration hostConfiguration) in C:\Users\hallam\Work\mmm\Mesh\Goedel.Mesh.Server\MeshDispatch.cs:line 136&#xD;
   at Goedel.Mesh.Test.TestEnvironmentCommon.get_MeshService() in C:\Users\hallam\Work\mmm\Testing\Goedel.Mesh.Test\TestEnvironmentCommon.cs:line 203&#xD;
   at Goedel.Mesh.Test.TestEnvironmentCommon.GetMeshClient(MeshMachineTest meshMachineTest, ICredentialPrivate credential, String serviceId, String accountAddress) in C:\Users\hallam\Work\mmm\Testing\Goedel.Mesh.Test\TestEnvironmentCommon.cs:line 222&#xD;
   at Goedel.Mesh.Test.MeshMachineTest.GetMeshClient(ICredentialPrivate credential, String service, String accountAddress) in C:\Users\hallam\Work\mmm\Testing\Goedel.Mesh.Test\MeshMachineTest.cs:line 88&#xD;
   at Goedel.Mesh.Client.ContextUser.SetService(String accountAddress) in C:\Users\hallam\Work\mmm\Mesh\Goedel.Mesh.Client\ContextUser.cs:line 243&#xD;
   at Goedel.Mesh.Client.MeshHost.ConfigureMesh(String accountAddress, String localName, PrivateKeyUDF accountSeed, ProfileDevice profileDevice, List`1 rights, Boolean create) in C:\Users\hallam\Work\mmm\Mesh\Goedel.Mesh.Client\MeshHost.cs:line 269&#xD;
   at Goedel.Mesh.Test.MeshMachineTest.GenerateAccountUser(TestEnvironmentCommon testEnvironmentCommon, String machineName, String accountAddress, String localName) in C:\Users\hallam\Work\mmm\Testing\Goedel.Mesh.Test\MeshMachineTest.cs:line 120&#xD;
   at Goedel.XUnit.TestService.MeshCatalogAccount() in C:\Users\hallam\Work\mmm\Testing\Goedel.Mesh.Protocol.Test-xunit\TestService.cs:line 466</StackTrace>
        </ErrorInfo>
      </Output>
    </UnitTestResult>
    <UnitTestResult executionId="a9075c1c-8035-43cb-a544-a78b455b0eb5" testId="b737fe06-d8fc-92fd-5280-a8e1601ec2d8" testName="Goedel.XUnit.TestAsymmetric.TestRFC8032(Test: TestVectorAsymmetric { Algorithm = Ed448, Context = null, ContextData = null, Message = &quot;\r\n   64a65f3cdedcdd66811e2915e7&quot;, MessageData = [100, 166, 95, 60, 222, ...], ... })" computerName="VOODOO" duration="00:00:00.3413775" startTime="2021-12-02T13:54:16.8614085-05:00" endTime="2021-12-02T13:54:16.8614087-05:00" testType="13cdc9d9-ddb5-4fa4-a97d-d965ccfc6d4b" outcome="Passed" testListId="8c84fa94-04c1-424b-9868-57a2d4851a1d" relativeResultsDirectory="a9075c1c-8035-43cb-a544-a78b455b0eb5" />
    <UnitTestResult executionId="1c8562a9-9e28-4d30-9feb-bcfb427fe12f" testId="efcadf12-e25f-9360-b9dd-81c3486bd0ac" testName="Goedel.XUnit.ShellTestsAdmin.TestProfileConnectDynamicQR" computerName="VOODOO" duration="00:00:01.2452401" startTime="2021-12-02T13:55:00.5723424-05:00" endTime="2021-12-02T13:55:00.5723425-05:00" testType="13cdc9d9-ddb5-4fa4-a97d-d965ccfc6d4b" outcome="Failed" testListId="8c84fa94-04c1-424b-9868-57a2d4851a1d" relativeResultsDirectory="1c8562a9-9e28-4d30-9feb-bcfb427fe12f">
      <Output>
        <ErrorInfo>
          <Message>Goedel.Mesh.ServiceAdmin.HostNotFound : Configuration for the host ServiceConfig.json could not be found</Message>
          <StackTrace>   at Goedel.Mesh.ServiceAdmin.Configuration.GetHostConfiguration(String id) in C:\Users\hallam\Work\mmm\Mesh\Goedel.Mesh.ServiceAdmin\ServiceDescription.cs:line 135&#xD;
   at Goedel.Mesh.Shell.Host.Shell.HostStart(HostStart Options) in C:\Users\hallam\Work\mmm\Mesh\Goedel.Mesh.Shell.Host\ShellDispatch.cs:line 156&#xD;
   at Goedel.Mesh.Shell.Host.CommandLineInterpreter.Handle_HostStart(DispatchShell DispatchIn, String[] Args, Int32 Index) in C:\Users\hallam\Work\mmm\Mesh\Goedel.Mesh.Shell.Host\anyhost.cs:line 172&#xD;
   at Goedel.Command.CommandLineInterpreterBase.Dispatcher(SortedDictionary`2 Entries, DescribeCommandEntry DefaultCommand, DispatchShell Dispatch, String[] Args, Int32 Index) in C:\Users\hallam\Work\mmm\Libraries\Goedel.Command\Command.cs:line 224&#xD;
   at Goedel.Mesh.Shell.Host.CommandLineInterpreter.MainMethod(Shell Dispatch, String[] Args) in C:\Users\hallam\Work\mmm\Mesh\Goedel.Mesh.Shell.Host\anyhost.cs:line 161&#xD;
   at Goedel.Mesh.Test.TestEnvironmentRdpShell.Host(String command) in C:\Users\hallam\Work\mmm\Testing\Goedel.Mesh.Test\TestEnvironmentCommon.cs:line 121&#xD;
   at Goedel.Mesh.Test.TestEnvironmentRdpShell.StartService() in C:\Users\hallam\Work\mmm\Testing\Goedel.Mesh.Test\TestEnvironmentCommon.cs:line 90&#xD;
   at Goedel.Mesh.Test.TestEnvironmentRdpShell.GetMeshClient(MeshMachineTest meshMachineTest, ICredentialPrivate credential, String service, String accountAddress) in C:\Users\hallam\Work\mmm\Testing\Goedel.Mesh.Test\TestEnvironmentCommon.cs:line 102&#xD;
   at Goedel.Mesh.Test.MeshMachineTest.GetMeshClient(ICredentialPrivate credential, String service, String accountAddress) in C:\Users\hallam\Work\mmm\Testing\Goedel.Mesh.Test\MeshMachineTest.cs:line 88&#xD;
   at Goedel.Mesh.Client.ContextUser.SetService(String accountAddress) in C:\Users\hallam\Work\mmm\Mesh\Goedel.Mesh.Client\ContextUser.cs:line 243&#xD;
   at Goedel.Mesh.Client.MeshHost.ConfigureMesh(String accountAddress, String localName, PrivateKeyUDF accountSeed, ProfileDevice profileDevice, List`1 rights, Boolean create) in C:\Users\hallam\Work\mmm\Mesh\Goedel.Mesh.Client\MeshHost.cs:line 269&#xD;
   at Goedel.Mesh.Shell.Shell.AccountCreate(AccountCreate options) in C:\Users\hallam\Work\mmm\Mesh\Goedel.Mesh.Shell\DispatchAccount.cs:line 68&#xD;
   at Goedel.Mesh.Shell.CommandLineInterpreter.Handle_AccountCreate(DispatchShell DispatchIn, String[] Args, Int32 Index) in C:\Users\hallam\Work\mmm\Mesh\Goedel.Mesh.Shell\meshman.cs:line 520&#xD;
   at Goedel.Command.CommandLineInterpreterBase.Dispatcher(SortedDictionary`2 Entries, DescribeCommandEntry DefaultCommand, DispatchShell Dispatch, String[] Args, Int32 Index) in C:\Users\hallam\Work\mmm\Libraries\Goedel.Command\Command.cs:line 224&#xD;
   at Goedel.Command.CommandLineInterpreterBase.Dispatcher(SortedDictionary`2 Entries, DescribeCommandEntry DefaultCommand, DispatchShell Dispatch, String[] Args, Int32 Index) in C:\Users\hallam\Work\mmm\Libraries\Goedel.Command\Command.cs:line 228&#xD;
   at Goedel.Mesh.Test.TestCLI.Dispatch(String command, Boolean fail) in C:\Users\hallam\Work\mmm\Testing\Goedel.Mesh.Test\TestShell.cs:line 241&#xD;
   at Goedel.XUnit.ShellTests.TestProfileConnectDynamicQR() in C:\Users\hallam\Work\mmm\Testing\Goedel.Mesh.Shell.Test-xunit\TestProfile.cs:line 229</StackTrace>
        </ErrorInfo>
      </Output>
    </UnitTestResult>
    <UnitTestResult executionId="607edeea-2105-4609-b14e-4a6855ea37e8" testId="ff37e3df-7bce-daef-da36-686cec35759a" testName="Goedel.XUnit.TestContainers.ContainerIsolatedPolicy" computerName="VOODOO" duration="00:00:00.4465340" startTime="2021-12-02T13:54:24.8304798-05:00" endTime="2021-12-02T13:54:24.8304801-05:00" testType="13cdc9d9-ddb5-4fa4-a97d-d965ccfc6d4b" outcome="Passed" testListId="8c84fa94-04c1-424b-9868-57a2d4851a1d" relativeResultsDirectory="607edeea-2105-4609-b14e-4a6855ea37e8" />
    <UnitTestResult executionId="cc1472bc-1f55-4c37-bfd4-b372af331e98" testId="fce95550-4c7a-694e-a246-ea434b9603f4" testName="Goedel.XUnit.TestGoedelCryptography.UDFMultipleKeyTest(iterations: 100, udfAlgorithmIdentifier: MeshProfileDevice)" computerName="VOODOO" duration="00:00:03.3989415" startTime="2021-12-02T13:55:22.5016439-05:00" endTime="2021-12-02T13:55:22.5016441-05:00" testType="13cdc9d9-ddb5-4fa4-a97d-d965ccfc6d4b" outcome="Passed" testListId="8c84fa94-04c1-424b-9868-57a2d4851a1d" relativeResultsDirectory="cc1472bc-1f55-4c37-bfd4-b372af331e98" />
    <UnitTestResult executionId="bc9a5ea4-e539-4111-9bc6-5c8e0216fa40" testId="3fb7df25-c138-035e-8d18-b42ad5937e06" testName="Goedel.XUnit.MakeSiteDocs.TestContact" computerName="VOODOO" duration="00:00:00.1090760" startTime="2021-12-02T13:54:13.1498759-05:00" endTime="2021-12-02T13:54:13.1498761-05:00" testType="13cdc9d9-ddb5-4fa4-a97d-d965ccfc6d4b" outcome="Failed" testListId="8c84fa94-04c1-424b-9868-57a2d4851a1d" relativeResultsDirectory="bc9a5ea4-e539-4111-9bc6-5c8e0216fa40">
      <Output>
        <ErrorInfo>
          <Message>System.NullReferenceException : Object reference not set to an instance of an object.</Message>
          <StackTrace>   at ExampleGenerator.CreateExamples.ServiceConnect() in C:\Users\hallam\Work\mmm\Documentation\MakeSiteDocs\CreateExamples.cs:line 141&#xD;
   at Goedel.XUnit.MakeSiteDocs.TestContact() in C:\Users\hallam\Work\mmm\Testing\Test.MakeSiteDocs\MakeSiteDocs.cs:line 155</StackTrace>
        </ErrorInfo>
      </Output>
    </UnitTestResult>
    <UnitTestResult executionId="15a55cd1-85d9-4c9e-9f6c-572101a1928d" testId="b737fe06-d8fc-92fd-5280-a8e1601ec2d8" testName="Goedel.XUnit.TestAsymmetric.TestRFC8032(Test: TestVectorAsymmetric { Algorithm = Ed25519ctx, Context = &quot;\r\n   666f6f&quot;, ContextData = [102, 111, 111], Message = &quot;\r\n   508e9e6882b979fea900f62adceaca35&quot;, MessageData = [80, 142, 158, 104, 130, ...], ... })" computerName="VOODOO" duration="00:00:00.2096801" startTime="2021-12-02T13:54:14.4969664-05:00" endTime="2021-12-02T13:54:14.4969668-05:00" testType="13cdc9d9-ddb5-4fa4-a97d-d965ccfc6d4b" outcome="Passed" testListId="8c84fa94-04c1-424b-9868-57a2d4851a1d" relativeResultsDirectory="15a55cd1-85d9-4c9e-9f6c-572101a1928d" />
    <UnitTestResult executionId="5cbbae6d-27d5-4af0-89b0-6025ec1bc2ee" testId="17f50111-0464-df96-8ad7-196e62c2e7b3" testName="Goedel.XUnit.ShellTests.TestKey(bits: 192)" computerName="VOODOO" duration="00:00:00.0026611" startTime="2021-12-02T13:54:12.0864287-05:00" endTime="2021-12-02T13:54:12.0864289-05:00" testType="13cdc9d9-ddb5-4fa4-a97d-d965ccfc6d4b" outcome="Passed" testListId="8c84fa94-04c1-424b-9868-57a2d4851a1d" relativeResultsDirectory="5cbbae6d-27d5-4af0-89b0-6025ec1bc2ee" />
    <UnitTestResult executionId="67579ce6-54dc-4d35-9453-b16304f1713e" testId="bef7a01a-eeb8-f600-5492-769f8c1b3546" testName="Goedel.XUnit.TestGoedelCryptography.TestBitField2" computerName="VOODOO" duration="00:00:00.0003002" startTime="2021-12-02T13:55:11.3918629-05:00" endTime="2021-12-02T13:55:11.3918631-05:00" testType="13cdc9d9-ddb5-4fa4-a97d-d965ccfc6d4b" outcome="Passed" testListId="8c84fa94-04c1-424b-9868-57a2d4851a1d" relativeResultsDirectory="67579ce6-54dc-4d35-9453-b16304f1713e" />
    <UnitTestResult executionId="90323758-c2a7-4308-bc04-abcafc48fb4a" testId="424ea186-6dc3-c9ef-843d-8a1cd52be337" testName="Goedel.XUnit.TestPlatform.TestWritePEMRSA" computerName="VOODOO" duration="00:00:00.0091583" startTime="2021-12-02T13:54:09.6497528-05:00" endTime="2021-12-02T13:54:09.6497530-05:00" testType="13cdc9d9-ddb5-4fa4-a97d-d965ccfc6d4b" outcome="Passed" testListId="8c84fa94-04c1-424b-9868-57a2d4851a1d" relativeResultsDirectory="90323758-c2a7-4308-bc04-abcafc48fb4a" />
    <UnitTestResult executionId="b3ac13cb-0beb-4d46-84c5-d50f02055ffa" testId="a5d42cf1-88fe-1cac-c2a5-c65452c77b2b" testName="Goedel.XUnit.TestGoedelCryptography.UDFKeyGen(Test: TestVectorUDFKeyGen { KeyUses = DigitalSignature, ResultUDF = &quot;MB2W-MYKD-RT2Q-VZD4-76ER-ER5O-3WH2&quot;, Seed = &quot;test1&quot;, UdfAlgorithmIdentifier = Ed25519 })" computerName="VOODOO" duration="00:00:00.0040343" startTime="2021-12-02T13:55:23.1965424-05:00" endTime="2021-12-02T13:55:23.1965425-05:00" testType="13cdc9d9-ddb5-4fa4-a97d-d965ccfc6d4b" outcome="Passed" testListId="8c84fa94-04c1-424b-9868-57a2d4851a1d" relativeResultsDirectory="b3ac13cb-0beb-4d46-84c5-d50f02055ffa" />
    <UnitTestResult executionId="a2a93346-3901-4e49-9213-17064938677b" testId="b737fe06-d8fc-92fd-5280-a8e1601ec2d8" testName="Goedel.XUnit.TestAsymmetric.TestRFC8032(Test: TestVectorAsymmetric { Algorithm = EdDSA, Context = null, ContextData = null, Message = &quot;\r\n   af82&quot;, MessageData = [175, 130], ... })" computerName="VOODOO" duration="00:00:00.0768736" startTime="2021-12-02T13:54:13.8635421-05:00" endTime="2021-12-02T13:54:13.8635424-05:00" testType="13cdc9d9-ddb5-4fa4-a97d-d965ccfc6d4b" outcome="Passed" testListId="8c84fa94-04c1-424b-9868-57a2d4851a1d" relativeResultsDirectory="a2a93346-3901-4e49-9213-17064938677b" />
    <UnitTestResult executionId="c7b02afc-5056-4899-a424-a28a165cb195" testId="845163bd-0313-8eb8-4140-b54cfec3f603" testName="Goedel.XUnit.TestService.MeshServiceEncryptCredential" computerName="VOODOO" duration="00:00:00.8434576" startTime="2021-12-02T13:54:37.0399126-05:00" endTime="2021-12-02T13:54:37.0399128-05:00" testType="13cdc9d9-ddb5-4fa4-a97d-d965ccfc6d4b" outcome="Failed" testListId="8c84fa94-04c1-424b-9868-57a2d4851a1d" relativeResultsDirectory="c7b02afc-5056-4899-a424-a28a165cb195">
      <Output>
        <ErrorInfo>
          <Message>System.NullReferenceException : Object reference not set to an instance of an object.</Message>
          <StackTrace>   at Goedel.Mesh.Server.PublicMeshService..ctor(IMeshMachine meshMachine, ServiceConfiguration serviceConfiguration, HostConfiguration hostConfiguration) in C:\Users\hallam\Work\mmm\Mesh\Goedel.Mesh.Server\MeshDispatch.cs:line 136&#xD;
   at Goedel.Mesh.Test.TestEnvironmentCommon.get_MeshService() in C:\Users\hallam\Work\mmm\Testing\Goedel.Mesh.Test\TestEnvironmentCommon.cs:line 203&#xD;
   at Goedel.Mesh.Test.TestEnvironmentCommon.GetMeshClient(MeshMachineTest meshMachineTest, ICredentialPrivate credential, String serviceId, String accountAddress) in C:\Users\hallam\Work\mmm\Testing\Goedel.Mesh.Test\TestEnvironmentCommon.cs:line 222&#xD;
   at Goedel.Mesh.Test.MeshMachineTest.GetMeshClient(ICredentialPrivate credential, String service, String accountAddress) in C:\Users\hallam\Work\mmm\Testing\Goedel.Mesh.Test\MeshMachineTest.cs:line 88&#xD;
   at Goedel.Mesh.Client.ContextUser.SetService(String accountAddress) in C:\Users\hallam\Work\mmm\Mesh\Goedel.Mesh.Client\ContextUser.cs:line 243&#xD;
   at Goedel.Mesh.Client.MeshHost.ConfigureMesh(String accountAddress, String localName, PrivateKeyUDF accountSeed, ProfileDevice profileDevice, List`1 rights, Boolean create) in C:\Users\hallam\Work\mmm\Mesh\Goedel.Mesh.Client\MeshHost.cs:line 269&#xD;
   at Goedel.XUnit.TestService.MeshServiceEncryptCredential() in C:\Users\hallam\Work\mmm\Testing\Goedel.Mesh.Protocol.Test-xunit\TestService.cs:line 122</StackTrace>
        </ErrorInfo>
      </Output>
    </UnitTestResult>
    <UnitTestResult executionId="a639bf6e-525e-462a-97ac-1a0fe6f3bfa8" testId="68422660-1555-50dc-e38e-8ec47124454f" testName="Goedel.XUnit.TestService.TestProfileFails(dataValidity: CorruptMissing)" computerName="VOODOO" duration="00:00:02.4250036" startTime="2021-12-02T13:54:15.5377068-05:00" endTime="2021-12-02T13:54:15.5377071-05:00" testType="13cdc9d9-ddb5-4fa4-a97d-d965ccfc6d4b" outcome="Failed" testListId="8c84fa94-04c1-424b-9868-57a2d4851a1d" relativeResultsDirectory="a639bf6e-525e-462a-97ac-1a0fe6f3bfa8">
      <Output>
        <ErrorInfo>
          <Message>System.NullReferenceException : Object reference not set to an instance of an object.</Message>
          <StackTrace>   at Goedel.Mesh.Server.PublicMeshService..ctor(IMeshMachine meshMachine, ServiceConfiguration serviceConfiguration, HostConfiguration hostConfiguration) in C:\Users\hallam\Work\mmm\Mesh\Goedel.Mesh.Server\MeshDispatch.cs:line 136&#xD;
   at Goedel.Mesh.Test.TestEnvironmentCommon.get_MeshService() in C:\Users\hallam\Work\mmm\Testing\Goedel.Mesh.Test\TestEnvironmentCommon.cs:line 203&#xD;
   at Goedel.Mesh.Test.TestEnvironmentCommon.GetMeshClient(MeshMachineTest meshMachineTest, ICredentialPrivate credential, String serviceId, String accountAddress) in C:\Users\hallam\Work\mmm\Testing\Goedel.Mesh.Test\TestEnvironmentCommon.cs:line 222&#xD;
   at Goedel.Mesh.Test.MeshMachineTest.GetMeshClient(ICredentialPrivate credential, String service, String accountAddress) in C:\Users\hallam\Work\mmm\Testing\Goedel.Mesh.Test\MeshMachineTest.cs:line 88&#xD;
   at Goedel.Mesh.Client.ContextUser.SetService(String accountAddress) in C:\Users\hallam\Work\mmm\Mesh\Goedel.Mesh.Client\ContextUser.cs:line 243&#xD;
   at Goedel.Mesh.Client.MeshHost.ConfigureMesh(String accountAddress, String localName, PrivateKeyUDF accountSeed, ProfileDevice profileDevice, List`1 rights, Boolean create) in C:\Users\hallam\Work\mmm\Mesh\Goedel.Mesh.Client\MeshHost.cs:line 269&#xD;
   at Goedel.Mesh.Test.MeshMachineTest.GenerateAccountUser(TestEnvironmentCommon testEnvironmentCommon, String machineName, String accountAddress, String localName) in C:\Users\hallam\Work\mmm\Testing\Goedel.Mesh.Test\MeshMachineTest.cs:line 120&#xD;
   at Goedel.XUnit.TestService.TestProfileFails(DataValidity dataValidity) in C:\Users\hallam\Work\mmm\Testing\Goedel.Mesh.Protocol.Test-xunit\MeshCredential.cs:line 160</StackTrace>
        </ErrorInfo>
      </Output>
    </UnitTestResult>
    <UnitTestResult executionId="136213e9-3fa2-4218-a735-1c8b125e29a2" testId="c23b1e95-1acd-a324-a9d5-b14d7d25dd8b" testName="Goedel.XUnit.ShellTestsAdmin.TestRandom(bits: 0)" computerName="VOODOO" duration="00:00:00.0120603" startTime="2021-12-02T13:54:26.6967698-05:00" endTime="2021-12-02T13:54:26.6967701-05:00" testType="13cdc9d9-ddb5-4fa4-a97d-d965ccfc6d4b" outcome="Passed" testListId="8c84fa94-04c1-424b-9868-57a2d4851a1d" relativeResultsDirectory="136213e9-3fa2-4218-a735-1c8b125e29a2" />
    <UnitTestResult executionId="647a8b0d-db38-4733-a7f5-9ba54a775d86" testId="69a4c9e4-df4a-b770-9a53-01e7fc795a86" testName="Goedel.XUnit.ShellTestsAdmin.TestMessageContactBusinessCardExchange" computerName="VOODOO" duration="00:00:01.2632959" startTime="2021-12-02T13:54:59.3267436-05:00" endTime="2021-12-02T13:54:59.3267437-05:00" testType="13cdc9d9-ddb5-4fa4-a97d-d965ccfc6d4b" outcome="Failed" testListId="8c84fa94-04c1-424b-9868-57a2d4851a1d" relativeResultsDirectory="647a8b0d-db38-4733-a7f5-9ba54a775d86">
      <Output>
        <ErrorInfo>
          <Message>Goedel.Mesh.ServiceAdmin.HostNotFound : Configuration for the host ServiceConfig.json could not be found</Message>
          <StackTrace>   at Goedel.Mesh.ServiceAdmin.Configuration.GetHostConfiguration(String id) in C:\Users\hallam\Work\mmm\Mesh\Goedel.Mesh.ServiceAdmin\ServiceDescription.cs:line 135&#xD;
   at Goedel.Mesh.Shell.Host.Shell.HostStart(HostStart Options) in C:\Users\hallam\Work\mmm\Mesh\Goedel.Mesh.Shell.Host\ShellDispatch.cs:line 156&#xD;
   at Goedel.Mesh.Shell.Host.CommandLineInterpreter.Handle_HostStart(DispatchShell DispatchIn, String[] Args, Int32 Index) in C:\Users\hallam\Work\mmm\Mesh\Goedel.Mesh.Shell.Host\anyhost.cs:line 172&#xD;
   at Goedel.Command.CommandLineInterpreterBase.Dispatcher(SortedDictionary`2 Entries, DescribeCommandEntry DefaultCommand, DispatchShell Dispatch, String[] Args, Int32 Index) in C:\Users\hallam\Work\mmm\Libraries\Goedel.Command\Command.cs:line 224&#xD;
   at Goedel.Mesh.Shell.Host.CommandLineInterpreter.MainMethod(Shell Dispatch, String[] Args) in C:\Users\hallam\Work\mmm\Mesh\Goedel.Mesh.Shell.Host\anyhost.cs:line 161&#xD;
   at Goedel.Mesh.Test.TestEnvironmentRdpShell.Host(String command) in C:\Users\hallam\Work\mmm\Testing\Goedel.Mesh.Test\TestEnvironmentCommon.cs:line 121&#xD;
   at Goedel.Mesh.Test.TestEnvironmentRdpShell.StartService() in C:\Users\hallam\Work\mmm\Testing\Goedel.Mesh.Test\TestEnvironmentCommon.cs:line 90&#xD;
   at Goedel.Mesh.Test.TestEnvironmentRdpShell.GetMeshClient(MeshMachineTest meshMachineTest, ICredentialPrivate credential, String service, String accountAddress) in C:\Users\hallam\Work\mmm\Testing\Goedel.Mesh.Test\TestEnvironmentCommon.cs:line 102&#xD;
   at Goedel.Mesh.Test.MeshMachineTest.GetMeshClient(ICredentialPrivate credential, String service, String accountAddress) in C:\Users\hallam\Work\mmm\Testing\Goedel.Mesh.Test\MeshMachineTest.cs:line 88&#xD;
   at Goedel.Mesh.Client.ContextUser.SetService(String accountAddress) in C:\Users\hallam\Work\mmm\Mesh\Goedel.Mesh.Client\ContextUser.cs:line 243&#xD;
   at Goedel.Mesh.Client.MeshHost.ConfigureMesh(String accountAddress, String localName, PrivateKeyUDF accountSeed, ProfileDevice profileDevice, List`1 rights, Boolean create) in C:\Users\hallam\Work\mmm\Mesh\Goedel.Mesh.Client\MeshHost.cs:line 269&#xD;
   at Goedel.Mesh.Shell.Shell.AccountCreate(AccountCreate options) in C:\Users\hallam\Work\mmm\Mesh\Goedel.Mesh.Shell\DispatchAccount.cs:line 68&#xD;
   at Goedel.Mesh.Shell.CommandLineInterpreter.Handle_AccountCreate(DispatchShell DispatchIn, String[] Args, Int32 Index) in C:\Users\hallam\Work\mmm\Mesh\Goedel.Mesh.Shell\meshman.cs:line 520&#xD;
   at Goedel.Command.CommandLineInterpreterBase.Dispatcher(SortedDictionary`2 Entries, DescribeCommandEntry DefaultCommand, DispatchShell Dispatch, String[] Args, Int32 Index) in C:\Users\hallam\Work\mmm\Libraries\Goedel.Command\Command.cs:line 224&#xD;
   at Goedel.Command.CommandLineInterpreterBase.Dispatcher(SortedDictionary`2 Entries, DescribeCommandEntry DefaultCommand, DispatchShell Dispatch, String[] Args, Int32 Index) in C:\Users\hallam\Work\mmm\Libraries\Goedel.Command\Command.cs:line 228&#xD;
   at Goedel.Mesh.Test.TestCLI.Dispatch(String command, Boolean fail) in C:\Users\hallam\Work\mmm\Testing\Goedel.Mesh.Test\TestShell.cs:line 241&#xD;
   at Goedel.XUnit.ShellTests.MakeAccount(TestCLI device, String account) in C:\Users\hallam\Work\mmm\Testing\Goedel.Mesh.Shell.Test-xunit\TestMessage.cs:line 186&#xD;
   at Goedel.XUnit.ShellTests.TestMessageContactBusinessCardExchange() in C:\Users\hallam\Work\mmm\Testing\Goedel.Mesh.Shell.Test-xunit\TestMessage.cs:line 70</StackTrace>
        </ErrorInfo>
      </Output>
    </UnitTestResult>
    <UnitTestResult executionId="41831716-e53d-4d5d-9d2d-80a5c9803c60" testId="796c1983-b73f-bbf3-81e0-ffdf035f41bf" testName="Goedel.XUnit.TestLifecycle.Test_LifecycleAdmin(CryptoAlgorithmID: EdDSA, KeySize: 2048)" computerName="VOODOO" duration="00:00:00.0487037" startTime="2021-12-02T13:54:20.0926942-05:00" endTime="2021-12-02T13:54:20.0926944-05:00" testType="13cdc9d9-ddb5-4fa4-a97d-d965ccfc6d4b" outcome="Passed" testListId="8c84fa94-04c1-424b-9868-57a2d4851a1d" relativeResultsDirectory="41831716-e53d-4d5d-9d2d-80a5c9803c60" />
    <UnitTestResult executionId="9cd36cce-0aa8-44d9-bb67-e41f1b0ba9b6" testId="c8d98072-caa2-10e7-cae7-bcaf61f2815b" testName="Goedel.XUnit.ShellTests.TestProfileConnectDynamicQR" computerName="VOODOO" duration="00:00:00.9216468" startTime="2021-12-02T13:54:37.7401737-05:00" endTime="2021-12-02T13:54:37.7401739-05:00" testType="13cdc9d9-ddb5-4fa4-a97d-d965ccfc6d4b" outcome="Failed" testListId="8c84fa94-04c1-424b-9868-57a2d4851a1d" relativeResultsDirectory="9cd36cce-0aa8-44d9-bb67-e41f1b0ba9b6">
      <Output>
        <ErrorInfo>
          <Message>System.NullReferenceException : Object reference not set to an instance of an object.</Message>
          <StackTrace>   at Goedel.Mesh.Server.PublicMeshService..ctor(IMeshMachine meshMachine, ServiceConfiguration serviceConfiguration, HostConfiguration hostConfiguration) in C:\Users\hallam\Work\mmm\Mesh\Goedel.Mesh.Server\MeshDispatch.cs:line 136&#xD;
   at Goedel.Mesh.Test.TestEnvironmentCommon.get_MeshService() in C:\Users\hallam\Work\mmm\Testing\Goedel.Mesh.Test\TestEnvironmentCommon.cs:line 203&#xD;
   at Goedel.Mesh.Test.TestEnvironmentCommon.GetMeshClient(MeshMachineTest meshMachineTest, ICredentialPrivate credential, String serviceId, String accountAddress) in C:\Users\hallam\Work\mmm\Testing\Goedel.Mesh.Test\TestEnvironmentCommon.cs:line 222&#xD;
   at Goedel.Mesh.Test.MeshMachineTest.GetMeshClient(ICredentialPrivate credential, String service, String accountAddress) in C:\Users\hallam\Work\mmm\Testing\Goedel.Mesh.Test\MeshMachineTest.cs:line 88&#xD;
   at Goedel.Mesh.Client.ContextUser.SetService(String accountAddress) in C:\Users\hallam\Work\mmm\Mesh\Goedel.Mesh.Client\ContextUser.cs:line 243&#xD;
   at Goedel.Mesh.Client.MeshHost.ConfigureMesh(String accountAddress, String localName, PrivateKeyUDF accountSeed, ProfileDevice profileDevice, List`1 rights, Boolean create) in C:\Users\hallam\Work\mmm\Mesh\Goedel.Mesh.Client\MeshHost.cs:line 269&#xD;
   at Goedel.Mesh.Shell.Shell.AccountCreate(AccountCreate options) in C:\Users\hallam\Work\mmm\Mesh\Goedel.Mesh.Shell\DispatchAccount.cs:line 68&#xD;
   at Goedel.Mesh.Shell.CommandLineInterpreter.Handle_AccountCreate(DispatchShell DispatchIn, String[] Args, Int32 Index) in C:\Users\hallam\Work\mmm\Mesh\Goedel.Mesh.Shell\meshman.cs:line 520&#xD;
   at Goedel.Command.CommandLineInterpreterBase.Dispatcher(SortedDictionary`2 Entries, DescribeCommandEntry DefaultCommand, DispatchShell Dispatch, String[] Args, Int32 Index) in C:\Users\hallam\Work\mmm\Libraries\Goedel.Command\Command.cs:line 224&#xD;
   at Goedel.Command.CommandLineInterpreterBase.Dispatcher(SortedDictionary`2 Entries, DescribeCommandEntry DefaultCommand, DispatchShell Dispatch, String[] Args, Int32 Index) in C:\Users\hallam\Work\mmm\Libraries\Goedel.Command\Command.cs:line 228&#xD;
   at Goedel.Mesh.Test.TestCLI.Dispatch(String command, Boolean fail) in C:\Users\hallam\Work\mmm\Testing\Goedel.Mesh.Test\TestShell.cs:line 241&#xD;
   at Goedel.XUnit.ShellTests.TestProfileConnectDynamicQR() in C:\Users\hallam\Work\mmm\Testing\Goedel.Mesh.Shell.Test-xunit\TestProfile.cs:line 229</StackTrace>
        </ErrorInfo>
      </Output>
    </UnitTestResult>
    <UnitTestResult executionId="bb82e4b5-9926-4f55-ad80-796f6dd57ecf" testId="57db2f72-ca51-5233-f394-20b3a5d1bb5d" testName="Goedel.XUnit.TestGoedelCryptography.X448Agree(count: 1000)" computerName="VOODOO" duration="00:00:33.6014512" startTime="2021-12-02T13:55:11.3743536-05:00" endTime="2021-12-02T13:55:11.3743538-05:00" testType="13cdc9d9-ddb5-4fa4-a97d-d965ccfc6d4b" outcome="Passed" testListId="8c84fa94-04c1-424b-9868-57a2d4851a1d" relativeResultsDirectory="bb82e4b5-9926-4f55-ad80-796f6dd57ecf" />
    <UnitTestResult executionId="8e595fb8-fcfa-48b0-aeef-9ac585e3ca5d" testId="33e340bc-07fa-db2c-b072-f70b710570db" testName="Goedel.XUnit.ShellTests.TestFilePlain" computerName="VOODOO" duration="00:00:00.0432986" startTime="2021-12-02T13:54:28.0108749-05:00" endTime="2021-12-02T13:54:28.0108751-05:00" testType="13cdc9d9-ddb5-4fa4-a97d-d965ccfc6d4b" outcome="Passed" testListId="8c84fa94-04c1-424b-9868-57a2d4851a1d" relativeResultsDirectory="8e595fb8-fcfa-48b0-aeef-9ac585e3ca5d" />
    <UnitTestResult executionId="38693f4d-5253-4020-8444-941791b018bc" testId="20396393-1320-3963-2cd9-8a3d0d455262" testName="Goedel.XUnit.TestService.MeshDeviceThresholdKey" computerName="VOODOO" duration="00:00:00.8918074" startTime="2021-12-02T13:54:54.1404625-05:00" endTime="2021-12-02T13:54:54.1404627-05:00" testType="13cdc9d9-ddb5-4fa4-a97d-d965ccfc6d4b" outcome="Failed" testListId="8c84fa94-04c1-424b-9868-57a2d4851a1d" relativeResultsDirectory="38693f4d-5253-4020-8444-941791b018bc">
      <Output>
        <ErrorInfo>
          <Message>System.NullReferenceException : Object reference not set to an instance of an object.</Message>
          <StackTrace>   at Goedel.Mesh.Server.PublicMeshService..ctor(IMeshMachine meshMachine, ServiceConfiguration serviceConfiguration, HostConfiguration hostConfiguration) in C:\Users\hallam\Work\mmm\Mesh\Goedel.Mesh.Server\MeshDispatch.cs:line 136&#xD;
   at Goedel.Mesh.Test.TestEnvironmentCommon.get_MeshService() in C:\Users\hallam\Work\mmm\Testing\Goedel.Mesh.Test\TestEnvironmentCommon.cs:line 203&#xD;
   at Goedel.Mesh.Test.TestEnvironmentCommon.GetMeshClient(MeshMachineTest meshMachineTest, ICredentialPrivate credential, String serviceId, String accountAddress) in C:\Users\hallam\Work\mmm\Testing\Goedel.Mesh.Test\TestEnvironmentCommon.cs:line 222&#xD;
   at Goedel.Mesh.Test.MeshMachineTest.GetMeshClient(ICredentialPrivate credential, String service, String accountAddress) in C:\Users\hallam\Work\mmm\Testing\Goedel.Mesh.Test\MeshMachineTest.cs:line 88&#xD;
   at Goedel.Mesh.Client.ContextUser.SetService(String accountAddress) in C:\Users\hallam\Work\mmm\Mesh\Goedel.Mesh.Client\ContextUser.cs:line 243&#xD;
   at Goedel.Mesh.Client.MeshHost.ConfigureMesh(String accountAddress, String localName, PrivateKeyUDF accountSeed, ProfileDevice profileDevice, List`1 rights, Boolean create) in C:\Users\hallam\Work\mmm\Mesh\Goedel.Mesh.Client\MeshHost.cs:line 269&#xD;
   at Goedel.Mesh.Test.MeshMachineTest.GenerateAccountUser(TestEnvironmentCommon testEnvironmentCommon, String machineName, String accountAddress, String localName) in C:\Users\hallam\Work\mmm\Testing\Goedel.Mesh.Test\MeshMachineTest.cs:line 120&#xD;
   at Goedel.XUnit.TestService.MeshCheckAccountAuth(String role) in C:\Users\hallam\Work\mmm\Testing\Goedel.Mesh.Protocol.Test-xunit\Authorization.cs:line 66&#xD;
   at Goedel.XUnit.TestService.MeshDeviceThresholdKey() in C:\Users\hallam\Work\mmm\Testing\Goedel.Mesh.Protocol.Test-xunit\Authorization.cs:line 60</StackTrace>
        </ErrorInfo>
      </Output>
    </UnitTestResult>
    <UnitTestResult executionId="cbe4264d-fb13-4c7d-83c0-aca04cfe5ec5" testId="dae0cefc-2e7d-7b98-3c35-94e712fa0cdf" testName="Goedel.XUnit.TestPlatform.TestKeyRead" computerName="VOODOO" duration="00:00:00.1047117" startTime="2021-12-02T13:54:09.6407726-05:00" endTime="2021-12-02T13:54:09.6408300-05:00" testType="13cdc9d9-ddb5-4fa4-a97d-d965ccfc6d4b" outcome="Passed" testListId="8c84fa94-04c1-424b-9868-57a2d4851a1d" relativeResultsDirectory="cbe4264d-fb13-4c7d-83c0-aca04cfe5ec5" />
    <UnitTestResult executionId="a0f1b6ea-c18f-41ad-9158-d705ba4e5e6f" testId="90cc755d-d5c5-b1da-cad4-9bc33bea8924" testName="Goedel.XUnit.StoreTests.TestCatalog" computerName="VOODOO" duration="00:00:00.0542748" startTime="2021-12-02T13:54:10.9817191-05:00" endTime="2021-12-02T13:54:10.9817192-05:00" testType="13cdc9d9-ddb5-4fa4-a97d-d965ccfc6d4b" outcome="Passed" testListId="8c84fa94-04c1-424b-9868-57a2d4851a1d" relativeResultsDirectory="a0f1b6ea-c18f-41ad-9158-d705ba4e5e6f" />
    <UnitTestResult executionId="f0cc7aaa-9ccf-4cef-a1fd-f2b75c5ad192" testId="a4e1a9be-f6f1-c26f-ca0a-458914548a21" testName="Goedel.XUnit.ShellTests.TestCreateSuper" computerName="VOODOO" duration="00:00:01.0740236" startTime="2021-12-02T13:54:35.8824550-05:00" endTime="2021-12-02T13:54:35.8824552-05:00" testType="13cdc9d9-ddb5-4fa4-a97d-d965ccfc6d4b" outcome="Failed" testListId="8c84fa94-04c1-424b-9868-57a2d4851a1d" relativeResultsDirectory="f0cc7aaa-9ccf-4cef-a1fd-f2b75c5ad192">
      <Output>
        <ErrorInfo>
          <Message>System.NullReferenceException : Object reference not set to an instance of an object.</Message>
          <StackTrace>   at Goedel.Mesh.Server.PublicMeshService..ctor(IMeshMachine meshMachine, ServiceConfiguration serviceConfiguration, HostConfiguration hostConfiguration) in C:\Users\hallam\Work\mmm\Mesh\Goedel.Mesh.Server\MeshDispatch.cs:line 136&#xD;
   at Goedel.Mesh.Test.TestEnvironmentCommon.get_MeshService() in C:\Users\hallam\Work\mmm\Testing\Goedel.Mesh.Test\TestEnvironmentCommon.cs:line 203&#xD;
   at Goedel.Mesh.Test.TestEnvironmentCommon.GetMeshClient(MeshMachineTest meshMachineTest, ICredentialPrivate credential, String serviceId, String accountAddress) in C:\Users\hallam\Work\mmm\Testing\Goedel.Mesh.Test\TestEnvironmentCommon.cs:line 222&#xD;
   at Goedel.Mesh.Test.MeshMachineTest.GetMeshClient(ICredentialPrivate credential, String service, String accountAddress) in C:\Users\hallam\Work\mmm\Testing\Goedel.Mesh.Test\MeshMachineTest.cs:line 88&#xD;
   at Goedel.Mesh.Client.ContextUser.SetService(String accountAddress) in C:\Users\hallam\Work\mmm\Mesh\Goedel.Mesh.Client\ContextUser.cs:line 243&#xD;
   at Goedel.Mesh.Client.MeshHost.ConfigureMesh(String accountAddress, String localName, PrivateKeyUDF accountSeed, ProfileDevice profileDevice, List`1 rights, Boolean create) in C:\Users\hallam\Work\mmm\Mesh\Goedel.Mesh.Client\MeshHost.cs:line 269&#xD;
   at Goedel.Mesh.Shell.Shell.AccountCreate(AccountCreate options) in C:\Users\hallam\Work\mmm\Mesh\Goedel.Mesh.Shell\DispatchAccount.cs:line 68&#xD;
   at Goedel.Mesh.Shell.CommandLineInterpreter.Handle_AccountCreate(DispatchShell DispatchIn, String[] Args, Int32 Index) in C:\Users\hallam\Work\mmm\Mesh\Goedel.Mesh.Shell\meshman.cs:line 520&#xD;
   at Goedel.Command.CommandLineInterpreterBase.Dispatcher(SortedDictionary`2 Entries, DescribeCommandEntry DefaultCommand, DispatchShell Dispatch, String[] Args, Int32 Index) in C:\Users\hallam\Work\mmm\Libraries\Goedel.Command\Command.cs:line 224&#xD;
   at Goedel.Command.CommandLineInterpreterBase.Dispatcher(SortedDictionary`2 Entries, DescribeCommandEntry DefaultCommand, DispatchShell Dispatch, String[] Args, Int32 Index) in C:\Users\hallam\Work\mmm\Libraries\Goedel.Command\Command.cs:line 228&#xD;
   at Goedel.Mesh.Test.TestCLI.Dispatch(String command, Boolean fail) in C:\Users\hallam\Work\mmm\Testing\Goedel.Mesh.Test\TestShell.cs:line 241&#xD;
   at Goedel.XUnit.ShellTests.TestAuthCreate(TestCLI device1, TestCLI device2, String auth) in C:\Users\hallam\Work\mmm\Testing\Goedel.Mesh.Shell.Test-xunit\TestProfile.cs:line 429&#xD;
   at Goedel.XUnit.ShellTests.TestCreateSuper() in C:\Users\hallam\Work\mmm\Testing\Goedel.Mesh.Shell.Test-xunit\TestProfile.cs:line 283</StackTrace>
        </ErrorInfo>
      </Output>
    </UnitTestResult>
    <UnitTestResult executionId="f6f3278a-076b-4ca6-bfb8-b256389ec157" testId="b737fe06-d8fc-92fd-5280-a8e1601ec2d8" testName="Goedel.XUnit.TestAsymmetric.TestRFC8032(Test: TestVectorAsymmetric { Algorithm = Ed448, Context = null, ContextData = null, Message = &quot;\r\n   bd0f6a3747cd561bdddf4640a332461a\r\n   4a30&quot;..., MessageData = [189, 15, 106, 55, 71, ...], ... })" computerName="VOODOO" duration="00:00:00.4170822" startTime="2021-12-02T13:54:17.2937699-05:00" endTime="2021-12-02T13:54:17.2937703-05:00" testType="13cdc9d9-ddb5-4fa4-a97d-d965ccfc6d4b" outcome="Passed" testListId="8c84fa94-04c1-424b-9868-57a2d4851a1d" relativeResultsDirectory="f6f3278a-076b-4ca6-bfb8-b256389ec157" />
    <UnitTestResult executionId="154b3608-7fdc-40a3-847c-45a8b4634286" testId="c3852107-5ce1-de03-d12f-1f3ca6579688" testName="Goedel.XUnit.ShellTests.TestCreateMessage" computerName="VOODOO" duration="00:00:01.5108050" startTime="2021-12-02T13:54:15.0008769-05:00" endTime="2021-12-02T13:54:15.0008775-05:00" testType="13cdc9d9-ddb5-4fa4-a97d-d965ccfc6d4b" outcome="Failed" testListId="8c84fa94-04c1-424b-9868-57a2d4851a1d" relativeResultsDirectory="154b3608-7fdc-40a3-847c-45a8b4634286">
      <Output>
        <ErrorInfo>
          <Message>System.NullReferenceException : Object reference not set to an instance of an object.</Message>
          <StackTrace>   at Goedel.Mesh.Server.PublicMeshService..ctor(IMeshMachine meshMachine, ServiceConfiguration serviceConfiguration, HostConfiguration hostConfiguration) in C:\Users\hallam\Work\mmm\Mesh\Goedel.Mesh.Server\MeshDispatch.cs:line 136&#xD;
   at Goedel.Mesh.Test.TestEnvironmentCommon.get_MeshService() in C:\Users\hallam\Work\mmm\Testing\Goedel.Mesh.Test\TestEnvironmentCommon.cs:line 203&#xD;
   at Goedel.Mesh.Test.TestEnvironmentCommon.GetMeshClient(MeshMachineTest meshMachineTest, ICredentialPrivate credential, String serviceId, String accountAddress) in C:\Users\hallam\Work\mmm\Testing\Goedel.Mesh.Test\TestEnvironmentCommon.cs:line 222&#xD;
   at Goedel.Mesh.Test.MeshMachineTest.GetMeshClient(ICredentialPrivate credential, String service, String accountAddress) in C:\Users\hallam\Work\mmm\Testing\Goedel.Mesh.Test\MeshMachineTest.cs:line 88&#xD;
   at Goedel.Mesh.Client.ContextUser.SetService(String accountAddress) in C:\Users\hallam\Work\mmm\Mesh\Goedel.Mesh.Client\ContextUser.cs:line 243&#xD;
   at Goedel.Mesh.Client.MeshHost.ConfigureMesh(String accountAddress, String localName, PrivateKeyUDF accountSeed, ProfileDevice profileDevice, List`1 rights, Boolean create) in C:\Users\hallam\Work\mmm\Mesh\Goedel.Mesh.Client\MeshHost.cs:line 269&#xD;
   at Goedel.Mesh.Shell.Shell.AccountCreate(AccountCreate options) in C:\Users\hallam\Work\mmm\Mesh\Goedel.Mesh.Shell\DispatchAccount.cs:line 68&#xD;
   at Goedel.Mesh.Shell.CommandLineInterpreter.Handle_AccountCreate(DispatchShell DispatchIn, String[] Args, Int32 Index) in C:\Users\hallam\Work\mmm\Mesh\Goedel.Mesh.Shell\meshman.cs:line 520&#xD;
   at Goedel.Command.CommandLineInterpreterBase.Dispatcher(SortedDictionary`2 Entries, DescribeCommandEntry DefaultCommand, DispatchShell Dispatch, String[] Args, Int32 Index) in C:\Users\hallam\Work\mmm\Libraries\Goedel.Command\Command.cs:line 224&#xD;
   at Goedel.Command.CommandLineInterpreterBase.Dispatcher(SortedDictionary`2 Entries, DescribeCommandEntry DefaultCommand, DispatchShell Dispatch, String[] Args, Int32 Index) in C:\Users\hallam\Work\mmm\Libraries\Goedel.Command\Command.cs:line 228&#xD;
   at Goedel.Mesh.Test.TestCLI.Dispatch(String command, Boolean fail) in C:\Users\hallam\Work\mmm\Testing\Goedel.Mesh.Test\TestShell.cs:line 241&#xD;
   at Goedel.XUnit.ShellTests.TestAuthCreate(TestCLI device1, TestCLI device2, String auth) in C:\Users\hallam\Work\mmm\Testing\Goedel.Mesh.Shell.Test-xunit\TestProfile.cs:line 429&#xD;
   at Goedel.XUnit.ShellTests.TestCreateMessage() in C:\Users\hallam\Work\mmm\Testing\Goedel.Mesh.Shell.Test-xunit\TestProfile.cs:line 343</StackTrace>
        </ErrorInfo>
      </Output>
    </UnitTestResult>
    <UnitTestResult executionId="9c13f056-6e97-4ae8-bca9-a0b1cd56f8ca" testId="a742ce20-6b45-5405-4fac-541336b04b82" testName="Goedel.XUnit.ShellTestsAdmin.TestProfileMail" computerName="VOODOO" duration="00:00:01.6111130" startTime="2021-12-02T13:54:38.5197176-05:00" endTime="2021-12-02T13:54:38.5197177-05:00" testType="13cdc9d9-ddb5-4fa4-a97d-d965ccfc6d4b" outcome="Failed" testListId="8c84fa94-04c1-424b-9868-57a2d4851a1d" relativeResultsDirectory="9c13f056-6e97-4ae8-bca9-a0b1cd56f8ca">
      <Output>
        <ErrorInfo>
          <Message>Goedel.Mesh.ServiceAdmin.HostNotFound : Configuration for the host ServiceConfig.json could not be found</Message>
          <StackTrace>   at Goedel.Mesh.ServiceAdmin.Configuration.GetHostConfiguration(String id) in C:\Users\hallam\Work\mmm\Mesh\Goedel.Mesh.ServiceAdmin\ServiceDescription.cs:line 135&#xD;
   at Goedel.Mesh.Shell.Host.Shell.HostStart(HostStart Options) in C:\Users\hallam\Work\mmm\Mesh\Goedel.Mesh.Shell.Host\ShellDispatch.cs:line 156&#xD;
   at Goedel.Mesh.Shell.Host.CommandLineInterpreter.Handle_HostStart(DispatchShell DispatchIn, String[] Args, Int32 Index) in C:\Users\hallam\Work\mmm\Mesh\Goedel.Mesh.Shell.Host\anyhost.cs:line 172&#xD;
   at Goedel.Command.CommandLineInterpreterBase.Dispatcher(SortedDictionary`2 Entries, DescribeCommandEntry DefaultCommand, DispatchShell Dispatch, String[] Args, Int32 Index) in C:\Users\hallam\Work\mmm\Libraries\Goedel.Command\Command.cs:line 224&#xD;
   at Goedel.Mesh.Shell.Host.CommandLineInterpreter.MainMethod(Shell Dispatch, String[] Args) in C:\Users\hallam\Work\mmm\Mesh\Goedel.Mesh.Shell.Host\anyhost.cs:line 161&#xD;
   at Goedel.Mesh.Test.TestEnvironmentRdpShell.Host(String command) in C:\Users\hallam\Work\mmm\Testing\Goedel.Mesh.Test\TestEnvironmentCommon.cs:line 121&#xD;
   at Goedel.Mesh.Test.TestEnvironmentRdpShell.StartService() in C:\Users\hallam\Work\mmm\Testing\Goedel.Mesh.Test\TestEnvironmentCommon.cs:line 90&#xD;
   at Goedel.Mesh.Test.TestEnvironmentRdpShell.GetMeshClient(MeshMachineTest meshMachineTest, ICredentialPrivate credential, String service, String accountAddress) in C:\Users\hallam\Work\mmm\Testing\Goedel.Mesh.Test\TestEnvironmentCommon.cs:line 102&#xD;
   at Goedel.Mesh.Test.MeshMachineTest.GetMeshClient(ICredentialPrivate credential, String service, String accountAddress) in C:\Users\hallam\Work\mmm\Testing\Goedel.Mesh.Test\MeshMachineTest.cs:line 88&#xD;
   at Goedel.Mesh.Client.ContextUser.SetService(String accountAddress) in C:\Users\hallam\Work\mmm\Mesh\Goedel.Mesh.Client\ContextUser.cs:line 243&#xD;
   at Goedel.Mesh.Client.MeshHost.ConfigureMesh(String accountAddress, String localName, PrivateKeyUDF accountSeed, ProfileDevice profileDevice, List`1 rights, Boolean create) in C:\Users\hallam\Work\mmm\Mesh\Goedel.Mesh.Client\MeshHost.cs:line 269&#xD;
   at Goedel.Mesh.Shell.Shell.AccountCreate(AccountCreate options) in C:\Users\hallam\Work\mmm\Mesh\Goedel.Mesh.Shell\DispatchAccount.cs:line 68&#xD;
   at Goedel.Mesh.Shell.CommandLineInterpreter.Handle_AccountCreate(DispatchShell DispatchIn, String[] Args, Int32 Index) in C:\Users\hallam\Work\mmm\Mesh\Goedel.Mesh.Shell\meshman.cs:line 520&#xD;
   at Goedel.Command.CommandLineInterpreterBase.Dispatcher(SortedDictionary`2 Entries, DescribeCommandEntry DefaultCommand, DispatchShell Dispatch, String[] Args, Int32 Index) in C:\Users\hallam\Work\mmm\Libraries\Goedel.Command\Command.cs:line 224&#xD;
   at Goedel.Command.CommandLineInterpreterBase.Dispatcher(SortedDictionary`2 Entries, DescribeCommandEntry DefaultCommand, DispatchShell Dispatch, String[] Args, Int32 Index) in C:\Users\hallam\Work\mmm\Libraries\Goedel.Command\Command.cs:line 228&#xD;
   at Goedel.Mesh.Test.TestCLI.Dispatch(String command, Boolean fail) in C:\Users\hallam\Work\mmm\Testing\Goedel.Mesh.Test\TestShell.cs:line 241&#xD;
   at Goedel.XUnit.ShellTests.CreateMasterDevice(String name, String account) in C:\Users\hallam\Work\mmm\Testing\Goedel.Mesh.Shell.Test-xunit\TestMessage.cs:line 246&#xD;
   at Goedel.XUnit.ShellTests.CreateAlice(TestCLI&amp; device1, TestCLI&amp; device2) in C:\Users\hallam\Work\mmm\Testing\Goedel.Mesh.Shell.Test-xunit\TestMessage.cs:line 238&#xD;
   at Goedel.XUnit.ShellTests.TestProfileMail() in C:\Users\hallam\Work\mmm\Testing\Goedel.Mesh.Shell.Test-xunit\TestMail.cs:line 39</StackTrace>
        </ErrorInfo>
      </Output>
    </UnitTestResult>
    <UnitTestResult executionId="74a06f0a-dc7b-4534-82fd-1926f0e2241e" testId="81da058c-b5c9-b8e0-070c-873e91dc7356" testName="Goedel.XUnit.ShellTestsAdmin.TestProfileSSHPrivate" computerName="VOODOO" duration="00:00:01.8003580" startTime="2021-12-02T13:54:43.8760445-05:00" endTime="2021-12-02T13:54:43.8760447-05:00" testType="13cdc9d9-ddb5-4fa4-a97d-d965ccfc6d4b" outcome="Failed" testListId="8c84fa94-04c1-424b-9868-57a2d4851a1d" relativeResultsDirectory="74a06f0a-dc7b-4534-82fd-1926f0e2241e">
      <Output>
        <ErrorInfo>
          <Message>Goedel.Mesh.ServiceAdmin.HostNotFound : Configuration for the host ServiceConfig.json could not be found</Message>
          <StackTrace>   at Goedel.Mesh.ServiceAdmin.Configuration.GetHostConfiguration(String id) in C:\Users\hallam\Work\mmm\Mesh\Goedel.Mesh.ServiceAdmin\ServiceDescription.cs:line 135&#xD;
   at Goedel.Mesh.Shell.Host.Shell.HostStart(HostStart Options) in C:\Users\hallam\Work\mmm\Mesh\Goedel.Mesh.Shell.Host\ShellDispatch.cs:line 156&#xD;
   at Goedel.Mesh.Shell.Host.CommandLineInterpreter.Handle_HostStart(DispatchShell DispatchIn, String[] Args, Int32 Index) in C:\Users\hallam\Work\mmm\Mesh\Goedel.Mesh.Shell.Host\anyhost.cs:line 172&#xD;
   at Goedel.Command.CommandLineInterpreterBase.Dispatcher(SortedDictionary`2 Entries, DescribeCommandEntry DefaultCommand, DispatchShell Dispatch, String[] Args, Int32 Index) in C:\Users\hallam\Work\mmm\Libraries\Goedel.Command\Command.cs:line 224&#xD;
   at Goedel.Mesh.Shell.Host.CommandLineInterpreter.MainMethod(Shell Dispatch, String[] Args) in C:\Users\hallam\Work\mmm\Mesh\Goedel.Mesh.Shell.Host\anyhost.cs:line 161&#xD;
   at Goedel.Mesh.Test.TestEnvironmentRdpShell.Host(String command) in C:\Users\hallam\Work\mmm\Testing\Goedel.Mesh.Test\TestEnvironmentCommon.cs:line 121&#xD;
   at Goedel.Mesh.Test.TestEnvironmentRdpShell.StartService() in C:\Users\hallam\Work\mmm\Testing\Goedel.Mesh.Test\TestEnvironmentCommon.cs:line 90&#xD;
   at Goedel.Mesh.Test.TestEnvironmentRdpShell.GetMeshClient(MeshMachineTest meshMachineTest, ICredentialPrivate credential, String service, String accountAddress) in C:\Users\hallam\Work\mmm\Testing\Goedel.Mesh.Test\TestEnvironmentCommon.cs:line 102&#xD;
   at Goedel.Mesh.Test.MeshMachineTest.GetMeshClient(ICredentialPrivate credential, String service, String accountAddress) in C:\Users\hallam\Work\mmm\Testing\Goedel.Mesh.Test\MeshMachineTest.cs:line 88&#xD;
   at Goedel.Mesh.Client.ContextUser.SetService(String accountAddress) in C:\Users\hallam\Work\mmm\Mesh\Goedel.Mesh.Client\ContextUser.cs:line 243&#xD;
   at Goedel.Mesh.Client.MeshHost.ConfigureMesh(String accountAddress, String localName, PrivateKeyUDF accountSeed, ProfileDevice profileDevice, List`1 rights, Boolean create) in C:\Users\hallam\Work\mmm\Mesh\Goedel.Mesh.Client\MeshHost.cs:line 269&#xD;
   at Goedel.Mesh.Shell.Shell.AccountCreate(AccountCreate options) in C:\Users\hallam\Work\mmm\Mesh\Goedel.Mesh.Shell\DispatchAccount.cs:line 68&#xD;
   at Goedel.Mesh.Shell.CommandLineInterpreter.Handle_AccountCreate(DispatchShell DispatchIn, String[] Args, Int32 Index) in C:\Users\hallam\Work\mmm\Mesh\Goedel.Mesh.Shell\meshman.cs:line 520&#xD;
   at Goedel.Command.CommandLineInterpreterBase.Dispatcher(SortedDictionary`2 Entries, DescribeCommandEntry DefaultCommand, DispatchShell Dispatch, String[] Args, Int32 Index) in C:\Users\hallam\Work\mmm\Libraries\Goedel.Command\Command.cs:line 224&#xD;
   at Goedel.Command.CommandLineInterpreterBase.Dispatcher(SortedDictionary`2 Entries, DescribeCommandEntry DefaultCommand, DispatchShell Dispatch, String[] Args, Int32 Index) in C:\Users\hallam\Work\mmm\Libraries\Goedel.Command\Command.cs:line 228&#xD;
   at Goedel.Mesh.Test.TestCLI.Dispatch(String command, Boolean fail) in C:\Users\hallam\Work\mmm\Testing\Goedel.Mesh.Test\TestShell.cs:line 241&#xD;
   at Goedel.XUnit.ShellTests.CreateMasterDevice(String name, String account) in C:\Users\hallam\Work\mmm\Testing\Goedel.Mesh.Shell.Test-xunit\TestMessage.cs:line 246&#xD;
   at Goedel.XUnit.ShellTests.CreateAlice(TestCLI&amp; device1, TestCLI&amp; device2) in C:\Users\hallam\Work\mmm\Testing\Goedel.Mesh.Shell.Test-xunit\TestMessage.cs:line 238&#xD;
   at Goedel.XUnit.ShellTests.TestProfileSSHPrivate() in C:\Users\hallam\Work\mmm\Testing\Goedel.Mesh.Shell.Test-xunit\TestSSH.cs:line 33</StackTrace>
        </ErrorInfo>
      </Output>
    </UnitTestResult>
    <UnitTestResult executionId="8d18f596-e4f5-4128-8954-cf3e111817d5" testId="8bc09724-d920-7d3f-7cae-14b5d261de94" testName="Goedel.XUnit.ShellTests.TestDigest" computerName="VOODOO" duration="00:00:00.0136913" startTime="2021-12-02T13:54:21.8616183-05:00" endTime="2021-12-02T13:54:21.8616185-05:00" testType="13cdc9d9-ddb5-4fa4-a97d-d965ccfc6d4b" outcome="Passed" testListId="8c84fa94-04c1-424b-9868-57a2d4851a1d" relativeResultsDirectory="8d18f596-e4f5-4128-8954-cf3e111817d5" />
    <UnitTestResult executionId="981830db-5e65-4ded-9e30-536b99bb7d24" testId="f154115b-f95d-d9ac-37d6-9338be28fba2" testName="Goedel.XUnit.TestLifecycle.Test_LifecycleEphemeral(CryptoAlgorithmID: EdDSA, KeySize: 2048)" computerName="VOODOO" duration="00:00:00.0386233" startTime="2021-12-02T13:54:17.4587192-05:00" endTime="2021-12-02T13:54:17.4587195-05:00" testType="13cdc9d9-ddb5-4fa4-a97d-d965ccfc6d4b" outcome="Passed" testListId="8c84fa94-04c1-424b-9868-57a2d4851a1d" relativeResultsDirectory="981830db-5e65-4ded-9e30-536b99bb7d24" />
    <UnitTestResult executionId="c8c4072e-fe2d-40f9-b238-f2b99c81dfbb" testId="d8569cca-4a18-2b27-8a02-3db257f647ba" testName="Goedel.XUnit.TestGoedelCryptography.CombineCurveX448Inner(a: 10, b: 12)" computerName="VOODOO" duration="00:00:00.0129769" startTime="2021-12-02T13:55:11.4049016-05:00" endTime="2021-12-02T13:55:11.4049019-05:00" testType="13cdc9d9-ddb5-4fa4-a97d-d965ccfc6d4b" outcome="Passed" testListId="8c84fa94-04c1-424b-9868-57a2d4851a1d" relativeResultsDirectory="c8c4072e-fe2d-40f9-b238-f2b99c81dfbb" />
    <UnitTestResult executionId="9db79ae2-a6a7-400f-b7ec-7556ded3b518" testId="d8ce01c6-e1b8-1349-6d6a-64bb63d61332" testName="Goedel.XUnit.TestJBCD.TestJBCDStream(FileName: &quot;JBCD10.jbcd&quot;, Records: 10, MaxSize: 0)" computerName="VOODOO" duration="00:00:00.0238130" startTime="2021-12-02T13:54:16.3970741-05:00" endTime="2021-12-02T13:54:16.3971130-05:00" testType="13cdc9d9-ddb5-4fa4-a97d-d965ccfc6d4b" outcome="Passed" testListId="8c84fa94-04c1-424b-9868-57a2d4851a1d" relativeResultsDirectory="9db79ae2-a6a7-400f-b7ec-7556ded3b518" />
    <UnitTestResult executionId="3160d2e8-ca50-43f6-a21b-260c55ecb78e" testId="3839c1eb-67a2-1886-a970-27f67947dbf3" testName="Goedel.XUnit.TestLifecycle.Test_LifecycleEphemeral(CryptoAlgorithmID: X448, KeySize: 2048)" computerName="VOODOO" duration="00:00:00.0925736" startTime="2021-12-02T13:54:17.6432803-05:00" endTime="2021-12-02T13:54:17.6432805-05:00" testType="13cdc9d9-ddb5-4fa4-a97d-d965ccfc6d4b" outcome="Passed" testListId="8c84fa94-04c1-424b-9868-57a2d4851a1d" relativeResultsDirectory="3160d2e8-ca50-43f6-a21b-260c55ecb78e" />
    <UnitTestResult executionId="b8e27a2b-2a6b-47c7-a19e-af077da923a3" testId="d441c03d-2b3f-004f-f7c7-a7dd48c3fdba" testName="Goedel.XUnit.TestGoedelCryptography.CheckV" computerName="VOODOO" duration="00:00:00.0025771" startTime="2021-12-02T13:54:37.5387236-05:00" endTime="2021-12-02T13:54:37.5387238-05:00" testType="13cdc9d9-ddb5-4fa4-a97d-d965ccfc6d4b" outcome="Passed" testListId="8c84fa94-04c1-424b-9868-57a2d4851a1d" relativeResultsDirectory="b8e27a2b-2a6b-47c7-a19e-af077da923a3" />
    <UnitTestResult executionId="01e2fa04-28a0-430b-9813-1566d9d7aae0" testId="b0977c0e-13d0-59e7-b126-a2f3d1cf4e5e" testName="Goedel.XUnit.ShellTestsAdmin.TestMessageContactBusinessCardFetch" computerName="VOODOO" duration="00:00:01.1513528" startTime="2021-12-02T13:55:04.1478903-05:00" endTime="2021-12-02T13:55:04.1478905-05:00" testType="13cdc9d9-ddb5-4fa4-a97d-d965ccfc6d4b" outcome="Failed" testListId="8c84fa94-04c1-424b-9868-57a2d4851a1d" relativeResultsDirectory="01e2fa04-28a0-430b-9813-1566d9d7aae0">
      <Output>
        <ErrorInfo>
          <Message>Goedel.Mesh.ServiceAdmin.HostNotFound : Configuration for the host ServiceConfig.json could not be found</Message>
          <StackTrace>   at Goedel.Mesh.ServiceAdmin.Configuration.GetHostConfiguration(String id) in C:\Users\hallam\Work\mmm\Mesh\Goedel.Mesh.ServiceAdmin\ServiceDescription.cs:line 135&#xD;
   at Goedel.Mesh.Shell.Host.Shell.HostStart(HostStart Options) in C:\Users\hallam\Work\mmm\Mesh\Goedel.Mesh.Shell.Host\ShellDispatch.cs:line 156&#xD;
   at Goedel.Mesh.Shell.Host.CommandLineInterpreter.Handle_HostStart(DispatchShell DispatchIn, String[] Args, Int32 Index) in C:\Users\hallam\Work\mmm\Mesh\Goedel.Mesh.Shell.Host\anyhost.cs:line 172&#xD;
   at Goedel.Command.CommandLineInterpreterBase.Dispatcher(SortedDictionary`2 Entries, DescribeCommandEntry DefaultCommand, DispatchShell Dispatch, String[] Args, Int32 Index) in C:\Users\hallam\Work\mmm\Libraries\Goedel.Command\Command.cs:line 224&#xD;
   at Goedel.Mesh.Shell.Host.CommandLineInterpreter.MainMethod(Shell Dispatch, String[] Args) in C:\Users\hallam\Work\mmm\Mesh\Goedel.Mesh.Shell.Host\anyhost.cs:line 161&#xD;
   at Goedel.Mesh.Test.TestEnvironmentRdpShell.Host(String command) in C:\Users\hallam\Work\mmm\Testing\Goedel.Mesh.Test\TestEnvironmentCommon.cs:line 121&#xD;
   at Goedel.Mesh.Test.TestEnvironmentRdpShell.StartService() in C:\Users\hallam\Work\mmm\Testing\Goedel.Mesh.Test\TestEnvironmentCommon.cs:line 90&#xD;
   at Goedel.Mesh.Test.TestEnvironmentRdpShell.GetMeshClient(MeshMachineTest meshMachineTest, ICredentialPrivate credential, String service, String accountAddress) in C:\Users\hallam\Work\mmm\Testing\Goedel.Mesh.Test\TestEnvironmentCommon.cs:line 102&#xD;
   at Goedel.Mesh.Test.MeshMachineTest.GetMeshClient(ICredentialPrivate credential, String service, String accountAddress) in C:\Users\hallam\Work\mmm\Testing\Goedel.Mesh.Test\MeshMachineTest.cs:line 88&#xD;
   at Goedel.Mesh.Client.ContextUser.SetService(String accountAddress) in C:\Users\hallam\Work\mmm\Mesh\Goedel.Mesh.Client\ContextUser.cs:line 243&#xD;
   at Goedel.Mesh.Client.MeshHost.ConfigureMesh(String accountAddress, String localName, PrivateKeyUDF accountSeed, ProfileDevice profileDevice, List`1 rights, Boolean create) in C:\Users\hallam\Work\mmm\Mesh\Goedel.Mesh.Client\MeshHost.cs:line 269&#xD;
   at Goedel.Mesh.Shell.Shell.AccountCreate(AccountCreate options) in C:\Users\hallam\Work\mmm\Mesh\Goedel.Mesh.Shell\DispatchAccount.cs:line 68&#xD;
   at Goedel.Mesh.Shell.CommandLineInterpreter.Handle_AccountCreate(DispatchShell DispatchIn, String[] Args, Int32 Index) in C:\Users\hallam\Work\mmm\Mesh\Goedel.Mesh.Shell\meshman.cs:line 520&#xD;
   at Goedel.Command.CommandLineInterpreterBase.Dispatcher(SortedDictionary`2 Entries, DescribeCommandEntry DefaultCommand, DispatchShell Dispatch, String[] Args, Int32 Index) in C:\Users\hallam\Work\mmm\Libraries\Goedel.Command\Command.cs:line 224&#xD;
   at Goedel.Command.CommandLineInterpreterBase.Dispatcher(SortedDictionary`2 Entries, DescribeCommandEntry DefaultCommand, DispatchShell Dispatch, String[] Args, Int32 Index) in C:\Users\hallam\Work\mmm\Libraries\Goedel.Command\Command.cs:line 228&#xD;
   at Goedel.Mesh.Test.TestCLI.Dispatch(String command, Boolean fail) in C:\Users\hallam\Work\mmm\Testing\Goedel.Mesh.Test\TestShell.cs:line 241&#xD;
   at Goedel.XUnit.ShellTests.MakeAccount(TestCLI device, String account) in C:\Users\hallam\Work\mmm\Testing\Goedel.Mesh.Shell.Test-xunit\TestMessage.cs:line 186&#xD;
   at Goedel.XUnit.ShellTests.TestMessageContactBusinessCardFetch() in C:\Users\hallam\Work\mmm\Testing\Goedel.Mesh.Shell.Test-xunit\TestMessage.cs:line 47</StackTrace>
        </ErrorInfo>
      </Output>
    </UnitTestResult>
    <UnitTestResult executionId="94be3030-07c2-447a-9474-72a41c64fd90" testId="a51898c3-6737-7053-3ceb-b4030ee5d960" testName="Goedel.XUnit.TestContainers.ContainerFixedExchangeTest(encryptPolicy: &quot;Once&quot;, seal: True, records: 50, maxSize: 2048, reOpen: 5, moveStep: 2, cryptoAlgorithmId: X448)" computerName="VOODOO" duration="00:00:01.2484945" startTime="2021-12-02T13:54:22.0928916-05:00" endTime="2021-12-02T13:54:22.0928920-05:00" testType="13cdc9d9-ddb5-4fa4-a97d-d965ccfc6d4b" outcome="Passed" testListId="8c84fa94-04c1-424b-9868-57a2d4851a1d" relativeResultsDirectory="94be3030-07c2-447a-9474-72a41c64fd90" />
    <UnitTestResult executionId="f95ee636-9d2e-4c4d-a2cd-1b77063f1f93" testId="23393176-bc84-7b8c-24c6-da3a87035b4a" testName="Goedel.XUnit.ShellTestsAdmin.TestMessageConfirmationAccept" computerName="VOODOO" duration="00:00:01.2052080" startTime="2021-12-02T13:55:13.0345042-05:00" endTime="2021-12-02T13:55:13.0345043-05:00" testType="13cdc9d9-ddb5-4fa4-a97d-d965ccfc6d4b" outcome="Failed" testListId="8c84fa94-04c1-424b-9868-57a2d4851a1d" relativeResultsDirectory="f95ee636-9d2e-4c4d-a2cd-1b77063f1f93">
      <Output>
        <ErrorInfo>
          <Message>Goedel.Mesh.ServiceAdmin.HostNotFound : Configuration for the host ServiceConfig.json could not be found</Message>
          <StackTrace>   at Goedel.Mesh.ServiceAdmin.Configuration.GetHostConfiguration(String id) in C:\Users\hallam\Work\mmm\Mesh\Goedel.Mesh.ServiceAdmin\ServiceDescription.cs:line 135&#xD;
   at Goedel.Mesh.Shell.Host.Shell.HostStart(HostStart Options) in C:\Users\hallam\Work\mmm\Mesh\Goedel.Mesh.Shell.Host\ShellDispatch.cs:line 156&#xD;
   at Goedel.Mesh.Shell.Host.CommandLineInterpreter.Handle_HostStart(DispatchShell DispatchIn, String[] Args, Int32 Index) in C:\Users\hallam\Work\mmm\Mesh\Goedel.Mesh.Shell.Host\anyhost.cs:line 172&#xD;
   at Goedel.Command.CommandLineInterpreterBase.Dispatcher(SortedDictionary`2 Entries, DescribeCommandEntry DefaultCommand, DispatchShell Dispatch, String[] Args, Int32 Index) in C:\Users\hallam\Work\mmm\Libraries\Goedel.Command\Command.cs:line 224&#xD;
   at Goedel.Mesh.Shell.Host.CommandLineInterpreter.MainMethod(Shell Dispatch, String[] Args) in C:\Users\hallam\Work\mmm\Mesh\Goedel.Mesh.Shell.Host\anyhost.cs:line 161&#xD;
   at Goedel.Mesh.Test.TestEnvironmentRdpShell.Host(String command) in C:\Users\hallam\Work\mmm\Testing\Goedel.Mesh.Test\TestEnvironmentCommon.cs:line 121&#xD;
   at Goedel.Mesh.Test.TestEnvironmentRdpShell.StartService() in C:\Users\hallam\Work\mmm\Testing\Goedel.Mesh.Test\TestEnvironmentCommon.cs:line 90&#xD;
   at Goedel.Mesh.Test.TestEnvironmentRdpShell.GetMeshClient(MeshMachineTest meshMachineTest, ICredentialPrivate credential, String service, String accountAddress) in C:\Users\hallam\Work\mmm\Testing\Goedel.Mesh.Test\TestEnvironmentCommon.cs:line 102&#xD;
   at Goedel.Mesh.Test.MeshMachineTest.GetMeshClient(ICredentialPrivate credential, String service, String accountAddress) in C:\Users\hallam\Work\mmm\Testing\Goedel.Mesh.Test\MeshMachineTest.cs:line 88&#xD;
   at Goedel.Mesh.Client.ContextUser.SetService(String accountAddress) in C:\Users\hallam\Work\mmm\Mesh\Goedel.Mesh.Client\ContextUser.cs:line 243&#xD;
   at Goedel.Mesh.Client.MeshHost.ConfigureMesh(String accountAddress, String localName, PrivateKeyUDF accountSeed, ProfileDevice profileDevice, List`1 rights, Boolean create) in C:\Users\hallam\Work\mmm\Mesh\Goedel.Mesh.Client\MeshHost.cs:line 269&#xD;
   at Goedel.Mesh.Shell.Shell.AccountCreate(AccountCreate options) in C:\Users\hallam\Work\mmm\Mesh\Goedel.Mesh.Shell\DispatchAccount.cs:line 68&#xD;
   at Goedel.Mesh.Shell.CommandLineInterpreter.Handle_AccountCreate(DispatchShell DispatchIn, String[] Args, Int32 Index) in C:\Users\hallam\Work\mmm\Mesh\Goedel.Mesh.Shell\meshman.cs:line 520&#xD;
   at Goedel.Command.CommandLineInterpreterBase.Dispatcher(SortedDictionary`2 Entries, DescribeCommandEntry DefaultCommand, DispatchShell Dispatch, String[] Args, Int32 Index) in C:\Users\hallam\Work\mmm\Libraries\Goedel.Command\Command.cs:line 224&#xD;
   at Goedel.Command.CommandLineInterpreterBase.Dispatcher(SortedDictionary`2 Entries, DescribeCommandEntry DefaultCommand, DispatchShell Dispatch, String[] Args, Int32 Index) in C:\Users\hallam\Work\mmm\Libraries\Goedel.Command\Command.cs:line 228&#xD;
   at Goedel.Mesh.Test.TestCLI.Dispatch(String command, Boolean fail) in C:\Users\hallam\Work\mmm\Testing\Goedel.Mesh.Test\TestShell.cs:line 241&#xD;
   at Goedel.XUnit.ShellTests.MakeAccount(TestCLI device, String account) in C:\Users\hallam\Work\mmm\Testing\Goedel.Mesh.Shell.Test-xunit\TestMessage.cs:line 186&#xD;
   at Goedel.XUnit.ShellTests.CreateAliceBob(TestCLI&amp; deviceA, TestCLI&amp; deviceB) in C:\Users\hallam\Work\mmm\Testing\Goedel.Mesh.Shell.Test-xunit\TestMessage.cs:line 264&#xD;
   at Goedel.XUnit.ShellTests.TestMessageConfirmationAccept() in C:\Users\hallam\Work\mmm\Testing\Goedel.Mesh.Shell.Test-xunit\TestMessage.cs:line 324</StackTrace>
        </ErrorInfo>
      </Output>
    </UnitTestResult>
    <UnitTestResult executionId="5e794d53-b873-4d54-96bc-4cb9267ed9f1" testId="01247db7-b158-a241-0ba6-9d83a3ef6327" testName="Goedel.XUnit.TestSplit.TestShares(N: 9, K: 2)" computerName="VOODOO" duration="00:00:00.0786020" startTime="2021-12-02T13:54:14.9926011-05:00" endTime="2021-12-02T13:54:14.9926013-05:00" testType="13cdc9d9-ddb5-4fa4-a97d-d965ccfc6d4b" outcome="Passed" testListId="8c84fa94-04c1-424b-9868-57a2d4851a1d" relativeResultsDirectory="5e794d53-b873-4d54-96bc-4cb9267ed9f1" />
    <UnitTestResult executionId="46ad06c8-62bf-46c4-b104-989ed35fd7c5" testId="8d60a839-fea7-f32e-edd3-8a7037768d1b" testName="Goedel.XUnit.ShellTests.TestProfileConnectPin" computerName="VOODOO" duration="00:00:01.2502397" startTime="2021-12-02T13:54:24.4708745-05:00" endTime="2021-12-02T13:54:24.4708747-05:00" testType="13cdc9d9-ddb5-4fa4-a97d-d965ccfc6d4b" outcome="Failed" testListId="8c84fa94-04c1-424b-9868-57a2d4851a1d" relativeResultsDirectory="46ad06c8-62bf-46c4-b104-989ed35fd7c5">
      <Output>
        <ErrorInfo>
          <Message>System.NullReferenceException : Object reference not set to an instance of an object.</Message>
          <StackTrace>   at Goedel.Mesh.Server.PublicMeshService..ctor(IMeshMachine meshMachine, ServiceConfiguration serviceConfiguration, HostConfiguration hostConfiguration) in C:\Users\hallam\Work\mmm\Mesh\Goedel.Mesh.Server\MeshDispatch.cs:line 136&#xD;
   at Goedel.Mesh.Test.TestEnvironmentCommon.get_MeshService() in C:\Users\hallam\Work\mmm\Testing\Goedel.Mesh.Test\TestEnvironmentCommon.cs:line 203&#xD;
   at Goedel.Mesh.Test.TestEnvironmentCommon.GetMeshClient(MeshMachineTest meshMachineTest, ICredentialPrivate credential, String serviceId, String accountAddress) in C:\Users\hallam\Work\mmm\Testing\Goedel.Mesh.Test\TestEnvironmentCommon.cs:line 222&#xD;
   at Goedel.Mesh.Test.MeshMachineTest.GetMeshClient(ICredentialPrivate credential, String service, String accountAddress) in C:\Users\hallam\Work\mmm\Testing\Goedel.Mesh.Test\MeshMachineTest.cs:line 88&#xD;
   at Goedel.Mesh.Client.ContextUser.SetService(String accountAddress) in C:\Users\hallam\Work\mmm\Mesh\Goedel.Mesh.Client\ContextUser.cs:line 243&#xD;
   at Goedel.Mesh.Client.MeshHost.ConfigureMesh(String accountAddress, String localName, PrivateKeyUDF accountSeed, ProfileDevice profileDevice, List`1 rights, Boolean create) in C:\Users\hallam\Work\mmm\Mesh\Goedel.Mesh.Client\MeshHost.cs:line 269&#xD;
   at Goedel.Mesh.Shell.Shell.AccountCreate(AccountCreate options) in C:\Users\hallam\Work\mmm\Mesh\Goedel.Mesh.Shell\DispatchAccount.cs:line 68&#xD;
   at Goedel.Mesh.Shell.CommandLineInterpreter.Handle_AccountCreate(DispatchShell DispatchIn, String[] Args, Int32 Index) in C:\Users\hallam\Work\mmm\Mesh\Goedel.Mesh.Shell\meshman.cs:line 520&#xD;
   at Goedel.Command.CommandLineInterpreterBase.Dispatcher(SortedDictionary`2 Entries, DescribeCommandEntry DefaultCommand, DispatchShell Dispatch, String[] Args, Int32 Index) in C:\Users\hallam\Work\mmm\Libraries\Goedel.Command\Command.cs:line 224&#xD;
   at Goedel.Command.CommandLineInterpreterBase.Dispatcher(SortedDictionary`2 Entries, DescribeCommandEntry DefaultCommand, DispatchShell Dispatch, String[] Args, Int32 Index) in C:\Users\hallam\Work\mmm\Libraries\Goedel.Command\Command.cs:line 228&#xD;
   at Goedel.Mesh.Test.TestCLI.Dispatch(String command, Boolean fail) in C:\Users\hallam\Work\mmm\Testing\Goedel.Mesh.Test\TestShell.cs:line 241&#xD;
   at Goedel.XUnit.ShellTests.TestProfileConnectPin() in C:\Users\hallam\Work\mmm\Testing\Goedel.Mesh.Shell.Test-xunit\TestProfile.cs:line 127</StackTrace>
        </ErrorInfo>
      </Output>
    </UnitTestResult>
    <UnitTestResult executionId="7cb0e220-1a24-4ced-9aad-fa01d3df445e" testId="30281577-ecc0-29da-7f29-1b69471095a3" testName="Goedel.XUnit.TestGoedelCryptography.X448AgreeX" computerName="VOODOO" duration="00:00:00.0258249" startTime="2021-12-02T13:55:19.1021795-05:00" endTime="2021-12-02T13:55:19.1021797-05:00" testType="13cdc9d9-ddb5-4fa4-a97d-d965ccfc6d4b" outcome="Passed" testListId="8c84fa94-04c1-424b-9868-57a2d4851a1d" relativeResultsDirectory="7cb0e220-1a24-4ced-9aad-fa01d3df445e" />
    <UnitTestResult executionId="d6e7e925-f755-499a-a5b3-9e0aacdadee3" testId="32ed53fc-95f1-d7cd-cca1-01a795194564" testName="Goedel.XUnit.ShellTests.TestAccountDelete" computerName="VOODOO" duration="00:00:01.2336936" startTime="2021-12-02T13:54:25.7047951-05:00" endTime="2021-12-02T13:54:25.7047953-05:00" testType="13cdc9d9-ddb5-4fa4-a97d-d965ccfc6d4b" outcome="Failed" testListId="8c84fa94-04c1-424b-9868-57a2d4851a1d" relativeResultsDirectory="d6e7e925-f755-499a-a5b3-9e0aacdadee3">
      <Output>
        <ErrorInfo>
          <Message>System.NullReferenceException : Object reference not set to an instance of an object.</Message>
          <StackTrace>   at Goedel.Mesh.Server.PublicMeshService..ctor(IMeshMachine meshMachine, ServiceConfiguration serviceConfiguration, HostConfiguration hostConfiguration) in C:\Users\hallam\Work\mmm\Mesh\Goedel.Mesh.Server\MeshDispatch.cs:line 136&#xD;
   at Goedel.Mesh.Test.TestEnvironmentCommon.get_MeshService() in C:\Users\hallam\Work\mmm\Testing\Goedel.Mesh.Test\TestEnvironmentCommon.cs:line 203&#xD;
   at Goedel.Mesh.Test.TestEnvironmentCommon.GetMeshClient(MeshMachineTest meshMachineTest, ICredentialPrivate credential, String serviceId, String accountAddress) in C:\Users\hallam\Work\mmm\Testing\Goedel.Mesh.Test\TestEnvironmentCommon.cs:line 222&#xD;
   at Goedel.Mesh.Test.MeshMachineTest.GetMeshClient(ICredentialPrivate credential, String service, String accountAddress) in C:\Users\hallam\Work\mmm\Testing\Goedel.Mesh.Test\MeshMachineTest.cs:line 88&#xD;
   at Goedel.Mesh.Client.ContextUser.SetService(String accountAddress) in C:\Users\hallam\Work\mmm\Mesh\Goedel.Mesh.Client\ContextUser.cs:line 243&#xD;
   at Goedel.Mesh.Client.MeshHost.ConfigureMesh(String accountAddress, String localName, PrivateKeyUDF accountSeed, ProfileDevice profileDevice, List`1 rights, Boolean create) in C:\Users\hallam\Work\mmm\Mesh\Goedel.Mesh.Client\MeshHost.cs:line 269&#xD;
   at Goedel.Mesh.Shell.Shell.AccountCreate(AccountCreate options) in C:\Users\hallam\Work\mmm\Mesh\Goedel.Mesh.Shell\DispatchAccount.cs:line 68&#xD;
   at Goedel.Mesh.Shell.CommandLineInterpreter.Handle_AccountCreate(DispatchShell DispatchIn, String[] Args, Int32 Index) in C:\Users\hallam\Work\mmm\Mesh\Goedel.Mesh.Shell\meshman.cs:line 520&#xD;
   at Goedel.Command.CommandLineInterpreterBase.Dispatcher(SortedDictionary`2 Entries, DescribeCommandEntry DefaultCommand, DispatchShell Dispatch, String[] Args, Int32 Index) in C:\Users\hallam\Work\mmm\Libraries\Goedel.Command\Command.cs:line 224&#xD;
   at Goedel.Command.CommandLineInterpreterBase.Dispatcher(SortedDictionary`2 Entries, DescribeCommandEntry DefaultCommand, DispatchShell Dispatch, String[] Args, Int32 Index) in C:\Users\hallam\Work\mmm\Libraries\Goedel.Command\Command.cs:line 228&#xD;
   at Goedel.Mesh.Test.TestCLI.Dispatch(String command, Boolean fail) in C:\Users\hallam\Work\mmm\Testing\Goedel.Mesh.Test\TestShell.cs:line 241&#xD;
   at Goedel.XUnit.ShellTests.TestAccountDelete() in C:\Users\hallam\Work\mmm\Testing\Goedel.Mesh.Shell.Test-xunit\TestAccount.cs:line 161</StackTrace>
        </ErrorInfo>
      </Output>
    </UnitTestResult>
    <UnitTestResult executionId="7246d8fb-e18f-4bfa-9e90-57dd684e55c6" testId="70b4c56c-276c-1f69-dc4d-79ea1f9d3b29" testName="Goedel.XUnit.ShellTestsAdmin.TestMessageGroup" computerName="VOODOO" duration="00:00:01.3770560" startTime="2021-12-02T13:54:56.8186892-05:00" endTime="2021-12-02T13:54:56.8186894-05:00" testType="13cdc9d9-ddb5-4fa4-a97d-d965ccfc6d4b" outcome="Failed" testListId="8c84fa94-04c1-424b-9868-57a2d4851a1d" relativeResultsDirectory="7246d8fb-e18f-4bfa-9e90-57dd684e55c6">
      <Output>
        <ErrorInfo>
          <Message>Goedel.Mesh.ServiceAdmin.HostNotFound : Configuration for the host ServiceConfig.json could not be found</Message>
          <StackTrace>   at Goedel.Mesh.ServiceAdmin.Configuration.GetHostConfiguration(String id) in C:\Users\hallam\Work\mmm\Mesh\Goedel.Mesh.ServiceAdmin\ServiceDescription.cs:line 135&#xD;
   at Goedel.Mesh.Shell.Host.Shell.HostStart(HostStart Options) in C:\Users\hallam\Work\mmm\Mesh\Goedel.Mesh.Shell.Host\ShellDispatch.cs:line 156&#xD;
   at Goedel.Mesh.Shell.Host.CommandLineInterpreter.Handle_HostStart(DispatchShell DispatchIn, String[] Args, Int32 Index) in C:\Users\hallam\Work\mmm\Mesh\Goedel.Mesh.Shell.Host\anyhost.cs:line 172&#xD;
   at Goedel.Command.CommandLineInterpreterBase.Dispatcher(SortedDictionary`2 Entries, DescribeCommandEntry DefaultCommand, DispatchShell Dispatch, String[] Args, Int32 Index) in C:\Users\hallam\Work\mmm\Libraries\Goedel.Command\Command.cs:line 224&#xD;
   at Goedel.Mesh.Shell.Host.CommandLineInterpreter.MainMethod(Shell Dispatch, String[] Args) in C:\Users\hallam\Work\mmm\Mesh\Goedel.Mesh.Shell.Host\anyhost.cs:line 161&#xD;
   at Goedel.Mesh.Test.TestEnvironmentRdpShell.Host(String command) in C:\Users\hallam\Work\mmm\Testing\Goedel.Mesh.Test\TestEnvironmentCommon.cs:line 121&#xD;
   at Goedel.Mesh.Test.TestEnvironmentRdpShell.StartService() in C:\Users\hallam\Work\mmm\Testing\Goedel.Mesh.Test\TestEnvironmentCommon.cs:line 90&#xD;
   at Goedel.Mesh.Test.TestEnvironmentRdpShell.GetMeshClient(MeshMachineTest meshMachineTest, ICredentialPrivate credential, String service, String accountAddress) in C:\Users\hallam\Work\mmm\Testing\Goedel.Mesh.Test\TestEnvironmentCommon.cs:line 102&#xD;
   at Goedel.Mesh.Test.MeshMachineTest.GetMeshClient(ICredentialPrivate credential, String service, String accountAddress) in C:\Users\hallam\Work\mmm\Testing\Goedel.Mesh.Test\MeshMachineTest.cs:line 88&#xD;
   at Goedel.Mesh.Client.ContextUser.SetService(String accountAddress) in C:\Users\hallam\Work\mmm\Mesh\Goedel.Mesh.Client\ContextUser.cs:line 243&#xD;
   at Goedel.Mesh.Client.MeshHost.ConfigureMesh(String accountAddress, String localName, PrivateKeyUDF accountSeed, ProfileDevice profileDevice, List`1 rights, Boolean create) in C:\Users\hallam\Work\mmm\Mesh\Goedel.Mesh.Client\MeshHost.cs:line 269&#xD;
   at Goedel.Mesh.Shell.Shell.AccountCreate(AccountCreate options) in C:\Users\hallam\Work\mmm\Mesh\Goedel.Mesh.Shell\DispatchAccount.cs:line 68&#xD;
   at Goedel.Mesh.Shell.CommandLineInterpreter.Handle_AccountCreate(DispatchShell DispatchIn, String[] Args, Int32 Index) in C:\Users\hallam\Work\mmm\Mesh\Goedel.Mesh.Shell\meshman.cs:line 520&#xD;
   at Goedel.Command.CommandLineInterpreterBase.Dispatcher(SortedDictionary`2 Entries, DescribeCommandEntry DefaultCommand, DispatchShell Dispatch, String[] Args, Int32 Index) in C:\Users\hallam\Work\mmm\Libraries\Goedel.Command\Command.cs:line 224&#xD;
   at Goedel.Command.CommandLineInterpreterBase.Dispatcher(SortedDictionary`2 Entries, DescribeCommandEntry DefaultCommand, DispatchShell Dispatch, String[] Args, Int32 Index) in C:\Users\hallam\Work\mmm\Libraries\Goedel.Command\Command.cs:line 228&#xD;
   at Goedel.Mesh.Test.TestCLI.Dispatch(String command, Boolean fail) in C:\Users\hallam\Work\mmm\Testing\Goedel.Mesh.Test\TestShell.cs:line 241&#xD;
   at Goedel.XUnit.ShellTests.MakeAccount(TestCLI device, String account) in C:\Users\hallam\Work\mmm\Testing\Goedel.Mesh.Shell.Test-xunit\TestMessage.cs:line 186&#xD;
   at Goedel.XUnit.ShellTests.CreateAliceBob(TestCLI&amp; deviceA, TestCLI&amp; deviceB) in C:\Users\hallam\Work\mmm\Testing\Goedel.Mesh.Shell.Test-xunit\TestMessage.cs:line 264&#xD;
   at Goedel.XUnit.ShellTests.TestMessageGroup() in C:\Users\hallam\Work\mmm\Testing\Goedel.Mesh.Shell.Test-xunit\TestGroup.cs:line 42</StackTrace>
        </ErrorInfo>
      </Output>
    </UnitTestResult>
    <UnitTestResult executionId="6783039c-8047-4d91-b614-082d7c065484" testId="1b95a8eb-70b3-116e-ba2b-8994a66adb0a" testName="Goedel.XUnit.TestDare.EnvelopeEncryptedFixed" computerName="VOODOO" duration="00:00:00.7979810" startTime="2021-12-02T13:54:19.4630559-05:00" endTime="2021-12-02T13:54:19.4630563-05:00" testType="13cdc9d9-ddb5-4fa4-a97d-d965ccfc6d4b" outcome="Passed" testListId="8c84fa94-04c1-424b-9868-57a2d4851a1d" relativeResultsDirectory="6783039c-8047-4d91-b614-082d7c065484" />
    <UnitTestResult executionId="737f27dd-4b26-4506-9f5c-69ede9b407e4" testId="a5d42cf1-88fe-1cac-c2a5-c65452c77b2b" testName="Goedel.XUnit.TestGoedelCryptography.UDFKeyGen(Test: TestVectorUDFKeyGen { KeyUses = Encrypt, ResultUDF = &quot;MDIQ-NMGG-GYIS-T3VB-2JMI-ROED-ESTP&quot;, Seed = &quot;test4&quot;, UdfAlgorithmIdentifier = X448 })" computerName="VOODOO" duration="00:00:00.0061770" startTime="2021-12-02T13:55:23.2168231-05:00" endTime="2021-12-02T13:55:23.2168232-05:00" testType="13cdc9d9-ddb5-4fa4-a97d-d965ccfc6d4b" outcome="Passed" testListId="8c84fa94-04c1-424b-9868-57a2d4851a1d" relativeResultsDirectory="737f27dd-4b26-4506-9f5c-69ede9b407e4" />
    <UnitTestResult executionId="34585f8a-cd2c-46b2-a10a-51c914ef3940" testId="42f06fdc-2b69-daa2-bb35-c500e1f85ed2" testName="Goedel.XUnit.ShellTests.TestArchive" computerName="VOODOO" duration="00:00:01.1217676" startTime="2021-12-02T13:54:32.5190181-05:00" endTime="2021-12-02T13:54:32.5190183-05:00" testType="13cdc9d9-ddb5-4fa4-a97d-d965ccfc6d4b" outcome="Failed" testListId="8c84fa94-04c1-424b-9868-57a2d4851a1d" relativeResultsDirectory="34585f8a-cd2c-46b2-a10a-51c914ef3940">
      <Output>
        <ErrorInfo>
          <Message>System.NullReferenceException : Object reference not set to an instance of an object.</Message>
          <StackTrace>   at Goedel.Mesh.Server.PublicMeshService..ctor(IMeshMachine meshMachine, ServiceConfiguration serviceConfiguration, HostConfiguration hostConfiguration) in C:\Users\hallam\Work\mmm\Mesh\Goedel.Mesh.Server\MeshDispatch.cs:line 136&#xD;
   at Goedel.Mesh.Test.TestEnvironmentCommon.get_MeshService() in C:\Users\hallam\Work\mmm\Testing\Goedel.Mesh.Test\TestEnvironmentCommon.cs:line 203&#xD;
   at Goedel.Mesh.Test.TestEnvironmentCommon.GetMeshClient(MeshMachineTest meshMachineTest, ICredentialPrivate credential, String serviceId, String accountAddress) in C:\Users\hallam\Work\mmm\Testing\Goedel.Mesh.Test\TestEnvironmentCommon.cs:line 222&#xD;
   at Goedel.Mesh.Test.MeshMachineTest.GetMeshClient(ICredentialPrivate credential, String service, String accountAddress) in C:\Users\hallam\Work\mmm\Testing\Goedel.Mesh.Test\MeshMachineTest.cs:line 88&#xD;
   at Goedel.Mesh.Client.ContextUser.SetService(String accountAddress) in C:\Users\hallam\Work\mmm\Mesh\Goedel.Mesh.Client\ContextUser.cs:line 243&#xD;
   at Goedel.Mesh.Client.MeshHost.ConfigureMesh(String accountAddress, String localName, PrivateKeyUDF accountSeed, ProfileDevice profileDevice, List`1 rights, Boolean create) in C:\Users\hallam\Work\mmm\Mesh\Goedel.Mesh.Client\MeshHost.cs:line 269&#xD;
   at Goedel.Mesh.Shell.Shell.AccountCreate(AccountCreate options) in C:\Users\hallam\Work\mmm\Mesh\Goedel.Mesh.Shell\DispatchAccount.cs:line 68&#xD;
   at Goedel.Mesh.Shell.CommandLineInterpreter.Handle_AccountCreate(DispatchShell DispatchIn, String[] Args, Int32 Index) in C:\Users\hallam\Work\mmm\Mesh\Goedel.Mesh.Shell\meshman.cs:line 520&#xD;
   at Goedel.Command.CommandLineInterpreterBase.Dispatcher(SortedDictionary`2 Entries, DescribeCommandEntry DefaultCommand, DispatchShell Dispatch, String[] Args, Int32 Index) in C:\Users\hallam\Work\mmm\Libraries\Goedel.Command\Command.cs:line 224&#xD;
   at Goedel.Command.CommandLineInterpreterBase.Dispatcher(SortedDictionary`2 Entries, DescribeCommandEntry DefaultCommand, DispatchShell Dispatch, String[] Args, Int32 Index) in C:\Users\hallam\Work\mmm\Libraries\Goedel.Command\Command.cs:line 228&#xD;
   at Goedel.Mesh.Test.TestCLI.Dispatch(String command, Boolean fail) in C:\Users\hallam\Work\mmm\Testing\Goedel.Mesh.Test\TestShell.cs:line 241&#xD;
   at Goedel.XUnit.ShellTests.Dispatch(String command, Boolean fail) in C:\Users\hallam\Work\mmm\Testing\Goedel.Mesh.Shell.Test-xunit\Base.cs:line 159&#xD;
   at Goedel.XUnit.ShellTests.CreateAccount(String account) in C:\Users\hallam\Work\mmm\Testing\Goedel.Mesh.Shell.Test-xunit\Base.cs:line 162&#xD;
   at Goedel.XUnit.ShellTests.TestSequence(Int32 count, String encrypt, String sign, Boolean purge, Boolean index, String initial) in C:\Users\hallam\Work\mmm\Testing\Goedel.Mesh.Shell.Test-xunit\TestDare.cs:line 137&#xD;
   at Goedel.XUnit.ShellTests.TestArchive() in C:\Users\hallam\Work\mmm\Testing\Goedel.Mesh.Shell.Test-xunit\TestDare.cs:line 111</StackTrace>
        </ErrorInfo>
      </Output>
    </UnitTestResult>
    <UnitTestResult executionId="5f1dfeb9-5316-45ee-a1e0-bb01a86aeaf4" testId="ac3cdbb5-5d7d-9912-6c60-e1cbfac04c34" testName="Goedel.XUnit.TestSplit.TestKeyShare(bits: 32, hexData: null)" computerName="VOODOO" duration="00:00:00.0000157" startTime="2021-12-02T13:54:13.5951473-05:00" endTime="2021-12-02T13:54:13.5951474-05:00" testType="13cdc9d9-ddb5-4fa4-a97d-d965ccfc6d4b" outcome="Passed" testListId="8c84fa94-04c1-424b-9868-57a2d4851a1d" relativeResultsDirectory="5f1dfeb9-5316-45ee-a1e0-bb01a86aeaf4" />
    <UnitTestResult executionId="58b2171c-db60-4155-8385-d5611c1e45c3" testId="378ab5db-db3b-9fe0-4153-cdd0eafde61e" testName="Goedel.XUnit.TestGoedelCryptography.TestDHEd25519Misc" computerName="VOODOO" duration="00:00:00.0478569" startTime="2021-12-02T13:54:37.5361092-05:00" endTime="2021-12-02T13:54:37.5361095-05:00" testType="13cdc9d9-ddb5-4fa4-a97d-d965ccfc6d4b" outcome="Passed" testListId="8c84fa94-04c1-424b-9868-57a2d4851a1d" relativeResultsDirectory="58b2171c-db60-4155-8385-d5611c1e45c3" />
    <UnitTestResult executionId="1173415c-6835-4706-a426-d7badc207543" testId="92933264-f097-6813-3f11-55ca72c5af04" testName="Goedel.XUnit.TestSplit.TestShares(N: 11, K: 2)" computerName="VOODOO" duration="00:00:00.0508620" startTime="2021-12-02T13:54:14.5546730-05:00" endTime="2021-12-02T13:54:14.5546733-05:00" testType="13cdc9d9-ddb5-4fa4-a97d-d965ccfc6d4b" outcome="Passed" testListId="8c84fa94-04c1-424b-9868-57a2d4851a1d" relativeResultsDirectory="1173415c-6835-4706-a426-d7badc207543" />
    <UnitTestResult executionId="09dff739-a166-49b0-b9d0-ff0775f4235a" testId="7b7e6458-2108-8519-587e-25a73a68346b" testName="Goedel.XUnit.TestSplit.TestShares(N: 6, K: 2)" computerName="VOODOO" duration="00:00:00.0415951" startTime="2021-12-02T13:54:14.2607640-05:00" endTime="2021-12-02T13:54:14.2607644-05:00" testType="13cdc9d9-ddb5-4fa4-a97d-d965ccfc6d4b" outcome="Passed" testListId="8c84fa94-04c1-424b-9868-57a2d4851a1d" relativeResultsDirectory="09dff739-a166-49b0-b9d0-ff0775f4235a" />
    <UnitTestResult executionId="1a1e78b5-b60a-427a-af48-682220456b46" testId="b737fe06-d8fc-92fd-5280-a8e1601ec2d8" testName="Goedel.XUnit.TestAsymmetric.TestRFC8032(Test: TestVectorAsymmetric { Algorithm = Ed448, Context = null, ContextData = null, Message = &quot;\r\n   64a65f3cdedcdd66811e2915&quot;, MessageData = [100, 166, 95, 60, 222, ...], ... })" computerName="VOODOO" duration="00:00:00.3283229" startTime="2021-12-02T13:54:16.5271123-05:00" endTime="2021-12-02T13:54:16.5271125-05:00" testType="13cdc9d9-ddb5-4fa4-a97d-d965ccfc6d4b" outcome="Passed" testListId="8c84fa94-04c1-424b-9868-57a2d4851a1d" relativeResultsDirectory="1a1e78b5-b60a-427a-af48-682220456b46" />
    <UnitTestResult executionId="29b61f05-459f-4675-a42f-974fe26ad86b" testId="f7308436-9fad-674b-8f46-f56d09028691" testName="Goedel.XUnit.ShellTests.TestRandom(bits: 128)" computerName="VOODOO" duration="00:00:00.0024069" startTime="2021-12-02T13:54:12.0952947-05:00" endTime="2021-12-02T13:54:12.0952948-05:00" testType="13cdc9d9-ddb5-4fa4-a97d-d965ccfc6d4b" outcome="Passed" testListId="8c84fa94-04c1-424b-9868-57a2d4851a1d" relativeResultsDirectory="29b61f05-459f-4675-a42f-974fe26ad86b" />
    <UnitTestResult executionId="7dc0940e-27f3-4c84-b2ed-1e5573f49de4" testId="d72c7a29-8e20-93cd-0e81-8d035a1040e4" testName="Goedel.XUnit.MakeSiteDocs.CiphertextVerify" computerName="VOODOO" duration="00:00:00.5728041" startTime="2021-12-02T13:54:13.0500521-05:00" endTime="2021-12-02T13:54:13.0500901-05:00" testType="13cdc9d9-ddb5-4fa4-a97d-d965ccfc6d4b" outcome="Failed" testListId="8c84fa94-04c1-424b-9868-57a2d4851a1d" relativeResultsDirectory="7dc0940e-27f3-4c84-b2ed-1e5573f49de4">
      <Output>
        <ErrorInfo>
          <Message>System.NullReferenceException : Object reference not set to an instance of an object.</Message>
          <StackTrace>   at ExampleGenerator.CreateExamples.ServiceConnect() in C:\Users\hallam\Work\mmm\Documentation\MakeSiteDocs\CreateExamples.cs:line 141&#xD;
   at Goedel.XUnit.MakeSiteDocs.CiphertextVerify() in C:\Users\hallam\Work\mmm\Testing\Test.MakeSiteDocs\MakeSiteDocs.cs:line 101</StackTrace>
        </ErrorInfo>
      </Output>
    </UnitTestResult>
    <UnitTestResult executionId="c1fec185-ae09-454b-82aa-b5745132aa16" testId="76cca5ed-7da2-6d7f-d4fb-d0ab26cec84e" testName="Goedel.XUnit.GoedelCryptography.TestRandom" computerName="VOODOO" duration="00:00:00.0002520" startTime="2021-12-02T13:54:13.6170810-05:00" endTime="2021-12-02T13:54:13.6170812-05:00" testType="13cdc9d9-ddb5-4fa4-a97d-d965ccfc6d4b" outcome="Passed" testListId="8c84fa94-04c1-424b-9868-57a2d4851a1d" relativeResultsDirectory="c1fec185-ae09-454b-82aa-b5745132aa16" />
    <UnitTestResult executionId="94975643-58d5-4e61-9414-f0d8618ee381" testId="589b910c-5669-c9d0-00ad-d89ea367086f" testName="Goedel.XUnit.TestDare.EnvelopePlaintextJSON" computerName="VOODOO" duration="00:00:00.0005932" startTime="2021-12-02T13:54:20.2659790-05:00" endTime="2021-12-02T13:54:20.2659791-05:00" testType="13cdc9d9-ddb5-4fa4-a97d-d965ccfc6d4b" outcome="Passed" testListId="8c84fa94-04c1-424b-9868-57a2d4851a1d" relativeResultsDirectory="94975643-58d5-4e61-9414-f0d8618ee381" />
    <UnitTestResult executionId="d48c0987-9fe4-4592-b56e-9aa9b3acb926" testId="7c70b1b2-7ead-7629-dda8-d74f98296a4a" testName="Goedel.XUnit.ShellTests.TestRandom(bits: 192)" computerName="VOODOO" duration="00:00:00.0027881" startTime="2021-12-02T13:54:12.1004456-05:00" endTime="2021-12-02T13:54:12.1004458-05:00" testType="13cdc9d9-ddb5-4fa4-a97d-d965ccfc6d4b" outcome="Passed" testListId="8c84fa94-04c1-424b-9868-57a2d4851a1d" relativeResultsDirectory="d48c0987-9fe4-4592-b56e-9aa9b3acb926" />
    <UnitTestResult executionId="7ebb156d-ecc4-44cb-b3c0-e3e47462ddaa" testId="10344b27-2716-e325-9a46-86408776569b" testName="Goedel.XUnit.TestLifecycle.Test_LifecycleDevice(CryptoAlgorithmID: Exchange, KeySize: 2048)" computerName="VOODOO" duration="00:00:00.2900433" startTime="2021-12-02T13:54:14.9550703-05:00" endTime="2021-12-02T13:54:14.9550707-05:00" testType="13cdc9d9-ddb5-4fa4-a97d-d965ccfc6d4b" outcome="Passed" testListId="8c84fa94-04c1-424b-9868-57a2d4851a1d" relativeResultsDirectory="7ebb156d-ecc4-44cb-b3c0-e3e47462ddaa" />
    <UnitTestResult executionId="b36fe69f-4dbb-4215-8c6e-d509d61cbd2e" testId="f865bb6d-bccb-a7e5-e77c-acb7e165a931" testName="Goedel.XUnit.TestGoedelCryptography.TestSquareRoot" computerName="VOODOO" duration="00:00:00.0014423" startTime="2021-12-02T13:55:13.3779403-05:00" endTime="2021-12-02T13:55:13.3779404-05:00" testType="13cdc9d9-ddb5-4fa4-a97d-d965ccfc6d4b" outcome="Passed" testListId="8c84fa94-04c1-424b-9868-57a2d4851a1d" relativeResultsDirectory="b36fe69f-4dbb-4215-8c6e-d509d61cbd2e" />
    <UnitTestResult executionId="65ae1911-13ef-4656-a16d-bda7d03668b4" testId="31afd403-33a9-9ed4-cbef-37bab6ca9b7f" testName="Goedel.XUnit.ShellTests.TestKey(bits: 0)" computerName="VOODOO" duration="00:00:00.0021852" startTime="2021-12-02T13:54:12.0864943-05:00" endTime="2021-12-02T13:54:12.0864944-05:00" testType="13cdc9d9-ddb5-4fa4-a97d-d965ccfc6d4b" outcome="Passed" testListId="8c84fa94-04c1-424b-9868-57a2d4851a1d" relativeResultsDirectory="65ae1911-13ef-4656-a16d-bda7d03668b4" />
    <UnitTestResult executionId="27da9b9a-686b-4a44-a6d1-41b13d05fb54" testId="134d148e-b278-5eba-e814-8a05eec2c663" testName="Goedel.XUnit.Utilities.BaseConversionsToStream" computerName="VOODOO" duration="00:00:00.0009961" startTime="2021-12-02T13:54:13.1172353-05:00" endTime="2021-12-02T13:54:13.1172354-05:00" testType="13cdc9d9-ddb5-4fa4-a97d-d965ccfc6d4b" outcome="Passed" testListId="8c84fa94-04c1-424b-9868-57a2d4851a1d" relativeResultsDirectory="27da9b9a-686b-4a44-a6d1-41b13d05fb54" />
    <UnitTestResult executionId="63d380f6-abfa-4a0d-b0b0-ce1a29bccd55" testId="a31e5717-7310-3c8b-24b7-ccce5780480a" testName="Goedel.XUnit.ShellTestsAdmin.TestKey(bits: 256)" computerName="VOODOO" duration="00:00:00.0646717" startTime="2021-12-02T13:54:10.5858312-05:00" endTime="2021-12-02T13:54:10.5858315-05:00" testType="13cdc9d9-ddb5-4fa4-a97d-d965ccfc6d4b" outcome="Passed" testListId="8c84fa94-04c1-424b-9868-57a2d4851a1d" relativeResultsDirectory="63d380f6-abfa-4a0d-b0b0-ce1a29bccd55" />
    <UnitTestResult executionId="5d480eba-5da4-4715-9533-bee7c4723aa6" testId="18bb0f22-d83b-2afa-8a7f-472186beb157" testName="Goedel.XUnit.TestDare.EnvelopeSignAtomic" computerName="VOODOO" duration="00:00:00.7046826" startTime="2021-12-02T13:54:20.9735861-05:00" endTime="2021-12-02T13:54:20.9735863-05:00" testType="13cdc9d9-ddb5-4fa4-a97d-d965ccfc6d4b" outcome="Passed" testListId="8c84fa94-04c1-424b-9868-57a2d4851a1d" relativeResultsDirectory="5d480eba-5da4-4715-9533-bee7c4723aa6" />
    <UnitTestResult executionId="5686c15e-0b46-433a-a9dd-99132593bfd4" testId="1d9bb387-1949-aece-9f0b-800679624aa2" testName="Goedel.XUnit.TestService.MeshEscrowRecover" computerName="VOODOO" duration="00:00:00.9318700" startTime="2021-12-02T13:54:45.2405440-05:00" endTime="2021-12-02T13:54:45.2405442-05:00" testType="13cdc9d9-ddb5-4fa4-a97d-d965ccfc6d4b" outcome="Failed" testListId="8c84fa94-04c1-424b-9868-57a2d4851a1d" relativeResultsDirectory="5686c15e-0b46-433a-a9dd-99132593bfd4">
      <Output>
        <ErrorInfo>
          <Message>System.NullReferenceException : Object reference not set to an instance of an object.</Message>
          <StackTrace>   at Goedel.Mesh.Server.PublicMeshService..ctor(IMeshMachine meshMachine, ServiceConfiguration serviceConfiguration, HostConfiguration hostConfiguration) in C:\Users\hallam\Work\mmm\Mesh\Goedel.Mesh.Server\MeshDispatch.cs:line 136&#xD;
   at Goedel.Mesh.Test.TestEnvironmentCommon.get_MeshService() in C:\Users\hallam\Work\mmm\Testing\Goedel.Mesh.Test\TestEnvironmentCommon.cs:line 203&#xD;
   at Goedel.Mesh.Test.TestEnvironmentCommon.GetMeshClient(MeshMachineTest meshMachineTest, ICredentialPrivate credential, String serviceId, String accountAddress) in C:\Users\hallam\Work\mmm\Testing\Goedel.Mesh.Test\TestEnvironmentCommon.cs:line 222&#xD;
   at Goedel.Mesh.Test.MeshMachineTest.GetMeshClient(ICredentialPrivate credential, String service, String accountAddress) in C:\Users\hallam\Work\mmm\Testing\Goedel.Mesh.Test\MeshMachineTest.cs:line 88&#xD;
   at Goedel.Mesh.Client.ContextUser.SetService(String accountAddress) in C:\Users\hallam\Work\mmm\Mesh\Goedel.Mesh.Client\ContextUser.cs:line 243&#xD;
   at Goedel.Mesh.Client.MeshHost.ConfigureMesh(String accountAddress, String localName, PrivateKeyUDF accountSeed, ProfileDevice profileDevice, List`1 rights, Boolean create) in C:\Users\hallam\Work\mmm\Mesh\Goedel.Mesh.Client\MeshHost.cs:line 269&#xD;
   at Goedel.Mesh.Test.MeshMachineTest.GenerateAccountUser(TestEnvironmentCommon testEnvironmentCommon, String machineName, String accountAddress, String localName) in C:\Users\hallam\Work\mmm\Testing\Goedel.Mesh.Test\MeshMachineTest.cs:line 120&#xD;
   at Goedel.XUnit.TestService.MeshEscrowRecover() in C:\Users\hallam\Work\mmm\Testing\Goedel.Mesh.Protocol.Test-xunit\TestService.cs:line 390</StackTrace>
        </ErrorInfo>
      </Output>
    </UnitTestResult>
    <UnitTestResult executionId="135b59ab-2172-4cb8-9917-7b9a19a77d4f" testId="d0685103-213f-5a9e-f416-db56c9db9588" testName="Goedel.XUnit.TestSplit.TestShares(N: 12, K: 2)" computerName="VOODOO" duration="00:00:00.0897453" startTime="2021-12-02T13:54:14.7502261-05:00" endTime="2021-12-02T13:54:14.7502264-05:00" testType="13cdc9d9-ddb5-4fa4-a97d-d965ccfc6d4b" outcome="Passed" testListId="8c84fa94-04c1-424b-9868-57a2d4851a1d" relativeResultsDirectory="135b59ab-2172-4cb8-9917-7b9a19a77d4f" />
    <UnitTestResult executionId="20d0b0c0-d2a6-4b80-975f-f65b48f8154f" testId="8ca50477-74fa-94bd-cf45-0497369148d1" testName="Goedel.XUnit.TestService.TestCredentialAccount" computerName="VOODOO" duration="00:00:00.8773646" startTime="2021-12-02T13:54:48.7461433-05:00" endTime="2021-12-02T13:54:48.7461436-05:00" testType="13cdc9d9-ddb5-4fa4-a97d-d965ccfc6d4b" outcome="Failed" testListId="8c84fa94-04c1-424b-9868-57a2d4851a1d" relativeResultsDirectory="20d0b0c0-d2a6-4b80-975f-f65b48f8154f">
      <Output>
        <ErrorInfo>
          <Message>System.NullReferenceException : Object reference not set to an instance of an object.</Message>
          <StackTrace>   at Goedel.Mesh.Server.PublicMeshService..ctor(IMeshMachine meshMachine, ServiceConfiguration serviceConfiguration, HostConfiguration hostConfiguration) in C:\Users\hallam\Work\mmm\Mesh\Goedel.Mesh.Server\MeshDispatch.cs:line 136&#xD;
   at Goedel.Mesh.Test.TestEnvironmentCommon.get_MeshService() in C:\Users\hallam\Work\mmm\Testing\Goedel.Mesh.Test\TestEnvironmentCommon.cs:line 203&#xD;
   at Goedel.Mesh.Test.TestEnvironmentCommon.GetMeshClient(MeshMachineTest meshMachineTest, ICredentialPrivate credential, String serviceId, String accountAddress) in C:\Users\hallam\Work\mmm\Testing\Goedel.Mesh.Test\TestEnvironmentCommon.cs:line 222&#xD;
   at Goedel.Mesh.Test.MeshMachineTest.GetMeshClient(ICredentialPrivate credential, String service, String accountAddress) in C:\Users\hallam\Work\mmm\Testing\Goedel.Mesh.Test\MeshMachineTest.cs:line 88&#xD;
   at Goedel.Mesh.Client.ContextUser.SetService(String accountAddress) in C:\Users\hallam\Work\mmm\Mesh\Goedel.Mesh.Client\ContextUser.cs:line 243&#xD;
   at Goedel.Mesh.Client.MeshHost.ConfigureMesh(String accountAddress, String localName, PrivateKeyUDF accountSeed, ProfileDevice profileDevice, List`1 rights, Boolean create) in C:\Users\hallam\Work\mmm\Mesh\Goedel.Mesh.Client\MeshHost.cs:line 269&#xD;
   at Goedel.Mesh.Test.MeshMachineTest.GenerateAccountUser(TestEnvironmentCommon testEnvironmentCommon, String machineName, String accountAddress, String localName) in C:\Users\hallam\Work\mmm\Testing\Goedel.Mesh.Test\MeshMachineTest.cs:line 120&#xD;
   at Goedel.XUnit.TestService.TestCredentialAccount() in C:\Users\hallam\Work\mmm\Testing\Goedel.Mesh.Protocol.Test-xunit\MeshCredential.cs:line 73</StackTrace>
        </ErrorInfo>
      </Output>
    </UnitTestResult>
    <UnitTestResult executionId="1446e21b-5e55-438d-a21d-c788456c2d15" testId="9e9f2b41-8e06-fcc6-f046-4e0607bb5d06" testName="Goedel.XUnit.ShellTests.TestProfileContact" computerName="VOODOO" duration="00:00:00.9650905" startTime="2021-12-02T13:54:39.6544838-05:00" endTime="2021-12-02T13:54:39.6544840-05:00" testType="13cdc9d9-ddb5-4fa4-a97d-d965ccfc6d4b" outcome="Failed" testListId="8c84fa94-04c1-424b-9868-57a2d4851a1d" relativeResultsDirectory="1446e21b-5e55-438d-a21d-c788456c2d15">
      <Output>
        <ErrorInfo>
          <Message>System.NullReferenceException : Object reference not set to an instance of an object.</Message>
          <StackTrace>   at Goedel.Mesh.Server.PublicMeshService..ctor(IMeshMachine meshMachine, ServiceConfiguration serviceConfiguration, HostConfiguration hostConfiguration) in C:\Users\hallam\Work\mmm\Mesh\Goedel.Mesh.Server\MeshDispatch.cs:line 136&#xD;
   at Goedel.Mesh.Test.TestEnvironmentCommon.get_MeshService() in C:\Users\hallam\Work\mmm\Testing\Goedel.Mesh.Test\TestEnvironmentCommon.cs:line 203&#xD;
   at Goedel.Mesh.Test.TestEnvironmentCommon.GetMeshClient(MeshMachineTest meshMachineTest, ICredentialPrivate credential, String serviceId, String accountAddress) in C:\Users\hallam\Work\mmm\Testing\Goedel.Mesh.Test\TestEnvironmentCommon.cs:line 222&#xD;
   at Goedel.Mesh.Test.MeshMachineTest.GetMeshClient(ICredentialPrivate credential, String service, String accountAddress) in C:\Users\hallam\Work\mmm\Testing\Goedel.Mesh.Test\MeshMachineTest.cs:line 88&#xD;
   at Goedel.Mesh.Client.ContextUser.SetService(String accountAddress) in C:\Users\hallam\Work\mmm\Mesh\Goedel.Mesh.Client\ContextUser.cs:line 243&#xD;
   at Goedel.Mesh.Client.MeshHost.ConfigureMesh(String accountAddress, String localName, PrivateKeyUDF accountSeed, ProfileDevice profileDevice, List`1 rights, Boolean create) in C:\Users\hallam\Work\mmm\Mesh\Goedel.Mesh.Client\MeshHost.cs:line 269&#xD;
   at Goedel.Mesh.Shell.Shell.AccountCreate(AccountCreate options) in C:\Users\hallam\Work\mmm\Mesh\Goedel.Mesh.Shell\DispatchAccount.cs:line 68&#xD;
   at Goedel.Mesh.Shell.CommandLineInterpreter.Handle_AccountCreate(DispatchShell DispatchIn, String[] Args, Int32 Index) in C:\Users\hallam\Work\mmm\Mesh\Goedel.Mesh.Shell\meshman.cs:line 520&#xD;
   at Goedel.Command.CommandLineInterpreterBase.Dispatcher(SortedDictionary`2 Entries, DescribeCommandEntry DefaultCommand, DispatchShell Dispatch, String[] Args, Int32 Index) in C:\Users\hallam\Work\mmm\Libraries\Goedel.Command\Command.cs:line 224&#xD;
   at Goedel.Command.CommandLineInterpreterBase.Dispatcher(SortedDictionary`2 Entries, DescribeCommandEntry DefaultCommand, DispatchShell Dispatch, String[] Args, Int32 Index) in C:\Users\hallam\Work\mmm\Libraries\Goedel.Command\Command.cs:line 228&#xD;
   at Goedel.Mesh.Test.TestCLI.Dispatch(String command, Boolean fail) in C:\Users\hallam\Work\mmm\Testing\Goedel.Mesh.Test\TestShell.cs:line 241&#xD;
   at Goedel.XUnit.ShellTests.TestProfileContact() in C:\Users\hallam\Work\mmm\Testing\Goedel.Mesh.Shell.Test-xunit\TestCatalog.cs:line 98</StackTrace>
        </ErrorInfo>
      </Output>
    </UnitTestResult>
    <UnitTestResult executionId="0a635fe9-54d4-4738-a510-855feb50e193" testId="f3b34b45-ce1b-6b60-00e3-5fb8a0cf2c10" testName="Goedel.XUnit.TestService.MeshDeviceDirectKey" computerName="VOODOO" duration="00:00:00.8131320" startTime="2021-12-02T13:54:46.0540473-05:00" endTime="2021-12-02T13:54:46.0540475-05:00" testType="13cdc9d9-ddb5-4fa4-a97d-d965ccfc6d4b" outcome="Failed" testListId="8c84fa94-04c1-424b-9868-57a2d4851a1d" relativeResultsDirectory="0a635fe9-54d4-4738-a510-855feb50e193">
      <Output>
        <ErrorInfo>
          <Message>System.NullReferenceException : Object reference not set to an instance of an object.</Message>
          <StackTrace>   at Goedel.Mesh.Server.PublicMeshService..ctor(IMeshMachine meshMachine, ServiceConfiguration serviceConfiguration, HostConfiguration hostConfiguration) in C:\Users\hallam\Work\mmm\Mesh\Goedel.Mesh.Server\MeshDispatch.cs:line 136&#xD;
   at Goedel.Mesh.Test.TestEnvironmentCommon.get_MeshService() in C:\Users\hallam\Work\mmm\Testing\Goedel.Mesh.Test\TestEnvironmentCommon.cs:line 203&#xD;
   at Goedel.Mesh.Test.TestEnvironmentCommon.GetMeshClient(MeshMachineTest meshMachineTest, ICredentialPrivate credential, String serviceId, String accountAddress) in C:\Users\hallam\Work\mmm\Testing\Goedel.Mesh.Test\TestEnvironmentCommon.cs:line 222&#xD;
   at Goedel.Mesh.Test.MeshMachineTest.GetMeshClient(ICredentialPrivate credential, String service, String accountAddress) in C:\Users\hallam\Work\mmm\Testing\Goedel.Mesh.Test\MeshMachineTest.cs:line 88&#xD;
   at Goedel.Mesh.Client.ContextUser.SetService(String accountAddress) in C:\Users\hallam\Work\mmm\Mesh\Goedel.Mesh.Client\ContextUser.cs:line 243&#xD;
   at Goedel.Mesh.Client.MeshHost.ConfigureMesh(String accountAddress, String localName, PrivateKeyUDF accountSeed, ProfileDevice profileDevice, List`1 rights, Boolean create) in C:\Users\hallam\Work\mmm\Mesh\Goedel.Mesh.Client\MeshHost.cs:line 269&#xD;
   at Goedel.Mesh.Test.MeshMachineTest.GenerateAccountUser(TestEnvironmentCommon testEnvironmentCommon, String machineName, String accountAddress, String localName) in C:\Users\hallam\Work\mmm\Testing\Goedel.Mesh.Test\MeshMachineTest.cs:line 120&#xD;
   at Goedel.XUnit.TestService.MeshCheckAccountAuth(String role) in C:\Users\hallam\Work\mmm\Testing\Goedel.Mesh.Protocol.Test-xunit\Authorization.cs:line 66&#xD;
   at Goedel.XUnit.TestService.MeshDeviceDirectKey() in C:\Users\hallam\Work\mmm\Testing\Goedel.Mesh.Protocol.Test-xunit\Authorization.cs:line 54</StackTrace>
        </ErrorInfo>
      </Output>
    </UnitTestResult>
    <UnitTestResult executionId="ac4d4a25-abcc-4e55-b4d3-3fd4de519e62" testId="617b5b91-12d9-bd29-e16c-1159c6f21142" testName="Goedel.XUnit.TestService.ResultKeyRoundTrip" computerName="VOODOO" duration="00:00:00.0000840" startTime="2021-12-02T13:54:20.8366847-05:00" endTime="2021-12-02T13:54:20.8366848-05:00" testType="13cdc9d9-ddb5-4fa4-a97d-d965ccfc6d4b" outcome="Passed" testListId="8c84fa94-04c1-424b-9868-57a2d4851a1d" relativeResultsDirectory="ac4d4a25-abcc-4e55-b4d3-3fd4de519e62" />
    <UnitTestResult executionId="e705ee83-d70f-4218-b8aa-86a3b0e72e43" testId="7c8df97b-d10f-22f2-db67-f69e32d07a91" testName="Goedel.XUnit.ShellTests.TestMessageContactBusinessCardReject" computerName="VOODOO" duration="00:00:01.2754025" startTime="2021-12-02T13:54:21.8488645-05:00" endTime="2021-12-02T13:54:21.8488649-05:00" testType="13cdc9d9-ddb5-4fa4-a97d-d965ccfc6d4b" outcome="Failed" testListId="8c84fa94-04c1-424b-9868-57a2d4851a1d" relativeResultsDirectory="e705ee83-d70f-4218-b8aa-86a3b0e72e43">
      <Output>
        <ErrorInfo>
          <Message>System.NullReferenceException : Object reference not set to an instance of an object.</Message>
          <StackTrace>   at Goedel.Mesh.Server.PublicMeshService..ctor(IMeshMachine meshMachine, ServiceConfiguration serviceConfiguration, HostConfiguration hostConfiguration) in C:\Users\hallam\Work\mmm\Mesh\Goedel.Mesh.Server\MeshDispatch.cs:line 136&#xD;
   at Goedel.Mesh.Test.TestEnvironmentCommon.get_MeshService() in C:\Users\hallam\Work\mmm\Testing\Goedel.Mesh.Test\TestEnvironmentCommon.cs:line 203&#xD;
   at Goedel.Mesh.Test.TestEnvironmentCommon.GetMeshClient(MeshMachineTest meshMachineTest, ICredentialPrivate credential, String serviceId, String accountAddress) in C:\Users\hallam\Work\mmm\Testing\Goedel.Mesh.Test\TestEnvironmentCommon.cs:line 222&#xD;
   at Goedel.Mesh.Test.MeshMachineTest.GetMeshClient(ICredentialPrivate credential, String service, String accountAddress) in C:\Users\hallam\Work\mmm\Testing\Goedel.Mesh.Test\MeshMachineTest.cs:line 88&#xD;
   at Goedel.Mesh.Client.ContextUser.SetService(String accountAddress) in C:\Users\hallam\Work\mmm\Mesh\Goedel.Mesh.Client\ContextUser.cs:line 243&#xD;
   at Goedel.Mesh.Client.MeshHost.ConfigureMesh(String accountAddress, String localName, PrivateKeyUDF accountSeed, ProfileDevice profileDevice, List`1 rights, Boolean create) in C:\Users\hallam\Work\mmm\Mesh\Goedel.Mesh.Client\MeshHost.cs:line 269&#xD;
   at Goedel.Mesh.Shell.Shell.AccountCreate(AccountCreate options) in C:\Users\hallam\Work\mmm\Mesh\Goedel.Mesh.Shell\DispatchAccount.cs:line 68&#xD;
   at Goedel.Mesh.Shell.CommandLineInterpreter.Handle_AccountCreate(DispatchShell DispatchIn, String[] Args, Int32 Index) in C:\Users\hallam\Work\mmm\Mesh\Goedel.Mesh.Shell\meshman.cs:line 520&#xD;
   at Goedel.Command.CommandLineInterpreterBase.Dispatcher(SortedDictionary`2 Entries, DescribeCommandEntry DefaultCommand, DispatchShell Dispatch, String[] Args, Int32 Index) in C:\Users\hallam\Work\mmm\Libraries\Goedel.Command\Command.cs:line 224&#xD;
   at Goedel.Command.CommandLineInterpreterBase.Dispatcher(SortedDictionary`2 Entries, DescribeCommandEntry DefaultCommand, DispatchShell Dispatch, String[] Args, Int32 Index) in C:\Users\hallam\Work\mmm\Libraries\Goedel.Command\Command.cs:line 228&#xD;
   at Goedel.Mesh.Test.TestCLI.Dispatch(String command, Boolean fail) in C:\Users\hallam\Work\mmm\Testing\Goedel.Mesh.Test\TestShell.cs:line 241&#xD;
   at Goedel.XUnit.ShellTests.MakeAccount(TestCLI device, String account) in C:\Users\hallam\Work\mmm\Testing\Goedel.Mesh.Shell.Test-xunit\TestMessage.cs:line 186&#xD;
   at Goedel.XUnit.ShellTests.TestMessageContactBusinessCardReject() in C:\Users\hallam\Work\mmm\Testing\Goedel.Mesh.Shell.Test-xunit\TestMessage.cs:line 104</StackTrace>
        </ErrorInfo>
      </Output>
    </UnitTestResult>
    <UnitTestResult executionId="b1761dcc-fd18-43ef-a490-2903fa2fe881" testId="b3d5e5b2-42ce-2148-0258-5a4a7e7a4ece" testName="Goedel.XUnit.ShellTestsAdmin.TestProfileCalendar" computerName="VOODOO" duration="00:00:01.2531689" startTime="2021-12-02T13:55:09.4490470-05:00" endTime="2021-12-02T13:55:09.4490471-05:00" testType="13cdc9d9-ddb5-4fa4-a97d-d965ccfc6d4b" outcome="Failed" testListId="8c84fa94-04c1-424b-9868-57a2d4851a1d" relativeResultsDirectory="b1761dcc-fd18-43ef-a490-2903fa2fe881">
      <Output>
        <ErrorInfo>
          <Message>Goedel.Mesh.ServiceAdmin.HostNotFound : Configuration for the host ServiceConfig.json could not be found</Message>
          <StackTrace>   at Goedel.Mesh.ServiceAdmin.Configuration.GetHostConfiguration(String id) in C:\Users\hallam\Work\mmm\Mesh\Goedel.Mesh.ServiceAdmin\ServiceDescription.cs:line 135&#xD;
   at Goedel.Mesh.Shell.Host.Shell.HostStart(HostStart Options) in C:\Users\hallam\Work\mmm\Mesh\Goedel.Mesh.Shell.Host\ShellDispatch.cs:line 156&#xD;
   at Goedel.Mesh.Shell.Host.CommandLineInterpreter.Handle_HostStart(DispatchShell DispatchIn, String[] Args, Int32 Index) in C:\Users\hallam\Work\mmm\Mesh\Goedel.Mesh.Shell.Host\anyhost.cs:line 172&#xD;
   at Goedel.Command.CommandLineInterpreterBase.Dispatcher(SortedDictionary`2 Entries, DescribeCommandEntry DefaultCommand, DispatchShell Dispatch, String[] Args, Int32 Index) in C:\Users\hallam\Work\mmm\Libraries\Goedel.Command\Command.cs:line 224&#xD;
   at Goedel.Mesh.Shell.Host.CommandLineInterpreter.MainMethod(Shell Dispatch, String[] Args) in C:\Users\hallam\Work\mmm\Mesh\Goedel.Mesh.Shell.Host\anyhost.cs:line 161&#xD;
   at Goedel.Mesh.Test.TestEnvironmentRdpShell.Host(String command) in C:\Users\hallam\Work\mmm\Testing\Goedel.Mesh.Test\TestEnvironmentCommon.cs:line 121&#xD;
   at Goedel.Mesh.Test.TestEnvironmentRdpShell.StartService() in C:\Users\hallam\Work\mmm\Testing\Goedel.Mesh.Test\TestEnvironmentCommon.cs:line 90&#xD;
   at Goedel.Mesh.Test.TestEnvironmentRdpShell.GetMeshClient(MeshMachineTest meshMachineTest, ICredentialPrivate credential, String service, String accountAddress) in C:\Users\hallam\Work\mmm\Testing\Goedel.Mesh.Test\TestEnvironmentCommon.cs:line 102&#xD;
   at Goedel.Mesh.Test.MeshMachineTest.GetMeshClient(ICredentialPrivate credential, String service, String accountAddress) in C:\Users\hallam\Work\mmm\Testing\Goedel.Mesh.Test\MeshMachineTest.cs:line 88&#xD;
   at Goedel.Mesh.Client.ContextUser.SetService(String accountAddress) in C:\Users\hallam\Work\mmm\Mesh\Goedel.Mesh.Client\ContextUser.cs:line 243&#xD;
   at Goedel.Mesh.Client.MeshHost.ConfigureMesh(String accountAddress, String localName, PrivateKeyUDF accountSeed, ProfileDevice profileDevice, List`1 rights, Boolean create) in C:\Users\hallam\Work\mmm\Mesh\Goedel.Mesh.Client\MeshHost.cs:line 269&#xD;
   at Goedel.Mesh.Shell.Shell.AccountCreate(AccountCreate options) in C:\Users\hallam\Work\mmm\Mesh\Goedel.Mesh.Shell\DispatchAccount.cs:line 68&#xD;
   at Goedel.Mesh.Shell.CommandLineInterpreter.Handle_AccountCreate(DispatchShell DispatchIn, String[] Args, Int32 Index) in C:\Users\hallam\Work\mmm\Mesh\Goedel.Mesh.Shell\meshman.cs:line 520&#xD;
   at Goedel.Command.CommandLineInterpreterBase.Dispatcher(SortedDictionary`2 Entries, DescribeCommandEntry DefaultCommand, DispatchShell Dispatch, String[] Args, Int32 Index) in C:\Users\hallam\Work\mmm\Libraries\Goedel.Command\Command.cs:line 224&#xD;
   at Goedel.Command.CommandLineInterpreterBase.Dispatcher(SortedDictionary`2 Entries, DescribeCommandEntry DefaultCommand, DispatchShell Dispatch, String[] Args, Int32 Index) in C:\Users\hallam\Work\mmm\Libraries\Goedel.Command\Command.cs:line 228&#xD;
   at Goedel.Mesh.Test.TestCLI.Dispatch(String command, Boolean fail) in C:\Users\hallam\Work\mmm\Testing\Goedel.Mesh.Test\TestShell.cs:line 241&#xD;
   at Goedel.XUnit.ShellTests.Dispatch(String command, Boolean fail) in C:\Users\hallam\Work\mmm\Testing\Goedel.Mesh.Shell.Test-xunit\Base.cs:line 159&#xD;
   at Goedel.XUnit.ShellTests.CreateAccount(String account) in C:\Users\hallam\Work\mmm\Testing\Goedel.Mesh.Shell.Test-xunit\Base.cs:line 162&#xD;
   at Goedel.XUnit.ShellTests.TestProfileCalendar() in C:\Users\hallam\Work\mmm\Testing\Goedel.Mesh.Shell.Test-xunit\TestCatalog.cs:line 196</StackTrace>
        </ErrorInfo>
      </Output>
    </UnitTestResult>
    <UnitTestResult executionId="9fd1f23d-bbde-4b21-842a-f7b35cc93145" testId="4051ecdb-c7f7-4cbb-8e38-a8700a60abbc" testName="Goedel.XUnit.ShellTestsAdmin.TestHello" computerName="VOODOO" duration="00:00:00.9143618" startTime="2021-12-02T13:54:33.3833766-05:00" endTime="2021-12-02T13:54:33.3833768-05:00" testType="13cdc9d9-ddb5-4fa4-a97d-d965ccfc6d4b" outcome="Failed" testListId="8c84fa94-04c1-424b-9868-57a2d4851a1d" relativeResultsDirectory="9fd1f23d-bbde-4b21-842a-f7b35cc93145">
      <Output>
        <ErrorInfo>
          <Message>Goedel.Mesh.ServiceAdmin.HostNotFound : Configuration for the host ServiceConfig.json could not be found</Message>
          <StackTrace>   at Goedel.Mesh.ServiceAdmin.Configuration.GetHostConfiguration(String id) in C:\Users\hallam\Work\mmm\Mesh\Goedel.Mesh.ServiceAdmin\ServiceDescription.cs:line 135&#xD;
   at Goedel.Mesh.Shell.Host.Shell.HostStart(HostStart Options) in C:\Users\hallam\Work\mmm\Mesh\Goedel.Mesh.Shell.Host\ShellDispatch.cs:line 156&#xD;
   at Goedel.Mesh.Shell.Host.CommandLineInterpreter.Handle_HostStart(DispatchShell DispatchIn, String[] Args, Int32 Index) in C:\Users\hallam\Work\mmm\Mesh\Goedel.Mesh.Shell.Host\anyhost.cs:line 172&#xD;
   at Goedel.Command.CommandLineInterpreterBase.Dispatcher(SortedDictionary`2 Entries, DescribeCommandEntry DefaultCommand, DispatchShell Dispatch, String[] Args, Int32 Index) in C:\Users\hallam\Work\mmm\Libraries\Goedel.Command\Command.cs:line 224&#xD;
   at Goedel.Mesh.Shell.Host.CommandLineInterpreter.MainMethod(Shell Dispatch, String[] Args) in C:\Users\hallam\Work\mmm\Mesh\Goedel.Mesh.Shell.Host\anyhost.cs:line 161&#xD;
   at Goedel.Mesh.Test.TestEnvironmentRdpShell.Host(String command) in C:\Users\hallam\Work\mmm\Testing\Goedel.Mesh.Test\TestEnvironmentCommon.cs:line 121&#xD;
   at Goedel.Mesh.Test.TestEnvironmentRdpShell.StartService() in C:\Users\hallam\Work\mmm\Testing\Goedel.Mesh.Test\TestEnvironmentCommon.cs:line 90&#xD;
   at Goedel.Mesh.Test.TestEnvironmentRdpShell.GetMeshClient(MeshMachineTest meshMachineTest, ICredentialPrivate credential, String service, String accountAddress) in C:\Users\hallam\Work\mmm\Testing\Goedel.Mesh.Test\TestEnvironmentCommon.cs:line 102&#xD;
   at Goedel.Mesh.Test.MeshMachineTest.GetMeshClient(ICredentialPrivate credential, String service, String accountAddress) in C:\Users\hallam\Work\mmm\Testing\Goedel.Mesh.Test\MeshMachineTest.cs:line 88&#xD;
   at Goedel.Mesh.Shell.Shell.GetMeshClient(IAccountOptions options) in C:\Users\hallam\Work\mmm\Mesh\Goedel.Mesh.Shell\ShellDispatch.cs:line 269&#xD;
   at Goedel.Mesh.Shell.Shell.AccountHello(AccountHello options) in C:\Users\hallam\Work\mmm\Mesh\Goedel.Mesh.Shell\DispatchAccount.cs:line 47&#xD;
   at Goedel.Mesh.Shell.CommandLineInterpreter.Handle_AccountHello(DispatchShell DispatchIn, String[] Args, Int32 Index) in C:\Users\hallam\Work\mmm\Mesh\Goedel.Mesh.Shell\meshman.cs:line 510&#xD;
   at Goedel.Command.CommandLineInterpreterBase.Dispatcher(SortedDictionary`2 Entries, DescribeCommandEntry DefaultCommand, DispatchShell Dispatch, String[] Args, Int32 Index) in C:\Users\hallam\Work\mmm\Libraries\Goedel.Command\Command.cs:line 224&#xD;
   at Goedel.Command.CommandLineInterpreterBase.Dispatcher(SortedDictionary`2 Entries, DescribeCommandEntry DefaultCommand, DispatchShell Dispatch, String[] Args, Int32 Index) in C:\Users\hallam\Work\mmm\Libraries\Goedel.Command\Command.cs:line 228&#xD;
   at Goedel.Mesh.Test.TestCLI.Dispatch(String command, Boolean fail) in C:\Users\hallam\Work\mmm\Testing\Goedel.Mesh.Test\TestShell.cs:line 241&#xD;
   at Goedel.XUnit.ShellTests.TestHello() in C:\Users\hallam\Work\mmm\Testing\Goedel.Mesh.Shell.Test-xunit\TestProfile.cs:line 62</StackTrace>
        </ErrorInfo>
      </Output>
    </UnitTestResult>
    <UnitTestResult executionId="0a653fd5-a20c-46f4-85c0-ccf4864d78cb" testId="237a597c-752b-5e3f-1ac2-90af436e69d6" testName="Goedel.XUnit.TestGoedelCryptography.X448SignedMultiply(totalIn: 1000, partIn: 500)" computerName="VOODOO" duration="00:00:00.0433594" startTime="2021-12-02T13:54:34.3911545-05:00" endTime="2021-12-02T13:54:34.3911548-05:00" testType="13cdc9d9-ddb5-4fa4-a97d-d965ccfc6d4b" outcome="Passed" testListId="8c84fa94-04c1-424b-9868-57a2d4851a1d" relativeResultsDirectory="0a653fd5-a20c-46f4-85c0-ccf4864d78cb" />
    <UnitTestResult executionId="7bdb65d0-89b4-40d5-94b7-9889486b6771" testId="99eb8fbf-9d34-b96a-b4ca-8d17a2864212" testName="Goedel.XUnit.ShellTestsAdmin.TestProfileConnectStaticQR" computerName="VOODOO" duration="00:00:01.6728767" startTime="2021-12-02T13:54:36.9082432-05:00" endTime="2021-12-02T13:54:36.9082432-05:00" testType="13cdc9d9-ddb5-4fa4-a97d-d965ccfc6d4b" outcome="Failed" testListId="8c84fa94-04c1-424b-9868-57a2d4851a1d" relativeResultsDirectory="7bdb65d0-89b4-40d5-94b7-9889486b6771">
      <Output>
        <ErrorInfo>
          <Message>Goedel.Mesh.ServiceAdmin.HostNotFound : Configuration for the host ServiceConfig.json could not be found</Message>
          <StackTrace>   at Goedel.Mesh.ServiceAdmin.Configuration.GetHostConfiguration(String id) in C:\Users\hallam\Work\mmm\Mesh\Goedel.Mesh.ServiceAdmin\ServiceDescription.cs:line 135&#xD;
   at Goedel.Mesh.Shell.Host.Shell.HostStart(HostStart Options) in C:\Users\hallam\Work\mmm\Mesh\Goedel.Mesh.Shell.Host\ShellDispatch.cs:line 156&#xD;
   at Goedel.Mesh.Shell.Host.CommandLineInterpreter.Handle_HostStart(DispatchShell DispatchIn, String[] Args, Int32 Index) in C:\Users\hallam\Work\mmm\Mesh\Goedel.Mesh.Shell.Host\anyhost.cs:line 172&#xD;
   at Goedel.Command.CommandLineInterpreterBase.Dispatcher(SortedDictionary`2 Entries, DescribeCommandEntry DefaultCommand, DispatchShell Dispatch, String[] Args, Int32 Index) in C:\Users\hallam\Work\mmm\Libraries\Goedel.Command\Command.cs:line 224&#xD;
   at Goedel.Mesh.Shell.Host.CommandLineInterpreter.MainMethod(Shell Dispatch, String[] Args) in C:\Users\hallam\Work\mmm\Mesh\Goedel.Mesh.Shell.Host\anyhost.cs:line 161&#xD;
   at Goedel.Mesh.Test.TestEnvironmentRdpShell.Host(String command) in C:\Users\hallam\Work\mmm\Testing\Goedel.Mesh.Test\TestEnvironmentCommon.cs:line 121&#xD;
   at Goedel.Mesh.Test.TestEnvironmentRdpShell.StartService() in C:\Users\hallam\Work\mmm\Testing\Goedel.Mesh.Test\TestEnvironmentCommon.cs:line 90&#xD;
   at Goedel.Mesh.Test.TestEnvironmentRdpShell.GetMeshClient(MeshMachineTest meshMachineTest, ICredentialPrivate credential, String service, String accountAddress) in C:\Users\hallam\Work\mmm\Testing\Goedel.Mesh.Test\TestEnvironmentCommon.cs:line 102&#xD;
   at Goedel.Mesh.Test.MeshMachineTest.GetMeshClient(ICredentialPrivate credential, String service, String accountAddress) in C:\Users\hallam\Work\mmm\Testing\Goedel.Mesh.Test\MeshMachineTest.cs:line 88&#xD;
   at Goedel.Mesh.Client.ContextUser.SetService(String accountAddress) in C:\Users\hallam\Work\mmm\Mesh\Goedel.Mesh.Client\ContextUser.cs:line 243&#xD;
   at Goedel.Mesh.Client.MeshHost.ConfigureMesh(String accountAddress, String localName, PrivateKeyUDF accountSeed, ProfileDevice profileDevice, List`1 rights, Boolean create) in C:\Users\hallam\Work\mmm\Mesh\Goedel.Mesh.Client\MeshHost.cs:line 269&#xD;
   at Goedel.Mesh.Shell.Shell.AccountCreate(AccountCreate options) in C:\Users\hallam\Work\mmm\Mesh\Goedel.Mesh.Shell\DispatchAccount.cs:line 68&#xD;
   at Goedel.Mesh.Shell.CommandLineInterpreter.Handle_AccountCreate(DispatchShell DispatchIn, String[] Args, Int32 Index) in C:\Users\hallam\Work\mmm\Mesh\Goedel.Mesh.Shell\meshman.cs:line 520&#xD;
   at Goedel.Command.CommandLineInterpreterBase.Dispatcher(SortedDictionary`2 Entries, DescribeCommandEntry DefaultCommand, DispatchShell Dispatch, String[] Args, Int32 Index) in C:\Users\hallam\Work\mmm\Libraries\Goedel.Command\Command.cs:line 224&#xD;
   at Goedel.Command.CommandLineInterpreterBase.Dispatcher(SortedDictionary`2 Entries, DescribeCommandEntry DefaultCommand, DispatchShell Dispatch, String[] Args, Int32 Index) in C:\Users\hallam\Work\mmm\Libraries\Goedel.Command\Command.cs:line 228&#xD;
   at Goedel.Mesh.Test.TestCLI.Dispatch(String command, Boolean fail) in C:\Users\hallam\Work\mmm\Testing\Goedel.Mesh.Test\TestShell.cs:line 241&#xD;
   at Goedel.XUnit.ShellTests.TestProfileConnectStaticQR() in C:\Users\hallam\Work\mmm\Testing\Goedel.Mesh.Shell.Test-xunit\TestProfile.cs:line 259</StackTrace>
        </ErrorInfo>
      </Output>
    </UnitTestResult>
    <UnitTestResult executionId="5c061195-811c-4660-bce3-5c523aa508b2" testId="8fd9c82a-3a6a-6fc7-df5f-c355f00b1569" testName="Goedel.XUnit.TestCryptographyJose.RoundTripKeyExportable(cryptoAlgorithmID: Ed448)" computerName="VOODOO" duration="00:00:00.0683576" startTime="2021-12-02T13:54:14.7153390-05:00" endTime="2021-12-02T13:54:14.7153393-05:00" testType="13cdc9d9-ddb5-4fa4-a97d-d965ccfc6d4b" outcome="Passed" testListId="8c84fa94-04c1-424b-9868-57a2d4851a1d" relativeResultsDirectory="5c061195-811c-4660-bce3-5c523aa508b2" />
    <UnitTestResult executionId="03044eec-a0d6-47fb-a64b-9d60ca5894aa" testId="d9255982-49e4-3342-3b82-1ee82b49adc1" testName="Goedel.XUnit.TestGoedelCryptography.TestEd25519x" computerName="VOODOO" duration="00:00:00.0064044" startTime="2021-12-02T13:55:22.6914339-05:00" endTime="2021-12-02T13:55:22.6914341-05:00" testType="13cdc9d9-ddb5-4fa4-a97d-d965ccfc6d4b" outcome="Passed" testListId="8c84fa94-04c1-424b-9868-57a2d4851a1d" relativeResultsDirectory="03044eec-a0d6-47fb-a64b-9d60ca5894aa" />
    <UnitTestResult executionId="095206c0-0ac1-4cbf-83ba-8ff54b8a1964" testId="3ef93204-9f9a-a3f3-8202-5e896c5ccb45" testName="Goedel.XUnit.GoedelProtocol.TestEncodeDecode(First: {&#xA;  &quot;FieldBoolean&quot;: true,&#xA;  &quot;FieldInteger&quot;: 1,&#xA;  &quot;FieldDateTime&quot;: &quot;2021-12-02T13:54:15Z&quot;,&#xA;  &quot;FieldString&quot;: &quot;This is a test&quot;,&#xA;  &quot;FieldBinary&quot;: &quot;AAECAwQ&quot;}, DataEncoding: JSON, ReaderFactory: JSONReaderFactoryDelegate { Method = Goedel.Protocol.JsonReader ReaderFactoryMethod(Byte[]), Target = null })" computerName="VOODOO" duration="00:00:00.0000556" startTime="2021-12-02T13:54:16.0722233-05:00" endTime="2021-12-02T13:54:16.0722234-05:00" testType="13cdc9d9-ddb5-4fa4-a97d-d965ccfc6d4b" outcome="Passed" testListId="8c84fa94-04c1-424b-9868-57a2d4851a1d" relativeResultsDirectory="095206c0-0ac1-4cbf-83ba-8ff54b8a1964" />
    <UnitTestResult executionId="83aa8fbf-f99d-4ed1-860b-b21afb482bbe" testId="1bb68044-77b4-c81f-dc43-8e65edda814d" testName="Goedel.XUnit.ShellTestsAdmin.TestProfileBookmark" computerName="VOODOO" duration="00:00:02.1642867" startTime="2021-12-02T13:54:24.6669043-05:00" endTime="2021-12-02T13:54:24.6669045-05:00" testType="13cdc9d9-ddb5-4fa4-a97d-d965ccfc6d4b" outcome="Failed" testListId="8c84fa94-04c1-424b-9868-57a2d4851a1d" relativeResultsDirectory="83aa8fbf-f99d-4ed1-860b-b21afb482bbe">
      <Output>
        <ErrorInfo>
          <Message>Goedel.Mesh.ServiceAdmin.HostNotFound : Configuration for the host ServiceConfig.json could not be found</Message>
          <StackTrace>   at Goedel.Mesh.ServiceAdmin.Configuration.GetHostConfiguration(String id) in C:\Users\hallam\Work\mmm\Mesh\Goedel.Mesh.ServiceAdmin\ServiceDescription.cs:line 135&#xD;
   at Goedel.Mesh.Shell.Host.Shell.HostStart(HostStart Options) in C:\Users\hallam\Work\mmm\Mesh\Goedel.Mesh.Shell.Host\ShellDispatch.cs:line 156&#xD;
   at Goedel.Mesh.Shell.Host.CommandLineInterpreter.Handle_HostStart(DispatchShell DispatchIn, String[] Args, Int32 Index) in C:\Users\hallam\Work\mmm\Mesh\Goedel.Mesh.Shell.Host\anyhost.cs:line 172&#xD;
   at Goedel.Command.CommandLineInterpreterBase.Dispatcher(SortedDictionary`2 Entries, DescribeCommandEntry DefaultCommand, DispatchShell Dispatch, String[] Args, Int32 Index) in C:\Users\hallam\Work\mmm\Libraries\Goedel.Command\Command.cs:line 224&#xD;
   at Goedel.Mesh.Shell.Host.CommandLineInterpreter.MainMethod(Shell Dispatch, String[] Args) in C:\Users\hallam\Work\mmm\Mesh\Goedel.Mesh.Shell.Host\anyhost.cs:line 161&#xD;
   at Goedel.Mesh.Test.TestEnvironmentRdpShell.Host(String command) in C:\Users\hallam\Work\mmm\Testing\Goedel.Mesh.Test\TestEnvironmentCommon.cs:line 121&#xD;
   at Goedel.Mesh.Test.TestEnvironmentRdpShell.StartService() in C:\Users\hallam\Work\mmm\Testing\Goedel.Mesh.Test\TestEnvironmentCommon.cs:line 90&#xD;
   at Goedel.Mesh.Test.TestEnvironmentRdpShell.GetMeshClient(MeshMachineTest meshMachineTest, ICredentialPrivate credential, String service, String accountAddress) in C:\Users\hallam\Work\mmm\Testing\Goedel.Mesh.Test\TestEnvironmentCommon.cs:line 102&#xD;
   at Goedel.Mesh.Test.MeshMachineTest.GetMeshClient(ICredentialPrivate credential, String service, String accountAddress) in C:\Users\hallam\Work\mmm\Testing\Goedel.Mesh.Test\MeshMachineTest.cs:line 88&#xD;
   at Goedel.Mesh.Client.ContextUser.SetService(String accountAddress) in C:\Users\hallam\Work\mmm\Mesh\Goedel.Mesh.Client\ContextUser.cs:line 243&#xD;
   at Goedel.Mesh.Client.MeshHost.ConfigureMesh(String accountAddress, String localName, PrivateKeyUDF accountSeed, ProfileDevice profileDevice, List`1 rights, Boolean create) in C:\Users\hallam\Work\mmm\Mesh\Goedel.Mesh.Client\MeshHost.cs:line 269&#xD;
   at Goedel.Mesh.Shell.Shell.AccountCreate(AccountCreate options) in C:\Users\hallam\Work\mmm\Mesh\Goedel.Mesh.Shell\DispatchAccount.cs:line 68&#xD;
   at Goedel.Mesh.Shell.CommandLineInterpreter.Handle_AccountCreate(DispatchShell DispatchIn, String[] Args, Int32 Index) in C:\Users\hallam\Work\mmm\Mesh\Goedel.Mesh.Shell\meshman.cs:line 520&#xD;
   at Goedel.Command.CommandLineInterpreterBase.Dispatcher(SortedDictionary`2 Entries, DescribeCommandEntry DefaultCommand, DispatchShell Dispatch, String[] Args, Int32 Index) in C:\Users\hallam\Work\mmm\Libraries\Goedel.Command\Command.cs:line 224&#xD;
   at Goedel.Command.CommandLineInterpreterBase.Dispatcher(SortedDictionary`2 Entries, DescribeCommandEntry DefaultCommand, DispatchShell Dispatch, String[] Args, Int32 Index) in C:\Users\hallam\Work\mmm\Libraries\Goedel.Command\Command.cs:line 228&#xD;
   at Goedel.Mesh.Test.TestCLI.Dispatch(String command, Boolean fail) in C:\Users\hallam\Work\mmm\Testing\Goedel.Mesh.Test\TestShell.cs:line 241&#xD;
   at Goedel.XUnit.ShellTests.Dispatch(String command, Boolean fail) in C:\Users\hallam\Work\mmm\Testing\Goedel.Mesh.Shell.Test-xunit\Base.cs:line 159&#xD;
   at Goedel.XUnit.ShellTests.CreateAccount(String account) in C:\Users\hallam\Work\mmm\Testing\Goedel.Mesh.Shell.Test-xunit\Base.cs:line 162&#xD;
   at Goedel.XUnit.ShellTests.TestProfileBookmark() in C:\Users\hallam\Work\mmm\Testing\Goedel.Mesh.Shell.Test-xunit\TestCatalog.cs:line 150</StackTrace>
        </ErrorInfo>
      </Output>
    </UnitTestResult>
    <UnitTestResult executionId="4c4c3130-6a51-439e-a793-646d8b2aa6f0" testId="a766c6b2-40e0-aca8-8fb5-d97bdaf5fb03" testName="Goedel.XUnit.TestService.TestProfileFails(dataValidity: CorruptDigest)" computerName="VOODOO" duration="00:00:01.3594945" startTime="2021-12-02T13:54:11.6393252-05:00" endTime="2021-12-02T13:54:11.6393660-05:00" testType="13cdc9d9-ddb5-4fa4-a97d-d965ccfc6d4b" outcome="Failed" testListId="8c84fa94-04c1-424b-9868-57a2d4851a1d" relativeResultsDirectory="4c4c3130-6a51-439e-a793-646d8b2aa6f0">
      <Output>
        <ErrorInfo>
          <Message>System.NullReferenceException : Object reference not set to an instance of an object.</Message>
          <StackTrace>   at Goedel.Mesh.Server.PublicMeshService..ctor(IMeshMachine meshMachine, ServiceConfiguration serviceConfiguration, HostConfiguration hostConfiguration) in C:\Users\hallam\Work\mmm\Mesh\Goedel.Mesh.Server\MeshDispatch.cs:line 136&#xD;
   at Goedel.Mesh.Test.TestEnvironmentCommon.get_MeshService() in C:\Users\hallam\Work\mmm\Testing\Goedel.Mesh.Test\TestEnvironmentCommon.cs:line 203&#xD;
   at Goedel.Mesh.Test.TestEnvironmentCommon.GetMeshClient(MeshMachineTest meshMachineTest, ICredentialPrivate credential, String serviceId, String accountAddress) in C:\Users\hallam\Work\mmm\Testing\Goedel.Mesh.Test\TestEnvironmentCommon.cs:line 222&#xD;
   at Goedel.Mesh.Test.MeshMachineTest.GetMeshClient(ICredentialPrivate credential, String service, String accountAddress) in C:\Users\hallam\Work\mmm\Testing\Goedel.Mesh.Test\MeshMachineTest.cs:line 88&#xD;
   at Goedel.Mesh.Client.ContextUser.SetService(String accountAddress) in C:\Users\hallam\Work\mmm\Mesh\Goedel.Mesh.Client\ContextUser.cs:line 243&#xD;
   at Goedel.Mesh.Client.MeshHost.ConfigureMesh(String accountAddress, String localName, PrivateKeyUDF accountSeed, ProfileDevice profileDevice, List`1 rights, Boolean create) in C:\Users\hallam\Work\mmm\Mesh\Goedel.Mesh.Client\MeshHost.cs:line 269&#xD;
   at Goedel.Mesh.Test.MeshMachineTest.GenerateAccountUser(TestEnvironmentCommon testEnvironmentCommon, String machineName, String accountAddress, String localName) in C:\Users\hallam\Work\mmm\Testing\Goedel.Mesh.Test\MeshMachineTest.cs:line 120&#xD;
   at Goedel.XUnit.TestService.TestProfileFails(DataValidity dataValidity) in C:\Users\hallam\Work\mmm\Testing\Goedel.Mesh.Protocol.Test-xunit\MeshCredential.cs:line 160</StackTrace>
        </ErrorInfo>
      </Output>
    </UnitTestResult>
    <UnitTestResult executionId="0487a2a0-ee52-4198-9660-9e4f8a6679ef" testId="7163096c-934a-89f0-0a9d-27fbcb3af09e" testName="Goedel.XUnit.TestCryptography.TestDHAlg_SimpleAgreement" computerName="VOODOO" duration="00:00:00.0683050" startTime="2021-12-02T13:55:30.7563046-05:00" endTime="2021-12-02T13:55:30.7563050-05:00" testType="13cdc9d9-ddb5-4fa4-a97d-d965ccfc6d4b" outcome="Passed" testListId="8c84fa94-04c1-424b-9868-57a2d4851a1d" relativeResultsDirectory="0487a2a0-ee52-4198-9660-9e4f8a6679ef" />
    <UnitTestResult executionId="cb699a86-5c92-484c-8794-efae8f6f2bdf" testId="b13b3468-2604-8402-1b23-5459b0dacdab" testName="Goedel.XUnit.TestService.TestCredentialAccountFails(dataValidity: CorruptMissing)" computerName="VOODOO" duration="00:00:00.8613209" startTime="2021-12-02T13:54:39.1829121-05:00" endTime="2021-12-02T13:54:39.1829123-05:00" testType="13cdc9d9-ddb5-4fa4-a97d-d965ccfc6d4b" outcome="Failed" testListId="8c84fa94-04c1-424b-9868-57a2d4851a1d" relativeResultsDirectory="cb699a86-5c92-484c-8794-efae8f6f2bdf">
      <Output>
        <ErrorInfo>
          <Message>System.NullReferenceException : Object reference not set to an instance of an object.</Message>
          <StackTrace>   at Goedel.Mesh.Server.PublicMeshService..ctor(IMeshMachine meshMachine, ServiceConfiguration serviceConfiguration, HostConfiguration hostConfiguration) in C:\Users\hallam\Work\mmm\Mesh\Goedel.Mesh.Server\MeshDispatch.cs:line 136&#xD;
   at Goedel.Mesh.Test.TestEnvironmentCommon.get_MeshService() in C:\Users\hallam\Work\mmm\Testing\Goedel.Mesh.Test\TestEnvironmentCommon.cs:line 203&#xD;
   at Goedel.Mesh.Test.TestEnvironmentCommon.GetMeshClient(MeshMachineTest meshMachineTest, ICredentialPrivate credential, String serviceId, String accountAddress) in C:\Users\hallam\Work\mmm\Testing\Goedel.Mesh.Test\TestEnvironmentCommon.cs:line 222&#xD;
   at Goedel.Mesh.Test.MeshMachineTest.GetMeshClient(ICredentialPrivate credential, String service, String accountAddress) in C:\Users\hallam\Work\mmm\Testing\Goedel.Mesh.Test\MeshMachineTest.cs:line 88&#xD;
   at Goedel.Mesh.Client.ContextUser.SetService(String accountAddress) in C:\Users\hallam\Work\mmm\Mesh\Goedel.Mesh.Client\ContextUser.cs:line 243&#xD;
   at Goedel.Mesh.Client.MeshHost.ConfigureMesh(String accountAddress, String localName, PrivateKeyUDF accountSeed, ProfileDevice profileDevice, List`1 rights, Boolean create) in C:\Users\hallam\Work\mmm\Mesh\Goedel.Mesh.Client\MeshHost.cs:line 269&#xD;
   at Goedel.Mesh.Test.MeshMachineTest.GenerateAccountUser(TestEnvironmentCommon testEnvironmentCommon, String machineName, String accountAddress, String localName) in C:\Users\hallam\Work\mmm\Testing\Goedel.Mesh.Test\MeshMachineTest.cs:line 120&#xD;
   at Goedel.XUnit.TestService.TestCredentialAccountFails(DataValidity dataValidity) in C:\Users\hallam\Work\mmm\Testing\Goedel.Mesh.Protocol.Test-xunit\MeshCredential.cs:line 129</StackTrace>
        </ErrorInfo>
      </Output>
    </UnitTestResult>
    <UnitTestResult executionId="fbc29e76-9173-4e07-b0c3-8f6a13f5254e" testId="2314e834-9b07-a192-bd89-e05e321a3eb9" testName="Goedel.XUnit.TestAsymmetric.EncryptTest(algorithmID: EdDSA)" computerName="VOODOO" duration="00:00:00.0332204" startTime="2021-12-02T13:54:19.2645683-05:00" endTime="2021-12-02T13:54:19.2645685-05:00" testType="13cdc9d9-ddb5-4fa4-a97d-d965ccfc6d4b" outcome="Passed" testListId="8c84fa94-04c1-424b-9868-57a2d4851a1d" relativeResultsDirectory="fbc29e76-9173-4e07-b0c3-8f6a13f5254e" />
    <UnitTestResult executionId="445aa18e-31c7-4759-8dc0-efc9deb0e452" testId="e90222b7-0dd7-a9c5-bbb4-00f32a2ce9e5" testName="Goedel.XUnit.GoedelProtocol.TestJSON" computerName="VOODOO" duration="00:00:00.0007738" startTime="2021-12-02T13:54:16.0944084-05:00" endTime="2021-12-02T13:54:16.0944085-05:00" testType="13cdc9d9-ddb5-4fa4-a97d-d965ccfc6d4b" outcome="Passed" testListId="8c84fa94-04c1-424b-9868-57a2d4851a1d" relativeResultsDirectory="445aa18e-31c7-4759-8dc0-efc9deb0e452" />
    <UnitTestResult executionId="b39854a4-90d5-40e8-8e1d-1ca4ca12da03" testId="6be3fe48-7204-0c0d-e9ae-d4673dfd2f91" testName="Goedel.XUnit.TestCryptographyJose.Test_Jose_Sign" computerName="VOODOO" duration="00:00:00.0062582" startTime="2021-12-02T13:54:14.6174292-05:00" endTime="2021-12-02T13:54:14.6174294-05:00" testType="13cdc9d9-ddb5-4fa4-a97d-d965ccfc6d4b" outcome="Passed" testListId="8c84fa94-04c1-424b-9868-57a2d4851a1d" relativeResultsDirectory="b39854a4-90d5-40e8-8e1d-1ca4ca12da03" />
    <UnitTestResult executionId="a8427ea8-fd55-42c1-803a-55a766732ea8" testId="028a6ea6-8298-7b0a-f874-4d974ee7fc3b" testName="Goedel.XUnit.TestGoedelCryptography.X25519AgreeRecryption(count: 1)" computerName="VOODOO" duration="00:00:00.0226184" startTime="2021-12-02T13:54:35.4117321-05:00" endTime="2021-12-02T13:54:35.4117324-05:00" testType="13cdc9d9-ddb5-4fa4-a97d-d965ccfc6d4b" outcome="Passed" testListId="8c84fa94-04c1-424b-9868-57a2d4851a1d" relativeResultsDirectory="a8427ea8-fd55-42c1-803a-55a766732ea8" />
    <UnitTestResult executionId="c2fd652d-4263-4300-9c42-56bf193b60ab" testId="db799cdf-34be-70bd-c4ca-05dac3dc11ea" testName="Goedel.XUnit.ShellTests.TestProfileConnect" computerName="VOODOO" duration="00:00:01.1588177" startTime="2021-12-02T13:54:40.8154970-05:00" endTime="2021-12-02T13:54:40.8154972-05:00" testType="13cdc9d9-ddb5-4fa4-a97d-d965ccfc6d4b" outcome="Failed" testListId="8c84fa94-04c1-424b-9868-57a2d4851a1d" relativeResultsDirectory="c2fd652d-4263-4300-9c42-56bf193b60ab">
      <Output>
        <ErrorInfo>
          <Message>System.NullReferenceException : Object reference not set to an instance of an object.</Message>
          <StackTrace>   at Goedel.Mesh.Server.PublicMeshService..ctor(IMeshMachine meshMachine, ServiceConfiguration serviceConfiguration, HostConfiguration hostConfiguration) in C:\Users\hallam\Work\mmm\Mesh\Goedel.Mesh.Server\MeshDispatch.cs:line 136&#xD;
   at Goedel.Mesh.Test.TestEnvironmentCommon.get_MeshService() in C:\Users\hallam\Work\mmm\Testing\Goedel.Mesh.Test\TestEnvironmentCommon.cs:line 203&#xD;
   at Goedel.Mesh.Test.TestEnvironmentCommon.GetMeshClient(MeshMachineTest meshMachineTest, ICredentialPrivate credential, String serviceId, String accountAddress) in C:\Users\hallam\Work\mmm\Testing\Goedel.Mesh.Test\TestEnvironmentCommon.cs:line 222&#xD;
   at Goedel.Mesh.Test.MeshMachineTest.GetMeshClient(ICredentialPrivate credential, String service, String accountAddress) in C:\Users\hallam\Work\mmm\Testing\Goedel.Mesh.Test\MeshMachineTest.cs:line 88&#xD;
   at Goedel.Mesh.Client.ContextUser.SetService(String accountAddress) in C:\Users\hallam\Work\mmm\Mesh\Goedel.Mesh.Client\ContextUser.cs:line 243&#xD;
   at Goedel.Mesh.Client.MeshHost.ConfigureMesh(String accountAddress, String localName, PrivateKeyUDF accountSeed, ProfileDevice profileDevice, List`1 rights, Boolean create) in C:\Users\hallam\Work\mmm\Mesh\Goedel.Mesh.Client\MeshHost.cs:line 269&#xD;
   at Goedel.Mesh.Shell.Shell.AccountCreate(AccountCreate options) in C:\Users\hallam\Work\mmm\Mesh\Goedel.Mesh.Shell\DispatchAccount.cs:line 68&#xD;
   at Goedel.Mesh.Shell.CommandLineInterpreter.Handle_AccountCreate(DispatchShell DispatchIn, String[] Args, Int32 Index) in C:\Users\hallam\Work\mmm\Mesh\Goedel.Mesh.Shell\meshman.cs:line 520&#xD;
   at Goedel.Command.CommandLineInterpreterBase.Dispatcher(SortedDictionary`2 Entries, DescribeCommandEntry DefaultCommand, DispatchShell Dispatch, String[] Args, Int32 Index) in C:\Users\hallam\Work\mmm\Libraries\Goedel.Command\Command.cs:line 224&#xD;
   at Goedel.Command.CommandLineInterpreterBase.Dispatcher(SortedDictionary`2 Entries, DescribeCommandEntry DefaultCommand, DispatchShell Dispatch, String[] Args, Int32 Index) in C:\Users\hallam\Work\mmm\Libraries\Goedel.Command\Command.cs:line 228&#xD;
   at Goedel.Mesh.Test.TestCLI.Dispatch(String command, Boolean fail) in C:\Users\hallam\Work\mmm\Testing\Goedel.Mesh.Test\TestShell.cs:line 241&#xD;
   at Goedel.XUnit.ShellTests.TestProfileConnect() in C:\Users\hallam\Work\mmm\Testing\Goedel.Mesh.Shell.Test-xunit\TestProfile.cs:line 80</StackTrace>
        </ErrorInfo>
      </Output>
    </UnitTestResult>
    <UnitTestResult executionId="392029bb-dc94-494e-aa26-33d1e7b146ca" testId="891f98e5-a39a-57f7-14f2-4a4c51867165" testName="Goedel.XUnit.TestContainers.ContainerTest10" computerName="VOODOO" duration="00:00:00.0206998" startTime="2021-12-02T13:54:25.2688104-05:00" endTime="2021-12-02T13:54:25.2688107-05:00" testType="13cdc9d9-ddb5-4fa4-a97d-d965ccfc6d4b" outcome="Passed" testListId="8c84fa94-04c1-424b-9868-57a2d4851a1d" relativeResultsDirectory="392029bb-dc94-494e-aa26-33d1e7b146ca" />
    <UnitTestResult executionId="ee9d6a9e-14c2-476a-aa0b-9b2de9da70df" testId="62f83da3-452f-f192-de29-4aa35ea04cbb" testName="Goedel.XUnit.TestDare.EnvelopeEncryptedWithData" computerName="VOODOO" duration="00:00:00.3945645" startTime="2021-12-02T13:54:18.6735250-05:00" endTime="2021-12-02T13:54:18.6735253-05:00" testType="13cdc9d9-ddb5-4fa4-a97d-d965ccfc6d4b" outcome="Passed" testListId="8c84fa94-04c1-424b-9868-57a2d4851a1d" relativeResultsDirectory="ee9d6a9e-14c2-476a-aa0b-9b2de9da70df" />
    <UnitTestResult executionId="2b2375bc-2132-4d31-8dab-bd17e4d48d73" testId="118fdf16-e91f-8aca-8ba4-639f38b337a8" testName="Goedel.XUnit.TestLifecycle.Test_LifecycleExportable(CryptoAlgorithmID: X448, KeySize: 2048)" computerName="VOODOO" duration="00:00:00.0985147" startTime="2021-12-02T13:54:15.1177549-05:00" endTime="2021-12-02T13:54:15.1177551-05:00" testType="13cdc9d9-ddb5-4fa4-a97d-d965ccfc6d4b" outcome="Passed" testListId="8c84fa94-04c1-424b-9868-57a2d4851a1d" relativeResultsDirectory="2b2375bc-2132-4d31-8dab-bd17e4d48d73" />
    <UnitTestResult executionId="28d778c9-58b0-4136-b152-04a0f76fcedf" testId="e6ce1601-c2fb-e39e-66d9-42d4267043ce" testName="Goedel.XUnit.ShellTestsAdmin.TestCommitmentRandom" computerName="VOODOO" duration="00:00:00.0060849" startTime="2021-12-02T13:55:07.0530117-05:00" endTime="2021-12-02T13:55:07.0530118-05:00" testType="13cdc9d9-ddb5-4fa4-a97d-d965ccfc6d4b" outcome="Passed" testListId="8c84fa94-04c1-424b-9868-57a2d4851a1d" relativeResultsDirectory="28d778c9-58b0-4136-b152-04a0f76fcedf" />
    <UnitTestResult executionId="94d299e2-71b8-4be8-bdfc-08a351cad1cb" testId="271aeab8-de6f-2866-b637-50312bf58fed" testName="Goedel.XUnit.TestGoedelCryptography.TestEd448x" computerName="VOODOO" duration="00:00:00.0110765" startTime="2021-12-02T13:55:23.1906733-05:00" endTime="2021-12-02T13:55:23.1906734-05:00" testType="13cdc9d9-ddb5-4fa4-a97d-d965ccfc6d4b" outcome="Passed" testListId="8c84fa94-04c1-424b-9868-57a2d4851a1d" relativeResultsDirectory="94d299e2-71b8-4be8-bdfc-08a351cad1cb" />
    <UnitTestResult executionId="9b2a5213-f702-4a37-bb6e-2cbb459cd2a3" testId="31142580-c23d-1ed6-4866-428482a05d84" testName="Goedel.XUnit.GoedelProtocol.TestStruct" computerName="VOODOO" duration="00:00:00.0486511" startTime="2021-12-02T13:54:16.0322346-05:00" endTime="2021-12-02T13:54:16.0322770-05:00" testType="13cdc9d9-ddb5-4fa4-a97d-d965ccfc6d4b" outcome="Passed" testListId="8c84fa94-04c1-424b-9868-57a2d4851a1d" relativeResultsDirectory="9b2a5213-f702-4a37-bb6e-2cbb459cd2a3" />
    <UnitTestResult executionId="2a44d275-a662-43c5-99b5-9ba629f2cb7d" testId="38a6dbd2-296e-fe08-85d6-21dd4df699e5" testName="Goedel.XUnit.ShellTests.TestAccount" computerName="VOODOO" duration="00:00:01.0240316" startTime="2021-12-02T13:54:53.1008957-05:00" endTime="2021-12-02T13:54:53.1008958-05:00" testType="13cdc9d9-ddb5-4fa4-a97d-d965ccfc6d4b" outcome="Failed" testListId="8c84fa94-04c1-424b-9868-57a2d4851a1d" relativeResultsDirectory="2a44d275-a662-43c5-99b5-9ba629f2cb7d">
      <Output>
        <ErrorInfo>
          <Message>System.NullReferenceException : Object reference not set to an instance of an object.</Message>
          <StackTrace>   at Goedel.Mesh.Server.PublicMeshService..ctor(IMeshMachine meshMachine, ServiceConfiguration serviceConfiguration, HostConfiguration hostConfiguration) in C:\Users\hallam\Work\mmm\Mesh\Goedel.Mesh.Server\MeshDispatch.cs:line 136&#xD;
   at Goedel.Mesh.Test.TestEnvironmentCommon.get_MeshService() in C:\Users\hallam\Work\mmm\Testing\Goedel.Mesh.Test\TestEnvironmentCommon.cs:line 203&#xD;
   at Goedel.Mesh.Test.TestEnvironmentCommon.GetMeshClient(MeshMachineTest meshMachineTest, ICredentialPrivate credential, String serviceId, String accountAddress) in C:\Users\hallam\Work\mmm\Testing\Goedel.Mesh.Test\TestEnvironmentCommon.cs:line 222&#xD;
   at Goedel.Mesh.Test.MeshMachineTest.GetMeshClient(ICredentialPrivate credential, String service, String accountAddress) in C:\Users\hallam\Work\mmm\Testing\Goedel.Mesh.Test\MeshMachineTest.cs:line 88&#xD;
   at Goedel.Mesh.Client.ContextUser.SetService(String accountAddress) in C:\Users\hallam\Work\mmm\Mesh\Goedel.Mesh.Client\ContextUser.cs:line 243&#xD;
   at Goedel.Mesh.Client.MeshHost.ConfigureMesh(String accountAddress, String localName, PrivateKeyUDF accountSeed, ProfileDevice profileDevice, List`1 rights, Boolean create) in C:\Users\hallam\Work\mmm\Mesh\Goedel.Mesh.Client\MeshHost.cs:line 269&#xD;
   at Goedel.Mesh.Shell.Shell.AccountCreate(AccountCreate options) in C:\Users\hallam\Work\mmm\Mesh\Goedel.Mesh.Shell\DispatchAccount.cs:line 68&#xD;
   at Goedel.Mesh.Shell.CommandLineInterpreter.Handle_AccountCreate(DispatchShell DispatchIn, String[] Args, Int32 Index) in C:\Users\hallam\Work\mmm\Mesh\Goedel.Mesh.Shell\meshman.cs:line 520&#xD;
   at Goedel.Command.CommandLineInterpreterBase.Dispatcher(SortedDictionary`2 Entries, DescribeCommandEntry DefaultCommand, DispatchShell Dispatch, String[] Args, Int32 Index) in C:\Users\hallam\Work\mmm\Libraries\Goedel.Command\Command.cs:line 224&#xD;
   at Goedel.Command.CommandLineInterpreterBase.Dispatcher(SortedDictionary`2 Entries, DescribeCommandEntry DefaultCommand, DispatchShell Dispatch, String[] Args, Int32 Index) in C:\Users\hallam\Work\mmm\Libraries\Goedel.Command\Command.cs:line 228&#xD;
   at Goedel.Mesh.Test.TestCLI.Dispatch(String command, Boolean fail) in C:\Users\hallam\Work\mmm\Testing\Goedel.Mesh.Test\TestShell.cs:line 241&#xD;
   at Goedel.XUnit.ShellTests.Dispatch(String command, Boolean fail) in C:\Users\hallam\Work\mmm\Testing\Goedel.Mesh.Shell.Test-xunit\Base.cs:line 159&#xD;
   at Goedel.XUnit.ShellTests.TestAccount() in C:\Users\hallam\Work\mmm\Testing\Goedel.Mesh.Shell.Test-xunit\TestAccount.cs:line 56</StackTrace>
        </ErrorInfo>
      </Output>
    </UnitTestResult>
    <UnitTestResult executionId="b15bafaf-1d1d-4f5a-b8c5-a62e0474695d" testId="5f1cecf0-15f1-e7ce-01fe-9567aa30e9d2" testName="Goedel.XUnit.TestContainers.ContainerTest0" computerName="VOODOO" duration="00:00:00.0176186" startTime="2021-12-02T13:54:23.7739749-05:00" endTime="2021-12-02T13:54:23.7739751-05:00" testType="13cdc9d9-ddb5-4fa4-a97d-d965ccfc6d4b" outcome="Passed" testListId="8c84fa94-04c1-424b-9868-57a2d4851a1d" relativeResultsDirectory="b15bafaf-1d1d-4f5a-b8c5-a62e0474695d" />
    <UnitTestResult executionId="87f04928-39ea-4f10-87e8-d692013f9153" testId="4d25ae9e-05c3-fddd-f868-045a9d7cb542" testName="Goedel.XUnit.TestLifecycle.Test_LifecycleMaster(CryptoAlgorithmID: EdDSA, KeySize: 2048)" computerName="VOODOO" duration="00:00:00.1055754" startTime="2021-12-02T13:54:18.8092730-05:00" endTime="2021-12-02T13:54:18.8092732-05:00" testType="13cdc9d9-ddb5-4fa4-a97d-d965ccfc6d4b" outcome="Passed" testListId="8c84fa94-04c1-424b-9868-57a2d4851a1d" relativeResultsDirectory="87f04928-39ea-4f10-87e8-d692013f9153" />
    <UnitTestResult executionId="21602cb0-df1d-496b-b0b4-ddc02143a602" testId="2c4f888a-c9ed-5eea-7457-fe99443335a0" testName="Goedel.XUnit.TestSplit.TestShares(N: 8, K: 2)" computerName="VOODOO" duration="00:00:00.0902749" startTime="2021-12-02T13:54:14.2190015-05:00" endTime="2021-12-02T13:54:14.2190018-05:00" testType="13cdc9d9-ddb5-4fa4-a97d-d965ccfc6d4b" outcome="Passed" testListId="8c84fa94-04c1-424b-9868-57a2d4851a1d" relativeResultsDirectory="21602cb0-df1d-496b-b0b4-ddc02143a602" />
    <UnitTestResult executionId="a95f2ba3-cc8b-4271-83ea-f97b683bc9b2" testId="1c17949f-1e6d-5c7d-37ac-b2e986ea2df8" testName="Goedel.XUnit.ShellTestsAdmin.TestUDF" computerName="VOODOO" duration="00:00:00.0209390" startTime="2021-12-02T13:55:07.0468763-05:00" endTime="2021-12-02T13:55:07.0468764-05:00" testType="13cdc9d9-ddb5-4fa4-a97d-d965ccfc6d4b" outcome="Passed" testListId="8c84fa94-04c1-424b-9868-57a2d4851a1d" relativeResultsDirectory="a95f2ba3-cc8b-4271-83ea-f97b683bc9b2" />
    <UnitTestResult executionId="5f87f32f-dfd9-4f49-890f-62039beb5f2d" testId="b172bc54-7917-f10f-a3e5-9850193b4fae" testName="Goedel.XUnit.TestGoedelCryptography.TestDerive_5869_Allocate_Fail" computerName="VOODOO" duration="00:00:00.0016964" startTime="2021-12-02T13:54:35.0510869-05:00" endTime="2021-12-02T13:54:35.0510870-05:00" testType="13cdc9d9-ddb5-4fa4-a97d-d965ccfc6d4b" outcome="Passed" testListId="8c84fa94-04c1-424b-9868-57a2d4851a1d" relativeResultsDirectory="5f87f32f-dfd9-4f49-890f-62039beb5f2d" />
    <UnitTestResult executionId="d5292252-2b20-4d00-b039-81a28c4bf25f" testId="6d3ad902-2896-4f95-957c-79f20ca0b036" testName="Goedel.XUnit.TestService.MeshDeviceDeveloper" computerName="VOODOO" duration="00:00:00.9355303" startTime="2021-12-02T13:54:47.8681505-05:00" endTime="2021-12-02T13:54:47.8681507-05:00" testType="13cdc9d9-ddb5-4fa4-a97d-d965ccfc6d4b" outcome="Failed" testListId="8c84fa94-04c1-424b-9868-57a2d4851a1d" relativeResultsDirectory="d5292252-2b20-4d00-b039-81a28c4bf25f">
      <Output>
        <ErrorInfo>
          <Message>System.NullReferenceException : Object reference not set to an instance of an object.</Message>
          <StackTrace>   at Goedel.Mesh.Server.PublicMeshService..ctor(IMeshMachine meshMachine, ServiceConfiguration serviceConfiguration, HostConfiguration hostConfiguration) in C:\Users\hallam\Work\mmm\Mesh\Goedel.Mesh.Server\MeshDispatch.cs:line 136&#xD;
   at Goedel.Mesh.Test.TestEnvironmentCommon.get_MeshService() in C:\Users\hallam\Work\mmm\Testing\Goedel.Mesh.Test\TestEnvironmentCommon.cs:line 203&#xD;
   at Goedel.Mesh.Test.TestEnvironmentCommon.GetMeshClient(MeshMachineTest meshMachineTest, ICredentialPrivate credential, String serviceId, String accountAddress) in C:\Users\hallam\Work\mmm\Testing\Goedel.Mesh.Test\TestEnvironmentCommon.cs:line 222&#xD;
   at Goedel.Mesh.Test.MeshMachineTest.GetMeshClient(ICredentialPrivate credential, String service, String accountAddress) in C:\Users\hallam\Work\mmm\Testing\Goedel.Mesh.Test\MeshMachineTest.cs:line 88&#xD;
   at Goedel.Mesh.Client.ContextUser.SetService(String accountAddress) in C:\Users\hallam\Work\mmm\Mesh\Goedel.Mesh.Client\ContextUser.cs:line 243&#xD;
   at Goedel.Mesh.Client.MeshHost.ConfigureMesh(String accountAddress, String localName, PrivateKeyUDF accountSeed, ProfileDevice profileDevice, List`1 rights, Boolean create) in C:\Users\hallam\Work\mmm\Mesh\Goedel.Mesh.Client\MeshHost.cs:line 269&#xD;
   at Goedel.Mesh.Test.MeshMachineTest.GenerateAccountUser(TestEnvironmentCommon testEnvironmentCommon, String machineName, String accountAddress, String localName) in C:\Users\hallam\Work\mmm\Testing\Goedel.Mesh.Test\MeshMachineTest.cs:line 120&#xD;
   at Goedel.XUnit.TestService.MeshDeviceDeveloper() in C:\Users\hallam\Work\mmm\Testing\Goedel.Mesh.Protocol.Test-xunit\Authorization.cs:line 323</StackTrace>
        </ErrorInfo>
      </Output>
    </UnitTestResult>
    <UnitTestResult executionId="cd1e2904-e1e9-4cfe-baab-c5827eaf76b3" testId="4549c39f-2e3f-b4f3-98ad-20340bb8f6bc" testName="Goedel.XUnit.ShellTestsAdmin.TestMessageContactBusinessCardReject" computerName="VOODOO" duration="00:00:01.8208615" startTime="2021-12-02T13:54:42.0750264-05:00" endTime="2021-12-02T13:54:42.0750265-05:00" testType="13cdc9d9-ddb5-4fa4-a97d-d965ccfc6d4b" outcome="Failed" testListId="8c84fa94-04c1-424b-9868-57a2d4851a1d" relativeResultsDirectory="cd1e2904-e1e9-4cfe-baab-c5827eaf76b3">
      <Output>
        <ErrorInfo>
          <Message>Goedel.Mesh.ServiceAdmin.HostNotFound : Configuration for the host ServiceConfig.json could not be found</Message>
          <StackTrace>   at Goedel.Mesh.ServiceAdmin.Configuration.GetHostConfiguration(String id) in C:\Users\hallam\Work\mmm\Mesh\Goedel.Mesh.ServiceAdmin\ServiceDescription.cs:line 135&#xD;
   at Goedel.Mesh.Shell.Host.Shell.HostStart(HostStart Options) in C:\Users\hallam\Work\mmm\Mesh\Goedel.Mesh.Shell.Host\ShellDispatch.cs:line 156&#xD;
   at Goedel.Mesh.Shell.Host.CommandLineInterpreter.Handle_HostStart(DispatchShell DispatchIn, String[] Args, Int32 Index) in C:\Users\hallam\Work\mmm\Mesh\Goedel.Mesh.Shell.Host\anyhost.cs:line 172&#xD;
   at Goedel.Command.CommandLineInterpreterBase.Dispatcher(SortedDictionary`2 Entries, DescribeCommandEntry DefaultCommand, DispatchShell Dispatch, String[] Args, Int32 Index) in C:\Users\hallam\Work\mmm\Libraries\Goedel.Command\Command.cs:line 224&#xD;
   at Goedel.Mesh.Shell.Host.CommandLineInterpreter.MainMethod(Shell Dispatch, String[] Args) in C:\Users\hallam\Work\mmm\Mesh\Goedel.Mesh.Shell.Host\anyhost.cs:line 161&#xD;
   at Goedel.Mesh.Test.TestEnvironmentRdpShell.Host(String command) in C:\Users\hallam\Work\mmm\Testing\Goedel.Mesh.Test\TestEnvironmentCommon.cs:line 121&#xD;
   at Goedel.Mesh.Test.TestEnvironmentRdpShell.StartService() in C:\Users\hallam\Work\mmm\Testing\Goedel.Mesh.Test\TestEnvironmentCommon.cs:line 90&#xD;
   at Goedel.Mesh.Test.TestEnvironmentRdpShell.GetMeshClient(MeshMachineTest meshMachineTest, ICredentialPrivate credential, String service, String accountAddress) in C:\Users\hallam\Work\mmm\Testing\Goedel.Mesh.Test\TestEnvironmentCommon.cs:line 102&#xD;
   at Goedel.Mesh.Test.MeshMachineTest.GetMeshClient(ICredentialPrivate credential, String service, String accountAddress) in C:\Users\hallam\Work\mmm\Testing\Goedel.Mesh.Test\MeshMachineTest.cs:line 88&#xD;
   at Goedel.Mesh.Client.ContextUser.SetService(String accountAddress) in C:\Users\hallam\Work\mmm\Mesh\Goedel.Mesh.Client\ContextUser.cs:line 243&#xD;
   at Goedel.Mesh.Client.MeshHost.ConfigureMesh(String accountAddress, String localName, PrivateKeyUDF accountSeed, ProfileDevice profileDevice, List`1 rights, Boolean create) in C:\Users\hallam\Work\mmm\Mesh\Goedel.Mesh.Client\MeshHost.cs:line 269&#xD;
   at Goedel.Mesh.Shell.Shell.AccountCreate(AccountCreate options) in C:\Users\hallam\Work\mmm\Mesh\Goedel.Mesh.Shell\DispatchAccount.cs:line 68&#xD;
   at Goedel.Mesh.Shell.CommandLineInterpreter.Handle_AccountCreate(DispatchShell DispatchIn, String[] Args, Int32 Index) in C:\Users\hallam\Work\mmm\Mesh\Goedel.Mesh.Shell\meshman.cs:line 520&#xD;
   at Goedel.Command.CommandLineInterpreterBase.Dispatcher(SortedDictionary`2 Entries, DescribeCommandEntry DefaultCommand, DispatchShell Dispatch, String[] Args, Int32 Index) in C:\Users\hallam\Work\mmm\Libraries\Goedel.Command\Command.cs:line 224&#xD;
   at Goedel.Command.CommandLineInterpreterBase.Dispatcher(SortedDictionary`2 Entries, DescribeCommandEntry DefaultCommand, DispatchShell Dispatch, String[] Args, Int32 Index) in C:\Users\hallam\Work\mmm\Libraries\Goedel.Command\Command.cs:line 228&#xD;
   at Goedel.Mesh.Test.TestCLI.Dispatch(String command, Boolean fail) in C:\Users\hallam\Work\mmm\Testing\Goedel.Mesh.Test\TestShell.cs:line 241&#xD;
   at Goedel.XUnit.ShellTests.MakeAccount(TestCLI device, String account) in C:\Users\hallam\Work\mmm\Testing\Goedel.Mesh.Shell.Test-xunit\TestMessage.cs:line 186&#xD;
   at Goedel.XUnit.ShellTests.TestMessageContactBusinessCardReject() in C:\Users\hallam\Work\mmm\Testing\Goedel.Mesh.Shell.Test-xunit\TestMessage.cs:line 104</StackTrace>
        </ErrorInfo>
      </Output>
    </UnitTestResult>
    <UnitTestResult executionId="410fcbf6-c328-4abc-895d-5ca312680428" testId="6324b3cd-2f96-fc5b-1d6b-d5d38565f8e6" testName="Goedel.XUnit.TestLifecycle.Test_LifecycleDevice(CryptoAlgorithmID: Ed448, KeySize: 2048)" computerName="VOODOO" duration="00:00:00.3617624" startTime="2021-12-02T13:54:13.7653962-05:00" endTime="2021-12-02T13:54:13.7653964-05:00" testType="13cdc9d9-ddb5-4fa4-a97d-d965ccfc6d4b" outcome="Passed" testListId="8c84fa94-04c1-424b-9868-57a2d4851a1d" relativeResultsDirectory="410fcbf6-c328-4abc-895d-5ca312680428" />
    <UnitTestResult executionId="2a33d0ee-b0c5-4b21-8599-0c964ef4d766" testId="3a3596c0-f5c1-01ef-d821-4fe9b11b00a3" testName="Goedel.XUnit.TestSplit.TestKey(bits: 32, hexData: &quot;10000000&quot;)" computerName="VOODOO" duration="00:00:00.0491482" startTime="2021-12-02T13:54:15.6013932-05:00" endTime="2021-12-02T13:54:15.6013935-05:00" testType="13cdc9d9-ddb5-4fa4-a97d-d965ccfc6d4b" outcome="Passed" testListId="8c84fa94-04c1-424b-9868-57a2d4851a1d" relativeResultsDirectory="2a33d0ee-b0c5-4b21-8599-0c964ef4d766" />
    <UnitTestResult executionId="c7b9852f-f317-4244-8853-7e1c7b6215ba" testId="13281e08-4188-1c96-6c32-ca0fff2750f5" testName="Goedel.XUnit.ShellTests.TestProfileConnectPinInvalid" computerName="VOODOO" duration="00:00:01.4749287" startTime="2021-12-02T13:54:17.9621859-05:00" endTime="2021-12-02T13:54:17.9621864-05:00" testType="13cdc9d9-ddb5-4fa4-a97d-d965ccfc6d4b" outcome="Failed" testListId="8c84fa94-04c1-424b-9868-57a2d4851a1d" relativeResultsDirectory="c7b9852f-f317-4244-8853-7e1c7b6215ba">
      <Output>
        <ErrorInfo>
          <Message>System.NullReferenceException : Object reference not set to an instance of an object.</Message>
          <StackTrace>   at Goedel.Mesh.Server.PublicMeshService..ctor(IMeshMachine meshMachine, ServiceConfiguration serviceConfiguration, HostConfiguration hostConfiguration) in C:\Users\hallam\Work\mmm\Mesh\Goedel.Mesh.Server\MeshDispatch.cs:line 136&#xD;
   at Goedel.Mesh.Test.TestEnvironmentCommon.get_MeshService() in C:\Users\hallam\Work\mmm\Testing\Goedel.Mesh.Test\TestEnvironmentCommon.cs:line 203&#xD;
   at Goedel.Mesh.Test.TestEnvironmentCommon.GetMeshClient(MeshMachineTest meshMachineTest, ICredentialPrivate credential, String serviceId, String accountAddress) in C:\Users\hallam\Work\mmm\Testing\Goedel.Mesh.Test\TestEnvironmentCommon.cs:line 222&#xD;
   at Goedel.Mesh.Test.MeshMachineTest.GetMeshClient(ICredentialPrivate credential, String service, String accountAddress) in C:\Users\hallam\Work\mmm\Testing\Goedel.Mesh.Test\MeshMachineTest.cs:line 88&#xD;
   at Goedel.Mesh.Client.ContextUser.SetService(String accountAddress) in C:\Users\hallam\Work\mmm\Mesh\Goedel.Mesh.Client\ContextUser.cs:line 243&#xD;
   at Goedel.Mesh.Client.MeshHost.ConfigureMesh(String accountAddress, String localName, PrivateKeyUDF accountSeed, ProfileDevice profileDevice, List`1 rights, Boolean create) in C:\Users\hallam\Work\mmm\Mesh\Goedel.Mesh.Client\MeshHost.cs:line 269&#xD;
   at Goedel.Mesh.Shell.Shell.AccountCreate(AccountCreate options) in C:\Users\hallam\Work\mmm\Mesh\Goedel.Mesh.Shell\DispatchAccount.cs:line 68&#xD;
   at Goedel.Mesh.Shell.CommandLineInterpreter.Handle_AccountCreate(DispatchShell DispatchIn, String[] Args, Int32 Index) in C:\Users\hallam\Work\mmm\Mesh\Goedel.Mesh.Shell\meshman.cs:line 520&#xD;
   at Goedel.Command.CommandLineInterpreterBase.Dispatcher(SortedDictionary`2 Entries, DescribeCommandEntry DefaultCommand, DispatchShell Dispatch, String[] Args, Int32 Index) in C:\Users\hallam\Work\mmm\Libraries\Goedel.Command\Command.cs:line 224&#xD;
   at Goedel.Command.CommandLineInterpreterBase.Dispatcher(SortedDictionary`2 Entries, DescribeCommandEntry DefaultCommand, DispatchShell Dispatch, String[] Args, Int32 Index) in C:\Users\hallam\Work\mmm\Libraries\Goedel.Command\Command.cs:line 228&#xD;
   at Goedel.Mesh.Test.TestCLI.Dispatch(String command, Boolean fail) in C:\Users\hallam\Work\mmm\Testing\Goedel.Mesh.Test\TestShell.cs:line 241&#xD;
   at Goedel.XUnit.ShellTests.TestProfileConnectPinInvalid() in C:\Users\hallam\Work\mmm\Testing\Goedel.Mesh.Shell.Test-xunit\TestProfile.cs:line 169</StackTrace>
        </ErrorInfo>
      </Output>
    </UnitTestResult>
    <UnitTestResult executionId="841ae4ff-79ab-4e2d-867f-62348cec61e4" testId="edfd2fec-fe75-4e3e-c14e-d97c756c7f70" testName="Goedel.XUnit.ShellTestsAdmin.TestRandom(bits: 256)" computerName="VOODOO" duration="00:00:00.0048033" startTime="2021-12-02T13:54:26.6674697-05:00" endTime="2021-12-02T13:54:26.6674705-05:00" testType="13cdc9d9-ddb5-4fa4-a97d-d965ccfc6d4b" outcome="Passed" testListId="8c84fa94-04c1-424b-9868-57a2d4851a1d" relativeResultsDirectory="841ae4ff-79ab-4e2d-867f-62348cec61e4" />
    <UnitTestResult executionId="071ae405-d513-4068-8401-c484c740fc93" testId="2234fc5c-6f3f-3af1-a1d3-d56b66008ab6" testName="Goedel.XUnit.TestService.MeshGrantAdmin" computerName="VOODOO" duration="00:00:00.7474729" startTime="2021-12-02T13:54:58.0431193-05:00" endTime="2021-12-02T13:54:58.0431195-05:00" testType="13cdc9d9-ddb5-4fa4-a97d-d965ccfc6d4b" outcome="Failed" testListId="8c84fa94-04c1-424b-9868-57a2d4851a1d" relativeResultsDirectory="071ae405-d513-4068-8401-c484c740fc93">
      <Output>
        <ErrorInfo>
          <Message>System.NullReferenceException : Object reference not set to an instance of an object.</Message>
          <StackTrace>   at Goedel.Mesh.Server.PublicMeshService..ctor(IMeshMachine meshMachine, ServiceConfiguration serviceConfiguration, HostConfiguration hostConfiguration) in C:\Users\hallam\Work\mmm\Mesh\Goedel.Mesh.Server\MeshDispatch.cs:line 136&#xD;
   at Goedel.Mesh.Test.TestEnvironmentCommon.get_MeshService() in C:\Users\hallam\Work\mmm\Testing\Goedel.Mesh.Test\TestEnvironmentCommon.cs:line 203&#xD;
   at Goedel.Mesh.Test.TestEnvironmentCommon.GetMeshClient(MeshMachineTest meshMachineTest, ICredentialPrivate credential, String serviceId, String accountAddress) in C:\Users\hallam\Work\mmm\Testing\Goedel.Mesh.Test\TestEnvironmentCommon.cs:line 222&#xD;
   at Goedel.Mesh.Test.MeshMachineTest.GetMeshClient(ICredentialPrivate credential, String service, String accountAddress) in C:\Users\hallam\Work\mmm\Testing\Goedel.Mesh.Test\MeshMachineTest.cs:line 88&#xD;
   at Goedel.Mesh.Client.ContextUser.SetService(String accountAddress) in C:\Users\hallam\Work\mmm\Mesh\Goedel.Mesh.Client\ContextUser.cs:line 243&#xD;
   at Goedel.Mesh.Client.MeshHost.ConfigureMesh(String accountAddress, String localName, PrivateKeyUDF accountSeed, ProfileDevice profileDevice, List`1 rights, Boolean create) in C:\Users\hallam\Work\mmm\Mesh\Goedel.Mesh.Client\MeshHost.cs:line 269&#xD;
   at Goedel.Mesh.Test.MeshMachineTest.GenerateAccountUser(TestEnvironmentCommon testEnvironmentCommon, String machineName, String accountAddress, String localName) in C:\Users\hallam\Work\mmm\Testing\Goedel.Mesh.Test\MeshMachineTest.cs:line 120&#xD;
   at Goedel.XUnit.TestService.CreateConnectGrant(String roles) in C:\Users\hallam\Work\mmm\Testing\Goedel.Mesh.Protocol.Test-xunit\TestService.cs:line 445&#xD;
   at Goedel.XUnit.TestService.MeshGrantAdmin() in C:\Users\hallam\Work\mmm\Testing\Goedel.Mesh.Protocol.Test-xunit\TestService.cs:line 432</StackTrace>
        </ErrorInfo>
      </Output>
    </UnitTestResult>
    <UnitTestResult executionId="e1e0319c-f9bf-4508-8bc0-b6f347cb4b3c" testId="5317758a-1abc-36a4-d88d-c1b8c63d4652" testName="Goedel.XUnit.TestService.TestProfileFails(dataValidity: CorruptSignature)" computerName="VOODOO" duration="00:00:02.3527140" startTime="2021-12-02T13:54:17.8905019-05:00" endTime="2021-12-02T13:54:17.8905021-05:00" testType="13cdc9d9-ddb5-4fa4-a97d-d965ccfc6d4b" outcome="Failed" testListId="8c84fa94-04c1-424b-9868-57a2d4851a1d" relativeResultsDirectory="e1e0319c-f9bf-4508-8bc0-b6f347cb4b3c">
      <Output>
        <ErrorInfo>
          <Message>System.NullReferenceException : Object reference not set to an instance of an object.</Message>
          <StackTrace>   at Goedel.Mesh.Server.PublicMeshService..ctor(IMeshMachine meshMachine, ServiceConfiguration serviceConfiguration, HostConfiguration hostConfiguration) in C:\Users\hallam\Work\mmm\Mesh\Goedel.Mesh.Server\MeshDispatch.cs:line 136&#xD;
   at Goedel.Mesh.Test.TestEnvironmentCommon.get_MeshService() in C:\Users\hallam\Work\mmm\Testing\Goedel.Mesh.Test\TestEnvironmentCommon.cs:line 203&#xD;
   at Goedel.Mesh.Test.TestEnvironmentCommon.GetMeshClient(MeshMachineTest meshMachineTest, ICredentialPrivate credential, String serviceId, String accountAddress) in C:\Users\hallam\Work\mmm\Testing\Goedel.Mesh.Test\TestEnvironmentCommon.cs:line 222&#xD;
   at Goedel.Mesh.Test.MeshMachineTest.GetMeshClient(ICredentialPrivate credential, String service, String accountAddress) in C:\Users\hallam\Work\mmm\Testing\Goedel.Mesh.Test\MeshMachineTest.cs:line 88&#xD;
   at Goedel.Mesh.Client.ContextUser.SetService(String accountAddress) in C:\Users\hallam\Work\mmm\Mesh\Goedel.Mesh.Client\ContextUser.cs:line 243&#xD;
   at Goedel.Mesh.Client.MeshHost.ConfigureMesh(String accountAddress, String localName, PrivateKeyUDF accountSeed, ProfileDevice profileDevice, List`1 rights, Boolean create) in C:\Users\hallam\Work\mmm\Mesh\Goedel.Mesh.Client\MeshHost.cs:line 269&#xD;
   at Goedel.Mesh.Test.MeshMachineTest.GenerateAccountUser(TestEnvironmentCommon testEnvironmentCommon, String machineName, String accountAddress, String localName) in C:\Users\hallam\Work\mmm\Testing\Goedel.Mesh.Test\MeshMachineTest.cs:line 120&#xD;
   at Goedel.XUnit.TestService.TestProfileFails(DataValidity dataValidity) in C:\Users\hallam\Work\mmm\Testing\Goedel.Mesh.Protocol.Test-xunit\MeshCredential.cs:line 160</StackTrace>
        </ErrorInfo>
      </Output>
    </UnitTestResult>
    <UnitTestResult executionId="ddd17a0f-c3b5-4c0e-aaba-7bb8a011687b" testId="b989bc8d-a412-1062-7a85-cdd568fdb0d4" testName="Goedel.XUnit.ShellTests.TestRandom(bits: 512)" computerName="VOODOO" duration="00:00:00.0029371" startTime="2021-12-02T13:54:12.0927698-05:00" endTime="2021-12-02T13:54:12.0927700-05:00" testType="13cdc9d9-ddb5-4fa4-a97d-d965ccfc6d4b" outcome="Passed" testListId="8c84fa94-04c1-424b-9868-57a2d4851a1d" relativeResultsDirectory="ddd17a0f-c3b5-4c0e-aaba-7bb8a011687b" />
    <UnitTestResult executionId="1a1b9ef0-ec1f-4a82-a313-3e5a77c1cad4" testId="7fab4b2e-e52d-9334-269e-7baa413c65f7" testName="Goedel.XUnit.TestGoedelCryptography.TestDHAgreeRecryption" computerName="VOODOO" duration="00:00:00.3360799" startTime="2021-12-02T13:54:35.3872364-05:00" endTime="2021-12-02T13:54:35.3872367-05:00" testType="13cdc9d9-ddb5-4fa4-a97d-d965ccfc6d4b" outcome="Passed" testListId="8c84fa94-04c1-424b-9868-57a2d4851a1d" relativeResultsDirectory="1a1b9ef0-ec1f-4a82-a313-3e5a77c1cad4" />
    <UnitTestResult executionId="299fcf56-caf1-411b-a9dd-f02208f037da" testId="2dd66596-096e-8649-2f2f-cf0106125a98" testName="Goedel.XUnit.TestDareArchive.TestFileContainer16" computerName="VOODOO" duration="00:00:00.3794045" startTime="2021-12-02T13:54:18.1456928-05:00" endTime="2021-12-02T13:54:18.1456932-05:00" testType="13cdc9d9-ddb5-4fa4-a97d-d965ccfc6d4b" outcome="Passed" testListId="8c84fa94-04c1-424b-9868-57a2d4851a1d" relativeResultsDirectory="299fcf56-caf1-411b-a9dd-f02208f037da" />
    <UnitTestResult executionId="2f5190ae-9e3f-4939-9811-ded336735220" testId="245b6cc9-8490-865b-28ee-f65148c66710" testName="Goedel.XUnit.TestGoedelCryptography.TestDHAgree" computerName="VOODOO" duration="00:00:00.1872501" startTime="2021-12-02T13:54:37.7271157-05:00" endTime="2021-12-02T13:54:37.7271161-05:00" testType="13cdc9d9-ddb5-4fa4-a97d-d965ccfc6d4b" outcome="Passed" testListId="8c84fa94-04c1-424b-9868-57a2d4851a1d" relativeResultsDirectory="2f5190ae-9e3f-4939-9811-ded336735220" />
    <UnitTestResult executionId="fd89ba64-33d2-4504-9632-39e5573e8b11" testId="2541313e-9cf2-884a-5b79-396031aae595" testName="Goedel.XUnit.TestGoedelCryptography.TestBitField4Up" computerName="VOODOO" duration="00:00:00.0004532" startTime="2021-12-02T13:55:18.9483015-05:00" endTime="2021-12-02T13:55:18.9483016-05:00" testType="13cdc9d9-ddb5-4fa4-a97d-d965ccfc6d4b" outcome="Passed" testListId="8c84fa94-04c1-424b-9868-57a2d4851a1d" relativeResultsDirectory="fd89ba64-33d2-4504-9632-39e5573e8b11" />
    <UnitTestResult executionId="943af553-d2e5-4c0c-8610-328946a70b94" testId="7d8f9d78-7bd7-017d-a558-7fbd6baaadc8" testName="Goedel.XUnit.TestDare.EnvelopeEncryptedAtomic" computerName="VOODOO" duration="00:00:00.3248357" startTime="2021-12-02T13:54:23.1450201-05:00" endTime="2021-12-02T13:54:23.1450204-05:00" testType="13cdc9d9-ddb5-4fa4-a97d-d965ccfc6d4b" outcome="Passed" testListId="8c84fa94-04c1-424b-9868-57a2d4851a1d" relativeResultsDirectory="943af553-d2e5-4c0c-8610-328946a70b94" />
    <UnitTestResult executionId="c1fc00bb-23cc-47ad-b7c1-a8d49a33bbb1" testId="17765172-0e51-46f7-902e-497f714f669e" testName="Goedel.XUnit.TestGoedelCryptography.X448TV3" computerName="VOODOO" duration="00:00:05.5576040" startTime="2021-12-02T13:55:18.9356231-05:00" endTime="2021-12-02T13:55:18.9356233-05:00" testType="13cdc9d9-ddb5-4fa4-a97d-d965ccfc6d4b" outcome="Passed" testListId="8c84fa94-04c1-424b-9868-57a2d4851a1d" relativeResultsDirectory="c1fc00bb-23cc-47ad-b7c1-a8d49a33bbb1" />
    <UnitTestResult executionId="9b4f190c-963e-49e8-bf17-b881d5086c64" testId="0e6e521c-4ef1-9d5d-3393-b07fa26c57f4" testName="Goedel.XUnit.TestGoedelCryptography.TestBitField4" computerName="VOODOO" duration="00:00:00.0006383" startTime="2021-12-02T13:55:11.3751524-05:00" endTime="2021-12-02T13:55:11.3751526-05:00" testType="13cdc9d9-ddb5-4fa4-a97d-d965ccfc6d4b" outcome="Passed" testListId="8c84fa94-04c1-424b-9868-57a2d4851a1d" relativeResultsDirectory="9b4f190c-963e-49e8-bf17-b881d5086c64" />
    <UnitTestResult executionId="8a95a389-c655-48ad-937f-5367dc7e4d53" testId="a05f9032-3145-cb2a-3cb7-87552dc655e5" testName="Goedel.XUnit.TestCryptographyJose.Test_Jose_Encrypt" computerName="VOODOO" duration="00:00:00.0028103" startTime="2021-12-02T13:54:15.8057092-05:00" endTime="2021-12-02T13:54:15.8057097-05:00" testType="13cdc9d9-ddb5-4fa4-a97d-d965ccfc6d4b" outcome="Passed" testListId="8c84fa94-04c1-424b-9868-57a2d4851a1d" relativeResultsDirectory="8a95a389-c655-48ad-937f-5367dc7e4d53" />
    <UnitTestResult executionId="54f35423-4088-450f-859d-9f6c625d87e6" testId="b737fe06-d8fc-92fd-5280-a8e1601ec2d8" testName="Goedel.XUnit.TestAsymmetric.TestRFC8032(Test: TestVectorAsymmetric { Algorithm = Ed448, Context = null, ContextData = null, Message = &quot;&quot;, MessageData = [], ... })" computerName="VOODOO" duration="00:00:00.2937616" startTime="2021-12-02T13:54:14.9907702-05:00" endTime="2021-12-02T13:54:14.9907718-05:00" testType="13cdc9d9-ddb5-4fa4-a97d-d965ccfc6d4b" outcome="Passed" testListId="8c84fa94-04c1-424b-9868-57a2d4851a1d" relativeResultsDirectory="54f35423-4088-450f-859d-9f6c625d87e6" />
    <UnitTestResult executionId="7caed987-c777-41a2-ad63-94b920b76cac" testId="0d8e6708-ab7c-8a5d-7880-841aa2619d27" testName="Goedel.XUnit.GoedelCryptography.TestAES_NIST_Streaming" computerName="VOODOO" duration="00:00:00.0212014" startTime="2021-12-02T13:54:13.4306493-05:00" endTime="2021-12-02T13:54:13.4306913-05:00" testType="13cdc9d9-ddb5-4fa4-a97d-d965ccfc6d4b" outcome="Passed" testListId="8c84fa94-04c1-424b-9868-57a2d4851a1d" relativeResultsDirectory="7caed987-c777-41a2-ad63-94b920b76cac" />
    <UnitTestResult executionId="5fc2ede2-fb53-41ca-9a92-3b6d4b5f26ae" testId="32c9ed9b-2512-9886-8fd8-d044290d88a7" testName="Goedel.XUnit.ShellTests.TestEscrowChangeDevice" computerName="VOODOO" duration="00:00:01.0600524" startTime="2021-12-02T13:54:44.0164782-05:00" endTime="2021-12-02T13:54:44.0164783-05:00" testType="13cdc9d9-ddb5-4fa4-a97d-d965ccfc6d4b" outcome="Failed" testListId="8c84fa94-04c1-424b-9868-57a2d4851a1d" relativeResultsDirectory="5fc2ede2-fb53-41ca-9a92-3b6d4b5f26ae">
      <Output>
        <ErrorInfo>
          <Message>System.NullReferenceException : Object reference not set to an instance of an object.</Message>
          <StackTrace>   at Goedel.XUnit.ShellTests.TestEscrowChangeDevice() in C:\Users\hallam\Work\mmm\Testing\Goedel.Mesh.Shell.Test-xunit\TestAccount.cs:line 101</StackTrace>
        </ErrorInfo>
      </Output>
    </UnitTestResult>
    <UnitTestResult executionId="54f892dd-5fbb-4da2-b12c-92a68cb9a0e2" testId="e49e3d64-a0c0-0c12-98e4-4101314dcb12" testName="Goedel.XUnit.TestLifecycle.Test_LifecycleExportable(CryptoAlgorithmID: DH, KeySize: 2048)" computerName="VOODOO" duration="00:00:00.2830173" startTime="2021-12-02T13:54:15.5943337-05:00" endTime="2021-12-02T13:54:15.5943340-05:00" testType="13cdc9d9-ddb5-4fa4-a97d-d965ccfc6d4b" outcome="Passed" testListId="8c84fa94-04c1-424b-9868-57a2d4851a1d" relativeResultsDirectory="54f892dd-5fbb-4da2-b12c-92a68cb9a0e2" />
    <UnitTestResult executionId="3411795f-783b-4afe-9283-9ab2afc51f28" testId="a1e74f95-c6bc-0ba9-d141-f3aa14a2602f" testName="Goedel.XUnit.MakeSiteDocs.DecodeSecondDevice" computerName="VOODOO" duration="00:00:00.1399049" startTime="2021-12-02T13:54:14.2308050-05:00" endTime="2021-12-02T13:54:14.2308052-05:00" testType="13cdc9d9-ddb5-4fa4-a97d-d965ccfc6d4b" outcome="Failed" testListId="8c84fa94-04c1-424b-9868-57a2d4851a1d" relativeResultsDirectory="3411795f-783b-4afe-9283-9ab2afc51f28">
      <Output>
        <ErrorInfo>
          <Message>System.NullReferenceException : Object reference not set to an instance of an object.</Message>
          <StackTrace>   at ExampleGenerator.CreateExamples.ServiceConnect() in C:\Users\hallam\Work\mmm\Documentation\MakeSiteDocs\CreateExamples.cs:line 141&#xD;
   at Goedel.XUnit.MakeSiteDocs.DecodeSecondDevice() in C:\Users\hallam\Work\mmm\Testing\Test.MakeSiteDocs\MakeSiteDocs.cs:line 126</StackTrace>
        </ErrorInfo>
      </Output>
    </UnitTestResult>
    <UnitTestResult executionId="4b53810e-3198-42ed-a77f-e26065a90a7d" testId="ad5dc436-8f6d-0b87-3d00-31e2775c2426" testName="Goedel.XUnit.TestPersist.TestPersistenceStoreAll" computerName="VOODOO" duration="00:00:00.1171584" startTime="2021-12-02T13:54:16.5775490-05:00" endTime="2021-12-02T13:54:16.5775492-05:00" testType="13cdc9d9-ddb5-4fa4-a97d-d965ccfc6d4b" outcome="Passed" testListId="8c84fa94-04c1-424b-9868-57a2d4851a1d" relativeResultsDirectory="4b53810e-3198-42ed-a77f-e26065a90a7d" />
    <UnitTestResult executionId="bcb28030-a304-4a23-a667-1eaa92e7194c" testId="98391cdd-e73f-3de7-4472-e368c459ff51" testName="Goedel.XUnit.TestContainers.ContainerFixedExchangeTest(encryptPolicy: &quot;Session&quot;, seal: True, records: 50, maxSize: 2048, reOpen: 5, moveStep: 2, cryptoAlgorithmId: X448)" computerName="VOODOO" duration="00:00:01.7513339" startTime="2021-12-02T13:54:18.3410061-05:00" endTime="2021-12-02T13:54:18.3410064-05:00" testType="13cdc9d9-ddb5-4fa4-a97d-d965ccfc6d4b" outcome="Passed" testListId="8c84fa94-04c1-424b-9868-57a2d4851a1d" relativeResultsDirectory="bcb28030-a304-4a23-a667-1eaa92e7194c" />
    <UnitTestResult executionId="574b14c3-6f9f-4db5-b71b-2693faa23c32" testId="6eb9aa5f-88be-1e0d-649e-ab62becdbeb4" testName="Goedel.XUnit.TestDare.EnvelopeEncryptedAtomicFail" computerName="VOODOO" duration="00:00:00.2415585" startTime="2021-12-02T13:54:22.8276107-05:00" endTime="2021-12-02T13:54:22.8276112-05:00" testType="13cdc9d9-ddb5-4fa4-a97d-d965ccfc6d4b" outcome="Passed" testListId="8c84fa94-04c1-424b-9868-57a2d4851a1d" relativeResultsDirectory="574b14c3-6f9f-4db5-b71b-2693faa23c32" />
    <UnitTestResult executionId="cacb4042-bece-43db-944e-1ec2d8df1045" testId="bf2e43b4-5fae-5086-020e-fa8819af1c3b" testName="Goedel.XUnit.TestCryptographyJose.RoundTripKeyEphemeral(cryptoAlgorithmID: Signature)" computerName="VOODOO" duration="00:00:00.3407819" startTime="2021-12-02T13:54:14.0352884-05:00" endTime="2021-12-02T13:54:14.0352886-05:00" testType="13cdc9d9-ddb5-4fa4-a97d-d965ccfc6d4b" outcome="Passed" testListId="8c84fa94-04c1-424b-9868-57a2d4851a1d" relativeResultsDirectory="cacb4042-bece-43db-944e-1ec2d8df1045" />
    <UnitTestResult executionId="9946e193-4aa2-4daf-bfd5-cf2383d94c68" testId="4c350e47-9e48-134c-0d62-0dafb255cd78" testName="Goedel.XUnit.TestSplit.TestShares(N: 7, K: 2)" computerName="VOODOO" duration="00:00:00.0819501" startTime="2021-12-02T13:54:14.1334442-05:00" endTime="2021-12-02T13:54:14.1334445-05:00" testType="13cdc9d9-ddb5-4fa4-a97d-d965ccfc6d4b" outcome="Passed" testListId="8c84fa94-04c1-424b-9868-57a2d4851a1d" relativeResultsDirectory="9946e193-4aa2-4daf-bfd5-cf2383d94c68" />
    <UnitTestResult executionId="43e958bd-56e4-467a-8f1e-815587697fa1" testId="1a412c8c-20e8-571c-06a9-6c5633aac8bd" testName="Goedel.XUnit.MakeSiteDocs.CreateSSH" computerName="VOODOO" duration="00:00:00.1079422" startTime="2021-12-02T13:54:13.2581548-05:00" endTime="2021-12-02T13:54:13.2581550-05:00" testType="13cdc9d9-ddb5-4fa4-a97d-d965ccfc6d4b" outcome="Failed" testListId="8c84fa94-04c1-424b-9868-57a2d4851a1d" relativeResultsDirectory="43e958bd-56e4-467a-8f1e-815587697fa1">
      <Output>
        <ErrorInfo>
          <Message>System.NullReferenceException : Object reference not set to an instance of an object.</Message>
          <StackTrace>   at ExampleGenerator.CreateExamples.ServiceConnect() in C:\Users\hallam\Work\mmm\Documentation\MakeSiteDocs\CreateExamples.cs:line 141&#xD;
   at Goedel.XUnit.MakeSiteDocs.CreateSSH() in C:\Users\hallam\Work\mmm\Testing\Test.MakeSiteDocs\MakeSiteDocs.cs:line 138</StackTrace>
        </ErrorInfo>
      </Output>
    </UnitTestResult>
    <UnitTestResult executionId="bbb98345-ec0b-4a59-adb1-9e1339d17018" testId="661312b1-bebc-0d84-9499-9a661166a2e5" testName="Goedel.XUnit.TestGoedelCryptography.X25519Agree(count: 1)" computerName="VOODOO" duration="00:00:00.0734496" startTime="2021-12-02T13:54:13.6178106-05:00" endTime="2021-12-02T13:54:13.6178107-05:00" testType="13cdc9d9-ddb5-4fa4-a97d-d965ccfc6d4b" outcome="Passed" testListId="8c84fa94-04c1-424b-9868-57a2d4851a1d" relativeResultsDirectory="bbb98345-ec0b-4a59-adb1-9e1339d17018" />
    <UnitTestResult executionId="1514e711-f3bb-4615-8e9c-3c597304c556" testId="c910bf75-5d83-223f-efd0-1e18d4c9ba6b" testName="Goedel.XUnit.ShellTests.TestMessageGroup" computerName="VOODOO" duration="00:00:01.0018317" startTime="2021-12-02T13:54:45.0197735-05:00" endTime="2021-12-02T13:54:45.0197737-05:00" testType="13cdc9d9-ddb5-4fa4-a97d-d965ccfc6d4b" outcome="Failed" testListId="8c84fa94-04c1-424b-9868-57a2d4851a1d" relativeResultsDirectory="1514e711-f3bb-4615-8e9c-3c597304c556">
      <Output>
        <ErrorInfo>
          <Message>System.NullReferenceException : Object reference not set to an instance of an object.</Message>
          <StackTrace>   at Goedel.Mesh.Server.PublicMeshService..ctor(IMeshMachine meshMachine, ServiceConfiguration serviceConfiguration, HostConfiguration hostConfiguration) in C:\Users\hallam\Work\mmm\Mesh\Goedel.Mesh.Server\MeshDispatch.cs:line 136&#xD;
   at Goedel.Mesh.Test.TestEnvironmentCommon.get_MeshService() in C:\Users\hallam\Work\mmm\Testing\Goedel.Mesh.Test\TestEnvironmentCommon.cs:line 203&#xD;
   at Goedel.Mesh.Test.TestEnvironmentCommon.GetMeshClient(MeshMachineTest meshMachineTest, ICredentialPrivate credential, String serviceId, String accountAddress) in C:\Users\hallam\Work\mmm\Testing\Goedel.Mesh.Test\TestEnvironmentCommon.cs:line 222&#xD;
   at Goedel.Mesh.Test.MeshMachineTest.GetMeshClient(ICredentialPrivate credential, String service, String accountAddress) in C:\Users\hallam\Work\mmm\Testing\Goedel.Mesh.Test\MeshMachineTest.cs:line 88&#xD;
   at Goedel.Mesh.Client.ContextUser.SetService(String accountAddress) in C:\Users\hallam\Work\mmm\Mesh\Goedel.Mesh.Client\ContextUser.cs:line 243&#xD;
   at Goedel.Mesh.Client.MeshHost.ConfigureMesh(String accountAddress, String localName, PrivateKeyUDF accountSeed, ProfileDevice profileDevice, List`1 rights, Boolean create) in C:\Users\hallam\Work\mmm\Mesh\Goedel.Mesh.Client\MeshHost.cs:line 269&#xD;
   at Goedel.Mesh.Shell.Shell.AccountCreate(AccountCreate options) in C:\Users\hallam\Work\mmm\Mesh\Goedel.Mesh.Shell\DispatchAccount.cs:line 68&#xD;
   at Goedel.Mesh.Shell.CommandLineInterpreter.Handle_AccountCreate(DispatchShell DispatchIn, String[] Args, Int32 Index) in C:\Users\hallam\Work\mmm\Mesh\Goedel.Mesh.Shell\meshman.cs:line 520&#xD;
   at Goedel.Command.CommandLineInterpreterBase.Dispatcher(SortedDictionary`2 Entries, DescribeCommandEntry DefaultCommand, DispatchShell Dispatch, String[] Args, Int32 Index) in C:\Users\hallam\Work\mmm\Libraries\Goedel.Command\Command.cs:line 224&#xD;
   at Goedel.Command.CommandLineInterpreterBase.Dispatcher(SortedDictionary`2 Entries, DescribeCommandEntry DefaultCommand, DispatchShell Dispatch, String[] Args, Int32 Index) in C:\Users\hallam\Work\mmm\Libraries\Goedel.Command\Command.cs:line 228&#xD;
   at Goedel.Mesh.Test.TestCLI.Dispatch(String command, Boolean fail) in C:\Users\hallam\Work\mmm\Testing\Goedel.Mesh.Test\TestShell.cs:line 241&#xD;
   at Goedel.XUnit.ShellTests.MakeAccount(TestCLI device, String account) in C:\Users\hallam\Work\mmm\Testing\Goedel.Mesh.Shell.Test-xunit\TestMessage.cs:line 186&#xD;
   at Goedel.XUnit.ShellTests.CreateAliceBob(TestCLI&amp; deviceA, TestCLI&amp; deviceB) in C:\Users\hallam\Work\mmm\Testing\Goedel.Mesh.Shell.Test-xunit\TestMessage.cs:line 264&#xD;
   at Goedel.XUnit.ShellTests.TestMessageGroup() in C:\Users\hallam\Work\mmm\Testing\Goedel.Mesh.Shell.Test-xunit\TestGroup.cs:line 42</StackTrace>
        </ErrorInfo>
      </Output>
    </UnitTestResult>
    <UnitTestResult executionId="930e1f60-7a60-4ebc-b932-1cdf74f966eb" testId="1f77af7d-3a48-9afe-d028-6f0a751f90c5" testName="Goedel.XUnit.TestDare.EnvelopeEncrypted" computerName="VOODOO" duration="00:00:01.6080446" startTime="2021-12-02T13:54:22.5780252-05:00" endTime="2021-12-02T13:54:22.5780255-05:00" testType="13cdc9d9-ddb5-4fa4-a97d-d965ccfc6d4b" outcome="Passed" testListId="8c84fa94-04c1-424b-9868-57a2d4851a1d" relativeResultsDirectory="930e1f60-7a60-4ebc-b932-1cdf74f966eb" />
    <UnitTestResult executionId="7ef233d1-e3ef-469e-9f5b-a82ff0f93014" testId="c6bea691-295f-cc89-0904-727ac677a643" testName="Goedel.XUnit.TestSplit.TestShares(N: 13, K: 2)" computerName="VOODOO" duration="00:00:00.0888851" startTime="2021-12-02T13:54:13.6357441-05:00" endTime="2021-12-02T13:54:13.6357443-05:00" testType="13cdc9d9-ddb5-4fa4-a97d-d965ccfc6d4b" outcome="Passed" testListId="8c84fa94-04c1-424b-9868-57a2d4851a1d" relativeResultsDirectory="7ef233d1-e3ef-469e-9f5b-a82ff0f93014" />
    <UnitTestResult executionId="86a8263a-3e24-43be-baa7-f7573ea5affc" testId="6dcd3b0c-a545-9f5a-fad3-d5d1ba8d8133" testName="Goedel.XUnit.TestService.MeshCatalogGroup" computerName="VOODOO" duration="00:00:00.9508361" startTime="2021-12-02T13:54:53.2483255-05:00" endTime="2021-12-02T13:54:53.2483257-05:00" testType="13cdc9d9-ddb5-4fa4-a97d-d965ccfc6d4b" outcome="Failed" testListId="8c84fa94-04c1-424b-9868-57a2d4851a1d" relativeResultsDirectory="86a8263a-3e24-43be-baa7-f7573ea5affc">
      <Output>
        <ErrorInfo>
          <Message>System.NullReferenceException : Object reference not set to an instance of an object.</Message>
          <StackTrace>   at Goedel.Mesh.Server.PublicMeshService..ctor(IMeshMachine meshMachine, ServiceConfiguration serviceConfiguration, HostConfiguration hostConfiguration) in C:\Users\hallam\Work\mmm\Mesh\Goedel.Mesh.Server\MeshDispatch.cs:line 136&#xD;
   at Goedel.Mesh.Test.TestEnvironmentCommon.get_MeshService() in C:\Users\hallam\Work\mmm\Testing\Goedel.Mesh.Test\TestEnvironmentCommon.cs:line 203&#xD;
   at Goedel.Mesh.Test.TestEnvironmentCommon.GetMeshClient(MeshMachineTest meshMachineTest, ICredentialPrivate credential, String serviceId, String accountAddress) in C:\Users\hallam\Work\mmm\Testing\Goedel.Mesh.Test\TestEnvironmentCommon.cs:line 222&#xD;
   at Goedel.Mesh.Test.MeshMachineTest.GetMeshClient(ICredentialPrivate credential, String service, String accountAddress) in C:\Users\hallam\Work\mmm\Testing\Goedel.Mesh.Test\MeshMachineTest.cs:line 88&#xD;
   at Goedel.Mesh.Client.ContextUser.SetService(String accountAddress) in C:\Users\hallam\Work\mmm\Mesh\Goedel.Mesh.Client\ContextUser.cs:line 243&#xD;
   at Goedel.Mesh.Client.MeshHost.ConfigureMesh(String accountAddress, String localName, PrivateKeyUDF accountSeed, ProfileDevice profileDevice, List`1 rights, Boolean create) in C:\Users\hallam\Work\mmm\Mesh\Goedel.Mesh.Client\MeshHost.cs:line 269&#xD;
   at Goedel.Mesh.Test.MeshMachineTest.GenerateAccountUser(TestEnvironmentCommon testEnvironmentCommon, String machineName, String accountAddress, String localName) in C:\Users\hallam\Work\mmm\Testing\Goedel.Mesh.Test\MeshMachineTest.cs:line 120&#xD;
   at Goedel.XUnit.TestService.MeshCatalogGroup() in C:\Users\hallam\Work\mmm\Testing\Goedel.Mesh.Protocol.Test-xunit\TestService.cs:line 556</StackTrace>
        </ErrorInfo>
      </Output>
    </UnitTestResult>
    <UnitTestResult executionId="1e972f60-2f7f-4f23-ad9e-3cd4377f56ee" testId="b737fe06-d8fc-92fd-5280-a8e1601ec2d8" testName="Goedel.XUnit.TestAsymmetric.TestRFC8032(Test: TestVectorAsymmetric { Algorithm = Ed448, Context = null, ContextData = null, Message = &quot;\r\n   0c3e544074ec63b0265e0c&quot;, MessageData = [12, 62, 84, 64, 116, ...], ... })" computerName="VOODOO" duration="00:00:00.3261014" startTime="2021-12-02T13:54:16.1997523-05:00" endTime="2021-12-02T13:54:16.1997525-05:00" testType="13cdc9d9-ddb5-4fa4-a97d-d965ccfc6d4b" outcome="Passed" testListId="8c84fa94-04c1-424b-9868-57a2d4851a1d" relativeResultsDirectory="1e972f60-2f7f-4f23-ad9e-3cd4377f56ee" />
    <UnitTestResult executionId="0bfad49e-a0eb-48ca-b879-57985b188735" testId="71733c3a-d47a-533a-56ff-c2cd6e9e5c8e" testName="Goedel.XUnit.TestSplit.TestBigIntconversion" computerName="VOODOO" duration="00:00:00.0003774" startTime="2021-12-02T13:54:19.3607197-05:00" endTime="2021-12-02T13:54:19.3607198-05:00" testType="13cdc9d9-ddb5-4fa4-a97d-d965ccfc6d4b" outcome="Passed" testListId="8c84fa94-04c1-424b-9868-57a2d4851a1d" relativeResultsDirectory="0bfad49e-a0eb-48ca-b879-57985b188735" />
    <UnitTestResult executionId="b05c9f48-ee73-446b-a4b3-d34b35c0b8ee" testId="f6a6ec88-a134-16e2-4380-d36922947bdb" testName="Goedel.XUnit.TestService.KeyShareTestCapability(cryptoAlgorithmId: X25519)" computerName="VOODOO" duration="00:00:00.0438912" startTime="2021-12-02T13:54:20.7698001-05:00" endTime="2021-12-02T13:54:20.7698010-05:00" testType="13cdc9d9-ddb5-4fa4-a97d-d965ccfc6d4b" outcome="Passed" testListId="8c84fa94-04c1-424b-9868-57a2d4851a1d" relativeResultsDirectory="b05c9f48-ee73-446b-a4b3-d34b35c0b8ee" />
    <UnitTestResult executionId="dff4e7e4-5506-41a3-90fc-01b428a63280" testId="54791548-e783-bb17-411b-136c9f90c805" testName="Goedel.XUnit.TestService.KeyShareTestCapability(cryptoAlgorithmId: X448)" computerName="VOODOO" duration="00:00:00.1271283" startTime="2021-12-02T13:54:20.5001350-05:00" endTime="2021-12-02T13:54:20.5001353-05:00" testType="13cdc9d9-ddb5-4fa4-a97d-d965ccfc6d4b" outcome="Passed" testListId="8c84fa94-04c1-424b-9868-57a2d4851a1d" relativeResultsDirectory="dff4e7e4-5506-41a3-90fc-01b428a63280" />
    <UnitTestResult executionId="a841ffe2-c440-4d4c-80a7-5aa418edeeb8" testId="593318b8-c2bd-1e7f-11a7-bcfe4053351e" testName="Goedel.XUnit.TestSplit.TestKey(bits: 32, hexData: &quot;00000001&quot;)" computerName="VOODOO" duration="00:00:00.0365057" startTime="2021-12-02T13:54:15.6381168-05:00" endTime="2021-12-02T13:54:15.6381170-05:00" testType="13cdc9d9-ddb5-4fa4-a97d-d965ccfc6d4b" outcome="Passed" testListId="8c84fa94-04c1-424b-9868-57a2d4851a1d" relativeResultsDirectory="a841ffe2-c440-4d4c-80a7-5aa418edeeb8" />
    <UnitTestResult executionId="502190ce-eda9-4f3f-aca5-90fc8b32e4b6" testId="781e7b04-0f0c-5ef0-d49d-34f35f19cc2d" testName="Goedel.XUnit.TestService.MeshCatalogMultipleDevice" computerName="VOODOO" duration="00:00:00.7520578" startTime="2021-12-02T13:54:57.2950438-05:00" endTime="2021-12-02T13:54:57.2950440-05:00" testType="13cdc9d9-ddb5-4fa4-a97d-d965ccfc6d4b" outcome="Failed" testListId="8c84fa94-04c1-424b-9868-57a2d4851a1d" relativeResultsDirectory="502190ce-eda9-4f3f-aca5-90fc8b32e4b6">
      <Output>
        <ErrorInfo>
          <Message>System.NullReferenceException : Object reference not set to an instance of an object.</Message>
          <StackTrace>   at Goedel.Mesh.Server.PublicMeshService..ctor(IMeshMachine meshMachine, ServiceConfiguration serviceConfiguration, HostConfiguration hostConfiguration) in C:\Users\hallam\Work\mmm\Mesh\Goedel.Mesh.Server\MeshDispatch.cs:line 136&#xD;
   at Goedel.Mesh.Test.TestEnvironmentCommon.get_MeshService() in C:\Users\hallam\Work\mmm\Testing\Goedel.Mesh.Test\TestEnvironmentCommon.cs:line 203&#xD;
   at Goedel.Mesh.Test.TestEnvironmentCommon.GetMeshClient(MeshMachineTest meshMachineTest, ICredentialPrivate credential, String serviceId, String accountAddress) in C:\Users\hallam\Work\mmm\Testing\Goedel.Mesh.Test\TestEnvironmentCommon.cs:line 222&#xD;
   at Goedel.Mesh.Test.MeshMachineTest.GetMeshClient(ICredentialPrivate credential, String service, String accountAddress) in C:\Users\hallam\Work\mmm\Testing\Goedel.Mesh.Test\MeshMachineTest.cs:line 88&#xD;
   at Goedel.Mesh.Client.ContextUser.SetService(String accountAddress) in C:\Users\hallam\Work\mmm\Mesh\Goedel.Mesh.Client\ContextUser.cs:line 243&#xD;
   at Goedel.Mesh.Client.MeshHost.ConfigureMesh(String accountAddress, String localName, PrivateKeyUDF accountSeed, ProfileDevice profileDevice, List`1 rights, Boolean create) in C:\Users\hallam\Work\mmm\Mesh\Goedel.Mesh.Client\MeshHost.cs:line 269&#xD;
   at Goedel.Mesh.Test.MeshMachineTest.GenerateAccountUser(TestEnvironmentCommon testEnvironmentCommon, String machineName, String accountAddress, String localName) in C:\Users\hallam\Work\mmm\Testing\Goedel.Mesh.Test\MeshMachineTest.cs:line 120&#xD;
   at Goedel.XUnit.TestService.MeshCatalogMultipleDevice() in C:\Users\hallam\Work\mmm\Testing\Goedel.Mesh.Protocol.Test-xunit\TestService.cs:line 474</StackTrace>
        </ErrorInfo>
      </Output>
    </UnitTestResult>
    <UnitTestResult executionId="452440e2-7560-48e0-940b-ad934ba272f4" testId="80b61304-a2d6-3dee-3e45-978332370a2d" testName="Goedel.XUnit.TestJBCD.TestJBCDStream(FileName: &quot;JBCD0.jbcd&quot;, Records: 0, MaxSize: 0)" computerName="VOODOO" duration="00:00:00.0347708" startTime="2021-12-02T13:54:16.4309320-05:00" endTime="2021-12-02T13:54:16.4309322-05:00" testType="13cdc9d9-ddb5-4fa4-a97d-d965ccfc6d4b" outcome="Passed" testListId="8c84fa94-04c1-424b-9868-57a2d4851a1d" relativeResultsDirectory="452440e2-7560-48e0-940b-ad934ba272f4" />
    <UnitTestResult executionId="cd0f54ac-a0bb-4f23-a7a6-8d0bc70b2ffd" testId="8be6bef3-96fc-8ea9-2d5e-84fe145225c3" testName="Goedel.XUnit.GoedelProtocol.TestStructB2" computerName="VOODOO" duration="00:00:00.0005895" startTime="2021-12-02T13:54:16.0940949-05:00" endTime="2021-12-02T13:54:16.0940950-05:00" testType="13cdc9d9-ddb5-4fa4-a97d-d965ccfc6d4b" outcome="Passed" testListId="8c84fa94-04c1-424b-9868-57a2d4851a1d" relativeResultsDirectory="cd0f54ac-a0bb-4f23-a7a6-8d0bc70b2ffd" />
    <UnitTestResult executionId="b5facda2-cb8c-44ce-8d9e-d8319ec74231" testId="31ee0c44-59fb-d2a0-8341-368619e0af03" testName="Goedel.XUnit.TestService.PrivateKeyRoundTripFull(repeat: 100)" computerName="VOODOO" duration="00:00:12.5876086" startTime="2021-12-02T13:54:35.1836680-05:00" endTime="2021-12-02T13:54:35.1836683-05:00" testType="13cdc9d9-ddb5-4fa4-a97d-d965ccfc6d4b" outcome="Passed" testListId="8c84fa94-04c1-424b-9868-57a2d4851a1d" relativeResultsDirectory="b5facda2-cb8c-44ce-8d9e-d8319ec74231" />
    <UnitTestResult executionId="8aff9b41-a5eb-4ec8-90f0-a8a1a703dd95" testId="cfdc2134-b335-fb2f-73da-e630bd12d781" testName="Goedel.XUnit.TestCryptographyJose.RoundTripKeyExportable(cryptoAlgorithmID: DH)" computerName="VOODOO" duration="00:00:00.1353846" startTime="2021-12-02T13:54:14.8506275-05:00" endTime="2021-12-02T13:54:14.8506278-05:00" testType="13cdc9d9-ddb5-4fa4-a97d-d965ccfc6d4b" outcome="Passed" testListId="8c84fa94-04c1-424b-9868-57a2d4851a1d" relativeResultsDirectory="8aff9b41-a5eb-4ec8-90f0-a8a1a703dd95" />
    <UnitTestResult executionId="7c8a54c8-15f2-4314-9220-819ac91cf106" testId="69dcad2c-bb4b-5b43-696d-00ab06781ca1" testName="Goedel.XUnit.TestSplit.TestShares(N: 3, K: 3)" computerName="VOODOO" duration="00:00:00.1370614" startTime="2021-12-02T13:54:13.9248960-05:00" endTime="2021-12-02T13:54:13.9248962-05:00" testType="13cdc9d9-ddb5-4fa4-a97d-d965ccfc6d4b" outcome="Passed" testListId="8c84fa94-04c1-424b-9868-57a2d4851a1d" relativeResultsDirectory="7c8a54c8-15f2-4314-9220-819ac91cf106" />
    <UnitTestResult executionId="3106c9c8-f46e-4769-8be3-69aa6c6656a9" testId="0ac33b5a-7755-0c48-fc0b-3fdf5ce6f015" testName="Goedel.XUnit.ShellTestsAdmin.TestRandom(bits: 512)" computerName="VOODOO" duration="00:00:00.0028357" startTime="2021-12-02T13:54:26.6704745-05:00" endTime="2021-12-02T13:54:26.6704746-05:00" testType="13cdc9d9-ddb5-4fa4-a97d-d965ccfc6d4b" outcome="Passed" testListId="8c84fa94-04c1-424b-9868-57a2d4851a1d" relativeResultsDirectory="3106c9c8-f46e-4769-8be3-69aa6c6656a9" />
    <UnitTestResult executionId="bcf073c5-7e8f-4b14-a321-04f746502c64" testId="06afdf47-d677-8929-4d27-2f3e4a0db737" testName="Goedel.XUnit.TestGoedelCryptography.TestDHEd25519AgreeRecryption" computerName="VOODOO" duration="00:00:00.0292437" startTime="2021-12-02T13:55:23.1712787-05:00" endTime="2021-12-02T13:55:23.1712788-05:00" testType="13cdc9d9-ddb5-4fa4-a97d-d965ccfc6d4b" outcome="Passed" testListId="8c84fa94-04c1-424b-9868-57a2d4851a1d" relativeResultsDirectory="bcf073c5-7e8f-4b14-a321-04f746502c64" />
    <UnitTestResult executionId="d5022d79-ba49-4988-a13c-f550297c9871" testId="df285286-b95d-20eb-b5c4-c9bae2b0c45c" testName="Goedel.XUnit.TestCryptographyJose.Test_Jose_Sign_Encrypt" computerName="VOODOO" duration="00:00:00.0702392" startTime="2021-12-02T13:54:14.6110360-05:00" endTime="2021-12-02T13:54:14.6110363-05:00" testType="13cdc9d9-ddb5-4fa4-a97d-d965ccfc6d4b" outcome="Passed" testListId="8c84fa94-04c1-424b-9868-57a2d4851a1d" relativeResultsDirectory="d5022d79-ba49-4988-a13c-f550297c9871" />
    <UnitTestResult executionId="e9b4fbf1-bf56-42db-888f-5163a97ef9b6" testId="40f2e8d0-49ca-f607-ae6c-83dd0df6d4a2" testName="Goedel.XUnit.Utilities.BaseConversionFormatting" computerName="VOODOO" duration="00:00:00.0027432" startTime="2021-12-02T13:54:13.0976713-05:00" endTime="2021-12-02T13:54:13.0976714-05:00" testType="13cdc9d9-ddb5-4fa4-a97d-d965ccfc6d4b" outcome="Passed" testListId="8c84fa94-04c1-424b-9868-57a2d4851a1d" relativeResultsDirectory="e9b4fbf1-bf56-42db-888f-5163a97ef9b6" />
    <UnitTestResult executionId="6756ddf9-2c28-462b-8ccc-5be80818cc64" testId="b82e8c65-5fcb-ecac-9e34-dfe91c6ca3e1" testName="Goedel.XUnit.TestGoedelCryptography.X448SignedMultiplyFast(totalIn: 1000, partIn: 500)" computerName="VOODOO" duration="00:00:00.0269665" startTime="2021-12-02T13:55:13.3764722-05:00" endTime="2021-12-02T13:55:13.3764725-05:00" testType="13cdc9d9-ddb5-4fa4-a97d-d965ccfc6d4b" outcome="Passed" testListId="8c84fa94-04c1-424b-9868-57a2d4851a1d" relativeResultsDirectory="6756ddf9-2c28-462b-8ccc-5be80818cc64" />
    <UnitTestResult executionId="f759a947-a6f7-4c8a-99a4-751da0344e16" testId="05993d4c-da90-9790-10ce-0bd3ac49ab5b" testName="Goedel.XUnit.TestService.KeyShareTestDirectAll" computerName="VOODOO" duration="00:00:00.2938355" startTime="2021-12-02T13:54:37.3332517-05:00" endTime="2021-12-02T13:54:37.3332521-05:00" testType="13cdc9d9-ddb5-4fa4-a97d-d965ccfc6d4b" outcome="Passed" testListId="8c84fa94-04c1-424b-9868-57a2d4851a1d" relativeResultsDirectory="f759a947-a6f7-4c8a-99a4-751da0344e16" />
    <UnitTestResult executionId="88a7c67b-051b-408b-8216-037823da0b60" testId="3cf9bda4-06ff-02ba-6ee3-cdbe7adc23a6" testName="Goedel.XUnit.TestLifecycle.Test_LifecycleMaster(CryptoAlgorithmID: X25519, KeySize: 2048)" computerName="VOODOO" duration="00:00:00.0618728" startTime="2021-12-02T13:54:18.8463573-05:00" endTime="2021-12-02T13:54:18.8463577-05:00" testType="13cdc9d9-ddb5-4fa4-a97d-d965ccfc6d4b" outcome="Passed" testListId="8c84fa94-04c1-424b-9868-57a2d4851a1d" relativeResultsDirectory="88a7c67b-051b-408b-8216-037823da0b60" />
    <UnitTestResult executionId="f58fce04-bf8b-43f1-86b2-151eda313bbc" testId="1267e841-ac85-e00c-0af2-67bdbcff2425" testName="Goedel.XUnit.TestService.KeyShareTestCapability(cryptoAlgorithmId: EdDSA)" computerName="VOODOO" duration="00:00:00.0640579" startTime="2021-12-02T13:54:20.8340528-05:00" endTime="2021-12-02T13:54:20.8340531-05:00" testType="13cdc9d9-ddb5-4fa4-a97d-d965ccfc6d4b" outcome="Passed" testListId="8c84fa94-04c1-424b-9868-57a2d4851a1d" relativeResultsDirectory="f58fce04-bf8b-43f1-86b2-151eda313bbc" />
    <UnitTestResult executionId="c7e6525c-90fe-45e8-932a-68c2d1b0883b" testId="2fd73211-898a-0457-7fc1-71d3b3cd5cb1" testName="Goedel.XUnit.TestDare.EnvelopePlaintextVariable" computerName="VOODOO" duration="00:00:00.0002378" startTime="2021-12-02T13:54:22.5783834-05:00" endTime="2021-12-02T13:54:22.5783836-05:00" testType="13cdc9d9-ddb5-4fa4-a97d-d965ccfc6d4b" outcome="Passed" testListId="8c84fa94-04c1-424b-9868-57a2d4851a1d" relativeResultsDirectory="c7e6525c-90fe-45e8-932a-68c2d1b0883b" />
    <UnitTestResult executionId="1adbbe63-b86a-44d3-b622-e4710a77b41a" testId="12c7bda9-af4d-6399-2215-86420fbd416c" testName="Goedel.XUnit.TestCryptographyJose.RoundTripKeyEphemeral(cryptoAlgorithmID: Exchange)" computerName="VOODOO" duration="00:00:00.3776716" startTime="2021-12-02T13:54:14.4133919-05:00" endTime="2021-12-02T13:54:14.4133921-05:00" testType="13cdc9d9-ddb5-4fa4-a97d-d965ccfc6d4b" outcome="Passed" testListId="8c84fa94-04c1-424b-9868-57a2d4851a1d" relativeResultsDirectory="1adbbe63-b86a-44d3-b622-e4710a77b41a" />
    <UnitTestResult executionId="f81d147f-8787-45e1-a558-974c95bbcaeb" testId="174b1d86-8d97-ee43-854d-89adb84f2d5a" testName="Goedel.XUnit.ShellTests.TestProfileConnectPinReused" computerName="VOODOO" duration="00:00:00.9489020" startTime="2021-12-02T13:54:46.8278739-05:00" endTime="2021-12-02T13:54:46.8278740-05:00" testType="13cdc9d9-ddb5-4fa4-a97d-d965ccfc6d4b" outcome="Failed" testListId="8c84fa94-04c1-424b-9868-57a2d4851a1d" relativeResultsDirectory="f81d147f-8787-45e1-a558-974c95bbcaeb">
      <Output>
        <ErrorInfo>
          <Message>System.NullReferenceException : Object reference not set to an instance of an object.</Message>
          <StackTrace>   at Goedel.Mesh.Server.PublicMeshService..ctor(IMeshMachine meshMachine, ServiceConfiguration serviceConfiguration, HostConfiguration hostConfiguration) in C:\Users\hallam\Work\mmm\Mesh\Goedel.Mesh.Server\MeshDispatch.cs:line 136&#xD;
   at Goedel.Mesh.Test.TestEnvironmentCommon.get_MeshService() in C:\Users\hallam\Work\mmm\Testing\Goedel.Mesh.Test\TestEnvironmentCommon.cs:line 203&#xD;
   at Goedel.Mesh.Test.TestEnvironmentCommon.GetMeshClient(MeshMachineTest meshMachineTest, ICredentialPrivate credential, String serviceId, String accountAddress) in C:\Users\hallam\Work\mmm\Testing\Goedel.Mesh.Test\TestEnvironmentCommon.cs:line 222&#xD;
   at Goedel.Mesh.Test.MeshMachineTest.GetMeshClient(ICredentialPrivate credential, String service, String accountAddress) in C:\Users\hallam\Work\mmm\Testing\Goedel.Mesh.Test\MeshMachineTest.cs:line 88&#xD;
   at Goedel.Mesh.Client.ContextUser.SetService(String accountAddress) in C:\Users\hallam\Work\mmm\Mesh\Goedel.Mesh.Client\ContextUser.cs:line 243&#xD;
   at Goedel.Mesh.Client.MeshHost.ConfigureMesh(String accountAddress, String localName, PrivateKeyUDF accountSeed, ProfileDevice profileDevice, List`1 rights, Boolean create) in C:\Users\hallam\Work\mmm\Mesh\Goedel.Mesh.Client\MeshHost.cs:line 269&#xD;
   at Goedel.Mesh.Shell.Shell.AccountCreate(AccountCreate options) in C:\Users\hallam\Work\mmm\Mesh\Goedel.Mesh.Shell\DispatchAccount.cs:line 68&#xD;
   at Goedel.Mesh.Shell.CommandLineInterpreter.Handle_AccountCreate(DispatchShell DispatchIn, String[] Args, Int32 Index) in C:\Users\hallam\Work\mmm\Mesh\Goedel.Mesh.Shell\meshman.cs:line 520&#xD;
   at Goedel.Command.CommandLineInterpreterBase.Dispatcher(SortedDictionary`2 Entries, DescribeCommandEntry DefaultCommand, DispatchShell Dispatch, String[] Args, Int32 Index) in C:\Users\hallam\Work\mmm\Libraries\Goedel.Command\Command.cs:line 224&#xD;
   at Goedel.Command.CommandLineInterpreterBase.Dispatcher(SortedDictionary`2 Entries, DescribeCommandEntry DefaultCommand, DispatchShell Dispatch, String[] Args, Int32 Index) in C:\Users\hallam\Work\mmm\Libraries\Goedel.Command\Command.cs:line 228&#xD;
   at Goedel.Mesh.Test.TestCLI.Dispatch(String command, Boolean fail) in C:\Users\hallam\Work\mmm\Testing\Goedel.Mesh.Test\TestShell.cs:line 241&#xD;
   at Goedel.XUnit.ShellTests.TestProfileConnectPinReused() in C:\Users\hallam\Work\mmm\Testing\Goedel.Mesh.Shell.Test-xunit\TestProfile.cs:line 193</StackTrace>
        </ErrorInfo>
      </Output>
    </UnitTestResult>
    <UnitTestResult executionId="ebfeccf9-6e47-4552-b5e8-0fcd004fbdbc" testId="a6c10e61-08ff-a5d1-d569-b9a77ed2be60" testName="Goedel.XUnit.TestPersist.TestPersistenceStoreAdd" computerName="VOODOO" duration="00:00:00.0395486" startTime="2021-12-02T13:54:16.4602549-05:00" endTime="2021-12-02T13:54:16.4602565-05:00" testType="13cdc9d9-ddb5-4fa4-a97d-d965ccfc6d4b" outcome="Passed" testListId="8c84fa94-04c1-424b-9868-57a2d4851a1d" relativeResultsDirectory="ebfeccf9-6e47-4552-b5e8-0fcd004fbdbc" />
    <UnitTestResult executionId="e8783f7d-5c44-4a97-9456-acfe2c86408e" testId="a5d42cf1-88fe-1cac-c2a5-c65452c77b2b" testName="Goedel.XUnit.TestGoedelCryptography.UDFKeyGen(Test: TestVectorUDFKeyGen { KeyUses = Encrypt, ResultUDF = &quot;MDID-WXVE-4ZC7-JJYZ-CEWP-DN3W-BIFG&quot;, Seed = &quot;test3&quot;, UdfAlgorithmIdentifier = X25519 })" computerName="VOODOO" duration="00:00:00.0020225" startTime="2021-12-02T13:55:23.2106328-05:00" endTime="2021-12-02T13:55:23.2106330-05:00" testType="13cdc9d9-ddb5-4fa4-a97d-d965ccfc6d4b" outcome="Passed" testListId="8c84fa94-04c1-424b-9868-57a2d4851a1d" relativeResultsDirectory="e8783f7d-5c44-4a97-9456-acfe2c86408e" />
    <UnitTestResult executionId="cf6519a7-e4c7-465a-a80b-f017f87adfa0" testId="f0f873c6-559d-adc0-2b1a-f0f66034cfef" testName="Goedel.XUnit.TestDigests.TestSHA_Stream(Message: &quot;abcdbcdecdefdefgefghfghighijhijkijkljklmklmnlmnomn&quot;..., Repeat: 1, TestData: [TestVector { Digest = [...], ID = NULL }, TestVector { Digest = [...], ID = NULL }, TestVector { Digest = [...], ID = SHA_2_256 }, TestVector { Digest = [...], ID = NULL }, TestVector { Digest = [...], ID = SHA_2_512 }, ...])" computerName="VOODOO" duration="00:00:00.0000994" startTime="2021-12-02T13:54:13.6176825-05:00" endTime="2021-12-02T13:54:13.6176827-05:00" testType="13cdc9d9-ddb5-4fa4-a97d-d965ccfc6d4b" outcome="Passed" testListId="8c84fa94-04c1-424b-9868-57a2d4851a1d" relativeResultsDirectory="cf6519a7-e4c7-465a-a80b-f017f87adfa0" />
    <UnitTestResult executionId="d18fd500-7434-498f-97bd-d8efc01e42e8" testId="3b32e408-6ed0-d01d-d296-7a9176abbae6" testName="Goedel.XUnit.Utilities.BaseConversionsRoundTripRandomized" computerName="VOODOO" duration="00:00:00.0209441" startTime="2021-12-02T13:54:13.1153157-05:00" endTime="2021-12-02T13:54:13.1153165-05:00" testType="13cdc9d9-ddb5-4fa4-a97d-d965ccfc6d4b" outcome="Passed" testListId="8c84fa94-04c1-424b-9868-57a2d4851a1d" relativeResultsDirectory="d18fd500-7434-498f-97bd-d8efc01e42e8" />
    <UnitTestResult executionId="02c898d8-1fda-4bee-95c6-4f4a669196e5" testId="6fa8d51f-12ed-0493-076d-b808728fbb5a" testName="Goedel.XUnit.TestGoedelCryptography.CombineCurveX25519Inner(a: 10, b: 12)" computerName="VOODOO" duration="00:00:00.0042696" startTime="2021-12-02T13:55:22.5075252-05:00" endTime="2021-12-02T13:55:22.5075254-05:00" testType="13cdc9d9-ddb5-4fa4-a97d-d965ccfc6d4b" outcome="Passed" testListId="8c84fa94-04c1-424b-9868-57a2d4851a1d" relativeResultsDirectory="02c898d8-1fda-4bee-95c6-4f4a669196e5" />
    <UnitTestResult executionId="b9bbe58b-b01f-411d-abbd-da36644404a4" testId="f7b69da6-241f-6851-388c-60dde21180a5" testName="Goedel.XUnit.MakeSiteDocs.FullTest" computerName="VOODOO" duration="00:00:00.1866261" startTime="2021-12-02T13:54:13.6938323-05:00" endTime="2021-12-02T13:54:13.6938325-05:00" testType="13cdc9d9-ddb5-4fa4-a97d-d965ccfc6d4b" outcome="Failed" testListId="8c84fa94-04c1-424b-9868-57a2d4851a1d" relativeResultsDirectory="b9bbe58b-b01f-411d-abbd-da36644404a4">
      <Output>
        <ErrorInfo>
          <Message>System.NullReferenceException : Object reference not set to an instance of an object.</Message>
          <StackTrace>   at ExampleGenerator.CreateExamples.ServiceConnect() in C:\Users\hallam\Work\mmm\Documentation\MakeSiteDocs\CreateExamples.cs:line 141&#xD;
   at Goedel.XUnit.MakeSiteDocs.FullTest() in C:\Users\hallam\Work\mmm\Testing\Test.MakeSiteDocs\MakeSiteDocs.cs:line 64</StackTrace>
        </ErrorInfo>
      </Output>
    </UnitTestResult>
    <UnitTestResult executionId="a4af3d68-d29e-458e-bb3a-3e826ccd576d" testId="1fda62ef-bdf6-9eaa-5fd4-1d57ce4e3922" testName="Goedel.XUnit.ShellTestsAdmin.TestCommitment" computerName="VOODOO" duration="00:00:00.0061298" startTime="2021-12-02T13:55:00.5772941-05:00" endTime="2021-12-02T13:55:00.5772941-05:00" testType="13cdc9d9-ddb5-4fa4-a97d-d965ccfc6d4b" outcome="Passed" testListId="8c84fa94-04c1-424b-9868-57a2d4851a1d" relativeResultsDirectory="a4af3d68-d29e-458e-bb3a-3e826ccd576d" />
    <UnitTestResult executionId="af36f205-4c46-4de5-bd26-1947d3606495" testId="dbccb82c-cd5c-ddf7-bf6a-841c7f552fa6" testName="Goedel.XUnit.TestGoedelCryptography.EncodingTests(iterations: 10)" computerName="VOODOO" duration="00:00:00.0875433" startTime="2021-12-02T13:55:19.0390523-05:00" endTime="2021-12-02T13:55:19.0390524-05:00" testType="13cdc9d9-ddb5-4fa4-a97d-d965ccfc6d4b" outcome="Passed" testListId="8c84fa94-04c1-424b-9868-57a2d4851a1d" relativeResultsDirectory="af36f205-4c46-4de5-bd26-1947d3606495" />
    <UnitTestResult executionId="8dadac13-2d21-4eea-b7ec-4f17baae98bf" testId="64033bd3-9ecc-38e0-27c8-bc3af3273482" testName="Goedel.XUnit.TestCryptography.TestDH_Recryption_2" computerName="VOODOO" duration="00:00:00.1611395" startTime="2021-12-02T13:55:31.0465772-05:00" endTime="2021-12-02T13:55:31.0465775-05:00" testType="13cdc9d9-ddb5-4fa4-a97d-d965ccfc6d4b" outcome="Passed" testListId="8c84fa94-04c1-424b-9868-57a2d4851a1d" relativeResultsDirectory="8dadac13-2d21-4eea-b7ec-4f17baae98bf" />
    <UnitTestResult executionId="39528bce-1e4a-473a-9c96-5d0b77796206" testId="69fd6fbd-1c11-b571-ddb0-b1ed898c22aa" testName="Goedel.XUnit.TestLifecycle.Test_LifecycleEphemeral(CryptoAlgorithmID: X25519, KeySize: 2048)" computerName="VOODOO" duration="00:00:00.0593225" startTime="2021-12-02T13:54:16.9916150-05:00" endTime="2021-12-02T13:54:16.9916153-05:00" testType="13cdc9d9-ddb5-4fa4-a97d-d965ccfc6d4b" outcome="Passed" testListId="8c84fa94-04c1-424b-9868-57a2d4851a1d" relativeResultsDirectory="39528bce-1e4a-473a-9c96-5d0b77796206" />
    <UnitTestResult executionId="fe0cfdca-f362-4460-97fa-05a18f22bd6d" testId="2ded0ce2-8c70-1721-33d6-7c4b610c2ad5" testName="Goedel.XUnit.TestGoedelCryptography.CombineCurveX4482" computerName="VOODOO" duration="00:00:00.0160813" startTime="2021-12-02T13:55:22.5266506-05:00" endTime="2021-12-02T13:55:22.5266509-05:00" testType="13cdc9d9-ddb5-4fa4-a97d-d965ccfc6d4b" outcome="Passed" testListId="8c84fa94-04c1-424b-9868-57a2d4851a1d" relativeResultsDirectory="fe0cfdca-f362-4460-97fa-05a18f22bd6d" />
    <UnitTestResult executionId="483d4a58-1214-43f3-b8c3-c9691b99cae4" testId="a5d42cf1-88fe-1cac-c2a5-c65452c77b2b" testName="Goedel.XUnit.TestGoedelCryptography.UDFKeyGen(Test: TestVectorUDFKeyGenUdfKey { KeyUses = Encrypt, ResultAuthenticate = &quot;MAND-U3TZ-TOP3-BDIJ-GHRV-G7EM-4XLN&quot;, ResultEncrypt = &quot;MDAU-46LN-F4C6-HQNC-PKDQ-WZZV-UDMG&quot;, ResultSign = &quot;MDBL-SQGO-72WK-SRJ6-TSRL-Y4N6-WMJZ&quot;, ResultUDF = null, ... })" computerName="VOODOO" duration="00:00:00.1828564" startTime="2021-12-02T13:55:23.3997457-05:00" endTime="2021-12-02T13:55:23.3997460-05:00" testType="13cdc9d9-ddb5-4fa4-a97d-d965ccfc6d4b" outcome="Passed" testListId="8c84fa94-04c1-424b-9868-57a2d4851a1d" relativeResultsDirectory="483d4a58-1214-43f3-b8c3-c9691b99cae4" />
    <UnitTestResult executionId="f49ba815-d6ae-4816-a6dd-6669bb8b8ac9" testId="de5442f5-2078-23ad-ec5c-33fe4ade363f" testName="Goedel.XUnit.TestService.MeshCreateAdmin" computerName="VOODOO" duration="00:00:01.1793636" startTime="2021-12-02T13:54:52.2972319-05:00" endTime="2021-12-02T13:54:52.2972322-05:00" testType="13cdc9d9-ddb5-4fa4-a97d-d965ccfc6d4b" outcome="Failed" testListId="8c84fa94-04c1-424b-9868-57a2d4851a1d" relativeResultsDirectory="f49ba815-d6ae-4816-a6dd-6669bb8b8ac9">
      <Output>
        <ErrorInfo>
          <Message>System.NullReferenceException : Object reference not set to an instance of an object.</Message>
          <StackTrace>   at Goedel.Mesh.Server.PublicMeshService..ctor(IMeshMachine meshMachine, ServiceConfiguration serviceConfiguration, HostConfiguration hostConfiguration) in C:\Users\hallam\Work\mmm\Mesh\Goedel.Mesh.Server\MeshDispatch.cs:line 136&#xD;
   at Goedel.Mesh.Test.TestEnvironmentCommon.get_MeshService() in C:\Users\hallam\Work\mmm\Testing\Goedel.Mesh.Test\TestEnvironmentCommon.cs:line 203&#xD;
   at Goedel.Mesh.Test.TestEnvironmentCommon.GetMeshClient(MeshMachineTest meshMachineTest, ICredentialPrivate credential, String serviceId, String accountAddress) in C:\Users\hallam\Work\mmm\Testing\Goedel.Mesh.Test\TestEnvironmentCommon.cs:line 222&#xD;
   at Goedel.Mesh.Test.MeshMachineTest.GetMeshClient(ICredentialPrivate credential, String service, String accountAddress) in C:\Users\hallam\Work\mmm\Testing\Goedel.Mesh.Test\MeshMachineTest.cs:line 88&#xD;
   at Goedel.Mesh.Client.ContextUser.SetService(String accountAddress) in C:\Users\hallam\Work\mmm\Mesh\Goedel.Mesh.Client\ContextUser.cs:line 243&#xD;
   at Goedel.Mesh.Client.MeshHost.ConfigureMesh(String accountAddress, String localName, PrivateKeyUDF accountSeed, ProfileDevice profileDevice, List`1 rights, Boolean create) in C:\Users\hallam\Work\mmm\Mesh\Goedel.Mesh.Client\MeshHost.cs:line 269&#xD;
   at Goedel.Mesh.Test.MeshMachineTest.GenerateAccountUser(TestEnvironmentCommon testEnvironmentCommon, String machineName, String accountAddress, String localName) in C:\Users\hallam\Work\mmm\Testing\Goedel.Mesh.Test\MeshMachineTest.cs:line 120&#xD;
   at Goedel.XUnit.TestService.CreateConnectGrant(String roles) in C:\Users\hallam\Work\mmm\Testing\Goedel.Mesh.Protocol.Test-xunit\TestService.cs:line 445&#xD;
   at Goedel.XUnit.TestService.MeshCreateAdmin() in C:\Users\hallam\Work\mmm\Testing\Goedel.Mesh.Protocol.Test-xunit\TestService.cs:line 426</StackTrace>
        </ErrorInfo>
      </Output>
    </UnitTestResult>
    <UnitTestResult executionId="ea938434-8047-46d3-9218-7c462bf0733f" testId="44ed9735-6a2b-5953-07b8-77e97a709353" testName="Goedel.XUnit.ShellTests.TestMessageContactBusinessCardFetch" computerName="VOODOO" duration="00:00:00.9026088" startTime="2021-12-02T13:54:48.6984389-05:00" endTime="2021-12-02T13:54:48.6984390-05:00" testType="13cdc9d9-ddb5-4fa4-a97d-d965ccfc6d4b" outcome="Failed" testListId="8c84fa94-04c1-424b-9868-57a2d4851a1d" relativeResultsDirectory="ea938434-8047-46d3-9218-7c462bf0733f">
      <Output>
        <ErrorInfo>
          <Message>System.NullReferenceException : Object reference not set to an instance of an object.</Message>
          <StackTrace>   at Goedel.Mesh.Server.PublicMeshService..ctor(IMeshMachine meshMachine, ServiceConfiguration serviceConfiguration, HostConfiguration hostConfiguration) in C:\Users\hallam\Work\mmm\Mesh\Goedel.Mesh.Server\MeshDispatch.cs:line 136&#xD;
   at Goedel.Mesh.Test.TestEnvironmentCommon.get_MeshService() in C:\Users\hallam\Work\mmm\Testing\Goedel.Mesh.Test\TestEnvironmentCommon.cs:line 203&#xD;
   at Goedel.Mesh.Test.TestEnvironmentCommon.GetMeshClient(MeshMachineTest meshMachineTest, ICredentialPrivate credential, String serviceId, String accountAddress) in C:\Users\hallam\Work\mmm\Testing\Goedel.Mesh.Test\TestEnvironmentCommon.cs:line 222&#xD;
   at Goedel.Mesh.Test.MeshMachineTest.GetMeshClient(ICredentialPrivate credential, String service, String accountAddress) in C:\Users\hallam\Work\mmm\Testing\Goedel.Mesh.Test\MeshMachineTest.cs:line 88&#xD;
   at Goedel.Mesh.Client.ContextUser.SetService(String accountAddress) in C:\Users\hallam\Work\mmm\Mesh\Goedel.Mesh.Client\ContextUser.cs:line 243&#xD;
   at Goedel.Mesh.Client.MeshHost.ConfigureMesh(String accountAddress, String localName, PrivateKeyUDF accountSeed, ProfileDevice profileDevice, List`1 rights, Boolean create) in C:\Users\hallam\Work\mmm\Mesh\Goedel.Mesh.Client\MeshHost.cs:line 269&#xD;
   at Goedel.Mesh.Shell.Shell.AccountCreate(AccountCreate options) in C:\Users\hallam\Work\mmm\Mesh\Goedel.Mesh.Shell\DispatchAccount.cs:line 68&#xD;
   at Goedel.Mesh.Shell.CommandLineInterpreter.Handle_AccountCreate(DispatchShell DispatchIn, String[] Args, Int32 Index) in C:\Users\hallam\Work\mmm\Mesh\Goedel.Mesh.Shell\meshman.cs:line 520&#xD;
   at Goedel.Command.CommandLineInterpreterBase.Dispatcher(SortedDictionary`2 Entries, DescribeCommandEntry DefaultCommand, DispatchShell Dispatch, String[] Args, Int32 Index) in C:\Users\hallam\Work\mmm\Libraries\Goedel.Command\Command.cs:line 224&#xD;
   at Goedel.Command.CommandLineInterpreterBase.Dispatcher(SortedDictionary`2 Entries, DescribeCommandEntry DefaultCommand, DispatchShell Dispatch, String[] Args, Int32 Index) in C:\Users\hallam\Work\mmm\Libraries\Goedel.Command\Command.cs:line 228&#xD;
   at Goedel.Mesh.Test.TestCLI.Dispatch(String command, Boolean fail) in C:\Users\hallam\Work\mmm\Testing\Goedel.Mesh.Test\TestShell.cs:line 241&#xD;
   at Goedel.XUnit.ShellTests.MakeAccount(TestCLI device, String account) in C:\Users\hallam\Work\mmm\Testing\Goedel.Mesh.Shell.Test-xunit\TestMessage.cs:line 186&#xD;
   at Goedel.XUnit.ShellTests.TestMessageContactBusinessCardFetch() in C:\Users\hallam\Work\mmm\Testing\Goedel.Mesh.Shell.Test-xunit\TestMessage.cs:line 47</StackTrace>
        </ErrorInfo>
      </Output>
    </UnitTestResult>
    <UnitTestResult executionId="928ba02f-548a-444d-8db1-13476452822d" testId="ce52829f-2c3c-9adf-a267-0d5bb9f45152" testName="Goedel.XUnit.TestSplit.TestKey(bits: 32, hexData: &quot;00000000&quot;)" computerName="VOODOO" duration="00:00:00.0737022" startTime="2021-12-02T13:54:15.8280699-05:00" endTime="2021-12-02T13:54:15.8280701-05:00" testType="13cdc9d9-ddb5-4fa4-a97d-d965ccfc6d4b" outcome="Passed" testListId="8c84fa94-04c1-424b-9868-57a2d4851a1d" relativeResultsDirectory="928ba02f-548a-444d-8db1-13476452822d" />
    <UnitTestResult executionId="1d690c0e-5c93-4027-9f41-3247d010e011" testId="f819c12f-f62d-63b0-a7fe-0d6f202c48b0" testName="Goedel.XUnit.TestGoedelCryptography.TestHMAC_4231_Repeat" computerName="VOODOO" duration="00:00:00.0004256" startTime="2021-12-02T13:55:11.4053799-05:00" endTime="2021-12-02T13:55:11.4053801-05:00" testType="13cdc9d9-ddb5-4fa4-a97d-d965ccfc6d4b" outcome="Passed" testListId="8c84fa94-04c1-424b-9868-57a2d4851a1d" relativeResultsDirectory="1d690c0e-5c93-4027-9f41-3247d010e011" />
    <UnitTestResult executionId="1b02a812-a241-4ddb-a849-9d13937061a5" testId="06fb4f0e-1bf0-9a3f-a0ec-44dee829f29f" testName="Goedel.XUnit.TestGoedelCryptography.TestBitField3" computerName="VOODOO" duration="00:00:00.0008802" startTime="2021-12-02T13:55:22.5084572-05:00" endTime="2021-12-02T13:55:22.5084573-05:00" testType="13cdc9d9-ddb5-4fa4-a97d-d965ccfc6d4b" outcome="Passed" testListId="8c84fa94-04c1-424b-9868-57a2d4851a1d" relativeResultsDirectory="1b02a812-a241-4ddb-a849-9d13937061a5" />
    <UnitTestResult executionId="f94faadc-d726-4c31-8cdf-5cbe1782c2fc" testId="d04493b8-1b8d-b1b4-b545-a9eb2b8a12c9" testName="Goedel.XUnit.TestGoedelCryptography.X25519AgreeX" computerName="VOODOO" duration="00:00:00.0073059" startTime="2021-12-02T13:55:19.0463877-05:00" endTime="2021-12-02T13:55:19.0463879-05:00" testType="13cdc9d9-ddb5-4fa4-a97d-d965ccfc6d4b" outcome="Passed" testListId="8c84fa94-04c1-424b-9868-57a2d4851a1d" relativeResultsDirectory="f94faadc-d726-4c31-8cdf-5cbe1782c2fc" />
    <UnitTestResult executionId="15d43b79-b1cf-4432-8576-4e0808e1163d" testId="51f2da6e-dd6d-ac78-c6dd-ccec205a3339" testName="Goedel.XUnit.TestService.MeshServiceFull" computerName="VOODOO" duration="00:00:00.7599677" startTime="2021-12-02T13:54:54.9650389-05:00" endTime="2021-12-02T13:54:54.9650391-05:00" testType="13cdc9d9-ddb5-4fa4-a97d-d965ccfc6d4b" outcome="Failed" testListId="8c84fa94-04c1-424b-9868-57a2d4851a1d" relativeResultsDirectory="15d43b79-b1cf-4432-8576-4e0808e1163d">
      <Output>
        <ErrorInfo>
          <Message>System.NullReferenceException : Object reference not set to an instance of an object.</Message>
          <StackTrace>   at Goedel.Mesh.Server.PublicMeshService..ctor(IMeshMachine meshMachine, ServiceConfiguration serviceConfiguration, HostConfiguration hostConfiguration) in C:\Users\hallam\Work\mmm\Mesh\Goedel.Mesh.Server\MeshDispatch.cs:line 136&#xD;
   at Goedel.Mesh.Test.TestEnvironmentCommon.get_MeshService() in C:\Users\hallam\Work\mmm\Testing\Goedel.Mesh.Test\TestEnvironmentCommon.cs:line 203&#xD;
   at Goedel.Mesh.Test.TestEnvironmentCommon.GetMeshClient(MeshMachineTest meshMachineTest, ICredentialPrivate credential, String serviceId, String accountAddress) in C:\Users\hallam\Work\mmm\Testing\Goedel.Mesh.Test\TestEnvironmentCommon.cs:line 222&#xD;
   at Goedel.Mesh.Test.MeshMachineTest.GetMeshClient(ICredentialPrivate credential, String service, String accountAddress) in C:\Users\hallam\Work\mmm\Testing\Goedel.Mesh.Test\MeshMachineTest.cs:line 88&#xD;
   at Goedel.Mesh.Client.ContextUser.SetService(String accountAddress) in C:\Users\hallam\Work\mmm\Mesh\Goedel.Mesh.Client\ContextUser.cs:line 243&#xD;
   at Goedel.Mesh.Client.MeshHost.ConfigureMesh(String accountAddress, String localName, PrivateKeyUDF accountSeed, ProfileDevice profileDevice, List`1 rights, Boolean create) in C:\Users\hallam\Work\mmm\Mesh\Goedel.Mesh.Client\MeshHost.cs:line 269&#xD;
   at Goedel.XUnit.TestService.MeshServiceFull() in C:\Users\hallam\Work\mmm\Testing\Goedel.Mesh.Protocol.Test-xunit\TestService.cs:line 165</StackTrace>
        </ErrorInfo>
      </Output>
    </UnitTestResult>
    <UnitTestResult executionId="15d514ba-c0d8-43c8-990c-14ee342f3afb" testId="092ad0a6-3f4d-00b8-ed91-0e05958d481e" testName="Goedel.XUnit.TestGoedelCryptography.X25519TV1" computerName="VOODOO" duration="00:00:00.0030799" startTime="2021-12-02T13:55:18.9514223-05:00" endTime="2021-12-02T13:55:18.9514224-05:00" testType="13cdc9d9-ddb5-4fa4-a97d-d965ccfc6d4b" outcome="Passed" testListId="8c84fa94-04c1-424b-9868-57a2d4851a1d" relativeResultsDirectory="15d514ba-c0d8-43c8-990c-14ee342f3afb" />
    <UnitTestResult executionId="3151a9cc-0cfd-4ce6-ba61-2b90c4e24c19" testId="9d708bd3-2d29-9926-45df-1d20d60d8420" testName="Goedel.XUnit.TestGoedelCryptography.TestBitField1" computerName="VOODOO" duration="00:00:00.0007820" startTime="2021-12-02T13:54:37.4881363-05:00" endTime="2021-12-02T13:54:37.4881365-05:00" testType="13cdc9d9-ddb5-4fa4-a97d-d965ccfc6d4b" outcome="Passed" testListId="8c84fa94-04c1-424b-9868-57a2d4851a1d" relativeResultsDirectory="3151a9cc-0cfd-4ce6-ba61-2b90c4e24c19" />
    <UnitTestResult executionId="d6b467b9-4c2f-4d91-814e-07a0ab958743" testId="665ef91c-7e8f-b43d-182e-ec7ca6f97a4c" testName="Goedel.XUnit.ShellTestsAdmin.TestKey(bits: 0)" computerName="VOODOO" duration="00:00:00.0697292" startTime="2021-12-02T13:54:10.4653100-05:00" endTime="2021-12-02T13:54:10.4653362-05:00" testType="13cdc9d9-ddb5-4fa4-a97d-d965ccfc6d4b" outcome="Passed" testListId="8c84fa94-04c1-424b-9868-57a2d4851a1d" relativeResultsDirectory="d6b467b9-4c2f-4d91-814e-07a0ab958743" />
    <UnitTestResult executionId="32f1f097-b6e2-482b-9d80-c8f2444becdd" testId="ebfd66a0-fb7d-822f-9fda-69a36f0a0754" testName="Goedel.XUnit.Utilities.BaseConversionsFromString" computerName="VOODOO" duration="00:00:00.0080637" startTime="2021-12-02T13:54:13.0920975-05:00" endTime="2021-12-02T13:54:13.0921424-05:00" testType="13cdc9d9-ddb5-4fa4-a97d-d965ccfc6d4b" outcome="Passed" testListId="8c84fa94-04c1-424b-9868-57a2d4851a1d" relativeResultsDirectory="32f1f097-b6e2-482b-9d80-c8f2444becdd" />
    <UnitTestResult executionId="58065cf4-09a2-42ce-afcd-0ebd5e2e99ae" testId="f50d1a71-c8c6-6a64-517b-8dfbb3b931e8" testName="Goedel.XUnit.TestDigests.TestSHA_Direct(Message: &quot;abcdefghbcdefghicdefghijdefghijkefghijklfghijklmgh&quot;..., Repeat: 1, TestData: [TestVector { Digest = [...], ID = NULL }, TestVector { Digest = [...], ID = NULL }, TestVector { Digest = [...], ID = SHA_2_256 }, TestVector { Digest = [...], ID = NULL }, TestVector { Digest = [...], ID = SHA_2_512 }, ...])" computerName="VOODOO" duration="00:00:00.0000561" startTime="2021-12-02T13:56:20.9371457-05:00" endTime="2021-12-02T13:56:20.9371458-05:00" testType="13cdc9d9-ddb5-4fa4-a97d-d965ccfc6d4b" outcome="Passed" testListId="8c84fa94-04c1-424b-9868-57a2d4851a1d" relativeResultsDirectory="58065cf4-09a2-42ce-afcd-0ebd5e2e99ae" />
    <UnitTestResult executionId="766d04ac-e135-4ecb-bfbc-c830bbac6e3f" testId="35d036a3-82d5-f37b-312a-084d9df4c913" testName="Goedel.XUnit.TestGoedelCryptography.TestBitField1Up" computerName="VOODOO" duration="00:00:00.0003906" startTime="2021-12-02T13:55:19.1026001-05:00" endTime="2021-12-02T13:55:19.1026003-05:00" testType="13cdc9d9-ddb5-4fa4-a97d-d965ccfc6d4b" outcome="Passed" testListId="8c84fa94-04c1-424b-9868-57a2d4851a1d" relativeResultsDirectory="766d04ac-e135-4ecb-bfbc-c830bbac6e3f" />
    <UnitTestResult executionId="aa93288e-a5b9-49a1-955d-55c23ca512b3" testId="b737fe06-d8fc-92fd-5280-a8e1601ec2d8" testName="Goedel.XUnit.TestAsymmetric.TestRFC8032(Test: TestVectorAsymmetric { Algorithm = Ed25519ctx, Context = &quot;\r\n   666f6f&quot;, ContextData = [102, 111, 111], Message = &quot;\r\n   f726936d19c800494e3fdaff20b276a8&quot;, MessageData = [247, 38, 147, 109, 25, ...], ... })" computerName="VOODOO" duration="00:00:00.0862847" startTime="2021-12-02T13:54:14.1433083-05:00" endTime="2021-12-02T13:54:14.1433087-05:00" testType="13cdc9d9-ddb5-4fa4-a97d-d965ccfc6d4b" outcome="Passed" testListId="8c84fa94-04c1-424b-9868-57a2d4851a1d" relativeResultsDirectory="aa93288e-a5b9-49a1-955d-55c23ca512b3" />
    <UnitTestResult executionId="ee65e0cc-8b59-4bfd-a17b-139d09efd4d2" testId="75ff8909-1a5c-241d-fa9b-06e42553db2f" testName="Goedel.XUnit.TestDareArchive.TestFileContainerEncrypted16" computerName="VOODOO" duration="00:00:00.3109674" startTime="2021-12-02T13:54:17.7031064-05:00" endTime="2021-12-02T13:54:17.7031068-05:00" testType="13cdc9d9-ddb5-4fa4-a97d-d965ccfc6d4b" outcome="Passed" testListId="8c84fa94-04c1-424b-9868-57a2d4851a1d" relativeResultsDirectory="ee65e0cc-8b59-4bfd-a17b-139d09efd4d2" />
    <UnitTestResult executionId="3dc2bb2d-4348-423c-96c9-90b70862a65f" testId="b737fe06-d8fc-92fd-5280-a8e1601ec2d8" testName="Goedel.XUnit.TestAsymmetric.TestRFC8032(Test: TestVectorAsymmetric { Algorithm = Ed448, Context = null, ContextData = null, Message = &quot;\r\n   15777532b0bdd0d1389f636c5f6b9ba7\r\n   34c9&quot;..., MessageData = [21, 119, 117, 50, 176, ...], ... })" computerName="VOODOO" duration="00:00:00.3049060" startTime="2021-12-02T13:54:17.6458455-05:00" endTime="2021-12-02T13:54:17.6458456-05:00" testType="13cdc9d9-ddb5-4fa4-a97d-d965ccfc6d4b" outcome="Passed" testListId="8c84fa94-04c1-424b-9868-57a2d4851a1d" relativeResultsDirectory="3dc2bb2d-4348-423c-96c9-90b70862a65f" />
    <UnitTestResult executionId="bbc3d9c3-5899-4601-b14b-21a243be7bf2" testId="995ddb05-7e5e-b50a-356d-f40e0d0b87a2" testName="Goedel.XUnit.TestService.TestCredentialAccountFails(dataValidity: CorruptDigest)" computerName="VOODOO" duration="00:00:00.9003495" startTime="2021-12-02T13:54:38.3212573-05:00" endTime="2021-12-02T13:54:38.3212575-05:00" testType="13cdc9d9-ddb5-4fa4-a97d-d965ccfc6d4b" outcome="Failed" testListId="8c84fa94-04c1-424b-9868-57a2d4851a1d" relativeResultsDirectory="bbc3d9c3-5899-4601-b14b-21a243be7bf2">
      <Output>
        <ErrorInfo>
          <Message>System.NullReferenceException : Object reference not set to an instance of an object.</Message>
          <StackTrace>   at Goedel.Mesh.Server.PublicMeshService..ctor(IMeshMachine meshMachine, ServiceConfiguration serviceConfiguration, HostConfiguration hostConfiguration) in C:\Users\hallam\Work\mmm\Mesh\Goedel.Mesh.Server\MeshDispatch.cs:line 136&#xD;
   at Goedel.Mesh.Test.TestEnvironmentCommon.get_MeshService() in C:\Users\hallam\Work\mmm\Testing\Goedel.Mesh.Test\TestEnvironmentCommon.cs:line 203&#xD;
   at Goedel.Mesh.Test.TestEnvironmentCommon.GetMeshClient(MeshMachineTest meshMachineTest, ICredentialPrivate credential, String serviceId, String accountAddress) in C:\Users\hallam\Work\mmm\Testing\Goedel.Mesh.Test\TestEnvironmentCommon.cs:line 222&#xD;
   at Goedel.Mesh.Test.MeshMachineTest.GetMeshClient(ICredentialPrivate credential, String service, String accountAddress) in C:\Users\hallam\Work\mmm\Testing\Goedel.Mesh.Test\MeshMachineTest.cs:line 88&#xD;
   at Goedel.Mesh.Client.ContextUser.SetService(String accountAddress) in C:\Users\hallam\Work\mmm\Mesh\Goedel.Mesh.Client\ContextUser.cs:line 243&#xD;
   at Goedel.Mesh.Client.MeshHost.ConfigureMesh(String accountAddress, String localName, PrivateKeyUDF accountSeed, ProfileDevice profileDevice, List`1 rights, Boolean create) in C:\Users\hallam\Work\mmm\Mesh\Goedel.Mesh.Client\MeshHost.cs:line 269&#xD;
   at Goedel.Mesh.Test.MeshMachineTest.GenerateAccountUser(TestEnvironmentCommon testEnvironmentCommon, String machineName, String accountAddress, String localName) in C:\Users\hallam\Work\mmm\Testing\Goedel.Mesh.Test\MeshMachineTest.cs:line 120&#xD;
   at Goedel.XUnit.TestService.TestCredentialAccountFails(DataValidity dataValidity) in C:\Users\hallam\Work\mmm\Testing\Goedel.Mesh.Protocol.Test-xunit\MeshCredential.cs:line 129</StackTrace>
        </ErrorInfo>
      </Output>
    </UnitTestResult>
    <UnitTestResult executionId="46e4c7a6-1a23-4db5-8d48-db33bc981996" testId="653f0b29-b37a-4813-2fc7-8c44535ebb71" testName="Goedel.XUnit.TestGoedelCryptography.X25519AgreeRecryption(count: 100)" computerName="VOODOO" duration="00:00:02.0754963" startTime="2021-12-02T13:54:37.4872976-05:00" endTime="2021-12-02T13:54:37.4872979-05:00" testType="13cdc9d9-ddb5-4fa4-a97d-d965ccfc6d4b" outcome="Passed" testListId="8c84fa94-04c1-424b-9868-57a2d4851a1d" relativeResultsDirectory="46e4c7a6-1a23-4db5-8d48-db33bc981996" />
    <UnitTestResult executionId="24bbc602-5686-4644-a147-9375e24b5603" testId="fe6ed3b0-c2a3-025d-da24-4e0d6c12b77f" testName="Goedel.XUnit.TestGoedelCryptography.Test_Wrap_3394" computerName="VOODOO" duration="00:00:00.0006135" startTime="2021-12-02T13:55:11.4060409-05:00" endTime="2021-12-02T13:55:11.4060411-05:00" testType="13cdc9d9-ddb5-4fa4-a97d-d965ccfc6d4b" outcome="Passed" testListId="8c84fa94-04c1-424b-9868-57a2d4851a1d" relativeResultsDirectory="24bbc602-5686-4644-a147-9375e24b5603" />
    <UnitTestResult executionId="eff80e8a-7680-4e1c-955e-6448ca983f6f" testId="3f886881-ed7c-f9b0-170c-b18e829ea8ae" testName="Goedel.XUnit.TestDare.EnvelopeDigestAtomicCorrupted" computerName="VOODOO" duration="00:00:00.3282533" startTime="2021-12-02T13:54:23.4733847-05:00" endTime="2021-12-02T13:54:23.4733849-05:00" testType="13cdc9d9-ddb5-4fa4-a97d-d965ccfc6d4b" outcome="Passed" testListId="8c84fa94-04c1-424b-9868-57a2d4851a1d" relativeResultsDirectory="eff80e8a-7680-4e1c-955e-6448ca983f6f" />
    <UnitTestResult executionId="a10fc16b-9303-4b3b-811a-affaff190ed8" testId="e6963c41-7210-54eb-026d-46d718b809b4" testName="Goedel.XUnit.TestLifecycle.Test_LifecycleAdmin(CryptoAlgorithmID: X448, KeySize: 2048)" computerName="VOODOO" duration="00:00:00.0692601" startTime="2021-12-02T13:54:20.1546992-05:00" endTime="2021-12-02T13:54:20.1546995-05:00" testType="13cdc9d9-ddb5-4fa4-a97d-d965ccfc6d4b" outcome="Passed" testListId="8c84fa94-04c1-424b-9868-57a2d4851a1d" relativeResultsDirectory="a10fc16b-9303-4b3b-811a-affaff190ed8" />
    <UnitTestResult executionId="2a69143b-6f62-4ec5-977d-65f095656f71" testId="a34599eb-eeff-36cf-5cb0-64d372d6bb3b" testName="Goedel.XUnit.ShellTestsAdmin.TestConnectRequest" computerName="VOODOO" duration="00:00:01.7273638" startTime="2021-12-02T13:55:07.0269453-05:00" endTime="2021-12-02T13:55:07.0269454-05:00" testType="13cdc9d9-ddb5-4fa4-a97d-d965ccfc6d4b" outcome="Failed" testListId="8c84fa94-04c1-424b-9868-57a2d4851a1d" relativeResultsDirectory="2a69143b-6f62-4ec5-977d-65f095656f71">
      <Output>
        <ErrorInfo>
          <Message>Goedel.Mesh.ServiceAdmin.HostNotFound : Configuration for the host ServiceConfig.json could not be found</Message>
          <StackTrace>   at Goedel.Mesh.ServiceAdmin.Configuration.GetHostConfiguration(String id) in C:\Users\hallam\Work\mmm\Mesh\Goedel.Mesh.ServiceAdmin\ServiceDescription.cs:line 135&#xD;
   at Goedel.Mesh.Shell.Host.Shell.HostStart(HostStart Options) in C:\Users\hallam\Work\mmm\Mesh\Goedel.Mesh.Shell.Host\ShellDispatch.cs:line 156&#xD;
   at Goedel.Mesh.Shell.Host.CommandLineInterpreter.Handle_HostStart(DispatchShell DispatchIn, String[] Args, Int32 Index) in C:\Users\hallam\Work\mmm\Mesh\Goedel.Mesh.Shell.Host\anyhost.cs:line 172&#xD;
   at Goedel.Command.CommandLineInterpreterBase.Dispatcher(SortedDictionary`2 Entries, DescribeCommandEntry DefaultCommand, DispatchShell Dispatch, String[] Args, Int32 Index) in C:\Users\hallam\Work\mmm\Libraries\Goedel.Command\Command.cs:line 224&#xD;
   at Goedel.Mesh.Shell.Host.CommandLineInterpreter.MainMethod(Shell Dispatch, String[] Args) in C:\Users\hallam\Work\mmm\Mesh\Goedel.Mesh.Shell.Host\anyhost.cs:line 161&#xD;
   at Goedel.Mesh.Test.TestEnvironmentRdpShell.Host(String command) in C:\Users\hallam\Work\mmm\Testing\Goedel.Mesh.Test\TestEnvironmentCommon.cs:line 121&#xD;
   at Goedel.Mesh.Test.TestEnvironmentRdpShell.StartService() in C:\Users\hallam\Work\mmm\Testing\Goedel.Mesh.Test\TestEnvironmentCommon.cs:line 90&#xD;
   at Goedel.Mesh.Test.TestEnvironmentRdpShell.GetMeshClient(MeshMachineTest meshMachineTest, ICredentialPrivate credential, String service, String accountAddress) in C:\Users\hallam\Work\mmm\Testing\Goedel.Mesh.Test\TestEnvironmentCommon.cs:line 102&#xD;
   at Goedel.Mesh.Test.MeshMachineTest.GetMeshClient(ICredentialPrivate credential, String service, String accountAddress) in C:\Users\hallam\Work\mmm\Testing\Goedel.Mesh.Test\MeshMachineTest.cs:line 88&#xD;
   at Goedel.Mesh.Client.ContextUser.SetService(String accountAddress) in C:\Users\hallam\Work\mmm\Mesh\Goedel.Mesh.Client\ContextUser.cs:line 243&#xD;
   at Goedel.Mesh.Client.MeshHost.ConfigureMesh(String accountAddress, String localName, PrivateKeyUDF accountSeed, ProfileDevice profileDevice, List`1 rights, Boolean create) in C:\Users\hallam\Work\mmm\Mesh\Goedel.Mesh.Client\MeshHost.cs:line 269&#xD;
   at Goedel.Mesh.Shell.Shell.AccountCreate(AccountCreate options) in C:\Users\hallam\Work\mmm\Mesh\Goedel.Mesh.Shell\DispatchAccount.cs:line 68&#xD;
   at Goedel.Mesh.Shell.CommandLineInterpreter.Handle_AccountCreate(DispatchShell DispatchIn, String[] Args, Int32 Index) in C:\Users\hallam\Work\mmm\Mesh\Goedel.Mesh.Shell\meshman.cs:line 520&#xD;
   at Goedel.Command.CommandLineInterpreterBase.Dispatcher(SortedDictionary`2 Entries, DescribeCommandEntry DefaultCommand, DispatchShell Dispatch, String[] Args, Int32 Index) in C:\Users\hallam\Work\mmm\Libraries\Goedel.Command\Command.cs:line 224&#xD;
   at Goedel.Command.CommandLineInterpreterBase.Dispatcher(SortedDictionary`2 Entries, DescribeCommandEntry DefaultCommand, DispatchShell Dispatch, String[] Args, Int32 Index) in C:\Users\hallam\Work\mmm\Libraries\Goedel.Command\Command.cs:line 228&#xD;
   at Goedel.Mesh.Test.TestCLI.ExampleNoCatch(String[] commands) in C:\Users\hallam\Work\mmm\Testing\Goedel.Mesh.Test\TestShell.cs:line 226&#xD;
   at Goedel.XUnit.ShellTests.TestConnectRequest() in C:\Users\hallam\Work\mmm\Testing\Goedel.Mesh.Shell.Test-xunit\TestAccount.cs:line 183</StackTrace>
        </ErrorInfo>
      </Output>
    </UnitTestResult>
    <UnitTestResult executionId="ec860348-d299-416a-b931-291c843a4ec2" testId="b3045205-e033-ec0a-80c0-da7423b88f09" testName="Goedel.XUnit.TestCryptographyJose.RoundTripKeyExportable(cryptoAlgorithmID: EdDSA)" computerName="VOODOO" duration="00:00:00.0141194" startTime="2021-12-02T13:54:14.6524283-05:00" endTime="2021-12-02T13:54:14.6524283-05:00" testType="13cdc9d9-ddb5-4fa4-a97d-d965ccfc6d4b" outcome="Passed" testListId="8c84fa94-04c1-424b-9868-57a2d4851a1d" relativeResultsDirectory="ec860348-d299-416a-b931-291c843a4ec2" />
    <UnitTestResult executionId="a6b7a1b1-1447-4564-ac41-b2b0aceade07" testId="307e2382-408b-850a-1e4a-9230f0085755" testName="Goedel.XUnit.TestSplit.TestKey(bits: 512, hexData: null)" computerName="VOODOO" duration="00:00:00.3126869" startTime="2021-12-02T13:54:15.4704015-05:00" endTime="2021-12-02T13:54:15.4704018-05:00" testType="13cdc9d9-ddb5-4fa4-a97d-d965ccfc6d4b" outcome="Passed" testListId="8c84fa94-04c1-424b-9868-57a2d4851a1d" relativeResultsDirectory="a6b7a1b1-1447-4564-ac41-b2b0aceade07" />
    <UnitTestResult executionId="ed839bc8-f526-4da2-bc41-30d292cd65b4" testId="fee94b7a-6b91-e6e3-e4cd-950139025bf9" testName="Goedel.XUnit.TestCryptographyJose.RoundTripKeyExportable(cryptoAlgorithmID: Exchange)" computerName="VOODOO" duration="00:00:00.3517222" startTime="2021-12-02T13:54:15.8056402-05:00" endTime="2021-12-02T13:54:15.8056404-05:00" testType="13cdc9d9-ddb5-4fa4-a97d-d965ccfc6d4b" outcome="Passed" testListId="8c84fa94-04c1-424b-9868-57a2d4851a1d" relativeResultsDirectory="ed839bc8-f526-4da2-bc41-30d292cd65b4" />
    <UnitTestResult executionId="7121d2eb-100f-4a9d-98d0-f59e5a309a10" testId="e6801376-5704-3024-892d-1c45610a8c43" testName="Goedel.XUnit.GoedelProtocol.TestStructB" computerName="VOODOO" duration="00:00:00.0046750" startTime="2021-12-02T13:54:16.0382328-05:00" endTime="2021-12-02T13:54:16.0382329-05:00" testType="13cdc9d9-ddb5-4fa4-a97d-d965ccfc6d4b" outcome="Passed" testListId="8c84fa94-04c1-424b-9868-57a2d4851a1d" relativeResultsDirectory="7121d2eb-100f-4a9d-98d0-f59e5a309a10" />
    <UnitTestResult executionId="167df195-d98d-4ca4-a977-477658601028" testId="256c80c7-4b92-b094-2e7b-9492f69d1006" testName="Goedel.XUnit.ShellTests.TestProfileSSHPrivate" computerName="VOODOO" duration="00:00:01.5034668" startTime="2021-12-02T13:54:12.0858011-05:00" endTime="2021-12-02T13:54:12.0858013-05:00" testType="13cdc9d9-ddb5-4fa4-a97d-d965ccfc6d4b" outcome="Failed" testListId="8c84fa94-04c1-424b-9868-57a2d4851a1d" relativeResultsDirectory="167df195-d98d-4ca4-a977-477658601028">
      <Output>
        <ErrorInfo>
          <Message>System.NullReferenceException : Object reference not set to an instance of an object.</Message>
          <StackTrace>   at Goedel.Mesh.Server.PublicMeshService..ctor(IMeshMachine meshMachine, ServiceConfiguration serviceConfiguration, HostConfiguration hostConfiguration) in C:\Users\hallam\Work\mmm\Mesh\Goedel.Mesh.Server\MeshDispatch.cs:line 136&#xD;
   at Goedel.Mesh.Test.TestEnvironmentCommon.get_MeshService() in C:\Users\hallam\Work\mmm\Testing\Goedel.Mesh.Test\TestEnvironmentCommon.cs:line 203&#xD;
   at Goedel.Mesh.Test.TestEnvironmentCommon.GetMeshClient(MeshMachineTest meshMachineTest, ICredentialPrivate credential, String serviceId, String accountAddress) in C:\Users\hallam\Work\mmm\Testing\Goedel.Mesh.Test\TestEnvironmentCommon.cs:line 222&#xD;
   at Goedel.Mesh.Test.MeshMachineTest.GetMeshClient(ICredentialPrivate credential, String service, String accountAddress) in C:\Users\hallam\Work\mmm\Testing\Goedel.Mesh.Test\MeshMachineTest.cs:line 88&#xD;
   at Goedel.Mesh.Client.ContextUser.SetService(String accountAddress) in C:\Users\hallam\Work\mmm\Mesh\Goedel.Mesh.Client\ContextUser.cs:line 243&#xD;
   at Goedel.Mesh.Client.MeshHost.ConfigureMesh(String accountAddress, String localName, PrivateKeyUDF accountSeed, ProfileDevice profileDevice, List`1 rights, Boolean create) in C:\Users\hallam\Work\mmm\Mesh\Goedel.Mesh.Client\MeshHost.cs:line 269&#xD;
   at Goedel.Mesh.Shell.Shell.AccountCreate(AccountCreate options) in C:\Users\hallam\Work\mmm\Mesh\Goedel.Mesh.Shell\DispatchAccount.cs:line 68&#xD;
   at Goedel.Mesh.Shell.CommandLineInterpreter.Handle_AccountCreate(DispatchShell DispatchIn, String[] Args, Int32 Index) in C:\Users\hallam\Work\mmm\Mesh\Goedel.Mesh.Shell\meshman.cs:line 520&#xD;
   at Goedel.Command.CommandLineInterpreterBase.Dispatcher(SortedDictionary`2 Entries, DescribeCommandEntry DefaultCommand, DispatchShell Dispatch, String[] Args, Int32 Index) in C:\Users\hallam\Work\mmm\Libraries\Goedel.Command\Command.cs:line 224&#xD;
   at Goedel.Command.CommandLineInterpreterBase.Dispatcher(SortedDictionary`2 Entries, DescribeCommandEntry DefaultCommand, DispatchShell Dispatch, String[] Args, Int32 Index) in C:\Users\hallam\Work\mmm\Libraries\Goedel.Command\Command.cs:line 228&#xD;
   at Goedel.Mesh.Test.TestCLI.Dispatch(String command, Boolean fail) in C:\Users\hallam\Work\mmm\Testing\Goedel.Mesh.Test\TestShell.cs:line 241&#xD;
   at Goedel.XUnit.ShellTests.CreateMasterDevice(String name, String account) in C:\Users\hallam\Work\mmm\Testing\Goedel.Mesh.Shell.Test-xunit\TestMessage.cs:line 246&#xD;
   at Goedel.XUnit.ShellTests.CreateAlice(TestCLI&amp; device1, TestCLI&amp; device2) in C:\Users\hallam\Work\mmm\Testing\Goedel.Mesh.Shell.Test-xunit\TestMessage.cs:line 238&#xD;
   at Goedel.XUnit.ShellTests.TestProfileSSHPrivate() in C:\Users\hallam\Work\mmm\Testing\Goedel.Mesh.Shell.Test-xunit\TestSSH.cs:line 33</StackTrace>
        </ErrorInfo>
      </Output>
    </UnitTestResult>
    <UnitTestResult executionId="84b2394b-c366-4891-8b3e-c877de328dc2" testId="27eb7a22-4057-c380-f997-f9370d562f4b" testName="Goedel.XUnit.TestService.ProtocolHello" computerName="VOODOO" duration="00:00:00.0637037" startTime="2021-12-02T13:54:54.2043616-05:00" endTime="2021-12-02T13:54:54.2043617-05:00" testType="13cdc9d9-ddb5-4fa4-a97d-d965ccfc6d4b" outcome="Failed" testListId="8c84fa94-04c1-424b-9868-57a2d4851a1d" relativeResultsDirectory="84b2394b-c366-4891-8b3e-c877de328dc2">
      <Output>
        <ErrorInfo>
          <Message>System.NullReferenceException : Object reference not set to an instance of an object.</Message>
          <StackTrace>   at Goedel.Mesh.Server.PublicMeshService..ctor(IMeshMachine meshMachine, ServiceConfiguration serviceConfiguration, HostConfiguration hostConfiguration) in C:\Users\hallam\Work\mmm\Mesh\Goedel.Mesh.Server\MeshDispatch.cs:line 136&#xD;
   at Goedel.Mesh.Test.TestEnvironmentCommon.get_MeshService() in C:\Users\hallam\Work\mmm\Testing\Goedel.Mesh.Test\TestEnvironmentCommon.cs:line 203&#xD;
   at Goedel.Mesh.Test.TestEnvironmentCommon.GetMeshClient(MeshMachineTest meshMachineTest, ICredentialPrivate credential, String serviceId, String accountAddress) in C:\Users\hallam\Work\mmm\Testing\Goedel.Mesh.Test\TestEnvironmentCommon.cs:line 222&#xD;
   at Goedel.Mesh.Test.MeshMachineTest.GetMeshClient(ICredentialPrivate credential, String service, String accountAddress) in C:\Users\hallam\Work\mmm\Testing\Goedel.Mesh.Test\MeshMachineTest.cs:line 88&#xD;
   at Goedel.XUnit.TestService.ProtocolHello() in C:\Users\hallam\Work\mmm\Testing\Goedel.Mesh.Protocol.Test-xunit\TestService.cs:line 107</StackTrace>
        </ErrorInfo>
      </Output>
    </UnitTestResult>
    <UnitTestResult executionId="7c09b18b-725f-4e79-92b5-d9147369c6a0" testId="89e5bcd6-87f5-6a6b-5e33-809f2b36ad5e" testName="Goedel.XUnit.ShellTests.TestMessageContactRemote" computerName="VOODOO" duration="00:00:01.1598981" startTime="2021-12-02T13:54:29.1724039-05:00" endTime="2021-12-02T13:54:29.1724042-05:00" testType="13cdc9d9-ddb5-4fa4-a97d-d965ccfc6d4b" outcome="Failed" testListId="8c84fa94-04c1-424b-9868-57a2d4851a1d" relativeResultsDirectory="7c09b18b-725f-4e79-92b5-d9147369c6a0">
      <Output>
        <ErrorInfo>
          <Message>System.NullReferenceException : Object reference not set to an instance of an object.</Message>
          <StackTrace>   at Goedel.Mesh.Server.PublicMeshService..ctor(IMeshMachine meshMachine, ServiceConfiguration serviceConfiguration, HostConfiguration hostConfiguration) in C:\Users\hallam\Work\mmm\Mesh\Goedel.Mesh.Server\MeshDispatch.cs:line 136&#xD;
   at Goedel.Mesh.Test.TestEnvironmentCommon.get_MeshService() in C:\Users\hallam\Work\mmm\Testing\Goedel.Mesh.Test\TestEnvironmentCommon.cs:line 203&#xD;
   at Goedel.Mesh.Test.TestEnvironmentCommon.GetMeshClient(MeshMachineTest meshMachineTest, ICredentialPrivate credential, String serviceId, String accountAddress) in C:\Users\hallam\Work\mmm\Testing\Goedel.Mesh.Test\TestEnvironmentCommon.cs:line 222&#xD;
   at Goedel.Mesh.Test.MeshMachineTest.GetMeshClient(ICredentialPrivate credential, String service, String accountAddress) in C:\Users\hallam\Work\mmm\Testing\Goedel.Mesh.Test\MeshMachineTest.cs:line 88&#xD;
   at Goedel.Mesh.Client.ContextUser.SetService(String accountAddress) in C:\Users\hallam\Work\mmm\Mesh\Goedel.Mesh.Client\ContextUser.cs:line 243&#xD;
   at Goedel.Mesh.Client.MeshHost.ConfigureMesh(String accountAddress, String localName, PrivateKeyUDF accountSeed, ProfileDevice profileDevice, List`1 rights, Boolean create) in C:\Users\hallam\Work\mmm\Mesh\Goedel.Mesh.Client\MeshHost.cs:line 269&#xD;
   at Goedel.Mesh.Shell.Shell.AccountCreate(AccountCreate options) in C:\Users\hallam\Work\mmm\Mesh\Goedel.Mesh.Shell\DispatchAccount.cs:line 68&#xD;
   at Goedel.Mesh.Shell.CommandLineInterpreter.Handle_AccountCreate(DispatchShell DispatchIn, String[] Args, Int32 Index) in C:\Users\hallam\Work\mmm\Mesh\Goedel.Mesh.Shell\meshman.cs:line 520&#xD;
   at Goedel.Command.CommandLineInterpreterBase.Dispatcher(SortedDictionary`2 Entries, DescribeCommandEntry DefaultCommand, DispatchShell Dispatch, String[] Args, Int32 Index) in C:\Users\hallam\Work\mmm\Libraries\Goedel.Command\Command.cs:line 224&#xD;
   at Goedel.Command.CommandLineInterpreterBase.Dispatcher(SortedDictionary`2 Entries, DescribeCommandEntry DefaultCommand, DispatchShell Dispatch, String[] Args, Int32 Index) in C:\Users\hallam\Work\mmm\Libraries\Goedel.Command\Command.cs:line 228&#xD;
   at Goedel.Mesh.Test.TestCLI.Dispatch(String command, Boolean fail) in C:\Users\hallam\Work\mmm\Testing\Goedel.Mesh.Test\TestShell.cs:line 241&#xD;
   at Goedel.XUnit.ShellTests.MakeAccount(TestCLI device, String account) in C:\Users\hallam\Work\mmm\Testing\Goedel.Mesh.Shell.Test-xunit\TestMessage.cs:line 186&#xD;
   at Goedel.XUnit.ShellTests.TestMessageContactRemote() in C:\Users\hallam\Work\mmm\Testing\Goedel.Mesh.Shell.Test-xunit\TestMessage.cs:line 162</StackTrace>
        </ErrorInfo>
      </Output>
    </UnitTestResult>
    <UnitTestResult executionId="7d0428ed-3545-4080-8123-119586ea6669" testId="b737fe06-d8fc-92fd-5280-a8e1601ec2d8" testName="Goedel.XUnit.TestAsymmetric.TestRFC8032(Test: TestVectorAsymmetric { Algorithm = Ed448, Context = null, ContextData = null, Message = &quot;\r\n   6ddf802e1aae4986935f7f981ba3f035\r\n   1d62&quot;..., MessageData = [109, 223, 128, 46, 26, ...], ... })" computerName="VOODOO" duration="00:00:00.3714615" startTime="2021-12-02T13:54:17.9601032-05:00" endTime="2021-12-02T13:54:17.9601034-05:00" testType="13cdc9d9-ddb5-4fa4-a97d-d965ccfc6d4b" outcome="Passed" testListId="8c84fa94-04c1-424b-9868-57a2d4851a1d" relativeResultsDirectory="7d0428ed-3545-4080-8123-119586ea6669" />
    <UnitTestResult executionId="67d4387a-47af-4342-bc0a-223e7c643404" testId="42b7badc-0529-085d-3199-10d73310255a" testName="Goedel.XUnit.MakeSiteDocs.TestConfirmation" computerName="VOODOO" duration="00:00:00.1276043" startTime="2021-12-02T13:54:13.5059046-05:00" endTime="2021-12-02T13:54:13.5059048-05:00" testType="13cdc9d9-ddb5-4fa4-a97d-d965ccfc6d4b" outcome="Failed" testListId="8c84fa94-04c1-424b-9868-57a2d4851a1d" relativeResultsDirectory="67d4387a-47af-4342-bc0a-223e7c643404">
      <Output>
        <ErrorInfo>
          <Message>System.NullReferenceException : Object reference not set to an instance of an object.</Message>
          <StackTrace>   at ExampleGenerator.CreateExamples.ServiceConnect() in C:\Users\hallam\Work\mmm\Documentation\MakeSiteDocs\CreateExamples.cs:line 141&#xD;
   at Goedel.XUnit.MakeSiteDocs.TestConfirmation() in C:\Users\hallam\Work\mmm\Testing\Test.MakeSiteDocs\MakeSiteDocs.cs:line 163</StackTrace>
        </ErrorInfo>
      </Output>
    </UnitTestResult>
    <UnitTestResult executionId="d1b8ad99-9f7f-4b47-9555-d431e002661d" testId="0d5152e8-abe8-61a3-636e-44823aced5ff" testName="Goedel.XUnit.ShellTestsAdmin.TestProfileConnectPinExpired" computerName="VOODOO" duration="00:00:01.1948170" startTime="2021-12-02T13:55:11.8287441-05:00" endTime="2021-12-02T13:55:11.8287441-05:00" testType="13cdc9d9-ddb5-4fa4-a97d-d965ccfc6d4b" outcome="Failed" testListId="8c84fa94-04c1-424b-9868-57a2d4851a1d" relativeResultsDirectory="d1b8ad99-9f7f-4b47-9555-d431e002661d">
      <Output>
        <ErrorInfo>
          <Message>Goedel.Mesh.ServiceAdmin.HostNotFound : Configuration for the host ServiceConfig.json could not be found</Message>
          <StackTrace>   at Goedel.Mesh.ServiceAdmin.Configuration.GetHostConfiguration(String id) in C:\Users\hallam\Work\mmm\Mesh\Goedel.Mesh.ServiceAdmin\ServiceDescription.cs:line 135&#xD;
   at Goedel.Mesh.Shell.Host.Shell.HostStart(HostStart Options) in C:\Users\hallam\Work\mmm\Mesh\Goedel.Mesh.Shell.Host\ShellDispatch.cs:line 156&#xD;
   at Goedel.Mesh.Shell.Host.CommandLineInterpreter.Handle_HostStart(DispatchShell DispatchIn, String[] Args, Int32 Index) in C:\Users\hallam\Work\mmm\Mesh\Goedel.Mesh.Shell.Host\anyhost.cs:line 172&#xD;
   at Goedel.Command.CommandLineInterpreterBase.Dispatcher(SortedDictionary`2 Entries, DescribeCommandEntry DefaultCommand, DispatchShell Dispatch, String[] Args, Int32 Index) in C:\Users\hallam\Work\mmm\Libraries\Goedel.Command\Command.cs:line 224&#xD;
   at Goedel.Mesh.Shell.Host.CommandLineInterpreter.MainMethod(Shell Dispatch, String[] Args) in C:\Users\hallam\Work\mmm\Mesh\Goedel.Mesh.Shell.Host\anyhost.cs:line 161&#xD;
   at Goedel.Mesh.Test.TestEnvironmentRdpShell.Host(String command) in C:\Users\hallam\Work\mmm\Testing\Goedel.Mesh.Test\TestEnvironmentCommon.cs:line 121&#xD;
   at Goedel.Mesh.Test.TestEnvironmentRdpShell.StartService() in C:\Users\hallam\Work\mmm\Testing\Goedel.Mesh.Test\TestEnvironmentCommon.cs:line 90&#xD;
   at Goedel.Mesh.Test.TestEnvironmentRdpShell.GetMeshClient(MeshMachineTest meshMachineTest, ICredentialPrivate credential, String service, String accountAddress) in C:\Users\hallam\Work\mmm\Testing\Goedel.Mesh.Test\TestEnvironmentCommon.cs:line 102&#xD;
   at Goedel.Mesh.Test.MeshMachineTest.GetMeshClient(ICredentialPrivate credential, String service, String accountAddress) in C:\Users\hallam\Work\mmm\Testing\Goedel.Mesh.Test\MeshMachineTest.cs:line 88&#xD;
   at Goedel.Mesh.Client.ContextUser.SetService(String accountAddress) in C:\Users\hallam\Work\mmm\Mesh\Goedel.Mesh.Client\ContextUser.cs:line 243&#xD;
   at Goedel.Mesh.Client.MeshHost.ConfigureMesh(String accountAddress, String localName, PrivateKeyUDF accountSeed, ProfileDevice profileDevice, List`1 rights, Boolean create) in C:\Users\hallam\Work\mmm\Mesh\Goedel.Mesh.Client\MeshHost.cs:line 269&#xD;
   at Goedel.Mesh.Shell.Shell.AccountCreate(AccountCreate options) in C:\Users\hallam\Work\mmm\Mesh\Goedel.Mesh.Shell\DispatchAccount.cs:line 68&#xD;
   at Goedel.Mesh.Shell.CommandLineInterpreter.Handle_AccountCreate(DispatchShell DispatchIn, String[] Args, Int32 Index) in C:\Users\hallam\Work\mmm\Mesh\Goedel.Mesh.Shell\meshman.cs:line 520&#xD;
   at Goedel.Command.CommandLineInterpreterBase.Dispatcher(SortedDictionary`2 Entries, DescribeCommandEntry DefaultCommand, DispatchShell Dispatch, String[] Args, Int32 Index) in C:\Users\hallam\Work\mmm\Libraries\Goedel.Command\Command.cs:line 224&#xD;
   at Goedel.Command.CommandLineInterpreterBase.Dispatcher(SortedDictionary`2 Entries, DescribeCommandEntry DefaultCommand, DispatchShell Dispatch, String[] Args, Int32 Index) in C:\Users\hallam\Work\mmm\Libraries\Goedel.Command\Command.cs:line 228&#xD;
   at Goedel.Mesh.Test.TestCLI.Dispatch(String command, Boolean fail) in C:\Users\hallam\Work\mmm\Testing\Goedel.Mesh.Test\TestShell.cs:line 241&#xD;
   at Goedel.XUnit.ShellTests.TestProfileConnectPinExpired() in C:\Users\hallam\Work\mmm\Testing\Goedel.Mesh.Shell.Test-xunit\TestProfile.cs:line 146</StackTrace>
        </ErrorInfo>
      </Output>
    </UnitTestResult>
    <UnitTestResult executionId="e91b3745-322c-4567-98fe-4c659dbccba4" testId="7adf7177-6e0b-3816-af74-7a87553252d9" testName="Goedel.XUnit.TestSplit.TestKey(bits: 32, hexData: &quot;FFFFFFFF&quot;)" computerName="VOODOO" duration="00:00:00.0394243" startTime="2021-12-02T13:54:15.5485141-05:00" endTime="2021-12-02T13:54:15.5485144-05:00" testType="13cdc9d9-ddb5-4fa4-a97d-d965ccfc6d4b" outcome="Passed" testListId="8c84fa94-04c1-424b-9868-57a2d4851a1d" relativeResultsDirectory="e91b3745-322c-4567-98fe-4c659dbccba4" />
    <UnitTestResult executionId="536e597e-db54-489e-ba89-44dad6aa9b17" testId="98b2fb19-c834-a070-9c5b-64f925108221" testName="Goedel.XUnit.GoedelCryptography.TestAES_NIST" computerName="VOODOO" duration="00:00:00.0013197" startTime="2021-12-02T13:54:13.6171687-05:00" endTime="2021-12-02T13:54:13.6171688-05:00" testType="13cdc9d9-ddb5-4fa4-a97d-d965ccfc6d4b" outcome="Passed" testListId="8c84fa94-04c1-424b-9868-57a2d4851a1d" relativeResultsDirectory="536e597e-db54-489e-ba89-44dad6aa9b17" />
    <UnitTestResult executionId="0621f03a-7fc8-4aa1-aa3b-d84f1d4aac74" testId="e6033fda-7380-66ab-ffa2-91ff5a1d7a20" testName="Goedel.XUnit.TestService.MeshDeviceConnectDynamicQR" computerName="VOODOO" duration="00:00:01.2290767" startTime="2021-12-02T13:54:51.1161438-05:00" endTime="2021-12-02T13:54:51.1161440-05:00" testType="13cdc9d9-ddb5-4fa4-a97d-d965ccfc6d4b" outcome="Failed" testListId="8c84fa94-04c1-424b-9868-57a2d4851a1d" relativeResultsDirectory="0621f03a-7fc8-4aa1-aa3b-d84f1d4aac74">
      <Output>
        <ErrorInfo>
          <Message>System.NullReferenceException : Object reference not set to an instance of an object.</Message>
          <StackTrace>   at Goedel.Mesh.Server.PublicMeshService..ctor(IMeshMachine meshMachine, ServiceConfiguration serviceConfiguration, HostConfiguration hostConfiguration) in C:\Users\hallam\Work\mmm\Mesh\Goedel.Mesh.Server\MeshDispatch.cs:line 136&#xD;
   at Goedel.Mesh.Test.TestEnvironmentCommon.get_MeshService() in C:\Users\hallam\Work\mmm\Testing\Goedel.Mesh.Test\TestEnvironmentCommon.cs:line 203&#xD;
   at Goedel.Mesh.Test.TestEnvironmentCommon.GetMeshClient(MeshMachineTest meshMachineTest, ICredentialPrivate credential, String serviceId, String accountAddress) in C:\Users\hallam\Work\mmm\Testing\Goedel.Mesh.Test\TestEnvironmentCommon.cs:line 222&#xD;
   at Goedel.Mesh.Test.MeshMachineTest.GetMeshClient(ICredentialPrivate credential, String service, String accountAddress) in C:\Users\hallam\Work\mmm\Testing\Goedel.Mesh.Test\MeshMachineTest.cs:line 88&#xD;
   at Goedel.Mesh.Client.ContextUser.SetService(String accountAddress) in C:\Users\hallam\Work\mmm\Mesh\Goedel.Mesh.Client\ContextUser.cs:line 243&#xD;
   at Goedel.Mesh.Client.MeshHost.ConfigureMesh(String accountAddress, String localName, PrivateKeyUDF accountSeed, ProfileDevice profileDevice, List`1 rights, Boolean create) in C:\Users\hallam\Work\mmm\Mesh\Goedel.Mesh.Client\MeshHost.cs:line 269&#xD;
   at Goedel.Mesh.Test.MeshMachineTest.GenerateAccountUser(TestEnvironmentCommon testEnvironmentCommon, String machineName, String accountAddress, String localName) in C:\Users\hallam\Work\mmm\Testing\Goedel.Mesh.Test\MeshMachineTest.cs:line 120&#xD;
   at Goedel.XUnit.TestService.MeshDeviceConnectDynamicQR() in C:\Users\hallam\Work\mmm\Testing\Goedel.Mesh.Protocol.Test-xunit\TestService.cs:line 330</StackTrace>
        </ErrorInfo>
      </Output>
    </UnitTestResult>
    <UnitTestResult executionId="8a247d78-472e-41cf-849c-b9a9e0b98f9d" testId="6d7414eb-322c-97f9-a008-3b9c4f79e8d6" testName="Goedel.XUnit.MakeSiteDocs.GroupTests" computerName="VOODOO" duration="00:00:00.2597762" startTime="2021-12-02T13:54:14.0906363-05:00" endTime="2021-12-02T13:54:14.0906365-05:00" testType="13cdc9d9-ddb5-4fa4-a97d-d965ccfc6d4b" outcome="Failed" testListId="8c84fa94-04c1-424b-9868-57a2d4851a1d" relativeResultsDirectory="8a247d78-472e-41cf-849c-b9a9e0b98f9d">
      <Output>
        <ErrorInfo>
          <Message>System.NullReferenceException : Object reference not set to an instance of an object.</Message>
          <StackTrace>   at ExampleGenerator.CreateExamples.ServiceConnect() in C:\Users\hallam\Work\mmm\Documentation\MakeSiteDocs\CreateExamples.cs:line 141&#xD;
   at Goedel.XUnit.MakeSiteDocs.GroupTests() in C:\Users\hallam\Work\mmm\Testing\Test.MakeSiteDocs\MakeSiteDocs.cs:line 170</StackTrace>
        </ErrorInfo>
      </Output>
    </UnitTestResult>
    <UnitTestResult executionId="4316541f-c397-45df-b0cb-8827c430e9c3" testId="2145bc1c-a6f5-1449-fea4-a588f5d27bef" testName="Goedel.XUnit.TestLifecycle.Test_LifecycleEphemeral(CryptoAlgorithmID: Signature, KeySize: 2048)" computerName="VOODOO" duration="00:00:00.3771895" startTime="2021-12-02T13:54:16.9331303-05:00" endTime="2021-12-02T13:54:16.9331304-05:00" testType="13cdc9d9-ddb5-4fa4-a97d-d965ccfc6d4b" outcome="Passed" testListId="8c84fa94-04c1-424b-9868-57a2d4851a1d" relativeResultsDirectory="4316541f-c397-45df-b0cb-8827c430e9c3" />
    <UnitTestResult executionId="0ad827d2-1188-4098-b9e9-3723504e949e" testId="9c43b42d-bf69-ad68-f3e5-e3a365222346" testName="Goedel.XUnit.Utilities.BaseConversionsToString" computerName="VOODOO" duration="00:00:00.0007783" startTime="2021-12-02T13:54:13.1162395-05:00" endTime="2021-12-02T13:54:13.1162396-05:00" testType="13cdc9d9-ddb5-4fa4-a97d-d965ccfc6d4b" outcome="Passed" testListId="8c84fa94-04c1-424b-9868-57a2d4851a1d" relativeResultsDirectory="0ad827d2-1188-4098-b9e9-3723504e949e" />
    <UnitTestResult executionId="f88c968c-224e-4853-a6d6-e19f21cc12f2" testId="85a192ce-e6f3-30ed-c777-aae7971c7955" testName="Goedel.XUnit.ServiceDiscovery.TestDNSMultiple(count: 20)" computerName="VOODOO" duration="00:00:00.0426312" startTime="2021-12-02T13:54:09.2368613-05:00" endTime="2021-12-02T13:54:09.2368615-05:00" testType="13cdc9d9-ddb5-4fa4-a97d-d965ccfc6d4b" outcome="Passed" testListId="8c84fa94-04c1-424b-9868-57a2d4851a1d" relativeResultsDirectory="f88c968c-224e-4853-a6d6-e19f21cc12f2" />
    <UnitTestResult executionId="0f535064-1242-430f-a5d2-560dabf9b0b9" testId="02338a89-ea10-2a5a-7676-cfc27689a59a" testName="Goedel.XUnit.ServiceDiscovery.TestDNS" computerName="VOODOO" duration="00:00:00.3756830" startTime="2021-12-02T13:54:09.1943114-05:00" endTime="2021-12-02T13:54:09.1943379-05:00" testType="13cdc9d9-ddb5-4fa4-a97d-d965ccfc6d4b" outcome="Passed" testListId="8c84fa94-04c1-424b-9868-57a2d4851a1d" relativeResultsDirectory="0f535064-1242-430f-a5d2-560dabf9b0b9" />
    <UnitTestResult executionId="d4c5afec-82b9-4442-9eae-acc005e176ef" testId="0dcd6ac6-8094-c800-0a2c-2a5d7d182d33" testName="Goedel.XUnit.ShellTestsAdmin.TestRandom(bits: 128)" computerName="VOODOO" duration="00:00:00.0045069" startTime="2021-12-02T13:54:26.6845828-05:00" endTime="2021-12-02T13:54:26.6845831-05:00" testType="13cdc9d9-ddb5-4fa4-a97d-d965ccfc6d4b" outcome="Passed" testListId="8c84fa94-04c1-424b-9868-57a2d4851a1d" relativeResultsDirectory="d4c5afec-82b9-4442-9eae-acc005e176ef" />
    <UnitTestResult executionId="09b04c2f-594d-4231-b078-b94a2a7997f4" testId="13416e35-3498-dba8-820a-4f6332f15411" testName="Goedel.XUnit.TestLifecycle.Test_LifecycleExportable(CryptoAlgorithmID: X25519, KeySize: 2048)" computerName="VOODOO" duration="00:00:00.0371497" startTime="2021-12-02T13:54:15.1557413-05:00" endTime="2021-12-02T13:54:15.1557416-05:00" testType="13cdc9d9-ddb5-4fa4-a97d-d965ccfc6d4b" outcome="Passed" testListId="8c84fa94-04c1-424b-9868-57a2d4851a1d" relativeResultsDirectory="09b04c2f-594d-4231-b078-b94a2a7997f4" />
    <UnitTestResult executionId="8c25b69a-5dc0-4bc5-9ec4-cd51862a485c" testId="b15b515b-6d21-fda3-8c2c-77e10978c209" testName="Goedel.XUnit.TestSplit.TestShares(N: 1, K: 1)" computerName="VOODOO" duration="00:00:00.0609431" startTime="2021-12-02T13:54:13.7872002-05:00" endTime="2021-12-02T13:54:13.7872005-05:00" testType="13cdc9d9-ddb5-4fa4-a97d-d965ccfc6d4b" outcome="Passed" testListId="8c84fa94-04c1-424b-9868-57a2d4851a1d" relativeResultsDirectory="8c25b69a-5dc0-4bc5-9ec4-cd51862a485c" />
    <UnitTestResult executionId="1511dd7d-16ac-4fe3-a646-4cf1135aa9ad" testId="6f6b82f8-ebd8-029a-4048-4f1c46c47a05" testName="Goedel.XUnit.ShellTests.TestCommitmentRandom" computerName="VOODOO" duration="00:00:00.0099998" startTime="2021-12-02T13:54:52.0753928-05:00" endTime="2021-12-02T13:54:52.0753929-05:00" testType="13cdc9d9-ddb5-4fa4-a97d-d965ccfc6d4b" outcome="Passed" testListId="8c84fa94-04c1-424b-9868-57a2d4851a1d" relativeResultsDirectory="1511dd7d-16ac-4fe3-a646-4cf1135aa9ad" />
    <UnitTestResult executionId="fbabcbc3-c4ce-4715-bc95-b3227a400e98" testId="5e8f73df-e3c7-2a95-f5fd-31ab91a32a29" testName="Goedel.XUnit.TestService.TestCredentialAccountFails(dataValidity: CorruptPayload)" computerName="VOODOO" duration="00:00:01.0395454" startTime="2021-12-02T13:54:42.3507610-05:00" endTime="2021-12-02T13:54:42.3507613-05:00" testType="13cdc9d9-ddb5-4fa4-a97d-d965ccfc6d4b" outcome="Failed" testListId="8c84fa94-04c1-424b-9868-57a2d4851a1d" relativeResultsDirectory="fbabcbc3-c4ce-4715-bc95-b3227a400e98">
      <Output>
        <ErrorInfo>
          <Message>System.NullReferenceException : Object reference not set to an instance of an object.</Message>
          <StackTrace>   at Goedel.Mesh.Server.PublicMeshService..ctor(IMeshMachine meshMachine, ServiceConfiguration serviceConfiguration, HostConfiguration hostConfiguration) in C:\Users\hallam\Work\mmm\Mesh\Goedel.Mesh.Server\MeshDispatch.cs:line 136&#xD;
   at Goedel.Mesh.Test.TestEnvironmentCommon.get_MeshService() in C:\Users\hallam\Work\mmm\Testing\Goedel.Mesh.Test\TestEnvironmentCommon.cs:line 203&#xD;
   at Goedel.Mesh.Test.TestEnvironmentCommon.GetMeshClient(MeshMachineTest meshMachineTest, ICredentialPrivate credential, String serviceId, String accountAddress) in C:\Users\hallam\Work\mmm\Testing\Goedel.Mesh.Test\TestEnvironmentCommon.cs:line 222&#xD;
   at Goedel.Mesh.Test.MeshMachineTest.GetMeshClient(ICredentialPrivate credential, String service, String accountAddress) in C:\Users\hallam\Work\mmm\Testing\Goedel.Mesh.Test\MeshMachineTest.cs:line 88&#xD;
   at Goedel.Mesh.Client.ContextUser.SetService(String accountAddress) in C:\Users\hallam\Work\mmm\Mesh\Goedel.Mesh.Client\ContextUser.cs:line 243&#xD;
   at Goedel.Mesh.Client.MeshHost.ConfigureMesh(String accountAddress, String localName, PrivateKeyUDF accountSeed, ProfileDevice profileDevice, List`1 rights, Boolean create) in C:\Users\hallam\Work\mmm\Mesh\Goedel.Mesh.Client\MeshHost.cs:line 269&#xD;
   at Goedel.Mesh.Test.MeshMachineTest.GenerateAccountUser(TestEnvironmentCommon testEnvironmentCommon, String machineName, String accountAddress, String localName) in C:\Users\hallam\Work\mmm\Testing\Goedel.Mesh.Test\MeshMachineTest.cs:line 120&#xD;
   at Goedel.XUnit.TestService.TestCredentialAccountFails(DataValidity dataValidity) in C:\Users\hallam\Work\mmm\Testing\Goedel.Mesh.Protocol.Test-xunit\MeshCredential.cs:line 129</StackTrace>
        </ErrorInfo>
      </Output>
    </UnitTestResult>
    <UnitTestResult executionId="89706824-01de-49f2-a7b9-ce6a05a993c5" testId="ce9f3239-f496-fb9d-5438-1d256cea7f19" testName="Goedel.XUnit.ShellTestsAdmin.TestEscrowChangeDevice" computerName="VOODOO" duration="00:00:01.9730587" startTime="2021-12-02T13:54:52.4671450-05:00" endTime="2021-12-02T13:54:52.4671451-05:00" testType="13cdc9d9-ddb5-4fa4-a97d-d965ccfc6d4b" outcome="Failed" testListId="8c84fa94-04c1-424b-9868-57a2d4851a1d" relativeResultsDirectory="89706824-01de-49f2-a7b9-ce6a05a993c5">
      <Output>
        <ErrorInfo>
          <Message>System.NullReferenceException : Object reference not set to an instance of an object.</Message>
          <StackTrace>   at Goedel.XUnit.ShellTests.TestEscrowChangeDevice() in C:\Users\hallam\Work\mmm\Testing\Goedel.Mesh.Shell.Test-xunit\TestAccount.cs:line 101</StackTrace>
        </ErrorInfo>
      </Output>
    </UnitTestResult>
    <UnitTestResult executionId="50e03d79-b603-4506-b701-65aedc209243" testId="170adc6f-aa2f-bd7a-2620-25b6c897cc58" testName="Goedel.XUnit.ShellTests.TestKey(bits: 128)" computerName="VOODOO" duration="00:00:00.0024841" startTime="2021-12-02T13:54:12.0866834-05:00" endTime="2021-12-02T13:54:12.0866835-05:00" testType="13cdc9d9-ddb5-4fa4-a97d-d965ccfc6d4b" outcome="Passed" testListId="8c84fa94-04c1-424b-9868-57a2d4851a1d" relativeResultsDirectory="50e03d79-b603-4506-b701-65aedc209243" />
    <UnitTestResult executionId="107027e2-b159-41f3-a0ba-517b32c12dad" testId="3a4cf5c8-4a2f-976a-228d-eab1202aef75" testName="Goedel.XUnit.TestGoedelCryptography.KeyPairX448AgreeX" computerName="VOODOO" duration="00:00:00.0245944" startTime="2021-12-02T13:55:19.0762860-05:00" endTime="2021-12-02T13:55:19.0762861-05:00" testType="13cdc9d9-ddb5-4fa4-a97d-d965ccfc6d4b" outcome="Passed" testListId="8c84fa94-04c1-424b-9868-57a2d4851a1d" relativeResultsDirectory="107027e2-b159-41f3-a0ba-517b32c12dad" />
    <UnitTestResult executionId="42ff452a-7027-4c82-90c6-2a98bcb13645" testId="c135980d-8053-b417-1abd-cdb9e755e79a" testName="Goedel.XUnit.ShellTestsAdmin.TestEscrowDeleteDevice" computerName="VOODOO" duration="00:00:01.1575829" startTime="2021-12-02T13:55:02.9948451-05:00" endTime="2021-12-02T13:55:02.9948452-05:00" testType="13cdc9d9-ddb5-4fa4-a97d-d965ccfc6d4b" outcome="Failed" testListId="8c84fa94-04c1-424b-9868-57a2d4851a1d" relativeResultsDirectory="42ff452a-7027-4c82-90c6-2a98bcb13645">
      <Output>
        <ErrorInfo>
          <Message>System.NullReferenceException : Object reference not set to an instance of an object.</Message>
          <StackTrace>   at Goedel.XUnit.ShellTests.TestEscrowDeleteDevice() in C:\Users\hallam\Work\mmm\Testing\Goedel.Mesh.Shell.Test-xunit\TestAccount.cs:line 118</StackTrace>
        </ErrorInfo>
      </Output>
    </UnitTestResult>
    <UnitTestResult executionId="816cd9e6-8d64-44ed-b4ce-a71631820d4d" testId="b7804ac4-1278-f4e7-db6d-32aa2b476729" testName="Goedel.XUnit.TestService.TestProfileFails(dataValidity: CorruptSigner)" computerName="VOODOO" duration="00:00:01.4844316" startTime="2021-12-02T13:54:13.1127425-05:00" endTime="2021-12-02T13:54:13.1127427-05:00" testType="13cdc9d9-ddb5-4fa4-a97d-d965ccfc6d4b" outcome="Failed" testListId="8c84fa94-04c1-424b-9868-57a2d4851a1d" relativeResultsDirectory="816cd9e6-8d64-44ed-b4ce-a71631820d4d">
      <Output>
        <ErrorInfo>
          <Message>System.NullReferenceException : Object reference not set to an instance of an object.</Message>
          <StackTrace>   at Goedel.Mesh.Server.PublicMeshService..ctor(IMeshMachine meshMachine, ServiceConfiguration serviceConfiguration, HostConfiguration hostConfiguration) in C:\Users\hallam\Work\mmm\Mesh\Goedel.Mesh.Server\MeshDispatch.cs:line 136&#xD;
   at Goedel.Mesh.Test.TestEnvironmentCommon.get_MeshService() in C:\Users\hallam\Work\mmm\Testing\Goedel.Mesh.Test\TestEnvironmentCommon.cs:line 203&#xD;
   at Goedel.Mesh.Test.TestEnvironmentCommon.GetMeshClient(MeshMachineTest meshMachineTest, ICredentialPrivate credential, String serviceId, String accountAddress) in C:\Users\hallam\Work\mmm\Testing\Goedel.Mesh.Test\TestEnvironmentCommon.cs:line 222&#xD;
   at Goedel.Mesh.Test.MeshMachineTest.GetMeshClient(ICredentialPrivate credential, String service, String accountAddress) in C:\Users\hallam\Work\mmm\Testing\Goedel.Mesh.Test\MeshMachineTest.cs:line 88&#xD;
   at Goedel.Mesh.Client.ContextUser.SetService(String accountAddress) in C:\Users\hallam\Work\mmm\Mesh\Goedel.Mesh.Client\ContextUser.cs:line 243&#xD;
   at Goedel.Mesh.Client.MeshHost.ConfigureMesh(String accountAddress, String localName, PrivateKeyUDF accountSeed, ProfileDevice profileDevice, List`1 rights, Boolean create) in C:\Users\hallam\Work\mmm\Mesh\Goedel.Mesh.Client\MeshHost.cs:line 269&#xD;
   at Goedel.Mesh.Test.MeshMachineTest.GenerateAccountUser(TestEnvironmentCommon testEnvironmentCommon, String machineName, String accountAddress, String localName) in C:\Users\hallam\Work\mmm\Testing\Goedel.Mesh.Test\MeshMachineTest.cs:line 120&#xD;
   at Goedel.XUnit.TestService.TestProfileFails(DataValidity dataValidity) in C:\Users\hallam\Work\mmm\Testing\Goedel.Mesh.Protocol.Test-xunit\MeshCredential.cs:line 160</StackTrace>
        </ErrorInfo>
      </Output>
    </UnitTestResult>
    <UnitTestResult executionId="a95d4383-6e12-431b-9e2e-ca281098fca8" testId="fa804714-c47b-ab3d-7149-23e6c1cc1170" testName="Goedel.XUnit.ShellTests.TestLog" computerName="VOODOO" duration="00:00:01.1550303" startTime="2021-12-02T13:54:50.9126947-05:00" endTime="2021-12-02T13:54:50.9126949-05:00" testType="13cdc9d9-ddb5-4fa4-a97d-d965ccfc6d4b" outcome="Failed" testListId="8c84fa94-04c1-424b-9868-57a2d4851a1d" relativeResultsDirectory="a95d4383-6e12-431b-9e2e-ca281098fca8">
      <Output>
        <ErrorInfo>
          <Message>System.NullReferenceException : Object reference not set to an instance of an object.</Message>
          <StackTrace>   at Goedel.Mesh.Server.PublicMeshService..ctor(IMeshMachine meshMachine, ServiceConfiguration serviceConfiguration, HostConfiguration hostConfiguration) in C:\Users\hallam\Work\mmm\Mesh\Goedel.Mesh.Server\MeshDispatch.cs:line 136&#xD;
   at Goedel.Mesh.Test.TestEnvironmentCommon.get_MeshService() in C:\Users\hallam\Work\mmm\Testing\Goedel.Mesh.Test\TestEnvironmentCommon.cs:line 203&#xD;
   at Goedel.Mesh.Test.TestEnvironmentCommon.GetMeshClient(MeshMachineTest meshMachineTest, ICredentialPrivate credential, String serviceId, String accountAddress) in C:\Users\hallam\Work\mmm\Testing\Goedel.Mesh.Test\TestEnvironmentCommon.cs:line 222&#xD;
   at Goedel.Mesh.Test.MeshMachineTest.GetMeshClient(ICredentialPrivate credential, String service, String accountAddress) in C:\Users\hallam\Work\mmm\Testing\Goedel.Mesh.Test\MeshMachineTest.cs:line 88&#xD;
   at Goedel.Mesh.Client.ContextUser.SetService(String accountAddress) in C:\Users\hallam\Work\mmm\Mesh\Goedel.Mesh.Client\ContextUser.cs:line 243&#xD;
   at Goedel.Mesh.Client.MeshHost.ConfigureMesh(String accountAddress, String localName, PrivateKeyUDF accountSeed, ProfileDevice profileDevice, List`1 rights, Boolean create) in C:\Users\hallam\Work\mmm\Mesh\Goedel.Mesh.Client\MeshHost.cs:line 269&#xD;
   at Goedel.Mesh.Shell.Shell.AccountCreate(AccountCreate options) in C:\Users\hallam\Work\mmm\Mesh\Goedel.Mesh.Shell\DispatchAccount.cs:line 68&#xD;
   at Goedel.Mesh.Shell.CommandLineInterpreter.Handle_AccountCreate(DispatchShell DispatchIn, String[] Args, Int32 Index) in C:\Users\hallam\Work\mmm\Mesh\Goedel.Mesh.Shell\meshman.cs:line 520&#xD;
   at Goedel.Command.CommandLineInterpreterBase.Dispatcher(SortedDictionary`2 Entries, DescribeCommandEntry DefaultCommand, DispatchShell Dispatch, String[] Args, Int32 Index) in C:\Users\hallam\Work\mmm\Libraries\Goedel.Command\Command.cs:line 224&#xD;
   at Goedel.Command.CommandLineInterpreterBase.Dispatcher(SortedDictionary`2 Entries, DescribeCommandEntry DefaultCommand, DispatchShell Dispatch, String[] Args, Int32 Index) in C:\Users\hallam\Work\mmm\Libraries\Goedel.Command\Command.cs:line 228&#xD;
   at Goedel.Mesh.Test.TestCLI.Dispatch(String command, Boolean fail) in C:\Users\hallam\Work\mmm\Testing\Goedel.Mesh.Test\TestShell.cs:line 241&#xD;
   at Goedel.XUnit.ShellTests.Dispatch(String command, Boolean fail) in C:\Users\hallam\Work\mmm\Testing\Goedel.Mesh.Shell.Test-xunit\Base.cs:line 159&#xD;
   at Goedel.XUnit.ShellTests.CreateAccount(String account) in C:\Users\hallam\Work\mmm\Testing\Goedel.Mesh.Shell.Test-xunit\Base.cs:line 162&#xD;
   at Goedel.XUnit.ShellTests.LogTest(Int32[] counts, String encrypt, String sign) in C:\Users\hallam\Work\mmm\Testing\Goedel.Mesh.Shell.Test-xunit\TestDare.cs:line 219&#xD;
   at Goedel.XUnit.ShellTests.TestLog() in C:\Users\hallam\Work\mmm\Testing\Goedel.Mesh.Shell.Test-xunit\TestDare.cs:line 116</StackTrace>
        </ErrorInfo>
      </Output>
    </UnitTestResult>
    <UnitTestResult executionId="94a32d01-dbd2-4375-8d16-e7e85efeb177" testId="88ed7c87-6a65-36f3-363b-a22f4ac821e8" testName="Goedel.XUnit.TestCryptography.TestDH_ReadKey" computerName="VOODOO" duration="00:00:00.0047558" startTime="2021-12-02T13:55:30.6879217-05:00" endTime="2021-12-02T13:55:30.6879219-05:00" testType="13cdc9d9-ddb5-4fa4-a97d-d965ccfc6d4b" outcome="Passed" testListId="8c84fa94-04c1-424b-9868-57a2d4851a1d" relativeResultsDirectory="94a32d01-dbd2-4375-8d16-e7e85efeb177" />
    <UnitTestResult executionId="935db448-9a0f-40cb-8d3b-4476bf0e5a70" testId="b737fe06-d8fc-92fd-5280-a8e1601ec2d8" testName="Goedel.XUnit.TestAsymmetric.TestRFC8032(Test: TestVectorAsymmetric { Algorithm = Ed448, Context = null, ContextData = null, Message = &quot;\r\n   03&quot;, MessageData = [3], ... })" computerName="VOODOO" duration="00:00:00.2283166" startTime="2021-12-02T13:54:15.4925296-05:00" endTime="2021-12-02T13:54:15.4925337-05:00" testType="13cdc9d9-ddb5-4fa4-a97d-d965ccfc6d4b" outcome="Passed" testListId="8c84fa94-04c1-424b-9868-57a2d4851a1d" relativeResultsDirectory="935db448-9a0f-40cb-8d3b-4476bf0e5a70" />
    <UnitTestResult executionId="2746f6fc-a9d9-4039-a31e-e243a7ac507b" testId="9020e801-d306-7d29-e6f9-a5752c8b9898" testName="Goedel.XUnit.TestService.KeyShareTestCapability(cryptoAlgorithmId: Ed448)" computerName="VOODOO" duration="00:00:00.2255703" startTime="2021-12-02T13:54:20.7256963-05:00" endTime="2021-12-02T13:54:20.7256966-05:00" testType="13cdc9d9-ddb5-4fa4-a97d-d965ccfc6d4b" outcome="Passed" testListId="8c84fa94-04c1-424b-9868-57a2d4851a1d" relativeResultsDirectory="2746f6fc-a9d9-4039-a31e-e243a7ac507b" />
    <UnitTestResult executionId="e8fc3cb2-526f-4d94-9ec8-a82165a41f1a" testId="cdc90e47-1878-7922-04c0-86650df5a6ce" testName="Goedel.XUnit.ShellTestsAdmin.TestFilePlain" computerName="VOODOO" duration="00:00:00.0296270" startTime="2021-12-02T13:54:32.4671301-05:00" endTime="2021-12-02T13:54:32.4671302-05:00" testType="13cdc9d9-ddb5-4fa4-a97d-d965ccfc6d4b" outcome="Passed" testListId="8c84fa94-04c1-424b-9868-57a2d4851a1d" relativeResultsDirectory="e8fc3cb2-526f-4d94-9ec8-a82165a41f1a" />
    <UnitTestResult executionId="14b822bb-8633-4cd9-b587-37806f1eb39d" testId="bc45c25b-8988-5103-c208-d89a93f82fa2" testName="Goedel.XUnit.TestSplit.TestShares(N: 4, K: 2)" computerName="VOODOO" duration="00:00:00.1626396" startTime="2021-12-02T13:54:14.4234921-05:00" endTime="2021-12-02T13:54:14.4234926-05:00" testType="13cdc9d9-ddb5-4fa4-a97d-d965ccfc6d4b" outcome="Passed" testListId="8c84fa94-04c1-424b-9868-57a2d4851a1d" relativeResultsDirectory="14b822bb-8633-4cd9-b587-37806f1eb39d" />
    <UnitTestResult executionId="ad0ab0d1-fd8a-45a7-8c22-1c98b416e97e" testId="a5d42cf1-88fe-1cac-c2a5-c65452c77b2b" testName="Goedel.XUnit.TestGoedelCryptography.UDFKeyGen(Test: TestVectorUDFKeyGen { KeyUses = DigitalSignature, ResultUDF = &quot;MAHJ-HXR2-YQVB-J5BB-6JFA-A4NF-XX65&quot;, Seed = &quot;test2&quot;, UdfAlgorithmIdentifier = Ed448 })" computerName="VOODOO" duration="00:00:00.0120299" startTime="2021-12-02T13:55:23.2086153-05:00" endTime="2021-12-02T13:55:23.2086155-05:00" testType="13cdc9d9-ddb5-4fa4-a97d-d965ccfc6d4b" outcome="Passed" testListId="8c84fa94-04c1-424b-9868-57a2d4851a1d" relativeResultsDirectory="ad0ab0d1-fd8a-45a7-8c22-1c98b416e97e" />
    <UnitTestResult executionId="4e5db5c6-c0e2-436f-ac91-12f1bd76c900" testId="02226e15-e193-96ac-0c14-0602036bd9db" testName="Goedel.XUnit.MakeSiteDocs.CreateMail" computerName="VOODOO" duration="00:00:00.1185544" startTime="2021-12-02T13:54:13.3774776-05:00" endTime="2021-12-02T13:54:13.3774778-05:00" testType="13cdc9d9-ddb5-4fa4-a97d-d965ccfc6d4b" outcome="Failed" testListId="8c84fa94-04c1-424b-9868-57a2d4851a1d" relativeResultsDirectory="4e5db5c6-c0e2-436f-ac91-12f1bd76c900">
      <Output>
        <ErrorInfo>
          <Message>System.NullReferenceException : Object reference not set to an instance of an object.</Message>
          <StackTrace>   at ExampleGenerator.CreateExamples.ServiceConnect() in C:\Users\hallam\Work\mmm\Documentation\MakeSiteDocs\CreateExamples.cs:line 141&#xD;
   at Goedel.XUnit.MakeSiteDocs.CreateMail() in C:\Users\hallam\Work\mmm\Testing\Test.MakeSiteDocs\MakeSiteDocs.cs:line 147</StackTrace>
        </ErrorInfo>
      </Output>
    </UnitTestResult>
    <UnitTestResult executionId="7a67cafe-4fcd-4d0e-af9f-f16a063d5264" testId="ec47e92d-36c1-e927-b879-6c90327af538" testName="Goedel.XUnit.TestLifecycle.Test_LifecycleMaster(CryptoAlgorithmID: X448, KeySize: 2048)" computerName="VOODOO" duration="00:00:00.0810614" startTime="2021-12-02T13:54:18.1056593-05:00" endTime="2021-12-02T13:54:18.1056596-05:00" testType="13cdc9d9-ddb5-4fa4-a97d-d965ccfc6d4b" outcome="Passed" testListId="8c84fa94-04c1-424b-9868-57a2d4851a1d" relativeResultsDirectory="7a67cafe-4fcd-4d0e-af9f-f16a063d5264" />
    <UnitTestResult executionId="f5af9780-8f66-4c14-a9e2-808d43bdc7d1" testId="db52dc59-d39f-d614-9c7f-58faf3967155" testName="Goedel.XUnit.ShellTestsAdmin.TestProfileConnectPinInvalid" computerName="VOODOO" duration="00:00:01.2440492" startTime="2021-12-02T13:54:58.0627030-05:00" endTime="2021-12-02T13:54:58.0627031-05:00" testType="13cdc9d9-ddb5-4fa4-a97d-d965ccfc6d4b" outcome="Failed" testListId="8c84fa94-04c1-424b-9868-57a2d4851a1d" relativeResultsDirectory="f5af9780-8f66-4c14-a9e2-808d43bdc7d1">
      <Output>
        <ErrorInfo>
          <Message>Goedel.Mesh.ServiceAdmin.HostNotFound : Configuration for the host ServiceConfig.json could not be found</Message>
          <StackTrace>   at Goedel.Mesh.ServiceAdmin.Configuration.GetHostConfiguration(String id) in C:\Users\hallam\Work\mmm\Mesh\Goedel.Mesh.ServiceAdmin\ServiceDescription.cs:line 135&#xD;
   at Goedel.Mesh.Shell.Host.Shell.HostStart(HostStart Options) in C:\Users\hallam\Work\mmm\Mesh\Goedel.Mesh.Shell.Host\ShellDispatch.cs:line 156&#xD;
   at Goedel.Mesh.Shell.Host.CommandLineInterpreter.Handle_HostStart(DispatchShell DispatchIn, String[] Args, Int32 Index) in C:\Users\hallam\Work\mmm\Mesh\Goedel.Mesh.Shell.Host\anyhost.cs:line 172&#xD;
   at Goedel.Command.CommandLineInterpreterBase.Dispatcher(SortedDictionary`2 Entries, DescribeCommandEntry DefaultCommand, DispatchShell Dispatch, String[] Args, Int32 Index) in C:\Users\hallam\Work\mmm\Libraries\Goedel.Command\Command.cs:line 224&#xD;
   at Goedel.Mesh.Shell.Host.CommandLineInterpreter.MainMethod(Shell Dispatch, String[] Args) in C:\Users\hallam\Work\mmm\Mesh\Goedel.Mesh.Shell.Host\anyhost.cs:line 161&#xD;
   at Goedel.Mesh.Test.TestEnvironmentRdpShell.Host(String command) in C:\Users\hallam\Work\mmm\Testing\Goedel.Mesh.Test\TestEnvironmentCommon.cs:line 121&#xD;
   at Goedel.Mesh.Test.TestEnvironmentRdpShell.StartService() in C:\Users\hallam\Work\mmm\Testing\Goedel.Mesh.Test\TestEnvironmentCommon.cs:line 90&#xD;
   at Goedel.Mesh.Test.TestEnvironmentRdpShell.GetMeshClient(MeshMachineTest meshMachineTest, ICredentialPrivate credential, String service, String accountAddress) in C:\Users\hallam\Work\mmm\Testing\Goedel.Mesh.Test\TestEnvironmentCommon.cs:line 102&#xD;
   at Goedel.Mesh.Test.MeshMachineTest.GetMeshClient(ICredentialPrivate credential, String service, String accountAddress) in C:\Users\hallam\Work\mmm\Testing\Goedel.Mesh.Test\MeshMachineTest.cs:line 88&#xD;
   at Goedel.Mesh.Client.ContextUser.SetService(String accountAddress) in C:\Users\hallam\Work\mmm\Mesh\Goedel.Mesh.Client\ContextUser.cs:line 243&#xD;
   at Goedel.Mesh.Client.MeshHost.ConfigureMesh(String accountAddress, String localName, PrivateKeyUDF accountSeed, ProfileDevice profileDevice, List`1 rights, Boolean create) in C:\Users\hallam\Work\mmm\Mesh\Goedel.Mesh.Client\MeshHost.cs:line 269&#xD;
   at Goedel.Mesh.Shell.Shell.AccountCreate(AccountCreate options) in C:\Users\hallam\Work\mmm\Mesh\Goedel.Mesh.Shell\DispatchAccount.cs:line 68&#xD;
   at Goedel.Mesh.Shell.CommandLineInterpreter.Handle_AccountCreate(DispatchShell DispatchIn, String[] Args, Int32 Index) in C:\Users\hallam\Work\mmm\Mesh\Goedel.Mesh.Shell\meshman.cs:line 520&#xD;
   at Goedel.Command.CommandLineInterpreterBase.Dispatcher(SortedDictionary`2 Entries, DescribeCommandEntry DefaultCommand, DispatchShell Dispatch, String[] Args, Int32 Index) in C:\Users\hallam\Work\mmm\Libraries\Goedel.Command\Command.cs:line 224&#xD;
   at Goedel.Command.CommandLineInterpreterBase.Dispatcher(SortedDictionary`2 Entries, DescribeCommandEntry DefaultCommand, DispatchShell Dispatch, String[] Args, Int32 Index) in C:\Users\hallam\Work\mmm\Libraries\Goedel.Command\Command.cs:line 228&#xD;
   at Goedel.Mesh.Test.TestCLI.Dispatch(String command, Boolean fail) in C:\Users\hallam\Work\mmm\Testing\Goedel.Mesh.Test\TestShell.cs:line 241&#xD;
   at Goedel.XUnit.ShellTests.TestProfileConnectPinInvalid() in C:\Users\hallam\Work\mmm\Testing\Goedel.Mesh.Shell.Test-xunit\TestProfile.cs:line 169</StackTrace>
        </ErrorInfo>
      </Output>
    </UnitTestResult>
    <UnitTestResult executionId="eb89b579-6152-4234-a07f-67ea4a65d7cf" testId="44b12038-3fae-dd05-3b48-2bac22d756a4" testName="Goedel.XUnit.TestContainers.ContainerTest500" computerName="VOODOO" duration="00:00:00.4555779" startTime="2021-12-02T13:54:25.7245085-05:00" endTime="2021-12-02T13:54:25.7245088-05:00" testType="13cdc9d9-ddb5-4fa4-a97d-d965ccfc6d4b" outcome="Passed" testListId="8c84fa94-04c1-424b-9868-57a2d4851a1d" relativeResultsDirectory="eb89b579-6152-4234-a07f-67ea4a65d7cf" />
    <UnitTestResult executionId="5b7d1232-4ab9-4845-b750-ea6692285f19" testId="5815ca34-cfac-a72b-82ac-2e510138f935" testName="Goedel.XUnit.TestContainers.ContainerTestList1" computerName="VOODOO" duration="00:00:00.0020262" startTime="2021-12-02T13:54:25.9460422-05:00" endTime="2021-12-02T13:54:25.9460424-05:00" testType="13cdc9d9-ddb5-4fa4-a97d-d965ccfc6d4b" outcome="Passed" testListId="8c84fa94-04c1-424b-9868-57a2d4851a1d" relativeResultsDirectory="5b7d1232-4ab9-4845-b750-ea6692285f19" />
    <UnitTestResult executionId="ffe7cbe9-8d04-4111-b2e8-3f5c9e9f7d3d" testId="3ef93204-9f9a-a3f3-8202-5e896c5ccb45" testName="Goedel.XUnit.GoedelProtocol.TestEncodeDecode(First: {&#xA;  &quot;FieldBoolean&quot;: true,&#xA;  &quot;FieldInteger&quot;: 1,&#xA;  &quot;FieldDateTime&quot;: &quot;2021-12-02T13:54:15Z&quot;,&#xA;  &quot;FieldString&quot;: &quot;This is a test&quot;,&#xA;  &quot;FieldBinary&quot;: &quot;AAECAwQ&quot;,&#xA;  &quot;ArrayBoolean&quot;: [true,&#xA;    false,&#xA;    true,&#xA;    false],&#xA;  &quot;ArrayInteger&quot;: [0,&#xA;    2,&#xA;    4,&#xA;    8],&#xA;  &quot;ArrayDateTime&quot;: [&quot;2021-12-02T13:54:15Z&quot;],&#xA;  &quot;ArrayString&quot;: [&quot;Alice&quot;,&#xA;    &quot;Bob&quot;,&#xA;    &quot;Carol&quot;],&#xA;  &quot;ArrayBinary&quot;: [&quot;T25l&quot;,&#xA;    &quot;VHdv&quot;],&#xA;  &quot;FieldMultiInstance&quot;: {&#xA;    &quot;FieldBoolean&quot;: true,&#xA;    &quot;FieldInteger&quot;: 1,&#xA;    &quot;FieldDateTime&quot;: &quot;2021-12-02T13:54:15Z&quot;,&#xA;    &quot;FieldString&quot;: &quot;This is a test&quot;,&#xA;    &quot;FieldBinary&quot;: &quot;AAECAwQ&quot;},&#xA;  &quot;ArrayMultiInstance&quot;: [{&#xA;      &quot;FieldBoolean&quot;: true,&#xA;      &quot;FieldInteger&quot;: 1,&#xA;      &quot;FieldDateTime&quot;: &quot;2021-12-02T13:54:15Z&quot;,&#xA;      &quot;FieldString&quot;: &quot;This is a test&quot;,&#xA;      &quot;FieldBinary&quot;: &quot;AAECAwQ&quot;},&#xA;    {&#xA;      &quot;FieldBoolean&quot;: true,&#xA;      &quot;FieldInteger&quot;: 1,&#xA;      &quot;FieldDateTime&quot;: &quot;2021-12-02T13:54:15Z&quot;,&#xA;      &quot;FieldString&quot;: &quot;This is a test&quot;,&#xA;      &quot;FieldBinary&quot;: &quot;AAECAwQ&quot;}],&#xA;  &quot;TFieldMultiInstance&quot;: {&#xA;    &quot;MultiArray&quot;: {&#xA;      &quot;FieldBoolean&quot;: true,&#xA;      &quot;FieldInteger&quot;: 1,&#xA;      &quot;FieldDateTime&quot;: &quot;2021-12-02T13:54:15Z&quot;,&#xA;      &quot;FieldString&quot;: &quot;This is a test&quot;,&#xA;      &quot;FieldBinary&quot;: &quot;AAECAwQ&quot;,&#xA;      &quot;ArrayBoolean&quot;: [true,&#xA;        false,&#xA;        true,&#xA;        false]}},&#xA;  &quot;TArrayMultiInstance&quot;: [{&#xA;      &quot;MultiInstance&quot;: {&#xA;        &quot;FieldBoolean&quot;: true,&#xA;        &quot;FieldInteger&quot;: 1,&#xA;        &quot;FieldDateTime&quot;: &quot;2021-12-02T13:54:15Z&quot;,&#xA;        &quot;FieldString&quot;: &quot;This is a test&quot;,&#xA;        &quot;FieldBinary&quot;: &quot;AAECAwQ&quot;}},&#xA;    {&#xA;      &quot;MultiInstance&quot;: {&#xA;        &quot;FieldBoolean&quot;: true,&#xA;        &quot;FieldInteger&quot;: 1,&#xA;        &quot;FieldDateTime&quot;: &quot;2021-12-02T13:54:15Z&quot;,&#xA;        &quot;FieldString&quot;: &quot;This is a test&quot;,&#xA;        &quot;FieldBinary&quot;: &quot;AAECAwQ&quot;}},&#xA;    {&#xA;      &quot;MultiArray&quot;: {&#xA;        &quot;FieldBoolean&quot;: true,&#xA;        &quot;FieldInteger&quot;: 1,&#xA;        &quot;FieldDateTime&quot;: &quot;2021-12-02T13:54:15Z&quot;,&#xA;        &quot;FieldString&quot;: &quot;This is a test&quot;,&#xA;        &quot;FieldBinary&quot;: &quot;AAECAwQ&quot;,&#xA;        &quot;ArrayBoolean&quot;: [true,&#xA;          false,&#xA;          true,&#xA;          false]}}]}, DataEncoding: JSON, ReaderFactory: JSONReaderFactoryDelegate { Method = Goedel.Protocol.JsonReader ReaderFactoryMethod(Byte[]), Target = null })" computerName="VOODOO" duration="00:00:00.0003998" startTime="2021-12-02T13:54:16.0940160-05:00" endTime="2021-12-02T13:54:16.0940161-05:00" testType="13cdc9d9-ddb5-4fa4-a97d-d965ccfc6d4b" outcome="Passed" testListId="8c84fa94-04c1-424b-9868-57a2d4851a1d" relativeResultsDirectory="ffe7cbe9-8d04-4111-b2e8-3f5c9e9f7d3d" />
    <UnitTestResult executionId="8d88f945-48a2-4e0e-bb5c-c0aa5f46f02c" testId="cd1cb2cf-e289-d32d-92bb-9fe8f99e0e4a" testName="Goedel.XUnit.TestSplit.TestKeyShare(bits: 128, hexData: null)" computerName="VOODOO" duration="00:00:00.0000219" startTime="2021-12-02T13:54:13.5948990-05:00" endTime="2021-12-02T13:54:13.5948992-05:00" testType="13cdc9d9-ddb5-4fa4-a97d-d965ccfc6d4b" outcome="Passed" testListId="8c84fa94-04c1-424b-9868-57a2d4851a1d" relativeResultsDirectory="8d88f945-48a2-4e0e-bb5c-c0aa5f46f02c" />
    <UnitTestResult executionId="4ac67014-5255-4c4a-85ca-0940ee6c69dd" testId="9dd9105d-5a31-6beb-424e-8d0db1c4e796" testName="Goedel.XUnit.TestDare.EnvelopePlaintext" computerName="VOODOO" duration="00:00:00.0004666" startTime="2021-12-02T13:54:23.4739323-05:00" endTime="2021-12-02T13:54:23.4739325-05:00" testType="13cdc9d9-ddb5-4fa4-a97d-d965ccfc6d4b" outcome="Passed" testListId="8c84fa94-04c1-424b-9868-57a2d4851a1d" relativeResultsDirectory="4ac67014-5255-4c4a-85ca-0940ee6c69dd" />
    <UnitTestResult executionId="f42865b9-4839-4dfe-885d-3c7cc5428835" testId="5f8f02fd-b6a4-a730-1c5c-44c436ac06f1" testName="Goedel.XUnit.TestGoedelCryptography.X448Agree(count: 1)" computerName="VOODOO" duration="00:00:00.0456046" startTime="2021-12-02T13:54:37.7728437-05:00" endTime="2021-12-02T13:54:37.7728440-05:00" testType="13cdc9d9-ddb5-4fa4-a97d-d965ccfc6d4b" outcome="Passed" testListId="8c84fa94-04c1-424b-9868-57a2d4851a1d" relativeResultsDirectory="f42865b9-4839-4dfe-885d-3c7cc5428835" />
    <UnitTestResult executionId="c8b28b8c-9fb3-4d49-80fa-d36f3523729c" testId="26b3c658-deaa-f6f4-e5bd-8a1d6619ff74" testName="Goedel.XUnit.MakeSiteDocs.Recover" computerName="VOODOO" duration="00:00:00.1432254" startTime="2021-12-02T13:54:14.3744388-05:00" endTime="2021-12-02T13:54:14.3744391-05:00" testType="13cdc9d9-ddb5-4fa4-a97d-d965ccfc6d4b" outcome="Failed" testListId="8c84fa94-04c1-424b-9868-57a2d4851a1d" relativeResultsDirectory="c8b28b8c-9fb3-4d49-80fa-d36f3523729c">
      <Output>
        <ErrorInfo>
          <Message>System.NullReferenceException : Object reference not set to an instance of an object.</Message>
          <StackTrace>   at ExampleGenerator.CreateExamples.ServiceConnect() in C:\Users\hallam\Work\mmm\Documentation\MakeSiteDocs\CreateExamples.cs:line 141&#xD;
   at Goedel.XUnit.MakeSiteDocs.Recover() in C:\Users\hallam\Work\mmm\Testing\Test.MakeSiteDocs\MakeSiteDocs.cs:line 180</StackTrace>
        </ErrorInfo>
      </Output>
    </UnitTestResult>
    <UnitTestResult executionId="34438c60-c68f-44b6-be56-cb15e1a5793b" testId="f84c2736-a689-b073-1451-980a4910325a" testName="Goedel.XUnit.ShellTests.TestCreateDevice" computerName="VOODOO" duration="00:00:00.9478480" startTime="2021-12-02T13:54:38.6884103-05:00" endTime="2021-12-02T13:54:38.6884104-05:00" testType="13cdc9d9-ddb5-4fa4-a97d-d965ccfc6d4b" outcome="Failed" testListId="8c84fa94-04c1-424b-9868-57a2d4851a1d" relativeResultsDirectory="34438c60-c68f-44b6-be56-cb15e1a5793b">
      <Output>
        <ErrorInfo>
          <Message>System.NullReferenceException : Object reference not set to an instance of an object.</Message>
          <StackTrace>   at Goedel.Mesh.Server.PublicMeshService..ctor(IMeshMachine meshMachine, ServiceConfiguration serviceConfiguration, HostConfiguration hostConfiguration) in C:\Users\hallam\Work\mmm\Mesh\Goedel.Mesh.Server\MeshDispatch.cs:line 136&#xD;
   at Goedel.Mesh.Test.TestEnvironmentCommon.get_MeshService() in C:\Users\hallam\Work\mmm\Testing\Goedel.Mesh.Test\TestEnvironmentCommon.cs:line 203&#xD;
   at Goedel.Mesh.Test.TestEnvironmentCommon.GetMeshClient(MeshMachineTest meshMachineTest, ICredentialPrivate credential, String serviceId, String accountAddress) in C:\Users\hallam\Work\mmm\Testing\Goedel.Mesh.Test\TestEnvironmentCommon.cs:line 222&#xD;
   at Goedel.Mesh.Test.MeshMachineTest.GetMeshClient(ICredentialPrivate credential, String service, String accountAddress) in C:\Users\hallam\Work\mmm\Testing\Goedel.Mesh.Test\MeshMachineTest.cs:line 88&#xD;
   at Goedel.Mesh.Client.ContextUser.SetService(String accountAddress) in C:\Users\hallam\Work\mmm\Mesh\Goedel.Mesh.Client\ContextUser.cs:line 243&#xD;
   at Goedel.Mesh.Client.MeshHost.ConfigureMesh(String accountAddress, String localName, PrivateKeyUDF accountSeed, ProfileDevice profileDevice, List`1 rights, Boolean create) in C:\Users\hallam\Work\mmm\Mesh\Goedel.Mesh.Client\MeshHost.cs:line 269&#xD;
   at Goedel.Mesh.Shell.Shell.AccountCreate(AccountCreate options) in C:\Users\hallam\Work\mmm\Mesh\Goedel.Mesh.Shell\DispatchAccount.cs:line 68&#xD;
   at Goedel.Mesh.Shell.CommandLineInterpreter.Handle_AccountCreate(DispatchShell DispatchIn, String[] Args, Int32 Index) in C:\Users\hallam\Work\mmm\Mesh\Goedel.Mesh.Shell\meshman.cs:line 520&#xD;
   at Goedel.Command.CommandLineInterpreterBase.Dispatcher(SortedDictionary`2 Entries, DescribeCommandEntry DefaultCommand, DispatchShell Dispatch, String[] Args, Int32 Index) in C:\Users\hallam\Work\mmm\Libraries\Goedel.Command\Command.cs:line 224&#xD;
   at Goedel.Command.CommandLineInterpreterBase.Dispatcher(SortedDictionary`2 Entries, DescribeCommandEntry DefaultCommand, DispatchShell Dispatch, String[] Args, Int32 Index) in C:\Users\hallam\Work\mmm\Libraries\Goedel.Command\Command.cs:line 228&#xD;
   at Goedel.Mesh.Test.TestCLI.Dispatch(String command, Boolean fail) in C:\Users\hallam\Work\mmm\Testing\Goedel.Mesh.Test\TestShell.cs:line 241&#xD;
   at Goedel.XUnit.ShellTests.TestAuthCreate(TestCLI device1, TestCLI device2, String auth) in C:\Users\hallam\Work\mmm\Testing\Goedel.Mesh.Shell.Test-xunit\TestProfile.cs:line 429&#xD;
   at Goedel.XUnit.ShellTests.TestCreateDevice() in C:\Users\hallam\Work\mmm\Testing\Goedel.Mesh.Shell.Test-xunit\TestProfile.cs:line 401</StackTrace>
        </ErrorInfo>
      </Output>
    </UnitTestResult>
    <UnitTestResult executionId="edbe016e-3da3-4df2-a063-77e99423a606" testId="f50d1a71-c8c6-6a64-517b-8dfbb3b931e8" testName="Goedel.XUnit.TestDigests.TestSHA_Direct(Message: &quot;&quot;, Repeat: 1, TestData: [TestVector { Digest = [...], ID = NULL }, TestVector { Digest = [...], ID = NULL }, TestVector { Digest = [...], ID = SHA_2_256 }, TestVector { Digest = [...], ID = NULL }, TestVector { Digest = [...], ID = SHA_2_512 }, ...])" computerName="VOODOO" duration="00:00:00.0000576" startTime="2021-12-02T13:56:20.9369968-05:00" endTime="2021-12-02T13:56:20.9369968-05:00" testType="13cdc9d9-ddb5-4fa4-a97d-d965ccfc6d4b" outcome="Passed" testListId="8c84fa94-04c1-424b-9868-57a2d4851a1d" relativeResultsDirectory="edbe016e-3da3-4df2-a063-77e99423a606" />
    <UnitTestResult executionId="08f62e1f-fed4-464e-9d34-beaa3577394f" testId="b737fe06-d8fc-92fd-5280-a8e1601ec2d8" testName="Goedel.XUnit.TestAsymmetric.TestRFC8032(Test: TestVectorAsymmetric { Algorithm = Ed448, Context = &quot;\r\n   666f6f&quot;, ContextData = [102, 111, 111], Message = &quot;\r\n   03&quot;, MessageData = [3], ... })" computerName="VOODOO" duration="00:00:00.3806299" startTime="2021-12-02T13:54:15.8666746-05:00" endTime="2021-12-02T13:54:15.8666748-05:00" testType="13cdc9d9-ddb5-4fa4-a97d-d965ccfc6d4b" outcome="Passed" testListId="8c84fa94-04c1-424b-9868-57a2d4851a1d" relativeResultsDirectory="08f62e1f-fed4-464e-9d34-beaa3577394f" />
    <UnitTestResult executionId="a482dfa0-768d-483e-9445-adfe1acd8e1b" testId="2e380470-54f7-891e-fa72-a658e3e3efe2" testName="Goedel.XUnit.TestService.MeshDeviceSsh" computerName="VOODOO" duration="00:00:00.8776943" startTime="2021-12-02T13:54:46.9321735-05:00" endTime="2021-12-02T13:54:46.9321737-05:00" testType="13cdc9d9-ddb5-4fa4-a97d-d965ccfc6d4b" outcome="Failed" testListId="8c84fa94-04c1-424b-9868-57a2d4851a1d" relativeResultsDirectory="a482dfa0-768d-483e-9445-adfe1acd8e1b">
      <Output>
        <ErrorInfo>
          <Message>System.NullReferenceException : Object reference not set to an instance of an object.</Message>
          <StackTrace>   at Goedel.Mesh.Server.PublicMeshService..ctor(IMeshMachine meshMachine, ServiceConfiguration serviceConfiguration, HostConfiguration hostConfiguration) in C:\Users\hallam\Work\mmm\Mesh\Goedel.Mesh.Server\MeshDispatch.cs:line 136&#xD;
   at Goedel.Mesh.Test.TestEnvironmentCommon.get_MeshService() in C:\Users\hallam\Work\mmm\Testing\Goedel.Mesh.Test\TestEnvironmentCommon.cs:line 203&#xD;
   at Goedel.Mesh.Test.TestEnvironmentCommon.GetMeshClient(MeshMachineTest meshMachineTest, ICredentialPrivate credential, String serviceId, String accountAddress) in C:\Users\hallam\Work\mmm\Testing\Goedel.Mesh.Test\TestEnvironmentCommon.cs:line 222&#xD;
   at Goedel.Mesh.Test.MeshMachineTest.GetMeshClient(ICredentialPrivate credential, String service, String accountAddress) in C:\Users\hallam\Work\mmm\Testing\Goedel.Mesh.Test\MeshMachineTest.cs:line 88&#xD;
   at Goedel.Mesh.Client.ContextUser.SetService(String accountAddress) in C:\Users\hallam\Work\mmm\Mesh\Goedel.Mesh.Client\ContextUser.cs:line 243&#xD;
   at Goedel.Mesh.Client.MeshHost.ConfigureMesh(String accountAddress, String localName, PrivateKeyUDF accountSeed, ProfileDevice profileDevice, List`1 rights, Boolean create) in C:\Users\hallam\Work\mmm\Mesh\Goedel.Mesh.Client\MeshHost.cs:line 269&#xD;
   at Goedel.Mesh.Test.MeshMachineTest.GenerateAccountUser(TestEnvironmentCommon testEnvironmentCommon, String machineName, String accountAddress, String localName) in C:\Users\hallam\Work\mmm\Testing\Goedel.Mesh.Test\MeshMachineTest.cs:line 120&#xD;
   at Goedel.XUnit.TestService.MeshDeviceSsh() in C:\Users\hallam\Work\mmm\Testing\Goedel.Mesh.Protocol.Test-xunit\Authorization.cs:line 119</StackTrace>
        </ErrorInfo>
      </Output>
    </UnitTestResult>
    <UnitTestResult executionId="336d91d2-c786-43d3-ae39-29111b56f579" testId="b5a451d2-54ad-a957-75bc-ebfca400910b" testName="Goedel.XUnit.GoedelProtocol.TestInstance" computerName="VOODOO" duration="00:00:00.0000545" startTime="2021-12-02T13:54:16.0944633-05:00" endTime="2021-12-02T13:54:16.0944634-05:00" testType="13cdc9d9-ddb5-4fa4-a97d-d965ccfc6d4b" outcome="Passed" testListId="8c84fa94-04c1-424b-9868-57a2d4851a1d" relativeResultsDirectory="336d91d2-c786-43d3-ae39-29111b56f579" />
    <UnitTestResult executionId="b671d20e-0c4b-49c7-9b37-e22aab48a5c0" testId="5b38d02c-7804-c415-c0f4-21670c7b69a9" testName="Goedel.XUnit.TestLifecycle.Test_LifecycleDevice(CryptoAlgorithmID: X448, KeySize: 2048)" computerName="VOODOO" duration="00:00:00.1146253" startTime="2021-12-02T13:54:14.6824035-05:00" endTime="2021-12-02T13:54:14.6824036-05:00" testType="13cdc9d9-ddb5-4fa4-a97d-d965ccfc6d4b" outcome="Passed" testListId="8c84fa94-04c1-424b-9868-57a2d4851a1d" relativeResultsDirectory="b671d20e-0c4b-49c7-9b37-e22aab48a5c0" />
    <UnitTestResult executionId="8273c5cb-c2c5-42ea-b556-ba850b5d3a58" testId="8b66bc9b-4e94-6537-f264-99cca698e564" testName="Goedel.XUnit.TestService.PrivateKeyRoundTrip(cryptoAlgorithmId: Ed448, round: 0)" computerName="VOODOO" duration="00:00:00.0438457" startTime="2021-12-02T13:54:37.4195547-05:00" endTime="2021-12-02T13:54:37.4195553-05:00" testType="13cdc9d9-ddb5-4fa4-a97d-d965ccfc6d4b" outcome="Passed" testListId="8c84fa94-04c1-424b-9868-57a2d4851a1d" relativeResultsDirectory="8273c5cb-c2c5-42ea-b556-ba850b5d3a58" />
    <UnitTestResult executionId="ccf99fb2-43a3-4dfc-acb8-867145550be8" testId="1af086bd-c96f-42e8-7ef5-f717839ae858" testName="Goedel.XUnit.TestSplit.TestShares(N: 3, K: 2)" computerName="VOODOO" duration="00:00:00.0533114" startTime="2021-12-02T13:54:14.8603533-05:00" endTime="2021-12-02T13:54:14.8603537-05:00" testType="13cdc9d9-ddb5-4fa4-a97d-d965ccfc6d4b" outcome="Passed" testListId="8c84fa94-04c1-424b-9868-57a2d4851a1d" relativeResultsDirectory="ccf99fb2-43a3-4dfc-acb8-867145550be8" />
    <UnitTestResult executionId="0dec7ff9-3d95-4542-b5e8-5b18a46ee083" testId="73417cb7-dada-1d76-0e93-5bb09d5bef20" testName="Goedel.XUnit.ShellTests.TestKey(bits: 512)" computerName="VOODOO" duration="00:00:00.0019620" startTime="2021-12-02T13:54:12.0866263-05:00" endTime="2021-12-02T13:54:12.0866264-05:00" testType="13cdc9d9-ddb5-4fa4-a97d-d965ccfc6d4b" outcome="Passed" testListId="8c84fa94-04c1-424b-9868-57a2d4851a1d" relativeResultsDirectory="0dec7ff9-3d95-4542-b5e8-5b18a46ee083" />
    <UnitTestResult executionId="46bbe0b2-6579-472d-8119-003d452eafda" testId="a6332398-9a4d-2093-dec2-de36b60876d0" testName="Goedel.XUnit.GoedelProtocol.TestArrayB2" computerName="VOODOO" duration="00:00:00.0002051" startTime="2021-12-02T13:54:16.0941499-05:00" endTime="2021-12-02T13:54:16.0941499-05:00" testType="13cdc9d9-ddb5-4fa4-a97d-d965ccfc6d4b" outcome="Passed" testListId="8c84fa94-04c1-424b-9868-57a2d4851a1d" relativeResultsDirectory="46bbe0b2-6579-472d-8119-003d452eafda" />
    <UnitTestResult executionId="ec077890-800e-4f41-b1ec-c28987028b6c" testId="95888011-f8a1-da65-5228-e89cd64b9546" testName="Goedel.XUnit.TestCryptographyJose.Test_Jose_Encrypt_Symmetric" computerName="VOODOO" duration="00:00:00.0077934" startTime="2021-12-02T13:54:14.6253668-05:00" endTime="2021-12-02T13:54:14.6253669-05:00" testType="13cdc9d9-ddb5-4fa4-a97d-d965ccfc6d4b" outcome="Passed" testListId="8c84fa94-04c1-424b-9868-57a2d4851a1d" relativeResultsDirectory="ec077890-800e-4f41-b1ec-c28987028b6c" />
    <UnitTestResult executionId="4e390677-4d7f-4480-a386-d5832ebc7e63" testId="84738806-9e21-c386-7a94-71c89ceba0a6" testName="Goedel.XUnit.TestGoedelCryptography.X448TV2" computerName="VOODOO" duration="00:00:00.0052020" startTime="2021-12-02T13:55:19.0516251-05:00" endTime="2021-12-02T13:55:19.0516252-05:00" testType="13cdc9d9-ddb5-4fa4-a97d-d965ccfc6d4b" outcome="Passed" testListId="8c84fa94-04c1-424b-9868-57a2d4851a1d" relativeResultsDirectory="4e390677-4d7f-4480-a386-d5832ebc7e63" />
    <UnitTestResult executionId="02cd9a66-cbc0-4b1c-9b65-36a0c81d75b4" testId="fb200c34-af68-cf0e-d289-e5a68a8f4aff" testName="Goedel.XUnit.TestDare.EnvelopePlaintextAtomic" computerName="VOODOO" duration="00:00:00.0003391" startTime="2021-12-02T13:54:23.4742861-05:00" endTime="2021-12-02T13:54:23.4742863-05:00" testType="13cdc9d9-ddb5-4fa4-a97d-d965ccfc6d4b" outcome="Passed" testListId="8c84fa94-04c1-424b-9868-57a2d4851a1d" relativeResultsDirectory="02cd9a66-cbc0-4b1c-9b65-36a0c81d75b4" />
    <UnitTestResult executionId="8d50a49e-8e61-4d30-8112-c688dab8fbfc" testId="996cd6ae-0144-8d60-c4e3-052c9d97199a" testName="Goedel.XUnit.TestLifecycle.Test_LifecycleExportable(CryptoAlgorithmID: Signature, KeySize: 2048)" computerName="VOODOO" duration="00:00:00.3092408" startTime="2021-12-02T13:54:15.9030243-05:00" endTime="2021-12-02T13:54:15.9030244-05:00" testType="13cdc9d9-ddb5-4fa4-a97d-d965ccfc6d4b" outcome="Passed" testListId="8c84fa94-04c1-424b-9868-57a2d4851a1d" relativeResultsDirectory="8d50a49e-8e61-4d30-8112-c688dab8fbfc" />
    <UnitTestResult executionId="57bf9437-8f6d-4fea-a061-40c9f3f6490e" testId="ec80669b-00ae-0631-482c-6cb773c4aa07" testName="Goedel.XUnit.TestService.KeyShareTestDirect(cryptoAlgorithmId: X25519)" computerName="VOODOO" duration="00:00:00.0233650" startTime="2021-12-02T13:54:20.8577398-05:00" endTime="2021-12-02T13:54:20.8577407-05:00" testType="13cdc9d9-ddb5-4fa4-a97d-d965ccfc6d4b" outcome="Passed" testListId="8c84fa94-04c1-424b-9868-57a2d4851a1d" relativeResultsDirectory="57bf9437-8f6d-4fea-a061-40c9f3f6490e" />
    <UnitTestResult executionId="054098aa-8da2-4ddc-aef3-37a907f7e0dc" testId="a2a71381-ca9c-231e-738c-a3c437121e62" testName="Goedel.XUnit.TestService.TestCredentialAccountFails(dataValidity: CorruptSigner)" computerName="VOODOO" duration="00:00:00.9897880" startTime="2021-12-02T13:54:40.1742628-05:00" endTime="2021-12-02T13:54:40.1742633-05:00" testType="13cdc9d9-ddb5-4fa4-a97d-d965ccfc6d4b" outcome="Failed" testListId="8c84fa94-04c1-424b-9868-57a2d4851a1d" relativeResultsDirectory="054098aa-8da2-4ddc-aef3-37a907f7e0dc">
      <Output>
        <ErrorInfo>
          <Message>System.NullReferenceException : Object reference not set to an instance of an object.</Message>
          <StackTrace>   at Goedel.Mesh.Server.PublicMeshService..ctor(IMeshMachine meshMachine, ServiceConfiguration serviceConfiguration, HostConfiguration hostConfiguration) in C:\Users\hallam\Work\mmm\Mesh\Goedel.Mesh.Server\MeshDispatch.cs:line 136&#xD;
   at Goedel.Mesh.Test.TestEnvironmentCommon.get_MeshService() in C:\Users\hallam\Work\mmm\Testing\Goedel.Mesh.Test\TestEnvironmentCommon.cs:line 203&#xD;
   at Goedel.Mesh.Test.TestEnvironmentCommon.GetMeshClient(MeshMachineTest meshMachineTest, ICredentialPrivate credential, String serviceId, String accountAddress) in C:\Users\hallam\Work\mmm\Testing\Goedel.Mesh.Test\TestEnvironmentCommon.cs:line 222&#xD;
   at Goedel.Mesh.Test.MeshMachineTest.GetMeshClient(ICredentialPrivate credential, String service, String accountAddress) in C:\Users\hallam\Work\mmm\Testing\Goedel.Mesh.Test\MeshMachineTest.cs:line 88&#xD;
   at Goedel.Mesh.Client.ContextUser.SetService(String accountAddress) in C:\Users\hallam\Work\mmm\Mesh\Goedel.Mesh.Client\ContextUser.cs:line 243&#xD;
   at Goedel.Mesh.Client.MeshHost.ConfigureMesh(String accountAddress, String localName, PrivateKeyUDF accountSeed, ProfileDevice profileDevice, List`1 rights, Boolean create) in C:\Users\hallam\Work\mmm\Mesh\Goedel.Mesh.Client\MeshHost.cs:line 269&#xD;
   at Goedel.Mesh.Test.MeshMachineTest.GenerateAccountUser(TestEnvironmentCommon testEnvironmentCommon, String machineName, String accountAddress, String localName) in C:\Users\hallam\Work\mmm\Testing\Goedel.Mesh.Test\MeshMachineTest.cs:line 120&#xD;
   at Goedel.XUnit.TestService.TestCredentialAccountFails(DataValidity dataValidity) in C:\Users\hallam\Work\mmm\Testing\Goedel.Mesh.Protocol.Test-xunit\MeshCredential.cs:line 129</StackTrace>
        </ErrorInfo>
      </Output>
    </UnitTestResult>
    <UnitTestResult executionId="7c041504-9bfc-4d95-8e31-430e27f1b3b4" testId="5595be71-4ba9-b8a2-7bf7-db21bcb96b81" testName="Goedel.XUnit.ShellTests.TestMessageConfirmationAccept" computerName="VOODOO" duration="00:00:00.8582317" startTime="2021-12-02T13:54:45.8784454-05:00" endTime="2021-12-02T13:54:45.8784456-05:00" testType="13cdc9d9-ddb5-4fa4-a97d-d965ccfc6d4b" outcome="Failed" testListId="8c84fa94-04c1-424b-9868-57a2d4851a1d" relativeResultsDirectory="7c041504-9bfc-4d95-8e31-430e27f1b3b4">
      <Output>
        <ErrorInfo>
          <Message>System.NullReferenceException : Object reference not set to an instance of an object.</Message>
          <StackTrace>   at Goedel.Mesh.Server.PublicMeshService..ctor(IMeshMachine meshMachine, ServiceConfiguration serviceConfiguration, HostConfiguration hostConfiguration) in C:\Users\hallam\Work\mmm\Mesh\Goedel.Mesh.Server\MeshDispatch.cs:line 136&#xD;
   at Goedel.Mesh.Test.TestEnvironmentCommon.get_MeshService() in C:\Users\hallam\Work\mmm\Testing\Goedel.Mesh.Test\TestEnvironmentCommon.cs:line 203&#xD;
   at Goedel.Mesh.Test.TestEnvironmentCommon.GetMeshClient(MeshMachineTest meshMachineTest, ICredentialPrivate credential, String serviceId, String accountAddress) in C:\Users\hallam\Work\mmm\Testing\Goedel.Mesh.Test\TestEnvironmentCommon.cs:line 222&#xD;
   at Goedel.Mesh.Test.MeshMachineTest.GetMeshClient(ICredentialPrivate credential, String service, String accountAddress) in C:\Users\hallam\Work\mmm\Testing\Goedel.Mesh.Test\MeshMachineTest.cs:line 88&#xD;
   at Goedel.Mesh.Client.ContextUser.SetService(String accountAddress) in C:\Users\hallam\Work\mmm\Mesh\Goedel.Mesh.Client\ContextUser.cs:line 243&#xD;
   at Goedel.Mesh.Client.MeshHost.ConfigureMesh(String accountAddress, String localName, PrivateKeyUDF accountSeed, ProfileDevice profileDevice, List`1 rights, Boolean create) in C:\Users\hallam\Work\mmm\Mesh\Goedel.Mesh.Client\MeshHost.cs:line 269&#xD;
   at Goedel.Mesh.Shell.Shell.AccountCreate(AccountCreate options) in C:\Users\hallam\Work\mmm\Mesh\Goedel.Mesh.Shell\DispatchAccount.cs:line 68&#xD;
   at Goedel.Mesh.Shell.CommandLineInterpreter.Handle_AccountCreate(DispatchShell DispatchIn, String[] Args, Int32 Index) in C:\Users\hallam\Work\mmm\Mesh\Goedel.Mesh.Shell\meshman.cs:line 520&#xD;
   at Goedel.Command.CommandLineInterpreterBase.Dispatcher(SortedDictionary`2 Entries, DescribeCommandEntry DefaultCommand, DispatchShell Dispatch, String[] Args, Int32 Index) in C:\Users\hallam\Work\mmm\Libraries\Goedel.Command\Command.cs:line 224&#xD;
   at Goedel.Command.CommandLineInterpreterBase.Dispatcher(SortedDictionary`2 Entries, DescribeCommandEntry DefaultCommand, DispatchShell Dispatch, String[] Args, Int32 Index) in C:\Users\hallam\Work\mmm\Libraries\Goedel.Command\Command.cs:line 228&#xD;
   at Goedel.Mesh.Test.TestCLI.Dispatch(String command, Boolean fail) in C:\Users\hallam\Work\mmm\Testing\Goedel.Mesh.Test\TestShell.cs:line 241&#xD;
   at Goedel.XUnit.ShellTests.MakeAccount(TestCLI device, String account) in C:\Users\hallam\Work\mmm\Testing\Goedel.Mesh.Shell.Test-xunit\TestMessage.cs:line 186&#xD;
   at Goedel.XUnit.ShellTests.CreateAliceBob(TestCLI&amp; deviceA, TestCLI&amp; deviceB) in C:\Users\hallam\Work\mmm\Testing\Goedel.Mesh.Shell.Test-xunit\TestMessage.cs:line 264&#xD;
   at Goedel.XUnit.ShellTests.TestMessageConfirmationAccept() in C:\Users\hallam\Work\mmm\Testing\Goedel.Mesh.Shell.Test-xunit\TestMessage.cs:line 324</StackTrace>
        </ErrorInfo>
      </Output>
    </UnitTestResult>
    <UnitTestResult executionId="d5bb46b8-87fd-4829-85c7-170da25ba254" testId="99add9d0-9098-b6e6-c4e8-8c652e2c5af8" testName="Goedel.XUnit.TestGoedelCryptography.X25519Agree(count: 1000)" computerName="VOODOO" duration="00:00:18.7407762" startTime="2021-12-02T13:54:32.2189054-05:00" endTime="2021-12-02T13:54:32.2189060-05:00" testType="13cdc9d9-ddb5-4fa4-a97d-d965ccfc6d4b" outcome="Passed" testListId="8c84fa94-04c1-424b-9868-57a2d4851a1d" relativeResultsDirectory="d5bb46b8-87fd-4829-85c7-170da25ba254" />
    <UnitTestResult executionId="ac441eff-5332-4bd9-a869-ad5d226a14a3" testId="26a85dc6-2ff1-0c57-a8a7-14270e7c2c5a" testName="Goedel.XUnit.ShellTestsAdmin.TestCreateDevice" computerName="VOODOO" duration="00:00:01.9671255" startTime="2021-12-02T13:54:28.6659607-05:00" endTime="2021-12-02T13:54:28.6659608-05:00" testType="13cdc9d9-ddb5-4fa4-a97d-d965ccfc6d4b" outcome="Failed" testListId="8c84fa94-04c1-424b-9868-57a2d4851a1d" relativeResultsDirectory="ac441eff-5332-4bd9-a869-ad5d226a14a3">
      <Output>
        <ErrorInfo>
          <Message>Goedel.Mesh.ServiceAdmin.HostNotFound : Configuration for the host ServiceConfig.json could not be found</Message>
          <StackTrace>   at Goedel.Mesh.ServiceAdmin.Configuration.GetHostConfiguration(String id) in C:\Users\hallam\Work\mmm\Mesh\Goedel.Mesh.ServiceAdmin\ServiceDescription.cs:line 135&#xD;
   at Goedel.Mesh.Shell.Host.Shell.HostStart(HostStart Options) in C:\Users\hallam\Work\mmm\Mesh\Goedel.Mesh.Shell.Host\ShellDispatch.cs:line 156&#xD;
   at Goedel.Mesh.Shell.Host.CommandLineInterpreter.Handle_HostStart(DispatchShell DispatchIn, String[] Args, Int32 Index) in C:\Users\hallam\Work\mmm\Mesh\Goedel.Mesh.Shell.Host\anyhost.cs:line 172&#xD;
   at Goedel.Command.CommandLineInterpreterBase.Dispatcher(SortedDictionary`2 Entries, DescribeCommandEntry DefaultCommand, DispatchShell Dispatch, String[] Args, Int32 Index) in C:\Users\hallam\Work\mmm\Libraries\Goedel.Command\Command.cs:line 224&#xD;
   at Goedel.Mesh.Shell.Host.CommandLineInterpreter.MainMethod(Shell Dispatch, String[] Args) in C:\Users\hallam\Work\mmm\Mesh\Goedel.Mesh.Shell.Host\anyhost.cs:line 161&#xD;
   at Goedel.Mesh.Test.TestEnvironmentRdpShell.Host(String command) in C:\Users\hallam\Work\mmm\Testing\Goedel.Mesh.Test\TestEnvironmentCommon.cs:line 121&#xD;
   at Goedel.Mesh.Test.TestEnvironmentRdpShell.StartService() in C:\Users\hallam\Work\mmm\Testing\Goedel.Mesh.Test\TestEnvironmentCommon.cs:line 90&#xD;
   at Goedel.Mesh.Test.TestEnvironmentRdpShell.GetMeshClient(MeshMachineTest meshMachineTest, ICredentialPrivate credential, String service, String accountAddress) in C:\Users\hallam\Work\mmm\Testing\Goedel.Mesh.Test\TestEnvironmentCommon.cs:line 102&#xD;
   at Goedel.Mesh.Test.MeshMachineTest.GetMeshClient(ICredentialPrivate credential, String service, String accountAddress) in C:\Users\hallam\Work\mmm\Testing\Goedel.Mesh.Test\MeshMachineTest.cs:line 88&#xD;
   at Goedel.Mesh.Client.ContextUser.SetService(String accountAddress) in C:\Users\hallam\Work\mmm\Mesh\Goedel.Mesh.Client\ContextUser.cs:line 243&#xD;
   at Goedel.Mesh.Client.MeshHost.ConfigureMesh(String accountAddress, String localName, PrivateKeyUDF accountSeed, ProfileDevice profileDevice, List`1 rights, Boolean create) in C:\Users\hallam\Work\mmm\Mesh\Goedel.Mesh.Client\MeshHost.cs:line 269&#xD;
   at Goedel.Mesh.Shell.Shell.AccountCreate(AccountCreate options) in C:\Users\hallam\Work\mmm\Mesh\Goedel.Mesh.Shell\DispatchAccount.cs:line 68&#xD;
   at Goedel.Mesh.Shell.CommandLineInterpreter.Handle_AccountCreate(DispatchShell DispatchIn, String[] Args, Int32 Index) in C:\Users\hallam\Work\mmm\Mesh\Goedel.Mesh.Shell\meshman.cs:line 520&#xD;
   at Goedel.Command.CommandLineInterpreterBase.Dispatcher(SortedDictionary`2 Entries, DescribeCommandEntry DefaultCommand, DispatchShell Dispatch, String[] Args, Int32 Index) in C:\Users\hallam\Work\mmm\Libraries\Goedel.Command\Command.cs:line 224&#xD;
   at Goedel.Command.CommandLineInterpreterBase.Dispatcher(SortedDictionary`2 Entries, DescribeCommandEntry DefaultCommand, DispatchShell Dispatch, String[] Args, Int32 Index) in C:\Users\hallam\Work\mmm\Libraries\Goedel.Command\Command.cs:line 228&#xD;
   at Goedel.Mesh.Test.TestCLI.Dispatch(String command, Boolean fail) in C:\Users\hallam\Work\mmm\Testing\Goedel.Mesh.Test\TestShell.cs:line 241&#xD;
   at Goedel.XUnit.ShellTests.TestAuthCreate(TestCLI device1, TestCLI device2, String auth) in C:\Users\hallam\Work\mmm\Testing\Goedel.Mesh.Shell.Test-xunit\TestProfile.cs:line 429&#xD;
   at Goedel.XUnit.ShellTests.TestCreateDevice() in C:\Users\hallam\Work\mmm\Testing\Goedel.Mesh.Shell.Test-xunit\TestProfile.cs:line 401</StackTrace>
        </ErrorInfo>
      </Output>
    </UnitTestResult>
    <UnitTestResult executionId="5c273f75-9fb1-4a78-8dd8-04dfd9b7025a" testId="3ef93204-9f9a-a3f3-8202-5e896c5ccb45" testName="Goedel.XUnit.GoedelProtocol.TestEncodeDecode(First: {&#xA;  &quot;FieldBoolean&quot;: true,&#xA;  &quot;FieldInteger&quot;: 1,&#xA;  &quot;FieldDateTime&quot;: &quot;2021-12-02T13:54:15Z&quot;,&#xA;  &quot;FieldString&quot;: &quot;This is a test&quot;,&#xA;  &quot;FieldBinary&quot;: &quot;AAECAwQ&quot;,&#xA;  &quot;ArrayBoolean&quot;: [true,&#xA;    false,&#xA;    true,&#xA;    false],&#xA;  &quot;ArrayInteger&quot;: [0,&#xA;    2,&#xA;    4,&#xA;    8],&#xA;  &quot;ArrayDateTime&quot;: [&quot;2021-12-02T13:54:15Z&quot;],&#xA;  &quot;ArrayString&quot;: [&quot;Alice&quot;,&#xA;    &quot;Bob&quot;,&#xA;    &quot;Carol&quot;],&#xA;  &quot;ArrayBinary&quot;: [&quot;T25l&quot;,&#xA;    &quot;VHdv&quot;]}, DataEncoding: JSON, ReaderFactory: JSONReaderFactoryDelegate { Method = Goedel.Protocol.JsonReader ReaderFactoryMethod(Byte[]), Target = null })" computerName="VOODOO" duration="00:00:00.0001084" startTime="2021-12-02T13:54:16.0756020-05:00" endTime="2021-12-02T13:54:16.0756021-05:00" testType="13cdc9d9-ddb5-4fa4-a97d-d965ccfc6d4b" outcome="Passed" testListId="8c84fa94-04c1-424b-9868-57a2d4851a1d" relativeResultsDirectory="5c273f75-9fb1-4a78-8dd8-04dfd9b7025a" />
    <UnitTestResult executionId="34bd1da5-7f81-47ad-a751-eda3aba0712d" testId="a2ddd77f-bece-ce12-adb5-c4ede885cd85" testName="Goedel.XUnit.TestLifecycle.Test_LifecycleExportable(CryptoAlgorithmID: EdDSA, KeySize: 2048)" computerName="VOODOO" duration="00:00:00.1505489" startTime="2021-12-02T13:54:16.4191047-05:00" endTime="2021-12-02T13:54:16.4191051-05:00" testType="13cdc9d9-ddb5-4fa4-a97d-d965ccfc6d4b" outcome="Passed" testListId="8c84fa94-04c1-424b-9868-57a2d4851a1d" relativeResultsDirectory="34bd1da5-7f81-47ad-a751-eda3aba0712d" />
    <UnitTestResult executionId="82e5cbbe-6114-4bb6-aafd-04aedbbf4805" testId="ed08324c-0e64-a731-0a57-dfb1d37a03ae" testName="Goedel.XUnit.TestGoedelCryptography.TestCurveConstants" computerName="VOODOO" duration="00:00:00.0009336" startTime="2021-12-02T13:54:35.3882347-05:00" endTime="2021-12-02T13:54:35.3882348-05:00" testType="13cdc9d9-ddb5-4fa4-a97d-d965ccfc6d4b" outcome="Passed" testListId="8c84fa94-04c1-424b-9868-57a2d4851a1d" relativeResultsDirectory="82e5cbbe-6114-4bb6-aafd-04aedbbf4805" />
    <UnitTestResult executionId="c33c90fb-2544-4597-88d9-9b242bd33a9f" testId="3e458a5b-9249-3b38-c201-1f946c0dd445" testName="Goedel.XUnit.ShellTestsAdmin.TestProfilePassword" computerName="VOODOO" duration="00:00:01.8804457" startTime="2021-12-02T13:54:30.5471232-05:00" endTime="2021-12-02T13:54:30.5471235-05:00" testType="13cdc9d9-ddb5-4fa4-a97d-d965ccfc6d4b" outcome="Failed" testListId="8c84fa94-04c1-424b-9868-57a2d4851a1d" relativeResultsDirectory="c33c90fb-2544-4597-88d9-9b242bd33a9f">
      <Output>
        <ErrorInfo>
          <Message>Goedel.Mesh.ServiceAdmin.HostNotFound : Configuration for the host ServiceConfig.json could not be found</Message>
          <StackTrace>   at Goedel.Mesh.ServiceAdmin.Configuration.GetHostConfiguration(String id) in C:\Users\hallam\Work\mmm\Mesh\Goedel.Mesh.ServiceAdmin\ServiceDescription.cs:line 135&#xD;
   at Goedel.Mesh.Shell.Host.Shell.HostStart(HostStart Options) in C:\Users\hallam\Work\mmm\Mesh\Goedel.Mesh.Shell.Host\ShellDispatch.cs:line 156&#xD;
   at Goedel.Mesh.Shell.Host.CommandLineInterpreter.Handle_HostStart(DispatchShell DispatchIn, String[] Args, Int32 Index) in C:\Users\hallam\Work\mmm\Mesh\Goedel.Mesh.Shell.Host\anyhost.cs:line 172&#xD;
   at Goedel.Command.CommandLineInterpreterBase.Dispatcher(SortedDictionary`2 Entries, DescribeCommandEntry DefaultCommand, DispatchShell Dispatch, String[] Args, Int32 Index) in C:\Users\hallam\Work\mmm\Libraries\Goedel.Command\Command.cs:line 224&#xD;
   at Goedel.Mesh.Shell.Host.CommandLineInterpreter.MainMethod(Shell Dispatch, String[] Args) in C:\Users\hallam\Work\mmm\Mesh\Goedel.Mesh.Shell.Host\anyhost.cs:line 161&#xD;
   at Goedel.Mesh.Test.TestEnvironmentRdpShell.Host(String command) in C:\Users\hallam\Work\mmm\Testing\Goedel.Mesh.Test\TestEnvironmentCommon.cs:line 121&#xD;
   at Goedel.Mesh.Test.TestEnvironmentRdpShell.StartService() in C:\Users\hallam\Work\mmm\Testing\Goedel.Mesh.Test\TestEnvironmentCommon.cs:line 90&#xD;
   at Goedel.Mesh.Test.TestEnvironmentRdpShell.GetMeshClient(MeshMachineTest meshMachineTest, ICredentialPrivate credential, String service, String accountAddress) in C:\Users\hallam\Work\mmm\Testing\Goedel.Mesh.Test\TestEnvironmentCommon.cs:line 102&#xD;
   at Goedel.Mesh.Test.MeshMachineTest.GetMeshClient(ICredentialPrivate credential, String service, String accountAddress) in C:\Users\hallam\Work\mmm\Testing\Goedel.Mesh.Test\MeshMachineTest.cs:line 88&#xD;
   at Goedel.Mesh.Client.ContextUser.SetService(String accountAddress) in C:\Users\hallam\Work\mmm\Mesh\Goedel.Mesh.Client\ContextUser.cs:line 243&#xD;
   at Goedel.Mesh.Client.MeshHost.ConfigureMesh(String accountAddress, String localName, PrivateKeyUDF accountSeed, ProfileDevice profileDevice, List`1 rights, Boolean create) in C:\Users\hallam\Work\mmm\Mesh\Goedel.Mesh.Client\MeshHost.cs:line 269&#xD;
   at Goedel.Mesh.Shell.Shell.AccountCreate(AccountCreate options) in C:\Users\hallam\Work\mmm\Mesh\Goedel.Mesh.Shell\DispatchAccount.cs:line 68&#xD;
   at Goedel.Mesh.Shell.CommandLineInterpreter.Handle_AccountCreate(DispatchShell DispatchIn, String[] Args, Int32 Index) in C:\Users\hallam\Work\mmm\Mesh\Goedel.Mesh.Shell\meshman.cs:line 520&#xD;
   at Goedel.Command.CommandLineInterpreterBase.Dispatcher(SortedDictionary`2 Entries, DescribeCommandEntry DefaultCommand, DispatchShell Dispatch, String[] Args, Int32 Index) in C:\Users\hallam\Work\mmm\Libraries\Goedel.Command\Command.cs:line 224&#xD;
   at Goedel.Command.CommandLineInterpreterBase.Dispatcher(SortedDictionary`2 Entries, DescribeCommandEntry DefaultCommand, DispatchShell Dispatch, String[] Args, Int32 Index) in C:\Users\hallam\Work\mmm\Libraries\Goedel.Command\Command.cs:line 228&#xD;
   at Goedel.Mesh.Test.TestCLI.Dispatch(String command, Boolean fail) in C:\Users\hallam\Work\mmm\Testing\Goedel.Mesh.Test\TestShell.cs:line 241&#xD;
   at Goedel.XUnit.ShellTests.Dispatch(String command, Boolean fail) in C:\Users\hallam\Work\mmm\Testing\Goedel.Mesh.Shell.Test-xunit\Base.cs:line 159&#xD;
   at Goedel.XUnit.ShellTests.CreateAccount(String account) in C:\Users\hallam\Work\mmm\Testing\Goedel.Mesh.Shell.Test-xunit\Base.cs:line 162&#xD;
   at Goedel.XUnit.ShellTests.TestProfilePassword() in C:\Users\hallam\Work\mmm\Testing\Goedel.Mesh.Shell.Test-xunit\TestCatalog.cs:line 49</StackTrace>
        </ErrorInfo>
      </Output>
    </UnitTestResult>
    <UnitTestResult executionId="d383c3f6-f70b-46a0-8829-52b7d0417271" testId="87d47aa4-9930-f7da-57fc-d0ae91e12b54" testName="Goedel.XUnit.GoedelProtocol.TestInstanceB2" computerName="VOODOO" duration="00:00:00.0001454" startTime="2021-12-02T13:54:16.0942622-05:00" endTime="2021-12-02T13:54:16.0942623-05:00" testType="13cdc9d9-ddb5-4fa4-a97d-d965ccfc6d4b" outcome="Passed" testListId="8c84fa94-04c1-424b-9868-57a2d4851a1d" relativeResultsDirectory="d383c3f6-f70b-46a0-8829-52b7d0417271" />
    <UnitTestResult executionId="84e83ea3-9502-4af7-9cf7-4b06a742d34c" testId="640d4688-07b8-6c90-17e6-f2e40e7f2b71" testName="Goedel.XUnit.ShellTests.TestProfileMail" computerName="VOODOO" duration="00:00:01.3290266" startTime="2021-12-02T13:54:19.2920160-05:00" endTime="2021-12-02T13:54:19.2920163-05:00" testType="13cdc9d9-ddb5-4fa4-a97d-d965ccfc6d4b" outcome="Failed" testListId="8c84fa94-04c1-424b-9868-57a2d4851a1d" relativeResultsDirectory="84e83ea3-9502-4af7-9cf7-4b06a742d34c">
      <Output>
        <ErrorInfo>
          <Message>System.NullReferenceException : Object reference not set to an instance of an object.</Message>
          <StackTrace>   at Goedel.Mesh.Server.PublicMeshService..ctor(IMeshMachine meshMachine, ServiceConfiguration serviceConfiguration, HostConfiguration hostConfiguration) in C:\Users\hallam\Work\mmm\Mesh\Goedel.Mesh.Server\MeshDispatch.cs:line 136&#xD;
   at Goedel.Mesh.Test.TestEnvironmentCommon.get_MeshService() in C:\Users\hallam\Work\mmm\Testing\Goedel.Mesh.Test\TestEnvironmentCommon.cs:line 203&#xD;
   at Goedel.Mesh.Test.TestEnvironmentCommon.GetMeshClient(MeshMachineTest meshMachineTest, ICredentialPrivate credential, String serviceId, String accountAddress) in C:\Users\hallam\Work\mmm\Testing\Goedel.Mesh.Test\TestEnvironmentCommon.cs:line 222&#xD;
   at Goedel.Mesh.Test.MeshMachineTest.GetMeshClient(ICredentialPrivate credential, String service, String accountAddress) in C:\Users\hallam\Work\mmm\Testing\Goedel.Mesh.Test\MeshMachineTest.cs:line 88&#xD;
   at Goedel.Mesh.Client.ContextUser.SetService(String accountAddress) in C:\Users\hallam\Work\mmm\Mesh\Goedel.Mesh.Client\ContextUser.cs:line 243&#xD;
   at Goedel.Mesh.Client.MeshHost.ConfigureMesh(String accountAddress, String localName, PrivateKeyUDF accountSeed, ProfileDevice profileDevice, List`1 rights, Boolean create) in C:\Users\hallam\Work\mmm\Mesh\Goedel.Mesh.Client\MeshHost.cs:line 269&#xD;
   at Goedel.Mesh.Shell.Shell.AccountCreate(AccountCreate options) in C:\Users\hallam\Work\mmm\Mesh\Goedel.Mesh.Shell\DispatchAccount.cs:line 68&#xD;
   at Goedel.Mesh.Shell.CommandLineInterpreter.Handle_AccountCreate(DispatchShell DispatchIn, String[] Args, Int32 Index) in C:\Users\hallam\Work\mmm\Mesh\Goedel.Mesh.Shell\meshman.cs:line 520&#xD;
   at Goedel.Command.CommandLineInterpreterBase.Dispatcher(SortedDictionary`2 Entries, DescribeCommandEntry DefaultCommand, DispatchShell Dispatch, String[] Args, Int32 Index) in C:\Users\hallam\Work\mmm\Libraries\Goedel.Command\Command.cs:line 224&#xD;
   at Goedel.Command.CommandLineInterpreterBase.Dispatcher(SortedDictionary`2 Entries, DescribeCommandEntry DefaultCommand, DispatchShell Dispatch, String[] Args, Int32 Index) in C:\Users\hallam\Work\mmm\Libraries\Goedel.Command\Command.cs:line 228&#xD;
   at Goedel.Mesh.Test.TestCLI.Dispatch(String command, Boolean fail) in C:\Users\hallam\Work\mmm\Testing\Goedel.Mesh.Test\TestShell.cs:line 241&#xD;
   at Goedel.XUnit.ShellTests.CreateMasterDevice(String name, String account) in C:\Users\hallam\Work\mmm\Testing\Goedel.Mesh.Shell.Test-xunit\TestMessage.cs:line 246&#xD;
   at Goedel.XUnit.ShellTests.CreateAlice(TestCLI&amp; device1, TestCLI&amp; device2) in C:\Users\hallam\Work\mmm\Testing\Goedel.Mesh.Shell.Test-xunit\TestMessage.cs:line 238&#xD;
   at Goedel.XUnit.ShellTests.TestProfileMail() in C:\Users\hallam\Work\mmm\Testing\Goedel.Mesh.Shell.Test-xunit\TestMail.cs:line 39</StackTrace>
        </ErrorInfo>
      </Output>
    </UnitTestResult>
    <UnitTestResult executionId="82942ff7-9556-43b0-8e43-028a67f56e7a" testId="e617816c-5837-6f94-f066-cd859767ec33" testName="Goedel.XUnit.TestLifecycle.Test_LifecycleExportable(CryptoAlgorithmID: Exchange, KeySize: 2048)" computerName="VOODOO" duration="00:00:00.3646556" startTime="2021-12-02T13:54:16.2678912-05:00" endTime="2021-12-02T13:54:16.2678915-05:00" testType="13cdc9d9-ddb5-4fa4-a97d-d965ccfc6d4b" outcome="Passed" testListId="8c84fa94-04c1-424b-9868-57a2d4851a1d" relativeResultsDirectory="82942ff7-9556-43b0-8e43-028a67f56e7a" />
    <UnitTestResult executionId="16214b04-e536-431c-b06e-64b30d08ed16" testId="e3cb722d-7ee3-e055-4900-28256b327ba9" testName="Goedel.XUnit.TestSplit.TestShares(N: 2, K: 2)" computerName="VOODOO" duration="00:00:00.1033345" startTime="2021-12-02T13:54:14.6823345-05:00" endTime="2021-12-02T13:54:14.6823352-05:00" testType="13cdc9d9-ddb5-4fa4-a97d-d965ccfc6d4b" outcome="Passed" testListId="8c84fa94-04c1-424b-9868-57a2d4851a1d" relativeResultsDirectory="16214b04-e536-431c-b06e-64b30d08ed16" />
    <UnitTestResult executionId="2fda8daa-9ee9-40ed-90f9-d8a16a3182fb" testId="b737fe06-d8fc-92fd-5280-a8e1601ec2d8" testName="Goedel.XUnit.TestAsymmetric.TestRFC8032(Test: TestVectorAsymmetric { Algorithm = EdDSA, Context = null, ContextData = null, Message = &quot;\r\n   ddaf35a193617abacc417349ae204131\r\n   12e6&quot;..., MessageData = [221, 175, 53, 161, 147, ...], ... })" computerName="VOODOO" duration="00:00:00.1078310" startTime="2021-12-02T13:54:14.0569569-05:00" endTime="2021-12-02T13:54:14.0569571-05:00" testType="13cdc9d9-ddb5-4fa4-a97d-d965ccfc6d4b" outcome="Passed" testListId="8c84fa94-04c1-424b-9868-57a2d4851a1d" relativeResultsDirectory="2fda8daa-9ee9-40ed-90f9-d8a16a3182fb" />
    <UnitTestResult executionId="80dc5638-885e-4950-9257-879c93905367" testId="d1362c4e-8135-05a7-3520-6e7a18f77d0f" testName="Goedel.XUnit.ShellTests.TestSequence(count: 100, encrypt: null, sign: null, purge: False, index: False, initial: &quot;Archive1&quot;)" computerName="VOODOO" duration="00:00:01.1531878" startTime="2021-12-02T13:54:52.0663989-05:00" endTime="2021-12-02T13:54:52.0663990-05:00" testType="13cdc9d9-ddb5-4fa4-a97d-d965ccfc6d4b" outcome="Failed" testListId="8c84fa94-04c1-424b-9868-57a2d4851a1d" relativeResultsDirectory="80dc5638-885e-4950-9257-879c93905367">
      <Output>
        <ErrorInfo>
          <Message>System.NullReferenceException : Object reference not set to an instance of an object.</Message>
          <StackTrace>   at Goedel.Mesh.Server.PublicMeshService..ctor(IMeshMachine meshMachine, ServiceConfiguration serviceConfiguration, HostConfiguration hostConfiguration) in C:\Users\hallam\Work\mmm\Mesh\Goedel.Mesh.Server\MeshDispatch.cs:line 136&#xD;
   at Goedel.Mesh.Test.TestEnvironmentCommon.get_MeshService() in C:\Users\hallam\Work\mmm\Testing\Goedel.Mesh.Test\TestEnvironmentCommon.cs:line 203&#xD;
   at Goedel.Mesh.Test.TestEnvironmentCommon.GetMeshClient(MeshMachineTest meshMachineTest, ICredentialPrivate credential, String serviceId, String accountAddress) in C:\Users\hallam\Work\mmm\Testing\Goedel.Mesh.Test\TestEnvironmentCommon.cs:line 222&#xD;
   at Goedel.Mesh.Test.MeshMachineTest.GetMeshClient(ICredentialPrivate credential, String service, String accountAddress) in C:\Users\hallam\Work\mmm\Testing\Goedel.Mesh.Test\MeshMachineTest.cs:line 88&#xD;
   at Goedel.Mesh.Client.ContextUser.SetService(String accountAddress) in C:\Users\hallam\Work\mmm\Mesh\Goedel.Mesh.Client\ContextUser.cs:line 243&#xD;
   at Goedel.Mesh.Client.MeshHost.ConfigureMesh(String accountAddress, String localName, PrivateKeyUDF accountSeed, ProfileDevice profileDevice, List`1 rights, Boolean create) in C:\Users\hallam\Work\mmm\Mesh\Goedel.Mesh.Client\MeshHost.cs:line 269&#xD;
   at Goedel.Mesh.Shell.Shell.AccountCreate(AccountCreate options) in C:\Users\hallam\Work\mmm\Mesh\Goedel.Mesh.Shell\DispatchAccount.cs:line 68&#xD;
   at Goedel.Mesh.Shell.CommandLineInterpreter.Handle_AccountCreate(DispatchShell DispatchIn, String[] Args, Int32 Index) in C:\Users\hallam\Work\mmm\Mesh\Goedel.Mesh.Shell\meshman.cs:line 520&#xD;
   at Goedel.Command.CommandLineInterpreterBase.Dispatcher(SortedDictionary`2 Entries, DescribeCommandEntry DefaultCommand, DispatchShell Dispatch, String[] Args, Int32 Index) in C:\Users\hallam\Work\mmm\Libraries\Goedel.Command\Command.cs:line 224&#xD;
   at Goedel.Command.CommandLineInterpreterBase.Dispatcher(SortedDictionary`2 Entries, DescribeCommandEntry DefaultCommand, DispatchShell Dispatch, String[] Args, Int32 Index) in C:\Users\hallam\Work\mmm\Libraries\Goedel.Command\Command.cs:line 228&#xD;
   at Goedel.Mesh.Test.TestCLI.Dispatch(String command, Boolean fail) in C:\Users\hallam\Work\mmm\Testing\Goedel.Mesh.Test\TestShell.cs:line 241&#xD;
   at Goedel.XUnit.ShellTests.Dispatch(String command, Boolean fail) in C:\Users\hallam\Work\mmm\Testing\Goedel.Mesh.Shell.Test-xunit\Base.cs:line 159&#xD;
   at Goedel.XUnit.ShellTests.CreateAccount(String account) in C:\Users\hallam\Work\mmm\Testing\Goedel.Mesh.Shell.Test-xunit\Base.cs:line 162&#xD;
   at Goedel.XUnit.ShellTests.TestSequence(Int32 count, String encrypt, String sign, Boolean purge, Boolean index, String initial) in C:\Users\hallam\Work\mmm\Testing\Goedel.Mesh.Shell.Test-xunit\TestDare.cs:line 137</StackTrace>
        </ErrorInfo>
      </Output>
    </UnitTestResult>
    <UnitTestResult executionId="54f53089-883a-455a-a24a-16ba40096d6a" testId="f9e7455a-06b6-0e61-8b9d-93a04fa6c820" testName="Goedel.XUnit.ShellTests.TestProfilePassword" computerName="VOODOO" duration="00:00:01.3866681" startTime="2021-12-02T13:54:13.4898454-05:00" endTime="2021-12-02T13:54:13.4898457-05:00" testType="13cdc9d9-ddb5-4fa4-a97d-d965ccfc6d4b" outcome="Failed" testListId="8c84fa94-04c1-424b-9868-57a2d4851a1d" relativeResultsDirectory="54f53089-883a-455a-a24a-16ba40096d6a">
      <Output>
        <ErrorInfo>
          <Message>System.NullReferenceException : Object reference not set to an instance of an object.</Message>
          <StackTrace>   at Goedel.Mesh.Server.PublicMeshService..ctor(IMeshMachine meshMachine, ServiceConfiguration serviceConfiguration, HostConfiguration hostConfiguration) in C:\Users\hallam\Work\mmm\Mesh\Goedel.Mesh.Server\MeshDispatch.cs:line 136&#xD;
   at Goedel.Mesh.Test.TestEnvironmentCommon.get_MeshService() in C:\Users\hallam\Work\mmm\Testing\Goedel.Mesh.Test\TestEnvironmentCommon.cs:line 203&#xD;
   at Goedel.Mesh.Test.TestEnvironmentCommon.GetMeshClient(MeshMachineTest meshMachineTest, ICredentialPrivate credential, String serviceId, String accountAddress) in C:\Users\hallam\Work\mmm\Testing\Goedel.Mesh.Test\TestEnvironmentCommon.cs:line 222&#xD;
   at Goedel.Mesh.Test.MeshMachineTest.GetMeshClient(ICredentialPrivate credential, String service, String accountAddress) in C:\Users\hallam\Work\mmm\Testing\Goedel.Mesh.Test\MeshMachineTest.cs:line 88&#xD;
   at Goedel.Mesh.Client.ContextUser.SetService(String accountAddress) in C:\Users\hallam\Work\mmm\Mesh\Goedel.Mesh.Client\ContextUser.cs:line 243&#xD;
   at Goedel.Mesh.Client.MeshHost.ConfigureMesh(String accountAddress, String localName, PrivateKeyUDF accountSeed, ProfileDevice profileDevice, List`1 rights, Boolean create) in C:\Users\hallam\Work\mmm\Mesh\Goedel.Mesh.Client\MeshHost.cs:line 269&#xD;
   at Goedel.Mesh.Shell.Shell.AccountCreate(AccountCreate options) in C:\Users\hallam\Work\mmm\Mesh\Goedel.Mesh.Shell\DispatchAccount.cs:line 68&#xD;
   at Goedel.Mesh.Shell.CommandLineInterpreter.Handle_AccountCreate(DispatchShell DispatchIn, String[] Args, Int32 Index) in C:\Users\hallam\Work\mmm\Mesh\Goedel.Mesh.Shell\meshman.cs:line 520&#xD;
   at Goedel.Command.CommandLineInterpreterBase.Dispatcher(SortedDictionary`2 Entries, DescribeCommandEntry DefaultCommand, DispatchShell Dispatch, String[] Args, Int32 Index) in C:\Users\hallam\Work\mmm\Libraries\Goedel.Command\Command.cs:line 224&#xD;
   at Goedel.Command.CommandLineInterpreterBase.Dispatcher(SortedDictionary`2 Entries, DescribeCommandEntry DefaultCommand, DispatchShell Dispatch, String[] Args, Int32 Index) in C:\Users\hallam\Work\mmm\Libraries\Goedel.Command\Command.cs:line 228&#xD;
   at Goedel.Mesh.Test.TestCLI.Dispatch(String command, Boolean fail) in C:\Users\hallam\Work\mmm\Testing\Goedel.Mesh.Test\TestShell.cs:line 241&#xD;
   at Goedel.XUnit.ShellTests.Dispatch(String command, Boolean fail) in C:\Users\hallam\Work\mmm\Testing\Goedel.Mesh.Shell.Test-xunit\Base.cs:line 159&#xD;
   at Goedel.XUnit.ShellTests.CreateAccount(String account) in C:\Users\hallam\Work\mmm\Testing\Goedel.Mesh.Shell.Test-xunit\Base.cs:line 162&#xD;
   at Goedel.XUnit.ShellTests.TestProfilePassword() in C:\Users\hallam\Work\mmm\Testing\Goedel.Mesh.Shell.Test-xunit\TestCatalog.cs:line 49</StackTrace>
        </ErrorInfo>
      </Output>
    </UnitTestResult>
    <UnitTestResult executionId="165a8869-c604-4334-8c11-cc0cb67556a4" testId="834c9f13-c570-f82d-8a22-afc049b5391c" testName="Goedel.XUnit.ShellTests.TestMessageContactInPerson" computerName="VOODOO" duration="00:00:01.1308685" startTime="2021-12-02T13:54:31.3967827-05:00" endTime="2021-12-02T13:54:31.3967829-05:00" testType="13cdc9d9-ddb5-4fa4-a97d-d965ccfc6d4b" outcome="Failed" testListId="8c84fa94-04c1-424b-9868-57a2d4851a1d" relativeResultsDirectory="165a8869-c604-4334-8c11-cc0cb67556a4">
      <Output>
        <ErrorInfo>
          <Message>System.NullReferenceException : Object reference not set to an instance of an object.</Message>
          <StackTrace>   at Goedel.Mesh.Server.PublicMeshService..ctor(IMeshMachine meshMachine, ServiceConfiguration serviceConfiguration, HostConfiguration hostConfiguration) in C:\Users\hallam\Work\mmm\Mesh\Goedel.Mesh.Server\MeshDispatch.cs:line 136&#xD;
   at Goedel.Mesh.Test.TestEnvironmentCommon.get_MeshService() in C:\Users\hallam\Work\mmm\Testing\Goedel.Mesh.Test\TestEnvironmentCommon.cs:line 203&#xD;
   at Goedel.Mesh.Test.TestEnvironmentCommon.GetMeshClient(MeshMachineTest meshMachineTest, ICredentialPrivate credential, String serviceId, String accountAddress) in C:\Users\hallam\Work\mmm\Testing\Goedel.Mesh.Test\TestEnvironmentCommon.cs:line 222&#xD;
   at Goedel.Mesh.Test.MeshMachineTest.GetMeshClient(ICredentialPrivate credential, String service, String accountAddress) in C:\Users\hallam\Work\mmm\Testing\Goedel.Mesh.Test\MeshMachineTest.cs:line 88&#xD;
   at Goedel.Mesh.Client.ContextUser.SetService(String accountAddress) in C:\Users\hallam\Work\mmm\Mesh\Goedel.Mesh.Client\ContextUser.cs:line 243&#xD;
   at Goedel.Mesh.Client.MeshHost.ConfigureMesh(String accountAddress, String localName, PrivateKeyUDF accountSeed, ProfileDevice profileDevice, List`1 rights, Boolean create) in C:\Users\hallam\Work\mmm\Mesh\Goedel.Mesh.Client\MeshHost.cs:line 269&#xD;
   at Goedel.Mesh.Shell.Shell.AccountCreate(AccountCreate options) in C:\Users\hallam\Work\mmm\Mesh\Goedel.Mesh.Shell\DispatchAccount.cs:line 68&#xD;
   at Goedel.Mesh.Shell.CommandLineInterpreter.Handle_AccountCreate(DispatchShell DispatchIn, String[] Args, Int32 Index) in C:\Users\hallam\Work\mmm\Mesh\Goedel.Mesh.Shell\meshman.cs:line 520&#xD;
   at Goedel.Command.CommandLineInterpreterBase.Dispatcher(SortedDictionary`2 Entries, DescribeCommandEntry DefaultCommand, DispatchShell Dispatch, String[] Args, Int32 Index) in C:\Users\hallam\Work\mmm\Libraries\Goedel.Command\Command.cs:line 224&#xD;
   at Goedel.Command.CommandLineInterpreterBase.Dispatcher(SortedDictionary`2 Entries, DescribeCommandEntry DefaultCommand, DispatchShell Dispatch, String[] Args, Int32 Index) in C:\Users\hallam\Work\mmm\Libraries\Goedel.Command\Command.cs:line 228&#xD;
   at Goedel.Mesh.Test.TestCLI.Dispatch(String command, Boolean fail) in C:\Users\hallam\Work\mmm\Testing\Goedel.Mesh.Test\TestShell.cs:line 241&#xD;
   at Goedel.XUnit.ShellTests.MakeAccount(TestCLI device, String account) in C:\Users\hallam\Work\mmm\Testing\Goedel.Mesh.Shell.Test-xunit\TestMessage.cs:line 186&#xD;
   at Goedel.XUnit.ShellTests.TestMessageContactInPerson() in C:\Users\hallam\Work\mmm\Testing\Goedel.Mesh.Shell.Test-xunit\TestMessage.cs:line 135</StackTrace>
        </ErrorInfo>
      </Output>
    </UnitTestResult>
    <UnitTestResult executionId="f72d5399-21e4-456f-bae1-5af56bbf7294" testId="1c58a7c1-1d43-0699-aac3-7cf390bc2e29" testName="Goedel.XUnit.TestService.PrivateKeyRoundTrip(cryptoAlgorithmId: X25519, round: 0)" computerName="VOODOO" duration="00:00:00.0079790" startTime="2021-12-02T13:54:37.3631116-05:00" endTime="2021-12-02T13:54:37.3631118-05:00" testType="13cdc9d9-ddb5-4fa4-a97d-d965ccfc6d4b" outcome="Passed" testListId="8c84fa94-04c1-424b-9868-57a2d4851a1d" relativeResultsDirectory="f72d5399-21e4-456f-bae1-5af56bbf7294" />
    <UnitTestResult executionId="2fda8dff-b0a7-4044-b20c-712b13160084" testId="d565fd4f-9495-c158-3e60-a08449d799f1" testName="Goedel.XUnit.TestService.MeshDeviceConnectStaticQR" computerName="VOODOO" duration="00:00:00.7670233" startTime="2021-12-02T13:54:56.5425029-05:00" endTime="2021-12-02T13:54:56.5425031-05:00" testType="13cdc9d9-ddb5-4fa4-a97d-d965ccfc6d4b" outcome="Failed" testListId="8c84fa94-04c1-424b-9868-57a2d4851a1d" relativeResultsDirectory="2fda8dff-b0a7-4044-b20c-712b13160084">
      <Output>
        <ErrorInfo>
          <Message>System.NullReferenceException : Object reference not set to an instance of an object.</Message>
          <StackTrace>   at Goedel.Mesh.Server.PublicMeshService..ctor(IMeshMachine meshMachine, ServiceConfiguration serviceConfiguration, HostConfiguration hostConfiguration) in C:\Users\hallam\Work\mmm\Mesh\Goedel.Mesh.Server\MeshDispatch.cs:line 136&#xD;
   at Goedel.Mesh.Test.TestEnvironmentCommon.get_MeshService() in C:\Users\hallam\Work\mmm\Testing\Goedel.Mesh.Test\TestEnvironmentCommon.cs:line 203&#xD;
   at Goedel.Mesh.Test.TestEnvironmentCommon.GetMeshClient(MeshMachineTest meshMachineTest, ICredentialPrivate credential, String serviceId, String accountAddress) in C:\Users\hallam\Work\mmm\Testing\Goedel.Mesh.Test\TestEnvironmentCommon.cs:line 222&#xD;
   at Goedel.Mesh.Test.MeshMachineTest.GetMeshClient(ICredentialPrivate credential, String service, String accountAddress) in C:\Users\hallam\Work\mmm\Testing\Goedel.Mesh.Test\MeshMachineTest.cs:line 88&#xD;
   at Goedel.Mesh.Client.ContextUser.SetService(String accountAddress) in C:\Users\hallam\Work\mmm\Mesh\Goedel.Mesh.Client\ContextUser.cs:line 243&#xD;
   at Goedel.Mesh.Client.MeshHost.ConfigureMesh(String accountAddress, String localName, PrivateKeyUDF accountSeed, ProfileDevice profileDevice, List`1 rights, Boolean create) in C:\Users\hallam\Work\mmm\Mesh\Goedel.Mesh.Client\MeshHost.cs:line 269&#xD;
   at Goedel.Mesh.Test.MeshMachineTest.GenerateAccountUser(TestEnvironmentCommon testEnvironmentCommon, String machineName, String accountAddress, String localName) in C:\Users\hallam\Work\mmm\Testing\Goedel.Mesh.Test\MeshMachineTest.cs:line 120&#xD;
   at Goedel.XUnit.TestService.MeshDeviceConnectStaticQR() in C:\Users\hallam\Work\mmm\Testing\Goedel.Mesh.Protocol.Test-xunit\TestService.cs:line 359</StackTrace>
        </ErrorInfo>
      </Output>
    </UnitTestResult>
    <UnitTestResult executionId="f8c2d414-078f-446d-bf3a-809057542bd4" testId="b5690dd3-fbca-5d55-b2df-b11ceca3ab48" testName="Goedel.XUnit.ShellTests.TestRandom(bits: 256)" computerName="VOODOO" duration="00:00:00.0021752" startTime="2021-12-02T13:54:12.0990492-05:00" endTime="2021-12-02T13:54:12.0990496-05:00" testType="13cdc9d9-ddb5-4fa4-a97d-d965ccfc6d4b" outcome="Passed" testListId="8c84fa94-04c1-424b-9868-57a2d4851a1d" relativeResultsDirectory="f8c2d414-078f-446d-bf3a-809057542bd4" />
    <UnitTestResult executionId="f52ddccc-be19-46c0-944b-238d05f78260" testId="180e3d76-1329-e33c-4963-b80cc794a368" testName="Goedel.XUnit.TestService.PublicKeyRoundTrip" computerName="VOODOO" duration="00:00:00.0001662" startTime="2021-12-02T13:54:52.2973104-05:00" endTime="2021-12-02T13:54:52.2973105-05:00" testType="13cdc9d9-ddb5-4fa4-a97d-d965ccfc6d4b" outcome="Passed" testListId="8c84fa94-04c1-424b-9868-57a2d4851a1d" relativeResultsDirectory="f52ddccc-be19-46c0-944b-238d05f78260" />
    <UnitTestResult executionId="d610b303-00bb-4a98-b0bb-55d268695676" testId="a5d42cf1-88fe-1cac-c2a5-c65452c77b2b" testName="Goedel.XUnit.TestGoedelCryptography.UDFKeyGen(Test: TestVectorUDFKeyGenUdfKey { KeyUses = Encrypt, ResultAuthenticate = &quot;MBDI-ARCO-T3DZ-GV5W-PXSK-CPBQ-H6AV&quot;, ResultEncrypt = &quot;MD4Z-OX5B-Y7R6-CVBB-CMZB-4GSG-VC72&quot;, ResultSign = &quot;MCOA-BVPL-XFLW-TPNH-NY4Z-OM3U-TQ3N&quot;, ResultUDF = null, ... })" computerName="VOODOO" duration="00:00:00.1894651" startTime="2021-12-02T13:55:23.5892538-05:00" endTime="2021-12-02T13:55:23.5892540-05:00" testType="13cdc9d9-ddb5-4fa4-a97d-d965ccfc6d4b" outcome="Passed" testListId="8c84fa94-04c1-424b-9868-57a2d4851a1d" relativeResultsDirectory="d610b303-00bb-4a98-b0bb-55d268695676" />
    <UnitTestResult executionId="6ce9fe3d-ce73-47a8-9d2e-8cda983597d9" testId="31c91a87-e417-437b-bc04-0e2691caafff" testName="Goedel.XUnit.TestLifecycle.Test_LifecycleMaster(CryptoAlgorithmID: Signature, KeySize: 2048)" computerName="VOODOO" duration="00:00:00.2879065" startTime="2021-12-02T13:54:19.1366309-05:00" endTime="2021-12-02T13:54:19.1366312-05:00" testType="13cdc9d9-ddb5-4fa4-a97d-d965ccfc6d4b" outcome="Passed" testListId="8c84fa94-04c1-424b-9868-57a2d4851a1d" relativeResultsDirectory="6ce9fe3d-ce73-47a8-9d2e-8cda983597d9" />
    <UnitTestResult executionId="ca311206-b417-49d9-93b9-c38a6c0bb463" testId="7f38bb4f-c624-0d94-1b24-789b616fa669" testName="Goedel.XUnit.TestLifecycle.Test_LifecycleAdmin(CryptoAlgorithmID: X25519, KeySize: 2048)" computerName="VOODOO" duration="00:00:00.0312220" startTime="2021-12-02T13:54:19.1644058-05:00" endTime="2021-12-02T13:54:19.1644060-05:00" testType="13cdc9d9-ddb5-4fa4-a97d-d965ccfc6d4b" outcome="Passed" testListId="8c84fa94-04c1-424b-9868-57a2d4851a1d" relativeResultsDirectory="ca311206-b417-49d9-93b9-c38a6c0bb463" />
    <UnitTestResult executionId="18a4b6ea-b014-492f-8a77-a125b8de5e6c" testId="609abe45-8b26-1a8b-d224-e1f761144175" testName="Goedel.XUnit.TestService.TestCredentialDeviceFails(dataValidity: CorruptMissing)" computerName="VOODOO" duration="00:00:00.1058285" startTime="2021-12-02T13:54:20.2179652-05:00" endTime="2021-12-02T13:54:20.2179658-05:00" testType="13cdc9d9-ddb5-4fa4-a97d-d965ccfc6d4b" outcome="Passed" testListId="8c84fa94-04c1-424b-9868-57a2d4851a1d" relativeResultsDirectory="18a4b6ea-b014-492f-8a77-a125b8de5e6c" />
    <UnitTestResult executionId="0236e1fd-bde8-491d-92d5-2423bf206f02" testId="75609528-a9ab-6e83-a7d3-a09d4ce4d0e6" testName="Goedel.XUnit.TestDareArchive.TestArchive1" computerName="VOODOO" duration="00:00:00.0115370" startTime="2021-12-02T13:54:18.1577852-05:00" endTime="2021-12-02T13:54:18.1577861-05:00" testType="13cdc9d9-ddb5-4fa4-a97d-d965ccfc6d4b" outcome="Passed" testListId="8c84fa94-04c1-424b-9868-57a2d4851a1d" relativeResultsDirectory="0236e1fd-bde8-491d-92d5-2423bf206f02" />
    <UnitTestResult executionId="9e3ae826-b41a-4520-8974-5bc35ec4d1c1" testId="3ef93204-9f9a-a3f3-8202-5e896c5ccb45" testName="Goedel.XUnit.GoedelProtocol.TestEncodeDecode(First: {&#xA;  &quot;FieldBoolean&quot;: true,&#xA;  &quot;FieldInteger&quot;: 1,&#xA;  &quot;FieldDateTime&quot;: &quot;2021-12-02T13:54:15Z&quot;,&#xA;  &quot;FieldString&quot;: &quot;This is a test&quot;,&#xA;  &quot;FieldBinary&quot;: &quot;AAECAwQ&quot;}, DataEncoding: JSON_B, ReaderFactory: JSONReaderFactoryDelegate { Method = Goedel.Protocol.JsonReader ReaderFactoryMethod(Byte[]), Target = null })" computerName="VOODOO" duration="00:00:00.0000429" startTime="2021-12-02T13:54:16.0718965-05:00" endTime="2021-12-02T13:54:16.0718974-05:00" testType="13cdc9d9-ddb5-4fa4-a97d-d965ccfc6d4b" outcome="Passed" testListId="8c84fa94-04c1-424b-9868-57a2d4851a1d" relativeResultsDirectory="9e3ae826-b41a-4520-8974-5bc35ec4d1c1" />
    <UnitTestResult executionId="9a0eb3fd-836c-4e24-93a1-6f7100d6dc87" testId="694cbf32-2d0f-522c-a0fb-7329b18bc185" testName="Goedel.XUnit.TestJBCD.TestJBCDStream(FileName: &quot;JBCD1.jbcd&quot;, Records: 1, MaxSize: 0)" computerName="VOODOO" duration="00:00:00.0097022" startTime="2021-12-02T13:54:16.4055475-05:00" endTime="2021-12-02T13:54:16.4055477-05:00" testType="13cdc9d9-ddb5-4fa4-a97d-d965ccfc6d4b" outcome="Passed" testListId="8c84fa94-04c1-424b-9868-57a2d4851a1d" relativeResultsDirectory="9a0eb3fd-836c-4e24-93a1-6f7100d6dc87" />
    <UnitTestResult executionId="b84f47cc-5089-4885-ab93-9b9085a6e8e2" testId="e4627812-cbd4-669b-a54f-c8b0de1e05f9" testName="Goedel.XUnit.ShellTests.TestCreateWeb" computerName="VOODOO" duration="00:00:01.2787948" startTime="2021-12-02T13:54:20.5715162-05:00" endTime="2021-12-02T13:54:20.5715166-05:00" testType="13cdc9d9-ddb5-4fa4-a97d-d965ccfc6d4b" outcome="Failed" testListId="8c84fa94-04c1-424b-9868-57a2d4851a1d" relativeResultsDirectory="b84f47cc-5089-4885-ab93-9b9085a6e8e2">
      <Output>
        <ErrorInfo>
          <Message>System.NullReferenceException : Object reference not set to an instance of an object.</Message>
          <StackTrace>   at Goedel.Mesh.Server.PublicMeshService..ctor(IMeshMachine meshMachine, ServiceConfiguration serviceConfiguration, HostConfiguration hostConfiguration) in C:\Users\hallam\Work\mmm\Mesh\Goedel.Mesh.Server\MeshDispatch.cs:line 136&#xD;
   at Goedel.Mesh.Test.TestEnvironmentCommon.get_MeshService() in C:\Users\hallam\Work\mmm\Testing\Goedel.Mesh.Test\TestEnvironmentCommon.cs:line 203&#xD;
   at Goedel.Mesh.Test.TestEnvironmentCommon.GetMeshClient(MeshMachineTest meshMachineTest, ICredentialPrivate credential, String serviceId, String accountAddress) in C:\Users\hallam\Work\mmm\Testing\Goedel.Mesh.Test\TestEnvironmentCommon.cs:line 222&#xD;
   at Goedel.Mesh.Test.MeshMachineTest.GetMeshClient(ICredentialPrivate credential, String service, String accountAddress) in C:\Users\hallam\Work\mmm\Testing\Goedel.Mesh.Test\MeshMachineTest.cs:line 88&#xD;
   at Goedel.Mesh.Client.ContextUser.SetService(String accountAddress) in C:\Users\hallam\Work\mmm\Mesh\Goedel.Mesh.Client\ContextUser.cs:line 243&#xD;
   at Goedel.Mesh.Client.MeshHost.ConfigureMesh(String accountAddress, String localName, PrivateKeyUDF accountSeed, ProfileDevice profileDevice, List`1 rights, Boolean create) in C:\Users\hallam\Work\mmm\Mesh\Goedel.Mesh.Client\MeshHost.cs:line 269&#xD;
   at Goedel.Mesh.Shell.Shell.AccountCreate(AccountCreate options) in C:\Users\hallam\Work\mmm\Mesh\Goedel.Mesh.Shell\DispatchAccount.cs:line 68&#xD;
   at Goedel.Mesh.Shell.CommandLineInterpreter.Handle_AccountCreate(DispatchShell DispatchIn, String[] Args, Int32 Index) in C:\Users\hallam\Work\mmm\Mesh\Goedel.Mesh.Shell\meshman.cs:line 520&#xD;
   at Goedel.Command.CommandLineInterpreterBase.Dispatcher(SortedDictionary`2 Entries, DescribeCommandEntry DefaultCommand, DispatchShell Dispatch, String[] Args, Int32 Index) in C:\Users\hallam\Work\mmm\Libraries\Goedel.Command\Command.cs:line 224&#xD;
   at Goedel.Command.CommandLineInterpreterBase.Dispatcher(SortedDictionary`2 Entries, DescribeCommandEntry DefaultCommand, DispatchShell Dispatch, String[] Args, Int32 Index) in C:\Users\hallam\Work\mmm\Libraries\Goedel.Command\Command.cs:line 228&#xD;
   at Goedel.Mesh.Test.TestCLI.Dispatch(String command, Boolean fail) in C:\Users\hallam\Work\mmm\Testing\Goedel.Mesh.Test\TestShell.cs:line 241&#xD;
   at Goedel.XUnit.ShellTests.TestAuthCreate(TestCLI device1, TestCLI device2, String auth) in C:\Users\hallam\Work\mmm\Testing\Goedel.Mesh.Shell.Test-xunit\TestProfile.cs:line 429&#xD;
   at Goedel.XUnit.ShellTests.TestCreateWeb() in C:\Users\hallam\Work\mmm\Testing\Goedel.Mesh.Shell.Test-xunit\TestProfile.cs:line 372</StackTrace>
        </ErrorInfo>
      </Output>
    </UnitTestResult>
    <UnitTestResult executionId="dbeadd50-8932-47fb-b27b-ee2ee16699dd" testId="3ef93204-9f9a-a3f3-8202-5e896c5ccb45" testName="Goedel.XUnit.GoedelProtocol.TestEncodeDecode(First: {&#xA;  &quot;FieldBoolean&quot;: true,&#xA;  &quot;FieldInteger&quot;: 1,&#xA;  &quot;FieldDateTime&quot;: &quot;2021-12-02T13:54:15Z&quot;,&#xA;  &quot;FieldString&quot;: &quot;This is a test&quot;,&#xA;  &quot;FieldBinary&quot;: &quot;AAECAwQ&quot;,&#xA;  &quot;ArrayBoolean&quot;: [true,&#xA;    false,&#xA;    true,&#xA;    false],&#xA;  &quot;ArrayInteger&quot;: [0,&#xA;    2,&#xA;    4,&#xA;    8],&#xA;  &quot;ArrayDateTime&quot;: [&quot;2021-12-02T13:54:15Z&quot;],&#xA;  &quot;ArrayString&quot;: [&quot;Alice&quot;,&#xA;    &quot;Bob&quot;,&#xA;    &quot;Carol&quot;],&#xA;  &quot;ArrayBinary&quot;: [&quot;T25l&quot;,&#xA;    &quot;VHdv&quot;]}, DataEncoding: JSON_B, ReaderFactory: JSONReaderFactoryDelegate { Method = Goedel.Protocol.JsonReader ReaderFactoryMethod(Byte[]), Target = null })" computerName="VOODOO" duration="00:00:00.0000526" startTime="2021-12-02T13:54:16.0720782-05:00" endTime="2021-12-02T13:54:16.0720783-05:00" testType="13cdc9d9-ddb5-4fa4-a97d-d965ccfc6d4b" outcome="Passed" testListId="8c84fa94-04c1-424b-9868-57a2d4851a1d" relativeResultsDirectory="dbeadd50-8932-47fb-b27b-ee2ee16699dd" />
    <UnitTestResult executionId="406e8e6b-b876-4d2c-a8ea-1ce08162b70d" testId="c8fb4ef5-2ab3-807a-2438-b77969096f64" testName="Goedel.XUnit.GoedelProtocol.TestInstanceB" computerName="VOODOO" duration="00:00:00.0001305" startTime="2021-12-02T13:54:16.0942121-05:00" endTime="2021-12-02T13:54:16.0942122-05:00" testType="13cdc9d9-ddb5-4fa4-a97d-d965ccfc6d4b" outcome="Passed" testListId="8c84fa94-04c1-424b-9868-57a2d4851a1d" relativeResultsDirectory="406e8e6b-b876-4d2c-a8ea-1ce08162b70d" />
    <UnitTestResult executionId="0099ba39-db5b-4790-bf6c-4caaec3489f2" testId="71141820-362c-e290-e290-243221eaef51" testName="Goedel.XUnit.TestDareArchive.TestArchive10" computerName="VOODOO" duration="00:00:00.0179591" startTime="2021-12-02T13:54:17.2459283-05:00" endTime="2021-12-02T13:54:17.2459288-05:00" testType="13cdc9d9-ddb5-4fa4-a97d-d965ccfc6d4b" outcome="Passed" testListId="8c84fa94-04c1-424b-9868-57a2d4851a1d" relativeResultsDirectory="0099ba39-db5b-4790-bf6c-4caaec3489f2" />
    <UnitTestResult executionId="f7e07af7-577c-452a-bd79-1b0855408843" testId="6c5a8144-ae35-059d-b90d-4beb5221b719" testName="Goedel.XUnit.TestContainers.ContainerTestList" computerName="VOODOO" duration="00:00:00.0234490" startTime="2021-12-02T13:54:16.5839757-05:00" endTime="2021-12-02T13:54:16.5839762-05:00" testType="13cdc9d9-ddb5-4fa4-a97d-d965ccfc6d4b" outcome="Passed" testListId="8c84fa94-04c1-424b-9868-57a2d4851a1d" relativeResultsDirectory="f7e07af7-577c-452a-bd79-1b0855408843" />
    <UnitTestResult executionId="fef6e273-67de-4be5-9e7a-752aa415fb52" testId="e2ea1917-222f-09a7-5f91-0bfca8f3c699" testName="Goedel.XUnit.TestCryptographyJose.RoundTripKeyEphemeral(cryptoAlgorithmID: DH)" computerName="VOODOO" duration="00:00:00.1096919" startTime="2021-12-02T13:54:14.5403462-05:00" endTime="2021-12-02T13:54:14.5403464-05:00" testType="13cdc9d9-ddb5-4fa4-a97d-d965ccfc6d4b" outcome="Passed" testListId="8c84fa94-04c1-424b-9868-57a2d4851a1d" relativeResultsDirectory="fef6e273-67de-4be5-9e7a-752aa415fb52" />
    <UnitTestResult executionId="19c10fdc-bd04-4830-afd2-b664703cf613" testId="06b1e89e-d2c4-5c0d-4a67-f48b1a33288c" testName="Goedel.XUnit.KeyFileTest.TestWritePEMRSA" computerName="VOODOO" duration="00:00:00.0044497" startTime="2021-12-02T13:54:08.0219729-05:00" endTime="2021-12-02T13:54:08.0219730-05:00" testType="13cdc9d9-ddb5-4fa4-a97d-d965ccfc6d4b" outcome="Passed" testListId="8c84fa94-04c1-424b-9868-57a2d4851a1d" relativeResultsDirectory="19c10fdc-bd04-4830-afd2-b664703cf613" />
    <UnitTestResult executionId="53d8a2d1-5db6-4390-9372-08a8ff738955" testId="59e8c5a4-a56c-d5fb-d8db-e2fad7e168d5" testName="Goedel.XUnit.ShellTestsAdmin.TestDigest" computerName="VOODOO" duration="00:00:00.0271471" startTime="2021-12-02T13:54:54.0964314-05:00" endTime="2021-12-02T13:54:54.0964315-05:00" testType="13cdc9d9-ddb5-4fa4-a97d-d965ccfc6d4b" outcome="Passed" testListId="8c84fa94-04c1-424b-9868-57a2d4851a1d" relativeResultsDirectory="53d8a2d1-5db6-4390-9372-08a8ff738955" />
    <UnitTestResult executionId="d60a8d6a-05f6-4d1d-b27e-7ba5af4c0267" testId="6ea0fa66-fe7f-6c59-75e5-c21b5e80e33b" testName="Goedel.XUnit.ShellTestsAdmin.TestFileSign" computerName="VOODOO" duration="00:00:01.1382205" startTime="2021-12-02T13:55:14.1732996-05:00" endTime="2021-12-02T13:55:14.1732997-05:00" testType="13cdc9d9-ddb5-4fa4-a97d-d965ccfc6d4b" outcome="Failed" testListId="8c84fa94-04c1-424b-9868-57a2d4851a1d" relativeResultsDirectory="d60a8d6a-05f6-4d1d-b27e-7ba5af4c0267">
      <Output>
        <ErrorInfo>
          <Message>Goedel.Mesh.ServiceAdmin.HostNotFound : Configuration for the host ServiceConfig.json could not be found</Message>
          <StackTrace>   at Goedel.Mesh.ServiceAdmin.Configuration.GetHostConfiguration(String id) in C:\Users\hallam\Work\mmm\Mesh\Goedel.Mesh.ServiceAdmin\ServiceDescription.cs:line 135&#xD;
   at Goedel.Mesh.Shell.Host.Shell.HostStart(HostStart Options) in C:\Users\hallam\Work\mmm\Mesh\Goedel.Mesh.Shell.Host\ShellDispatch.cs:line 156&#xD;
   at Goedel.Mesh.Shell.Host.CommandLineInterpreter.Handle_HostStart(DispatchShell DispatchIn, String[] Args, Int32 Index) in C:\Users\hallam\Work\mmm\Mesh\Goedel.Mesh.Shell.Host\anyhost.cs:line 172&#xD;
   at Goedel.Command.CommandLineInterpreterBase.Dispatcher(SortedDictionary`2 Entries, DescribeCommandEntry DefaultCommand, DispatchShell Dispatch, String[] Args, Int32 Index) in C:\Users\hallam\Work\mmm\Libraries\Goedel.Command\Command.cs:line 224&#xD;
   at Goedel.Mesh.Shell.Host.CommandLineInterpreter.MainMethod(Shell Dispatch, String[] Args) in C:\Users\hallam\Work\mmm\Mesh\Goedel.Mesh.Shell.Host\anyhost.cs:line 161&#xD;
   at Goedel.Mesh.Test.TestEnvironmentRdpShell.Host(String command) in C:\Users\hallam\Work\mmm\Testing\Goedel.Mesh.Test\TestEnvironmentCommon.cs:line 121&#xD;
   at Goedel.Mesh.Test.TestEnvironmentRdpShell.StartService() in C:\Users\hallam\Work\mmm\Testing\Goedel.Mesh.Test\TestEnvironmentCommon.cs:line 90&#xD;
   at Goedel.Mesh.Test.TestEnvironmentRdpShell.GetMeshClient(MeshMachineTest meshMachineTest, ICredentialPrivate credential, String service, String accountAddress) in C:\Users\hallam\Work\mmm\Testing\Goedel.Mesh.Test\TestEnvironmentCommon.cs:line 102&#xD;
   at Goedel.Mesh.Test.MeshMachineTest.GetMeshClient(ICredentialPrivate credential, String service, String accountAddress) in C:\Users\hallam\Work\mmm\Testing\Goedel.Mesh.Test\MeshMachineTest.cs:line 88&#xD;
   at Goedel.Mesh.Client.ContextUser.SetService(String accountAddress) in C:\Users\hallam\Work\mmm\Mesh\Goedel.Mesh.Client\ContextUser.cs:line 243&#xD;
   at Goedel.Mesh.Client.MeshHost.ConfigureMesh(String accountAddress, String localName, PrivateKeyUDF accountSeed, ProfileDevice profileDevice, List`1 rights, Boolean create) in C:\Users\hallam\Work\mmm\Mesh\Goedel.Mesh.Client\MeshHost.cs:line 269&#xD;
   at Goedel.Mesh.Shell.Shell.AccountCreate(AccountCreate options) in C:\Users\hallam\Work\mmm\Mesh\Goedel.Mesh.Shell\DispatchAccount.cs:line 68&#xD;
   at Goedel.Mesh.Shell.CommandLineInterpreter.Handle_AccountCreate(DispatchShell DispatchIn, String[] Args, Int32 Index) in C:\Users\hallam\Work\mmm\Mesh\Goedel.Mesh.Shell\meshman.cs:line 520&#xD;
   at Goedel.Command.CommandLineInterpreterBase.Dispatcher(SortedDictionary`2 Entries, DescribeCommandEntry DefaultCommand, DispatchShell Dispatch, String[] Args, Int32 Index) in C:\Users\hallam\Work\mmm\Libraries\Goedel.Command\Command.cs:line 224&#xD;
   at Goedel.Command.CommandLineInterpreterBase.Dispatcher(SortedDictionary`2 Entries, DescribeCommandEntry DefaultCommand, DispatchShell Dispatch, String[] Args, Int32 Index) in C:\Users\hallam\Work\mmm\Libraries\Goedel.Command\Command.cs:line 228&#xD;
   at Goedel.Mesh.Test.TestCLI.Dispatch(String command, Boolean fail) in C:\Users\hallam\Work\mmm\Testing\Goedel.Mesh.Test\TestShell.cs:line 241&#xD;
   at Goedel.XUnit.ShellTests.Dispatch(String command, Boolean fail) in C:\Users\hallam\Work\mmm\Testing\Goedel.Mesh.Shell.Test-xunit\Base.cs:line 159&#xD;
   at Goedel.XUnit.ShellTests.CreateAccount(String account) in C:\Users\hallam\Work\mmm\Testing\Goedel.Mesh.Shell.Test-xunit\Base.cs:line 162&#xD;
   at Goedel.XUnit.ShellTests.TestFileSign() in C:\Users\hallam\Work\mmm\Testing\Goedel.Mesh.Shell.Test-xunit\TestDare.cs:line 61</StackTrace>
        </ErrorInfo>
      </Output>
    </UnitTestResult>
    <UnitTestResult executionId="85625452-77b8-4d16-8c48-c27c1fe92243" testId="916a15da-e5ca-6bcb-2bf9-c0a78f139a57" testName="Goedel.XUnit.TestLifecycle.Test_LifecycleAdmin(CryptoAlgorithmID: DH, KeySize: 2048)" computerName="VOODOO" duration="00:00:00.2842662" startTime="2021-12-02T13:54:20.0376821-05:00" endTime="2021-12-02T13:54:20.0376823-05:00" testType="13cdc9d9-ddb5-4fa4-a97d-d965ccfc6d4b" outcome="Passed" testListId="8c84fa94-04c1-424b-9868-57a2d4851a1d" relativeResultsDirectory="85625452-77b8-4d16-8c48-c27c1fe92243" />
    <UnitTestResult executionId="6fabb978-b1bc-44c6-ba84-636f249ecd2a" testId="d69bd8a9-7fc8-601e-ee25-2517cc707174" testName="Goedel.XUnit.TestService.KeyShareTestDirect(cryptoAlgorithmId: EdDSA)" computerName="VOODOO" duration="00:00:00.0610371" startTime="2021-12-02T13:54:21.0766957-05:00" endTime="2021-12-02T13:54:21.0766959-05:00" testType="13cdc9d9-ddb5-4fa4-a97d-d965ccfc6d4b" outcome="Passed" testListId="8c84fa94-04c1-424b-9868-57a2d4851a1d" relativeResultsDirectory="6fabb978-b1bc-44c6-ba84-636f249ecd2a" />
    <UnitTestResult executionId="87ee99bc-7d48-4f04-8269-cf8c90804278" testId="7c43b13e-8eb5-42ed-0240-fd6f72e3d557" testName="Goedel.XUnit.TestContainers.ContainerTestEncrypted" computerName="VOODOO" duration="00:00:00.3171872" startTime="2021-12-02T13:54:24.0913554-05:00" endTime="2021-12-02T13:54:24.0913557-05:00" testType="13cdc9d9-ddb5-4fa4-a97d-d965ccfc6d4b" outcome="Passed" testListId="8c84fa94-04c1-424b-9868-57a2d4851a1d" relativeResultsDirectory="87ee99bc-7d48-4f04-8269-cf8c90804278" />
    <UnitTestResult executionId="1c1c380f-7485-4782-84b5-c64120710cca" testId="6b8a8182-efb3-835d-1940-febb1d978c66" testName="Goedel.XUnit.TestDare.EnvelopeDigestAtomic" computerName="VOODOO" duration="00:00:00.7825678" startTime="2021-12-02T13:54:18.2693728-05:00" endTime="2021-12-02T13:54:18.2693730-05:00" testType="13cdc9d9-ddb5-4fa4-a97d-d965ccfc6d4b" outcome="Passed" testListId="8c84fa94-04c1-424b-9868-57a2d4851a1d" relativeResultsDirectory="1c1c380f-7485-4782-84b5-c64120710cca" />
    <UnitTestResult executionId="3da48271-48f8-4bd4-9a41-d07840850ae2" testId="1dd173b8-c879-3270-be9f-52603fc841c8" testName="Goedel.XUnit.TestSplit.TestKeyShare(bits: 32, hexData: &quot;00000000&quot;)" computerName="VOODOO" duration="00:00:00.0000166" startTime="2021-12-02T13:54:13.5890056-05:00" endTime="2021-12-02T13:54:13.5890057-05:00" testType="13cdc9d9-ddb5-4fa4-a97d-d965ccfc6d4b" outcome="Passed" testListId="8c84fa94-04c1-424b-9868-57a2d4851a1d" relativeResultsDirectory="3da48271-48f8-4bd4-9a41-d07840850ae2" />
    <UnitTestResult executionId="6cf58023-fecd-4d4d-9e8c-088560736000" testId="124dcc1d-2f96-547d-cc64-ada55082043d" testName="Goedel.XUnit.TestPlatformWindows.TestWritePEMRSA" computerName="VOODOO" duration="00:00:00.0842104" startTime="2021-12-02T13:54:07.1491815-05:00" endTime="2021-12-02T13:54:07.1492243-05:00" testType="13cdc9d9-ddb5-4fa4-a97d-d965ccfc6d4b" outcome="Passed" testListId="8c84fa94-04c1-424b-9868-57a2d4851a1d" relativeResultsDirectory="6cf58023-fecd-4d4d-9e8c-088560736000" />
    <UnitTestResult executionId="32c486d9-dc17-4e30-a0ae-9d9cece5c7d3" testId="f0f873c6-559d-adc0-2b1a-f0f66034cfef" testName="Goedel.XUnit.TestDigests.TestSHA_Stream(Message: &quot;a&quot;, Repeat: 1000000, TestData: [TestVector { Digest = [...], ID = NULL }, TestVector { Digest = [...], ID = NULL }, TestVector { Digest = [...], ID = SHA_2_256 }, TestVector { Digest = [...], ID = NULL }, TestVector { Digest = [...], ID = SHA_2_512 }, ...])" computerName="VOODOO" duration="00:00:04.1387457" startTime="2021-12-02T13:54:17.6458077-05:00" endTime="2021-12-02T13:54:17.6458078-05:00" testType="13cdc9d9-ddb5-4fa4-a97d-d965ccfc6d4b" outcome="Passed" testListId="8c84fa94-04c1-424b-9868-57a2d4851a1d" relativeResultsDirectory="32c486d9-dc17-4e30-a0ae-9d9cece5c7d3" />
    <UnitTestResult executionId="72f19173-a784-4c37-87f4-d8b97d379967" testId="f0f873c6-559d-adc0-2b1a-f0f66034cfef" testName="Goedel.XUnit.TestDigests.TestSHA_Stream(Message: &quot;abc&quot;, Repeat: 1, TestData: [TestVector { Digest = [...], ID = NULL }, TestVector { Digest = [...], ID = NULL }, TestVector { Digest = [...], ID = SHA_2_256 }, TestVector { Digest = [...], ID = NULL }, TestVector { Digest = [...], ID = SHA_2_512 }, ...])" computerName="VOODOO" duration="00:00:00.0296346" startTime="2021-12-02T13:54:13.6175890-05:00" endTime="2021-12-02T13:54:13.6175891-05:00" testType="13cdc9d9-ddb5-4fa4-a97d-d965ccfc6d4b" outcome="Passed" testListId="8c84fa94-04c1-424b-9868-57a2d4851a1d" relativeResultsDirectory="72f19173-a784-4c37-87f4-d8b97d379967" />
    <UnitTestResult executionId="83bb6bb1-7ef3-4570-9f98-77ffa65537d9" testId="4c5a69dc-ab86-11f7-f3c6-8114bcff08f7" testName="Goedel.XUnit.ShellTestsAdmin.TestSequence(count: 100, encrypt: null, sign: null, purge: False, index: False, initial: &quot;Archive1&quot;)" computerName="VOODOO" duration="00:00:01.5893453" startTime="2021-12-02T13:54:48.6666132-05:00" endTime="2021-12-02T13:54:48.6666133-05:00" testType="13cdc9d9-ddb5-4fa4-a97d-d965ccfc6d4b" outcome="Failed" testListId="8c84fa94-04c1-424b-9868-57a2d4851a1d" relativeResultsDirectory="83bb6bb1-7ef3-4570-9f98-77ffa65537d9">
      <Output>
        <ErrorInfo>
          <Message>Goedel.Mesh.ServiceAdmin.HostNotFound : Configuration for the host ServiceConfig.json could not be found</Message>
          <StackTrace>   at Goedel.Mesh.ServiceAdmin.Configuration.GetHostConfiguration(String id) in C:\Users\hallam\Work\mmm\Mesh\Goedel.Mesh.ServiceAdmin\ServiceDescription.cs:line 135&#xD;
   at Goedel.Mesh.Shell.Host.Shell.HostStart(HostStart Options) in C:\Users\hallam\Work\mmm\Mesh\Goedel.Mesh.Shell.Host\ShellDispatch.cs:line 156&#xD;
   at Goedel.Mesh.Shell.Host.CommandLineInterpreter.Handle_HostStart(DispatchShell DispatchIn, String[] Args, Int32 Index) in C:\Users\hallam\Work\mmm\Mesh\Goedel.Mesh.Shell.Host\anyhost.cs:line 172&#xD;
   at Goedel.Command.CommandLineInterpreterBase.Dispatcher(SortedDictionary`2 Entries, DescribeCommandEntry DefaultCommand, DispatchShell Dispatch, String[] Args, Int32 Index) in C:\Users\hallam\Work\mmm\Libraries\Goedel.Command\Command.cs:line 224&#xD;
   at Goedel.Mesh.Shell.Host.CommandLineInterpreter.MainMethod(Shell Dispatch, String[] Args) in C:\Users\hallam\Work\mmm\Mesh\Goedel.Mesh.Shell.Host\anyhost.cs:line 161&#xD;
   at Goedel.Mesh.Test.TestEnvironmentRdpShell.Host(String command) in C:\Users\hallam\Work\mmm\Testing\Goedel.Mesh.Test\TestEnvironmentCommon.cs:line 121&#xD;
   at Goedel.Mesh.Test.TestEnvironmentRdpShell.StartService() in C:\Users\hallam\Work\mmm\Testing\Goedel.Mesh.Test\TestEnvironmentCommon.cs:line 90&#xD;
   at Goedel.Mesh.Test.TestEnvironmentRdpShell.GetMeshClient(MeshMachineTest meshMachineTest, ICredentialPrivate credential, String service, String accountAddress) in C:\Users\hallam\Work\mmm\Testing\Goedel.Mesh.Test\TestEnvironmentCommon.cs:line 102&#xD;
   at Goedel.Mesh.Test.MeshMachineTest.GetMeshClient(ICredentialPrivate credential, String service, String accountAddress) in C:\Users\hallam\Work\mmm\Testing\Goedel.Mesh.Test\MeshMachineTest.cs:line 88&#xD;
   at Goedel.Mesh.Client.ContextUser.SetService(String accountAddress) in C:\Users\hallam\Work\mmm\Mesh\Goedel.Mesh.Client\ContextUser.cs:line 243&#xD;
   at Goedel.Mesh.Client.MeshHost.ConfigureMesh(String accountAddress, String localName, PrivateKeyUDF accountSeed, ProfileDevice profileDevice, List`1 rights, Boolean create) in C:\Users\hallam\Work\mmm\Mesh\Goedel.Mesh.Client\MeshHost.cs:line 269&#xD;
   at Goedel.Mesh.Shell.Shell.AccountCreate(AccountCreate options) in C:\Users\hallam\Work\mmm\Mesh\Goedel.Mesh.Shell\DispatchAccount.cs:line 68&#xD;
   at Goedel.Mesh.Shell.CommandLineInterpreter.Handle_AccountCreate(DispatchShell DispatchIn, String[] Args, Int32 Index) in C:\Users\hallam\Work\mmm\Mesh\Goedel.Mesh.Shell\meshman.cs:line 520&#xD;
   at Goedel.Command.CommandLineInterpreterBase.Dispatcher(SortedDictionary`2 Entries, DescribeCommandEntry DefaultCommand, DispatchShell Dispatch, String[] Args, Int32 Index) in C:\Users\hallam\Work\mmm\Libraries\Goedel.Command\Command.cs:line 224&#xD;
   at Goedel.Command.CommandLineInterpreterBase.Dispatcher(SortedDictionary`2 Entries, DescribeCommandEntry DefaultCommand, DispatchShell Dispatch, String[] Args, Int32 Index) in C:\Users\hallam\Work\mmm\Libraries\Goedel.Command\Command.cs:line 228&#xD;
   at Goedel.Mesh.Test.TestCLI.Dispatch(String command, Boolean fail) in C:\Users\hallam\Work\mmm\Testing\Goedel.Mesh.Test\TestShell.cs:line 241&#xD;
   at Goedel.XUnit.ShellTests.Dispatch(String command, Boolean fail) in C:\Users\hallam\Work\mmm\Testing\Goedel.Mesh.Shell.Test-xunit\Base.cs:line 159&#xD;
   at Goedel.XUnit.ShellTests.CreateAccount(String account) in C:\Users\hallam\Work\mmm\Testing\Goedel.Mesh.Shell.Test-xunit\Base.cs:line 162&#xD;
   at Goedel.XUnit.ShellTests.TestSequence(Int32 count, String encrypt, String sign, Boolean purge, Boolean index, String initial) in C:\Users\hallam\Work\mmm\Testing\Goedel.Mesh.Shell.Test-xunit\TestDare.cs:line 137</StackTrace>
        </ErrorInfo>
      </Output>
    </UnitTestResult>
    <UnitTestResult executionId="1f845f75-1927-4ced-a656-2029893b426c" testId="590839d7-127e-e6f2-a199-feb9928713de" testName="Goedel.XUnit.TestContainers.ContainerTestMerkleTree" computerName="VOODOO" duration="00:00:00.0154361" startTime="2021-12-02T13:54:25.2480297-05:00" endTime="2021-12-02T13:54:25.2480300-05:00" testType="13cdc9d9-ddb5-4fa4-a97d-d965ccfc6d4b" outcome="Passed" testListId="8c84fa94-04c1-424b-9868-57a2d4851a1d" relativeResultsDirectory="1f845f75-1927-4ced-a656-2029893b426c" />
    <UnitTestResult executionId="7eb47b46-ef86-4a00-ad06-93fab5b9eeb0" testId="3705dd90-c87f-4fc2-e07a-b01f0c163581" testName="Goedel.XUnit.TestContainers.ContainerTest1" computerName="VOODOO" duration="00:00:00.0218783" startTime="2021-12-02T13:54:24.8524045-05:00" endTime="2021-12-02T13:54:24.8524047-05:00" testType="13cdc9d9-ddb5-4fa4-a97d-d965ccfc6d4b" outcome="Passed" testListId="8c84fa94-04c1-424b-9868-57a2d4851a1d" relativeResultsDirectory="7eb47b46-ef86-4a00-ad06-93fab5b9eeb0" />
    <UnitTestResult executionId="0c375d60-60ab-4a1e-8386-c3718d085d78" testId="7a783999-fe46-6b2d-85ed-7ce21871ed35" testName="Goedel.XUnit.ShellTestsAdmin.TestMessageConfirmationReject" computerName="VOODOO" duration="00:00:02.1338947" startTime="2021-12-02T13:54:22.5014084-05:00" endTime="2021-12-02T13:54:22.5014086-05:00" testType="13cdc9d9-ddb5-4fa4-a97d-d965ccfc6d4b" outcome="Failed" testListId="8c84fa94-04c1-424b-9868-57a2d4851a1d" relativeResultsDirectory="0c375d60-60ab-4a1e-8386-c3718d085d78">
      <Output>
        <ErrorInfo>
          <Message>Goedel.Mesh.ServiceAdmin.HostNotFound : Configuration for the host ServiceConfig.json could not be found</Message>
          <StackTrace>   at Goedel.Mesh.ServiceAdmin.Configuration.GetHostConfiguration(String id) in C:\Users\hallam\Work\mmm\Mesh\Goedel.Mesh.ServiceAdmin\ServiceDescription.cs:line 135&#xD;
   at Goedel.Mesh.Shell.Host.Shell.HostStart(HostStart Options) in C:\Users\hallam\Work\mmm\Mesh\Goedel.Mesh.Shell.Host\ShellDispatch.cs:line 156&#xD;
   at Goedel.Mesh.Shell.Host.CommandLineInterpreter.Handle_HostStart(DispatchShell DispatchIn, String[] Args, Int32 Index) in C:\Users\hallam\Work\mmm\Mesh\Goedel.Mesh.Shell.Host\anyhost.cs:line 172&#xD;
   at Goedel.Command.CommandLineInterpreterBase.Dispatcher(SortedDictionary`2 Entries, DescribeCommandEntry DefaultCommand, DispatchShell Dispatch, String[] Args, Int32 Index) in C:\Users\hallam\Work\mmm\Libraries\Goedel.Command\Command.cs:line 224&#xD;
   at Goedel.Mesh.Shell.Host.CommandLineInterpreter.MainMethod(Shell Dispatch, String[] Args) in C:\Users\hallam\Work\mmm\Mesh\Goedel.Mesh.Shell.Host\anyhost.cs:line 161&#xD;
   at Goedel.Mesh.Test.TestEnvironmentRdpShell.Host(String command) in C:\Users\hallam\Work\mmm\Testing\Goedel.Mesh.Test\TestEnvironmentCommon.cs:line 121&#xD;
   at Goedel.Mesh.Test.TestEnvironmentRdpShell.StartService() in C:\Users\hallam\Work\mmm\Testing\Goedel.Mesh.Test\TestEnvironmentCommon.cs:line 90&#xD;
   at Goedel.Mesh.Test.TestEnvironmentRdpShell.GetMeshClient(MeshMachineTest meshMachineTest, ICredentialPrivate credential, String service, String accountAddress) in C:\Users\hallam\Work\mmm\Testing\Goedel.Mesh.Test\TestEnvironmentCommon.cs:line 102&#xD;
   at Goedel.Mesh.Test.MeshMachineTest.GetMeshClient(ICredentialPrivate credential, String service, String accountAddress) in C:\Users\hallam\Work\mmm\Testing\Goedel.Mesh.Test\MeshMachineTest.cs:line 88&#xD;
   at Goedel.Mesh.Client.ContextUser.SetService(String accountAddress) in C:\Users\hallam\Work\mmm\Mesh\Goedel.Mesh.Client\ContextUser.cs:line 243&#xD;
   at Goedel.Mesh.Client.MeshHost.ConfigureMesh(String accountAddress, String localName, PrivateKeyUDF accountSeed, ProfileDevice profileDevice, List`1 rights, Boolean create) in C:\Users\hallam\Work\mmm\Mesh\Goedel.Mesh.Client\MeshHost.cs:line 269&#xD;
   at Goedel.Mesh.Shell.Shell.AccountCreate(AccountCreate options) in C:\Users\hallam\Work\mmm\Mesh\Goedel.Mesh.Shell\DispatchAccount.cs:line 68&#xD;
   at Goedel.Mesh.Shell.CommandLineInterpreter.Handle_AccountCreate(DispatchShell DispatchIn, String[] Args, Int32 Index) in C:\Users\hallam\Work\mmm\Mesh\Goedel.Mesh.Shell\meshman.cs:line 520&#xD;
   at Goedel.Command.CommandLineInterpreterBase.Dispatcher(SortedDictionary`2 Entries, DescribeCommandEntry DefaultCommand, DispatchShell Dispatch, String[] Args, Int32 Index) in C:\Users\hallam\Work\mmm\Libraries\Goedel.Command\Command.cs:line 224&#xD;
   at Goedel.Command.CommandLineInterpreterBase.Dispatcher(SortedDictionary`2 Entries, DescribeCommandEntry DefaultCommand, DispatchShell Dispatch, String[] Args, Int32 Index) in C:\Users\hallam\Work\mmm\Libraries\Goedel.Command\Command.cs:line 228&#xD;
   at Goedel.Mesh.Test.TestCLI.Dispatch(String command, Boolean fail) in C:\Users\hallam\Work\mmm\Testing\Goedel.Mesh.Test\TestShell.cs:line 241&#xD;
   at Goedel.XUnit.ShellTests.MakeAccount(TestCLI device, String account) in C:\Users\hallam\Work\mmm\Testing\Goedel.Mesh.Shell.Test-xunit\TestMessage.cs:line 186&#xD;
   at Goedel.XUnit.ShellTests.CreateAliceBob(TestCLI&amp; deviceA, TestCLI&amp; deviceB) in C:\Users\hallam\Work\mmm\Testing\Goedel.Mesh.Shell.Test-xunit\TestMessage.cs:line 264&#xD;
   at Goedel.XUnit.ShellTests.TestMessageConfirmationReject() in C:\Users\hallam\Work\mmm\Testing\Goedel.Mesh.Shell.Test-xunit\TestMessage.cs:line 338</StackTrace>
        </ErrorInfo>
      </Output>
    </UnitTestResult>
    <UnitTestResult executionId="6e8e2353-a634-4191-80ce-f345d531cecb" testId="7326c1a2-314c-8d2d-fa0d-1fab43cf2d1a" testName="Goedel.XUnit.ShellTests.TestProfileCalendar" computerName="VOODOO" duration="00:00:01.1508864" startTime="2021-12-02T13:54:33.6711347-05:00" endTime="2021-12-02T13:54:33.6711349-05:00" testType="13cdc9d9-ddb5-4fa4-a97d-d965ccfc6d4b" outcome="Failed" testListId="8c84fa94-04c1-424b-9868-57a2d4851a1d" relativeResultsDirectory="6e8e2353-a634-4191-80ce-f345d531cecb">
      <Output>
        <ErrorInfo>
          <Message>System.NullReferenceException : Object reference not set to an instance of an object.</Message>
          <StackTrace>   at Goedel.Mesh.Server.PublicMeshService..ctor(IMeshMachine meshMachine, ServiceConfiguration serviceConfiguration, HostConfiguration hostConfiguration) in C:\Users\hallam\Work\mmm\Mesh\Goedel.Mesh.Server\MeshDispatch.cs:line 136&#xD;
   at Goedel.Mesh.Test.TestEnvironmentCommon.get_MeshService() in C:\Users\hallam\Work\mmm\Testing\Goedel.Mesh.Test\TestEnvironmentCommon.cs:line 203&#xD;
   at Goedel.Mesh.Test.TestEnvironmentCommon.GetMeshClient(MeshMachineTest meshMachineTest, ICredentialPrivate credential, String serviceId, String accountAddress) in C:\Users\hallam\Work\mmm\Testing\Goedel.Mesh.Test\TestEnvironmentCommon.cs:line 222&#xD;
   at Goedel.Mesh.Test.MeshMachineTest.GetMeshClient(ICredentialPrivate credential, String service, String accountAddress) in C:\Users\hallam\Work\mmm\Testing\Goedel.Mesh.Test\MeshMachineTest.cs:line 88&#xD;
   at Goedel.Mesh.Client.ContextUser.SetService(String accountAddress) in C:\Users\hallam\Work\mmm\Mesh\Goedel.Mesh.Client\ContextUser.cs:line 243&#xD;
   at Goedel.Mesh.Client.MeshHost.ConfigureMesh(String accountAddress, String localName, PrivateKeyUDF accountSeed, ProfileDevice profileDevice, List`1 rights, Boolean create) in C:\Users\hallam\Work\mmm\Mesh\Goedel.Mesh.Client\MeshHost.cs:line 269&#xD;
   at Goedel.Mesh.Shell.Shell.AccountCreate(AccountCreate options) in C:\Users\hallam\Work\mmm\Mesh\Goedel.Mesh.Shell\DispatchAccount.cs:line 68&#xD;
   at Goedel.Mesh.Shell.CommandLineInterpreter.Handle_AccountCreate(DispatchShell DispatchIn, String[] Args, Int32 Index) in C:\Users\hallam\Work\mmm\Mesh\Goedel.Mesh.Shell\meshman.cs:line 520&#xD;
   at Goedel.Command.CommandLineInterpreterBase.Dispatcher(SortedDictionary`2 Entries, DescribeCommandEntry DefaultCommand, DispatchShell Dispatch, String[] Args, Int32 Index) in C:\Users\hallam\Work\mmm\Libraries\Goedel.Command\Command.cs:line 224&#xD;
   at Goedel.Command.CommandLineInterpreterBase.Dispatcher(SortedDictionary`2 Entries, DescribeCommandEntry DefaultCommand, DispatchShell Dispatch, String[] Args, Int32 Index) in C:\Users\hallam\Work\mmm\Libraries\Goedel.Command\Command.cs:line 228&#xD;
   at Goedel.Mesh.Test.TestCLI.Dispatch(String command, Boolean fail) in C:\Users\hallam\Work\mmm\Testing\Goedel.Mesh.Test\TestShell.cs:line 241&#xD;
   at Goedel.XUnit.ShellTests.Dispatch(String command, Boolean fail) in C:\Users\hallam\Work\mmm\Testing\Goedel.Mesh.Shell.Test-xunit\Base.cs:line 159&#xD;
   at Goedel.XUnit.ShellTests.CreateAccount(String account) in C:\Users\hallam\Work\mmm\Testing\Goedel.Mesh.Shell.Test-xunit\Base.cs:line 162&#xD;
   at Goedel.XUnit.ShellTests.TestProfileCalendar() in C:\Users\hallam\Work\mmm\Testing\Goedel.Mesh.Shell.Test-xunit\TestCatalog.cs:line 196</StackTrace>
        </ErrorInfo>
      </Output>
    </UnitTestResult>
    <UnitTestResult executionId="3ffb6dd4-26ae-4759-9d1b-c32d802813e2" testId="08244ad6-626f-108e-884b-e73b5ed881fb" testName="Goedel.XUnit.TestLifecycle.Test_LifecycleMaster(CryptoAlgorithmID: Ed448, KeySize: 2048)" computerName="VOODOO" duration="00:00:00.2116331" startTime="2021-12-02T13:54:18.0184911-05:00" endTime="2021-12-02T13:54:18.0184913-05:00" testType="13cdc9d9-ddb5-4fa4-a97d-d965ccfc6d4b" outcome="Passed" testListId="8c84fa94-04c1-424b-9868-57a2d4851a1d" relativeResultsDirectory="3ffb6dd4-26ae-4759-9d1b-c32d802813e2" />
    <UnitTestResult executionId="a82ecfe7-115c-4fc5-b989-cedbfacb16bc" testId="b1f3c5e5-0f5e-dc42-2f60-4cb3c5d77039" testName="Goedel.XUnit.TestGoedelCryptography.X448SignedMultiplyFast(totalIn: 1000, partIn: 50)" computerName="VOODOO" duration="00:00:00.0279691" startTime="2021-12-02T13:55:13.3494367-05:00" endTime="2021-12-02T13:55:13.3494370-05:00" testType="13cdc9d9-ddb5-4fa4-a97d-d965ccfc6d4b" outcome="Passed" testListId="8c84fa94-04c1-424b-9868-57a2d4851a1d" relativeResultsDirectory="a82ecfe7-115c-4fc5-b989-cedbfacb16bc" />
    <UnitTestResult executionId="9ba247f9-634a-479f-98a1-63f655a09c4f" testId="e9d0e6f0-5ea9-5ab2-479b-89408844d977" testName="Goedel.XUnit.ShellTestsAdmin.TestCreateAdmin" computerName="VOODOO" duration="00:00:02.3188506" startTime="2021-12-02T13:54:12.9187937-05:00" endTime="2021-12-02T13:54:12.9187940-05:00" testType="13cdc9d9-ddb5-4fa4-a97d-d965ccfc6d4b" outcome="Failed" testListId="8c84fa94-04c1-424b-9868-57a2d4851a1d" relativeResultsDirectory="9ba247f9-634a-479f-98a1-63f655a09c4f">
      <Output>
        <ErrorInfo>
          <Message>Goedel.Mesh.ServiceAdmin.HostNotFound : Configuration for the host ServiceConfig.json could not be found</Message>
          <StackTrace>   at Goedel.Mesh.ServiceAdmin.Configuration.GetHostConfiguration(String id) in C:\Users\hallam\Work\mmm\Mesh\Goedel.Mesh.ServiceAdmin\ServiceDescription.cs:line 135&#xD;
   at Goedel.Mesh.Shell.Host.Shell.HostStart(HostStart Options) in C:\Users\hallam\Work\mmm\Mesh\Goedel.Mesh.Shell.Host\ShellDispatch.cs:line 156&#xD;
   at Goedel.Mesh.Shell.Host.CommandLineInterpreter.Handle_HostStart(DispatchShell DispatchIn, String[] Args, Int32 Index) in C:\Users\hallam\Work\mmm\Mesh\Goedel.Mesh.Shell.Host\anyhost.cs:line 172&#xD;
   at Goedel.Command.CommandLineInterpreterBase.Dispatcher(SortedDictionary`2 Entries, DescribeCommandEntry DefaultCommand, DispatchShell Dispatch, String[] Args, Int32 Index) in C:\Users\hallam\Work\mmm\Libraries\Goedel.Command\Command.cs:line 224&#xD;
   at Goedel.Mesh.Shell.Host.CommandLineInterpreter.MainMethod(Shell Dispatch, String[] Args) in C:\Users\hallam\Work\mmm\Mesh\Goedel.Mesh.Shell.Host\anyhost.cs:line 161&#xD;
   at Goedel.Mesh.Test.TestEnvironmentRdpShell.Host(String command) in C:\Users\hallam\Work\mmm\Testing\Goedel.Mesh.Test\TestEnvironmentCommon.cs:line 121&#xD;
   at Goedel.Mesh.Test.TestEnvironmentRdpShell.StartService() in C:\Users\hallam\Work\mmm\Testing\Goedel.Mesh.Test\TestEnvironmentCommon.cs:line 90&#xD;
   at Goedel.Mesh.Test.TestEnvironmentRdpShell.GetMeshClient(MeshMachineTest meshMachineTest, ICredentialPrivate credential, String service, String accountAddress) in C:\Users\hallam\Work\mmm\Testing\Goedel.Mesh.Test\TestEnvironmentCommon.cs:line 102&#xD;
   at Goedel.Mesh.Test.MeshMachineTest.GetMeshClient(ICredentialPrivate credential, String service, String accountAddress) in C:\Users\hallam\Work\mmm\Testing\Goedel.Mesh.Test\MeshMachineTest.cs:line 88&#xD;
   at Goedel.Mesh.Client.ContextUser.SetService(String accountAddress) in C:\Users\hallam\Work\mmm\Mesh\Goedel.Mesh.Client\ContextUser.cs:line 243&#xD;
   at Goedel.Mesh.Client.MeshHost.ConfigureMesh(String accountAddress, String localName, PrivateKeyUDF accountSeed, ProfileDevice profileDevice, List`1 rights, Boolean create) in C:\Users\hallam\Work\mmm\Mesh\Goedel.Mesh.Client\MeshHost.cs:line 269&#xD;
   at Goedel.Mesh.Shell.Shell.AccountCreate(AccountCreate options) in C:\Users\hallam\Work\mmm\Mesh\Goedel.Mesh.Shell\DispatchAccount.cs:line 68&#xD;
   at Goedel.Mesh.Shell.CommandLineInterpreter.Handle_AccountCreate(DispatchShell DispatchIn, String[] Args, Int32 Index) in C:\Users\hallam\Work\mmm\Mesh\Goedel.Mesh.Shell\meshman.cs:line 520&#xD;
   at Goedel.Command.CommandLineInterpreterBase.Dispatcher(SortedDictionary`2 Entries, DescribeCommandEntry DefaultCommand, DispatchShell Dispatch, String[] Args, Int32 Index) in C:\Users\hallam\Work\mmm\Libraries\Goedel.Command\Command.cs:line 224&#xD;
   at Goedel.Command.CommandLineInterpreterBase.Dispatcher(SortedDictionary`2 Entries, DescribeCommandEntry DefaultCommand, DispatchShell Dispatch, String[] Args, Int32 Index) in C:\Users\hallam\Work\mmm\Libraries\Goedel.Command\Command.cs:line 228&#xD;
   at Goedel.Mesh.Test.TestCLI.Dispatch(String command, Boolean fail) in C:\Users\hallam\Work\mmm\Testing\Goedel.Mesh.Test\TestShell.cs:line 241&#xD;
   at Goedel.XUnit.ShellTests.TestAuthCreate(TestCLI device1, TestCLI device2, String auth) in C:\Users\hallam\Work\mmm\Testing\Goedel.Mesh.Shell.Test-xunit\TestProfile.cs:line 429&#xD;
   at Goedel.XUnit.ShellTests.TestCreateAdmin() in C:\Users\hallam\Work\mmm\Testing\Goedel.Mesh.Shell.Test-xunit\TestProfile.cs:line 313</StackTrace>
        </ErrorInfo>
      </Output>
    </UnitTestResult>
    <UnitTestResult executionId="037538af-6cc2-4dd4-92f2-be7229e029ff" testId="5b7d492e-79b6-d493-2e8a-65ff14a2f763" testName="Goedel.XUnit.TestSplit.TestShares(N: 3, K: 1)" computerName="VOODOO" duration="00:00:00.0799983" startTime="2021-12-02T13:54:14.5114663-05:00" endTime="2021-12-02T13:54:14.5114665-05:00" testType="13cdc9d9-ddb5-4fa4-a97d-d965ccfc6d4b" outcome="Passed" testListId="8c84fa94-04c1-424b-9868-57a2d4851a1d" relativeResultsDirectory="037538af-6cc2-4dd4-92f2-be7229e029ff" />
    <UnitTestResult executionId="ff91e08e-e4aa-4066-b1e9-56d1dd5d47b1" testId="be2f8993-edd7-de2e-05c4-d75f4f0fad63" testName="Goedel.XUnit.KeyFileTest.TestKeyRead" computerName="VOODOO" duration="00:00:00.0524926" startTime="2021-12-02T13:54:08.0179794-05:00" endTime="2021-12-02T13:54:08.0180044-05:00" testType="13cdc9d9-ddb5-4fa4-a97d-d965ccfc6d4b" outcome="Passed" testListId="8c84fa94-04c1-424b-9868-57a2d4851a1d" relativeResultsDirectory="ff91e08e-e4aa-4066-b1e9-56d1dd5d47b1" />
    <UnitTestResult executionId="2cc95d89-c74e-42dd-92ed-1d223d057694" testId="6b56199f-6181-939a-89fc-2ea29aadc3dd" testName="Goedel.XUnit.TestGoedelCryptography.EncodingTest(iterations: 10, cryptoAlgorithmId: EdDSA)" computerName="VOODOO" duration="00:00:00.0641326" startTime="2021-12-02T13:54:34.8340604-05:00" endTime="2021-12-02T13:54:34.8340620-05:00" testType="13cdc9d9-ddb5-4fa4-a97d-d965ccfc6d4b" outcome="Passed" testListId="8c84fa94-04c1-424b-9868-57a2d4851a1d" relativeResultsDirectory="2cc95d89-c74e-42dd-92ed-1d223d057694" />
    <UnitTestResult executionId="78397711-7876-475c-aba3-dd7859f2083f" testId="f9b35048-4dbe-6165-d3a8-c4d1ab7e122e" testName="Goedel.XUnit.TestContainers.ContainerFixedExchangeTest(encryptPolicy: &quot;Isolated&quot;, seal: True, records: 50, maxSize: 2048, reOpen: 5, moveStep: 2, cryptoAlgorithmId: X25519)" computerName="VOODOO" duration="00:00:00.7529806" startTime="2021-12-02T13:54:23.7370454-05:00" endTime="2021-12-02T13:54:23.7370457-05:00" testType="13cdc9d9-ddb5-4fa4-a97d-d965ccfc6d4b" outcome="Passed" testListId="8c84fa94-04c1-424b-9868-57a2d4851a1d" relativeResultsDirectory="78397711-7876-475c-aba3-dd7859f2083f" />
    <UnitTestResult executionId="9e3ece87-f956-41fb-9c8f-84ba4bf8e197" testId="34fea07c-2e42-b4f1-6076-bfbb6482a479" testName="Goedel.XUnit.TestAsymmetric.EncryptTest(algorithmID: Exchange)" computerName="VOODOO" duration="00:00:00.2101210" startTime="2021-12-02T13:54:18.9551190-05:00" endTime="2021-12-02T13:54:18.9551193-05:00" testType="13cdc9d9-ddb5-4fa4-a97d-d965ccfc6d4b" outcome="Passed" testListId="8c84fa94-04c1-424b-9868-57a2d4851a1d" relativeResultsDirectory="9e3ece87-f956-41fb-9c8f-84ba4bf8e197" />
    <UnitTestResult executionId="dfe094fd-9c11-49aa-a938-5aa6bc1c74cf" testId="25f2685f-fd2d-dbd0-4fd8-5ad24daff3b2" testName="Goedel.XUnit.TestLifecycle.Test_LifecycleEphemeral(CryptoAlgorithmID: Exchange, KeySize: 2048)" computerName="VOODOO" duration="00:00:00.2554219" startTime="2021-12-02T13:54:17.8067237-05:00" endTime="2021-12-02T13:54:17.8067239-05:00" testType="13cdc9d9-ddb5-4fa4-a97d-d965ccfc6d4b" outcome="Passed" testListId="8c84fa94-04c1-424b-9868-57a2d4851a1d" relativeResultsDirectory="dfe094fd-9c11-49aa-a938-5aa6bc1c74cf" />
    <UnitTestResult executionId="d9af86c4-5fee-4c59-95e2-528257044d6e" testId="fc3ff32c-d297-b079-8e97-4f464995d73f" testName="Goedel.XUnit.TestDareArchive.TestFileContainerEncrypted1" computerName="VOODOO" duration="00:00:00.0906222" startTime="2021-12-02T13:54:16.4467126-05:00" endTime="2021-12-02T13:54:16.4467128-05:00" testType="13cdc9d9-ddb5-4fa4-a97d-d965ccfc6d4b" outcome="Passed" testListId="8c84fa94-04c1-424b-9868-57a2d4851a1d" relativeResultsDirectory="d9af86c4-5fee-4c59-95e2-528257044d6e" />
    <UnitTestResult executionId="2c34355f-329e-489d-a213-61ca6d5bc05b" testId="83e60ba4-fbd3-a8e5-8e0e-5ba01d3994b9" testName="Goedel.XUnit.ShellTestsAdmin.TestMessageContactRemote" computerName="VOODOO" duration="00:00:02.6411560" startTime="2021-12-02T13:54:15.5604731-05:00" endTime="2021-12-02T13:54:15.5604738-05:00" testType="13cdc9d9-ddb5-4fa4-a97d-d965ccfc6d4b" outcome="Failed" testListId="8c84fa94-04c1-424b-9868-57a2d4851a1d" relativeResultsDirectory="2c34355f-329e-489d-a213-61ca6d5bc05b">
      <Output>
        <ErrorInfo>
          <Message>Goedel.Mesh.ServiceAdmin.HostNotFound : Configuration for the host ServiceConfig.json could not be found</Message>
          <StackTrace>   at Goedel.Mesh.ServiceAdmin.Configuration.GetHostConfiguration(String id) in C:\Users\hallam\Work\mmm\Mesh\Goedel.Mesh.ServiceAdmin\ServiceDescription.cs:line 135&#xD;
   at Goedel.Mesh.Shell.Host.Shell.HostStart(HostStart Options) in C:\Users\hallam\Work\mmm\Mesh\Goedel.Mesh.Shell.Host\ShellDispatch.cs:line 156&#xD;
   at Goedel.Mesh.Shell.Host.CommandLineInterpreter.Handle_HostStart(DispatchShell DispatchIn, String[] Args, Int32 Index) in C:\Users\hallam\Work\mmm\Mesh\Goedel.Mesh.Shell.Host\anyhost.cs:line 172&#xD;
   at Goedel.Command.CommandLineInterpreterBase.Dispatcher(SortedDictionary`2 Entries, DescribeCommandEntry DefaultCommand, DispatchShell Dispatch, String[] Args, Int32 Index) in C:\Users\hallam\Work\mmm\Libraries\Goedel.Command\Command.cs:line 224&#xD;
   at Goedel.Mesh.Shell.Host.CommandLineInterpreter.MainMethod(Shell Dispatch, String[] Args) in C:\Users\hallam\Work\mmm\Mesh\Goedel.Mesh.Shell.Host\anyhost.cs:line 161&#xD;
   at Goedel.Mesh.Test.TestEnvironmentRdpShell.Host(String command) in C:\Users\hallam\Work\mmm\Testing\Goedel.Mesh.Test\TestEnvironmentCommon.cs:line 121&#xD;
   at Goedel.Mesh.Test.TestEnvironmentRdpShell.StartService() in C:\Users\hallam\Work\mmm\Testing\Goedel.Mesh.Test\TestEnvironmentCommon.cs:line 90&#xD;
   at Goedel.Mesh.Test.TestEnvironmentRdpShell.GetMeshClient(MeshMachineTest meshMachineTest, ICredentialPrivate credential, String service, String accountAddress) in C:\Users\hallam\Work\mmm\Testing\Goedel.Mesh.Test\TestEnvironmentCommon.cs:line 102&#xD;
   at Goedel.Mesh.Test.MeshMachineTest.GetMeshClient(ICredentialPrivate credential, String service, String accountAddress) in C:\Users\hallam\Work\mmm\Testing\Goedel.Mesh.Test\MeshMachineTest.cs:line 88&#xD;
   at Goedel.Mesh.Client.ContextUser.SetService(String accountAddress) in C:\Users\hallam\Work\mmm\Mesh\Goedel.Mesh.Client\ContextUser.cs:line 243&#xD;
   at Goedel.Mesh.Client.MeshHost.ConfigureMesh(String accountAddress, String localName, PrivateKeyUDF accountSeed, ProfileDevice profileDevice, List`1 rights, Boolean create) in C:\Users\hallam\Work\mmm\Mesh\Goedel.Mesh.Client\MeshHost.cs:line 269&#xD;
   at Goedel.Mesh.Shell.Shell.AccountCreate(AccountCreate options) in C:\Users\hallam\Work\mmm\Mesh\Goedel.Mesh.Shell\DispatchAccount.cs:line 68&#xD;
   at Goedel.Mesh.Shell.CommandLineInterpreter.Handle_AccountCreate(DispatchShell DispatchIn, String[] Args, Int32 Index) in C:\Users\hallam\Work\mmm\Mesh\Goedel.Mesh.Shell\meshman.cs:line 520&#xD;
   at Goedel.Command.CommandLineInterpreterBase.Dispatcher(SortedDictionary`2 Entries, DescribeCommandEntry DefaultCommand, DispatchShell Dispatch, String[] Args, Int32 Index) in C:\Users\hallam\Work\mmm\Libraries\Goedel.Command\Command.cs:line 224&#xD;
   at Goedel.Command.CommandLineInterpreterBase.Dispatcher(SortedDictionary`2 Entries, DescribeCommandEntry DefaultCommand, DispatchShell Dispatch, String[] Args, Int32 Index) in C:\Users\hallam\Work\mmm\Libraries\Goedel.Command\Command.cs:line 228&#xD;
   at Goedel.Mesh.Test.TestCLI.Dispatch(String command, Boolean fail) in C:\Users\hallam\Work\mmm\Testing\Goedel.Mesh.Test\TestShell.cs:line 241&#xD;
   at Goedel.XUnit.ShellTests.MakeAccount(TestCLI device, String account) in C:\Users\hallam\Work\mmm\Testing\Goedel.Mesh.Shell.Test-xunit\TestMessage.cs:line 186&#xD;
   at Goedel.XUnit.ShellTests.TestMessageContactRemote() in C:\Users\hallam\Work\mmm\Testing\Goedel.Mesh.Shell.Test-xunit\TestMessage.cs:line 162</StackTrace>
        </ErrorInfo>
      </Output>
    </UnitTestResult>
    <UnitTestResult executionId="e10bec18-88c2-47f1-be7a-64f2b4ecc362" testId="a00c7b04-a09e-4e45-f139-1a2a064d5b89" testName="Goedel.XUnit.TestSplit.TestShares(N: 5, K: 2)" computerName="VOODOO" duration="00:00:00.0494089" startTime="2021-12-02T13:54:13.9746538-05:00" endTime="2021-12-02T13:54:13.9746541-05:00" testType="13cdc9d9-ddb5-4fa4-a97d-d965ccfc6d4b" outcome="Passed" testListId="8c84fa94-04c1-424b-9868-57a2d4851a1d" relativeResultsDirectory="e10bec18-88c2-47f1-be7a-64f2b4ecc362" />
    <UnitTestResult executionId="da78ec3f-b3ec-4298-b44e-d243a7cfac35" testId="3ef93204-9f9a-a3f3-8202-5e896c5ccb45" testName="Goedel.XUnit.GoedelProtocol.TestEncodeDecode(First: {&#xA;  &quot;FieldBoolean&quot;: true,&#xA;  &quot;FieldInteger&quot;: 1,&#xA;  &quot;FieldDateTime&quot;: &quot;2021-12-02T13:54:15Z&quot;,&#xA;  &quot;FieldString&quot;: &quot;This is a test&quot;,&#xA;  &quot;FieldBinary&quot;: &quot;AAECAwQ&quot;,&#xA;  &quot;ArrayBoolean&quot;: [true,&#xA;    false,&#xA;    true,&#xA;    false],&#xA;  &quot;ArrayInteger&quot;: [0,&#xA;    2,&#xA;    4,&#xA;    8],&#xA;  &quot;ArrayDateTime&quot;: [&quot;2021-12-02T13:54:15Z&quot;],&#xA;  &quot;ArrayString&quot;: [&quot;Alice&quot;,&#xA;    &quot;Bob&quot;,&#xA;    &quot;Carol&quot;],&#xA;  &quot;ArrayBinary&quot;: [&quot;T25l&quot;,&#xA;    &quot;VHdv&quot;],&#xA;  &quot;FieldMultiInstance&quot;: {&#xA;    &quot;FieldBoolean&quot;: true,&#xA;    &quot;FieldInteger&quot;: 1,&#xA;    &quot;FieldDateTime&quot;: &quot;2021-12-02T13:54:15Z&quot;,&#xA;    &quot;FieldString&quot;: &quot;This is a test&quot;,&#xA;    &quot;FieldBinary&quot;: &quot;AAECAwQ&quot;},&#xA;  &quot;ArrayMultiInstance&quot;: [{&#xA;      &quot;FieldBoolean&quot;: true,&#xA;      &quot;FieldInteger&quot;: 1,&#xA;      &quot;FieldDateTime&quot;: &quot;2021-12-02T13:54:15Z&quot;,&#xA;      &quot;FieldString&quot;: &quot;This is a test&quot;,&#xA;      &quot;FieldBinary&quot;: &quot;AAECAwQ&quot;},&#xA;    {&#xA;      &quot;FieldBoolean&quot;: true,&#xA;      &quot;FieldInteger&quot;: 1,&#xA;      &quot;FieldDateTime&quot;: &quot;2021-12-02T13:54:15Z&quot;,&#xA;      &quot;FieldString&quot;: &quot;This is a test&quot;,&#xA;      &quot;FieldBinary&quot;: &quot;AAECAwQ&quot;}],&#xA;  &quot;TFieldMultiInstance&quot;: {&#xA;    &quot;MultiArray&quot;: {&#xA;      &quot;FieldBoolean&quot;: true,&#xA;      &quot;FieldInteger&quot;: 1,&#xA;      &quot;FieldDateTime&quot;: &quot;2021-12-02T13:54:15Z&quot;,&#xA;      &quot;FieldString&quot;: &quot;This is a test&quot;,&#xA;      &quot;FieldBinary&quot;: &quot;AAECAwQ&quot;,&#xA;      &quot;ArrayBoolean&quot;: [true,&#xA;        false,&#xA;        true,&#xA;        false]}},&#xA;  &quot;TArrayMultiInstance&quot;: [{&#xA;      &quot;MultiInstance&quot;: {&#xA;        &quot;FieldBoolean&quot;: true,&#xA;        &quot;FieldInteger&quot;: 1,&#xA;        &quot;FieldDateTime&quot;: &quot;2021-12-02T13:54:15Z&quot;,&#xA;        &quot;FieldString&quot;: &quot;This is a test&quot;,&#xA;        &quot;FieldBinary&quot;: &quot;AAECAwQ&quot;}},&#xA;    {&#xA;      &quot;MultiInstance&quot;: {&#xA;        &quot;FieldBoolean&quot;: true,&#xA;        &quot;FieldInteger&quot;: 1,&#xA;        &quot;FieldDateTime&quot;: &quot;2021-12-02T13:54:15Z&quot;,&#xA;        &quot;FieldString&quot;: &quot;This is a test&quot;,&#xA;        &quot;FieldBinary&quot;: &quot;AAECAwQ&quot;}},&#xA;    {&#xA;      &quot;MultiArray&quot;: {&#xA;        &quot;FieldBoolean&quot;: true,&#xA;        &quot;FieldInteger&quot;: 1,&#xA;        &quot;FieldDateTime&quot;: &quot;2021-12-02T13:54:15Z&quot;,&#xA;        &quot;FieldString&quot;: &quot;This is a test&quot;,&#xA;        &quot;FieldBinary&quot;: &quot;AAECAwQ&quot;,&#xA;        &quot;ArrayBoolean&quot;: [true,&#xA;          false,&#xA;          true,&#xA;          false]}}]}, DataEncoding: JSON, ReaderFactory: JSONReaderFactoryDelegate { Method = Goedel.Protocol.JsonReader JsonReaderFactoryByte(Byte[]), Target = null })" computerName="VOODOO" duration="00:00:00.0007915" startTime="2021-12-02T13:54:16.0718577-05:00" endTime="2021-12-02T13:54:16.0718578-05:00" testType="13cdc9d9-ddb5-4fa4-a97d-d965ccfc6d4b" outcome="Passed" testListId="8c84fa94-04c1-424b-9868-57a2d4851a1d" relativeResultsDirectory="da78ec3f-b3ec-4298-b44e-d243a7cfac35" />
    <UnitTestResult executionId="8caa7fb7-eea8-4ff1-9dce-fa1a6e432eea" testId="17688787-9683-2cec-36ae-ba4901c189a4" testName="Goedel.XUnit.TestCryptography.Test_DHAlg_Ephemeral_Agreement" computerName="VOODOO" duration="00:00:00.1603638" startTime="2021-12-02T13:54:43.5918715-05:00" endTime="2021-12-02T13:54:43.5918718-05:00" testType="13cdc9d9-ddb5-4fa4-a97d-d965ccfc6d4b" outcome="Passed" testListId="8c84fa94-04c1-424b-9868-57a2d4851a1d" relativeResultsDirectory="8caa7fb7-eea8-4ff1-9dce-fa1a6e432eea" />
    <UnitTestResult executionId="ed1b2d23-e37d-437a-902d-3090a2c8334f" testId="3ef93204-9f9a-a3f3-8202-5e896c5ccb45" testName="Goedel.XUnit.GoedelProtocol.TestEncodeDecode(First: {&#xA;  &quot;FieldBoolean&quot;: true,&#xA;  &quot;FieldInteger&quot;: 1,&#xA;  &quot;FieldDateTime&quot;: &quot;2021-12-02T13:54:15Z&quot;,&#xA;  &quot;FieldString&quot;: &quot;This is a test&quot;,&#xA;  &quot;FieldBinary&quot;: &quot;AAECAwQ&quot;}, DataEncoding: JSON, ReaderFactory: JSONReaderFactoryDelegate { Method = Goedel.Protocol.JsonReader JsonReaderFactoryByte(Byte[]), Target = null })" computerName="VOODOO" duration="00:00:00.0001113" startTime="2021-12-02T13:54:16.0710241-05:00" endTime="2021-12-02T13:54:16.0710242-05:00" testType="13cdc9d9-ddb5-4fa4-a97d-d965ccfc6d4b" outcome="Passed" testListId="8c84fa94-04c1-424b-9868-57a2d4851a1d" relativeResultsDirectory="ed1b2d23-e37d-437a-902d-3090a2c8334f" />
    <UnitTestResult executionId="99853208-30e9-472f-931d-53c861e79b10" testId="580b9aad-6234-c1e5-fc7e-9ac847f558ba" testName="Goedel.XUnit.ShellTestsAdmin.TestProfileNetwork" computerName="VOODOO" duration="00:00:01.2589118" startTime="2021-12-02T13:55:01.8381721-05:00" endTime="2021-12-02T13:55:01.8381722-05:00" testType="13cdc9d9-ddb5-4fa4-a97d-d965ccfc6d4b" outcome="Failed" testListId="8c84fa94-04c1-424b-9868-57a2d4851a1d" relativeResultsDirectory="99853208-30e9-472f-931d-53c861e79b10">
      <Output>
        <ErrorInfo>
          <Message>Goedel.Mesh.ServiceAdmin.HostNotFound : Configuration for the host ServiceConfig.json could not be found</Message>
          <StackTrace>   at Goedel.Mesh.ServiceAdmin.Configuration.GetHostConfiguration(String id) in C:\Users\hallam\Work\mmm\Mesh\Goedel.Mesh.ServiceAdmin\ServiceDescription.cs:line 135&#xD;
   at Goedel.Mesh.Shell.Host.Shell.HostStart(HostStart Options) in C:\Users\hallam\Work\mmm\Mesh\Goedel.Mesh.Shell.Host\ShellDispatch.cs:line 156&#xD;
   at Goedel.Mesh.Shell.Host.CommandLineInterpreter.Handle_HostStart(DispatchShell DispatchIn, String[] Args, Int32 Index) in C:\Users\hallam\Work\mmm\Mesh\Goedel.Mesh.Shell.Host\anyhost.cs:line 172&#xD;
   at Goedel.Command.CommandLineInterpreterBase.Dispatcher(SortedDictionary`2 Entries, DescribeCommandEntry DefaultCommand, DispatchShell Dispatch, String[] Args, Int32 Index) in C:\Users\hallam\Work\mmm\Libraries\Goedel.Command\Command.cs:line 224&#xD;
   at Goedel.Mesh.Shell.Host.CommandLineInterpreter.MainMethod(Shell Dispatch, String[] Args) in C:\Users\hallam\Work\mmm\Mesh\Goedel.Mesh.Shell.Host\anyhost.cs:line 161&#xD;
   at Goedel.Mesh.Test.TestEnvironmentRdpShell.Host(String command) in C:\Users\hallam\Work\mmm\Testing\Goedel.Mesh.Test\TestEnvironmentCommon.cs:line 121&#xD;
   at Goedel.Mesh.Test.TestEnvironmentRdpShell.StartService() in C:\Users\hallam\Work\mmm\Testing\Goedel.Mesh.Test\TestEnvironmentCommon.cs:line 90&#xD;
   at Goedel.Mesh.Test.TestEnvironmentRdpShell.GetMeshClient(MeshMachineTest meshMachineTest, ICredentialPrivate credential, String service, String accountAddress) in C:\Users\hallam\Work\mmm\Testing\Goedel.Mesh.Test\TestEnvironmentCommon.cs:line 102&#xD;
   at Goedel.Mesh.Test.MeshMachineTest.GetMeshClient(ICredentialPrivate credential, String service, String accountAddress) in C:\Users\hallam\Work\mmm\Testing\Goedel.Mesh.Test\MeshMachineTest.cs:line 88&#xD;
   at Goedel.Mesh.Client.ContextUser.SetService(String accountAddress) in C:\Users\hallam\Work\mmm\Mesh\Goedel.Mesh.Client\ContextUser.cs:line 243&#xD;
   at Goedel.Mesh.Client.MeshHost.ConfigureMesh(String accountAddress, String localName, PrivateKeyUDF accountSeed, ProfileDevice profileDevice, List`1 rights, Boolean create) in C:\Users\hallam\Work\mmm\Mesh\Goedel.Mesh.Client\MeshHost.cs:line 269&#xD;
   at Goedel.Mesh.Shell.Shell.AccountCreate(AccountCreate options) in C:\Users\hallam\Work\mmm\Mesh\Goedel.Mesh.Shell\DispatchAccount.cs:line 68&#xD;
   at Goedel.Mesh.Shell.CommandLineInterpreter.Handle_AccountCreate(DispatchShell DispatchIn, String[] Args, Int32 Index) in C:\Users\hallam\Work\mmm\Mesh\Goedel.Mesh.Shell\meshman.cs:line 520&#xD;
   at Goedel.Command.CommandLineInterpreterBase.Dispatcher(SortedDictionary`2 Entries, DescribeCommandEntry DefaultCommand, DispatchShell Dispatch, String[] Args, Int32 Index) in C:\Users\hallam\Work\mmm\Libraries\Goedel.Command\Command.cs:line 224&#xD;
   at Goedel.Command.CommandLineInterpreterBase.Dispatcher(SortedDictionary`2 Entries, DescribeCommandEntry DefaultCommand, DispatchShell Dispatch, String[] Args, Int32 Index) in C:\Users\hallam\Work\mmm\Libraries\Goedel.Command\Command.cs:line 228&#xD;
   at Goedel.Mesh.Test.TestCLI.Dispatch(String command, Boolean fail) in C:\Users\hallam\Work\mmm\Testing\Goedel.Mesh.Test\TestShell.cs:line 241&#xD;
   at Goedel.XUnit.ShellTests.Dispatch(String command, Boolean fail) in C:\Users\hallam\Work\mmm\Testing\Goedel.Mesh.Shell.Test-xunit\Base.cs:line 159&#xD;
   at Goedel.XUnit.ShellTests.CreateAccount(String account) in C:\Users\hallam\Work\mmm\Testing\Goedel.Mesh.Shell.Test-xunit\Base.cs:line 162&#xD;
   at Goedel.XUnit.ShellTests.TestProfileNetwork() in C:\Users\hallam\Work\mmm\Testing\Goedel.Mesh.Shell.Test-xunit\TestCatalog.cs:line 239</StackTrace>
        </ErrorInfo>
      </Output>
    </UnitTestResult>
    <UnitTestResult executionId="e0982e2c-1613-4fad-a467-dd38801c31b6" testId="2e2307e1-187b-aa40-c2b7-a2a5b8b0b6d1" testName="Goedel.XUnit.TestCryptographyJose.Test_Write_RSA_Private" computerName="VOODOO" duration="00:00:00.0055375" startTime="2021-12-02T13:54:14.6336311-05:00" endTime="2021-12-02T13:54:14.6336314-05:00" testType="13cdc9d9-ddb5-4fa4-a97d-d965ccfc6d4b" outcome="Passed" testListId="8c84fa94-04c1-424b-9868-57a2d4851a1d" relativeResultsDirectory="e0982e2c-1613-4fad-a467-dd38801c31b6" />
    <UnitTestResult executionId="5776aa92-c6c1-4700-ba15-1f17a193457b" testId="a8b962af-0835-32a3-9cb7-460e4f4c0499" testName="Goedel.XUnit.TestLifecycle.Test_LifecycleAdmin(CryptoAlgorithmID: Signature, KeySize: 2048)" computerName="VOODOO" duration="00:00:00.2430242" startTime="2021-12-02T13:54:19.4049107-05:00" endTime="2021-12-02T13:54:19.4049109-05:00" testType="13cdc9d9-ddb5-4fa4-a97d-d965ccfc6d4b" outcome="Passed" testListId="8c84fa94-04c1-424b-9868-57a2d4851a1d" relativeResultsDirectory="5776aa92-c6c1-4700-ba15-1f17a193457b" />
    <UnitTestResult executionId="6a07b490-8827-411a-ba50-0eb1361e9754" testId="b737fe06-d8fc-92fd-5280-a8e1601ec2d8" testName="Goedel.XUnit.TestAsymmetric.TestRFC8032(Test: TestVectorAsymmetric { Algorithm = Ed25519ctx, Context = &quot;\r\n   626172&quot;, ContextData = [98, 97, 114], Message = &quot;\r\n   f726936d19c800494e3fdaff20b276a8&quot;, MessageData = [247, 38, 147, 109, 25, ...], ... })" computerName="VOODOO" duration="00:00:00.1393482" startTime="2021-12-02T13:54:14.2832690-05:00" endTime="2021-12-02T13:54:14.2832700-05:00" testType="13cdc9d9-ddb5-4fa4-a97d-d965ccfc6d4b" outcome="Passed" testListId="8c84fa94-04c1-424b-9868-57a2d4851a1d" relativeResultsDirectory="6a07b490-8827-411a-ba50-0eb1361e9754" />
    <UnitTestResult executionId="4d60b3dc-5946-4c28-b6c5-5f74555f1c00" testId="5eac4a4e-40e8-fde8-edbe-002583914ddc" testName="Goedel.XUnit.TestContainers.ContainerTestEncryptedItem" computerName="VOODOO" duration="00:00:00.2923593" startTime="2021-12-02T13:54:24.3838432-05:00" endTime="2021-12-02T13:54:24.3838438-05:00" testType="13cdc9d9-ddb5-4fa4-a97d-d965ccfc6d4b" outcome="Passed" testListId="8c84fa94-04c1-424b-9868-57a2d4851a1d" relativeResultsDirectory="4d60b3dc-5946-4c28-b6c5-5f74555f1c00" />
    <UnitTestResult executionId="e5daa151-2db4-4878-9f34-f3333c11c0b6" testId="b737fe06-d8fc-92fd-5280-a8e1601ec2d8" testName="Goedel.XUnit.TestAsymmetric.TestRFC8032(Test: TestVectorAsymmetric { Algorithm = Ed448ph, Context = null, ContextData = null, Message = &quot;\r\n   616263&quot;, MessageData = [97, 98, 99], ... })" computerName="VOODOO" duration="00:00:00.2957546" startTime="2021-12-02T13:54:18.2599526-05:00" endTime="2021-12-02T13:54:18.2599528-05:00" testType="13cdc9d9-ddb5-4fa4-a97d-d965ccfc6d4b" outcome="Passed" testListId="8c84fa94-04c1-424b-9868-57a2d4851a1d" relativeResultsDirectory="e5daa151-2db4-4878-9f34-f3333c11c0b6" />
    <UnitTestResult executionId="2747b148-3338-4cf4-a1e9-901d5fc47b90" testId="4cf940e3-acf7-c629-55c8-8981870fd20c" testName="Goedel.XUnit.TestCryptographyJose.Test_Write_DH_Public" computerName="VOODOO" duration="00:00:00.0011688" startTime="2021-12-02T13:54:14.6523429-05:00" endTime="2021-12-02T13:54:14.6523431-05:00" testType="13cdc9d9-ddb5-4fa4-a97d-d965ccfc6d4b" outcome="Passed" testListId="8c84fa94-04c1-424b-9868-57a2d4851a1d" relativeResultsDirectory="2747b148-3338-4cf4-a1e9-901d5fc47b90" />
    <UnitTestResult executionId="da6d4d0e-3c3b-4e04-8846-a3ea878b4156" testId="3f93284f-c9d8-3772-6d85-c7bd7ef3fb3f" testName="Goedel.XUnit.ShellTests.TestProfileConnectStaticQR" computerName="VOODOO" duration="00:00:01.0432505" startTime="2021-12-02T13:54:34.8081152-05:00" endTime="2021-12-02T13:54:34.8081154-05:00" testType="13cdc9d9-ddb5-4fa4-a97d-d965ccfc6d4b" outcome="Failed" testListId="8c84fa94-04c1-424b-9868-57a2d4851a1d" relativeResultsDirectory="da6d4d0e-3c3b-4e04-8846-a3ea878b4156">
      <Output>
        <ErrorInfo>
          <Message>System.NullReferenceException : Object reference not set to an instance of an object.</Message>
          <StackTrace>   at Goedel.Mesh.Server.PublicMeshService..ctor(IMeshMachine meshMachine, ServiceConfiguration serviceConfiguration, HostConfiguration hostConfiguration) in C:\Users\hallam\Work\mmm\Mesh\Goedel.Mesh.Server\MeshDispatch.cs:line 136&#xD;
   at Goedel.Mesh.Test.TestEnvironmentCommon.get_MeshService() in C:\Users\hallam\Work\mmm\Testing\Goedel.Mesh.Test\TestEnvironmentCommon.cs:line 203&#xD;
   at Goedel.Mesh.Test.TestEnvironmentCommon.GetMeshClient(MeshMachineTest meshMachineTest, ICredentialPrivate credential, String serviceId, String accountAddress) in C:\Users\hallam\Work\mmm\Testing\Goedel.Mesh.Test\TestEnvironmentCommon.cs:line 222&#xD;
   at Goedel.Mesh.Test.MeshMachineTest.GetMeshClient(ICredentialPrivate credential, String service, String accountAddress) in C:\Users\hallam\Work\mmm\Testing\Goedel.Mesh.Test\MeshMachineTest.cs:line 88&#xD;
   at Goedel.Mesh.Client.ContextUser.SetService(String accountAddress) in C:\Users\hallam\Work\mmm\Mesh\Goedel.Mesh.Client\ContextUser.cs:line 243&#xD;
   at Goedel.Mesh.Client.MeshHost.ConfigureMesh(String accountAddress, String localName, PrivateKeyUDF accountSeed, ProfileDevice profileDevice, List`1 rights, Boolean create) in C:\Users\hallam\Work\mmm\Mesh\Goedel.Mesh.Client\MeshHost.cs:line 269&#xD;
   at Goedel.Mesh.Shell.Shell.AccountCreate(AccountCreate options) in C:\Users\hallam\Work\mmm\Mesh\Goedel.Mesh.Shell\DispatchAccount.cs:line 68&#xD;
   at Goedel.Mesh.Shell.CommandLineInterpreter.Handle_AccountCreate(DispatchShell DispatchIn, String[] Args, Int32 Index) in C:\Users\hallam\Work\mmm\Mesh\Goedel.Mesh.Shell\meshman.cs:line 520&#xD;
   at Goedel.Command.CommandLineInterpreterBase.Dispatcher(SortedDictionary`2 Entries, DescribeCommandEntry DefaultCommand, DispatchShell Dispatch, String[] Args, Int32 Index) in C:\Users\hallam\Work\mmm\Libraries\Goedel.Command\Command.cs:line 224&#xD;
   at Goedel.Command.CommandLineInterpreterBase.Dispatcher(SortedDictionary`2 Entries, DescribeCommandEntry DefaultCommand, DispatchShell Dispatch, String[] Args, Int32 Index) in C:\Users\hallam\Work\mmm\Libraries\Goedel.Command\Command.cs:line 228&#xD;
   at Goedel.Mesh.Test.TestCLI.Dispatch(String command, Boolean fail) in C:\Users\hallam\Work\mmm\Testing\Goedel.Mesh.Test\TestShell.cs:line 241&#xD;
   at Goedel.XUnit.ShellTests.TestProfileConnectStaticQR() in C:\Users\hallam\Work\mmm\Testing\Goedel.Mesh.Shell.Test-xunit\TestProfile.cs:line 259</StackTrace>
        </ErrorInfo>
      </Output>
    </UnitTestResult>
    <UnitTestResult executionId="fb9a9744-0f40-4fa5-a308-11d09420f932" testId="3ddd5659-b8b7-db6a-6484-19bf0efe2654" testName="Goedel.XUnit.TestService.KeyShareTestDirect(cryptoAlgorithmId: X448)" computerName="VOODOO" duration="00:00:00.0485572" startTime="2021-12-02T13:54:20.9065791-05:00" endTime="2021-12-02T13:54:20.9065795-05:00" testType="13cdc9d9-ddb5-4fa4-a97d-d965ccfc6d4b" outcome="Passed" testListId="8c84fa94-04c1-424b-9868-57a2d4851a1d" relativeResultsDirectory="fb9a9744-0f40-4fa5-a308-11d09420f932" />
    <UnitTestResult executionId="6c3ff860-e64e-4a04-bc84-bc91ca2cf2a8" testId="46c30354-96c1-1ef4-4036-55881d288928" testName="Goedel.XUnit.TestContainers.ContainerFixedExchangeTest(encryptPolicy: &quot;Once&quot;, seal: True, records: 50, maxSize: 2048, reOpen: 5, moveStep: 2, cryptoAlgorithmId: X25519)" computerName="VOODOO" duration="00:00:00.4175520" startTime="2021-12-02T13:54:22.5107518-05:00" endTime="2021-12-02T13:54:22.5107521-05:00" testType="13cdc9d9-ddb5-4fa4-a97d-d965ccfc6d4b" outcome="Passed" testListId="8c84fa94-04c1-424b-9868-57a2d4851a1d" relativeResultsDirectory="6c3ff860-e64e-4a04-bc84-bc91ca2cf2a8" />
    <UnitTestResult executionId="a9ce4439-52c9-4391-9133-2464cd24ecd9" testId="eeedbcd3-1e96-b7ff-c42e-58d7189acceb" testName="Goedel.XUnit.TestSplit.TestKeyShare(bits: 64, hexData: null)" computerName="VOODOO" duration="00:00:00.0000465" startTime="2021-12-02T13:54:13.5885619-05:00" endTime="2021-12-02T13:54:13.5885620-05:00" testType="13cdc9d9-ddb5-4fa4-a97d-d965ccfc6d4b" outcome="Passed" testListId="8c84fa94-04c1-424b-9868-57a2d4851a1d" relativeResultsDirectory="a9ce4439-52c9-4391-9133-2464cd24ecd9" />
    <UnitTestResult executionId="60836459-d232-46b8-9e48-870777faa599" testId="81b3558e-e11e-c94f-212a-4f53a4a15677" testName="Goedel.XUnit.TestService.TestCredentialDeviceFails(dataValidity: CorruptPayload)" computerName="VOODOO" duration="00:00:00.1720157" startTime="2021-12-02T13:54:20.1119892-05:00" endTime="2021-12-02T13:54:20.1119895-05:00" testType="13cdc9d9-ddb5-4fa4-a97d-d965ccfc6d4b" outcome="Passed" testListId="8c84fa94-04c1-424b-9868-57a2d4851a1d" relativeResultsDirectory="60836459-d232-46b8-9e48-870777faa599" />
    <UnitTestResult executionId="678f708a-04c9-46ee-84bc-98d4442b10f9" testId="e2aee06e-93b0-5143-d503-a8e769828f44" testName="Goedel.XUnit.ShellTests.TestProfileConnectPinExpired" computerName="VOODOO" duration="00:00:01.1340790" startTime="2021-12-02T13:54:27.9682271-05:00" endTime="2021-12-02T13:54:27.9682273-05:00" testType="13cdc9d9-ddb5-4fa4-a97d-d965ccfc6d4b" outcome="Failed" testListId="8c84fa94-04c1-424b-9868-57a2d4851a1d" relativeResultsDirectory="678f708a-04c9-46ee-84bc-98d4442b10f9">
      <Output>
        <ErrorInfo>
          <Message>System.NullReferenceException : Object reference not set to an instance of an object.</Message>
          <StackTrace>   at Goedel.Mesh.Server.PublicMeshService..ctor(IMeshMachine meshMachine, ServiceConfiguration serviceConfiguration, HostConfiguration hostConfiguration) in C:\Users\hallam\Work\mmm\Mesh\Goedel.Mesh.Server\MeshDispatch.cs:line 136&#xD;
   at Goedel.Mesh.Test.TestEnvironmentCommon.get_MeshService() in C:\Users\hallam\Work\mmm\Testing\Goedel.Mesh.Test\TestEnvironmentCommon.cs:line 203&#xD;
   at Goedel.Mesh.Test.TestEnvironmentCommon.GetMeshClient(MeshMachineTest meshMachineTest, ICredentialPrivate credential, String serviceId, String accountAddress) in C:\Users\hallam\Work\mmm\Testing\Goedel.Mesh.Test\TestEnvironmentCommon.cs:line 222&#xD;
   at Goedel.Mesh.Test.MeshMachineTest.GetMeshClient(ICredentialPrivate credential, String service, String accountAddress) in C:\Users\hallam\Work\mmm\Testing\Goedel.Mesh.Test\MeshMachineTest.cs:line 88&#xD;
   at Goedel.Mesh.Client.ContextUser.SetService(String accountAddress) in C:\Users\hallam\Work\mmm\Mesh\Goedel.Mesh.Client\ContextUser.cs:line 243&#xD;
   at Goedel.Mesh.Client.MeshHost.ConfigureMesh(String accountAddress, String localName, PrivateKeyUDF accountSeed, ProfileDevice profileDevice, List`1 rights, Boolean create) in C:\Users\hallam\Work\mmm\Mesh\Goedel.Mesh.Client\MeshHost.cs:line 269&#xD;
   at Goedel.Mesh.Shell.Shell.AccountCreate(AccountCreate options) in C:\Users\hallam\Work\mmm\Mesh\Goedel.Mesh.Shell\DispatchAccount.cs:line 68&#xD;
   at Goedel.Mesh.Shell.CommandLineInterpreter.Handle_AccountCreate(DispatchShell DispatchIn, String[] Args, Int32 Index) in C:\Users\hallam\Work\mmm\Mesh\Goedel.Mesh.Shell\meshman.cs:line 520&#xD;
   at Goedel.Command.CommandLineInterpreterBase.Dispatcher(SortedDictionary`2 Entries, DescribeCommandEntry DefaultCommand, DispatchShell Dispatch, String[] Args, Int32 Index) in C:\Users\hallam\Work\mmm\Libraries\Goedel.Command\Command.cs:line 224&#xD;
   at Goedel.Command.CommandLineInterpreterBase.Dispatcher(SortedDictionary`2 Entries, DescribeCommandEntry DefaultCommand, DispatchShell Dispatch, String[] Args, Int32 Index) in C:\Users\hallam\Work\mmm\Libraries\Goedel.Command\Command.cs:line 228&#xD;
   at Goedel.Mesh.Test.TestCLI.Dispatch(String command, Boolean fail) in C:\Users\hallam\Work\mmm\Testing\Goedel.Mesh.Test\TestShell.cs:line 241&#xD;
   at Goedel.XUnit.ShellTests.TestProfileConnectPinExpired() in C:\Users\hallam\Work\mmm\Testing\Goedel.Mesh.Shell.Test-xunit\TestProfile.cs:line 146</StackTrace>
        </ErrorInfo>
      </Output>
    </UnitTestResult>
    <UnitTestResult executionId="326ec58a-dd34-4630-8004-a974c0f6f871" testId="632951c1-4207-feb4-753a-c1349c3552cf" testName="Goedel.XUnit.TestService.MeshDeviceConnectApprove" computerName="VOODOO" duration="00:00:01.0112521" startTime="2021-12-02T13:54:36.1961942-05:00" endTime="2021-12-02T13:54:36.1961944-05:00" testType="13cdc9d9-ddb5-4fa4-a97d-d965ccfc6d4b" outcome="Failed" testListId="8c84fa94-04c1-424b-9868-57a2d4851a1d" relativeResultsDirectory="326ec58a-dd34-4630-8004-a974c0f6f871">
      <Output>
        <ErrorInfo>
          <Message>System.NullReferenceException : Object reference not set to an instance of an object.</Message>
          <StackTrace>   at Goedel.Mesh.Server.PublicMeshService..ctor(IMeshMachine meshMachine, ServiceConfiguration serviceConfiguration, HostConfiguration hostConfiguration) in C:\Users\hallam\Work\mmm\Mesh\Goedel.Mesh.Server\MeshDispatch.cs:line 136&#xD;
   at Goedel.Mesh.Test.TestEnvironmentCommon.get_MeshService() in C:\Users\hallam\Work\mmm\Testing\Goedel.Mesh.Test\TestEnvironmentCommon.cs:line 203&#xD;
   at Goedel.Mesh.Test.TestEnvironmentCommon.GetMeshClient(MeshMachineTest meshMachineTest, ICredentialPrivate credential, String serviceId, String accountAddress) in C:\Users\hallam\Work\mmm\Testing\Goedel.Mesh.Test\TestEnvironmentCommon.cs:line 222&#xD;
   at Goedel.Mesh.Test.MeshMachineTest.GetMeshClient(ICredentialPrivate credential, String service, String accountAddress) in C:\Users\hallam\Work\mmm\Testing\Goedel.Mesh.Test\MeshMachineTest.cs:line 88&#xD;
   at Goedel.Mesh.Client.ContextUser.SetService(String accountAddress) in C:\Users\hallam\Work\mmm\Mesh\Goedel.Mesh.Client\ContextUser.cs:line 243&#xD;
   at Goedel.Mesh.Client.MeshHost.ConfigureMesh(String accountAddress, String localName, PrivateKeyUDF accountSeed, ProfileDevice profileDevice, List`1 rights, Boolean create) in C:\Users\hallam\Work\mmm\Mesh\Goedel.Mesh.Client\MeshHost.cs:line 269&#xD;
   at Goedel.Mesh.Test.MeshMachineTest.GenerateAccountUser(TestEnvironmentCommon testEnvironmentCommon, String machineName, String accountAddress, String localName) in C:\Users\hallam\Work\mmm\Testing\Goedel.Mesh.Test\MeshMachineTest.cs:line 120&#xD;
   at Goedel.XUnit.TestService.MeshDeviceConnectApprove() in C:\Users\hallam\Work\mmm\Testing\Goedel.Mesh.Protocol.Test-xunit\TestService.cs:line 279</StackTrace>
        </ErrorInfo>
      </Output>
    </UnitTestResult>
    <UnitTestResult executionId="2599ede7-5095-4773-a669-1b31d7bce9d4" testId="7a198c9c-a567-264e-0852-e381d6e4668f" testName="Goedel.XUnit.TestSplit.TestKey(bits: 32, hexData: null)" computerName="VOODOO" duration="00:00:00.0342041" startTime="2021-12-02T13:54:15.0294197-05:00" endTime="2021-12-02T13:54:15.0294199-05:00" testType="13cdc9d9-ddb5-4fa4-a97d-d965ccfc6d4b" outcome="Passed" testListId="8c84fa94-04c1-424b-9868-57a2d4851a1d" relativeResultsDirectory="2599ede7-5095-4773-a669-1b31d7bce9d4" />
    <UnitTestResult executionId="457a143b-0aef-4b31-9066-d3e48b0360b8" testId="b40f4bc4-d0ed-c219-e4e1-5ef85e5cf466" testName="Goedel.XUnit.TestContainers.ContainerTestChain" computerName="VOODOO" duration="00:00:00.0159253" startTime="2021-12-02T13:54:25.2325024-05:00" endTime="2021-12-02T13:54:25.2325027-05:00" testType="13cdc9d9-ddb5-4fa4-a97d-d965ccfc6d4b" outcome="Passed" testListId="8c84fa94-04c1-424b-9868-57a2d4851a1d" relativeResultsDirectory="457a143b-0aef-4b31-9066-d3e48b0360b8" />
    <UnitTestResult executionId="1e2c8610-100e-4891-8e3c-b676661f69b3" testId="6b8472a8-0222-47b8-3f37-4fe6d6262bdf" testName="Goedel.XUnit.ShellTestsAdmin.TestLog" computerName="VOODOO" duration="00:00:01.1836865" startTime="2021-12-02T13:55:10.6340838-05:00" endTime="2021-12-02T13:55:10.6340839-05:00" testType="13cdc9d9-ddb5-4fa4-a97d-d965ccfc6d4b" outcome="Failed" testListId="8c84fa94-04c1-424b-9868-57a2d4851a1d" relativeResultsDirectory="1e2c8610-100e-4891-8e3c-b676661f69b3">
      <Output>
        <ErrorInfo>
          <Message>Goedel.Mesh.ServiceAdmin.HostNotFound : Configuration for the host ServiceConfig.json could not be found</Message>
          <StackTrace>   at Goedel.Mesh.ServiceAdmin.Configuration.GetHostConfiguration(String id) in C:\Users\hallam\Work\mmm\Mesh\Goedel.Mesh.ServiceAdmin\ServiceDescription.cs:line 135&#xD;
   at Goedel.Mesh.Shell.Host.Shell.HostStart(HostStart Options) in C:\Users\hallam\Work\mmm\Mesh\Goedel.Mesh.Shell.Host\ShellDispatch.cs:line 156&#xD;
   at Goedel.Mesh.Shell.Host.CommandLineInterpreter.Handle_HostStart(DispatchShell DispatchIn, String[] Args, Int32 Index) in C:\Users\hallam\Work\mmm\Mesh\Goedel.Mesh.Shell.Host\anyhost.cs:line 172&#xD;
   at Goedel.Command.CommandLineInterpreterBase.Dispatcher(SortedDictionary`2 Entries, DescribeCommandEntry DefaultCommand, DispatchShell Dispatch, String[] Args, Int32 Index) in C:\Users\hallam\Work\mmm\Libraries\Goedel.Command\Command.cs:line 224&#xD;
   at Goedel.Mesh.Shell.Host.CommandLineInterpreter.MainMethod(Shell Dispatch, String[] Args) in C:\Users\hallam\Work\mmm\Mesh\Goedel.Mesh.Shell.Host\anyhost.cs:line 161&#xD;
   at Goedel.Mesh.Test.TestEnvironmentRdpShell.Host(String command) in C:\Users\hallam\Work\mmm\Testing\Goedel.Mesh.Test\TestEnvironmentCommon.cs:line 121&#xD;
   at Goedel.Mesh.Test.TestEnvironmentRdpShell.StartService() in C:\Users\hallam\Work\mmm\Testing\Goedel.Mesh.Test\TestEnvironmentCommon.cs:line 90&#xD;
   at Goedel.Mesh.Test.TestEnvironmentRdpShell.GetMeshClient(MeshMachineTest meshMachineTest, ICredentialPrivate credential, String service, String accountAddress) in C:\Users\hallam\Work\mmm\Testing\Goedel.Mesh.Test\TestEnvironmentCommon.cs:line 102&#xD;
   at Goedel.Mesh.Test.MeshMachineTest.GetMeshClient(ICredentialPrivate credential, String service, String accountAddress) in C:\Users\hallam\Work\mmm\Testing\Goedel.Mesh.Test\MeshMachineTest.cs:line 88&#xD;
   at Goedel.Mesh.Client.ContextUser.SetService(String accountAddress) in C:\Users\hallam\Work\mmm\Mesh\Goedel.Mesh.Client\ContextUser.cs:line 243&#xD;
   at Goedel.Mesh.Client.MeshHost.ConfigureMesh(String accountAddress, String localName, PrivateKeyUDF accountSeed, ProfileDevice profileDevice, List`1 rights, Boolean create) in C:\Users\hallam\Work\mmm\Mesh\Goedel.Mesh.Client\MeshHost.cs:line 269&#xD;
   at Goedel.Mesh.Shell.Shell.AccountCreate(AccountCreate options) in C:\Users\hallam\Work\mmm\Mesh\Goedel.Mesh.Shell\DispatchAccount.cs:line 68&#xD;
   at Goedel.Mesh.Shell.CommandLineInterpreter.Handle_AccountCreate(DispatchShell DispatchIn, String[] Args, Int32 Index) in C:\Users\hallam\Work\mmm\Mesh\Goedel.Mesh.Shell\meshman.cs:line 520&#xD;
   at Goedel.Command.CommandLineInterpreterBase.Dispatcher(SortedDictionary`2 Entries, DescribeCommandEntry DefaultCommand, DispatchShell Dispatch, String[] Args, Int32 Index) in C:\Users\hallam\Work\mmm\Libraries\Goedel.Command\Command.cs:line 224&#xD;
   at Goedel.Command.CommandLineInterpreterBase.Dispatcher(SortedDictionary`2 Entries, DescribeCommandEntry DefaultCommand, DispatchShell Dispatch, String[] Args, Int32 Index) in C:\Users\hallam\Work\mmm\Libraries\Goedel.Command\Command.cs:line 228&#xD;
   at Goedel.Mesh.Test.TestCLI.Dispatch(String command, Boolean fail) in C:\Users\hallam\Work\mmm\Testing\Goedel.Mesh.Test\TestShell.cs:line 241&#xD;
   at Goedel.XUnit.ShellTests.Dispatch(String command, Boolean fail) in C:\Users\hallam\Work\mmm\Testing\Goedel.Mesh.Shell.Test-xunit\Base.cs:line 159&#xD;
   at Goedel.XUnit.ShellTests.CreateAccount(String account) in C:\Users\hallam\Work\mmm\Testing\Goedel.Mesh.Shell.Test-xunit\Base.cs:line 162&#xD;
   at Goedel.XUnit.ShellTests.LogTest(Int32[] counts, String encrypt, String sign) in C:\Users\hallam\Work\mmm\Testing\Goedel.Mesh.Shell.Test-xunit\TestDare.cs:line 219&#xD;
   at Goedel.XUnit.ShellTests.TestLog() in C:\Users\hallam\Work\mmm\Testing\Goedel.Mesh.Shell.Test-xunit\TestDare.cs:line 116</StackTrace>
        </ErrorInfo>
      </Output>
    </UnitTestResult>
    <UnitTestResult executionId="414c11e6-7a9b-447a-802d-576aaef1c389" testId="f66e7744-a972-d1fb-e37a-3e215a1f882e" testName="Goedel.XUnit.ShellTests.TestKey(bits: 256)" computerName="VOODOO" duration="00:00:00.0022585" startTime="2021-12-02T13:54:12.0865608-05:00" endTime="2021-12-02T13:54:12.0865610-05:00" testType="13cdc9d9-ddb5-4fa4-a97d-d965ccfc6d4b" outcome="Passed" testListId="8c84fa94-04c1-424b-9868-57a2d4851a1d" relativeResultsDirectory="414c11e6-7a9b-447a-802d-576aaef1c389" />
    <UnitTestResult executionId="1ed18d65-610f-49e1-bc14-2ca029a4e9f0" testId="f01816fa-f1da-6066-6d76-bd032ecebdbf" testName="Goedel.XUnit.TestDareArchive.TestFileContainer1" computerName="VOODOO" duration="00:00:00.0111697" startTime="2021-12-02T13:54:16.5477208-05:00" endTime="2021-12-02T13:54:16.5477209-05:00" testType="13cdc9d9-ddb5-4fa4-a97d-d965ccfc6d4b" outcome="Passed" testListId="8c84fa94-04c1-424b-9868-57a2d4851a1d" relativeResultsDirectory="1ed18d65-610f-49e1-bc14-2ca029a4e9f0" />
    <UnitTestResult executionId="de4efe65-a18b-4b49-8e7c-ad5d21c91bd8" testId="828b4bac-1548-95a3-c2eb-f771114e64c8" testName="Goedel.XUnit.ShellTests.TestRandom(bits: 0)" computerName="VOODOO" duration="00:00:00.0046131" startTime="2021-12-02T13:54:12.0897195-05:00" endTime="2021-12-02T13:54:12.0897197-05:00" testType="13cdc9d9-ddb5-4fa4-a97d-d965ccfc6d4b" outcome="Passed" testListId="8c84fa94-04c1-424b-9868-57a2d4851a1d" relativeResultsDirectory="de4efe65-a18b-4b49-8e7c-ad5d21c91bd8" />
    <UnitTestResult executionId="38892a9f-0c9d-4360-bfdd-243607177e4f" testId="74e6f7f5-a6b2-4674-b99d-e070ba87852c" testName="Goedel.XUnit.TestService.PrivateKeyRoundTrip(cryptoAlgorithmId: EdDSA, round: 0)" computerName="VOODOO" duration="00:00:00.0124090" startTime="2021-12-02T13:54:37.3755983-05:00" endTime="2021-12-02T13:54:37.3755988-05:00" testType="13cdc9d9-ddb5-4fa4-a97d-d965ccfc6d4b" outcome="Passed" testListId="8c84fa94-04c1-424b-9868-57a2d4851a1d" relativeResultsDirectory="38892a9f-0c9d-4360-bfdd-243607177e4f" />
    <UnitTestResult executionId="4d960682-8ee9-4862-848b-6b6cfafb965a" testId="d6c45cee-a007-7f7b-10be-9c0646eb88c9" testName="Goedel.XUnit.TestService.KeyShareTestDirect(cryptoAlgorithmId: Ed448)" computerName="VOODOO" duration="00:00:00.1088494" startTime="2021-12-02T13:54:21.0155502-05:00" endTime="2021-12-02T13:54:21.0155507-05:00" testType="13cdc9d9-ddb5-4fa4-a97d-d965ccfc6d4b" outcome="Passed" testListId="8c84fa94-04c1-424b-9868-57a2d4851a1d" relativeResultsDirectory="4d960682-8ee9-4862-848b-6b6cfafb965a" />
    <UnitTestResult executionId="843effd0-334e-467c-8673-1b27a4fce414" testId="2608adf3-3ffc-c3a1-addf-26f3f5b978ba" testName="Goedel.XUnit.ShellTestsAdmin.TestFileEncrypt" computerName="VOODOO" duration="00:00:02.5034126" startTime="2021-12-02T13:54:18.0642346-05:00" endTime="2021-12-02T13:54:18.0642348-05:00" testType="13cdc9d9-ddb5-4fa4-a97d-d965ccfc6d4b" outcome="Failed" testListId="8c84fa94-04c1-424b-9868-57a2d4851a1d" relativeResultsDirectory="843effd0-334e-467c-8673-1b27a4fce414">
      <Output>
        <ErrorInfo>
          <Message>Goedel.Mesh.ServiceAdmin.HostNotFound : Configuration for the host ServiceConfig.json could not be found</Message>
          <StackTrace>   at Goedel.Mesh.ServiceAdmin.Configuration.GetHostConfiguration(String id) in C:\Users\hallam\Work\mmm\Mesh\Goedel.Mesh.ServiceAdmin\ServiceDescription.cs:line 135&#xD;
   at Goedel.Mesh.Shell.Host.Shell.HostStart(HostStart Options) in C:\Users\hallam\Work\mmm\Mesh\Goedel.Mesh.Shell.Host\ShellDispatch.cs:line 156&#xD;
   at Goedel.Mesh.Shell.Host.CommandLineInterpreter.Handle_HostStart(DispatchShell DispatchIn, String[] Args, Int32 Index) in C:\Users\hallam\Work\mmm\Mesh\Goedel.Mesh.Shell.Host\anyhost.cs:line 172&#xD;
   at Goedel.Command.CommandLineInterpreterBase.Dispatcher(SortedDictionary`2 Entries, DescribeCommandEntry DefaultCommand, DispatchShell Dispatch, String[] Args, Int32 Index) in C:\Users\hallam\Work\mmm\Libraries\Goedel.Command\Command.cs:line 224&#xD;
   at Goedel.Mesh.Shell.Host.CommandLineInterpreter.MainMethod(Shell Dispatch, String[] Args) in C:\Users\hallam\Work\mmm\Mesh\Goedel.Mesh.Shell.Host\anyhost.cs:line 161&#xD;
   at Goedel.Mesh.Test.TestEnvironmentRdpShell.Host(String command) in C:\Users\hallam\Work\mmm\Testing\Goedel.Mesh.Test\TestEnvironmentCommon.cs:line 121&#xD;
   at Goedel.Mesh.Test.TestEnvironmentRdpShell.StartService() in C:\Users\hallam\Work\mmm\Testing\Goedel.Mesh.Test\TestEnvironmentCommon.cs:line 90&#xD;
   at Goedel.Mesh.Test.TestEnvironmentRdpShell.GetMeshClient(MeshMachineTest meshMachineTest, ICredentialPrivate credential, String service, String accountAddress) in C:\Users\hallam\Work\mmm\Testing\Goedel.Mesh.Test\TestEnvironmentCommon.cs:line 102&#xD;
   at Goedel.Mesh.Test.MeshMachineTest.GetMeshClient(ICredentialPrivate credential, String service, String accountAddress) in C:\Users\hallam\Work\mmm\Testing\Goedel.Mesh.Test\MeshMachineTest.cs:line 88&#xD;
   at Goedel.Mesh.Client.ContextUser.SetService(String accountAddress) in C:\Users\hallam\Work\mmm\Mesh\Goedel.Mesh.Client\ContextUser.cs:line 243&#xD;
   at Goedel.Mesh.Client.MeshHost.ConfigureMesh(String accountAddress, String localName, PrivateKeyUDF accountSeed, ProfileDevice profileDevice, List`1 rights, Boolean create) in C:\Users\hallam\Work\mmm\Mesh\Goedel.Mesh.Client\MeshHost.cs:line 269&#xD;
   at Goedel.Mesh.Shell.Shell.AccountCreate(AccountCreate options) in C:\Users\hallam\Work\mmm\Mesh\Goedel.Mesh.Shell\DispatchAccount.cs:line 68&#xD;
   at Goedel.Mesh.Shell.CommandLineInterpreter.Handle_AccountCreate(DispatchShell DispatchIn, String[] Args, Int32 Index) in C:\Users\hallam\Work\mmm\Mesh\Goedel.Mesh.Shell\meshman.cs:line 520&#xD;
   at Goedel.Command.CommandLineInterpreterBase.Dispatcher(SortedDictionary`2 Entries, DescribeCommandEntry DefaultCommand, DispatchShell Dispatch, String[] Args, Int32 Index) in C:\Users\hallam\Work\mmm\Libraries\Goedel.Command\Command.cs:line 224&#xD;
   at Goedel.Command.CommandLineInterpreterBase.Dispatcher(SortedDictionary`2 Entries, DescribeCommandEntry DefaultCommand, DispatchShell Dispatch, String[] Args, Int32 Index) in C:\Users\hallam\Work\mmm\Libraries\Goedel.Command\Command.cs:line 228&#xD;
   at Goedel.Mesh.Test.TestCLI.Dispatch(String command, Boolean fail) in C:\Users\hallam\Work\mmm\Testing\Goedel.Mesh.Test\TestShell.cs:line 241&#xD;
   at Goedel.XUnit.ShellTests.Dispatch(String command, Boolean fail) in C:\Users\hallam\Work\mmm\Testing\Goedel.Mesh.Shell.Test-xunit\Base.cs:line 159&#xD;
   at Goedel.XUnit.ShellTests.CreateAccount(String account) in C:\Users\hallam\Work\mmm\Testing\Goedel.Mesh.Shell.Test-xunit\Base.cs:line 162&#xD;
   at Goedel.XUnit.ShellTests.TestFileEncrypt() in C:\Users\hallam\Work\mmm\Testing\Goedel.Mesh.Shell.Test-xunit\TestDare.cs:line 53</StackTrace>
        </ErrorInfo>
      </Output>
    </UnitTestResult>
    <UnitTestResult executionId="dd355741-2064-4541-b1a6-c9b4734f6a9f" testId="f50d1a71-c8c6-6a64-517b-8dfbb3b931e8" testName="Goedel.XUnit.TestDigests.TestSHA_Direct(Message: &quot;abc&quot;, Repeat: 1, TestData: [TestVector { Digest = [...], ID = NULL }, TestVector { Digest = [...], ID = NULL }, TestVector { Digest = [...], ID = SHA_2_256 }, TestVector { Digest = [...], ID = NULL }, TestVector { Digest = [...], ID = SHA_2_512 }, ...])" computerName="VOODOO" duration="00:00:00.0009696" startTime="2021-12-02T13:56:20.9369468-05:00" endTime="2021-12-02T13:56:20.9369472-05:00" testType="13cdc9d9-ddb5-4fa4-a97d-d965ccfc6d4b" outcome="Passed" testListId="8c84fa94-04c1-424b-9868-57a2d4851a1d" relativeResultsDirectory="dd355741-2064-4541-b1a6-c9b4734f6a9f" />
    <UnitTestResult executionId="93ce40cc-6da1-4cc6-be5b-87708e071e2d" testId="b437b7da-61be-2516-b829-75a3bf1fe582" testName="Goedel.XUnit.TestCryptography.TestDH_Recryption_2_100" computerName="VOODOO" duration="00:00:29.1967635" startTime="2021-12-02T13:54:42.5999061-05:00" endTime="2021-12-02T13:54:42.5999063-05:00" testType="13cdc9d9-ddb5-4fa4-a97d-d965ccfc6d4b" outcome="Passed" testListId="8c84fa94-04c1-424b-9868-57a2d4851a1d" relativeResultsDirectory="93ce40cc-6da1-4cc6-be5b-87708e071e2d" />
    <UnitTestResult executionId="c0b5b663-c9fc-4e84-9325-53667d1f38ff" testId="b3d85452-e976-3d05-c796-0f4024a595c3" testName="Goedel.XUnit.TestGoedelCryptography.CombineCurveX448(iterations: 100)" computerName="VOODOO" duration="00:00:02.0944211" startTime="2021-12-02T13:54:34.3194525-05:00" endTime="2021-12-02T13:54:34.3194529-05:00" testType="13cdc9d9-ddb5-4fa4-a97d-d965ccfc6d4b" outcome="Passed" testListId="8c84fa94-04c1-424b-9868-57a2d4851a1d" relativeResultsDirectory="c0b5b663-c9fc-4e84-9325-53667d1f38ff" />
    <UnitTestResult executionId="e8c7dc0b-ae06-41df-8809-9f637d70ed0a" testId="f172c4ec-a366-fead-1dc1-654e6f84b8b7" testName="Goedel.XUnit.TestContainers.ContainerTestTree1" computerName="VOODOO" duration="00:00:00.0074898" startTime="2021-12-02T13:54:23.7446429-05:00" endTime="2021-12-02T13:54:23.7446435-05:00" testType="13cdc9d9-ddb5-4fa4-a97d-d965ccfc6d4b" outcome="Passed" testListId="8c84fa94-04c1-424b-9868-57a2d4851a1d" relativeResultsDirectory="e8c7dc0b-ae06-41df-8809-9f637d70ed0a" />
    <UnitTestResult executionId="13ec04dc-192e-46e6-bd39-927a0a3472fc" testId="8e317bef-4992-859f-3306-8089e17424d0" testName="Goedel.XUnit.TestGoedelCryptography.TestBigIntConvert" computerName="VOODOO" duration="00:00:00.0006001" startTime="2021-12-02T13:55:22.5272845-05:00" endTime="2021-12-02T13:55:22.5272846-05:00" testType="13cdc9d9-ddb5-4fa4-a97d-d965ccfc6d4b" outcome="Passed" testListId="8c84fa94-04c1-424b-9868-57a2d4851a1d" relativeResultsDirectory="13ec04dc-192e-46e6-bd39-927a0a3472fc" />
    <UnitTestResult executionId="5e8ea70e-c276-4503-b0f4-5018e9efdf13" testId="2e451957-baa2-a1e5-8bea-b6b41ddd1bdb" testName="Goedel.XUnit.TestCryptographyJose.RoundTripKeyEphemeral(cryptoAlgorithmID: EdDSA)" computerName="VOODOO" duration="00:00:00.0170605" startTime="2021-12-02T13:54:14.4305506-05:00" endTime="2021-12-02T13:54:14.4305508-05:00" testType="13cdc9d9-ddb5-4fa4-a97d-d965ccfc6d4b" outcome="Passed" testListId="8c84fa94-04c1-424b-9868-57a2d4851a1d" relativeResultsDirectory="5e8ea70e-c276-4503-b0f4-5018e9efdf13" />
    <UnitTestResult executionId="e249faaf-d562-4a8a-bb1b-69a585bc85b7" testId="84dc4c1a-9c14-8fec-d34f-299e9886ec3c" testName="Goedel.XUnit.TestDare.EnvelopeEncryptedVariable" computerName="VOODOO" duration="00:00:00.8014354" startTime="2021-12-02T13:54:20.2657068-05:00" endTime="2021-12-02T13:54:20.2657069-05:00" testType="13cdc9d9-ddb5-4fa4-a97d-d965ccfc6d4b" outcome="Passed" testListId="8c84fa94-04c1-424b-9868-57a2d4851a1d" relativeResultsDirectory="e249faaf-d562-4a8a-bb1b-69a585bc85b7" />
    <UnitTestResult executionId="0f98baa3-2123-433c-9ebe-7695b43f51a7" testId="38e77f80-f266-9bd5-dead-1785d58624d5" testName="Goedel.XUnit.ShellTestsAdmin.TestCreateWeb" computerName="VOODOO" duration="00:00:01.8503393" startTime="2021-12-02T13:54:35.2347310-05:00" endTime="2021-12-02T13:54:35.2347311-05:00" testType="13cdc9d9-ddb5-4fa4-a97d-d965ccfc6d4b" outcome="Failed" testListId="8c84fa94-04c1-424b-9868-57a2d4851a1d" relativeResultsDirectory="0f98baa3-2123-433c-9ebe-7695b43f51a7">
      <Output>
        <ErrorInfo>
          <Message>Goedel.Mesh.ServiceAdmin.HostNotFound : Configuration for the host ServiceConfig.json could not be found</Message>
          <StackTrace>   at Goedel.Mesh.ServiceAdmin.Configuration.GetHostConfiguration(String id) in C:\Users\hallam\Work\mmm\Mesh\Goedel.Mesh.ServiceAdmin\ServiceDescription.cs:line 135&#xD;
   at Goedel.Mesh.Shell.Host.Shell.HostStart(HostStart Options) in C:\Users\hallam\Work\mmm\Mesh\Goedel.Mesh.Shell.Host\ShellDispatch.cs:line 156&#xD;
   at Goedel.Mesh.Shell.Host.CommandLineInterpreter.Handle_HostStart(DispatchShell DispatchIn, String[] Args, Int32 Index) in C:\Users\hallam\Work\mmm\Mesh\Goedel.Mesh.Shell.Host\anyhost.cs:line 172&#xD;
   at Goedel.Command.CommandLineInterpreterBase.Dispatcher(SortedDictionary`2 Entries, DescribeCommandEntry DefaultCommand, DispatchShell Dispatch, String[] Args, Int32 Index) in C:\Users\hallam\Work\mmm\Libraries\Goedel.Command\Command.cs:line 224&#xD;
   at Goedel.Mesh.Shell.Host.CommandLineInterpreter.MainMethod(Shell Dispatch, String[] Args) in C:\Users\hallam\Work\mmm\Mesh\Goedel.Mesh.Shell.Host\anyhost.cs:line 161&#xD;
   at Goedel.Mesh.Test.TestEnvironmentRdpShell.Host(String command) in C:\Users\hallam\Work\mmm\Testing\Goedel.Mesh.Test\TestEnvironmentCommon.cs:line 121&#xD;
   at Goedel.Mesh.Test.TestEnvironmentRdpShell.StartService() in C:\Users\hallam\Work\mmm\Testing\Goedel.Mesh.Test\TestEnvironmentCommon.cs:line 90&#xD;
   at Goedel.Mesh.Test.TestEnvironmentRdpShell.GetMeshClient(MeshMachineTest meshMachineTest, ICredentialPrivate credential, String service, String accountAddress) in C:\Users\hallam\Work\mmm\Testing\Goedel.Mesh.Test\TestEnvironmentCommon.cs:line 102&#xD;
   at Goedel.Mesh.Test.MeshMachineTest.GetMeshClient(ICredentialPrivate credential, String service, String accountAddress) in C:\Users\hallam\Work\mmm\Testing\Goedel.Mesh.Test\MeshMachineTest.cs:line 88&#xD;
   at Goedel.Mesh.Client.ContextUser.SetService(String accountAddress) in C:\Users\hallam\Work\mmm\Mesh\Goedel.Mesh.Client\ContextUser.cs:line 243&#xD;
   at Goedel.Mesh.Client.MeshHost.ConfigureMesh(String accountAddress, String localName, PrivateKeyUDF accountSeed, ProfileDevice profileDevice, List`1 rights, Boolean create) in C:\Users\hallam\Work\mmm\Mesh\Goedel.Mesh.Client\MeshHost.cs:line 269&#xD;
   at Goedel.Mesh.Shell.Shell.AccountCreate(AccountCreate options) in C:\Users\hallam\Work\mmm\Mesh\Goedel.Mesh.Shell\DispatchAccount.cs:line 68&#xD;
   at Goedel.Mesh.Shell.CommandLineInterpreter.Handle_AccountCreate(DispatchShell DispatchIn, String[] Args, Int32 Index) in C:\Users\hallam\Work\mmm\Mesh\Goedel.Mesh.Shell\meshman.cs:line 520&#xD;
   at Goedel.Command.CommandLineInterpreterBase.Dispatcher(SortedDictionary`2 Entries, DescribeCommandEntry DefaultCommand, DispatchShell Dispatch, String[] Args, Int32 Index) in C:\Users\hallam\Work\mmm\Libraries\Goedel.Command\Command.cs:line 224&#xD;
   at Goedel.Command.CommandLineInterpreterBase.Dispatcher(SortedDictionary`2 Entries, DescribeCommandEntry DefaultCommand, DispatchShell Dispatch, String[] Args, Int32 Index) in C:\Users\hallam\Work\mmm\Libraries\Goedel.Command\Command.cs:line 228&#xD;
   at Goedel.Mesh.Test.TestCLI.Dispatch(String command, Boolean fail) in C:\Users\hallam\Work\mmm\Testing\Goedel.Mesh.Test\TestShell.cs:line 241&#xD;
   at Goedel.XUnit.ShellTests.TestAuthCreate(TestCLI device1, TestCLI device2, String auth) in C:\Users\hallam\Work\mmm\Testing\Goedel.Mesh.Shell.Test-xunit\TestProfile.cs:line 429&#xD;
   at Goedel.XUnit.ShellTests.TestCreateWeb() in C:\Users\hallam\Work\mmm\Testing\Goedel.Mesh.Shell.Test-xunit\TestProfile.cs:line 372</StackTrace>
        </ErrorInfo>
      </Output>
    </UnitTestResult>
    <UnitTestResult executionId="526fba75-5f54-4744-aa04-ef8174b7f3e4" testId="4e814f69-3468-6019-2c40-59747fd48b16" testName="Goedel.XUnit.TestSplit.TestKey(bits: 128, hexData: null)" computerName="VOODOO" duration="00:00:00.1159704" startTime="2021-12-02T13:54:15.7505196-05:00" endTime="2021-12-02T13:54:15.7505200-05:00" testType="13cdc9d9-ddb5-4fa4-a97d-d965ccfc6d4b" outcome="Passed" testListId="8c84fa94-04c1-424b-9868-57a2d4851a1d" relativeResultsDirectory="526fba75-5f54-4744-aa04-ef8174b7f3e4" />
    <UnitTestResult executionId="cd946fe5-80b3-46ba-b136-cacfce99f229" testId="10e8b2ea-571e-423b-3fef-7e4b67753eff" testName="Goedel.XUnit.ShellTestsAdmin.TestCreateSuper" computerName="VOODOO" duration="00:00:01.1406632" startTime="2021-12-02T13:55:08.1954396-05:00" endTime="2021-12-02T13:55:08.1954397-05:00" testType="13cdc9d9-ddb5-4fa4-a97d-d965ccfc6d4b" outcome="Failed" testListId="8c84fa94-04c1-424b-9868-57a2d4851a1d" relativeResultsDirectory="cd946fe5-80b3-46ba-b136-cacfce99f229">
      <Output>
        <ErrorInfo>
          <Message>Goedel.Mesh.ServiceAdmin.HostNotFound : Configuration for the host ServiceConfig.json could not be found</Message>
          <StackTrace>   at Goedel.Mesh.ServiceAdmin.Configuration.GetHostConfiguration(String id) in C:\Users\hallam\Work\mmm\Mesh\Goedel.Mesh.ServiceAdmin\ServiceDescription.cs:line 135&#xD;
   at Goedel.Mesh.Shell.Host.Shell.HostStart(HostStart Options) in C:\Users\hallam\Work\mmm\Mesh\Goedel.Mesh.Shell.Host\ShellDispatch.cs:line 156&#xD;
   at Goedel.Mesh.Shell.Host.CommandLineInterpreter.Handle_HostStart(DispatchShell DispatchIn, String[] Args, Int32 Index) in C:\Users\hallam\Work\mmm\Mesh\Goedel.Mesh.Shell.Host\anyhost.cs:line 172&#xD;
   at Goedel.Command.CommandLineInterpreterBase.Dispatcher(SortedDictionary`2 Entries, DescribeCommandEntry DefaultCommand, DispatchShell Dispatch, String[] Args, Int32 Index) in C:\Users\hallam\Work\mmm\Libraries\Goedel.Command\Command.cs:line 224&#xD;
   at Goedel.Mesh.Shell.Host.CommandLineInterpreter.MainMethod(Shell Dispatch, String[] Args) in C:\Users\hallam\Work\mmm\Mesh\Goedel.Mesh.Shell.Host\anyhost.cs:line 161&#xD;
   at Goedel.Mesh.Test.TestEnvironmentRdpShell.Host(String command) in C:\Users\hallam\Work\mmm\Testing\Goedel.Mesh.Test\TestEnvironmentCommon.cs:line 121&#xD;
   at Goedel.Mesh.Test.TestEnvironmentRdpShell.StartService() in C:\Users\hallam\Work\mmm\Testing\Goedel.Mesh.Test\TestEnvironmentCommon.cs:line 90&#xD;
   at Goedel.Mesh.Test.TestEnvironmentRdpShell.GetMeshClient(MeshMachineTest meshMachineTest, ICredentialPrivate credential, String service, String accountAddress) in C:\Users\hallam\Work\mmm\Testing\Goedel.Mesh.Test\TestEnvironmentCommon.cs:line 102&#xD;
   at Goedel.Mesh.Test.MeshMachineTest.GetMeshClient(ICredentialPrivate credential, String service, String accountAddress) in C:\Users\hallam\Work\mmm\Testing\Goedel.Mesh.Test\MeshMachineTest.cs:line 88&#xD;
   at Goedel.Mesh.Client.ContextUser.SetService(String accountAddress) in C:\Users\hallam\Work\mmm\Mesh\Goedel.Mesh.Client\ContextUser.cs:line 243&#xD;
   at Goedel.Mesh.Client.MeshHost.ConfigureMesh(String accountAddress, String localName, PrivateKeyUDF accountSeed, ProfileDevice profileDevice, List`1 rights, Boolean create) in C:\Users\hallam\Work\mmm\Mesh\Goedel.Mesh.Client\MeshHost.cs:line 269&#xD;
   at Goedel.Mesh.Shell.Shell.AccountCreate(AccountCreate options) in C:\Users\hallam\Work\mmm\Mesh\Goedel.Mesh.Shell\DispatchAccount.cs:line 68&#xD;
   at Goedel.Mesh.Shell.CommandLineInterpreter.Handle_AccountCreate(DispatchShell DispatchIn, String[] Args, Int32 Index) in C:\Users\hallam\Work\mmm\Mesh\Goedel.Mesh.Shell\meshman.cs:line 520&#xD;
   at Goedel.Command.CommandLineInterpreterBase.Dispatcher(SortedDictionary`2 Entries, DescribeCommandEntry DefaultCommand, DispatchShell Dispatch, String[] Args, Int32 Index) in C:\Users\hallam\Work\mmm\Libraries\Goedel.Command\Command.cs:line 224&#xD;
   at Goedel.Command.CommandLineInterpreterBase.Dispatcher(SortedDictionary`2 Entries, DescribeCommandEntry DefaultCommand, DispatchShell Dispatch, String[] Args, Int32 Index) in C:\Users\hallam\Work\mmm\Libraries\Goedel.Command\Command.cs:line 228&#xD;
   at Goedel.Mesh.Test.TestCLI.Dispatch(String command, Boolean fail) in C:\Users\hallam\Work\mmm\Testing\Goedel.Mesh.Test\TestShell.cs:line 241&#xD;
   at Goedel.XUnit.ShellTests.TestAuthCreate(TestCLI device1, TestCLI device2, String auth) in C:\Users\hallam\Work\mmm\Testing\Goedel.Mesh.Shell.Test-xunit\TestProfile.cs:line 429&#xD;
   at Goedel.XUnit.ShellTests.TestCreateSuper() in C:\Users\hallam\Work\mmm\Testing\Goedel.Mesh.Shell.Test-xunit\TestProfile.cs:line 283</StackTrace>
        </ErrorInfo>
      </Output>
    </UnitTestResult>
    <UnitTestResult executionId="53d4e351-8d7c-4874-b325-f8c8a3ffe3be" testId="fd1aa3d3-fa2b-90b9-0d45-f242b9456d84" testName="Goedel.XUnit.ShellTestsAdmin.TestProfileContact" computerName="VOODOO" duration="00:00:01.8277446" startTime="2021-12-02T13:54:50.4948955-05:00" endTime="2021-12-02T13:54:50.4948958-05:00" testType="13cdc9d9-ddb5-4fa4-a97d-d965ccfc6d4b" outcome="Failed" testListId="8c84fa94-04c1-424b-9868-57a2d4851a1d" relativeResultsDirectory="53d4e351-8d7c-4874-b325-f8c8a3ffe3be">
      <Output>
        <ErrorInfo>
          <Message>Goedel.Mesh.ServiceAdmin.HostNotFound : Configuration for the host ServiceConfig.json could not be found</Message>
          <StackTrace>   at Goedel.Mesh.ServiceAdmin.Configuration.GetHostConfiguration(String id) in C:\Users\hallam\Work\mmm\Mesh\Goedel.Mesh.ServiceAdmin\ServiceDescription.cs:line 135&#xD;
   at Goedel.Mesh.Shell.Host.Shell.HostStart(HostStart Options) in C:\Users\hallam\Work\mmm\Mesh\Goedel.Mesh.Shell.Host\ShellDispatch.cs:line 156&#xD;
   at Goedel.Mesh.Shell.Host.CommandLineInterpreter.Handle_HostStart(DispatchShell DispatchIn, String[] Args, Int32 Index) in C:\Users\hallam\Work\mmm\Mesh\Goedel.Mesh.Shell.Host\anyhost.cs:line 172&#xD;
   at Goedel.Command.CommandLineInterpreterBase.Dispatcher(SortedDictionary`2 Entries, DescribeCommandEntry DefaultCommand, DispatchShell Dispatch, String[] Args, Int32 Index) in C:\Users\hallam\Work\mmm\Libraries\Goedel.Command\Command.cs:line 224&#xD;
   at Goedel.Mesh.Shell.Host.CommandLineInterpreter.MainMethod(Shell Dispatch, String[] Args) in C:\Users\hallam\Work\mmm\Mesh\Goedel.Mesh.Shell.Host\anyhost.cs:line 161&#xD;
   at Goedel.Mesh.Test.TestEnvironmentRdpShell.Host(String command) in C:\Users\hallam\Work\mmm\Testing\Goedel.Mesh.Test\TestEnvironmentCommon.cs:line 121&#xD;
   at Goedel.Mesh.Test.TestEnvironmentRdpShell.StartService() in C:\Users\hallam\Work\mmm\Testing\Goedel.Mesh.Test\TestEnvironmentCommon.cs:line 90&#xD;
   at Goedel.Mesh.Test.TestEnvironmentRdpShell.GetMeshClient(MeshMachineTest meshMachineTest, ICredentialPrivate credential, String service, String accountAddress) in C:\Users\hallam\Work\mmm\Testing\Goedel.Mesh.Test\TestEnvironmentCommon.cs:line 102&#xD;
   at Goedel.Mesh.Test.MeshMachineTest.GetMeshClient(ICredentialPrivate credential, String service, String accountAddress) in C:\Users\hallam\Work\mmm\Testing\Goedel.Mesh.Test\MeshMachineTest.cs:line 88&#xD;
   at Goedel.Mesh.Client.ContextUser.SetService(String accountAddress) in C:\Users\hallam\Work\mmm\Mesh\Goedel.Mesh.Client\ContextUser.cs:line 243&#xD;
   at Goedel.Mesh.Client.MeshHost.ConfigureMesh(String accountAddress, String localName, PrivateKeyUDF accountSeed, ProfileDevice profileDevice, List`1 rights, Boolean create) in C:\Users\hallam\Work\mmm\Mesh\Goedel.Mesh.Client\MeshHost.cs:line 269&#xD;
   at Goedel.Mesh.Shell.Shell.AccountCreate(AccountCreate options) in C:\Users\hallam\Work\mmm\Mesh\Goedel.Mesh.Shell\DispatchAccount.cs:line 68&#xD;
   at Goedel.Mesh.Shell.CommandLineInterpreter.Handle_AccountCreate(DispatchShell DispatchIn, String[] Args, Int32 Index) in C:\Users\hallam\Work\mmm\Mesh\Goedel.Mesh.Shell\meshman.cs:line 520&#xD;
   at Goedel.Command.CommandLineInterpreterBase.Dispatcher(SortedDictionary`2 Entries, DescribeCommandEntry DefaultCommand, DispatchShell Dispatch, String[] Args, Int32 Index) in C:\Users\hallam\Work\mmm\Libraries\Goedel.Command\Command.cs:line 224&#xD;
   at Goedel.Command.CommandLineInterpreterBase.Dispatcher(SortedDictionary`2 Entries, DescribeCommandEntry DefaultCommand, DispatchShell Dispatch, String[] Args, Int32 Index) in C:\Users\hallam\Work\mmm\Libraries\Goedel.Command\Command.cs:line 228&#xD;
   at Goedel.Mesh.Test.TestCLI.Dispatch(String command, Boolean fail) in C:\Users\hallam\Work\mmm\Testing\Goedel.Mesh.Test\TestShell.cs:line 241&#xD;
   at Goedel.XUnit.ShellTests.TestProfileContact() in C:\Users\hallam\Work\mmm\Testing\Goedel.Mesh.Shell.Test-xunit\TestCatalog.cs:line 98</StackTrace>
        </ErrorInfo>
      </Output>
    </UnitTestResult>
    <UnitTestResult executionId="5934d578-93d2-4f4a-a305-0df9d071577c" testId="11a08850-241d-41cd-61cb-792e2ae0cef5" testName="Goedel.XUnit.TestGoedelCryptography.KeyPairX25519AgreeX" computerName="VOODOO" duration="00:00:00.0082258" startTime="2021-12-02T13:55:23.1795563-05:00" endTime="2021-12-02T13:55:23.1795565-05:00" testType="13cdc9d9-ddb5-4fa4-a97d-d965ccfc6d4b" outcome="Passed" testListId="8c84fa94-04c1-424b-9868-57a2d4851a1d" relativeResultsDirectory="5934d578-93d2-4f4a-a305-0df9d071577c" />
    <UnitTestResult executionId="4bb5dc7e-5c41-4cae-a229-8c6c36a0588a" testId="b9b0ced7-1a2e-6abd-796a-f2b232076c1d" testName="Goedel.XUnit.ShellTestsAdmin.TestFileSignEncrypt" computerName="VOODOO" duration="00:00:01.3425855" startTime="2021-12-02T13:54:55.4408415-05:00" endTime="2021-12-02T13:54:55.4408417-05:00" testType="13cdc9d9-ddb5-4fa4-a97d-d965ccfc6d4b" outcome="Failed" testListId="8c84fa94-04c1-424b-9868-57a2d4851a1d" relativeResultsDirectory="4bb5dc7e-5c41-4cae-a229-8c6c36a0588a">
      <Output>
        <ErrorInfo>
          <Message>Goedel.Mesh.ServiceAdmin.HostNotFound : Configuration for the host ServiceConfig.json could not be found</Message>
          <StackTrace>   at Goedel.Mesh.ServiceAdmin.Configuration.GetHostConfiguration(String id) in C:\Users\hallam\Work\mmm\Mesh\Goedel.Mesh.ServiceAdmin\ServiceDescription.cs:line 135&#xD;
   at Goedel.Mesh.Shell.Host.Shell.HostStart(HostStart Options) in C:\Users\hallam\Work\mmm\Mesh\Goedel.Mesh.Shell.Host\ShellDispatch.cs:line 156&#xD;
   at Goedel.Mesh.Shell.Host.CommandLineInterpreter.Handle_HostStart(DispatchShell DispatchIn, String[] Args, Int32 Index) in C:\Users\hallam\Work\mmm\Mesh\Goedel.Mesh.Shell.Host\anyhost.cs:line 172&#xD;
   at Goedel.Command.CommandLineInterpreterBase.Dispatcher(SortedDictionary`2 Entries, DescribeCommandEntry DefaultCommand, DispatchShell Dispatch, String[] Args, Int32 Index) in C:\Users\hallam\Work\mmm\Libraries\Goedel.Command\Command.cs:line 224&#xD;
   at Goedel.Mesh.Shell.Host.CommandLineInterpreter.MainMethod(Shell Dispatch, String[] Args) in C:\Users\hallam\Work\mmm\Mesh\Goedel.Mesh.Shell.Host\anyhost.cs:line 161&#xD;
   at Goedel.Mesh.Test.TestEnvironmentRdpShell.Host(String command) in C:\Users\hallam\Work\mmm\Testing\Goedel.Mesh.Test\TestEnvironmentCommon.cs:line 121&#xD;
   at Goedel.Mesh.Test.TestEnvironmentRdpShell.StartService() in C:\Users\hallam\Work\mmm\Testing\Goedel.Mesh.Test\TestEnvironmentCommon.cs:line 90&#xD;
   at Goedel.Mesh.Test.TestEnvironmentRdpShell.GetMeshClient(MeshMachineTest meshMachineTest, ICredentialPrivate credential, String service, String accountAddress) in C:\Users\hallam\Work\mmm\Testing\Goedel.Mesh.Test\TestEnvironmentCommon.cs:line 102&#xD;
   at Goedel.Mesh.Test.MeshMachineTest.GetMeshClient(ICredentialPrivate credential, String service, String accountAddress) in C:\Users\hallam\Work\mmm\Testing\Goedel.Mesh.Test\MeshMachineTest.cs:line 88&#xD;
   at Goedel.Mesh.Client.ContextUser.SetService(String accountAddress) in C:\Users\hallam\Work\mmm\Mesh\Goedel.Mesh.Client\ContextUser.cs:line 243&#xD;
   at Goedel.Mesh.Client.MeshHost.ConfigureMesh(String accountAddress, String localName, PrivateKeyUDF accountSeed, ProfileDevice profileDevice, List`1 rights, Boolean create) in C:\Users\hallam\Work\mmm\Mesh\Goedel.Mesh.Client\MeshHost.cs:line 269&#xD;
   at Goedel.Mesh.Shell.Shell.AccountCreate(AccountCreate options) in C:\Users\hallam\Work\mmm\Mesh\Goedel.Mesh.Shell\DispatchAccount.cs:line 68&#xD;
   at Goedel.Mesh.Shell.CommandLineInterpreter.Handle_AccountCreate(DispatchShell DispatchIn, String[] Args, Int32 Index) in C:\Users\hallam\Work\mmm\Mesh\Goedel.Mesh.Shell\meshman.cs:line 520&#xD;
   at Goedel.Command.CommandLineInterpreterBase.Dispatcher(SortedDictionary`2 Entries, DescribeCommandEntry DefaultCommand, DispatchShell Dispatch, String[] Args, Int32 Index) in C:\Users\hallam\Work\mmm\Libraries\Goedel.Command\Command.cs:line 224&#xD;
   at Goedel.Command.CommandLineInterpreterBase.Dispatcher(SortedDictionary`2 Entries, DescribeCommandEntry DefaultCommand, DispatchShell Dispatch, String[] Args, Int32 Index) in C:\Users\hallam\Work\mmm\Libraries\Goedel.Command\Command.cs:line 228&#xD;
   at Goedel.Mesh.Test.TestCLI.Dispatch(String command, Boolean fail) in C:\Users\hallam\Work\mmm\Testing\Goedel.Mesh.Test\TestShell.cs:line 241&#xD;
   at Goedel.XUnit.ShellTests.Dispatch(String command, Boolean fail) in C:\Users\hallam\Work\mmm\Testing\Goedel.Mesh.Shell.Test-xunit\Base.cs:line 159&#xD;
   at Goedel.XUnit.ShellTests.CreateAccount(String account) in C:\Users\hallam\Work\mmm\Testing\Goedel.Mesh.Shell.Test-xunit\Base.cs:line 162&#xD;
   at Goedel.XUnit.ShellTests.TestFileSignEncrypt() in C:\Users\hallam\Work\mmm\Testing\Goedel.Mesh.Shell.Test-xunit\TestDare.cs:line 72</StackTrace>
        </ErrorInfo>
      </Output>
    </UnitTestResult>
    <UnitTestResult executionId="ef32f1db-5157-47e9-af4d-0a4e7ca9278b" testId="dfe7a02e-8b34-fd43-a488-f48f1bec6d6c" testName="Goedel.XUnit.TestGoedelCryptography.X25519TV3" computerName="VOODOO" duration="00:00:01.9152619" startTime="2021-12-02T13:55:13.3213862-05:00" endTime="2021-12-02T13:55:13.3213864-05:00" testType="13cdc9d9-ddb5-4fa4-a97d-d965ccfc6d4b" outcome="Passed" testListId="8c84fa94-04c1-424b-9868-57a2d4851a1d" relativeResultsDirectory="ef32f1db-5157-47e9-af4d-0a4e7ca9278b" />
    <UnitTestResult executionId="737a8a14-333f-4544-9c00-c8b65094e17a" testId="fcc45ec7-f61c-6e24-5090-d07c7193f236" testName="Goedel.XUnit.TestLifecycle.Test_LifecycleAdmin(CryptoAlgorithmID: Exchange, KeySize: 2048)" computerName="VOODOO" duration="00:00:00.2178777" startTime="2021-12-02T13:54:19.6184212-05:00" endTime="2021-12-02T13:54:19.6184216-05:00" testType="13cdc9d9-ddb5-4fa4-a97d-d965ccfc6d4b" outcome="Passed" testListId="8c84fa94-04c1-424b-9868-57a2d4851a1d" relativeResultsDirectory="737a8a14-333f-4544-9c00-c8b65094e17a" />
    <UnitTestResult executionId="32919197-90d6-4a07-b56f-4109ae145fa9" testId="6ef81757-cdda-dfaf-980b-ff235054f9d8" testName="Goedel.XUnit.ShellTestsAdmin.TestMessageContactInPerson" computerName="VOODOO" duration="00:00:01.8908648" startTime="2021-12-02T13:54:32.4387884-05:00" endTime="2021-12-02T13:54:32.4387886-05:00" testType="13cdc9d9-ddb5-4fa4-a97d-d965ccfc6d4b" outcome="Failed" testListId="8c84fa94-04c1-424b-9868-57a2d4851a1d" relativeResultsDirectory="32919197-90d6-4a07-b56f-4109ae145fa9">
      <Output>
        <ErrorInfo>
          <Message>Goedel.Mesh.ServiceAdmin.HostNotFound : Configuration for the host ServiceConfig.json could not be found</Message>
          <StackTrace>   at Goedel.Mesh.ServiceAdmin.Configuration.GetHostConfiguration(String id) in C:\Users\hallam\Work\mmm\Mesh\Goedel.Mesh.ServiceAdmin\ServiceDescription.cs:line 135&#xD;
   at Goedel.Mesh.Shell.Host.Shell.HostStart(HostStart Options) in C:\Users\hallam\Work\mmm\Mesh\Goedel.Mesh.Shell.Host\ShellDispatch.cs:line 156&#xD;
   at Goedel.Mesh.Shell.Host.CommandLineInterpreter.Handle_HostStart(DispatchShell DispatchIn, String[] Args, Int32 Index) in C:\Users\hallam\Work\mmm\Mesh\Goedel.Mesh.Shell.Host\anyhost.cs:line 172&#xD;
   at Goedel.Command.CommandLineInterpreterBase.Dispatcher(SortedDictionary`2 Entries, DescribeCommandEntry DefaultCommand, DispatchShell Dispatch, String[] Args, Int32 Index) in C:\Users\hallam\Work\mmm\Libraries\Goedel.Command\Command.cs:line 224&#xD;
   at Goedel.Mesh.Shell.Host.CommandLineInterpreter.MainMethod(Shell Dispatch, String[] Args) in C:\Users\hallam\Work\mmm\Mesh\Goedel.Mesh.Shell.Host\anyhost.cs:line 161&#xD;
   at Goedel.Mesh.Test.TestEnvironmentRdpShell.Host(String command) in C:\Users\hallam\Work\mmm\Testing\Goedel.Mesh.Test\TestEnvironmentCommon.cs:line 121&#xD;
   at Goedel.Mesh.Test.TestEnvironmentRdpShell.StartService() in C:\Users\hallam\Work\mmm\Testing\Goedel.Mesh.Test\TestEnvironmentCommon.cs:line 90&#xD;
   at Goedel.Mesh.Test.TestEnvironmentRdpShell.GetMeshClient(MeshMachineTest meshMachineTest, ICredentialPrivate credential, String service, String accountAddress) in C:\Users\hallam\Work\mmm\Testing\Goedel.Mesh.Test\TestEnvironmentCommon.cs:line 102&#xD;
   at Goedel.Mesh.Test.MeshMachineTest.GetMeshClient(ICredentialPrivate credential, String service, String accountAddress) in C:\Users\hallam\Work\mmm\Testing\Goedel.Mesh.Test\MeshMachineTest.cs:line 88&#xD;
   at Goedel.Mesh.Client.ContextUser.SetService(String accountAddress) in C:\Users\hallam\Work\mmm\Mesh\Goedel.Mesh.Client\ContextUser.cs:line 243&#xD;
   at Goedel.Mesh.Client.MeshHost.ConfigureMesh(String accountAddress, String localName, PrivateKeyUDF accountSeed, ProfileDevice profileDevice, List`1 rights, Boolean create) in C:\Users\hallam\Work\mmm\Mesh\Goedel.Mesh.Client\MeshHost.cs:line 269&#xD;
   at Goedel.Mesh.Shell.Shell.AccountCreate(AccountCreate options) in C:\Users\hallam\Work\mmm\Mesh\Goedel.Mesh.Shell\DispatchAccount.cs:line 68&#xD;
   at Goedel.Mesh.Shell.CommandLineInterpreter.Handle_AccountCreate(DispatchShell DispatchIn, String[] Args, Int32 Index) in C:\Users\hallam\Work\mmm\Mesh\Goedel.Mesh.Shell\meshman.cs:line 520&#xD;
   at Goedel.Command.CommandLineInterpreterBase.Dispatcher(SortedDictionary`2 Entries, DescribeCommandEntry DefaultCommand, DispatchShell Dispatch, String[] Args, Int32 Index) in C:\Users\hallam\Work\mmm\Libraries\Goedel.Command\Command.cs:line 224&#xD;
   at Goedel.Command.CommandLineInterpreterBase.Dispatcher(SortedDictionary`2 Entries, DescribeCommandEntry DefaultCommand, DispatchShell Dispatch, String[] Args, Int32 Index) in C:\Users\hallam\Work\mmm\Libraries\Goedel.Command\Command.cs:line 228&#xD;
   at Goedel.Mesh.Test.TestCLI.Dispatch(String command, Boolean fail) in C:\Users\hallam\Work\mmm\Testing\Goedel.Mesh.Test\TestShell.cs:line 241&#xD;
   at Goedel.XUnit.ShellTests.MakeAccount(TestCLI device, String account) in C:\Users\hallam\Work\mmm\Testing\Goedel.Mesh.Shell.Test-xunit\TestMessage.cs:line 186&#xD;
   at Goedel.XUnit.ShellTests.TestMessageContactInPerson() in C:\Users\hallam\Work\mmm\Testing\Goedel.Mesh.Shell.Test-xunit\TestMessage.cs:line 135</StackTrace>
        </ErrorInfo>
      </Output>
    </UnitTestResult>
    <UnitTestResult executionId="3fd61784-8b9b-4768-a826-5a4ab21a269c" testId="00178778-d4c0-ca46-e0c6-254436f9d67e" testName="Goedel.XUnit.GoedelProtocol.TestJSONB2" computerName="VOODOO" duration="00:00:00.0005985" startTime="2021-12-02T13:54:16.0982632-05:00" endTime="2021-12-02T13:54:16.0982634-05:00" testType="13cdc9d9-ddb5-4fa4-a97d-d965ccfc6d4b" outcome="Passed" testListId="8c84fa94-04c1-424b-9868-57a2d4851a1d" relativeResultsDirectory="3fd61784-8b9b-4768-a826-5a4ab21a269c" />
    <UnitTestResult executionId="6fb80ce8-181b-48ec-8698-a51c3e718901" testId="d58fd150-798d-6073-840c-a437d89c7bb9" testName="Goedel.XUnit.TestService.MeshDeviceMail" computerName="VOODOO" duration="00:00:00.9389915" startTime="2021-12-02T13:54:44.3083227-05:00" endTime="2021-12-02T13:54:44.3083230-05:00" testType="13cdc9d9-ddb5-4fa4-a97d-d965ccfc6d4b" outcome="Failed" testListId="8c84fa94-04c1-424b-9868-57a2d4851a1d" relativeResultsDirectory="6fb80ce8-181b-48ec-8698-a51c3e718901">
      <Output>
        <ErrorInfo>
          <Message>System.NullReferenceException : Object reference not set to an instance of an object.</Message>
          <StackTrace>   at Goedel.Mesh.Server.PublicMeshService..ctor(IMeshMachine meshMachine, ServiceConfiguration serviceConfiguration, HostConfiguration hostConfiguration) in C:\Users\hallam\Work\mmm\Mesh\Goedel.Mesh.Server\MeshDispatch.cs:line 136&#xD;
   at Goedel.Mesh.Test.TestEnvironmentCommon.get_MeshService() in C:\Users\hallam\Work\mmm\Testing\Goedel.Mesh.Test\TestEnvironmentCommon.cs:line 203&#xD;
   at Goedel.Mesh.Test.TestEnvironmentCommon.GetMeshClient(MeshMachineTest meshMachineTest, ICredentialPrivate credential, String serviceId, String accountAddress) in C:\Users\hallam\Work\mmm\Testing\Goedel.Mesh.Test\TestEnvironmentCommon.cs:line 222&#xD;
   at Goedel.Mesh.Test.MeshMachineTest.GetMeshClient(ICredentialPrivate credential, String service, String accountAddress) in C:\Users\hallam\Work\mmm\Testing\Goedel.Mesh.Test\MeshMachineTest.cs:line 88&#xD;
   at Goedel.Mesh.Client.ContextUser.SetService(String accountAddress) in C:\Users\hallam\Work\mmm\Mesh\Goedel.Mesh.Client\ContextUser.cs:line 243&#xD;
   at Goedel.Mesh.Client.MeshHost.ConfigureMesh(String accountAddress, String localName, PrivateKeyUDF accountSeed, ProfileDevice profileDevice, List`1 rights, Boolean create) in C:\Users\hallam\Work\mmm\Mesh\Goedel.Mesh.Client\MeshHost.cs:line 269&#xD;
   at Goedel.Mesh.Test.MeshMachineTest.GenerateAccountUser(TestEnvironmentCommon testEnvironmentCommon, String machineName, String accountAddress, String localName) in C:\Users\hallam\Work\mmm\Testing\Goedel.Mesh.Test\MeshMachineTest.cs:line 120&#xD;
   at Goedel.XUnit.TestService.MeshDeviceMail() in C:\Users\hallam\Work\mmm\Testing\Goedel.Mesh.Protocol.Test-xunit\Authorization.cs:line 195</StackTrace>
        </ErrorInfo>
      </Output>
    </UnitTestResult>
    <UnitTestResult executionId="b8484f34-18a3-492c-9b58-d86897f1627b" testId="23b83880-eae7-23a2-1de8-134cd41dbcd6" testName="Goedel.XUnit.TestLifecycle.Test_LifecycleMaster(CryptoAlgorithmID: DH, KeySize: 2048)" computerName="VOODOO" duration="00:00:00.3079842" startTime="2021-12-02T13:54:18.6786150-05:00" endTime="2021-12-02T13:54:18.6786151-05:00" testType="13cdc9d9-ddb5-4fa4-a97d-d965ccfc6d4b" outcome="Passed" testListId="8c84fa94-04c1-424b-9868-57a2d4851a1d" relativeResultsDirectory="b8484f34-18a3-492c-9b58-d86897f1627b" />
    <UnitTestResult executionId="25827843-38df-4991-a1ae-b1f1fa84bd4d" testId="65f58356-0b51-40bb-544a-5ed03f7f38e5" testName="Goedel.XUnit.MakeSiteDocs.DeleteDevice" computerName="VOODOO" duration="00:00:00.1288210" startTime="2021-12-02T13:54:13.8296014-05:00" endTime="2021-12-02T13:54:13.8296016-05:00" testType="13cdc9d9-ddb5-4fa4-a97d-d965ccfc6d4b" outcome="Failed" testListId="8c84fa94-04c1-424b-9868-57a2d4851a1d" relativeResultsDirectory="25827843-38df-4991-a1ae-b1f1fa84bd4d">
      <Output>
        <ErrorInfo>
          <Message>System.NullReferenceException : Object reference not set to an instance of an object.</Message>
          <StackTrace>   at ExampleGenerator.CreateExamples.ServiceConnect() in C:\Users\hallam\Work\mmm\Documentation\MakeSiteDocs\CreateExamples.cs:line 141&#xD;
   at Goedel.XUnit.MakeSiteDocs.DeleteDevice() in C:\Users\hallam\Work\mmm\Testing\Test.MakeSiteDocs\MakeSiteDocs.cs:line 114</StackTrace>
        </ErrorInfo>
      </Output>
    </UnitTestResult>
    <UnitTestResult executionId="dbf20c7e-ab73-4b88-914a-9c03ae5631de" testId="0983a6ef-18cb-1b6f-6d2c-803924600d35" testName="Goedel.XUnit.TestGoedelCryptography.X25519TV2" computerName="VOODOO" duration="00:00:00.0019733" startTime="2021-12-02T13:55:22.5104761-05:00" endTime="2021-12-02T13:55:22.5104762-05:00" testType="13cdc9d9-ddb5-4fa4-a97d-d965ccfc6d4b" outcome="Passed" testListId="8c84fa94-04c1-424b-9868-57a2d4851a1d" relativeResultsDirectory="dbf20c7e-ab73-4b88-914a-9c03ae5631de" />
    <UnitTestResult executionId="774e218b-25b6-4641-aa00-999ea7576953" testId="c6490196-7658-90e1-50ed-a8e5757d4525" testName="Goedel.XUnit.TestContainers.ContainerTestTree10" computerName="VOODOO" duration="00:00:00.0171398" startTime="2021-12-02T13:54:16.5603714-05:00" endTime="2021-12-02T13:54:16.5603716-05:00" testType="13cdc9d9-ddb5-4fa4-a97d-d965ccfc6d4b" outcome="Passed" testListId="8c84fa94-04c1-424b-9868-57a2d4851a1d" relativeResultsDirectory="774e218b-25b6-4641-aa00-999ea7576953" />
    <UnitTestResult executionId="f6fc290d-eda8-4877-bc14-a51c8dc816aa" testId="1c62490a-9a73-4c46-3bac-372115eddeb6" testName="Goedel.XUnit.TestService.TestProfileFails(dataValidity: CorruptPayload)" computerName="VOODOO" duration="00:00:01.5916590" startTime="2021-12-02T13:54:19.4839748-05:00" endTime="2021-12-02T13:54:19.4839750-05:00" testType="13cdc9d9-ddb5-4fa4-a97d-d965ccfc6d4b" outcome="Failed" testListId="8c84fa94-04c1-424b-9868-57a2d4851a1d" relativeResultsDirectory="f6fc290d-eda8-4877-bc14-a51c8dc816aa">
      <Output>
        <ErrorInfo>
          <Message>System.NullReferenceException : Object reference not set to an instance of an object.</Message>
          <StackTrace>   at Goedel.Mesh.Server.PublicMeshService..ctor(IMeshMachine meshMachine, ServiceConfiguration serviceConfiguration, HostConfiguration hostConfiguration) in C:\Users\hallam\Work\mmm\Mesh\Goedel.Mesh.Server\MeshDispatch.cs:line 136&#xD;
   at Goedel.Mesh.Test.TestEnvironmentCommon.get_MeshService() in C:\Users\hallam\Work\mmm\Testing\Goedel.Mesh.Test\TestEnvironmentCommon.cs:line 203&#xD;
   at Goedel.Mesh.Test.TestEnvironmentCommon.GetMeshClient(MeshMachineTest meshMachineTest, ICredentialPrivate credential, String serviceId, String accountAddress) in C:\Users\hallam\Work\mmm\Testing\Goedel.Mesh.Test\TestEnvironmentCommon.cs:line 222&#xD;
   at Goedel.Mesh.Test.MeshMachineTest.GetMeshClient(ICredentialPrivate credential, String service, String accountAddress) in C:\Users\hallam\Work\mmm\Testing\Goedel.Mesh.Test\MeshMachineTest.cs:line 88&#xD;
   at Goedel.Mesh.Client.ContextUser.SetService(String accountAddress) in C:\Users\hallam\Work\mmm\Mesh\Goedel.Mesh.Client\ContextUser.cs:line 243&#xD;
   at Goedel.Mesh.Client.MeshHost.ConfigureMesh(String accountAddress, String localName, PrivateKeyUDF accountSeed, ProfileDevice profileDevice, List`1 rights, Boolean create) in C:\Users\hallam\Work\mmm\Mesh\Goedel.Mesh.Client\MeshHost.cs:line 269&#xD;
   at Goedel.Mesh.Test.MeshMachineTest.GenerateAccountUser(TestEnvironmentCommon testEnvironmentCommon, String machineName, String accountAddress, String localName) in C:\Users\hallam\Work\mmm\Testing\Goedel.Mesh.Test\MeshMachineTest.cs:line 120&#xD;
   at Goedel.XUnit.TestService.TestProfileFails(DataValidity dataValidity) in C:\Users\hallam\Work\mmm\Testing\Goedel.Mesh.Protocol.Test-xunit\MeshCredential.cs:line 160</StackTrace>
        </ErrorInfo>
      </Output>
    </UnitTestResult>
    <UnitTestResult executionId="e571a921-a18e-4618-961e-d7c2fbc64204" testId="96dde99f-739f-425a-564c-63b50fea96ff" testName="Goedel.XUnit.TestLifecycle.Test_LifecycleAdmin(CryptoAlgorithmID: Ed448, KeySize: 2048)" computerName="VOODOO" duration="00:00:00.1336080" startTime="2021-12-02T13:54:19.7606570-05:00" endTime="2021-12-02T13:54:19.7606574-05:00" testType="13cdc9d9-ddb5-4fa4-a97d-d965ccfc6d4b" outcome="Passed" testListId="8c84fa94-04c1-424b-9868-57a2d4851a1d" relativeResultsDirectory="e571a921-a18e-4618-961e-d7c2fbc64204" />
    <UnitTestResult executionId="52b0a4e8-d3b4-4590-a93e-71015e7076f3" testId="b42c4eb0-64db-2ee9-9dc9-92e68fbf167e" testName="Goedel.XUnit.TestLifecycle.Test_LifecycleDevice(CryptoAlgorithmID: Signature, KeySize: 2048)" computerName="VOODOO" duration="00:00:00.3499874" startTime="2021-12-02T13:54:14.5468060-05:00" endTime="2021-12-02T13:54:14.5468063-05:00" testType="13cdc9d9-ddb5-4fa4-a97d-d965ccfc6d4b" outcome="Passed" testListId="8c84fa94-04c1-424b-9868-57a2d4851a1d" relativeResultsDirectory="52b0a4e8-d3b4-4590-a93e-71015e7076f3" />
    <UnitTestResult executionId="2ffb32ea-f2d5-40ed-b73b-0f229ecb262c" testId="565aa3c5-dddd-67af-c0ed-b5b57571e6a6" testName="Goedel.XUnit.TestContainers.ContainerOnceExchange" computerName="VOODOO" duration="00:00:00.3130508" startTime="2021-12-02T13:54:25.1656029-05:00" endTime="2021-12-02T13:54:25.1656032-05:00" testType="13cdc9d9-ddb5-4fa4-a97d-d965ccfc6d4b" outcome="Passed" testListId="8c84fa94-04c1-424b-9868-57a2d4851a1d" relativeResultsDirectory="2ffb32ea-f2d5-40ed-b73b-0f229ecb262c" />
    <UnitTestResult executionId="7bf4a0d4-2d27-4974-835a-54bb1a185bce" testId="c135772d-22fd-b4c3-569b-fb4810cb5d39" testName="Goedel.XUnit.TestDare.EnvelopeCryptoParameters" computerName="VOODOO" duration="00:00:00.0003857" startTime="2021-12-02T13:54:20.2660358-05:00" endTime="2021-12-02T13:54:20.2660364-05:00" testType="13cdc9d9-ddb5-4fa4-a97d-d965ccfc6d4b" outcome="Passed" testListId="8c84fa94-04c1-424b-9868-57a2d4851a1d" relativeResultsDirectory="7bf4a0d4-2d27-4974-835a-54bb1a185bce" />
    <UnitTestResult executionId="80730475-8b2c-4893-b308-554d63bd1e2d" testId="2ad8e11e-04c4-acad-8113-2671dd19915a" testName="Goedel.XUnit.TestGoedelCryptography.TestDerive_5869_Separate" computerName="VOODOO" duration="00:00:00.0007441" startTime="2021-12-02T13:54:35.3890801-05:00" endTime="2021-12-02T13:54:35.3890803-05:00" testType="13cdc9d9-ddb5-4fa4-a97d-d965ccfc6d4b" outcome="Passed" testListId="8c84fa94-04c1-424b-9868-57a2d4851a1d" relativeResultsDirectory="80730475-8b2c-4893-b308-554d63bd1e2d" />
    <UnitTestResult executionId="f68a2880-0a1f-49d8-8c19-eaed041354de" testId="d5fbf7e9-2329-a969-2a3c-5f839bb47386" testName="Goedel.XUnit.TestSplit.TestKey(bits: 64, hexData: null)" computerName="VOODOO" duration="00:00:00.0415101" startTime="2021-12-02T13:54:15.5101104-05:00" endTime="2021-12-02T13:54:15.5101109-05:00" testType="13cdc9d9-ddb5-4fa4-a97d-d965ccfc6d4b" outcome="Passed" testListId="8c84fa94-04c1-424b-9868-57a2d4851a1d" relativeResultsDirectory="f68a2880-0a1f-49d8-8c19-eaed041354de" />
    <UnitTestResult executionId="79d945f2-3959-44c7-8ab5-d40295f1dc37" testId="b396dcf1-7191-e4c5-189d-197388a396e7" testName="Goedel.XUnit.TestSplit.TestShares(N: 10, K: 2)" computerName="VOODOO" duration="00:00:00.0587466" startTime="2021-12-02T13:54:14.8068313-05:00" endTime="2021-12-02T13:54:14.8068317-05:00" testType="13cdc9d9-ddb5-4fa4-a97d-d965ccfc6d4b" outcome="Passed" testListId="8c84fa94-04c1-424b-9868-57a2d4851a1d" relativeResultsDirectory="79d945f2-3959-44c7-8ab5-d40295f1dc37" />
    <UnitTestResult executionId="151bef7a-87ca-4962-99cf-8433da189a07" testId="4ddd1b61-9f42-7ed7-ed5a-5cab44e80eb4" testName="Goedel.XUnit.ShellTestsAdmin.TestKey(bits: 512)" computerName="VOODOO" duration="00:00:00.0159132" startTime="2021-12-02T13:54:10.5002265-05:00" endTime="2021-12-02T13:54:10.5002266-05:00" testType="13cdc9d9-ddb5-4fa4-a97d-d965ccfc6d4b" outcome="Passed" testListId="8c84fa94-04c1-424b-9868-57a2d4851a1d" relativeResultsDirectory="151bef7a-87ca-4962-99cf-8433da189a07" />
    <UnitTestResult executionId="038c5838-3b4f-4567-a734-04602f56e96b" testId="028f44a2-72bd-8443-c268-1169c763bbb9" testName="Goedel.XUnit.ShellTests.TestMessageContactBusinessCardExchange" computerName="VOODOO" duration="00:00:00.9946008" startTime="2021-12-02T13:54:41.8098698-05:00" endTime="2021-12-02T13:54:41.8098700-05:00" testType="13cdc9d9-ddb5-4fa4-a97d-d965ccfc6d4b" outcome="Failed" testListId="8c84fa94-04c1-424b-9868-57a2d4851a1d" relativeResultsDirectory="038c5838-3b4f-4567-a734-04602f56e96b">
      <Output>
        <ErrorInfo>
          <Message>System.NullReferenceException : Object reference not set to an instance of an object.</Message>
          <StackTrace>   at Goedel.Mesh.Server.PublicMeshService..ctor(IMeshMachine meshMachine, ServiceConfiguration serviceConfiguration, HostConfiguration hostConfiguration) in C:\Users\hallam\Work\mmm\Mesh\Goedel.Mesh.Server\MeshDispatch.cs:line 136&#xD;
   at Goedel.Mesh.Test.TestEnvironmentCommon.get_MeshService() in C:\Users\hallam\Work\mmm\Testing\Goedel.Mesh.Test\TestEnvironmentCommon.cs:line 203&#xD;
   at Goedel.Mesh.Test.TestEnvironmentCommon.GetMeshClient(MeshMachineTest meshMachineTest, ICredentialPrivate credential, String serviceId, String accountAddress) in C:\Users\hallam\Work\mmm\Testing\Goedel.Mesh.Test\TestEnvironmentCommon.cs:line 222&#xD;
   at Goedel.Mesh.Test.MeshMachineTest.GetMeshClient(ICredentialPrivate credential, String service, String accountAddress) in C:\Users\hallam\Work\mmm\Testing\Goedel.Mesh.Test\MeshMachineTest.cs:line 88&#xD;
   at Goedel.Mesh.Client.ContextUser.SetService(String accountAddress) in C:\Users\hallam\Work\mmm\Mesh\Goedel.Mesh.Client\ContextUser.cs:line 243&#xD;
   at Goedel.Mesh.Client.MeshHost.ConfigureMesh(String accountAddress, String localName, PrivateKeyUDF accountSeed, ProfileDevice profileDevice, List`1 rights, Boolean create) in C:\Users\hallam\Work\mmm\Mesh\Goedel.Mesh.Client\MeshHost.cs:line 269&#xD;
   at Goedel.Mesh.Shell.Shell.AccountCreate(AccountCreate options) in C:\Users\hallam\Work\mmm\Mesh\Goedel.Mesh.Shell\DispatchAccount.cs:line 68&#xD;
   at Goedel.Mesh.Shell.CommandLineInterpreter.Handle_AccountCreate(DispatchShell DispatchIn, String[] Args, Int32 Index) in C:\Users\hallam\Work\mmm\Mesh\Goedel.Mesh.Shell\meshman.cs:line 520&#xD;
   at Goedel.Command.CommandLineInterpreterBase.Dispatcher(SortedDictionary`2 Entries, DescribeCommandEntry DefaultCommand, DispatchShell Dispatch, String[] Args, Int32 Index) in C:\Users\hallam\Work\mmm\Libraries\Goedel.Command\Command.cs:line 224&#xD;
   at Goedel.Command.CommandLineInterpreterBase.Dispatcher(SortedDictionary`2 Entries, DescribeCommandEntry DefaultCommand, DispatchShell Dispatch, String[] Args, Int32 Index) in C:\Users\hallam\Work\mmm\Libraries\Goedel.Command\Command.cs:line 228&#xD;
   at Goedel.Mesh.Test.TestCLI.Dispatch(String command, Boolean fail) in C:\Users\hallam\Work\mmm\Testing\Goedel.Mesh.Test\TestShell.cs:line 241&#xD;
   at Goedel.XUnit.ShellTests.MakeAccount(TestCLI device, String account) in C:\Users\hallam\Work\mmm\Testing\Goedel.Mesh.Shell.Test-xunit\TestMessage.cs:line 186&#xD;
   at Goedel.XUnit.ShellTests.TestMessageContactBusinessCardExchange() in C:\Users\hallam\Work\mmm\Testing\Goedel.Mesh.Shell.Test-xunit\TestMessage.cs:line 70</StackTrace>
        </ErrorInfo>
      </Output>
    </UnitTestResult>
    <UnitTestResult executionId="80d3d993-916d-4388-80b6-984ef5e45175" testId="a3d34060-30aa-e365-60d6-1f295e0e6d6f" testName="Goedel.XUnit.TestLifecycle.Test_LifecycleDevice(CryptoAlgorithmID: EdDSA, KeySize: 2048)" computerName="VOODOO" duration="00:00:00.0671651" startTime="2021-12-02T13:54:15.0195415-05:00" endTime="2021-12-02T13:54:15.0195419-05:00" testType="13cdc9d9-ddb5-4fa4-a97d-d965ccfc6d4b" outcome="Passed" testListId="8c84fa94-04c1-424b-9868-57a2d4851a1d" relativeResultsDirectory="80d3d993-916d-4388-80b6-984ef5e45175" />
    <UnitTestResult executionId="95b8ed4b-8d47-496f-8a52-df59e29d2b10" testId="afb58424-730f-2262-3bdd-9c040550a146" testName="Goedel.XUnit.TestCryptographyJose.Test_Write_DH_Private" computerName="VOODOO" duration="00:00:00.0013916" startTime="2021-12-02T13:54:15.8057915-05:00" endTime="2021-12-02T13:54:15.8057916-05:00" testType="13cdc9d9-ddb5-4fa4-a97d-d965ccfc6d4b" outcome="Passed" testListId="8c84fa94-04c1-424b-9868-57a2d4851a1d" relativeResultsDirectory="95b8ed4b-8d47-496f-8a52-df59e29d2b10" />
    <UnitTestResult executionId="f4cf33d9-4b5d-45fa-aefd-fe11dae34f5f" testId="12ea52e1-3f49-8c73-0ab9-bbd0bbe9d17d" testName="Goedel.XUnit.ShellTests.TestUDF" computerName="VOODOO" duration="00:00:00.0337693" startTime="2021-12-02T13:54:35.9152529-05:00" endTime="2021-12-02T13:54:35.9152530-05:00" testType="13cdc9d9-ddb5-4fa4-a97d-d965ccfc6d4b" outcome="Passed" testListId="8c84fa94-04c1-424b-9868-57a2d4851a1d" relativeResultsDirectory="f4cf33d9-4b5d-45fa-aefd-fe11dae34f5f" />
    <UnitTestResult executionId="c256cd07-8bd8-45ef-8334-47558bd982e7" testId="2de3a65f-8a6a-23d1-7580-9e07e3cca597" testName="Goedel.XUnit.ShellTestsAdmin.TestProfileConnect" computerName="VOODOO" duration="00:00:01.7324297" startTime="2021-12-02T13:54:40.2528184-05:00" endTime="2021-12-02T13:54:40.2528186-05:00" testType="13cdc9d9-ddb5-4fa4-a97d-d965ccfc6d4b" outcome="Failed" testListId="8c84fa94-04c1-424b-9868-57a2d4851a1d" relativeResultsDirectory="c256cd07-8bd8-45ef-8334-47558bd982e7">
      <Output>
        <ErrorInfo>
          <Message>Goedel.Mesh.ServiceAdmin.HostNotFound : Configuration for the host ServiceConfig.json could not be found</Message>
          <StackTrace>   at Goedel.Mesh.ServiceAdmin.Configuration.GetHostConfiguration(String id) in C:\Users\hallam\Work\mmm\Mesh\Goedel.Mesh.ServiceAdmin\ServiceDescription.cs:line 135&#xD;
   at Goedel.Mesh.Shell.Host.Shell.HostStart(HostStart Options) in C:\Users\hallam\Work\mmm\Mesh\Goedel.Mesh.Shell.Host\ShellDispatch.cs:line 156&#xD;
   at Goedel.Mesh.Shell.Host.CommandLineInterpreter.Handle_HostStart(DispatchShell DispatchIn, String[] Args, Int32 Index) in C:\Users\hallam\Work\mmm\Mesh\Goedel.Mesh.Shell.Host\anyhost.cs:line 172&#xD;
   at Goedel.Command.CommandLineInterpreterBase.Dispatcher(SortedDictionary`2 Entries, DescribeCommandEntry DefaultCommand, DispatchShell Dispatch, String[] Args, Int32 Index) in C:\Users\hallam\Work\mmm\Libraries\Goedel.Command\Command.cs:line 224&#xD;
   at Goedel.Mesh.Shell.Host.CommandLineInterpreter.MainMethod(Shell Dispatch, String[] Args) in C:\Users\hallam\Work\mmm\Mesh\Goedel.Mesh.Shell.Host\anyhost.cs:line 161&#xD;
   at Goedel.Mesh.Test.TestEnvironmentRdpShell.Host(String command) in C:\Users\hallam\Work\mmm\Testing\Goedel.Mesh.Test\TestEnvironmentCommon.cs:line 121&#xD;
   at Goedel.Mesh.Test.TestEnvironmentRdpShell.StartService() in C:\Users\hallam\Work\mmm\Testing\Goedel.Mesh.Test\TestEnvironmentCommon.cs:line 90&#xD;
   at Goedel.Mesh.Test.TestEnvironmentRdpShell.GetMeshClient(MeshMachineTest meshMachineTest, ICredentialPrivate credential, String service, String accountAddress) in C:\Users\hallam\Work\mmm\Testing\Goedel.Mesh.Test\TestEnvironmentCommon.cs:line 102&#xD;
   at Goedel.Mesh.Test.MeshMachineTest.GetMeshClient(ICredentialPrivate credential, String service, String accountAddress) in C:\Users\hallam\Work\mmm\Testing\Goedel.Mesh.Test\MeshMachineTest.cs:line 88&#xD;
   at Goedel.Mesh.Client.ContextUser.SetService(String accountAddress) in C:\Users\hallam\Work\mmm\Mesh\Goedel.Mesh.Client\ContextUser.cs:line 243&#xD;
   at Goedel.Mesh.Client.MeshHost.ConfigureMesh(String accountAddress, String localName, PrivateKeyUDF accountSeed, ProfileDevice profileDevice, List`1 rights, Boolean create) in C:\Users\hallam\Work\mmm\Mesh\Goedel.Mesh.Client\MeshHost.cs:line 269&#xD;
   at Goedel.Mesh.Shell.Shell.AccountCreate(AccountCreate options) in C:\Users\hallam\Work\mmm\Mesh\Goedel.Mesh.Shell\DispatchAccount.cs:line 68&#xD;
   at Goedel.Mesh.Shell.CommandLineInterpreter.Handle_AccountCreate(DispatchShell DispatchIn, String[] Args, Int32 Index) in C:\Users\hallam\Work\mmm\Mesh\Goedel.Mesh.Shell\meshman.cs:line 520&#xD;
   at Goedel.Command.CommandLineInterpreterBase.Dispatcher(SortedDictionary`2 Entries, DescribeCommandEntry DefaultCommand, DispatchShell Dispatch, String[] Args, Int32 Index) in C:\Users\hallam\Work\mmm\Libraries\Goedel.Command\Command.cs:line 224&#xD;
   at Goedel.Command.CommandLineInterpreterBase.Dispatcher(SortedDictionary`2 Entries, DescribeCommandEntry DefaultCommand, DispatchShell Dispatch, String[] Args, Int32 Index) in C:\Users\hallam\Work\mmm\Libraries\Goedel.Command\Command.cs:line 228&#xD;
   at Goedel.Mesh.Test.TestCLI.Dispatch(String command, Boolean fail) in C:\Users\hallam\Work\mmm\Testing\Goedel.Mesh.Test\TestShell.cs:line 241&#xD;
   at Goedel.XUnit.ShellTests.TestProfileConnect() in C:\Users\hallam\Work\mmm\Testing\Goedel.Mesh.Shell.Test-xunit\TestProfile.cs:line 80</StackTrace>
        </ErrorInfo>
      </Output>
    </UnitTestResult>
    <UnitTestResult executionId="936be89b-7729-46cc-95c7-5d61a3b4a42f" testId="a6fcc3ac-407d-e71a-b6af-63df50fda932" testName="Goedel.XUnit.GoedelProtocol.TestArrayB" computerName="VOODOO" duration="00:00:00.0000562" startTime="2021-12-02T13:54:16.0943598-05:00" endTime="2021-12-02T13:54:16.0943599-05:00" testType="13cdc9d9-ddb5-4fa4-a97d-d965ccfc6d4b" outcome="Passed" testListId="8c84fa94-04c1-424b-9868-57a2d4851a1d" relativeResultsDirectory="936be89b-7729-46cc-95c7-5d61a3b4a42f" />
    <UnitTestResult executionId="52624c07-dc37-4d67-b1e8-ae804d9b939c" testId="7c27ea7c-38ed-5e34-8392-a2a258ac8b74" testName="Goedel.XUnit.TestGoedelCryptography.TestSHA_NIST" computerName="VOODOO" duration="00:00:00.0010119" startTime="2021-12-02T13:54:37.5397926-05:00" endTime="2021-12-02T13:54:37.5397928-05:00" testType="13cdc9d9-ddb5-4fa4-a97d-d965ccfc6d4b" outcome="Passed" testListId="8c84fa94-04c1-424b-9868-57a2d4851a1d" relativeResultsDirectory="52624c07-dc37-4d67-b1e8-ae804d9b939c" />
    <UnitTestResult executionId="4e2c19ae-4a9a-4eef-ae72-f31d180ae976" testId="3b3396b5-e2d0-da19-438a-5f26771e514b" testName="Goedel.XUnit.TestService.TestCredentialDevice" computerName="VOODOO" duration="00:00:00.1269965" startTime="2021-12-02T13:54:48.8723537-05:00" endTime="2021-12-02T13:54:48.8723541-05:00" testType="13cdc9d9-ddb5-4fa4-a97d-d965ccfc6d4b" outcome="Passed" testListId="8c84fa94-04c1-424b-9868-57a2d4851a1d" relativeResultsDirectory="4e2c19ae-4a9a-4eef-ae72-f31d180ae976" />
    <UnitTestResult executionId="d5922869-58b3-4bb5-b4ba-ddf821cb9ec9" testId="a5d42cf1-88fe-1cac-c2a5-c65452c77b2b" testName="Goedel.XUnit.TestGoedelCryptography.UDFKeyGen(Test: TestVectorUDFKeyGenUdfKey { KeyUses = Encrypt, ResultAuthenticate = &quot;MAIN-5RVA-LYL2-3QZF-BVLF-HAI6-EOOM&quot;, ResultEncrypt = &quot;MAOU-ARVS-SHGW-BFEZ-CHTN-3UNJ-OC4S&quot;, ResultSign = &quot;MCVI-EA6S-DURR-SM3Z-UF7H-LLJE-5EQS&quot;, ResultUDF = null, ... })" computerName="VOODOO" duration="00:00:00.2597367" startTime="2021-12-02T13:55:23.8490453-05:00" endTime="2021-12-02T13:55:23.8490456-05:00" testType="13cdc9d9-ddb5-4fa4-a97d-d965ccfc6d4b" outcome="Passed" testListId="8c84fa94-04c1-424b-9868-57a2d4851a1d" relativeResultsDirectory="d5922869-58b3-4bb5-b4ba-ddf821cb9ec9" />
    <UnitTestResult executionId="654014e4-69bb-4506-83ae-c73c60e50311" testId="f0f873c6-559d-adc0-2b1a-f0f66034cfef" testName="Goedel.XUnit.TestDigests.TestSHA_Stream(Message: &quot;abcdefghbcdefghicdefghijdefghijkefghijklfghijklmgh&quot;..., Repeat: 1, TestData: [TestVector { Digest = [...], ID = NULL }, TestVector { Digest = [...], ID = NULL }, TestVector { Digest = [...], ID = SHA_2_256 }, TestVector { Digest = [...], ID = NULL }, TestVector { Digest = [...], ID = SHA_2_512 }, ...])" computerName="VOODOO" duration="00:00:00.0000921" startTime="2021-12-02T13:54:13.6177657-05:00" endTime="2021-12-02T13:54:13.6177658-05:00" testType="13cdc9d9-ddb5-4fa4-a97d-d965ccfc6d4b" outcome="Passed" testListId="8c84fa94-04c1-424b-9868-57a2d4851a1d" relativeResultsDirectory="654014e4-69bb-4506-83ae-c73c60e50311" />
    <UnitTestResult executionId="9422cab8-1476-4259-9ce0-a255f416a839" testId="f0f873c6-559d-adc0-2b1a-f0f66034cfef" testName="Goedel.XUnit.TestDigests.TestSHA_Stream(Message: &quot;abcdefghbcdefghicdefghijdefghijkefghijklfghijklmgh&quot;..., Repeat: 16777216, TestData: [TestVector { Digest = [...], ID = NULL }, TestVector { Digest = [...], ID = NULL }, TestVector { Digest = [...], ID = SHA_2_256 }, TestVector { Digest = [...], ID = NULL }, TestVector { Digest = [...], ID = SHA_2_512 }, ...])" computerName="VOODOO" duration="00:02:03.3567502" startTime="2021-12-02T13:56:20.9346134-05:00" endTime="2021-12-02T13:56:20.9346138-05:00" testType="13cdc9d9-ddb5-4fa4-a97d-d965ccfc6d4b" outcome="Passed" testListId="8c84fa94-04c1-424b-9868-57a2d4851a1d" relativeResultsDirectory="9422cab8-1476-4259-9ce0-a255f416a839" />
    <UnitTestResult executionId="a4265883-6842-4283-a8cb-2a6bc13b1eeb" testId="82d22845-f5aa-5635-7fd1-7a85fc2ae608" testName="Goedel.XUnit.ShellTestsAdmin.TestRandom(bits: 192)" computerName="VOODOO" duration="00:00:00.0093330" startTime="2021-12-02T13:54:26.6799416-05:00" endTime="2021-12-02T13:54:26.6799419-05:00" testType="13cdc9d9-ddb5-4fa4-a97d-d965ccfc6d4b" outcome="Passed" testListId="8c84fa94-04c1-424b-9868-57a2d4851a1d" relativeResultsDirectory="a4265883-6842-4283-a8cb-2a6bc13b1eeb" />
    <UnitTestResult executionId="24725515-b3c8-4013-9b44-87f870adb24c" testId="e699ddf5-e5fb-7358-c2f6-2ad6b6ce804d" testName="Goedel.XUnit.TestGoedelCryptography.EncodingTest(iterations: 10, cryptoAlgorithmId: X448)" computerName="VOODOO" duration="00:00:00.1014776" startTime="2021-12-02T13:54:34.5301684-05:00" endTime="2021-12-02T13:54:34.5301686-05:00" testType="13cdc9d9-ddb5-4fa4-a97d-d965ccfc6d4b" outcome="Passed" testListId="8c84fa94-04c1-424b-9868-57a2d4851a1d" relativeResultsDirectory="24725515-b3c8-4013-9b44-87f870adb24c" />
    <UnitTestResult executionId="3a45f83f-57ec-4f93-8a64-cd49f9aba53d" testId="be668735-6db5-18bd-20db-b6295b5ca9e5" testName="Goedel.XUnit.TestGoedelCryptography.TestDHEd448Decode" computerName="VOODOO" duration="00:00:00.0121473" startTime="2021-12-02T13:55:18.9478249-05:00" endTime="2021-12-02T13:55:18.9478250-05:00" testType="13cdc9d9-ddb5-4fa4-a97d-d965ccfc6d4b" outcome="Passed" testListId="8c84fa94-04c1-424b-9868-57a2d4851a1d" relativeResultsDirectory="3a45f83f-57ec-4f93-8a64-cd49f9aba53d" />
    <UnitTestResult executionId="42fbca85-58a6-46e9-9630-a1d67be9f862" testId="b737fe06-d8fc-92fd-5280-a8e1601ec2d8" testName="Goedel.XUnit.TestAsymmetric.TestRFC8032(Test: TestVectorAsymmetric { Algorithm = EdDSA, Context = null, ContextData = null, Message = &quot;&quot;, MessageData = [], ... })" computerName="VOODOO" duration="00:00:00.2260767" startTime="2021-12-02T13:54:13.6358126-05:00" endTime="2021-12-02T13:54:13.6358127-05:00" testType="13cdc9d9-ddb5-4fa4-a97d-d965ccfc6d4b" outcome="Passed" testListId="8c84fa94-04c1-424b-9868-57a2d4851a1d" relativeResultsDirectory="42fbca85-58a6-46e9-9630-a1d67be9f862" />
    <UnitTestResult executionId="374b9211-e5c2-468d-8a2a-f8de3c7e89c6" testId="eac0131c-e93f-ccf5-7afe-25f7175524ae" testName="Goedel.XUnit.TestContainers.ContainerTestDigest" computerName="VOODOO" duration="00:00:00.1870866" startTime="2021-12-02T13:54:16.5477811-05:00" endTime="2021-12-02T13:54:16.5477811-05:00" testType="13cdc9d9-ddb5-4fa4-a97d-d965ccfc6d4b" outcome="Passed" testListId="8c84fa94-04c1-424b-9868-57a2d4851a1d" relativeResultsDirectory="374b9211-e5c2-468d-8a2a-f8de3c7e89c6" />
    <UnitTestResult executionId="d78cf28a-75bb-4ce1-9081-27699819b73e" testId="50cbe2ca-8633-1221-14ac-34f3e2a0db57" testName="Goedel.XUnit.TestCryptography.TestDH_Recryption_n_5" computerName="VOODOO" duration="00:00:46.9889017" startTime="2021-12-02T13:55:30.5809038-05:00" endTime="2021-12-02T13:55:30.5809041-05:00" testType="13cdc9d9-ddb5-4fa4-a97d-d965ccfc6d4b" outcome="Passed" testListId="8c84fa94-04c1-424b-9868-57a2d4851a1d" relativeResultsDirectory="d78cf28a-75bb-4ce1-9081-27699819b73e" />
    <UnitTestResult executionId="96e4e44e-42d8-45b0-9aeb-419c364cd060" testId="496a0015-2a13-695f-3c3d-37fcbe9e009c" testName="Goedel.XUnit.TestSplit.TestKeyShare(bits: 32, hexData: &quot;00000001&quot;)" computerName="VOODOO" duration="00:00:00.0000171" startTime="2021-12-02T13:54:13.5886120-05:00" endTime="2021-12-02T13:54:13.5886121-05:00" testType="13cdc9d9-ddb5-4fa4-a97d-d965ccfc6d4b" outcome="Passed" testListId="8c84fa94-04c1-424b-9868-57a2d4851a1d" relativeResultsDirectory="96e4e44e-42d8-45b0-9aeb-419c364cd060" />
    <UnitTestResult executionId="44624797-a86c-4f80-955c-156b1d4afdcd" testId="4c398529-19b2-3d1e-0b51-208a8581e0e3" testName="Goedel.XUnit.ShellTests.TestMessageConfirmationReject" computerName="VOODOO" duration="00:00:00.9649569" startTime="2021-12-02T13:54:47.7949995-05:00" endTime="2021-12-02T13:54:47.7949997-05:00" testType="13cdc9d9-ddb5-4fa4-a97d-d965ccfc6d4b" outcome="Failed" testListId="8c84fa94-04c1-424b-9868-57a2d4851a1d" relativeResultsDirectory="44624797-a86c-4f80-955c-156b1d4afdcd">
      <Output>
        <ErrorInfo>
          <Message>System.NullReferenceException : Object reference not set to an instance of an object.</Message>
          <StackTrace>   at Goedel.Mesh.Server.PublicMeshService..ctor(IMeshMachine meshMachine, ServiceConfiguration serviceConfiguration, HostConfiguration hostConfiguration) in C:\Users\hallam\Work\mmm\Mesh\Goedel.Mesh.Server\MeshDispatch.cs:line 136&#xD;
   at Goedel.Mesh.Test.TestEnvironmentCommon.get_MeshService() in C:\Users\hallam\Work\mmm\Testing\Goedel.Mesh.Test\TestEnvironmentCommon.cs:line 203&#xD;
   at Goedel.Mesh.Test.TestEnvironmentCommon.GetMeshClient(MeshMachineTest meshMachineTest, ICredentialPrivate credential, String serviceId, String accountAddress) in C:\Users\hallam\Work\mmm\Testing\Goedel.Mesh.Test\TestEnvironmentCommon.cs:line 222&#xD;
   at Goedel.Mesh.Test.MeshMachineTest.GetMeshClient(ICredentialPrivate credential, String service, String accountAddress) in C:\Users\hallam\Work\mmm\Testing\Goedel.Mesh.Test\MeshMachineTest.cs:line 88&#xD;
   at Goedel.Mesh.Client.ContextUser.SetService(String accountAddress) in C:\Users\hallam\Work\mmm\Mesh\Goedel.Mesh.Client\ContextUser.cs:line 243&#xD;
   at Goedel.Mesh.Client.MeshHost.ConfigureMesh(String accountAddress, String localName, PrivateKeyUDF accountSeed, ProfileDevice profileDevice, List`1 rights, Boolean create) in C:\Users\hallam\Work\mmm\Mesh\Goedel.Mesh.Client\MeshHost.cs:line 269&#xD;
   at Goedel.Mesh.Shell.Shell.AccountCreate(AccountCreate options) in C:\Users\hallam\Work\mmm\Mesh\Goedel.Mesh.Shell\DispatchAccount.cs:line 68&#xD;
   at Goedel.Mesh.Shell.CommandLineInterpreter.Handle_AccountCreate(DispatchShell DispatchIn, String[] Args, Int32 Index) in C:\Users\hallam\Work\mmm\Mesh\Goedel.Mesh.Shell\meshman.cs:line 520&#xD;
   at Goedel.Command.CommandLineInterpreterBase.Dispatcher(SortedDictionary`2 Entries, DescribeCommandEntry DefaultCommand, DispatchShell Dispatch, String[] Args, Int32 Index) in C:\Users\hallam\Work\mmm\Libraries\Goedel.Command\Command.cs:line 224&#xD;
   at Goedel.Command.CommandLineInterpreterBase.Dispatcher(SortedDictionary`2 Entries, DescribeCommandEntry DefaultCommand, DispatchShell Dispatch, String[] Args, Int32 Index) in C:\Users\hallam\Work\mmm\Libraries\Goedel.Command\Command.cs:line 228&#xD;
   at Goedel.Mesh.Test.TestCLI.Dispatch(String command, Boolean fail) in C:\Users\hallam\Work\mmm\Testing\Goedel.Mesh.Test\TestShell.cs:line 241&#xD;
   at Goedel.XUnit.ShellTests.MakeAccount(TestCLI device, String account) in C:\Users\hallam\Work\mmm\Testing\Goedel.Mesh.Shell.Test-xunit\TestMessage.cs:line 186&#xD;
   at Goedel.XUnit.ShellTests.CreateAliceBob(TestCLI&amp; deviceA, TestCLI&amp; deviceB) in C:\Users\hallam\Work\mmm\Testing\Goedel.Mesh.Shell.Test-xunit\TestMessage.cs:line 264&#xD;
   at Goedel.XUnit.ShellTests.TestMessageConfirmationReject() in C:\Users\hallam\Work\mmm\Testing\Goedel.Mesh.Shell.Test-xunit\TestMessage.cs:line 338</StackTrace>
        </ErrorInfo>
      </Output>
    </UnitTestResult>
    <UnitTestResult executionId="7be57c41-f519-4fa2-b2fb-c7390f653d0a" testId="619072e2-cba6-3f5a-1d79-b341be5f80e1" testName="Goedel.XUnit.TestService.PrivateKeyRoundTrip(cryptoAlgorithmId: X448, round: 0)" computerName="VOODOO" duration="00:00:00.0216455" startTime="2021-12-02T13:54:37.3550255-05:00" endTime="2021-12-02T13:54:37.3550257-05:00" testType="13cdc9d9-ddb5-4fa4-a97d-d965ccfc6d4b" outcome="Passed" testListId="8c84fa94-04c1-424b-9868-57a2d4851a1d" relativeResultsDirectory="7be57c41-f519-4fa2-b2fb-c7390f653d0a" />
  </Results>
  <TestDefinitions>
    <UnitTest name="Goedel.XUnit.TestGoedelCryptography.TestDHEd448Decode" storage="c:\users\hallam\work\mmm\testing\goedel.cryptography.test-xunit\bin\debug\net6.0\goedel.cryptography.test-xunit.dll" id="be668735-6db5-18bd-20db-b6295b5ca9e5">
      <Execution id="3a45f83f-57ec-4f93-8a64-cd49f9aba53d" />
      <TestMethod codeBase="C:\Users\hallam\Work\mmm\Testing\Goedel.Cryptography.Test-xunit\bin\Debug\net6.0\Goedel.Cryptography.Test-xunit.dll" adapterTypeName="executor://xunit/VsTestRunner2/netcoreapp" className="Goedel.XUnit.TestGoedelCryptography" name="TestDHEd448Decode" />
    </UnitTest>
    <UnitTest name="Goedel.XUnit.TestSplit.TestKey(bits: 64, hexData: null)" storage="c:\users\hallam\work\mmm\testing\goedel.cryptography.test-xunit\bin\debug\net6.0\goedel.cryptography.test-xunit.dll" id="d5fbf7e9-2329-a969-2a3c-5f839bb47386">
      <Execution id="f68a2880-0a1f-49d8-8c19-eaed041354de" />
      <TestMethod codeBase="C:\Users\hallam\Work\mmm\Testing\Goedel.Cryptography.Test-xunit\bin\Debug\net6.0\Goedel.Cryptography.Test-xunit.dll" adapterTypeName="executor://xunit/VsTestRunner2/netcoreapp" className="Goedel.XUnit.TestSplit" name="TestKey" />
    </UnitTest>
    <UnitTest name="Goedel.XUnit.ShellTestsAdmin.TestRandom(bits: 512)" storage="c:\users\hallam\work\mmm\testing\goedel.mesh.shell.test-xunit\bin\debug\net6.0\goedel.mesh.shell.test-xunit.dll" id="0ac33b5a-7755-0c48-fc0b-3fdf5ce6f015">
      <Execution id="3106c9c8-f46e-4769-8be3-69aa6c6656a9" />
      <TestMethod codeBase="C:\Users\hallam\Work\mmm\Testing\Goedel.Mesh.Shell.Test-xunit\bin\Debug\net6.0\Goedel.Mesh.Shell.Test-xunit.dll" adapterTypeName="executor://xunit/VsTestRunner2/netcoreapp" className="Goedel.XUnit.ShellTestsAdmin" name="TestRandom" />
    </UnitTest>
    <UnitTest name="Goedel.XUnit.TestGoedelCryptography.TestDHEd25519AgreeToPublic" storage="c:\users\hallam\work\mmm\testing\goedel.cryptography.test-xunit\bin\debug\net6.0\goedel.cryptography.test-xunit.dll" id="e1c82d7a-544f-7774-bd5c-05ff84a6a04a">
      <Execution id="897cebc0-e97f-4275-8f68-1bc7a78f82fd" />
      <TestMethod codeBase="C:\Users\hallam\Work\mmm\Testing\Goedel.Cryptography.Test-xunit\bin\Debug\net6.0\Goedel.Cryptography.Test-xunit.dll" adapterTypeName="executor://xunit/VsTestRunner2/netcoreapp" className="Goedel.XUnit.TestGoedelCryptography" name="TestDHEd25519AgreeToPublic" />
    </UnitTest>
    <UnitTest name="Goedel.XUnit.ShellTestsAdmin.TestFileSign" storage="c:\users\hallam\work\mmm\testing\goedel.mesh.shell.test-xunit\bin\debug\net6.0\goedel.mesh.shell.test-xunit.dll" id="6ea0fa66-fe7f-6c59-75e5-c21b5e80e33b">
      <Execution id="d60a8d6a-05f6-4d1d-b27e-7ba5af4c0267" />
      <TestMethod codeBase="C:\Users\hallam\Work\mmm\Testing\Goedel.Mesh.Shell.Test-xunit\bin\Debug\net6.0\Goedel.Mesh.Shell.Test-xunit.dll" adapterTypeName="executor://xunit/VsTestRunner2/netcoreapp" className="Goedel.XUnit.ShellTestsAdmin" name="TestFileSign" />
    </UnitTest>
    <UnitTest name="Goedel.XUnit.TestGoedelCryptography.CheckV" storage="c:\users\hallam\work\mmm\testing\goedel.cryptography.test-xunit\bin\debug\net6.0\goedel.cryptography.test-xunit.dll" id="d441c03d-2b3f-004f-f7c7-a7dd48c3fdba">
      <Execution id="b8e27a2b-2a6b-47c7-a19e-af077da923a3" />
      <TestMethod codeBase="C:\Users\hallam\Work\mmm\Testing\Goedel.Cryptography.Test-xunit\bin\Debug\net6.0\Goedel.Cryptography.Test-xunit.dll" adapterTypeName="executor://xunit/VsTestRunner2/netcoreapp" className="Goedel.XUnit.TestGoedelCryptography" name="CheckV" />
    </UnitTest>
    <UnitTest name="Goedel.XUnit.TestLifecycle.Test_LifecycleMaster(CryptoAlgorithmID: EdDSA, KeySize: 2048)" storage="c:\users\hallam\work\mmm\testing\goedel.cryptography.test-xunit\bin\debug\net6.0\goedel.cryptography.test-xunit.dll" id="4d25ae9e-05c3-fddd-f868-045a9d7cb542">
      <Execution id="87f04928-39ea-4f10-87e8-d692013f9153" />
      <TestMethod codeBase="C:\Users\hallam\Work\mmm\Testing\Goedel.Cryptography.Test-xunit\bin\Debug\net6.0\Goedel.Cryptography.Test-xunit.dll" adapterTypeName="executor://xunit/VsTestRunner2/netcoreapp" className="Goedel.XUnit.TestLifecycle" name="Test_LifecycleMaster" />
    </UnitTest>
    <UnitTest name="Goedel.XUnit.TestSplit.TestKeyShare(bits: 32, hexData: &quot;FFFFFFFF&quot;)" storage="c:\users\hallam\work\mmm\testing\goedel.cryptography.test-xunit\bin\debug\net6.0\goedel.cryptography.test-xunit.dll" id="c3f2be84-669c-8ab4-fe88-1b2dd63bdfbb">
      <Execution id="cc632d68-765b-4815-a0f5-da628effec23" />
      <TestMethod codeBase="C:\Users\hallam\Work\mmm\Testing\Goedel.Cryptography.Test-xunit\bin\Debug\net6.0\Goedel.Cryptography.Test-xunit.dll" adapterTypeName="executor://xunit/VsTestRunner2/netcoreapp" className="Goedel.XUnit.TestSplit" name="TestKeyShare" />
    </UnitTest>
    <UnitTest name="Goedel.XUnit.TestGoedelCryptography.Test_Wrap_3394" storage="c:\users\hallam\work\mmm\testing\goedel.cryptography.test-xunit\bin\debug\net6.0\goedel.cryptography.test-xunit.dll" id="fe6ed3b0-c2a3-025d-da24-4e0d6c12b77f">
      <Execution id="24bbc602-5686-4644-a147-9375e24b5603" />
      <TestMethod codeBase="C:\Users\hallam\Work\mmm\Testing\Goedel.Cryptography.Test-xunit\bin\Debug\net6.0\Goedel.Cryptography.Test-xunit.dll" adapterTypeName="executor://xunit/VsTestRunner2/netcoreapp" className="Goedel.XUnit.TestGoedelCryptography" name="Test_Wrap_3394" />
    </UnitTest>
    <UnitTest name="Goedel.XUnit.TestLifecycle.Test_LifecycleExportable(CryptoAlgorithmID: Ed448, KeySize: 2048)" storage="c:\users\hallam\work\mmm\testing\goedel.cryptography.test-xunit\bin\debug\net6.0\goedel.cryptography.test-xunit.dll" id="aa76c87d-c739-6b60-6850-33a94ad27a23">
      <Execution id="f5c29fc4-dcc2-4f05-9462-140dc1bbdf65" />
      <TestMethod codeBase="C:\Users\hallam\Work\mmm\Testing\Goedel.Cryptography.Test-xunit\bin\Debug\net6.0\Goedel.Cryptography.Test-xunit.dll" adapterTypeName="executor://xunit/VsTestRunner2/netcoreapp" className="Goedel.XUnit.TestLifecycle" name="Test_LifecycleExportable" />
    </UnitTest>
    <UnitTest name="Goedel.XUnit.TestLifecycle.Test_LifecycleMaster(CryptoAlgorithmID: X448, KeySize: 2048)" storage="c:\users\hallam\work\mmm\testing\goedel.cryptography.test-xunit\bin\debug\net6.0\goedel.cryptography.test-xunit.dll" id="ec47e92d-36c1-e927-b879-6c90327af538">
      <Execution id="7a67cafe-4fcd-4d0e-af9f-f16a063d5264" />
      <TestMethod codeBase="C:\Users\hallam\Work\mmm\Testing\Goedel.Cryptography.Test-xunit\bin\Debug\net6.0\Goedel.Cryptography.Test-xunit.dll" adapterTypeName="executor://xunit/VsTestRunner2/netcoreapp" className="Goedel.XUnit.TestLifecycle" name="Test_LifecycleMaster" />
    </UnitTest>
    <UnitTest name="Goedel.XUnit.ShellTests.TestProfileConnectStaticQR" storage="c:\users\hallam\work\mmm\testing\goedel.mesh.shell.test-xunit\bin\debug\net6.0\goedel.mesh.shell.test-xunit.dll" id="3f93284f-c9d8-3772-6d85-c7bd7ef3fb3f">
      <Execution id="da6d4d0e-3c3b-4e04-8846-a3ea878b4156" />
      <TestMethod codeBase="C:\Users\hallam\Work\mmm\Testing\Goedel.Mesh.Shell.Test-xunit\bin\Debug\net6.0\Goedel.Mesh.Shell.Test-xunit.dll" adapterTypeName="executor://xunit/VsTestRunner2/netcoreapp" className="Goedel.XUnit.ShellTests" name="TestProfileConnectStaticQR" />
    </UnitTest>
    <UnitTest name="Goedel.XUnit.ShellTests.TestHello" storage="c:\users\hallam\work\mmm\testing\goedel.mesh.shell.test-xunit\bin\debug\net6.0\goedel.mesh.shell.test-xunit.dll" id="f7262197-9089-93a8-258b-eb719e78747b">
      <Execution id="6d9597de-3aa9-4b80-92bb-98963651ff12" />
      <TestMethod codeBase="C:\Users\hallam\Work\mmm\Testing\Goedel.Mesh.Shell.Test-xunit\bin\Debug\net6.0\Goedel.Mesh.Shell.Test-xunit.dll" adapterTypeName="executor://xunit/VsTestRunner2/netcoreapp" className="Goedel.XUnit.ShellTests" name="TestHello" />
    </UnitTest>
    <UnitTest name="Goedel.XUnit.TestLifecycle.Test_LifecycleDevice(CryptoAlgorithmID: Exchange, KeySize: 2048)" storage="c:\users\hallam\work\mmm\testing\goedel.cryptography.test-xunit\bin\debug\net6.0\goedel.cryptography.test-xunit.dll" id="10344b27-2716-e325-9a46-86408776569b">
      <Execution id="7ebb156d-ecc4-44cb-b3c0-e3e47462ddaa" />
      <TestMethod codeBase="C:\Users\hallam\Work\mmm\Testing\Goedel.Cryptography.Test-xunit\bin\Debug\net6.0\Goedel.Cryptography.Test-xunit.dll" adapterTypeName="executor://xunit/VsTestRunner2/netcoreapp" className="Goedel.XUnit.TestLifecycle" name="Test_LifecycleDevice" />
    </UnitTest>
    <UnitTest name="Goedel.XUnit.TestSplit.TestKey(bits: 32, hexData: &quot;FFFFFFFF&quot;)" storage="c:\users\hallam\work\mmm\testing\goedel.cryptography.test-xunit\bin\debug\net6.0\goedel.cryptography.test-xunit.dll" id="7adf7177-6e0b-3816-af74-7a87553252d9">
      <Execution id="e91b3745-322c-4567-98fe-4c659dbccba4" />
      <TestMethod codeBase="C:\Users\hallam\Work\mmm\Testing\Goedel.Cryptography.Test-xunit\bin\Debug\net6.0\Goedel.Cryptography.Test-xunit.dll" adapterTypeName="executor://xunit/VsTestRunner2/netcoreapp" className="Goedel.XUnit.TestSplit" name="TestKey" />
    </UnitTest>
    <UnitTest name="Goedel.XUnit.MakeSiteDocs.FullTest" storage="c:\users\hallam\work\mmm\testing\test.makesitedocs\bin\debug\net6.0\test.makesitedocs.dll" id="f7b69da6-241f-6851-388c-60dde21180a5">
      <Execution id="b9bbe58b-b01f-411d-abbd-da36644404a4" />
      <TestMethod codeBase="C:\Users\hallam\Work\mmm\Testing\Test.MakeSiteDocs\bin\Debug\net6.0\Test.MakeSiteDocs.dll" adapterTypeName="executor://xunit/VsTestRunner2/netcoreapp" className="Goedel.XUnit.MakeSiteDocs" name="FullTest" />
    </UnitTest>
    <UnitTest name="Goedel.XUnit.StoreTests.TestSpoolSingle" storage="c:\users\hallam\work\mmm\testing\goedel.mesh.store.test-xunit\bin\debug\net6.0\goedel.mesh.store.test-xunit.dll" id="2528e96a-401b-3555-be35-51a4199fc69d">
      <Execution id="19bab57d-ba17-46d8-ad83-2aa6b1191748" />
      <TestMethod codeBase="C:\Users\hallam\Work\mmm\Testing\Goedel.Mesh.Store.Test-xunit\bin\Debug\net6.0\Goedel.Mesh.Store.Test-xunit.dll" adapterTypeName="executor://xunit/VsTestRunner2/netcoreapp" className="Goedel.XUnit.StoreTests" name="TestSpoolSingle" />
    </UnitTest>
    <UnitTest name="Goedel.XUnit.TestGoedelCryptography.TestDHAgreeToPublic" storage="c:\users\hallam\work\mmm\testing\goedel.cryptography.test-xunit\bin\debug\net6.0\goedel.cryptography.test-xunit.dll" id="5bdbfcd2-9b1e-e7e9-3506-392273f8cc30">
      <Execution id="51383e28-f7a6-4041-9141-ee76102d9de1" />
      <TestMethod codeBase="C:\Users\hallam\Work\mmm\Testing\Goedel.Cryptography.Test-xunit\bin\Debug\net6.0\Goedel.Cryptography.Test-xunit.dll" adapterTypeName="executor://xunit/VsTestRunner2/netcoreapp" className="Goedel.XUnit.TestGoedelCryptography" name="TestDHAgreeToPublic" />
    </UnitTest>
    <UnitTest name="Goedel.XUnit.TestService.KeyShareTestCapability(cryptoAlgorithmId: X25519)" storage="c:\users\hallam\work\mmm\testing\goedel.mesh.protocol.test-xunit\bin\debug\net6.0\goedel.mesh.protocol.test-xunit.dll" id="f6a6ec88-a134-16e2-4380-d36922947bdb">
      <Execution id="b05c9f48-ee73-446b-a4b3-d34b35c0b8ee" />
      <TestMethod codeBase="C:\Users\hallam\Work\mmm\Testing\Goedel.Mesh.Protocol.Test-xunit\bin\Debug\net6.0\Goedel.Mesh.Protocol.Test-xunit.dll" adapterTypeName="executor://xunit/VsTestRunner2/netcoreapp" className="Goedel.XUnit.TestService" name="KeyShareTestCapability" />
    </UnitTest>
    <UnitTest name="Goedel.XUnit.TestGoedelCryptography.TestDHEd25519Agree" storage="c:\users\hallam\work\mmm\testing\goedel.cryptography.test-xunit\bin\debug\net6.0\goedel.cryptography.test-xunit.dll" id="a676b0d7-f5cc-4916-14df-4818f23b4f9e">
      <Execution id="3eb65681-f5ff-4bd5-ab1c-8edfe8ddc57e" />
      <TestMethod codeBase="C:\Users\hallam\Work\mmm\Testing\Goedel.Cryptography.Test-xunit\bin\Debug\net6.0\Goedel.Cryptography.Test-xunit.dll" adapterTypeName="executor://xunit/VsTestRunner2/netcoreapp" className="Goedel.XUnit.TestGoedelCryptography" name="TestDHEd25519Agree" />
    </UnitTest>
    <UnitTest name="Goedel.XUnit.TestService.KeyShareTestDirect(cryptoAlgorithmId: X25519)" storage="c:\users\hallam\work\mmm\testing\goedel.mesh.protocol.test-xunit\bin\debug\net6.0\goedel.mesh.protocol.test-xunit.dll" id="ec80669b-00ae-0631-482c-6cb773c4aa07">
      <Execution id="57bf9437-8f6d-4fea-a061-40c9f3f6490e" />
      <TestMethod codeBase="C:\Users\hallam\Work\mmm\Testing\Goedel.Mesh.Protocol.Test-xunit\bin\Debug\net6.0\Goedel.Mesh.Protocol.Test-xunit.dll" adapterTypeName="executor://xunit/VsTestRunner2/netcoreapp" className="Goedel.XUnit.TestService" name="KeyShareTestDirect" />
    </UnitTest>
    <UnitTest name="Goedel.XUnit.TestContainers.ContainerTestTree" storage="c:\users\hallam\work\mmm\testing\goedel.cryptography.dare.test-xunit\bin\debug\net6.0\goedel.cryptography.dare.test-xunit.dll" id="68012fd5-5f78-f6d1-ceab-c913e257e73b">
      <Execution id="3d77eef7-df40-4ac3-a61d-2f396b280405" />
      <TestMethod codeBase="C:\Users\hallam\Work\mmm\Testing\Goedel.Cryptography.Dare.Test-xunit\bin\Debug\net6.0\Goedel.Cryptography.Dare.Test-xunit.dll" adapterTypeName="executor://xunit/VsTestRunner2/netcoreapp" className="Goedel.XUnit.TestContainers" name="ContainerTestTree" />
    </UnitTest>
    <UnitTest name="Goedel.XUnit.TestService.TestCredentialAccount" storage="c:\users\hallam\work\mmm\testing\goedel.mesh.protocol.test-xunit\bin\debug\net6.0\goedel.mesh.protocol.test-xunit.dll" id="8ca50477-74fa-94bd-cf45-0497369148d1">
      <Execution id="20d0b0c0-d2a6-4b80-975f-f65b48f8154f" />
      <TestMethod codeBase="C:\Users\hallam\Work\mmm\Testing\Goedel.Mesh.Protocol.Test-xunit\bin\Debug\net6.0\Goedel.Mesh.Protocol.Test-xunit.dll" adapterTypeName="executor://xunit/VsTestRunner2/netcoreapp" className="Goedel.XUnit.TestService" name="TestCredentialAccount" />
    </UnitTest>
    <UnitTest name="Goedel.XUnit.TestGoedelCryptography.X25519AgreeX" storage="c:\users\hallam\work\mmm\testing\goedel.cryptography.test-xunit\bin\debug\net6.0\goedel.cryptography.test-xunit.dll" id="d04493b8-1b8d-b1b4-b545-a9eb2b8a12c9">
      <Execution id="f94faadc-d726-4c31-8cdf-5cbe1782c2fc" />
      <TestMethod codeBase="C:\Users\hallam\Work\mmm\Testing\Goedel.Cryptography.Test-xunit\bin\Debug\net6.0\Goedel.Cryptography.Test-xunit.dll" adapterTypeName="executor://xunit/VsTestRunner2/netcoreapp" className="Goedel.XUnit.TestGoedelCryptography" name="X25519AgreeX" />
    </UnitTest>
    <UnitTest name="Goedel.XUnit.ShellTests.TestProfileConnectPin" storage="c:\users\hallam\work\mmm\testing\goedel.mesh.shell.test-xunit\bin\debug\net6.0\goedel.mesh.shell.test-xunit.dll" id="8d60a839-fea7-f32e-edd3-8a7037768d1b">
      <Execution id="46ad06c8-62bf-46c4-b104-989ed35fd7c5" />
      <TestMethod codeBase="C:\Users\hallam\Work\mmm\Testing\Goedel.Mesh.Shell.Test-xunit\bin\Debug\net6.0\Goedel.Mesh.Shell.Test-xunit.dll" adapterTypeName="executor://xunit/VsTestRunner2/netcoreapp" className="Goedel.XUnit.ShellTests" name="TestProfileConnectPin" />
    </UnitTest>
    <UnitTest name="Goedel.XUnit.TestSplit.TestKey(bits: 32, hexData: &quot;00000000&quot;)" storage="c:\users\hallam\work\mmm\testing\goedel.cryptography.test-xunit\bin\debug\net6.0\goedel.cryptography.test-xunit.dll" id="ce52829f-2c3c-9adf-a267-0d5bb9f45152">
      <Execution id="928ba02f-548a-444d-8db1-13476452822d" />
      <TestMethod codeBase="C:\Users\hallam\Work\mmm\Testing\Goedel.Cryptography.Test-xunit\bin\Debug\net6.0\Goedel.Cryptography.Test-xunit.dll" adapterTypeName="executor://xunit/VsTestRunner2/netcoreapp" className="Goedel.XUnit.TestSplit" name="TestKey" />
    </UnitTest>
    <UnitTest name="Goedel.XUnit.TestContainers.ContainerTest500" storage="c:\users\hallam\work\mmm\testing\goedel.cryptography.dare.test-xunit\bin\debug\net6.0\goedel.cryptography.dare.test-xunit.dll" id="44b12038-3fae-dd05-3b48-2bac22d756a4">
      <Execution id="eb89b579-6152-4234-a07f-67ea4a65d7cf" />
      <TestMethod codeBase="C:\Users\hallam\Work\mmm\Testing\Goedel.Cryptography.Dare.Test-xunit\bin\Debug\net6.0\Goedel.Cryptography.Dare.Test-xunit.dll" adapterTypeName="executor://xunit/VsTestRunner2/netcoreapp" className="Goedel.XUnit.TestContainers" name="ContainerTest500" />
    </UnitTest>
    <UnitTest name="Goedel.XUnit.TestContainers.ContainerTestTree10" storage="c:\users\hallam\work\mmm\testing\goedel.cryptography.dare.test-xunit\bin\debug\net6.0\goedel.cryptography.dare.test-xunit.dll" id="c6490196-7658-90e1-50ed-a8e5757d4525">
      <Execution id="774e218b-25b6-4641-aa00-999ea7576953" />
      <TestMethod codeBase="C:\Users\hallam\Work\mmm\Testing\Goedel.Cryptography.Dare.Test-xunit\bin\Debug\net6.0\Goedel.Cryptography.Dare.Test-xunit.dll" adapterTypeName="executor://xunit/VsTestRunner2/netcoreapp" className="Goedel.XUnit.TestContainers" name="ContainerTestTree10" />
    </UnitTest>
    <UnitTest name="Goedel.XUnit.TestLifecycle.Test_LifecycleDevice(CryptoAlgorithmID: X25519, KeySize: 2048)" storage="c:\users\hallam\work\mmm\testing\goedel.cryptography.test-xunit\bin\debug\net6.0\goedel.cryptography.test-xunit.dll" id="6072bf81-bd9c-2dc8-f32c-6db896b21fce">
      <Execution id="2ec12cf5-5cd7-440a-a8cb-e5523567d15b" />
      <TestMethod codeBase="C:\Users\hallam\Work\mmm\Testing\Goedel.Cryptography.Test-xunit\bin\Debug\net6.0\Goedel.Cryptography.Test-xunit.dll" adapterTypeName="executor://xunit/VsTestRunner2/netcoreapp" className="Goedel.XUnit.TestLifecycle" name="Test_LifecycleDevice" />
    </UnitTest>
    <UnitTest name="Goedel.XUnit.ShellTestsAdmin.TestFilePlain" storage="c:\users\hallam\work\mmm\testing\goedel.mesh.shell.test-xunit\bin\debug\net6.0\goedel.mesh.shell.test-xunit.dll" id="cdc90e47-1878-7922-04c0-86650df5a6ce">
      <Execution id="e8fc3cb2-526f-4d94-9ec8-a82165a41f1a" />
      <TestMethod codeBase="C:\Users\hallam\Work\mmm\Testing\Goedel.Mesh.Shell.Test-xunit\bin\Debug\net6.0\Goedel.Mesh.Shell.Test-xunit.dll" adapterTypeName="executor://xunit/VsTestRunner2/netcoreapp" className="Goedel.XUnit.ShellTestsAdmin" name="TestFilePlain" />
    </UnitTest>
    <UnitTest name="Goedel.XUnit.ShellTests.TestProfileConnect" storage="c:\users\hallam\work\mmm\testing\goedel.mesh.shell.test-xunit\bin\debug\net6.0\goedel.mesh.shell.test-xunit.dll" id="db799cdf-34be-70bd-c4ca-05dac3dc11ea">
      <Execution id="c2fd652d-4263-4300-9c42-56bf193b60ab" />
      <TestMethod codeBase="C:\Users\hallam\Work\mmm\Testing\Goedel.Mesh.Shell.Test-xunit\bin\Debug\net6.0\Goedel.Mesh.Shell.Test-xunit.dll" adapterTypeName="executor://xunit/VsTestRunner2/netcoreapp" className="Goedel.XUnit.ShellTests" name="TestProfileConnect" />
    </UnitTest>
    <UnitTest name="Goedel.XUnit.TestCryptography.TestDH_Recryption_2" storage="c:\users\hallam\work\mmm\testing\goedel.cryptography.test-xunit\bin\debug\net6.0\goedel.cryptography.test-xunit.dll" id="64033bd3-9ecc-38e0-27c8-bc3af3273482">
      <Execution id="8dadac13-2d21-4eea-b7ec-4f17baae98bf" />
      <TestMethod codeBase="C:\Users\hallam\Work\mmm\Testing\Goedel.Cryptography.Test-xunit\bin\Debug\net6.0\Goedel.Cryptography.Test-xunit.dll" adapterTypeName="executor://xunit/VsTestRunner2/netcoreapp" className="Goedel.XUnit.TestCryptography" name="TestDH_Recryption_2" />
    </UnitTest>
    <UnitTest name="Goedel.XUnit.TestLifecycle.Test_LifecycleEphemeral(CryptoAlgorithmID: Signature, KeySize: 2048)" storage="c:\users\hallam\work\mmm\testing\goedel.cryptography.test-xunit\bin\debug\net6.0\goedel.cryptography.test-xunit.dll" id="2145bc1c-a6f5-1449-fea4-a588f5d27bef">
      <Execution id="4316541f-c397-45df-b0cb-8827c430e9c3" />
      <TestMethod codeBase="C:\Users\hallam\Work\mmm\Testing\Goedel.Cryptography.Test-xunit\bin\Debug\net6.0\Goedel.Cryptography.Test-xunit.dll" adapterTypeName="executor://xunit/VsTestRunner2/netcoreapp" className="Goedel.XUnit.TestLifecycle" name="Test_LifecycleEphemeral" />
    </UnitTest>
    <UnitTest name="Goedel.XUnit.TestDareArchive.TestArchiveMulti" storage="c:\users\hallam\work\mmm\testing\goedel.cryptography.dare.test-xunit\bin\debug\net6.0\goedel.cryptography.dare.test-xunit.dll" id="3f1fc0ea-4250-0497-2a47-27ce4d830f16">
      <Execution id="eddb2833-8ca1-4cc0-8c3c-121609e83ac8" />
      <TestMethod codeBase="C:\Users\hallam\Work\mmm\Testing\Goedel.Cryptography.Dare.Test-xunit\bin\Debug\net6.0\Goedel.Cryptography.Dare.Test-xunit.dll" adapterTypeName="executor://xunit/VsTestRunner2/netcoreapp" className="Goedel.XUnit.TestDareArchive" name="TestArchiveMulti" />
    </UnitTest>
    <UnitTest name="Goedel.XUnit.TestCryptographyJose.RoundTripKeyEphemeral(cryptoAlgorithmID: Exchange)" storage="c:\users\hallam\work\mmm\testing\goedel.cryptography.jose.test-xunit\bin\debug\net6.0\goedel.cryptography.jose.test-xunit.dll" id="12c7bda9-af4d-6399-2215-86420fbd416c">
      <Execution id="1adbbe63-b86a-44d3-b622-e4710a77b41a" />
      <TestMethod codeBase="C:\Users\hallam\Work\mmm\Testing\Goedel.Cryptography.Jose.Test-xunit\bin\Debug\net6.0\Goedel.Cryptography.Jose.Test-xunit.dll" adapterTypeName="executor://xunit/VsTestRunner2/netcoreapp" className="Goedel.XUnit.TestCryptographyJose" name="RoundTripKeyEphemeral" />
    </UnitTest>
    <UnitTest name="Goedel.XUnit.ShellTests.TestCommitment" storage="c:\users\hallam\work\mmm\testing\goedel.mesh.shell.test-xunit\bin\debug\net6.0\goedel.mesh.shell.test-xunit.dll" id="19444fd8-2c34-8641-5462-28c6bcafc482">
      <Execution id="422c8dd9-21bb-4e27-9fcf-70d951b27f73" />
      <TestMethod codeBase="C:\Users\hallam\Work\mmm\Testing\Goedel.Mesh.Shell.Test-xunit\bin\Debug\net6.0\Goedel.Mesh.Shell.Test-xunit.dll" adapterTypeName="executor://xunit/VsTestRunner2/netcoreapp" className="Goedel.XUnit.ShellTests" name="TestCommitment" />
    </UnitTest>
    <UnitTest name="Goedel.XUnit.ShellTests.TestMessageConfirmationAccept" storage="c:\users\hallam\work\mmm\testing\goedel.mesh.shell.test-xunit\bin\debug\net6.0\goedel.mesh.shell.test-xunit.dll" id="5595be71-4ba9-b8a2-7bf7-db21bcb96b81">
      <Execution id="7c041504-9bfc-4d95-8e31-430e27f1b3b4" />
      <TestMethod codeBase="C:\Users\hallam\Work\mmm\Testing\Goedel.Mesh.Shell.Test-xunit\bin\Debug\net6.0\Goedel.Mesh.Shell.Test-xunit.dll" adapterTypeName="executor://xunit/VsTestRunner2/netcoreapp" className="Goedel.XUnit.ShellTests" name="TestMessageConfirmationAccept" />
    </UnitTest>
    <UnitTest name="Goedel.XUnit.ShellTestsAdmin.TestProfileConnectPinInvalid" storage="c:\users\hallam\work\mmm\testing\goedel.mesh.shell.test-xunit\bin\debug\net6.0\goedel.mesh.shell.test-xunit.dll" id="db52dc59-d39f-d614-9c7f-58faf3967155">
      <Execution id="f5af9780-8f66-4c14-a9e2-808d43bdc7d1" />
      <TestMethod codeBase="C:\Users\hallam\Work\mmm\Testing\Goedel.Mesh.Shell.Test-xunit\bin\Debug\net6.0\Goedel.Mesh.Shell.Test-xunit.dll" adapterTypeName="executor://xunit/VsTestRunner2/netcoreapp" className="Goedel.XUnit.ShellTestsAdmin" name="TestProfileConnectPinInvalid" />
    </UnitTest>
    <UnitTest name="Goedel.XUnit.TestGoedelCryptography.TestBitField1" storage="c:\users\hallam\work\mmm\testing\goedel.cryptography.test-xunit\bin\debug\net6.0\goedel.cryptography.test-xunit.dll" id="9d708bd3-2d29-9926-45df-1d20d60d8420">
      <Execution id="3151a9cc-0cfd-4ce6-ba61-2b90c4e24c19" />
      <TestMethod codeBase="C:\Users\hallam\Work\mmm\Testing\Goedel.Cryptography.Test-xunit\bin\Debug\net6.0\Goedel.Cryptography.Test-xunit.dll" adapterTypeName="executor://xunit/VsTestRunner2/netcoreapp" className="Goedel.XUnit.TestGoedelCryptography" name="TestBitField1" />
    </UnitTest>
    <UnitTest name="Goedel.XUnit.ShellTests.TestProfileSSHPrivate" storage="c:\users\hallam\work\mmm\testing\goedel.mesh.shell.test-xunit\bin\debug\net6.0\goedel.mesh.shell.test-xunit.dll" id="256c80c7-4b92-b094-2e7b-9492f69d1006">
      <Execution id="167df195-d98d-4ca4-a977-477658601028" />
      <TestMethod codeBase="C:\Users\hallam\Work\mmm\Testing\Goedel.Mesh.Shell.Test-xunit\bin\Debug\net6.0\Goedel.Mesh.Shell.Test-xunit.dll" adapterTypeName="executor://xunit/VsTestRunner2/netcoreapp" className="Goedel.XUnit.ShellTests" name="TestProfileSSHPrivate" />
    </UnitTest>
    <UnitTest name="Goedel.XUnit.TestSplit.TestKey(bits: 256, hexData: null)" storage="c:\users\hallam\work\mmm\testing\goedel.cryptography.test-xunit\bin\debug\net6.0\goedel.cryptography.test-xunit.dll" id="be499292-32ce-de94-ed39-a917faa1c496">
      <Execution id="6d505eef-342b-4dca-8c36-d9d0f71806d9" />
      <TestMethod codeBase="C:\Users\hallam\Work\mmm\Testing\Goedel.Cryptography.Test-xunit\bin\Debug\net6.0\Goedel.Cryptography.Test-xunit.dll" adapterTypeName="executor://xunit/VsTestRunner2/netcoreapp" className="Goedel.XUnit.TestSplit" name="TestKey" />
    </UnitTest>
    <UnitTest name="Goedel.XUnit.TestService.MeshServiceEncryptCredential" storage="c:\users\hallam\work\mmm\testing\goedel.mesh.protocol.test-xunit\bin\debug\net6.0\goedel.mesh.protocol.test-xunit.dll" id="845163bd-0313-8eb8-4140-b54cfec3f603">
      <Execution id="c7b02afc-5056-4899-a424-a28a165cb195" />
      <TestMethod codeBase="C:\Users\hallam\Work\mmm\Testing\Goedel.Mesh.Protocol.Test-xunit\bin\Debug\net6.0\Goedel.Mesh.Protocol.Test-xunit.dll" adapterTypeName="executor://xunit/VsTestRunner2/netcoreapp" className="Goedel.XUnit.TestService" name="MeshServiceEncryptCredential" />
    </UnitTest>
    <UnitTest name="Goedel.XUnit.TestPlatformWindows.TestKeyRead" storage="c:\users\hallam\work\mmm\testing\goedel.cryptography.windows.test-xunit\bin\debug\net6.0-windows\goedel.cryptography.windows.test-xunit.dll" id="3cb3be92-7320-d0bc-00fb-a4befa00a815">
      <Execution id="76b1b748-0ea9-4e9f-aba8-1d205b94fa87" />
      <TestMethod codeBase="C:\Users\hallam\Work\mmm\Testing\Goedel.Cryptography.Windows.Test-xunit\bin\Debug\net6.0-windows\Goedel.Cryptography.Windows.Test-xunit.dll" adapterTypeName="executor://xunit/VsTestRunner2/netcoreapp" className="Goedel.XUnit.TestPlatformWindows" name="TestKeyRead" />
    </UnitTest>
    <UnitTest name="Goedel.XUnit.ShellTestsAdmin.TestDigest" storage="c:\users\hallam\work\mmm\testing\goedel.mesh.shell.test-xunit\bin\debug\net6.0\goedel.mesh.shell.test-xunit.dll" id="59e8c5a4-a56c-d5fb-d8db-e2fad7e168d5">
      <Execution id="53d8a2d1-5db6-4390-9372-08a8ff738955" />
      <TestMethod codeBase="C:\Users\hallam\Work\mmm\Testing\Goedel.Mesh.Shell.Test-xunit\bin\Debug\net6.0\Goedel.Mesh.Shell.Test-xunit.dll" adapterTypeName="executor://xunit/VsTestRunner2/netcoreapp" className="Goedel.XUnit.ShellTestsAdmin" name="TestDigest" />
    </UnitTest>
    <UnitTest name="Goedel.XUnit.ShellTestsAdmin.TestSequence(count: 100, encrypt: null, sign: null, purge: False, index: False, initial: &quot;Archive1&quot;)" storage="c:\users\hallam\work\mmm\testing\goedel.mesh.shell.test-xunit\bin\debug\net6.0\goedel.mesh.shell.test-xunit.dll" id="4c5a69dc-ab86-11f7-f3c6-8114bcff08f7">
      <Execution id="83bb6bb1-7ef3-4570-9f98-77ffa65537d9" />
      <TestMethod codeBase="C:\Users\hallam\Work\mmm\Testing\Goedel.Mesh.Shell.Test-xunit\bin\Debug\net6.0\Goedel.Mesh.Shell.Test-xunit.dll" adapterTypeName="executor://xunit/VsTestRunner2/netcoreapp" className="Goedel.XUnit.ShellTestsAdmin" name="TestSequence" />
    </UnitTest>
    <UnitTest name="Goedel.XUnit.ShellTests.TestUDF" storage="c:\users\hallam\work\mmm\testing\goedel.mesh.shell.test-xunit\bin\debug\net6.0\goedel.mesh.shell.test-xunit.dll" id="12ea52e1-3f49-8c73-0ab9-bbd0bbe9d17d">
      <Execution id="f4cf33d9-4b5d-45fa-aefd-fe11dae34f5f" />
      <TestMethod codeBase="C:\Users\hallam\Work\mmm\Testing\Goedel.Mesh.Shell.Test-xunit\bin\Debug\net6.0\Goedel.Mesh.Shell.Test-xunit.dll" adapterTypeName="executor://xunit/VsTestRunner2/netcoreapp" className="Goedel.XUnit.ShellTests" name="TestUDF" />
    </UnitTest>
    <UnitTest name="Goedel.XUnit.TestSplit.TestKeyShare(bits: 128, hexData: null)" storage="c:\users\hallam\work\mmm\testing\goedel.cryptography.test-xunit\bin\debug\net6.0\goedel.cryptography.test-xunit.dll" id="cd1cb2cf-e289-d32d-92bb-9fe8f99e0e4a">
      <Execution id="8d88f945-48a2-4e0e-bb5c-c0aa5f46f02c" />
      <TestMethod codeBase="C:\Users\hallam\Work\mmm\Testing\Goedel.Cryptography.Test-xunit\bin\Debug\net6.0\Goedel.Cryptography.Test-xunit.dll" adapterTypeName="executor://xunit/VsTestRunner2/netcoreapp" className="Goedel.XUnit.TestSplit" name="TestKeyShare" />
    </UnitTest>
    <UnitTest name="Goedel.XUnit.TestCryptographyJose.Test_Jose_Encrypt" storage="c:\users\hallam\work\mmm\testing\goedel.cryptography.jose.test-xunit\bin\debug\net6.0\goedel.cryptography.jose.test-xunit.dll" id="a05f9032-3145-cb2a-3cb7-87552dc655e5">
      <Execution id="8a95a389-c655-48ad-937f-5367dc7e4d53" />
      <TestMethod codeBase="C:\Users\hallam\Work\mmm\Testing\Goedel.Cryptography.Jose.Test-xunit\bin\Debug\net6.0\Goedel.Cryptography.Jose.Test-xunit.dll" adapterTypeName="executor://xunit/VsTestRunner2/netcoreapp" className="Goedel.XUnit.TestCryptographyJose" name="Test_Jose_Encrypt" />
    </UnitTest>
    <UnitTest name="Goedel.XUnit.ShellTestsAdmin.TestHello" storage="c:\users\hallam\work\mmm\testing\goedel.mesh.shell.test-xunit\bin\debug\net6.0\goedel.mesh.shell.test-xunit.dll" id="4051ecdb-c7f7-4cbb-8e38-a8700a60abbc">
      <Execution id="9fd1f23d-bbde-4b21-842a-f7b35cc93145" />
      <TestMethod codeBase="C:\Users\hallam\Work\mmm\Testing\Goedel.Mesh.Shell.Test-xunit\bin\Debug\net6.0\Goedel.Mesh.Shell.Test-xunit.dll" adapterTypeName="executor://xunit/VsTestRunner2/netcoreapp" className="Goedel.XUnit.ShellTestsAdmin" name="TestHello" />
    </UnitTest>
    <UnitTest name="Goedel.XUnit.TestDareArchive.TestArchive10" storage="c:\users\hallam\work\mmm\testing\goedel.cryptography.dare.test-xunit\bin\debug\net6.0\goedel.cryptography.dare.test-xunit.dll" id="71141820-362c-e290-e290-243221eaef51">
      <Execution id="0099ba39-db5b-4790-bf6c-4caaec3489f2" />
      <TestMethod codeBase="C:\Users\hallam\Work\mmm\Testing\Goedel.Cryptography.Dare.Test-xunit\bin\Debug\net6.0\Goedel.Cryptography.Dare.Test-xunit.dll" adapterTypeName="executor://xunit/VsTestRunner2/netcoreapp" className="Goedel.XUnit.TestDareArchive" name="TestArchive10" />
    </UnitTest>
    <UnitTest name="Goedel.XUnit.ShellTestsAdmin.TestRandom(bits: 192)" storage="c:\users\hallam\work\mmm\testing\goedel.mesh.shell.test-xunit\bin\debug\net6.0\goedel.mesh.shell.test-xunit.dll" id="82d22845-f5aa-5635-7fd1-7a85fc2ae608">
      <Execution id="a4265883-6842-4283-a8cb-2a6bc13b1eeb" />
      <TestMethod codeBase="C:\Users\hallam\Work\mmm\Testing\Goedel.Mesh.Shell.Test-xunit\bin\Debug\net6.0\Goedel.Mesh.Shell.Test-xunit.dll" adapterTypeName="executor://xunit/VsTestRunner2/netcoreapp" className="Goedel.XUnit.ShellTestsAdmin" name="TestRandom" />
    </UnitTest>
    <UnitTest name="Goedel.XUnit.GoedelCryptography.TestAES_NIST" storage="c:\users\hallam\work\mmm\testing\goedel.cryptography.test-xunit\bin\debug\net6.0\goedel.cryptography.test-xunit.dll" id="98b2fb19-c834-a070-9c5b-64f925108221">
      <Execution id="536e597e-db54-489e-ba89-44dad6aa9b17" />
      <TestMethod codeBase="C:\Users\hallam\Work\mmm\Testing\Goedel.Cryptography.Test-xunit\bin\Debug\net6.0\Goedel.Cryptography.Test-xunit.dll" adapterTypeName="executor://xunit/VsTestRunner2/netcoreapp" className="Goedel.XUnit.GoedelCryptography" name="TestAES_NIST" />
    </UnitTest>
    <UnitTest name="Goedel.XUnit.TestService.MeshGrantAdmin" storage="c:\users\hallam\work\mmm\testing\goedel.mesh.protocol.test-xunit\bin\debug\net6.0\goedel.mesh.protocol.test-xunit.dll" id="2234fc5c-6f3f-3af1-a1d3-d56b66008ab6">
      <Execution id="071ae405-d513-4068-8401-c484c740fc93" />
      <TestMethod codeBase="C:\Users\hallam\Work\mmm\Testing\Goedel.Mesh.Protocol.Test-xunit\bin\Debug\net6.0\Goedel.Mesh.Protocol.Test-xunit.dll" adapterTypeName="executor://xunit/VsTestRunner2/netcoreapp" className="Goedel.XUnit.TestService" name="MeshGrantAdmin" />
    </UnitTest>
    <UnitTest name="Goedel.XUnit.TestSplit.TestKeyShare(bits: 32, hexData: null)" storage="c:\users\hallam\work\mmm\testing\goedel.cryptography.test-xunit\bin\debug\net6.0\goedel.cryptography.test-xunit.dll" id="ac3cdbb5-5d7d-9912-6c60-e1cbfac04c34">
      <Execution id="5f1dfeb9-5316-45ee-a1e0-bb01a86aeaf4" />
      <TestMethod codeBase="C:\Users\hallam\Work\mmm\Testing\Goedel.Cryptography.Test-xunit\bin\Debug\net6.0\Goedel.Cryptography.Test-xunit.dll" adapterTypeName="executor://xunit/VsTestRunner2/netcoreapp" className="Goedel.XUnit.TestSplit" name="TestKeyShare" />
    </UnitTest>
    <UnitTest name="Goedel.XUnit.TestDareArchive.TestArchive1" storage="c:\users\hallam\work\mmm\testing\goedel.cryptography.dare.test-xunit\bin\debug\net6.0\goedel.cryptography.dare.test-xunit.dll" id="75609528-a9ab-6e83-a7d3-a09d4ce4d0e6">
      <Execution id="0236e1fd-bde8-491d-92d5-2423bf206f02" />
      <TestMethod codeBase="C:\Users\hallam\Work\mmm\Testing\Goedel.Cryptography.Dare.Test-xunit\bin\Debug\net6.0\Goedel.Cryptography.Dare.Test-xunit.dll" adapterTypeName="executor://xunit/VsTestRunner2/netcoreapp" className="Goedel.XUnit.TestDareArchive" name="TestArchive1" />
    </UnitTest>
    <UnitTest name="Goedel.XUnit.MakeSiteDocs.CiphertextVerify" storage="c:\users\hallam\work\mmm\testing\test.makesitedocs\bin\debug\net6.0\test.makesitedocs.dll" id="d72c7a29-8e20-93cd-0e81-8d035a1040e4">
      <Execution id="7dc0940e-27f3-4c84-b2ed-1e5573f49de4" />
      <TestMethod codeBase="C:\Users\hallam\Work\mmm\Testing\Test.MakeSiteDocs\bin\Debug\net6.0\Test.MakeSiteDocs.dll" adapterTypeName="executor://xunit/VsTestRunner2/netcoreapp" className="Goedel.XUnit.MakeSiteDocs" name="CiphertextVerify" />
    </UnitTest>
    <UnitTest name="Goedel.XUnit.GoedelCryptography.TestAES_NIST_Streaming" storage="c:\users\hallam\work\mmm\testing\goedel.cryptography.test-xunit\bin\debug\net6.0\goedel.cryptography.test-xunit.dll" id="0d8e6708-ab7c-8a5d-7880-841aa2619d27">
      <Execution id="7caed987-c777-41a2-ad63-94b920b76cac" />
      <TestMethod codeBase="C:\Users\hallam\Work\mmm\Testing\Goedel.Cryptography.Test-xunit\bin\Debug\net6.0\Goedel.Cryptography.Test-xunit.dll" adapterTypeName="executor://xunit/VsTestRunner2/netcoreapp" className="Goedel.XUnit.GoedelCryptography" name="TestAES_NIST_Streaming" />
    </UnitTest>
    <UnitTest name="Goedel.XUnit.TestSplit.TestShares(N: 7, K: 2)" storage="c:\users\hallam\work\mmm\testing\goedel.cryptography.test-xunit\bin\debug\net6.0\goedel.cryptography.test-xunit.dll" id="4c350e47-9e48-134c-0d62-0dafb255cd78">
      <Execution id="9946e193-4aa2-4daf-bfd5-cf2383d94c68" />
      <TestMethod codeBase="C:\Users\hallam\Work\mmm\Testing\Goedel.Cryptography.Test-xunit\bin\Debug\net6.0\Goedel.Cryptography.Test-xunit.dll" adapterTypeName="executor://xunit/VsTestRunner2/netcoreapp" className="Goedel.XUnit.TestSplit" name="TestShares" />
    </UnitTest>
    <UnitTest name="Goedel.XUnit.TestDare.EnvelopeEncryptedWithData" storage="c:\users\hallam\work\mmm\testing\goedel.cryptography.dare.test-xunit\bin\debug\net6.0\goedel.cryptography.dare.test-xunit.dll" id="62f83da3-452f-f192-de29-4aa35ea04cbb">
      <Execution id="ee9d6a9e-14c2-476a-aa0b-9b2de9da70df" />
      <TestMethod codeBase="C:\Users\hallam\Work\mmm\Testing\Goedel.Cryptography.Dare.Test-xunit\bin\Debug\net6.0\Goedel.Cryptography.Dare.Test-xunit.dll" adapterTypeName="executor://xunit/VsTestRunner2/netcoreapp" className="Goedel.XUnit.TestDare" name="EnvelopeEncryptedWithData" />
    </UnitTest>
    <UnitTest name="Goedel.XUnit.ShellTests.TestCreateDevice" storage="c:\users\hallam\work\mmm\testing\goedel.mesh.shell.test-xunit\bin\debug\net6.0\goedel.mesh.shell.test-xunit.dll" id="f84c2736-a689-b073-1451-980a4910325a">
      <Execution id="34438c60-c68f-44b6-be56-cb15e1a5793b" />
      <TestMethod codeBase="C:\Users\hallam\Work\mmm\Testing\Goedel.Mesh.Shell.Test-xunit\bin\Debug\net6.0\Goedel.Mesh.Shell.Test-xunit.dll" adapterTypeName="executor://xunit/VsTestRunner2/netcoreapp" className="Goedel.XUnit.ShellTests" name="TestCreateDevice" />
    </UnitTest>
    <UnitTest name="Goedel.XUnit.ShellTests.TestEscrowChangeDevice" storage="c:\users\hallam\work\mmm\testing\goedel.mesh.shell.test-xunit\bin\debug\net6.0\goedel.mesh.shell.test-xunit.dll" id="32c9ed9b-2512-9886-8fd8-d044290d88a7">
      <Execution id="5fc2ede2-fb53-41ca-9a92-3b6d4b5f26ae" />
      <TestMethod codeBase="C:\Users\hallam\Work\mmm\Testing\Goedel.Mesh.Shell.Test-xunit\bin\Debug\net6.0\Goedel.Mesh.Shell.Test-xunit.dll" adapterTypeName="executor://xunit/VsTestRunner2/netcoreapp" className="Goedel.XUnit.ShellTests" name="TestEscrowChangeDevice" />
    </UnitTest>
    <UnitTest name="Goedel.XUnit.TestLifecycle.Test_LifecycleAdmin(CryptoAlgorithmID: Signature, KeySize: 2048)" storage="c:\users\hallam\work\mmm\testing\goedel.cryptography.test-xunit\bin\debug\net6.0\goedel.cryptography.test-xunit.dll" id="a8b962af-0835-32a3-9cb7-460e4f4c0499">
      <Execution id="5776aa92-c6c1-4700-ba15-1f17a193457b" />
      <TestMethod codeBase="C:\Users\hallam\Work\mmm\Testing\Goedel.Cryptography.Test-xunit\bin\Debug\net6.0\Goedel.Cryptography.Test-xunit.dll" adapterTypeName="executor://xunit/VsTestRunner2/netcoreapp" className="Goedel.XUnit.TestLifecycle" name="Test_LifecycleAdmin" />
    </UnitTest>
    <UnitTest name="Goedel.XUnit.MakeSiteDocs.CreateSSH" storage="c:\users\hallam\work\mmm\testing\test.makesitedocs\bin\debug\net6.0\test.makesitedocs.dll" id="1a412c8c-20e8-571c-06a9-6c5633aac8bd">
      <Execution id="43e958bd-56e4-467a-8f1e-815587697fa1" />
      <TestMethod codeBase="C:\Users\hallam\Work\mmm\Testing\Test.MakeSiteDocs\bin\Debug\net6.0\Test.MakeSiteDocs.dll" adapterTypeName="executor://xunit/VsTestRunner2/netcoreapp" className="Goedel.XUnit.MakeSiteDocs" name="CreateSSH" />
    </UnitTest>
    <UnitTest name="Goedel.XUnit.TestService.MeshDeviceMail" storage="c:\users\hallam\work\mmm\testing\goedel.mesh.protocol.test-xunit\bin\debug\net6.0\goedel.mesh.protocol.test-xunit.dll" id="d58fd150-798d-6073-840c-a437d89c7bb9">
      <Execution id="6fb80ce8-181b-48ec-8698-a51c3e718901" />
      <TestMethod codeBase="C:\Users\hallam\Work\mmm\Testing\Goedel.Mesh.Protocol.Test-xunit\bin\Debug\net6.0\Goedel.Mesh.Protocol.Test-xunit.dll" adapterTypeName="executor://xunit/VsTestRunner2/netcoreapp" className="Goedel.XUnit.TestService" name="MeshDeviceMail" />
    </UnitTest>
    <UnitTest name="Goedel.XUnit.TestSplit.TestSplitPrimes" storage="c:\users\hallam\work\mmm\testing\goedel.cryptography.test-xunit\bin\debug\net6.0\goedel.cryptography.test-xunit.dll" id="07e2a093-bb53-6ba6-971f-299dffd717bd">
      <Execution id="47ecc93c-0f4b-4787-b7a5-29f597a2d441" />
      <TestMethod codeBase="C:\Users\hallam\Work\mmm\Testing\Goedel.Cryptography.Test-xunit\bin\Debug\net6.0\Goedel.Cryptography.Test-xunit.dll" adapterTypeName="executor://xunit/VsTestRunner2/netcoreapp" className="Goedel.XUnit.TestSplit" name="TestSplitPrimes" />
    </UnitTest>
    <UnitTest name="Goedel.XUnit.TestDare.EnvelopeEncryptedFixed" storage="c:\users\hallam\work\mmm\testing\goedel.cryptography.dare.test-xunit\bin\debug\net6.0\goedel.cryptography.dare.test-xunit.dll" id="1b95a8eb-70b3-116e-ba2b-8994a66adb0a">
      <Execution id="6783039c-8047-4d91-b614-082d7c065484" />
      <TestMethod codeBase="C:\Users\hallam\Work\mmm\Testing\Goedel.Cryptography.Dare.Test-xunit\bin\Debug\net6.0\Goedel.Cryptography.Dare.Test-xunit.dll" adapterTypeName="executor://xunit/VsTestRunner2/netcoreapp" className="Goedel.XUnit.TestDare" name="EnvelopeEncryptedFixed" />
    </UnitTest>
    <UnitTest name="Goedel.XUnit.ShellTestsAdmin.TestProfileConnect" storage="c:\users\hallam\work\mmm\testing\goedel.mesh.shell.test-xunit\bin\debug\net6.0\goedel.mesh.shell.test-xunit.dll" id="2de3a65f-8a6a-23d1-7580-9e07e3cca597">
      <Execution id="c256cd07-8bd8-45ef-8334-47558bd982e7" />
      <TestMethod codeBase="C:\Users\hallam\Work\mmm\Testing\Goedel.Mesh.Shell.Test-xunit\bin\Debug\net6.0\Goedel.Mesh.Shell.Test-xunit.dll" adapterTypeName="executor://xunit/VsTestRunner2/netcoreapp" className="Goedel.XUnit.ShellTestsAdmin" name="TestProfileConnect" />
    </UnitTest>
    <UnitTest name="Goedel.XUnit.TestContainers.ContainerTestDigest" storage="c:\users\hallam\work\mmm\testing\goedel.cryptography.dare.test-xunit\bin\debug\net6.0\goedel.cryptography.dare.test-xunit.dll" id="eac0131c-e93f-ccf5-7afe-25f7175524ae">
      <Execution id="374b9211-e5c2-468d-8a2a-f8de3c7e89c6" />
      <TestMethod codeBase="C:\Users\hallam\Work\mmm\Testing\Goedel.Cryptography.Dare.Test-xunit\bin\Debug\net6.0\Goedel.Cryptography.Dare.Test-xunit.dll" adapterTypeName="executor://xunit/VsTestRunner2/netcoreapp" className="Goedel.XUnit.TestContainers" name="ContainerTestDigest" />
    </UnitTest>
    <UnitTest name="Goedel.XUnit.TestGoedelCryptography.CombineCurveX448Inner(a: 10, b: 12)" storage="c:\users\hallam\work\mmm\testing\goedel.cryptography.test-xunit\bin\debug\net6.0\goedel.cryptography.test-xunit.dll" id="d8569cca-4a18-2b27-8a02-3db257f647ba">
      <Execution id="c8c4072e-fe2d-40f9-b238-f2b99c81dfbb" />
      <TestMethod codeBase="C:\Users\hallam\Work\mmm\Testing\Goedel.Cryptography.Test-xunit\bin\Debug\net6.0\Goedel.Cryptography.Test-xunit.dll" adapterTypeName="executor://xunit/VsTestRunner2/netcoreapp" className="Goedel.XUnit.TestGoedelCryptography" name="CombineCurveX448Inner" />
    </UnitTest>
    <UnitTest name="Goedel.XUnit.ShellTests.TestKey(bits: 192)" storage="c:\users\hallam\work\mmm\testing\goedel.mesh.shell.test-xunit\bin\debug\net6.0\goedel.mesh.shell.test-xunit.dll" id="17f50111-0464-df96-8ad7-196e62c2e7b3">
      <Execution id="5cbbae6d-27d5-4af0-89b0-6025ec1bc2ee" />
      <TestMethod codeBase="C:\Users\hallam\Work\mmm\Testing\Goedel.Mesh.Shell.Test-xunit\bin\Debug\net6.0\Goedel.Mesh.Shell.Test-xunit.dll" adapterTypeName="executor://xunit/VsTestRunner2/netcoreapp" className="Goedel.XUnit.ShellTests" name="TestKey" />
    </UnitTest>
    <UnitTest name="Goedel.XUnit.TestSplit.TestBigIntconversion" storage="c:\users\hallam\work\mmm\testing\goedel.cryptography.test-xunit\bin\debug\net6.0\goedel.cryptography.test-xunit.dll" id="71733c3a-d47a-533a-56ff-c2cd6e9e5c8e">
      <Execution id="0bfad49e-a0eb-48ca-b879-57985b188735" />
      <TestMethod codeBase="C:\Users\hallam\Work\mmm\Testing\Goedel.Cryptography.Test-xunit\bin\Debug\net6.0\Goedel.Cryptography.Test-xunit.dll" adapterTypeName="executor://xunit/VsTestRunner2/netcoreapp" className="Goedel.XUnit.TestSplit" name="TestBigIntconversion" />
    </UnitTest>
    <UnitTest name="Goedel.XUnit.TestSplit.TestKeyShare(bits: 32, hexData: &quot;00000001&quot;)" storage="c:\users\hallam\work\mmm\testing\goedel.cryptography.test-xunit\bin\debug\net6.0\goedel.cryptography.test-xunit.dll" id="496a0015-2a13-695f-3c3d-37fcbe9e009c">
      <Execution id="96e4e44e-42d8-45b0-9aeb-419c364cd060" />
      <TestMethod codeBase="C:\Users\hallam\Work\mmm\Testing\Goedel.Cryptography.Test-xunit\bin\Debug\net6.0\Goedel.Cryptography.Test-xunit.dll" adapterTypeName="executor://xunit/VsTestRunner2/netcoreapp" className="Goedel.XUnit.TestSplit" name="TestKeyShare" />
    </UnitTest>
    <UnitTest name="Goedel.XUnit.TestGoedelCryptography.EncodingTest(iterations: 10, cryptoAlgorithmId: EdDSA)" storage="c:\users\hallam\work\mmm\testing\goedel.cryptography.test-xunit\bin\debug\net6.0\goedel.cryptography.test-xunit.dll" id="6b56199f-6181-939a-89fc-2ea29aadc3dd">
      <Execution id="2cc95d89-c74e-42dd-92ed-1d223d057694" />
      <TestMethod codeBase="C:\Users\hallam\Work\mmm\Testing\Goedel.Cryptography.Test-xunit\bin\Debug\net6.0\Goedel.Cryptography.Test-xunit.dll" adapterTypeName="executor://xunit/VsTestRunner2/netcoreapp" className="Goedel.XUnit.TestGoedelCryptography" name="EncodingTest" />
    </UnitTest>
    <UnitTest name="Goedel.XUnit.MakeSiteDocs.GroupTests" storage="c:\users\hallam\work\mmm\testing\test.makesitedocs\bin\debug\net6.0\test.makesitedocs.dll" id="6d7414eb-322c-97f9-a008-3b9c4f79e8d6">
      <Execution id="8a247d78-472e-41cf-849c-b9a9e0b98f9d" />
      <TestMethod codeBase="C:\Users\hallam\Work\mmm\Testing\Test.MakeSiteDocs\bin\Debug\net6.0\Test.MakeSiteDocs.dll" adapterTypeName="executor://xunit/VsTestRunner2/netcoreapp" className="Goedel.XUnit.MakeSiteDocs" name="GroupTests" />
    </UnitTest>
    <UnitTest name="Goedel.XUnit.ShellTestsAdmin.TestProfileConnectPinExpired" storage="c:\users\hallam\work\mmm\testing\goedel.mesh.shell.test-xunit\bin\debug\net6.0\goedel.mesh.shell.test-xunit.dll" id="0d5152e8-abe8-61a3-636e-44823aced5ff">
      <Execution id="d1b8ad99-9f7f-4b47-9555-d431e002661d" />
      <TestMethod codeBase="C:\Users\hallam\Work\mmm\Testing\Goedel.Mesh.Shell.Test-xunit\bin\Debug\net6.0\Goedel.Mesh.Shell.Test-xunit.dll" adapterTypeName="executor://xunit/VsTestRunner2/netcoreapp" className="Goedel.XUnit.ShellTestsAdmin" name="TestProfileConnectPinExpired" />
    </UnitTest>
    <UnitTest name="Goedel.XUnit.TestService.PrivateKeyRoundTrip(cryptoAlgorithmId: Ed448, round: 0)" storage="c:\users\hallam\work\mmm\testing\goedel.mesh.protocol.test-xunit\bin\debug\net6.0\goedel.mesh.protocol.test-xunit.dll" id="8b66bc9b-4e94-6537-f264-99cca698e564">
      <Execution id="8273c5cb-c2c5-42ea-b556-ba850b5d3a58" />
      <TestMethod codeBase="C:\Users\hallam\Work\mmm\Testing\Goedel.Mesh.Protocol.Test-xunit\bin\Debug\net6.0\Goedel.Mesh.Protocol.Test-xunit.dll" adapterTypeName="executor://xunit/VsTestRunner2/netcoreapp" className="Goedel.XUnit.TestService" name="PrivateKeyRoundTrip" />
    </UnitTest>
    <UnitTest name="Goedel.XUnit.ServiceDiscovery.TestDNSMultiple(count: 20)" storage="c:\users\hallam\work\mmm\testing\goedel.discovery.test-xunit\bin\debug\net6.0\goedel.discovery.test-xunit.dll" id="85a192ce-e6f3-30ed-c777-aae7971c7955">
      <Execution id="f88c968c-224e-4853-a6d6-e19f21cc12f2" />
      <TestMethod codeBase="C:\Users\hallam\Work\mmm\Testing\Goedel.Discovery.Test-xunit\bin\Debug\net6.0\Goedel.Discovery.Test-xunit.dll" adapterTypeName="executor://xunit/VsTestRunner2/netcoreapp" className="Goedel.XUnit.ServiceDiscovery" name="TestDNSMultiple" />
    </UnitTest>
    <UnitTest name="Goedel.XUnit.TestPlatformWindows.TestWritePEMRSA" storage="c:\users\hallam\work\mmm\testing\goedel.cryptography.windows.test-xunit\bin\debug\net6.0-windows\goedel.cryptography.windows.test-xunit.dll" id="124dcc1d-2f96-547d-cc64-ada55082043d">
      <Execution id="6cf58023-fecd-4d4d-9e8c-088560736000" />
      <TestMethod codeBase="C:\Users\hallam\Work\mmm\Testing\Goedel.Cryptography.Windows.Test-xunit\bin\Debug\net6.0-windows\Goedel.Cryptography.Windows.Test-xunit.dll" adapterTypeName="executor://xunit/VsTestRunner2/netcoreapp" className="Goedel.XUnit.TestPlatformWindows" name="TestWritePEMRSA" />
    </UnitTest>
    <UnitTest name="Goedel.XUnit.TestGoedelCryptography.TestCurveConstants" storage="c:\users\hallam\work\mmm\testing\goedel.cryptography.test-xunit\bin\debug\net6.0\goedel.cryptography.test-xunit.dll" id="ed08324c-0e64-a731-0a57-dfb1d37a03ae">
      <Execution id="82e5cbbe-6114-4bb6-aafd-04aedbbf4805" />
      <TestMethod codeBase="C:\Users\hallam\Work\mmm\Testing\Goedel.Cryptography.Test-xunit\bin\Debug\net6.0\Goedel.Cryptography.Test-xunit.dll" adapterTypeName="executor://xunit/VsTestRunner2/netcoreapp" className="Goedel.XUnit.TestGoedelCryptography" name="TestCurveConstants" />
    </UnitTest>
    <UnitTest name="Goedel.XUnit.TestContainers.ContainerTest10" storage="c:\users\hallam\work\mmm\testing\goedel.cryptography.dare.test-xunit\bin\debug\net6.0\goedel.cryptography.dare.test-xunit.dll" id="891f98e5-a39a-57f7-14f2-4a4c51867165">
      <Execution id="392029bb-dc94-494e-aa26-33d1e7b146ca" />
      <TestMethod codeBase="C:\Users\hallam\Work\mmm\Testing\Goedel.Cryptography.Dare.Test-xunit\bin\Debug\net6.0\Goedel.Cryptography.Dare.Test-xunit.dll" adapterTypeName="executor://xunit/VsTestRunner2/netcoreapp" className="Goedel.XUnit.TestContainers" name="ContainerTest10" />
    </UnitTest>
    <UnitTest name="Goedel.XUnit.TestGoedelCryptography.TestHMAC_4231_Separate" storage="c:\users\hallam\work\mmm\testing\goedel.cryptography.test-xunit\bin\debug\net6.0\goedel.cryptography.test-xunit.dll" id="81dbd27e-f7eb-32b1-5b50-0cf51573d50f">
      <Execution id="c0931078-581b-429f-9dbf-3eb4ae84df69" />
      <TestMethod codeBase="C:\Users\hallam\Work\mmm\Testing\Goedel.Cryptography.Test-xunit\bin\Debug\net6.0\Goedel.Cryptography.Test-xunit.dll" adapterTypeName="executor://xunit/VsTestRunner2/netcoreapp" className="Goedel.XUnit.TestGoedelCryptography" name="TestHMAC_4231_Separate" />
    </UnitTest>
    <UnitTest name="Goedel.XUnit.ShellTestsAdmin.TestKey(bits: 0)" storage="c:\users\hallam\work\mmm\testing\goedel.mesh.shell.test-xunit\bin\debug\net6.0\goedel.mesh.shell.test-xunit.dll" id="665ef91c-7e8f-b43d-182e-ec7ca6f97a4c">
      <Execution id="d6b467b9-4c2f-4d91-814e-07a0ab958743" />
      <TestMethod codeBase="C:\Users\hallam\Work\mmm\Testing\Goedel.Mesh.Shell.Test-xunit\bin\Debug\net6.0\Goedel.Mesh.Shell.Test-xunit.dll" adapterTypeName="executor://xunit/VsTestRunner2/netcoreapp" className="Goedel.XUnit.ShellTestsAdmin" name="TestKey" />
    </UnitTest>
    <UnitTest name="Goedel.XUnit.TestJBCD.TestJBCDStream(FileName: &quot;JBCD10.jbcd&quot;, Records: 10, MaxSize: 0)" storage="c:\users\hallam\work\mmm\testing\goedel.cryptography.dare.test-xunit\bin\debug\net6.0\goedel.cryptography.dare.test-xunit.dll" id="d8ce01c6-e1b8-1349-6d6a-64bb63d61332">
      <Execution id="9db79ae2-a6a7-400f-b7ec-7556ded3b518" />
      <TestMethod codeBase="C:\Users\hallam\Work\mmm\Testing\Goedel.Cryptography.Dare.Test-xunit\bin\Debug\net6.0\Goedel.Cryptography.Dare.Test-xunit.dll" adapterTypeName="executor://xunit/VsTestRunner2/netcoreapp" className="Goedel.XUnit.TestJBCD" name="TestJBCDStream" />
    </UnitTest>
    <UnitTest name="Goedel.XUnit.TestLifecycle.Test_LifecycleMaster(CryptoAlgorithmID: DH, KeySize: 2048)" storage="c:\users\hallam\work\mmm\testing\goedel.cryptography.test-xunit\bin\debug\net6.0\goedel.cryptography.test-xunit.dll" id="23b83880-eae7-23a2-1de8-134cd41dbcd6">
      <Execution id="b8484f34-18a3-492c-9b58-d86897f1627b" />
      <TestMethod codeBase="C:\Users\hallam\Work\mmm\Testing\Goedel.Cryptography.Test-xunit\bin\Debug\net6.0\Goedel.Cryptography.Test-xunit.dll" adapterTypeName="executor://xunit/VsTestRunner2/netcoreapp" className="Goedel.XUnit.TestLifecycle" name="Test_LifecycleMaster" />
    </UnitTest>
    <UnitTest name="Goedel.XUnit.TestAsymmetric.TestRFC8032" storage="c:\users\hallam\work\mmm\testing\goedel.cryptography.test-xunit\bin\debug\net6.0\goedel.cryptography.test-xunit.dll" id="b737fe06-d8fc-92fd-5280-a8e1601ec2d8">
      <Execution id="42fbca85-58a6-46e9-9630-a1d67be9f862" />
      <TestMethod codeBase="C:\Users\hallam\Work\mmm\Testing\Goedel.Cryptography.Test-xunit\bin\Debug\net6.0\Goedel.Cryptography.Test-xunit.dll" adapterTypeName="executor://xunit/VsTestRunner2/netcoreapp" className="Goedel.XUnit.TestAsymmetric" name="TestRFC8032" />
    </UnitTest>
    <UnitTest name="Goedel.XUnit.ShellTestsAdmin.TestMessageContactBusinessCardFetch" storage="c:\users\hallam\work\mmm\testing\goedel.mesh.shell.test-xunit\bin\debug\net6.0\goedel.mesh.shell.test-xunit.dll" id="b0977c0e-13d0-59e7-b126-a2f3d1cf4e5e">
      <Execution id="01e2fa04-28a0-430b-9813-1566d9d7aae0" />
      <TestMethod codeBase="C:\Users\hallam\Work\mmm\Testing\Goedel.Mesh.Shell.Test-xunit\bin\Debug\net6.0\Goedel.Mesh.Shell.Test-xunit.dll" adapterTypeName="executor://xunit/VsTestRunner2/netcoreapp" className="Goedel.XUnit.ShellTestsAdmin" name="TestMessageContactBusinessCardFetch" />
    </UnitTest>
    <UnitTest name="Goedel.XUnit.TestCryptography.TestDHAlg_SimpleAgreement" storage="c:\users\hallam\work\mmm\testing\goedel.cryptography.test-xunit\bin\debug\net6.0\goedel.cryptography.test-xunit.dll" id="7163096c-934a-89f0-0a9d-27fbcb3af09e">
      <Execution id="0487a2a0-ee52-4198-9660-9e4f8a6679ef" />
      <TestMethod codeBase="C:\Users\hallam\Work\mmm\Testing\Goedel.Cryptography.Test-xunit\bin\Debug\net6.0\Goedel.Cryptography.Test-xunit.dll" adapterTypeName="executor://xunit/VsTestRunner2/netcoreapp" className="Goedel.XUnit.TestCryptography" name="TestDHAlg_SimpleAgreement" />
    </UnitTest>
    <UnitTest name="Goedel.XUnit.ShellTests.TestKey(bits: 256)" storage="c:\users\hallam\work\mmm\testing\goedel.mesh.shell.test-xunit\bin\debug\net6.0\goedel.mesh.shell.test-xunit.dll" id="f66e7744-a972-d1fb-e37a-3e215a1f882e">
      <Execution id="414c11e6-7a9b-447a-802d-576aaef1c389" />
      <TestMethod codeBase="C:\Users\hallam\Work\mmm\Testing\Goedel.Mesh.Shell.Test-xunit\bin\Debug\net6.0\Goedel.Mesh.Shell.Test-xunit.dll" adapterTypeName="executor://xunit/VsTestRunner2/netcoreapp" className="Goedel.XUnit.ShellTests" name="TestKey" />
    </UnitTest>
    <UnitTest name="Goedel.XUnit.TestCryptographyJose.Test_Jose_Sign" storage="c:\users\hallam\work\mmm\testing\goedel.cryptography.jose.test-xunit\bin\debug\net6.0\goedel.cryptography.jose.test-xunit.dll" id="6be3fe48-7204-0c0d-e9ae-d4673dfd2f91">
      <Execution id="b39854a4-90d5-40e8-8e1d-1ca4ca12da03" />
      <TestMethod codeBase="C:\Users\hallam\Work\mmm\Testing\Goedel.Cryptography.Jose.Test-xunit\bin\Debug\net6.0\Goedel.Cryptography.Jose.Test-xunit.dll" adapterTypeName="executor://xunit/VsTestRunner2/netcoreapp" className="Goedel.XUnit.TestCryptographyJose" name="Test_Jose_Sign" />
    </UnitTest>
    <UnitTest name="Goedel.XUnit.TestService.MeshCatalogAccount" storage="c:\users\hallam\work\mmm\testing\goedel.mesh.protocol.test-xunit\bin\debug\net6.0\goedel.mesh.protocol.test-xunit.dll" id="d81e6e26-4a3c-8bde-b1d0-01110c1ad6fd">
      <Execution id="03785347-8c4e-4666-a15b-717410e20aaf" />
      <TestMethod codeBase="C:\Users\hallam\Work\mmm\Testing\Goedel.Mesh.Protocol.Test-xunit\bin\Debug\net6.0\Goedel.Mesh.Protocol.Test-xunit.dll" adapterTypeName="executor://xunit/VsTestRunner2/netcoreapp" className="Goedel.XUnit.TestService" name="MeshCatalogAccount" />
    </UnitTest>
    <UnitTest name="Goedel.XUnit.TestDare.EnvelopePlaintextFixed" storage="c:\users\hallam\work\mmm\testing\goedel.cryptography.dare.test-xunit\bin\debug\net6.0\goedel.cryptography.dare.test-xunit.dll" id="4547a249-a574-eac8-e99b-91219cfc0488">
      <Execution id="f900ca7f-e27d-4cbc-a7b1-dd174054997b" />
      <TestMethod codeBase="C:\Users\hallam\Work\mmm\Testing\Goedel.Cryptography.Dare.Test-xunit\bin\Debug\net6.0\Goedel.Cryptography.Dare.Test-xunit.dll" adapterTypeName="executor://xunit/VsTestRunner2/netcoreapp" className="Goedel.XUnit.TestDare" name="EnvelopePlaintextFixed" />
    </UnitTest>
    <UnitTest name="Goedel.XUnit.TestService.PrivateKeyRoundTrip(cryptoAlgorithmId: X448, round: 0)" storage="c:\users\hallam\work\mmm\testing\goedel.mesh.protocol.test-xunit\bin\debug\net6.0\goedel.mesh.protocol.test-xunit.dll" id="619072e2-cba6-3f5a-1d79-b341be5f80e1">
      <Execution id="7be57c41-f519-4fa2-b2fb-c7390f653d0a" />
      <TestMethod codeBase="C:\Users\hallam\Work\mmm\Testing\Goedel.Mesh.Protocol.Test-xunit\bin\Debug\net6.0\Goedel.Mesh.Protocol.Test-xunit.dll" adapterTypeName="executor://xunit/VsTestRunner2/netcoreapp" className="Goedel.XUnit.TestService" name="PrivateKeyRoundTrip" />
    </UnitTest>
    <UnitTest name="Goedel.XUnit.TestPersist.TestPersistenceStoreCreate" storage="c:\users\hallam\work\mmm\testing\goedel.cryptography.dare.test-xunit\bin\debug\net6.0\goedel.cryptography.dare.test-xunit.dll" id="51152704-ef70-dcbd-1e2c-eaed9060f061">
      <Execution id="dbdb36ea-3721-4b25-b0b5-4c3539305ea5" />
      <TestMethod codeBase="C:\Users\hallam\Work\mmm\Testing\Goedel.Cryptography.Dare.Test-xunit\bin\Debug\net6.0\Goedel.Cryptography.Dare.Test-xunit.dll" adapterTypeName="executor://xunit/VsTestRunner2/netcoreapp" className="Goedel.XUnit.TestPersist" name="TestPersistenceStoreCreate" />
    </UnitTest>
    <UnitTest name="Goedel.XUnit.KeyFileTest.TestKeyRead" storage="c:\users\hallam\work\mmm\testing\goedel.cryptography.keyfile.test-xunit\bin\debug\net6.0\goedel.cryptography.keyfile.test-xunit.dll" id="be2f8993-edd7-de2e-05c4-d75f4f0fad63">
      <Execution id="ff91e08e-e4aa-4066-b1e9-56d1dd5d47b1" />
      <TestMethod codeBase="C:\Users\hallam\Work\mmm\Testing\Goedel.Cryptography.Keyfile.Test-xunit\bin\Debug\net6.0\Goedel.Cryptography.Keyfile.Test-xunit.dll" adapterTypeName="executor://xunit/VsTestRunner2/netcoreapp" className="Goedel.XUnit.KeyFileTest" name="TestKeyRead" />
    </UnitTest>
    <UnitTest name="Goedel.XUnit.TestCryptography.TestDH_Encrypt" storage="c:\users\hallam\work\mmm\testing\goedel.cryptography.test-xunit\bin\debug\net6.0\goedel.cryptography.test-xunit.dll" id="66f7218a-2777-f999-aa90-95c0d0032575">
      <Execution id="b7a1e2a5-1d9f-41e2-8600-47e7facdbfe6" />
      <TestMethod codeBase="C:\Users\hallam\Work\mmm\Testing\Goedel.Cryptography.Test-xunit\bin\Debug\net6.0\Goedel.Cryptography.Test-xunit.dll" adapterTypeName="executor://xunit/VsTestRunner2/netcoreapp" className="Goedel.XUnit.TestCryptography" name="TestDH_Encrypt" />
    </UnitTest>
    <UnitTest name="Goedel.XUnit.TestService.MeshDeviceThresholdKey" storage="c:\users\hallam\work\mmm\testing\goedel.mesh.protocol.test-xunit\bin\debug\net6.0\goedel.mesh.protocol.test-xunit.dll" id="20396393-1320-3963-2cd9-8a3d0d455262">
      <Execution id="38693f4d-5253-4020-8444-941791b018bc" />
      <TestMethod codeBase="C:\Users\hallam\Work\mmm\Testing\Goedel.Mesh.Protocol.Test-xunit\bin\Debug\net6.0\Goedel.Mesh.Protocol.Test-xunit.dll" adapterTypeName="executor://xunit/VsTestRunner2/netcoreapp" className="Goedel.XUnit.TestService" name="MeshDeviceThresholdKey" />
    </UnitTest>
    <UnitTest name="Goedel.XUnit.TestService.MeshDeviceSsh" storage="c:\users\hallam\work\mmm\testing\goedel.mesh.protocol.test-xunit\bin\debug\net6.0\goedel.mesh.protocol.test-xunit.dll" id="2e380470-54f7-891e-fa72-a658e3e3efe2">
      <Execution id="a482dfa0-768d-483e-9445-adfe1acd8e1b" />
      <TestMethod codeBase="C:\Users\hallam\Work\mmm\Testing\Goedel.Mesh.Protocol.Test-xunit\bin\Debug\net6.0\Goedel.Mesh.Protocol.Test-xunit.dll" adapterTypeName="executor://xunit/VsTestRunner2/netcoreapp" className="Goedel.XUnit.TestService" name="MeshDeviceSsh" />
    </UnitTest>
    <UnitTest name="Goedel.XUnit.TestDare.EnvelopeDigestAtomicCorrupted" storage="c:\users\hallam\work\mmm\testing\goedel.cryptography.dare.test-xunit\bin\debug\net6.0\goedel.cryptography.dare.test-xunit.dll" id="3f886881-ed7c-f9b0-170c-b18e829ea8ae">
      <Execution id="eff80e8a-7680-4e1c-955e-6448ca983f6f" />
      <TestMethod codeBase="C:\Users\hallam\Work\mmm\Testing\Goedel.Cryptography.Dare.Test-xunit\bin\Debug\net6.0\Goedel.Cryptography.Dare.Test-xunit.dll" adapterTypeName="executor://xunit/VsTestRunner2/netcoreapp" className="Goedel.XUnit.TestDare" name="EnvelopeDigestAtomicCorrupted" />
    </UnitTest>
    <UnitTest name="Goedel.XUnit.ShellTestsAdmin.TestMessageConfirmationReject" storage="c:\users\hallam\work\mmm\testing\goedel.mesh.shell.test-xunit\bin\debug\net6.0\goedel.mesh.shell.test-xunit.dll" id="7a783999-fe46-6b2d-85ed-7ce21871ed35">
      <Execution id="0c375d60-60ab-4a1e-8386-c3718d085d78" />
      <TestMethod codeBase="C:\Users\hallam\Work\mmm\Testing\Goedel.Mesh.Shell.Test-xunit\bin\Debug\net6.0\Goedel.Mesh.Shell.Test-xunit.dll" adapterTypeName="executor://xunit/VsTestRunner2/netcoreapp" className="Goedel.XUnit.ShellTestsAdmin" name="TestMessageConfirmationReject" />
    </UnitTest>
    <UnitTest name="Goedel.XUnit.TestGoedelCryptography.TestDHEd448Misc" storage="c:\users\hallam\work\mmm\testing\goedel.cryptography.test-xunit\bin\debug\net6.0\goedel.cryptography.test-xunit.dll" id="9d18040f-ddcb-ebb8-e66b-4c6aa457bbcc">
      <Execution id="2a21efe8-5a33-4725-a355-cbd3878dd9bb" />
      <TestMethod codeBase="C:\Users\hallam\Work\mmm\Testing\Goedel.Cryptography.Test-xunit\bin\Debug\net6.0\Goedel.Cryptography.Test-xunit.dll" adapterTypeName="executor://xunit/VsTestRunner2/netcoreapp" className="Goedel.XUnit.TestGoedelCryptography" name="TestDHEd448Misc" />
    </UnitTest>
    <UnitTest name="Goedel.XUnit.TestSplit.TestShares(N: 13, K: 2)" storage="c:\users\hallam\work\mmm\testing\goedel.cryptography.test-xunit\bin\debug\net6.0\goedel.cryptography.test-xunit.dll" id="c6bea691-295f-cc89-0904-727ac677a643">
      <Execution id="7ef233d1-e3ef-469e-9f5b-a82ff0f93014" />
      <TestMethod codeBase="C:\Users\hallam\Work\mmm\Testing\Goedel.Cryptography.Test-xunit\bin\Debug\net6.0\Goedel.Cryptography.Test-xunit.dll" adapterTypeName="executor://xunit/VsTestRunner2/netcoreapp" className="Goedel.XUnit.TestSplit" name="TestShares" />
    </UnitTest>
    <UnitTest name="Goedel.XUnit.TestLifecycle.Test_LifecycleAdmin(CryptoAlgorithmID: Exchange, KeySize: 2048)" storage="c:\users\hallam\work\mmm\testing\goedel.cryptography.test-xunit\bin\debug\net6.0\goedel.cryptography.test-xunit.dll" id="fcc45ec7-f61c-6e24-5090-d07c7193f236">
      <Execution id="737a8a14-333f-4544-9c00-c8b65094e17a" />
      <TestMethod codeBase="C:\Users\hallam\Work\mmm\Testing\Goedel.Cryptography.Test-xunit\bin\Debug\net6.0\Goedel.Cryptography.Test-xunit.dll" adapterTypeName="executor://xunit/VsTestRunner2/netcoreapp" className="Goedel.XUnit.TestLifecycle" name="Test_LifecycleAdmin" />
    </UnitTest>
    <UnitTest name="Goedel.XUnit.TestGoedelCryptography.KeyPairX448AgreeX" storage="c:\users\hallam\work\mmm\testing\goedel.cryptography.test-xunit\bin\debug\net6.0\goedel.cryptography.test-xunit.dll" id="3a4cf5c8-4a2f-976a-228d-eab1202aef75">
      <Execution id="107027e2-b159-41f3-a0ba-517b32c12dad" />
      <TestMethod codeBase="C:\Users\hallam\Work\mmm\Testing\Goedel.Cryptography.Test-xunit\bin\Debug\net6.0\Goedel.Cryptography.Test-xunit.dll" adapterTypeName="executor://xunit/VsTestRunner2/netcoreapp" className="Goedel.XUnit.TestGoedelCryptography" name="KeyPairX448AgreeX" />
    </UnitTest>
    <UnitTest name="Goedel.XUnit.TestService.MeshDeviceConnectPIN" storage="c:\users\hallam\work\mmm\testing\goedel.mesh.protocol.test-xunit\bin\debug\net6.0\goedel.mesh.protocol.test-xunit.dll" id="f1f747fc-8dbc-9745-a7be-bb414bba91d3">
      <Execution id="473193e1-1896-45a5-b5f3-a85f011616cf" />
      <TestMethod codeBase="C:\Users\hallam\Work\mmm\Testing\Goedel.Mesh.Protocol.Test-xunit\bin\Debug\net6.0\Goedel.Mesh.Protocol.Test-xunit.dll" adapterTypeName="executor://xunit/VsTestRunner2/netcoreapp" className="Goedel.XUnit.TestService" name="MeshDeviceConnectPIN" />
    </UnitTest>
    <UnitTest name="Goedel.XUnit.ShellTestsAdmin.TestKey(bits: 128)" storage="c:\users\hallam\work\mmm\testing\goedel.mesh.shell.test-xunit\bin\debug\net6.0\goedel.mesh.shell.test-xunit.dll" id="c7a6d154-2d89-0534-49ab-318600d456be">
      <Execution id="2d8528c3-d4a4-477a-92c1-bdc9517b7091" />
      <TestMethod codeBase="C:\Users\hallam\Work\mmm\Testing\Goedel.Mesh.Shell.Test-xunit\bin\Debug\net6.0\Goedel.Mesh.Shell.Test-xunit.dll" adapterTypeName="executor://xunit/VsTestRunner2/netcoreapp" className="Goedel.XUnit.ShellTestsAdmin" name="TestKey" />
    </UnitTest>
    <UnitTest name="Goedel.XUnit.ShellTestsAdmin.TestProfileConnectPinReused" storage="c:\users\hallam\work\mmm\testing\goedel.mesh.shell.test-xunit\bin\debug\net6.0\goedel.mesh.shell.test-xunit.dll" id="b1e99408-4481-0f46-a2ee-1a39680eb9b8">
      <Execution id="991a3060-8a17-4648-91dd-1bde5de152f5" />
      <TestMethod codeBase="C:\Users\hallam\Work\mmm\Testing\Goedel.Mesh.Shell.Test-xunit\bin\Debug\net6.0\Goedel.Mesh.Shell.Test-xunit.dll" adapterTypeName="executor://xunit/VsTestRunner2/netcoreapp" className="Goedel.XUnit.ShellTestsAdmin" name="TestProfileConnectPinReused" />
    </UnitTest>
    <UnitTest name="Goedel.XUnit.TestService.PrivateKeyRoundTrip(cryptoAlgorithmId: X25519, round: 0)" storage="c:\users\hallam\work\mmm\testing\goedel.mesh.protocol.test-xunit\bin\debug\net6.0\goedel.mesh.protocol.test-xunit.dll" id="1c58a7c1-1d43-0699-aac3-7cf390bc2e29">
      <Execution id="f72d5399-21e4-456f-bae1-5af56bbf7294" />
      <TestMethod codeBase="C:\Users\hallam\Work\mmm\Testing\Goedel.Mesh.Protocol.Test-xunit\bin\Debug\net6.0\Goedel.Mesh.Protocol.Test-xunit.dll" adapterTypeName="executor://xunit/VsTestRunner2/netcoreapp" className="Goedel.XUnit.TestService" name="PrivateKeyRoundTrip" />
    </UnitTest>
    <UnitTest name="Goedel.XUnit.TestCryptographyJose.Test_Write_RSA_Public" storage="c:\users\hallam\work\mmm\testing\goedel.cryptography.jose.test-xunit\bin\debug\net6.0\goedel.cryptography.jose.test-xunit.dll" id="f00da342-8a03-5c71-80fd-7c18e380176b">
      <Execution id="6bc5af44-fd87-4865-a7f4-02d5368d875a" />
      <TestMethod codeBase="C:\Users\hallam\Work\mmm\Testing\Goedel.Cryptography.Jose.Test-xunit\bin\Debug\net6.0\Goedel.Cryptography.Jose.Test-xunit.dll" adapterTypeName="executor://xunit/VsTestRunner2/netcoreapp" className="Goedel.XUnit.TestCryptographyJose" name="Test_Write_RSA_Public" />
    </UnitTest>
    <UnitTest name="Goedel.XUnit.ShellTests.TestKey(bits: 0)" storage="c:\users\hallam\work\mmm\testing\goedel.mesh.shell.test-xunit\bin\debug\net6.0\goedel.mesh.shell.test-xunit.dll" id="31afd403-33a9-9ed4-cbef-37bab6ca9b7f">
      <Execution id="65ae1911-13ef-4656-a16d-bda7d03668b4" />
      <TestMethod codeBase="C:\Users\hallam\Work\mmm\Testing\Goedel.Mesh.Shell.Test-xunit\bin\Debug\net6.0\Goedel.Mesh.Shell.Test-xunit.dll" adapterTypeName="executor://xunit/VsTestRunner2/netcoreapp" className="Goedel.XUnit.ShellTests" name="TestKey" />
    </UnitTest>
    <UnitTest name="Goedel.XUnit.ShellTestsAdmin.TestFileEncrypt" storage="c:\users\hallam\work\mmm\testing\goedel.mesh.shell.test-xunit\bin\debug\net6.0\goedel.mesh.shell.test-xunit.dll" id="2608adf3-3ffc-c3a1-addf-26f3f5b978ba">
      <Execution id="843effd0-334e-467c-8673-1b27a4fce414" />
      <TestMethod codeBase="C:\Users\hallam\Work\mmm\Testing\Goedel.Mesh.Shell.Test-xunit\bin\Debug\net6.0\Goedel.Mesh.Shell.Test-xunit.dll" adapterTypeName="executor://xunit/VsTestRunner2/netcoreapp" className="Goedel.XUnit.ShellTestsAdmin" name="TestFileEncrypt" />
    </UnitTest>
    <UnitTest name="Goedel.XUnit.TestSplit.TestKeyShare(bits: 512, hexData: null)" storage="c:\users\hallam\work\mmm\testing\goedel.cryptography.test-xunit\bin\debug\net6.0\goedel.cryptography.test-xunit.dll" id="f744d0eb-70ef-57e4-e51c-7c055eef44a0">
      <Execution id="2c55c4e1-aadd-4f4d-be10-c740963d2a95" />
      <TestMethod codeBase="C:\Users\hallam\Work\mmm\Testing\Goedel.Cryptography.Test-xunit\bin\Debug\net6.0\Goedel.Cryptography.Test-xunit.dll" adapterTypeName="executor://xunit/VsTestRunner2/netcoreapp" className="Goedel.XUnit.TestSplit" name="TestKeyShare" />
    </UnitTest>
    <UnitTest name="Goedel.XUnit.TestService.TestCredentialDeviceFails(dataValidity: CorruptDigest)" storage="c:\users\hallam\work\mmm\testing\goedel.mesh.protocol.test-xunit\bin\debug\net6.0\goedel.mesh.protocol.test-xunit.dll" id="e4e90753-a902-66f2-1393-c5e55a4ee432">
      <Execution id="02b44989-5811-4a30-9cbe-bdc0638ea72a" />
      <TestMethod codeBase="C:\Users\hallam\Work\mmm\Testing\Goedel.Mesh.Protocol.Test-xunit\bin\Debug\net6.0\Goedel.Mesh.Protocol.Test-xunit.dll" adapterTypeName="executor://xunit/VsTestRunner2/netcoreapp" className="Goedel.XUnit.TestService" name="TestCredentialDeviceFails" />
    </UnitTest>
    <UnitTest name="Goedel.XUnit.TestService.TestCredentialDeviceFails(dataValidity: CorruptSigner)" storage="c:\users\hallam\work\mmm\testing\goedel.mesh.protocol.test-xunit\bin\debug\net6.0\goedel.mesh.protocol.test-xunit.dll" id="70026bda-0bd2-4726-310d-d1ee9ecd1731">
      <Execution id="be9db347-8c85-4950-837d-675dedf99a89" />
      <TestMethod codeBase="C:\Users\hallam\Work\mmm\Testing\Goedel.Mesh.Protocol.Test-xunit\bin\Debug\net6.0\Goedel.Mesh.Protocol.Test-xunit.dll" adapterTypeName="executor://xunit/VsTestRunner2/netcoreapp" className="Goedel.XUnit.TestService" name="TestCredentialDeviceFails" />
    </UnitTest>
    <UnitTest name="Goedel.XUnit.ShellTests.TestMessageContactInPerson" storage="c:\users\hallam\work\mmm\testing\goedel.mesh.shell.test-xunit\bin\debug\net6.0\goedel.mesh.shell.test-xunit.dll" id="834c9f13-c570-f82d-8a22-afc049b5391c">
      <Execution id="165a8869-c604-4334-8c11-cc0cb67556a4" />
      <TestMethod codeBase="C:\Users\hallam\Work\mmm\Testing\Goedel.Mesh.Shell.Test-xunit\bin\Debug\net6.0\Goedel.Mesh.Shell.Test-xunit.dll" adapterTypeName="executor://xunit/VsTestRunner2/netcoreapp" className="Goedel.XUnit.ShellTests" name="TestMessageContactInPerson" />
    </UnitTest>
    <UnitTest name="Goedel.XUnit.TestService.KeyShareTestCapability(cryptoAlgorithmId: X448)" storage="c:\users\hallam\work\mmm\testing\goedel.mesh.protocol.test-xunit\bin\debug\net6.0\goedel.mesh.protocol.test-xunit.dll" id="54791548-e783-bb17-411b-136c9f90c805">
      <Execution id="dff4e7e4-5506-41a3-90fc-01b428a63280" />
      <TestMethod codeBase="C:\Users\hallam\Work\mmm\Testing\Goedel.Mesh.Protocol.Test-xunit\bin\Debug\net6.0\Goedel.Mesh.Protocol.Test-xunit.dll" adapterTypeName="executor://xunit/VsTestRunner2/netcoreapp" className="Goedel.XUnit.TestService" name="KeyShareTestCapability" />
    </UnitTest>
    <UnitTest name="Goedel.XUnit.TestService.KeyShareTestDirect(cryptoAlgorithmId: Ed448)" storage="c:\users\hallam\work\mmm\testing\goedel.mesh.protocol.test-xunit\bin\debug\net6.0\goedel.mesh.protocol.test-xunit.dll" id="d6c45cee-a007-7f7b-10be-9c0646eb88c9">
      <Execution id="4d960682-8ee9-4862-848b-6b6cfafb965a" />
      <TestMethod codeBase="C:\Users\hallam\Work\mmm\Testing\Goedel.Mesh.Protocol.Test-xunit\bin\Debug\net6.0\Goedel.Mesh.Protocol.Test-xunit.dll" adapterTypeName="executor://xunit/VsTestRunner2/netcoreapp" className="Goedel.XUnit.TestService" name="KeyShareTestDirect" />
    </UnitTest>
    <UnitTest name="Goedel.XUnit.TestService.TestCredentialAccountFails(dataValidity: CorruptDigest)" storage="c:\users\hallam\work\mmm\testing\goedel.mesh.protocol.test-xunit\bin\debug\net6.0\goedel.mesh.protocol.test-xunit.dll" id="995ddb05-7e5e-b50a-356d-f40e0d0b87a2">
      <Execution id="bbc3d9c3-5899-4601-b14b-21a243be7bf2" />
      <TestMethod codeBase="C:\Users\hallam\Work\mmm\Testing\Goedel.Mesh.Protocol.Test-xunit\bin\Debug\net6.0\Goedel.Mesh.Protocol.Test-xunit.dll" adapterTypeName="executor://xunit/VsTestRunner2/netcoreapp" className="Goedel.XUnit.TestService" name="TestCredentialAccountFails" />
    </UnitTest>
    <UnitTest name="Goedel.XUnit.TestDare.EnvelopePlaintextJSON" storage="c:\users\hallam\work\mmm\testing\goedel.cryptography.dare.test-xunit\bin\debug\net6.0\goedel.cryptography.dare.test-xunit.dll" id="589b910c-5669-c9d0-00ad-d89ea367086f">
      <Execution id="94975643-58d5-4e61-9414-f0d8618ee381" />
      <TestMethod codeBase="C:\Users\hallam\Work\mmm\Testing\Goedel.Cryptography.Dare.Test-xunit\bin\Debug\net6.0\Goedel.Cryptography.Dare.Test-xunit.dll" adapterTypeName="executor://xunit/VsTestRunner2/netcoreapp" className="Goedel.XUnit.TestDare" name="EnvelopePlaintextJSON" />
    </UnitTest>
    <UnitTest name="Goedel.XUnit.TestLifecycle.Test_LifecycleExportable(CryptoAlgorithmID: X448, KeySize: 2048)" storage="c:\users\hallam\work\mmm\testing\goedel.cryptography.test-xunit\bin\debug\net6.0\goedel.cryptography.test-xunit.dll" id="118fdf16-e91f-8aca-8ba4-639f38b337a8">
      <Execution id="2b2375bc-2132-4d31-8dab-bd17e4d48d73" />
      <TestMethod codeBase="C:\Users\hallam\Work\mmm\Testing\Goedel.Cryptography.Test-xunit\bin\Debug\net6.0\Goedel.Cryptography.Test-xunit.dll" adapterTypeName="executor://xunit/VsTestRunner2/netcoreapp" className="Goedel.XUnit.TestLifecycle" name="Test_LifecycleExportable" />
    </UnitTest>
    <UnitTest name="Goedel.XUnit.ShellTestsAdmin.TestMessageContactRemote" storage="c:\users\hallam\work\mmm\testing\goedel.mesh.shell.test-xunit\bin\debug\net6.0\goedel.mesh.shell.test-xunit.dll" id="83e60ba4-fbd3-a8e5-8e0e-5ba01d3994b9">
      <Execution id="2c34355f-329e-489d-a213-61ca6d5bc05b" />
      <TestMethod codeBase="C:\Users\hallam\Work\mmm\Testing\Goedel.Mesh.Shell.Test-xunit\bin\Debug\net6.0\Goedel.Mesh.Shell.Test-xunit.dll" adapterTypeName="executor://xunit/VsTestRunner2/netcoreapp" className="Goedel.XUnit.ShellTestsAdmin" name="TestMessageContactRemote" />
    </UnitTest>
    <UnitTest name="Goedel.XUnit.ShellTestsAdmin.TestCreateDevice" storage="c:\users\hallam\work\mmm\testing\goedel.mesh.shell.test-xunit\bin\debug\net6.0\goedel.mesh.shell.test-xunit.dll" id="26a85dc6-2ff1-0c57-a8a7-14270e7c2c5a">
      <Execution id="ac441eff-5332-4bd9-a869-ad5d226a14a3" />
      <TestMethod codeBase="C:\Users\hallam\Work\mmm\Testing\Goedel.Mesh.Shell.Test-xunit\bin\Debug\net6.0\Goedel.Mesh.Shell.Test-xunit.dll" adapterTypeName="executor://xunit/VsTestRunner2/netcoreapp" className="Goedel.XUnit.ShellTestsAdmin" name="TestCreateDevice" />
    </UnitTest>
    <UnitTest name="Goedel.XUnit.ShellTestsAdmin.TestProfileConnectStaticQR" storage="c:\users\hallam\work\mmm\testing\goedel.mesh.shell.test-xunit\bin\debug\net6.0\goedel.mesh.shell.test-xunit.dll" id="99eb8fbf-9d34-b96a-b4ca-8d17a2864212">
      <Execution id="7bdb65d0-89b4-40d5-94b7-9889486b6771" />
      <TestMethod codeBase="C:\Users\hallam\Work\mmm\Testing\Goedel.Mesh.Shell.Test-xunit\bin\Debug\net6.0\Goedel.Mesh.Shell.Test-xunit.dll" adapterTypeName="executor://xunit/VsTestRunner2/netcoreapp" className="Goedel.XUnit.ShellTestsAdmin" name="TestProfileConnectStaticQR" />
    </UnitTest>
    <UnitTest name="Goedel.XUnit.KeyFileTest.TestWritePEMRSA" storage="c:\users\hallam\work\mmm\testing\goedel.cryptography.keyfile.test-xunit\bin\debug\net6.0\goedel.cryptography.keyfile.test-xunit.dll" id="06b1e89e-d2c4-5c0d-4a67-f48b1a33288c">
      <Execution id="19c10fdc-bd04-4830-afd2-b664703cf613" />
      <TestMethod codeBase="C:\Users\hallam\Work\mmm\Testing\Goedel.Cryptography.Keyfile.Test-xunit\bin\Debug\net6.0\Goedel.Cryptography.Keyfile.Test-xunit.dll" adapterTypeName="executor://xunit/VsTestRunner2/netcoreapp" className="Goedel.XUnit.KeyFileTest" name="TestWritePEMRSA" />
    </UnitTest>
    <UnitTest name="Goedel.XUnit.ShellTests.TestCommitmentRandom" storage="c:\users\hallam\work\mmm\testing\goedel.mesh.shell.test-xunit\bin\debug\net6.0\goedel.mesh.shell.test-xunit.dll" id="6f6b82f8-ebd8-029a-4048-4f1c46c47a05">
      <Execution id="1511dd7d-16ac-4fe3-a646-4cf1135aa9ad" />
      <TestMethod codeBase="C:\Users\hallam\Work\mmm\Testing\Goedel.Mesh.Shell.Test-xunit\bin\Debug\net6.0\Goedel.Mesh.Shell.Test-xunit.dll" adapterTypeName="executor://xunit/VsTestRunner2/netcoreapp" className="Goedel.XUnit.ShellTests" name="TestCommitmentRandom" />
    </UnitTest>
    <UnitTest name="Goedel.XUnit.TestGoedelCryptography.Ed448RecoverX" storage="c:\users\hallam\work\mmm\testing\goedel.cryptography.test-xunit\bin\debug\net6.0\goedel.cryptography.test-xunit.dll" id="3bc43295-b01e-3113-6938-02992c222c79">
      <Execution id="dd80158f-7bbc-4fbb-adf5-345336aed580" />
      <TestMethod codeBase="C:\Users\hallam\Work\mmm\Testing\Goedel.Cryptography.Test-xunit\bin\Debug\net6.0\Goedel.Cryptography.Test-xunit.dll" adapterTypeName="executor://xunit/VsTestRunner2/netcoreapp" className="Goedel.XUnit.TestGoedelCryptography" name="Ed448RecoverX" />
    </UnitTest>
    <UnitTest name="Goedel.XUnit.TestGoedelCryptography.X448TV1" storage="c:\users\hallam\work\mmm\testing\goedel.cryptography.test-xunit\bin\debug\net6.0\goedel.cryptography.test-xunit.dll" id="f0c2598c-ccbd-9c51-64af-fec4d6693d06">
      <Execution id="7fb54774-8275-48aa-9c48-85e6b966d65a" />
      <TestMethod codeBase="C:\Users\hallam\Work\mmm\Testing\Goedel.Cryptography.Test-xunit\bin\Debug\net6.0\Goedel.Cryptography.Test-xunit.dll" adapterTypeName="executor://xunit/VsTestRunner2/netcoreapp" className="Goedel.XUnit.TestGoedelCryptography" name="X448TV1" />
    </UnitTest>
    <UnitTest name="Goedel.XUnit.TestSplit.TestShares(N: 12, K: 2)" storage="c:\users\hallam\work\mmm\testing\goedel.cryptography.test-xunit\bin\debug\net6.0\goedel.cryptography.test-xunit.dll" id="d0685103-213f-5a9e-f416-db56c9db9588">
      <Execution id="135b59ab-2172-4cb8-9917-7b9a19a77d4f" />
      <TestMethod codeBase="C:\Users\hallam\Work\mmm\Testing\Goedel.Cryptography.Test-xunit\bin\Debug\net6.0\Goedel.Cryptography.Test-xunit.dll" adapterTypeName="executor://xunit/VsTestRunner2/netcoreapp" className="Goedel.XUnit.TestSplit" name="TestShares" />
    </UnitTest>
    <UnitTest name="Goedel.XUnit.TestDare.EnvelopeEncrypted" storage="c:\users\hallam\work\mmm\testing\goedel.cryptography.dare.test-xunit\bin\debug\net6.0\goedel.cryptography.dare.test-xunit.dll" id="1f77af7d-3a48-9afe-d028-6f0a751f90c5">
      <Execution id="930e1f60-7a60-4ebc-b932-1cdf74f966eb" />
      <TestMethod codeBase="C:\Users\hallam\Work\mmm\Testing\Goedel.Cryptography.Dare.Test-xunit\bin\Debug\net6.0\Goedel.Cryptography.Dare.Test-xunit.dll" adapterTypeName="executor://xunit/VsTestRunner2/netcoreapp" className="Goedel.XUnit.TestDare" name="EnvelopeEncrypted" />
    </UnitTest>
    <UnitTest name="Goedel.XUnit.TestJBCD.TestJBCDStream(FileName: &quot;JBCD0.jbcd&quot;, Records: 0, MaxSize: 0)" storage="c:\users\hallam\work\mmm\testing\goedel.cryptography.dare.test-xunit\bin\debug\net6.0\goedel.cryptography.dare.test-xunit.dll" id="80b61304-a2d6-3dee-3e45-978332370a2d">
      <Execution id="452440e2-7560-48e0-940b-ad934ba272f4" />
      <TestMethod codeBase="C:\Users\hallam\Work\mmm\Testing\Goedel.Cryptography.Dare.Test-xunit\bin\Debug\net6.0\Goedel.Cryptography.Dare.Test-xunit.dll" adapterTypeName="executor://xunit/VsTestRunner2/netcoreapp" className="Goedel.XUnit.TestJBCD" name="TestJBCDStream" />
    </UnitTest>
    <UnitTest name="Goedel.XUnit.TestGoedelCryptography.TestSHA_NIST_Streamed" storage="c:\users\hallam\work\mmm\testing\goedel.cryptography.test-xunit\bin\debug\net6.0\goedel.cryptography.test-xunit.dll" id="1e7c79a3-e21e-f967-e414-17f12e9860ee">
      <Execution id="f3f91c0b-d93c-4d22-bb28-bb77b4402d48" />
      <TestMethod codeBase="C:\Users\hallam\Work\mmm\Testing\Goedel.Cryptography.Test-xunit\bin\Debug\net6.0\Goedel.Cryptography.Test-xunit.dll" adapterTypeName="executor://xunit/VsTestRunner2/netcoreapp" className="Goedel.XUnit.TestGoedelCryptography" name="TestSHA_NIST_Streamed" />
    </UnitTest>
    <UnitTest name="Goedel.XUnit.TestSplit.TestKeyShare(bits: 32, hexData: &quot;10000000&quot;)" storage="c:\users\hallam\work\mmm\testing\goedel.cryptography.test-xunit\bin\debug\net6.0\goedel.cryptography.test-xunit.dll" id="fbdaad43-059b-11b9-6b59-ab871bbb65f9">
      <Execution id="5e241a73-cd49-4f39-97f6-95c1ab74c645" />
      <TestMethod codeBase="C:\Users\hallam\Work\mmm\Testing\Goedel.Cryptography.Test-xunit\bin\Debug\net6.0\Goedel.Cryptography.Test-xunit.dll" adapterTypeName="executor://xunit/VsTestRunner2/netcoreapp" className="Goedel.XUnit.TestSplit" name="TestKeyShare" />
    </UnitTest>
    <UnitTest name="Goedel.XUnit.TestGoedelCryptography.CombineCurveX4482" storage="c:\users\hallam\work\mmm\testing\goedel.cryptography.test-xunit\bin\debug\net6.0\goedel.cryptography.test-xunit.dll" id="2ded0ce2-8c70-1721-33d6-7c4b610c2ad5">
      <Execution id="fe0cfdca-f362-4460-97fa-05a18f22bd6d" />
      <TestMethod codeBase="C:\Users\hallam\Work\mmm\Testing\Goedel.Cryptography.Test-xunit\bin\Debug\net6.0\Goedel.Cryptography.Test-xunit.dll" adapterTypeName="executor://xunit/VsTestRunner2/netcoreapp" className="Goedel.XUnit.TestGoedelCryptography" name="CombineCurveX4482" />
    </UnitTest>
    <UnitTest name="Goedel.XUnit.TestService.MeshDeviceDirectKey" storage="c:\users\hallam\work\mmm\testing\goedel.mesh.protocol.test-xunit\bin\debug\net6.0\goedel.mesh.protocol.test-xunit.dll" id="f3b34b45-ce1b-6b60-00e3-5fb8a0cf2c10">
      <Execution id="0a635fe9-54d4-4738-a510-855feb50e193" />
      <TestMethod codeBase="C:\Users\hallam\Work\mmm\Testing\Goedel.Mesh.Protocol.Test-xunit\bin\Debug\net6.0\Goedel.Mesh.Protocol.Test-xunit.dll" adapterTypeName="executor://xunit/VsTestRunner2/netcoreapp" className="Goedel.XUnit.TestService" name="MeshDeviceDirectKey" />
    </UnitTest>
    <UnitTest name="Goedel.XUnit.TestCryptographyJose.RoundTripKeyExportable(cryptoAlgorithmID: Exchange)" storage="c:\users\hallam\work\mmm\testing\goedel.cryptography.jose.test-xunit\bin\debug\net6.0\goedel.cryptography.jose.test-xunit.dll" id="fee94b7a-6b91-e6e3-e4cd-950139025bf9">
      <Execution id="ed839bc8-f526-4da2-bc41-30d292cd65b4" />
      <TestMethod codeBase="C:\Users\hallam\Work\mmm\Testing\Goedel.Cryptography.Jose.Test-xunit\bin\Debug\net6.0\Goedel.Cryptography.Jose.Test-xunit.dll" adapterTypeName="executor://xunit/VsTestRunner2/netcoreapp" className="Goedel.XUnit.TestCryptographyJose" name="RoundTripKeyExportable" />
    </UnitTest>
    <UnitTest name="Goedel.XUnit.TestSplit.TestShares(N: 11, K: 2)" storage="c:\users\hallam\work\mmm\testing\goedel.cryptography.test-xunit\bin\debug\net6.0\goedel.cryptography.test-xunit.dll" id="92933264-f097-6813-3f11-55ca72c5af04">
      <Execution id="1173415c-6835-4706-a426-d7badc207543" />
      <TestMethod codeBase="C:\Users\hallam\Work\mmm\Testing\Goedel.Cryptography.Test-xunit\bin\Debug\net6.0\Goedel.Cryptography.Test-xunit.dll" adapterTypeName="executor://xunit/VsTestRunner2/netcoreapp" className="Goedel.XUnit.TestSplit" name="TestShares" />
    </UnitTest>
    <UnitTest name="Goedel.XUnit.TestCryptography.TestDH_ReadKey" storage="c:\users\hallam\work\mmm\testing\goedel.cryptography.test-xunit\bin\debug\net6.0\goedel.cryptography.test-xunit.dll" id="88ed7c87-6a65-36f3-363b-a22f4ac821e8">
      <Execution id="94a32d01-dbd2-4375-8d16-e7e85efeb177" />
      <TestMethod codeBase="C:\Users\hallam\Work\mmm\Testing\Goedel.Cryptography.Test-xunit\bin\Debug\net6.0\Goedel.Cryptography.Test-xunit.dll" adapterTypeName="executor://xunit/VsTestRunner2/netcoreapp" className="Goedel.XUnit.TestCryptography" name="TestDH_ReadKey" />
    </UnitTest>
    <UnitTest name="Goedel.XUnit.TestContainers.ContainerTest0" storage="c:\users\hallam\work\mmm\testing\goedel.cryptography.dare.test-xunit\bin\debug\net6.0\goedel.cryptography.dare.test-xunit.dll" id="5f1cecf0-15f1-e7ce-01fe-9567aa30e9d2">
      <Execution id="b15bafaf-1d1d-4f5a-b8c5-a62e0474695d" />
      <TestMethod codeBase="C:\Users\hallam\Work\mmm\Testing\Goedel.Cryptography.Dare.Test-xunit\bin\Debug\net6.0\Goedel.Cryptography.Dare.Test-xunit.dll" adapterTypeName="executor://xunit/VsTestRunner2/netcoreapp" className="Goedel.XUnit.TestContainers" name="ContainerTest0" />
    </UnitTest>
    <UnitTest name="Goedel.XUnit.TestService.MeshCreateAdmin" storage="c:\users\hallam\work\mmm\testing\goedel.mesh.protocol.test-xunit\bin\debug\net6.0\goedel.mesh.protocol.test-xunit.dll" id="de5442f5-2078-23ad-ec5c-33fe4ade363f">
      <Execution id="f49ba815-d6ae-4816-a6dd-6669bb8b8ac9" />
      <TestMethod codeBase="C:\Users\hallam\Work\mmm\Testing\Goedel.Mesh.Protocol.Test-xunit\bin\Debug\net6.0\Goedel.Mesh.Protocol.Test-xunit.dll" adapterTypeName="executor://xunit/VsTestRunner2/netcoreapp" className="Goedel.XUnit.TestService" name="MeshCreateAdmin" />
    </UnitTest>
    <UnitTest name="Goedel.XUnit.TestContainers.ContainerTestEncrypted" storage="c:\users\hallam\work\mmm\testing\goedel.cryptography.dare.test-xunit\bin\debug\net6.0\goedel.cryptography.dare.test-xunit.dll" id="7c43b13e-8eb5-42ed-0240-fd6f72e3d557">
      <Execution id="87ee99bc-7d48-4f04-8269-cf8c90804278" />
      <TestMethod codeBase="C:\Users\hallam\Work\mmm\Testing\Goedel.Cryptography.Dare.Test-xunit\bin\Debug\net6.0\Goedel.Cryptography.Dare.Test-xunit.dll" adapterTypeName="executor://xunit/VsTestRunner2/netcoreapp" className="Goedel.XUnit.TestContainers" name="ContainerTestEncrypted" />
    </UnitTest>
    <UnitTest name="Goedel.XUnit.ShellTests.TestProfileConnectPinInvalid" storage="c:\users\hallam\work\mmm\testing\goedel.mesh.shell.test-xunit\bin\debug\net6.0\goedel.mesh.shell.test-xunit.dll" id="13281e08-4188-1c96-6c32-ca0fff2750f5">
      <Execution id="c7b9852f-f317-4244-8853-7e1c7b6215ba" />
      <TestMethod codeBase="C:\Users\hallam\Work\mmm\Testing\Goedel.Mesh.Shell.Test-xunit\bin\Debug\net6.0\Goedel.Mesh.Shell.Test-xunit.dll" adapterTypeName="executor://xunit/VsTestRunner2/netcoreapp" className="Goedel.XUnit.ShellTests" name="TestProfileConnectPinInvalid" />
    </UnitTest>
    <UnitTest name="Goedel.XUnit.ShellTestsAdmin.TestProfileCalendar" storage="c:\users\hallam\work\mmm\testing\goedel.mesh.shell.test-xunit\bin\debug\net6.0\goedel.mesh.shell.test-xunit.dll" id="b3d5e5b2-42ce-2148-0258-5a4a7e7a4ece">
      <Execution id="b1761dcc-fd18-43ef-a490-2903fa2fe881" />
      <TestMethod codeBase="C:\Users\hallam\Work\mmm\Testing\Goedel.Mesh.Shell.Test-xunit\bin\Debug\net6.0\Goedel.Mesh.Shell.Test-xunit.dll" adapterTypeName="executor://xunit/VsTestRunner2/netcoreapp" className="Goedel.XUnit.ShellTestsAdmin" name="TestProfileCalendar" />
    </UnitTest>
    <UnitTest name="Goedel.XUnit.TestService.MeshCatalogMultipleDevice" storage="c:\users\hallam\work\mmm\testing\goedel.mesh.protocol.test-xunit\bin\debug\net6.0\goedel.mesh.protocol.test-xunit.dll" id="781e7b04-0f0c-5ef0-d49d-34f35f19cc2d">
      <Execution id="502190ce-eda9-4f3f-aca5-90fc8b32e4b6" />
      <TestMethod codeBase="C:\Users\hallam\Work\mmm\Testing\Goedel.Mesh.Protocol.Test-xunit\bin\Debug\net6.0\Goedel.Mesh.Protocol.Test-xunit.dll" adapterTypeName="executor://xunit/VsTestRunner2/netcoreapp" className="Goedel.XUnit.TestService" name="MeshCatalogMultipleDevice" />
    </UnitTest>
    <UnitTest name="Goedel.XUnit.ShellTests.TestMessageContactBusinessCardFetch" storage="c:\users\hallam\work\mmm\testing\goedel.mesh.shell.test-xunit\bin\debug\net6.0\goedel.mesh.shell.test-xunit.dll" id="44ed9735-6a2b-5953-07b8-77e97a709353">
      <Execution id="ea938434-8047-46d3-9218-7c462bf0733f" />
      <TestMethod codeBase="C:\Users\hallam\Work\mmm\Testing\Goedel.Mesh.Shell.Test-xunit\bin\Debug\net6.0\Goedel.Mesh.Shell.Test-xunit.dll" adapterTypeName="executor://xunit/VsTestRunner2/netcoreapp" className="Goedel.XUnit.ShellTests" name="TestMessageContactBusinessCardFetch" />
    </UnitTest>
    <UnitTest name="Goedel.XUnit.MakeSiteDocs.Recover" storage="c:\users\hallam\work\mmm\testing\test.makesitedocs\bin\debug\net6.0\test.makesitedocs.dll" id="26b3c658-deaa-f6f4-e5bd-8a1d6619ff74">
      <Execution id="c8b28b8c-9fb3-4d49-80fa-d36f3523729c" />
      <TestMethod codeBase="C:\Users\hallam\Work\mmm\Testing\Test.MakeSiteDocs\bin\Debug\net6.0\Test.MakeSiteDocs.dll" adapterTypeName="executor://xunit/VsTestRunner2/netcoreapp" className="Goedel.XUnit.MakeSiteDocs" name="Recover" />
    </UnitTest>
    <UnitTest name="Goedel.XUnit.TestGoedelCryptography.TestEd25519x" storage="c:\users\hallam\work\mmm\testing\goedel.cryptography.test-xunit\bin\debug\net6.0\goedel.cryptography.test-xunit.dll" id="d9255982-49e4-3342-3b82-1ee82b49adc1">
      <Execution id="03044eec-a0d6-47fb-a64b-9d60ca5894aa" />
      <TestMethod codeBase="C:\Users\hallam\Work\mmm\Testing\Goedel.Cryptography.Test-xunit\bin\Debug\net6.0\Goedel.Cryptography.Test-xunit.dll" adapterTypeName="executor://xunit/VsTestRunner2/netcoreapp" className="Goedel.XUnit.TestGoedelCryptography" name="TestEd25519x" />
    </UnitTest>
    <UnitTest name="Goedel.XUnit.TestGoedelCryptography.EncodingTest(iterations: 10, cryptoAlgorithmId: X448)" storage="c:\users\hallam\work\mmm\testing\goedel.cryptography.test-xunit\bin\debug\net6.0\goedel.cryptography.test-xunit.dll" id="e699ddf5-e5fb-7358-c2f6-2ad6b6ce804d">
      <Execution id="24725515-b3c8-4013-9b44-87f870adb24c" />
      <TestMethod codeBase="C:\Users\hallam\Work\mmm\Testing\Goedel.Cryptography.Test-xunit\bin\Debug\net6.0\Goedel.Cryptography.Test-xunit.dll" adapterTypeName="executor://xunit/VsTestRunner2/netcoreapp" className="Goedel.XUnit.TestGoedelCryptography" name="EncodingTest" />
    </UnitTest>
    <UnitTest name="Goedel.XUnit.ShellTestsAdmin.TestProfileConnectDynamicQR" storage="c:\users\hallam\work\mmm\testing\goedel.mesh.shell.test-xunit\bin\debug\net6.0\goedel.mesh.shell.test-xunit.dll" id="efcadf12-e25f-9360-b9dd-81c3486bd0ac">
      <Execution id="1c8562a9-9e28-4d30-9feb-bcfb427fe12f" />
      <TestMethod codeBase="C:\Users\hallam\Work\mmm\Testing\Goedel.Mesh.Shell.Test-xunit\bin\Debug\net6.0\Goedel.Mesh.Shell.Test-xunit.dll" adapterTypeName="executor://xunit/VsTestRunner2/netcoreapp" className="Goedel.XUnit.ShellTestsAdmin" name="TestProfileConnectDynamicQR" />
    </UnitTest>
    <UnitTest name="Goedel.XUnit.GoedelProtocol.TestInstanceB" storage="c:\users\hallam\work\mmm\testing\goedel.protocol.test-xunit\bin\debug\net6.0\goedel.protocol.test-xunit.dll" id="c8fb4ef5-2ab3-807a-2438-b77969096f64">
      <Execution id="406e8e6b-b876-4d2c-a8ea-1ce08162b70d" />
      <TestMethod codeBase="C:\Users\hallam\Work\mmm\Testing\Goedel.Protocol.Test-xunit\bin\Debug\net6.0\Goedel.Protocol.Test-xunit.dll" adapterTypeName="executor://xunit/VsTestRunner2/netcoreapp" className="Goedel.XUnit.GoedelProtocol" name="TestInstanceB" />
    </UnitTest>
    <UnitTest name="Goedel.XUnit.ShellTests.TestRandom(bits: 0)" storage="c:\users\hallam\work\mmm\testing\goedel.mesh.shell.test-xunit\bin\debug\net6.0\goedel.mesh.shell.test-xunit.dll" id="828b4bac-1548-95a3-c2eb-f771114e64c8">
      <Execution id="de4efe65-a18b-4b49-8e7c-ad5d21c91bd8" />
      <TestMethod codeBase="C:\Users\hallam\Work\mmm\Testing\Goedel.Mesh.Shell.Test-xunit\bin\Debug\net6.0\Goedel.Mesh.Shell.Test-xunit.dll" adapterTypeName="executor://xunit/VsTestRunner2/netcoreapp" className="Goedel.XUnit.ShellTests" name="TestRandom" />
    </UnitTest>
    <UnitTest name="Goedel.XUnit.MakeSiteDocs.TestContact" storage="c:\users\hallam\work\mmm\testing\test.makesitedocs\bin\debug\net6.0\test.makesitedocs.dll" id="3fb7df25-c138-035e-8d18-b42ad5937e06">
      <Execution id="bc9a5ea4-e539-4111-9bc6-5c8e0216fa40" />
      <TestMethod codeBase="C:\Users\hallam\Work\mmm\Testing\Test.MakeSiteDocs\bin\Debug\net6.0\Test.MakeSiteDocs.dll" adapterTypeName="executor://xunit/VsTestRunner2/netcoreapp" className="Goedel.XUnit.MakeSiteDocs" name="TestContact" />
    </UnitTest>
    <UnitTest name="Goedel.XUnit.TestService.MeshDeviceConnectStaticQR" storage="c:\users\hallam\work\mmm\testing\goedel.mesh.protocol.test-xunit\bin\debug\net6.0\goedel.mesh.protocol.test-xunit.dll" id="d565fd4f-9495-c158-3e60-a08449d799f1">
      <Execution id="2fda8dff-b0a7-4044-b20c-712b13160084" />
      <TestMethod codeBase="C:\Users\hallam\Work\mmm\Testing\Goedel.Mesh.Protocol.Test-xunit\bin\Debug\net6.0\Goedel.Mesh.Protocol.Test-xunit.dll" adapterTypeName="executor://xunit/VsTestRunner2/netcoreapp" className="Goedel.XUnit.TestService" name="MeshDeviceConnectStaticQR" />
    </UnitTest>
    <UnitTest name="Goedel.XUnit.TestJBCD.TestJBCDStream(FileName: &quot;JBCD1.jbcd&quot;, Records: 1, MaxSize: 0)" storage="c:\users\hallam\work\mmm\testing\goedel.cryptography.dare.test-xunit\bin\debug\net6.0\goedel.cryptography.dare.test-xunit.dll" id="694cbf32-2d0f-522c-a0fb-7329b18bc185">
      <Execution id="9a0eb3fd-836c-4e24-93a1-6f7100d6dc87" />
      <TestMethod codeBase="C:\Users\hallam\Work\mmm\Testing\Goedel.Cryptography.Dare.Test-xunit\bin\Debug\net6.0\Goedel.Cryptography.Dare.Test-xunit.dll" adapterTypeName="executor://xunit/VsTestRunner2/netcoreapp" className="Goedel.XUnit.TestJBCD" name="TestJBCDStream" />
    </UnitTest>
    <UnitTest name="Goedel.XUnit.TestService.TestProfileFails(dataValidity: CorruptPayload)" storage="c:\users\hallam\work\mmm\testing\goedel.mesh.protocol.test-xunit\bin\debug\net6.0\goedel.mesh.protocol.test-xunit.dll" id="1c62490a-9a73-4c46-3bac-372115eddeb6">
      <Execution id="f6fc290d-eda8-4877-bc14-a51c8dc816aa" />
      <TestMethod codeBase="C:\Users\hallam\Work\mmm\Testing\Goedel.Mesh.Protocol.Test-xunit\bin\Debug\net6.0\Goedel.Mesh.Protocol.Test-xunit.dll" adapterTypeName="executor://xunit/VsTestRunner2/netcoreapp" className="Goedel.XUnit.TestService" name="TestProfileFails" />
    </UnitTest>
    <UnitTest name="Goedel.XUnit.TestService.MeshDeviceDeveloper" storage="c:\users\hallam\work\mmm\testing\goedel.mesh.protocol.test-xunit\bin\debug\net6.0\goedel.mesh.protocol.test-xunit.dll" id="6d3ad902-2896-4f95-957c-79f20ca0b036">
      <Execution id="d5292252-2b20-4d00-b039-81a28c4bf25f" />
      <TestMethod codeBase="C:\Users\hallam\Work\mmm\Testing\Goedel.Mesh.Protocol.Test-xunit\bin\Debug\net6.0\Goedel.Mesh.Protocol.Test-xunit.dll" adapterTypeName="executor://xunit/VsTestRunner2/netcoreapp" className="Goedel.XUnit.TestService" name="MeshDeviceDeveloper" />
    </UnitTest>
    <UnitTest name="Goedel.XUnit.TestDare.EnvelopeDigestAtomic" storage="c:\users\hallam\work\mmm\testing\goedel.cryptography.dare.test-xunit\bin\debug\net6.0\goedel.cryptography.dare.test-xunit.dll" id="6b8a8182-efb3-835d-1940-febb1d978c66">
      <Execution id="1c1c380f-7485-4782-84b5-c64120710cca" />
      <TestMethod codeBase="C:\Users\hallam\Work\mmm\Testing\Goedel.Cryptography.Dare.Test-xunit\bin\Debug\net6.0\Goedel.Cryptography.Dare.Test-xunit.dll" adapterTypeName="executor://xunit/VsTestRunner2/netcoreapp" className="Goedel.XUnit.TestDare" name="EnvelopeDigestAtomic" />
    </UnitTest>
    <UnitTest name="Goedel.XUnit.ShellTestsAdmin.TestEscrowDeleteDevice" storage="c:\users\hallam\work\mmm\testing\goedel.mesh.shell.test-xunit\bin\debug\net6.0\goedel.mesh.shell.test-xunit.dll" id="c135980d-8053-b417-1abd-cdb9e755e79a">
      <Execution id="42ff452a-7027-4c82-90c6-2a98bcb13645" />
      <TestMethod codeBase="C:\Users\hallam\Work\mmm\Testing\Goedel.Mesh.Shell.Test-xunit\bin\Debug\net6.0\Goedel.Mesh.Shell.Test-xunit.dll" adapterTypeName="executor://xunit/VsTestRunner2/netcoreapp" className="Goedel.XUnit.ShellTestsAdmin" name="TestEscrowDeleteDevice" />
    </UnitTest>
    <UnitTest name="Goedel.XUnit.TestGoedelCryptography.X448SignedMultiply(totalIn: 1000, partIn: 500)" storage="c:\users\hallam\work\mmm\testing\goedel.cryptography.test-xunit\bin\debug\net6.0\goedel.cryptography.test-xunit.dll" id="237a597c-752b-5e3f-1ac2-90af436e69d6">
      <Execution id="0a653fd5-a20c-46f4-85c0-ccf4864d78cb" />
      <TestMethod codeBase="C:\Users\hallam\Work\mmm\Testing\Goedel.Cryptography.Test-xunit\bin\Debug\net6.0\Goedel.Cryptography.Test-xunit.dll" adapterTypeName="executor://xunit/VsTestRunner2/netcoreapp" className="Goedel.XUnit.TestGoedelCryptography" name="X448SignedMultiply" />
    </UnitTest>
    <UnitTest name="Goedel.XUnit.ShellTestsAdmin.TestKey(bits: 512)" storage="c:\users\hallam\work\mmm\testing\goedel.mesh.shell.test-xunit\bin\debug\net6.0\goedel.mesh.shell.test-xunit.dll" id="4ddd1b61-9f42-7ed7-ed5a-5cab44e80eb4">
      <Execution id="151bef7a-87ca-4962-99cf-8433da189a07" />
      <TestMethod codeBase="C:\Users\hallam\Work\mmm\Testing\Goedel.Mesh.Shell.Test-xunit\bin\Debug\net6.0\Goedel.Mesh.Shell.Test-xunit.dll" adapterTypeName="executor://xunit/VsTestRunner2/netcoreapp" className="Goedel.XUnit.ShellTestsAdmin" name="TestKey" />
    </UnitTest>
    <UnitTest name="Goedel.XUnit.TestLifecycle.Test_LifecycleMaster(CryptoAlgorithmID: Signature, KeySize: 2048)" storage="c:\users\hallam\work\mmm\testing\goedel.cryptography.test-xunit\bin\debug\net6.0\goedel.cryptography.test-xunit.dll" id="31c91a87-e417-437b-bc04-0e2691caafff">
      <Execution id="6ce9fe3d-ce73-47a8-9d2e-8cda983597d9" />
      <TestMethod codeBase="C:\Users\hallam\Work\mmm\Testing\Goedel.Cryptography.Test-xunit\bin\Debug\net6.0\Goedel.Cryptography.Test-xunit.dll" adapterTypeName="executor://xunit/VsTestRunner2/netcoreapp" className="Goedel.XUnit.TestLifecycle" name="Test_LifecycleMaster" />
    </UnitTest>
    <UnitTest name="Goedel.XUnit.ShellTestsAdmin.TestMessageConfirmationAccept" storage="c:\users\hallam\work\mmm\testing\goedel.mesh.shell.test-xunit\bin\debug\net6.0\goedel.mesh.shell.test-xunit.dll" id="23393176-bc84-7b8c-24c6-da3a87035b4a">
      <Execution id="f95ee636-9d2e-4c4d-a2cd-1b77063f1f93" />
      <TestMethod codeBase="C:\Users\hallam\Work\mmm\Testing\Goedel.Mesh.Shell.Test-xunit\bin\Debug\net6.0\Goedel.Mesh.Shell.Test-xunit.dll" adapterTypeName="executor://xunit/VsTestRunner2/netcoreapp" className="Goedel.XUnit.ShellTestsAdmin" name="TestMessageConfirmationAccept" />
    </UnitTest>
    <UnitTest name="Goedel.XUnit.ShellTestsAdmin.TestMessageContactBusinessCardReject" storage="c:\users\hallam\work\mmm\testing\goedel.mesh.shell.test-xunit\bin\debug\net6.0\goedel.mesh.shell.test-xunit.dll" id="4549c39f-2e3f-b4f3-98ad-20340bb8f6bc">
      <Execution id="cd1e2904-e1e9-4cfe-baab-c5827eaf76b3" />
      <TestMethod codeBase="C:\Users\hallam\Work\mmm\Testing\Goedel.Mesh.Shell.Test-xunit\bin\Debug\net6.0\Goedel.Mesh.Shell.Test-xunit.dll" adapterTypeName="executor://xunit/VsTestRunner2/netcoreapp" className="Goedel.XUnit.ShellTestsAdmin" name="TestMessageContactBusinessCardReject" />
    </UnitTest>
    <UnitTest name="Goedel.XUnit.ShellTests.TestProfileMail" storage="c:\users\hallam\work\mmm\testing\goedel.mesh.shell.test-xunit\bin\debug\net6.0\goedel.mesh.shell.test-xunit.dll" id="640d4688-07b8-6c90-17e6-f2e40e7f2b71">
      <Execution id="84e83ea3-9502-4af7-9cf7-4b06a742d34c" />
      <TestMethod codeBase="C:\Users\hallam\Work\mmm\Testing\Goedel.Mesh.Shell.Test-xunit\bin\Debug\net6.0\Goedel.Mesh.Shell.Test-xunit.dll" adapterTypeName="executor://xunit/VsTestRunner2/netcoreapp" className="Goedel.XUnit.ShellTests" name="TestProfileMail" />
    </UnitTest>
    <UnitTest name="Goedel.XUnit.TestLifecycle.Test_LifecycleDevice(CryptoAlgorithmID: EdDSA, KeySize: 2048)" storage="c:\users\hallam\work\mmm\testing\goedel.cryptography.test-xunit\bin\debug\net6.0\goedel.cryptography.test-xunit.dll" id="a3d34060-30aa-e365-60d6-1f295e0e6d6f">
      <Execution id="80d3d993-916d-4388-80b6-984ef5e45175" />
      <TestMethod codeBase="C:\Users\hallam\Work\mmm\Testing\Goedel.Cryptography.Test-xunit\bin\Debug\net6.0\Goedel.Cryptography.Test-xunit.dll" adapterTypeName="executor://xunit/VsTestRunner2/netcoreapp" className="Goedel.XUnit.TestLifecycle" name="Test_LifecycleDevice" />
    </UnitTest>
    <UnitTest name="Goedel.XUnit.TestContainers.ContainerSessionPolicy" storage="c:\users\hallam\work\mmm\testing\goedel.cryptography.dare.test-xunit\bin\debug\net6.0\goedel.cryptography.dare.test-xunit.dll" id="6c258b7d-17b8-8b75-34d2-a06b7e352d31">
      <Execution id="8dd8d137-1f8b-4ed2-b0ba-c0ffbc8d3a8b" />
      <TestMethod codeBase="C:\Users\hallam\Work\mmm\Testing\Goedel.Cryptography.Dare.Test-xunit\bin\Debug\net6.0\Goedel.Cryptography.Dare.Test-xunit.dll" adapterTypeName="executor://xunit/VsTestRunner2/netcoreapp" className="Goedel.XUnit.TestContainers" name="ContainerSessionPolicy" />
    </UnitTest>
    <UnitTest name="Goedel.XUnit.TestLifecycle.Test_LifecycleEphemeral(CryptoAlgorithmID: DH, KeySize: 2048)" storage="c:\users\hallam\work\mmm\testing\goedel.cryptography.test-xunit\bin\debug\net6.0\goedel.cryptography.test-xunit.dll" id="2d9fafba-2b4d-be58-53a2-e6afd34b0a6c">
      <Execution id="f3cade0a-0e5f-4e1e-a491-0b3d61fae362" />
      <TestMethod codeBase="C:\Users\hallam\Work\mmm\Testing\Goedel.Cryptography.Test-xunit\bin\Debug\net6.0\Goedel.Cryptography.Test-xunit.dll" adapterTypeName="executor://xunit/VsTestRunner2/netcoreapp" className="Goedel.XUnit.TestLifecycle" name="Test_LifecycleEphemeral" />
    </UnitTest>
    <UnitTest name="Goedel.XUnit.TestService.TestCredentialAccountFails(dataValidity: CorruptMissing)" storage="c:\users\hallam\work\mmm\testing\goedel.mesh.protocol.test-xunit\bin\debug\net6.0\goedel.mesh.protocol.test-xunit.dll" id="b13b3468-2604-8402-1b23-5459b0dacdab">
      <Execution id="cb699a86-5c92-484c-8794-efae8f6f2bdf" />
      <TestMethod codeBase="C:\Users\hallam\Work\mmm\Testing\Goedel.Mesh.Protocol.Test-xunit\bin\Debug\net6.0\Goedel.Mesh.Protocol.Test-xunit.dll" adapterTypeName="executor://xunit/VsTestRunner2/netcoreapp" className="Goedel.XUnit.TestService" name="TestCredentialAccountFails" />
    </UnitTest>
    <UnitTest name="Goedel.XUnit.TestGoedelCryptography.X448SignedMultiplyFast(totalIn: 1000, partIn: 50)" storage="c:\users\hallam\work\mmm\testing\goedel.cryptography.test-xunit\bin\debug\net6.0\goedel.cryptography.test-xunit.dll" id="b1f3c5e5-0f5e-dc42-2f60-4cb3c5d77039">
      <Execution id="a82ecfe7-115c-4fc5-b989-cedbfacb16bc" />
      <TestMethod codeBase="C:\Users\hallam\Work\mmm\Testing\Goedel.Cryptography.Test-xunit\bin\Debug\net6.0\Goedel.Cryptography.Test-xunit.dll" adapterTypeName="executor://xunit/VsTestRunner2/netcoreapp" className="Goedel.XUnit.TestGoedelCryptography" name="X448SignedMultiplyFast" />
    </UnitTest>
    <UnitTest name="Goedel.XUnit.TestService.TestCredentialDevice" storage="c:\users\hallam\work\mmm\testing\goedel.mesh.protocol.test-xunit\bin\debug\net6.0\goedel.mesh.protocol.test-xunit.dll" id="3b3396b5-e2d0-da19-438a-5f26771e514b">
      <Execution id="4e2c19ae-4a9a-4eef-ae72-f31d180ae976" />
      <TestMethod codeBase="C:\Users\hallam\Work\mmm\Testing\Goedel.Mesh.Protocol.Test-xunit\bin\Debug\net6.0\Goedel.Mesh.Protocol.Test-xunit.dll" adapterTypeName="executor://xunit/VsTestRunner2/netcoreapp" className="Goedel.XUnit.TestService" name="TestCredentialDevice" />
    </UnitTest>
    <UnitTest name="Goedel.XUnit.TestContainers.ContainerTestEncryptedItem" storage="c:\users\hallam\work\mmm\testing\goedel.cryptography.dare.test-xunit\bin\debug\net6.0\goedel.cryptography.dare.test-xunit.dll" id="5eac4a4e-40e8-fde8-edbe-002583914ddc">
      <Execution id="4d60b3dc-5946-4c28-b6c5-5f74555f1c00" />
      <TestMethod codeBase="C:\Users\hallam\Work\mmm\Testing\Goedel.Cryptography.Dare.Test-xunit\bin\Debug\net6.0\Goedel.Cryptography.Dare.Test-xunit.dll" adapterTypeName="executor://xunit/VsTestRunner2/netcoreapp" className="Goedel.XUnit.TestContainers" name="ContainerTestEncryptedItem" />
    </UnitTest>
    <UnitTest name="Goedel.XUnit.TestContainers.ContainerFixedExchangeTest(encryptPolicy: &quot;Isolated&quot;, seal: True, records: 50, maxSize: 2048, reOpen: 5, moveStep: 2, cryptoAlgorithmId: X448)" storage="c:\users\hallam\work\mmm\testing\goedel.cryptography.dare.test-xunit\bin\debug\net6.0\goedel.cryptography.dare.test-xunit.dll" id="7fa7522c-f8d9-2f92-1736-aaa02f4ba931">
      <Execution id="ff33fabd-5569-4c1b-9295-e017b12c9f78" />
      <TestMethod codeBase="C:\Users\hallam\Work\mmm\Testing\Goedel.Cryptography.Dare.Test-xunit\bin\Debug\net6.0\Goedel.Cryptography.Dare.Test-xunit.dll" adapterTypeName="executor://xunit/VsTestRunner2/netcoreapp" className="Goedel.XUnit.TestContainers" name="ContainerFixedExchangeTest" />
    </UnitTest>
    <UnitTest name="Goedel.XUnit.TestDare.EnvelopePlaintextVariable" storage="c:\users\hallam\work\mmm\testing\goedel.cryptography.dare.test-xunit\bin\debug\net6.0\goedel.cryptography.dare.test-xunit.dll" id="2fd73211-898a-0457-7fc1-71d3b3cd5cb1">
      <Execution id="c7e6525c-90fe-45e8-932a-68c2d1b0883b" />
      <TestMethod codeBase="C:\Users\hallam\Work\mmm\Testing\Goedel.Cryptography.Dare.Test-xunit\bin\Debug\net6.0\Goedel.Cryptography.Dare.Test-xunit.dll" adapterTypeName="executor://xunit/VsTestRunner2/netcoreapp" className="Goedel.XUnit.TestDare" name="EnvelopePlaintextVariable" />
    </UnitTest>
    <UnitTest name="Goedel.XUnit.TestDareArchive.TestArchiveEncrypted10Bulk" storage="c:\users\hallam\work\mmm\testing\goedel.cryptography.dare.test-xunit\bin\debug\net6.0\goedel.cryptography.dare.test-xunit.dll" id="adb78662-76a4-28bd-52f9-8530b4357612">
      <Execution id="b0725909-0b2e-4058-9fdb-6e85bdab4d00" />
      <TestMethod codeBase="C:\Users\hallam\Work\mmm\Testing\Goedel.Cryptography.Dare.Test-xunit\bin\Debug\net6.0\Goedel.Cryptography.Dare.Test-xunit.dll" adapterTypeName="executor://xunit/VsTestRunner2/netcoreapp" className="Goedel.XUnit.TestDareArchive" name="TestArchiveEncrypted10Bulk" />
    </UnitTest>
    <UnitTest name="Goedel.XUnit.TestService.TestCredentialDeviceFails(dataValidity: CorruptSignature)" storage="c:\users\hallam\work\mmm\testing\goedel.mesh.protocol.test-xunit\bin\debug\net6.0\goedel.mesh.protocol.test-xunit.dll" id="5c56e8dd-51a6-f895-9f7d-08524f42b0c6">
      <Execution id="dd0b64d2-d533-4a6f-a5e9-5379aa401b2e" />
      <TestMethod codeBase="C:\Users\hallam\Work\mmm\Testing\Goedel.Mesh.Protocol.Test-xunit\bin\Debug\net6.0\Goedel.Mesh.Protocol.Test-xunit.dll" adapterTypeName="executor://xunit/VsTestRunner2/netcoreapp" className="Goedel.XUnit.TestService" name="TestCredentialDeviceFails" />
    </UnitTest>
    <UnitTest name="Goedel.XUnit.ShellTests.TestDigest" storage="c:\users\hallam\work\mmm\testing\goedel.mesh.shell.test-xunit\bin\debug\net6.0\goedel.mesh.shell.test-xunit.dll" id="8bc09724-d920-7d3f-7cae-14b5d261de94">
      <Execution id="8d18f596-e4f5-4128-8954-cf3e111817d5" />
      <TestMethod codeBase="C:\Users\hallam\Work\mmm\Testing\Goedel.Mesh.Shell.Test-xunit\bin\Debug\net6.0\Goedel.Mesh.Shell.Test-xunit.dll" adapterTypeName="executor://xunit/VsTestRunner2/netcoreapp" className="Goedel.XUnit.ShellTests" name="TestDigest" />
    </UnitTest>
    <UnitTest name="Goedel.XUnit.TestService.TestProfileFails(dataValidity: CorruptSignature)" storage="c:\users\hallam\work\mmm\testing\goedel.mesh.protocol.test-xunit\bin\debug\net6.0\goedel.mesh.protocol.test-xunit.dll" id="5317758a-1abc-36a4-d88d-c1b8c63d4652">
      <Execution id="e1e0319c-f9bf-4508-8bc0-b6f347cb4b3c" />
      <TestMethod codeBase="C:\Users\hallam\Work\mmm\Testing\Goedel.Mesh.Protocol.Test-xunit\bin\Debug\net6.0\Goedel.Mesh.Protocol.Test-xunit.dll" adapterTypeName="executor://xunit/VsTestRunner2/netcoreapp" className="Goedel.XUnit.TestService" name="TestProfileFails" />
    </UnitTest>
    <UnitTest name="Goedel.XUnit.GoedelProtocol.TestArray" storage="c:\users\hallam\work\mmm\testing\goedel.protocol.test-xunit\bin\debug\net6.0\goedel.protocol.test-xunit.dll" id="82ebbc6e-c519-fa17-39d2-85a6e75251ac">
      <Execution id="2568f71b-d204-48ee-8c8e-23d4570c208f" />
      <TestMethod codeBase="C:\Users\hallam\Work\mmm\Testing\Goedel.Protocol.Test-xunit\bin\Debug\net6.0\Goedel.Protocol.Test-xunit.dll" adapterTypeName="executor://xunit/VsTestRunner2/netcoreapp" className="Goedel.XUnit.GoedelProtocol" name="TestArray" />
    </UnitTest>
    <UnitTest name="Goedel.XUnit.ShellTestsAdmin.TestCommitment" storage="c:\users\hallam\work\mmm\testing\goedel.mesh.shell.test-xunit\bin\debug\net6.0\goedel.mesh.shell.test-xunit.dll" id="1fda62ef-bdf6-9eaa-5fd4-1d57ce4e3922">
      <Execution id="a4af3d68-d29e-458e-bb3a-3e826ccd576d" />
      <TestMethod codeBase="C:\Users\hallam\Work\mmm\Testing\Goedel.Mesh.Shell.Test-xunit\bin\Debug\net6.0\Goedel.Mesh.Shell.Test-xunit.dll" adapterTypeName="executor://xunit/VsTestRunner2/netcoreapp" className="Goedel.XUnit.ShellTestsAdmin" name="TestCommitment" />
    </UnitTest>
    <UnitTest name="Goedel.XUnit.TestService.TestCredentialAccountFails(dataValidity: CorruptSignature)" storage="c:\users\hallam\work\mmm\testing\goedel.mesh.protocol.test-xunit\bin\debug\net6.0\goedel.mesh.protocol.test-xunit.dll" id="43292258-ae15-4312-c1e9-73090b3114a6">
      <Execution id="bec8f642-ff1b-4df0-a267-a8c466846076" />
      <TestMethod codeBase="C:\Users\hallam\Work\mmm\Testing\Goedel.Mesh.Protocol.Test-xunit\bin\Debug\net6.0\Goedel.Mesh.Protocol.Test-xunit.dll" adapterTypeName="executor://xunit/VsTestRunner2/netcoreapp" className="Goedel.XUnit.TestService" name="TestCredentialAccountFails" />
    </UnitTest>
    <UnitTest name="Goedel.XUnit.ShellTests.TestMessageContactBusinessCardReject" storage="c:\users\hallam\work\mmm\testing\goedel.mesh.shell.test-xunit\bin\debug\net6.0\goedel.mesh.shell.test-xunit.dll" id="7c8df97b-d10f-22f2-db67-f69e32d07a91">
      <Execution id="e705ee83-d70f-4218-b8aa-86a3b0e72e43" />
      <TestMethod codeBase="C:\Users\hallam\Work\mmm\Testing\Goedel.Mesh.Shell.Test-xunit\bin\Debug\net6.0\Goedel.Mesh.Shell.Test-xunit.dll" adapterTypeName="executor://xunit/VsTestRunner2/netcoreapp" className="Goedel.XUnit.ShellTests" name="TestMessageContactBusinessCardReject" />
    </UnitTest>
    <UnitTest name="Goedel.XUnit.ShellTests.TestProfileCalendar" storage="c:\users\hallam\work\mmm\testing\goedel.mesh.shell.test-xunit\bin\debug\net6.0\goedel.mesh.shell.test-xunit.dll" id="7326c1a2-314c-8d2d-fa0d-1fab43cf2d1a">
      <Execution id="6e8e2353-a634-4191-80ce-f345d531cecb" />
      <TestMethod codeBase="C:\Users\hallam\Work\mmm\Testing\Goedel.Mesh.Shell.Test-xunit\bin\Debug\net6.0\Goedel.Mesh.Shell.Test-xunit.dll" adapterTypeName="executor://xunit/VsTestRunner2/netcoreapp" className="Goedel.XUnit.ShellTests" name="TestProfileCalendar" />
    </UnitTest>
    <UnitTest name="Goedel.XUnit.TestGoedelCryptography.X448TV2" storage="c:\users\hallam\work\mmm\testing\goedel.cryptography.test-xunit\bin\debug\net6.0\goedel.cryptography.test-xunit.dll" id="84738806-9e21-c386-7a94-71c89ceba0a6">
      <Execution id="4e390677-4d7f-4480-a386-d5832ebc7e63" />
      <TestMethod codeBase="C:\Users\hallam\Work\mmm\Testing\Goedel.Cryptography.Test-xunit\bin\Debug\net6.0\Goedel.Cryptography.Test-xunit.dll" adapterTypeName="executor://xunit/VsTestRunner2/netcoreapp" className="Goedel.XUnit.TestGoedelCryptography" name="X448TV2" />
    </UnitTest>
    <UnitTest name="Goedel.XUnit.TestService.TestProfileFails(dataValidity: CorruptDigest)" storage="c:\users\hallam\work\mmm\testing\goedel.mesh.protocol.test-xunit\bin\debug\net6.0\goedel.mesh.protocol.test-xunit.dll" id="a766c6b2-40e0-aca8-8fb5-d97bdaf5fb03">
      <Execution id="4c4c3130-6a51-439e-a793-646d8b2aa6f0" />
      <TestMethod codeBase="C:\Users\hallam\Work\mmm\Testing\Goedel.Mesh.Protocol.Test-xunit\bin\Debug\net6.0\Goedel.Mesh.Protocol.Test-xunit.dll" adapterTypeName="executor://xunit/VsTestRunner2/netcoreapp" className="Goedel.XUnit.TestService" name="TestProfileFails" />
    </UnitTest>
    <UnitTest name="Goedel.XUnit.TestPlatform.TestKeyRead" storage="c:\users\hallam\work\mmm\testing\goedel.cryptography.platform.test-xunit\bin\debug\net6.0\goedel.cryptography.platform.test-xunit.dll" id="dae0cefc-2e7d-7b98-3c35-94e712fa0cdf">
      <Execution id="cbe4264d-fb13-4c7d-83c0-aca04cfe5ec5" />
      <TestMethod codeBase="C:\Users\hallam\Work\mmm\Testing\Goedel.Cryptography.Platform.Test-xunit\bin\Debug\net6.0\Goedel.Cryptography.Platform.Test-xunit.dll" adapterTypeName="executor://xunit/VsTestRunner2/netcoreapp" className="Goedel.XUnit.TestPlatform" name="TestKeyRead" />
    </UnitTest>
    <UnitTest name="Goedel.XUnit.ShellTestsAdmin.TestArchive" storage="c:\users\hallam\work\mmm\testing\goedel.mesh.shell.test-xunit\bin\debug\net6.0\goedel.mesh.shell.test-xunit.dll" id="e4d5f42c-3bfb-b8f1-b3d8-4340ba49592e">
      <Execution id="b35a1f4e-9435-4449-a115-2b301dd93c88" />
      <TestMethod codeBase="C:\Users\hallam\Work\mmm\Testing\Goedel.Mesh.Shell.Test-xunit\bin\Debug\net6.0\Goedel.Mesh.Shell.Test-xunit.dll" adapterTypeName="executor://xunit/VsTestRunner2/netcoreapp" className="Goedel.XUnit.ShellTestsAdmin" name="TestArchive" />
    </UnitTest>
    <UnitTest name="Goedel.XUnit.TestService.MeshEscrowRecover" storage="c:\users\hallam\work\mmm\testing\goedel.mesh.protocol.test-xunit\bin\debug\net6.0\goedel.mesh.protocol.test-xunit.dll" id="1d9bb387-1949-aece-9f0b-800679624aa2">
      <Execution id="5686c15e-0b46-433a-a9dd-99132593bfd4" />
      <TestMethod codeBase="C:\Users\hallam\Work\mmm\Testing\Goedel.Mesh.Protocol.Test-xunit\bin\Debug\net6.0\Goedel.Mesh.Protocol.Test-xunit.dll" adapterTypeName="executor://xunit/VsTestRunner2/netcoreapp" className="Goedel.XUnit.TestService" name="MeshEscrowRecover" />
    </UnitTest>
    <UnitTest name="Goedel.XUnit.TestContainers.ContainerIsolatedPolicy" storage="c:\users\hallam\work\mmm\testing\goedel.cryptography.dare.test-xunit\bin\debug\net6.0\goedel.cryptography.dare.test-xunit.dll" id="ff37e3df-7bce-daef-da36-686cec35759a">
      <Execution id="607edeea-2105-4609-b14e-4a6855ea37e8" />
      <TestMethod codeBase="C:\Users\hallam\Work\mmm\Testing\Goedel.Cryptography.Dare.Test-xunit\bin\Debug\net6.0\Goedel.Cryptography.Dare.Test-xunit.dll" adapterTypeName="executor://xunit/VsTestRunner2/netcoreapp" className="Goedel.XUnit.TestContainers" name="ContainerIsolatedPolicy" />
    </UnitTest>
    <UnitTest name="Goedel.XUnit.TestCryptographyJose.RoundTripKeyEphemeral(cryptoAlgorithmID: Signature)" storage="c:\users\hallam\work\mmm\testing\goedel.cryptography.jose.test-xunit\bin\debug\net6.0\goedel.cryptography.jose.test-xunit.dll" id="bf2e43b4-5fae-5086-020e-fa8819af1c3b">
      <Execution id="cacb4042-bece-43db-944e-1ec2d8df1045" />
      <TestMethod codeBase="C:\Users\hallam\Work\mmm\Testing\Goedel.Cryptography.Jose.Test-xunit\bin\Debug\net6.0\Goedel.Cryptography.Jose.Test-xunit.dll" adapterTypeName="executor://xunit/VsTestRunner2/netcoreapp" className="Goedel.XUnit.TestCryptographyJose" name="RoundTripKeyEphemeral" />
    </UnitTest>
    <UnitTest name="Goedel.XUnit.MakeSiteDocs.TestConfirmation" storage="c:\users\hallam\work\mmm\testing\test.makesitedocs\bin\debug\net6.0\test.makesitedocs.dll" id="42b7badc-0529-085d-3199-10d73310255a">
      <Execution id="67d4387a-47af-4342-bc0a-223e7c643404" />
      <TestMethod codeBase="C:\Users\hallam\Work\mmm\Testing\Test.MakeSiteDocs\bin\Debug\net6.0\Test.MakeSiteDocs.dll" adapterTypeName="executor://xunit/VsTestRunner2/netcoreapp" className="Goedel.XUnit.MakeSiteDocs" name="TestConfirmation" />
    </UnitTest>
    <UnitTest name="Goedel.XUnit.TestSplit.TestKey(bits: 128, hexData: null)" storage="c:\users\hallam\work\mmm\testing\goedel.cryptography.test-xunit\bin\debug\net6.0\goedel.cryptography.test-xunit.dll" id="4e814f69-3468-6019-2c40-59747fd48b16">
      <Execution id="526fba75-5f54-4744-aa04-ef8174b7f3e4" />
      <TestMethod codeBase="C:\Users\hallam\Work\mmm\Testing\Goedel.Cryptography.Test-xunit\bin\Debug\net6.0\Goedel.Cryptography.Test-xunit.dll" adapterTypeName="executor://xunit/VsTestRunner2/netcoreapp" className="Goedel.XUnit.TestSplit" name="TestKey" />
    </UnitTest>
    <UnitTest name="Goedel.XUnit.TestGoedelCryptography.UDFKeyGen" storage="c:\users\hallam\work\mmm\testing\goedel.cryptography.test-xunit\bin\debug\net6.0\goedel.cryptography.test-xunit.dll" id="a5d42cf1-88fe-1cac-c2a5-c65452c77b2b">
      <Execution id="b3ac13cb-0beb-4d46-84c5-d50f02055ffa" />
      <TestMethod codeBase="C:\Users\hallam\Work\mmm\Testing\Goedel.Cryptography.Test-xunit\bin\Debug\net6.0\Goedel.Cryptography.Test-xunit.dll" adapterTypeName="executor://xunit/VsTestRunner2/netcoreapp" className="Goedel.XUnit.TestGoedelCryptography" name="UDFKeyGen" />
    </UnitTest>
    <UnitTest name="Goedel.XUnit.GoedelProtocol.TestArrayB" storage="c:\users\hallam\work\mmm\testing\goedel.protocol.test-xunit\bin\debug\net6.0\goedel.protocol.test-xunit.dll" id="a6fcc3ac-407d-e71a-b6af-63df50fda932">
      <Execution id="936be89b-7729-46cc-95c7-5d61a3b4a42f" />
      <TestMethod codeBase="C:\Users\hallam\Work\mmm\Testing\Goedel.Protocol.Test-xunit\bin\Debug\net6.0\Goedel.Protocol.Test-xunit.dll" adapterTypeName="executor://xunit/VsTestRunner2/netcoreapp" className="Goedel.XUnit.GoedelProtocol" name="TestArrayB" />
    </UnitTest>
    <UnitTest name="Goedel.XUnit.ShellTests.TestRandom(bits: 128)" storage="c:\users\hallam\work\mmm\testing\goedel.mesh.shell.test-xunit\bin\debug\net6.0\goedel.mesh.shell.test-xunit.dll" id="f7308436-9fad-674b-8f46-f56d09028691">
      <Execution id="29b61f05-459f-4675-a42f-974fe26ad86b" />
      <TestMethod codeBase="C:\Users\hallam\Work\mmm\Testing\Goedel.Mesh.Shell.Test-xunit\bin\Debug\net6.0\Goedel.Mesh.Shell.Test-xunit.dll" adapterTypeName="executor://xunit/VsTestRunner2/netcoreapp" className="Goedel.XUnit.ShellTests" name="TestRandom" />
    </UnitTest>
    <UnitTest name="Goedel.XUnit.TestService.PublicKeyRoundTrip" storage="c:\users\hallam\work\mmm\testing\goedel.mesh.protocol.test-xunit\bin\debug\net6.0\goedel.mesh.protocol.test-xunit.dll" id="180e3d76-1329-e33c-4963-b80cc794a368">
      <Execution id="f52ddccc-be19-46c0-944b-238d05f78260" />
      <TestMethod codeBase="C:\Users\hallam\Work\mmm\Testing\Goedel.Mesh.Protocol.Test-xunit\bin\Debug\net6.0\Goedel.Mesh.Protocol.Test-xunit.dll" adapterTypeName="executor://xunit/VsTestRunner2/netcoreapp" className="Goedel.XUnit.TestService" name="PublicKeyRoundTrip" />
    </UnitTest>
    <UnitTest name="Goedel.XUnit.TestGoedelCryptography.X25519TV3" storage="c:\users\hallam\work\mmm\testing\goedel.cryptography.test-xunit\bin\debug\net6.0\goedel.cryptography.test-xunit.dll" id="dfe7a02e-8b34-fd43-a488-f48f1bec6d6c">
      <Execution id="ef32f1db-5157-47e9-af4d-0a4e7ca9278b" />
      <TestMethod codeBase="C:\Users\hallam\Work\mmm\Testing\Goedel.Cryptography.Test-xunit\bin\Debug\net6.0\Goedel.Cryptography.Test-xunit.dll" adapterTypeName="executor://xunit/VsTestRunner2/netcoreapp" className="Goedel.XUnit.TestGoedelCryptography" name="X25519TV3" />
    </UnitTest>
    <UnitTest name="Goedel.XUnit.ShellTests.TestMessageContactRemote" storage="c:\users\hallam\work\mmm\testing\goedel.mesh.shell.test-xunit\bin\debug\net6.0\goedel.mesh.shell.test-xunit.dll" id="89e5bcd6-87f5-6a6b-5e33-809f2b36ad5e">
      <Execution id="7c09b18b-725f-4e79-92b5-d9147369c6a0" />
      <TestMethod codeBase="C:\Users\hallam\Work\mmm\Testing\Goedel.Mesh.Shell.Test-xunit\bin\Debug\net6.0\Goedel.Mesh.Shell.Test-xunit.dll" adapterTypeName="executor://xunit/VsTestRunner2/netcoreapp" className="Goedel.XUnit.ShellTests" name="TestMessageContactRemote" />
    </UnitTest>
    <UnitTest name="Goedel.XUnit.ShellTests.TestProfileConnectPinReused" storage="c:\users\hallam\work\mmm\testing\goedel.mesh.shell.test-xunit\bin\debug\net6.0\goedel.mesh.shell.test-xunit.dll" id="174b1d86-8d97-ee43-854d-89adb84f2d5a">
      <Execution id="f81d147f-8787-45e1-a558-974c95bbcaeb" />
      <TestMethod codeBase="C:\Users\hallam\Work\mmm\Testing\Goedel.Mesh.Shell.Test-xunit\bin\Debug\net6.0\Goedel.Mesh.Shell.Test-xunit.dll" adapterTypeName="executor://xunit/VsTestRunner2/netcoreapp" className="Goedel.XUnit.ShellTests" name="TestProfileConnectPinReused" />
    </UnitTest>
    <UnitTest name="Goedel.XUnit.ShellTestsAdmin.TestUDF" storage="c:\users\hallam\work\mmm\testing\goedel.mesh.shell.test-xunit\bin\debug\net6.0\goedel.mesh.shell.test-xunit.dll" id="1c17949f-1e6d-5c7d-37ac-b2e986ea2df8">
      <Execution id="a95f2ba3-cc8b-4271-83ea-f97b683bc9b2" />
      <TestMethod codeBase="C:\Users\hallam\Work\mmm\Testing\Goedel.Mesh.Shell.Test-xunit\bin\Debug\net6.0\Goedel.Mesh.Shell.Test-xunit.dll" adapterTypeName="executor://xunit/VsTestRunner2/netcoreapp" className="Goedel.XUnit.ShellTestsAdmin" name="TestUDF" />
    </UnitTest>
    <UnitTest name="Goedel.XUnit.TestLifecycle.Test_LifecycleExportable(CryptoAlgorithmID: Exchange, KeySize: 2048)" storage="c:\users\hallam\work\mmm\testing\goedel.cryptography.test-xunit\bin\debug\net6.0\goedel.cryptography.test-xunit.dll" id="e617816c-5837-6f94-f066-cd859767ec33">
      <Execution id="82942ff7-9556-43b0-8e43-028a67f56e7a" />
      <TestMethod codeBase="C:\Users\hallam\Work\mmm\Testing\Goedel.Cryptography.Test-xunit\bin\Debug\net6.0\Goedel.Cryptography.Test-xunit.dll" adapterTypeName="executor://xunit/VsTestRunner2/netcoreapp" className="Goedel.XUnit.TestLifecycle" name="Test_LifecycleExportable" />
    </UnitTest>
    <UnitTest name="Goedel.XUnit.TestDareArchive.TestArchive0" storage="c:\users\hallam\work\mmm\testing\goedel.cryptography.dare.test-xunit\bin\debug\net6.0\goedel.cryptography.dare.test-xunit.dll" id="dc113dbe-8f82-95c4-eda2-f8a0296eaa6e">
      <Execution id="020fff0b-1ed7-4c08-848b-b1f13a687114" />
      <TestMethod codeBase="C:\Users\hallam\Work\mmm\Testing\Goedel.Cryptography.Dare.Test-xunit\bin\Debug\net6.0\Goedel.Cryptography.Dare.Test-xunit.dll" adapterTypeName="executor://xunit/VsTestRunner2/netcoreapp" className="Goedel.XUnit.TestDareArchive" name="TestArchive0" />
    </UnitTest>
    <UnitTest name="Goedel.XUnit.TestPersist.TestPersistenceStoreAdd" storage="c:\users\hallam\work\mmm\testing\goedel.cryptography.dare.test-xunit\bin\debug\net6.0\goedel.cryptography.dare.test-xunit.dll" id="a6c10e61-08ff-a5d1-d569-b9a77ed2be60">
      <Execution id="ebfeccf9-6e47-4552-b5e8-0fcd004fbdbc" />
      <TestMethod codeBase="C:\Users\hallam\Work\mmm\Testing\Goedel.Cryptography.Dare.Test-xunit\bin\Debug\net6.0\Goedel.Cryptography.Dare.Test-xunit.dll" adapterTypeName="executor://xunit/VsTestRunner2/netcoreapp" className="Goedel.XUnit.TestPersist" name="TestPersistenceStoreAdd" />
    </UnitTest>
    <UnitTest name="Goedel.XUnit.TestLifecycle.Test_LifecycleAdmin(CryptoAlgorithmID: X25519, KeySize: 2048)" storage="c:\users\hallam\work\mmm\testing\goedel.cryptography.test-xunit\bin\debug\net6.0\goedel.cryptography.test-xunit.dll" id="7f38bb4f-c624-0d94-1b24-789b616fa669">
      <Execution id="ca311206-b417-49d9-93b9-c38a6c0bb463" />
      <TestMethod codeBase="C:\Users\hallam\Work\mmm\Testing\Goedel.Cryptography.Test-xunit\bin\Debug\net6.0\Goedel.Cryptography.Test-xunit.dll" adapterTypeName="executor://xunit/VsTestRunner2/netcoreapp" className="Goedel.XUnit.TestLifecycle" name="Test_LifecycleAdmin" />
    </UnitTest>
    <UnitTest name="Goedel.XUnit.TestSplit.TestShares(N: 4, K: 2)" storage="c:\users\hallam\work\mmm\testing\goedel.cryptography.test-xunit\bin\debug\net6.0\goedel.cryptography.test-xunit.dll" id="bc45c25b-8988-5103-c208-d89a93f82fa2">
      <Execution id="14b822bb-8633-4cd9-b587-37806f1eb39d" />
      <TestMethod codeBase="C:\Users\hallam\Work\mmm\Testing\Goedel.Cryptography.Test-xunit\bin\Debug\net6.0\Goedel.Cryptography.Test-xunit.dll" adapterTypeName="executor://xunit/VsTestRunner2/netcoreapp" className="Goedel.XUnit.TestSplit" name="TestShares" />
    </UnitTest>
    <UnitTest name="Goedel.XUnit.TestSplit.TestShares(N: 14, K: 2)" storage="c:\users\hallam\work\mmm\testing\goedel.cryptography.test-xunit\bin\debug\net6.0\goedel.cryptography.test-xunit.dll" id="93e39ef8-eedc-7865-8abe-1451ddb520e8">
      <Execution id="c0c9eaca-ecc5-4786-bfa8-573c52507432" />
      <TestMethod codeBase="C:\Users\hallam\Work\mmm\Testing\Goedel.Cryptography.Test-xunit\bin\Debug\net6.0\Goedel.Cryptography.Test-xunit.dll" adapterTypeName="executor://xunit/VsTestRunner2/netcoreapp" className="Goedel.XUnit.TestSplit" name="TestShares" />
    </UnitTest>
    <UnitTest name="Goedel.XUnit.ShellTestsAdmin.TestProfileSSHPrivate" storage="c:\users\hallam\work\mmm\testing\goedel.mesh.shell.test-xunit\bin\debug\net6.0\goedel.mesh.shell.test-xunit.dll" id="81da058c-b5c9-b8e0-070c-873e91dc7356">
      <Execution id="74a06f0a-dc7b-4534-82fd-1926f0e2241e" />
      <TestMethod codeBase="C:\Users\hallam\Work\mmm\Testing\Goedel.Mesh.Shell.Test-xunit\bin\Debug\net6.0\Goedel.Mesh.Shell.Test-xunit.dll" adapterTypeName="executor://xunit/VsTestRunner2/netcoreapp" className="Goedel.XUnit.ShellTestsAdmin" name="TestProfileSSHPrivate" />
    </UnitTest>
    <UnitTest name="Goedel.XUnit.TestGoedelCryptography.X25519Agree(count: 1)" storage="c:\users\hallam\work\mmm\testing\goedel.cryptography.test-xunit\bin\debug\net6.0\goedel.cryptography.test-xunit.dll" id="661312b1-bebc-0d84-9499-9a661166a2e5">
      <Execution id="bbb98345-ec0b-4a59-adb1-9e1339d17018" />
      <TestMethod codeBase="C:\Users\hallam\Work\mmm\Testing\Goedel.Cryptography.Test-xunit\bin\Debug\net6.0\Goedel.Cryptography.Test-xunit.dll" adapterTypeName="executor://xunit/VsTestRunner2/netcoreapp" className="Goedel.XUnit.TestGoedelCryptography" name="X25519Agree" />
    </UnitTest>
    <UnitTest name="Goedel.XUnit.TestDigests.TestSHA_Stream" storage="c:\users\hallam\work\mmm\testing\goedel.cryptography.test-xunit\bin\debug\net6.0\goedel.cryptography.test-xunit.dll" id="f0f873c6-559d-adc0-2b1a-f0f66034cfef">
      <Execution id="72f19173-a784-4c37-87f4-d8b97d379967" />
      <TestMethod codeBase="C:\Users\hallam\Work\mmm\Testing\Goedel.Cryptography.Test-xunit\bin\Debug\net6.0\Goedel.Cryptography.Test-xunit.dll" adapterTypeName="executor://xunit/VsTestRunner2/netcoreapp" className="Goedel.XUnit.TestDigests" name="TestSHA_Stream" />
    </UnitTest>
    <UnitTest name="Goedel.XUnit.TestSplit.TestShares(N: 5, K: 2)" storage="c:\users\hallam\work\mmm\testing\goedel.cryptography.test-xunit\bin\debug\net6.0\goedel.cryptography.test-xunit.dll" id="a00c7b04-a09e-4e45-f139-1a2a064d5b89">
      <Execution id="e10bec18-88c2-47f1-be7a-64f2b4ecc362" />
      <TestMethod codeBase="C:\Users\hallam\Work\mmm\Testing\Goedel.Cryptography.Test-xunit\bin\Debug\net6.0\Goedel.Cryptography.Test-xunit.dll" adapterTypeName="executor://xunit/VsTestRunner2/netcoreapp" className="Goedel.XUnit.TestSplit" name="TestShares" />
    </UnitTest>
    <UnitTest name="Goedel.XUnit.Utilities.BaseConversionFormatting" storage="c:\users\hallam\work\mmm\testing\goedel.utilities.test-xunit\bin\debug\net6.0\goedel.utilities.test-xunit.dll" id="40f2e8d0-49ca-f607-ae6c-83dd0df6d4a2">
      <Execution id="e9b4fbf1-bf56-42db-888f-5163a97ef9b6" />
      <TestMethod codeBase="C:\Users\hallam\Work\mmm\Testing\Goedel.Utilities.Test-xunit\bin\Debug\net6.0\Goedel.Utilities.Test-xunit.dll" adapterTypeName="executor://xunit/VsTestRunner2/netcoreapp" className="Goedel.XUnit.Utilities" name="BaseConversionFormatting" />
    </UnitTest>
    <UnitTest name="Goedel.XUnit.ShellTestsAdmin.TestConnectRequest" storage="c:\users\hallam\work\mmm\testing\goedel.mesh.shell.test-xunit\bin\debug\net6.0\goedel.mesh.shell.test-xunit.dll" id="a34599eb-eeff-36cf-5cb0-64d372d6bb3b">
      <Execution id="2a69143b-6f62-4ec5-977d-65f095656f71" />
      <TestMethod codeBase="C:\Users\hallam\Work\mmm\Testing\Goedel.Mesh.Shell.Test-xunit\bin\Debug\net6.0\Goedel.Mesh.Shell.Test-xunit.dll" adapterTypeName="executor://xunit/VsTestRunner2/netcoreapp" className="Goedel.XUnit.ShellTestsAdmin" name="TestConnectRequest" />
    </UnitTest>
    <UnitTest name="Goedel.XUnit.TestService.KeyShareTestDirect(cryptoAlgorithmId: X448)" storage="c:\users\hallam\work\mmm\testing\goedel.mesh.protocol.test-xunit\bin\debug\net6.0\goedel.mesh.protocol.test-xunit.dll" id="3ddd5659-b8b7-db6a-6484-19bf0efe2654">
      <Execution id="fb9a9744-0f40-4fa5-a308-11d09420f932" />
      <TestMethod codeBase="C:\Users\hallam\Work\mmm\Testing\Goedel.Mesh.Protocol.Test-xunit\bin\Debug\net6.0\Goedel.Mesh.Protocol.Test-xunit.dll" adapterTypeName="executor://xunit/VsTestRunner2/netcoreapp" className="Goedel.XUnit.TestService" name="KeyShareTestDirect" />
    </UnitTest>
    <UnitTest name="Goedel.XUnit.BufferTests.TestBuffer" storage="c:\users\hallam\work\mmm\testing\goedel.asn1.test-xunit\bin\debug\net6.0\goedel.asn1.test-xunit.dll" id="ae3ca6f5-ff63-e850-b351-02eb5d5c7bb8">
      <Execution id="b97d9531-55d9-4600-a1e9-5d241dae329c" />
      <TestMethod codeBase="C:\Users\hallam\Work\mmm\Testing\Goedel.ASN1.Test-xunit\bin\Debug\net6.0\Goedel.ASN1.Test-xunit.dll" adapterTypeName="executor://xunit/VsTestRunner2/netcoreapp" className="Goedel.XUnit.BufferTests" name="TestBuffer" />
    </UnitTest>
    <UnitTest name="Goedel.XUnit.ShellTestsAdmin.TestRandom(bits: 256)" storage="c:\users\hallam\work\mmm\testing\goedel.mesh.shell.test-xunit\bin\debug\net6.0\goedel.mesh.shell.test-xunit.dll" id="edfd2fec-fe75-4e3e-c14e-d97c756c7f70">
      <Execution id="841ae4ff-79ab-4e2d-867f-62348cec61e4" />
      <TestMethod codeBase="C:\Users\hallam\Work\mmm\Testing\Goedel.Mesh.Shell.Test-xunit\bin\Debug\net6.0\Goedel.Mesh.Shell.Test-xunit.dll" adapterTypeName="executor://xunit/VsTestRunner2/netcoreapp" className="Goedel.XUnit.ShellTestsAdmin" name="TestRandom" />
    </UnitTest>
    <UnitTest name="Goedel.XUnit.TestGoedelCryptography.TestBitField3" storage="c:\users\hallam\work\mmm\testing\goedel.cryptography.test-xunit\bin\debug\net6.0\goedel.cryptography.test-xunit.dll" id="06fb4f0e-1bf0-9a3f-a0ec-44dee829f29f">
      <Execution id="1b02a812-a241-4ddb-a849-9d13937061a5" />
      <TestMethod codeBase="C:\Users\hallam\Work\mmm\Testing\Goedel.Cryptography.Test-xunit\bin\Debug\net6.0\Goedel.Cryptography.Test-xunit.dll" adapterTypeName="executor://xunit/VsTestRunner2/netcoreapp" className="Goedel.XUnit.TestGoedelCryptography" name="TestBitField3" />
    </UnitTest>
    <UnitTest name="Goedel.XUnit.ShellTests.TestKey(bits: 128)" storage="c:\users\hallam\work\mmm\testing\goedel.mesh.shell.test-xunit\bin\debug\net6.0\goedel.mesh.shell.test-xunit.dll" id="170adc6f-aa2f-bd7a-2620-25b6c897cc58">
      <Execution id="50e03d79-b603-4506-b701-65aedc209243" />
      <TestMethod codeBase="C:\Users\hallam\Work\mmm\Testing\Goedel.Mesh.Shell.Test-xunit\bin\Debug\net6.0\Goedel.Mesh.Shell.Test-xunit.dll" adapterTypeName="executor://xunit/VsTestRunner2/netcoreapp" className="Goedel.XUnit.ShellTests" name="TestKey" />
    </UnitTest>
    <UnitTest name="Goedel.XUnit.ShellTests.TestLog" storage="c:\users\hallam\work\mmm\testing\goedel.mesh.shell.test-xunit\bin\debug\net6.0\goedel.mesh.shell.test-xunit.dll" id="fa804714-c47b-ab3d-7149-23e6c1cc1170">
      <Execution id="a95d4383-6e12-431b-9e2e-ca281098fca8" />
      <TestMethod codeBase="C:\Users\hallam\Work\mmm\Testing\Goedel.Mesh.Shell.Test-xunit\bin\Debug\net6.0\Goedel.Mesh.Shell.Test-xunit.dll" adapterTypeName="executor://xunit/VsTestRunner2/netcoreapp" className="Goedel.XUnit.ShellTests" name="TestLog" />
    </UnitTest>
    <UnitTest name="Goedel.XUnit.ShellTestsAdmin.TestProfileMail" storage="c:\users\hallam\work\mmm\testing\goedel.mesh.shell.test-xunit\bin\debug\net6.0\goedel.mesh.shell.test-xunit.dll" id="a742ce20-6b45-5405-4fac-541336b04b82">
      <Execution id="9c13f056-6e97-4ae8-bca9-a0b1cd56f8ca" />
      <TestMethod codeBase="C:\Users\hallam\Work\mmm\Testing\Goedel.Mesh.Shell.Test-xunit\bin\Debug\net6.0\Goedel.Mesh.Shell.Test-xunit.dll" adapterTypeName="executor://xunit/VsTestRunner2/netcoreapp" className="Goedel.XUnit.ShellTestsAdmin" name="TestProfileMail" />
    </UnitTest>
    <UnitTest name="Goedel.XUnit.TestCryptographyJose.RoundTripKeyExportable(cryptoAlgorithmID: EdDSA)" storage="c:\users\hallam\work\mmm\testing\goedel.cryptography.jose.test-xunit\bin\debug\net6.0\goedel.cryptography.jose.test-xunit.dll" id="b3045205-e033-ec0a-80c0-da7423b88f09">
      <Execution id="ec860348-d299-416a-b931-291c843a4ec2" />
      <TestMethod codeBase="C:\Users\hallam\Work\mmm\Testing\Goedel.Cryptography.Jose.Test-xunit\bin\Debug\net6.0\Goedel.Cryptography.Jose.Test-xunit.dll" adapterTypeName="executor://xunit/VsTestRunner2/netcoreapp" className="Goedel.XUnit.TestCryptographyJose" name="RoundTripKeyExportable" />
    </UnitTest>
    <UnitTest name="Goedel.XUnit.TestCryptographyJose.RoundTripKeyExportable(cryptoAlgorithmID: Ed448)" storage="c:\users\hallam\work\mmm\testing\goedel.cryptography.jose.test-xunit\bin\debug\net6.0\goedel.cryptography.jose.test-xunit.dll" id="8fd9c82a-3a6a-6fc7-df5f-c355f00b1569">
      <Execution id="5c061195-811c-4660-bce3-5c523aa508b2" />
      <TestMethod codeBase="C:\Users\hallam\Work\mmm\Testing\Goedel.Cryptography.Jose.Test-xunit\bin\Debug\net6.0\Goedel.Cryptography.Jose.Test-xunit.dll" adapterTypeName="executor://xunit/VsTestRunner2/netcoreapp" className="Goedel.XUnit.TestCryptographyJose" name="RoundTripKeyExportable" />
    </UnitTest>
    <UnitTest name="Goedel.XUnit.ShellTestsAdmin.TestMessageContactInPerson" storage="c:\users\hallam\work\mmm\testing\goedel.mesh.shell.test-xunit\bin\debug\net6.0\goedel.mesh.shell.test-xunit.dll" id="6ef81757-cdda-dfaf-980b-ff235054f9d8">
      <Execution id="32919197-90d6-4a07-b56f-4109ae145fa9" />
      <TestMethod codeBase="C:\Users\hallam\Work\mmm\Testing\Goedel.Mesh.Shell.Test-xunit\bin\Debug\net6.0\Goedel.Mesh.Shell.Test-xunit.dll" adapterTypeName="executor://xunit/VsTestRunner2/netcoreapp" className="Goedel.XUnit.ShellTestsAdmin" name="TestMessageContactInPerson" />
    </UnitTest>
    <UnitTest name="Goedel.XUnit.ShellTests.TestArchive" storage="c:\users\hallam\work\mmm\testing\goedel.mesh.shell.test-xunit\bin\debug\net6.0\goedel.mesh.shell.test-xunit.dll" id="42f06fdc-2b69-daa2-bb35-c500e1f85ed2">
      <Execution id="34585f8a-cd2c-46b2-a10a-51c914ef3940" />
      <TestMethod codeBase="C:\Users\hallam\Work\mmm\Testing\Goedel.Mesh.Shell.Test-xunit\bin\Debug\net6.0\Goedel.Mesh.Shell.Test-xunit.dll" adapterTypeName="executor://xunit/VsTestRunner2/netcoreapp" className="Goedel.XUnit.ShellTests" name="TestArchive" />
    </UnitTest>
    <UnitTest name="Goedel.XUnit.MakeSiteDocs.DecodeSecondDevice" storage="c:\users\hallam\work\mmm\testing\test.makesitedocs\bin\debug\net6.0\test.makesitedocs.dll" id="a1e74f95-c6bc-0ba9-d141-f3aa14a2602f">
      <Execution id="3411795f-783b-4afe-9283-9ab2afc51f28" />
      <TestMethod codeBase="C:\Users\hallam\Work\mmm\Testing\Test.MakeSiteDocs\bin\Debug\net6.0\Test.MakeSiteDocs.dll" adapterTypeName="executor://xunit/VsTestRunner2/netcoreapp" className="Goedel.XUnit.MakeSiteDocs" name="DecodeSecondDevice" />
    </UnitTest>
    <UnitTest name="Goedel.XUnit.TestSplit.TestKeyShare(bits: 256, hexData: null)" storage="c:\users\hallam\work\mmm\testing\goedel.cryptography.test-xunit\bin\debug\net6.0\goedel.cryptography.test-xunit.dll" id="260194e8-0351-feab-930e-68880b8c2d5a">
      <Execution id="ab61a1eb-3f89-4d2d-9812-2a5124e805ba" />
      <TestMethod codeBase="C:\Users\hallam\Work\mmm\Testing\Goedel.Cryptography.Test-xunit\bin\Debug\net6.0\Goedel.Cryptography.Test-xunit.dll" adapterTypeName="executor://xunit/VsTestRunner2/netcoreapp" className="Goedel.XUnit.TestSplit" name="TestKeyShare" />
    </UnitTest>
    <UnitTest name="Goedel.XUnit.TestDareArchive.TestFileContainerEncrypted1" storage="c:\users\hallam\work\mmm\testing\goedel.cryptography.dare.test-xunit\bin\debug\net6.0\goedel.cryptography.dare.test-xunit.dll" id="fc3ff32c-d297-b079-8e97-4f464995d73f">
      <Execution id="d9af86c4-5fee-4c59-95e2-528257044d6e" />
      <TestMethod codeBase="C:\Users\hallam\Work\mmm\Testing\Goedel.Cryptography.Dare.Test-xunit\bin\Debug\net6.0\Goedel.Cryptography.Dare.Test-xunit.dll" adapterTypeName="executor://xunit/VsTestRunner2/netcoreapp" className="Goedel.XUnit.TestDareArchive" name="TestFileContainerEncrypted1" />
    </UnitTest>
    <UnitTest name="Goedel.XUnit.TestPlatform.TestWritePEMRSA" storage="c:\users\hallam\work\mmm\testing\goedel.cryptography.platform.test-xunit\bin\debug\net6.0\goedel.cryptography.platform.test-xunit.dll" id="424ea186-6dc3-c9ef-843d-8a1cd52be337">
      <Execution id="90323758-c2a7-4308-bc04-abcafc48fb4a" />
      <TestMethod codeBase="C:\Users\hallam\Work\mmm\Testing\Goedel.Cryptography.Platform.Test-xunit\bin\Debug\net6.0\Goedel.Cryptography.Platform.Test-xunit.dll" adapterTypeName="executor://xunit/VsTestRunner2/netcoreapp" className="Goedel.XUnit.TestPlatform" name="TestWritePEMRSA" />
    </UnitTest>
    <UnitTest name="Goedel.XUnit.ShellTestsAdmin.TestCommitmentRandom" storage="c:\users\hallam\work\mmm\testing\goedel.mesh.shell.test-xunit\bin\debug\net6.0\goedel.mesh.shell.test-xunit.dll" id="e6ce1601-c2fb-e39e-66d9-42d4267043ce">
      <Execution id="28d778c9-58b0-4136-b152-04a0f76fcedf" />
      <TestMethod codeBase="C:\Users\hallam\Work\mmm\Testing\Goedel.Mesh.Shell.Test-xunit\bin\Debug\net6.0\Goedel.Mesh.Shell.Test-xunit.dll" adapterTypeName="executor://xunit/VsTestRunner2/netcoreapp" className="Goedel.XUnit.ShellTestsAdmin" name="TestCommitmentRandom" />
    </UnitTest>
    <UnitTest name="Goedel.XUnit.TestGoedelCryptography.X25519AgreeRecryption(count: 1)" storage="c:\users\hallam\work\mmm\testing\goedel.cryptography.test-xunit\bin\debug\net6.0\goedel.cryptography.test-xunit.dll" id="028a6ea6-8298-7b0a-f874-4d974ee7fc3b">
      <Execution id="a8427ea8-fd55-42c1-803a-55a766732ea8" />
      <TestMethod codeBase="C:\Users\hallam\Work\mmm\Testing\Goedel.Cryptography.Test-xunit\bin\Debug\net6.0\Goedel.Cryptography.Test-xunit.dll" adapterTypeName="executor://xunit/VsTestRunner2/netcoreapp" className="Goedel.XUnit.TestGoedelCryptography" name="X25519AgreeRecryption" />
    </UnitTest>
    <UnitTest name="Goedel.XUnit.MakeSiteDocs.DeleteDevice" storage="c:\users\hallam\work\mmm\testing\test.makesitedocs\bin\debug\net6.0\test.makesitedocs.dll" id="65f58356-0b51-40bb-544a-5ed03f7f38e5">
      <Execution id="25827843-38df-4991-a1ae-b1f1fa84bd4d" />
      <TestMethod codeBase="C:\Users\hallam\Work\mmm\Testing\Test.MakeSiteDocs\bin\Debug\net6.0\Test.MakeSiteDocs.dll" adapterTypeName="executor://xunit/VsTestRunner2/netcoreapp" className="Goedel.XUnit.MakeSiteDocs" name="DeleteDevice" />
    </UnitTest>
    <UnitTest name="Goedel.XUnit.TestDareArchive.TestFileContainerEncrypted16" storage="c:\users\hallam\work\mmm\testing\goedel.cryptography.dare.test-xunit\bin\debug\net6.0\goedel.cryptography.dare.test-xunit.dll" id="75ff8909-1a5c-241d-fa9b-06e42553db2f">
      <Execution id="ee65e0cc-8b59-4bfd-a17b-139d09efd4d2" />
      <TestMethod codeBase="C:\Users\hallam\Work\mmm\Testing\Goedel.Cryptography.Dare.Test-xunit\bin\Debug\net6.0\Goedel.Cryptography.Dare.Test-xunit.dll" adapterTypeName="executor://xunit/VsTestRunner2/netcoreapp" className="Goedel.XUnit.TestDareArchive" name="TestFileContainerEncrypted16" />
    </UnitTest>
    <UnitTest name="Goedel.XUnit.ShellTests.TestAccount" storage="c:\users\hallam\work\mmm\testing\goedel.mesh.shell.test-xunit\bin\debug\net6.0\goedel.mesh.shell.test-xunit.dll" id="38a6dbd2-296e-fe08-85d6-21dd4df699e5">
      <Execution id="2a44d275-a662-43c5-99b5-9ba629f2cb7d" />
      <TestMethod codeBase="C:\Users\hallam\Work\mmm\Testing\Goedel.Mesh.Shell.Test-xunit\bin\Debug\net6.0\Goedel.Mesh.Shell.Test-xunit.dll" adapterTypeName="executor://xunit/VsTestRunner2/netcoreapp" className="Goedel.XUnit.ShellTests" name="TestAccount" />
    </UnitTest>
    <UnitTest name="Goedel.XUnit.ShellTestsAdmin.TestCreateAdmin" storage="c:\users\hallam\work\mmm\testing\goedel.mesh.shell.test-xunit\bin\debug\net6.0\goedel.mesh.shell.test-xunit.dll" id="e9d0e6f0-5ea9-5ab2-479b-89408844d977">
      <Execution id="9ba247f9-634a-479f-98a1-63f655a09c4f" />
      <TestMethod codeBase="C:\Users\hallam\Work\mmm\Testing\Goedel.Mesh.Shell.Test-xunit\bin\Debug\net6.0\Goedel.Mesh.Shell.Test-xunit.dll" adapterTypeName="executor://xunit/VsTestRunner2/netcoreapp" className="Goedel.XUnit.ShellTestsAdmin" name="TestCreateAdmin" />
    </UnitTest>
    <UnitTest name="Goedel.XUnit.TestService.TestCredentialAccountFails(dataValidity: CorruptPayload)" storage="c:\users\hallam\work\mmm\testing\goedel.mesh.protocol.test-xunit\bin\debug\net6.0\goedel.mesh.protocol.test-xunit.dll" id="5e8f73df-e3c7-2a95-f5fd-31ab91a32a29">
      <Execution id="fbabcbc3-c4ce-4715-bc95-b3227a400e98" />
      <TestMethod codeBase="C:\Users\hallam\Work\mmm\Testing\Goedel.Mesh.Protocol.Test-xunit\bin\Debug\net6.0\Goedel.Mesh.Protocol.Test-xunit.dll" adapterTypeName="executor://xunit/VsTestRunner2/netcoreapp" className="Goedel.XUnit.TestService" name="TestCredentialAccountFails" />
    </UnitTest>
    <UnitTest name="Goedel.XUnit.TestService.KeyShareTestCapability(cryptoAlgorithmId: Ed448)" storage="c:\users\hallam\work\mmm\testing\goedel.mesh.protocol.test-xunit\bin\debug\net6.0\goedel.mesh.protocol.test-xunit.dll" id="9020e801-d306-7d29-e6f9-a5752c8b9898">
      <Execution id="2746f6fc-a9d9-4039-a31e-e243a7ac507b" />
      <TestMethod codeBase="C:\Users\hallam\Work\mmm\Testing\Goedel.Mesh.Protocol.Test-xunit\bin\Debug\net6.0\Goedel.Mesh.Protocol.Test-xunit.dll" adapterTypeName="executor://xunit/VsTestRunner2/netcoreapp" className="Goedel.XUnit.TestService" name="KeyShareTestCapability" />
    </UnitTest>
    <UnitTest name="Goedel.XUnit.ShellTests.TestCreateAdmin" storage="c:\users\hallam\work\mmm\testing\goedel.mesh.shell.test-xunit\bin\debug\net6.0\goedel.mesh.shell.test-xunit.dll" id="eb472fe0-08d1-3f35-14ba-87fa3d975d21">
      <Execution id="b03cc343-1301-4a2b-9b7b-1a065bb16da2" />
      <TestMethod codeBase="C:\Users\hallam\Work\mmm\Testing\Goedel.Mesh.Shell.Test-xunit\bin\Debug\net6.0\Goedel.Mesh.Shell.Test-xunit.dll" adapterTypeName="executor://xunit/VsTestRunner2/netcoreapp" className="Goedel.XUnit.ShellTests" name="TestCreateAdmin" />
    </UnitTest>
    <UnitTest name="Goedel.XUnit.TestGoedelCryptography.TestDHAgree" storage="c:\users\hallam\work\mmm\testing\goedel.cryptography.test-xunit\bin\debug\net6.0\goedel.cryptography.test-xunit.dll" id="245b6cc9-8490-865b-28ee-f65148c66710">
      <Execution id="2f5190ae-9e3f-4939-9811-ded336735220" />
      <TestMethod codeBase="C:\Users\hallam\Work\mmm\Testing\Goedel.Cryptography.Test-xunit\bin\Debug\net6.0\Goedel.Cryptography.Test-xunit.dll" adapterTypeName="executor://xunit/VsTestRunner2/netcoreapp" className="Goedel.XUnit.TestGoedelCryptography" name="TestDHAgree" />
    </UnitTest>
    <UnitTest name="Goedel.XUnit.TestService.MeshDeviceConnectApprove" storage="c:\users\hallam\work\mmm\testing\goedel.mesh.protocol.test-xunit\bin\debug\net6.0\goedel.mesh.protocol.test-xunit.dll" id="632951c1-4207-feb4-753a-c1349c3552cf">
      <Execution id="326ec58a-dd34-4630-8004-a974c0f6f871" />
      <TestMethod codeBase="C:\Users\hallam\Work\mmm\Testing\Goedel.Mesh.Protocol.Test-xunit\bin\Debug\net6.0\Goedel.Mesh.Protocol.Test-xunit.dll" adapterTypeName="executor://xunit/VsTestRunner2/netcoreapp" className="Goedel.XUnit.TestService" name="MeshDeviceConnectApprove" />
    </UnitTest>
    <UnitTest name="Goedel.XUnit.TestDare.EnvelopeCryptoParameters" storage="c:\users\hallam\work\mmm\testing\goedel.cryptography.dare.test-xunit\bin\debug\net6.0\goedel.cryptography.dare.test-xunit.dll" id="c135772d-22fd-b4c3-569b-fb4810cb5d39">
      <Execution id="7bf4a0d4-2d27-4974-835a-54bb1a185bce" />
      <TestMethod codeBase="C:\Users\hallam\Work\mmm\Testing\Goedel.Cryptography.Dare.Test-xunit\bin\Debug\net6.0\Goedel.Cryptography.Dare.Test-xunit.dll" adapterTypeName="executor://xunit/VsTestRunner2/netcoreapp" className="Goedel.XUnit.TestDare" name="EnvelopeCryptoParameters" />
    </UnitTest>
    <UnitTest name="Goedel.XUnit.TestService.ProtocolHello" storage="c:\users\hallam\work\mmm\testing\goedel.mesh.protocol.test-xunit\bin\debug\net6.0\goedel.mesh.protocol.test-xunit.dll" id="27eb7a22-4057-c380-f997-f9370d562f4b">
      <Execution id="84b2394b-c366-4891-8b3e-c877de328dc2" />
      <TestMethod codeBase="C:\Users\hallam\Work\mmm\Testing\Goedel.Mesh.Protocol.Test-xunit\bin\Debug\net6.0\Goedel.Mesh.Protocol.Test-xunit.dll" adapterTypeName="executor://xunit/VsTestRunner2/netcoreapp" className="Goedel.XUnit.TestService" name="ProtocolHello" />
    </UnitTest>
    <UnitTest name="Goedel.XUnit.TestCryptographyJose.Test_Jose_Sign_Encrypt" storage="c:\users\hallam\work\mmm\testing\goedel.cryptography.jose.test-xunit\bin\debug\net6.0\goedel.cryptography.jose.test-xunit.dll" id="df285286-b95d-20eb-b5c4-c9bae2b0c45c">
      <Execution id="d5022d79-ba49-4988-a13c-f550297c9871" />
      <TestMethod codeBase="C:\Users\hallam\Work\mmm\Testing\Goedel.Cryptography.Jose.Test-xunit\bin\Debug\net6.0\Goedel.Cryptography.Jose.Test-xunit.dll" adapterTypeName="executor://xunit/VsTestRunner2/netcoreapp" className="Goedel.XUnit.TestCryptographyJose" name="Test_Jose_Sign_Encrypt" />
    </UnitTest>
    <UnitTest name="Goedel.XUnit.TestGoedelCryptography.TestEd448x" storage="c:\users\hallam\work\mmm\testing\goedel.cryptography.test-xunit\bin\debug\net6.0\goedel.cryptography.test-xunit.dll" id="271aeab8-de6f-2866-b637-50312bf58fed">
      <Execution id="94d299e2-71b8-4be8-bdfc-08a351cad1cb" />
      <TestMethod codeBase="C:\Users\hallam\Work\mmm\Testing\Goedel.Cryptography.Test-xunit\bin\Debug\net6.0\Goedel.Cryptography.Test-xunit.dll" adapterTypeName="executor://xunit/VsTestRunner2/netcoreapp" className="Goedel.XUnit.TestGoedelCryptography" name="TestEd448x" />
    </UnitTest>
    <UnitTest name="Goedel.XUnit.TestService.TestCredentialAccountFails(dataValidity: CorruptSigner)" storage="c:\users\hallam\work\mmm\testing\goedel.mesh.protocol.test-xunit\bin\debug\net6.0\goedel.mesh.protocol.test-xunit.dll" id="a2a71381-ca9c-231e-738c-a3c437121e62">
      <Execution id="054098aa-8da2-4ddc-aef3-37a907f7e0dc" />
      <TestMethod codeBase="C:\Users\hallam\Work\mmm\Testing\Goedel.Mesh.Protocol.Test-xunit\bin\Debug\net6.0\Goedel.Mesh.Protocol.Test-xunit.dll" adapterTypeName="executor://xunit/VsTestRunner2/netcoreapp" className="Goedel.XUnit.TestService" name="TestCredentialAccountFails" />
    </UnitTest>
    <UnitTest name="Goedel.XUnit.TestService.TestProfileFails(dataValidity: CorruptSigner)" storage="c:\users\hallam\work\mmm\testing\goedel.mesh.protocol.test-xunit\bin\debug\net6.0\goedel.mesh.protocol.test-xunit.dll" id="b7804ac4-1278-f4e7-db6d-32aa2b476729">
      <Execution id="816cd9e6-8d64-44ed-b4ce-a71631820d4d" />
      <TestMethod codeBase="C:\Users\hallam\Work\mmm\Testing\Goedel.Mesh.Protocol.Test-xunit\bin\Debug\net6.0\Goedel.Mesh.Protocol.Test-xunit.dll" adapterTypeName="executor://xunit/VsTestRunner2/netcoreapp" className="Goedel.XUnit.TestService" name="TestProfileFails" />
    </UnitTest>
    <UnitTest name="Goedel.XUnit.GoedelProtocol.TestJSONB2" storage="c:\users\hallam\work\mmm\testing\goedel.protocol.test-xunit\bin\debug\net6.0\goedel.protocol.test-xunit.dll" id="00178778-d4c0-ca46-e0c6-254436f9d67e">
      <Execution id="3fd61784-8b9b-4768-a826-5a4ab21a269c" />
      <TestMethod codeBase="C:\Users\hallam\Work\mmm\Testing\Goedel.Protocol.Test-xunit\bin\Debug\net6.0\Goedel.Protocol.Test-xunit.dll" adapterTypeName="executor://xunit/VsTestRunner2/netcoreapp" className="Goedel.XUnit.GoedelProtocol" name="TestJSONB2" />
    </UnitTest>
    <UnitTest name="Goedel.XUnit.TestContainers.ContainerTestSigned" storage="c:\users\hallam\work\mmm\testing\goedel.cryptography.dare.test-xunit\bin\debug\net6.0\goedel.cryptography.dare.test-xunit.dll" id="74abd699-6abd-06c6-6f37-3a9a548a780b">
      <Execution id="3cf8d212-ce27-41b7-aeda-8bf38b586dde" />
      <TestMethod codeBase="C:\Users\hallam\Work\mmm\Testing\Goedel.Cryptography.Dare.Test-xunit\bin\Debug\net6.0\Goedel.Cryptography.Dare.Test-xunit.dll" adapterTypeName="executor://xunit/VsTestRunner2/netcoreapp" className="Goedel.XUnit.TestContainers" name="ContainerTestSigned" />
    </UnitTest>
    <UnitTest name="Goedel.XUnit.TestLifecycle.Test_LifecycleEphemeral(CryptoAlgorithmID: Ed448, KeySize: 2048)" storage="c:\users\hallam\work\mmm\testing\goedel.cryptography.test-xunit\bin\debug\net6.0\goedel.cryptography.test-xunit.dll" id="395b538a-007e-9fbb-2380-aa4084eadb1d">
      <Execution id="44ed615c-73f2-42e3-a899-d47e8b9e7e0a" />
      <TestMethod codeBase="C:\Users\hallam\Work\mmm\Testing\Goedel.Cryptography.Test-xunit\bin\Debug\net6.0\Goedel.Cryptography.Test-xunit.dll" adapterTypeName="executor://xunit/VsTestRunner2/netcoreapp" className="Goedel.XUnit.TestLifecycle" name="Test_LifecycleEphemeral" />
    </UnitTest>
    <UnitTest name="Goedel.XUnit.TestContainers.ContainerFixedExchangeTest(encryptPolicy: &quot;Isolated&quot;, seal: True, records: 50, maxSize: 2048, reOpen: 5, moveStep: 2, cryptoAlgorithmId: X25519)" storage="c:\users\hallam\work\mmm\testing\goedel.cryptography.dare.test-xunit\bin\debug\net6.0\goedel.cryptography.dare.test-xunit.dll" id="f9b35048-4dbe-6165-d3a8-c4d1ab7e122e">
      <Execution id="78397711-7876-475c-aba3-dd7859f2083f" />
      <TestMethod codeBase="C:\Users\hallam\Work\mmm\Testing\Goedel.Cryptography.Dare.Test-xunit\bin\Debug\net6.0\Goedel.Cryptography.Dare.Test-xunit.dll" adapterTypeName="executor://xunit/VsTestRunner2/netcoreapp" className="Goedel.XUnit.TestContainers" name="ContainerFixedExchangeTest" />
    </UnitTest>
    <UnitTest name="Goedel.XUnit.TestContainers.ContainerTestList0" storage="c:\users\hallam\work\mmm\testing\goedel.cryptography.dare.test-xunit\bin\debug\net6.0\goedel.cryptography.dare.test-xunit.dll" id="d41a811e-901d-c280-8d9f-f781c75ac93d">
      <Execution id="ede08c5f-e489-4811-a039-845da5e216f0" />
      <TestMethod codeBase="C:\Users\hallam\Work\mmm\Testing\Goedel.Cryptography.Dare.Test-xunit\bin\Debug\net6.0\Goedel.Cryptography.Dare.Test-xunit.dll" adapterTypeName="executor://xunit/VsTestRunner2/netcoreapp" className="Goedel.XUnit.TestContainers" name="ContainerTestList0" />
    </UnitTest>
    <UnitTest name="Goedel.XUnit.TestCryptographyJose.RoundTripKeyEphemeral(cryptoAlgorithmID: Ed448)" storage="c:\users\hallam\work\mmm\testing\goedel.cryptography.jose.test-xunit\bin\debug\net6.0\goedel.cryptography.jose.test-xunit.dll" id="089d3af4-76a1-39b4-a24c-3a1cdc7d04c2">
      <Execution id="a6a8929d-11d7-4bcc-aedd-14eec8bb5764" />
      <TestMethod codeBase="C:\Users\hallam\Work\mmm\Testing\Goedel.Cryptography.Jose.Test-xunit\bin\Debug\net6.0\Goedel.Cryptography.Jose.Test-xunit.dll" adapterTypeName="executor://xunit/VsTestRunner2/netcoreapp" className="Goedel.XUnit.TestCryptographyJose" name="RoundTripKeyEphemeral" />
    </UnitTest>
    <UnitTest name="Goedel.XUnit.ShellTests.TestFileSignEncrypt" storage="c:\users\hallam\work\mmm\testing\goedel.mesh.shell.test-xunit\bin\debug\net6.0\goedel.mesh.shell.test-xunit.dll" id="b7d491e4-3902-d7c5-65c2-1bdd88903bbe">
      <Execution id="61d09c29-ec01-413b-b6e7-20fe0835bf31" />
      <TestMethod codeBase="C:\Users\hallam\Work\mmm\Testing\Goedel.Mesh.Shell.Test-xunit\bin\Debug\net6.0\Goedel.Mesh.Shell.Test-xunit.dll" adapterTypeName="executor://xunit/VsTestRunner2/netcoreapp" className="Goedel.XUnit.ShellTests" name="TestFileSignEncrypt" />
    </UnitTest>
    <UnitTest name="Goedel.XUnit.ShellTests.TestProfileBookmark" storage="c:\users\hallam\work\mmm\testing\goedel.mesh.shell.test-xunit\bin\debug\net6.0\goedel.mesh.shell.test-xunit.dll" id="c98c49e0-26e9-de0d-e2be-9a222f304b6c">
      <Execution id="c220a2f7-3b46-483d-9a47-700fdf6014f4" />
      <TestMethod codeBase="C:\Users\hallam\Work\mmm\Testing\Goedel.Mesh.Shell.Test-xunit\bin\Debug\net6.0\Goedel.Mesh.Shell.Test-xunit.dll" adapterTypeName="executor://xunit/VsTestRunner2/netcoreapp" className="Goedel.XUnit.ShellTests" name="TestProfileBookmark" />
    </UnitTest>
    <UnitTest name="Goedel.XUnit.TestLifecycle.Test_LifecycleDevice(CryptoAlgorithmID: Signature, KeySize: 2048)" storage="c:\users\hallam\work\mmm\testing\goedel.cryptography.test-xunit\bin\debug\net6.0\goedel.cryptography.test-xunit.dll" id="b42c4eb0-64db-2ee9-9dc9-92e68fbf167e">
      <Execution id="52b0a4e8-d3b4-4590-a93e-71015e7076f3" />
      <TestMethod codeBase="C:\Users\hallam\Work\mmm\Testing\Goedel.Cryptography.Test-xunit\bin\Debug\net6.0\Goedel.Cryptography.Test-xunit.dll" adapterTypeName="executor://xunit/VsTestRunner2/netcoreapp" className="Goedel.XUnit.TestLifecycle" name="Test_LifecycleDevice" />
    </UnitTest>
    <UnitTest name="Goedel.XUnit.TestContainers.ContainerFixedExchangeTest(encryptPolicy: &quot;Once&quot;, seal: True, records: 50, maxSize: 2048, reOpen: 5, moveStep: 2, cryptoAlgorithmId: X25519)" storage="c:\users\hallam\work\mmm\testing\goedel.cryptography.dare.test-xunit\bin\debug\net6.0\goedel.cryptography.dare.test-xunit.dll" id="46c30354-96c1-1ef4-4036-55881d288928">
      <Execution id="6c3ff860-e64e-4a04-bc84-bc91ca2cf2a8" />
      <TestMethod codeBase="C:\Users\hallam\Work\mmm\Testing\Goedel.Cryptography.Dare.Test-xunit\bin\Debug\net6.0\Goedel.Cryptography.Dare.Test-xunit.dll" adapterTypeName="executor://xunit/VsTestRunner2/netcoreapp" className="Goedel.XUnit.TestContainers" name="ContainerFixedExchangeTest" />
    </UnitTest>
    <UnitTest name="Goedel.XUnit.MakeSiteDocs.CreateMail" storage="c:\users\hallam\work\mmm\testing\test.makesitedocs\bin\debug\net6.0\test.makesitedocs.dll" id="02226e15-e193-96ac-0c14-0602036bd9db">
      <Execution id="4e5db5c6-c0e2-436f-ac91-12f1bd76c900" />
      <TestMethod codeBase="C:\Users\hallam\Work\mmm\Testing\Test.MakeSiteDocs\bin\Debug\net6.0\Test.MakeSiteDocs.dll" adapterTypeName="executor://xunit/VsTestRunner2/netcoreapp" className="Goedel.XUnit.MakeSiteDocs" name="CreateMail" />
    </UnitTest>
    <UnitTest name="Goedel.XUnit.TestSplit.TestShares(N: 9, K: 2)" storage="c:\users\hallam\work\mmm\testing\goedel.cryptography.test-xunit\bin\debug\net6.0\goedel.cryptography.test-xunit.dll" id="01247db7-b158-a241-0ba6-9d83a3ef6327">
      <Execution id="5e794d53-b873-4d54-96bc-4cb9267ed9f1" />
      <TestMethod codeBase="C:\Users\hallam\Work\mmm\Testing\Goedel.Cryptography.Test-xunit\bin\Debug\net6.0\Goedel.Cryptography.Test-xunit.dll" adapterTypeName="executor://xunit/VsTestRunner2/netcoreapp" className="Goedel.XUnit.TestSplit" name="TestShares" />
    </UnitTest>
    <UnitTest name="Goedel.XUnit.TestGoedelCryptography.X448Agree(count: 1000)" storage="c:\users\hallam\work\mmm\testing\goedel.cryptography.test-xunit\bin\debug\net6.0\goedel.cryptography.test-xunit.dll" id="57db2f72-ca51-5233-f394-20b3a5d1bb5d">
      <Execution id="bb82e4b5-9926-4f55-ad80-796f6dd57ecf" />
      <TestMethod codeBase="C:\Users\hallam\Work\mmm\Testing\Goedel.Cryptography.Test-xunit\bin\Debug\net6.0\Goedel.Cryptography.Test-xunit.dll" adapterTypeName="executor://xunit/VsTestRunner2/netcoreapp" className="Goedel.XUnit.TestGoedelCryptography" name="X448Agree" />
    </UnitTest>
    <UnitTest name="Goedel.XUnit.TestSplit.TestKey(bits: 32, hexData: &quot;10000000&quot;)" storage="c:\users\hallam\work\mmm\testing\goedel.cryptography.test-xunit\bin\debug\net6.0\goedel.cryptography.test-xunit.dll" id="3a3596c0-f5c1-01ef-d821-4fe9b11b00a3">
      <Execution id="2a33d0ee-b0c5-4b21-8599-0c964ef4d766" />
      <TestMethod codeBase="C:\Users\hallam\Work\mmm\Testing\Goedel.Cryptography.Test-xunit\bin\Debug\net6.0\Goedel.Cryptography.Test-xunit.dll" adapterTypeName="executor://xunit/VsTestRunner2/netcoreapp" className="Goedel.XUnit.TestSplit" name="TestKey" />
    </UnitTest>
    <UnitTest name="Goedel.XUnit.TestContainers.ContainerFixedExchangeTest(encryptPolicy: &quot;Session&quot;, seal: True, records: 50, maxSize: 2048, reOpen: 5, moveStep: 2, cryptoAlgorithmId: X25519)" storage="c:\users\hallam\work\mmm\testing\goedel.cryptography.dare.test-xunit\bin\debug\net6.0\goedel.cryptography.dare.test-xunit.dll" id="897942f0-2849-905d-b602-4a5fba64b7f2">
      <Execution id="6f63bcac-beea-4a57-bc31-d2039919365a" />
      <TestMethod codeBase="C:\Users\hallam\Work\mmm\Testing\Goedel.Cryptography.Dare.Test-xunit\bin\Debug\net6.0\Goedel.Cryptography.Dare.Test-xunit.dll" adapterTypeName="executor://xunit/VsTestRunner2/netcoreapp" className="Goedel.XUnit.TestContainers" name="ContainerFixedExchangeTest" />
    </UnitTest>
    <UnitTest name="Goedel.XUnit.TestGoedelCryptography.EncodingTest(iterations: 10, cryptoAlgorithmId: X25519)" storage="c:\users\hallam\work\mmm\testing\goedel.cryptography.test-xunit\bin\debug\net6.0\goedel.cryptography.test-xunit.dll" id="3f238926-f553-fcd1-4e93-eaf158909183">
      <Execution id="16189861-91e6-47a5-a82b-013b7fe07a35" />
      <TestMethod codeBase="C:\Users\hallam\Work\mmm\Testing\Goedel.Cryptography.Test-xunit\bin\Debug\net6.0\Goedel.Cryptography.Test-xunit.dll" adapterTypeName="executor://xunit/VsTestRunner2/netcoreapp" className="Goedel.XUnit.TestGoedelCryptography" name="EncodingTest" />
    </UnitTest>
    <UnitTest name="Goedel.XUnit.TestLifecycle.Test_LifecycleExportable(CryptoAlgorithmID: Signature, KeySize: 2048)" storage="c:\users\hallam\work\mmm\testing\goedel.cryptography.test-xunit\bin\debug\net6.0\goedel.cryptography.test-xunit.dll" id="996cd6ae-0144-8d60-c4e3-052c9d97199a">
      <Execution id="8d50a49e-8e61-4d30-8112-c688dab8fbfc" />
      <TestMethod codeBase="C:\Users\hallam\Work\mmm\Testing\Goedel.Cryptography.Test-xunit\bin\Debug\net6.0\Goedel.Cryptography.Test-xunit.dll" adapterTypeName="executor://xunit/VsTestRunner2/netcoreapp" className="Goedel.XUnit.TestLifecycle" name="Test_LifecycleExportable" />
    </UnitTest>
    <UnitTest name="Goedel.XUnit.TestService.PrivateKeyRoundTrip(cryptoAlgorithmId: EdDSA, round: 0)" storage="c:\users\hallam\work\mmm\testing\goedel.mesh.protocol.test-xunit\bin\debug\net6.0\goedel.mesh.protocol.test-xunit.dll" id="74e6f7f5-a6b2-4674-b99d-e070ba87852c">
      <Execution id="38892a9f-0c9d-4360-bfdd-243607177e4f" />
      <TestMethod codeBase="C:\Users\hallam\Work\mmm\Testing\Goedel.Mesh.Protocol.Test-xunit\bin\Debug\net6.0\Goedel.Mesh.Protocol.Test-xunit.dll" adapterTypeName="executor://xunit/VsTestRunner2/netcoreapp" className="Goedel.XUnit.TestService" name="PrivateKeyRoundTrip" />
    </UnitTest>
    <UnitTest name="Goedel.XUnit.ShellTestsAdmin.TestLog" storage="c:\users\hallam\work\mmm\testing\goedel.mesh.shell.test-xunit\bin\debug\net6.0\goedel.mesh.shell.test-xunit.dll" id="6b8472a8-0222-47b8-3f37-4fe6d6262bdf">
      <Execution id="1e2c8610-100e-4891-8e3c-b676661f69b3" />
      <TestMethod codeBase="C:\Users\hallam\Work\mmm\Testing\Goedel.Mesh.Shell.Test-xunit\bin\Debug\net6.0\Goedel.Mesh.Shell.Test-xunit.dll" adapterTypeName="executor://xunit/VsTestRunner2/netcoreapp" className="Goedel.XUnit.ShellTestsAdmin" name="TestLog" />
    </UnitTest>
    <UnitTest name="Goedel.XUnit.TestContainers.ContainerFixedExchangeTest(encryptPolicy: &quot;Session&quot;, seal: True, records: 50, maxSize: 2048, reOpen: 5, moveStep: 2, cryptoAlgorithmId: X448)" storage="c:\users\hallam\work\mmm\testing\goedel.cryptography.dare.test-xunit\bin\debug\net6.0\goedel.cryptography.dare.test-xunit.dll" id="98391cdd-e73f-3de7-4472-e368c459ff51">
      <Execution id="bcb28030-a304-4a23-a667-1eaa92e7194c" />
      <TestMethod codeBase="C:\Users\hallam\Work\mmm\Testing\Goedel.Cryptography.Dare.Test-xunit\bin\Debug\net6.0\Goedel.Cryptography.Dare.Test-xunit.dll" adapterTypeName="executor://xunit/VsTestRunner2/netcoreapp" className="Goedel.XUnit.TestContainers" name="ContainerFixedExchangeTest" />
    </UnitTest>
    <UnitTest name="Goedel.XUnit.TestGoedelCryptography.X448SignedMultiplyFast(totalIn: 1000, partIn: 500)" storage="c:\users\hallam\work\mmm\testing\goedel.cryptography.test-xunit\bin\debug\net6.0\goedel.cryptography.test-xunit.dll" id="b82e8c65-5fcb-ecac-9e34-dfe91c6ca3e1">
      <Execution id="6756ddf9-2c28-462b-8ccc-5be80818cc64" />
      <TestMethod codeBase="C:\Users\hallam\Work\mmm\Testing\Goedel.Cryptography.Test-xunit\bin\Debug\net6.0\Goedel.Cryptography.Test-xunit.dll" adapterTypeName="executor://xunit/VsTestRunner2/netcoreapp" className="Goedel.XUnit.TestGoedelCryptography" name="X448SignedMultiplyFast" />
    </UnitTest>
    <UnitTest name="Goedel.XUnit.TestSplit.TestShares(N: 2, K: 1)" storage="c:\users\hallam\work\mmm\testing\goedel.cryptography.test-xunit\bin\debug\net6.0\goedel.cryptography.test-xunit.dll" id="5d0e1866-3198-d4a3-b8c9-001c81d460b5">
      <Execution id="f242bd60-7a05-4245-8422-030ace75778c" />
      <TestMethod codeBase="C:\Users\hallam\Work\mmm\Testing\Goedel.Cryptography.Test-xunit\bin\Debug\net6.0\Goedel.Cryptography.Test-xunit.dll" adapterTypeName="executor://xunit/VsTestRunner2/netcoreapp" className="Goedel.XUnit.TestSplit" name="TestShares" />
    </UnitTest>
    <UnitTest name="Goedel.XUnit.TestSplit.TestKey(bits: 32, hexData: &quot;00000001&quot;)" storage="c:\users\hallam\work\mmm\testing\goedel.cryptography.test-xunit\bin\debug\net6.0\goedel.cryptography.test-xunit.dll" id="593318b8-c2bd-1e7f-11a7-bcfe4053351e">
      <Execution id="a841ffe2-c440-4d4c-80a7-5aa418edeeb8" />
      <TestMethod codeBase="C:\Users\hallam\Work\mmm\Testing\Goedel.Cryptography.Test-xunit\bin\Debug\net6.0\Goedel.Cryptography.Test-xunit.dll" adapterTypeName="executor://xunit/VsTestRunner2/netcoreapp" className="Goedel.XUnit.TestSplit" name="TestKey" />
    </UnitTest>
    <UnitTest name="Goedel.XUnit.TestGoedelCryptography.TestDHEd25519Decode" storage="c:\users\hallam\work\mmm\testing\goedel.cryptography.test-xunit\bin\debug\net6.0\goedel.cryptography.test-xunit.dll" id="a8216dc2-08cc-0c77-bd9c-5e517ed0df5e">
      <Execution id="74aa1c23-a355-4c51-886b-fdccd64149b7" />
      <TestMethod codeBase="C:\Users\hallam\Work\mmm\Testing\Goedel.Cryptography.Test-xunit\bin\Debug\net6.0\Goedel.Cryptography.Test-xunit.dll" adapterTypeName="executor://xunit/VsTestRunner2/netcoreapp" className="Goedel.XUnit.TestGoedelCryptography" name="TestDHEd25519Decode" />
    </UnitTest>
    <UnitTest name="Goedel.XUnit.TestLifecycle.Test_LifecycleEphemeral(CryptoAlgorithmID: Exchange, KeySize: 2048)" storage="c:\users\hallam\work\mmm\testing\goedel.cryptography.test-xunit\bin\debug\net6.0\goedel.cryptography.test-xunit.dll" id="25f2685f-fd2d-dbd0-4fd8-5ad24daff3b2">
      <Execution id="dfe094fd-9c11-49aa-a938-5aa6bc1c74cf" />
      <TestMethod codeBase="C:\Users\hallam\Work\mmm\Testing\Goedel.Cryptography.Test-xunit\bin\Debug\net6.0\Goedel.Cryptography.Test-xunit.dll" adapterTypeName="executor://xunit/VsTestRunner2/netcoreapp" className="Goedel.XUnit.TestLifecycle" name="Test_LifecycleEphemeral" />
    </UnitTest>
    <UnitTest name="Goedel.XUnit.ShellTestsAdmin.TestMessageContactBusinessCardExchange" storage="c:\users\hallam\work\mmm\testing\goedel.mesh.shell.test-xunit\bin\debug\net6.0\goedel.mesh.shell.test-xunit.dll" id="69a4c9e4-df4a-b770-9a53-01e7fc795a86">
      <Execution id="647a8b0d-db38-4733-a7f5-9ba54a775d86" />
      <TestMethod codeBase="C:\Users\hallam\Work\mmm\Testing\Goedel.Mesh.Shell.Test-xunit\bin\Debug\net6.0\Goedel.Mesh.Shell.Test-xunit.dll" adapterTypeName="executor://xunit/VsTestRunner2/netcoreapp" className="Goedel.XUnit.ShellTestsAdmin" name="TestMessageContactBusinessCardExchange" />
    </UnitTest>
    <UnitTest name="Goedel.XUnit.TestDare.EnvelopeEncryptedAtomic" storage="c:\users\hallam\work\mmm\testing\goedel.cryptography.dare.test-xunit\bin\debug\net6.0\goedel.cryptography.dare.test-xunit.dll" id="7d8f9d78-7bd7-017d-a558-7fbd6baaadc8">
      <Execution id="943af553-d2e5-4c0c-8610-328946a70b94" />
      <TestMethod codeBase="C:\Users\hallam\Work\mmm\Testing\Goedel.Cryptography.Dare.Test-xunit\bin\Debug\net6.0\Goedel.Cryptography.Dare.Test-xunit.dll" adapterTypeName="executor://xunit/VsTestRunner2/netcoreapp" className="Goedel.XUnit.TestDare" name="EnvelopeEncryptedAtomic" />
    </UnitTest>
    <UnitTest name="Goedel.XUnit.TestGoedelCryptography.CombineCurveX448(iterations: 100)" storage="c:\users\hallam\work\mmm\testing\goedel.cryptography.test-xunit\bin\debug\net6.0\goedel.cryptography.test-xunit.dll" id="b3d85452-e976-3d05-c796-0f4024a595c3">
      <Execution id="c0b5b663-c9fc-4e84-9325-53667d1f38ff" />
      <TestMethod codeBase="C:\Users\hallam\Work\mmm\Testing\Goedel.Cryptography.Test-xunit\bin\Debug\net6.0\Goedel.Cryptography.Test-xunit.dll" adapterTypeName="executor://xunit/VsTestRunner2/netcoreapp" className="Goedel.XUnit.TestGoedelCryptography" name="CombineCurveX448" />
    </UnitTest>
    <UnitTest name="Goedel.XUnit.TestCryptographyJose.RoundTripKeyEphemeral(cryptoAlgorithmID: EdDSA)" storage="c:\users\hallam\work\mmm\testing\goedel.cryptography.jose.test-xunit\bin\debug\net6.0\goedel.cryptography.jose.test-xunit.dll" id="2e451957-baa2-a1e5-8bea-b6b41ddd1bdb">
      <Execution id="5e8ea70e-c276-4503-b0f4-5018e9efdf13" />
      <TestMethod codeBase="C:\Users\hallam\Work\mmm\Testing\Goedel.Cryptography.Jose.Test-xunit\bin\Debug\net6.0\Goedel.Cryptography.Jose.Test-xunit.dll" adapterTypeName="executor://xunit/VsTestRunner2/netcoreapp" className="Goedel.XUnit.TestCryptographyJose" name="RoundTripKeyEphemeral" />
    </UnitTest>
    <UnitTest name="Goedel.XUnit.TestLifecycle.Test_LifecycleAdmin(CryptoAlgorithmID: DH, KeySize: 2048)" storage="c:\users\hallam\work\mmm\testing\goedel.cryptography.test-xunit\bin\debug\net6.0\goedel.cryptography.test-xunit.dll" id="916a15da-e5ca-6bcb-2bf9-c0a78f139a57">
      <Execution id="85625452-77b8-4d16-8c48-c27c1fe92243" />
      <TestMethod codeBase="C:\Users\hallam\Work\mmm\Testing\Goedel.Cryptography.Test-xunit\bin\Debug\net6.0\Goedel.Cryptography.Test-xunit.dll" adapterTypeName="executor://xunit/VsTestRunner2/netcoreapp" className="Goedel.XUnit.TestLifecycle" name="Test_LifecycleAdmin" />
    </UnitTest>
    <UnitTest name="Goedel.XUnit.TestGoedelCryptography.X448TV3" storage="c:\users\hallam\work\mmm\testing\goedel.cryptography.test-xunit\bin\debug\net6.0\goedel.cryptography.test-xunit.dll" id="17765172-0e51-46f7-902e-497f714f669e">
      <Execution id="c1fc00bb-23cc-47ad-b7c1-a8d49a33bbb1" />
      <TestMethod codeBase="C:\Users\hallam\Work\mmm\Testing\Goedel.Cryptography.Test-xunit\bin\Debug\net6.0\Goedel.Cryptography.Test-xunit.dll" adapterTypeName="executor://xunit/VsTestRunner2/netcoreapp" className="Goedel.XUnit.TestGoedelCryptography" name="X448TV3" />
    </UnitTest>
    <UnitTest name="Goedel.XUnit.TestSplit.TestShares(N: 3, K: 1)" storage="c:\users\hallam\work\mmm\testing\goedel.cryptography.test-xunit\bin\debug\net6.0\goedel.cryptography.test-xunit.dll" id="5b7d492e-79b6-d493-2e8a-65ff14a2f763">
      <Execution id="037538af-6cc2-4dd4-92f2-be7229e029ff" />
      <TestMethod codeBase="C:\Users\hallam\Work\mmm\Testing\Goedel.Cryptography.Test-xunit\bin\Debug\net6.0\Goedel.Cryptography.Test-xunit.dll" adapterTypeName="executor://xunit/VsTestRunner2/netcoreapp" className="Goedel.XUnit.TestSplit" name="TestShares" />
    </UnitTest>
    <UnitTest name="Goedel.XUnit.ShellTests.TestMessageGroup" storage="c:\users\hallam\work\mmm\testing\goedel.mesh.shell.test-xunit\bin\debug\net6.0\goedel.mesh.shell.test-xunit.dll" id="c910bf75-5d83-223f-efd0-1e18d4c9ba6b">
      <Execution id="1514e711-f3bb-4615-8e9c-3c597304c556" />
      <TestMethod codeBase="C:\Users\hallam\Work\mmm\Testing\Goedel.Mesh.Shell.Test-xunit\bin\Debug\net6.0\Goedel.Mesh.Shell.Test-xunit.dll" adapterTypeName="executor://xunit/VsTestRunner2/netcoreapp" className="Goedel.XUnit.ShellTests" name="TestMessageGroup" />
    </UnitTest>
    <UnitTest name="Goedel.XUnit.TestLifecycle.Test_LifecycleAdmin(CryptoAlgorithmID: EdDSA, KeySize: 2048)" storage="c:\users\hallam\work\mmm\testing\goedel.cryptography.test-xunit\bin\debug\net6.0\goedel.cryptography.test-xunit.dll" id="796c1983-b73f-bbf3-81e0-ffdf035f41bf">
      <Execution id="41831716-e53d-4d5d-9d2d-80a5c9803c60" />
      <TestMethod codeBase="C:\Users\hallam\Work\mmm\Testing\Goedel.Cryptography.Test-xunit\bin\Debug\net6.0\Goedel.Cryptography.Test-xunit.dll" adapterTypeName="executor://xunit/VsTestRunner2/netcoreapp" className="Goedel.XUnit.TestLifecycle" name="Test_LifecycleAdmin" />
    </UnitTest>
    <UnitTest name="Goedel.XUnit.GoedelProtocol.TestArrayB2" storage="c:\users\hallam\work\mmm\testing\goedel.protocol.test-xunit\bin\debug\net6.0\goedel.protocol.test-xunit.dll" id="a6332398-9a4d-2093-dec2-de36b60876d0">
      <Execution id="46bbe0b2-6579-472d-8119-003d452eafda" />
      <TestMethod codeBase="C:\Users\hallam\Work\mmm\Testing\Goedel.Protocol.Test-xunit\bin\Debug\net6.0\Goedel.Protocol.Test-xunit.dll" adapterTypeName="executor://xunit/VsTestRunner2/netcoreapp" className="Goedel.XUnit.GoedelProtocol" name="TestArrayB2" />
    </UnitTest>
    <UnitTest name="Goedel.XUnit.ShellTests.TestProfilePassword" storage="c:\users\hallam\work\mmm\testing\goedel.mesh.shell.test-xunit\bin\debug\net6.0\goedel.mesh.shell.test-xunit.dll" id="f9e7455a-06b6-0e61-8b9d-93a04fa6c820">
      <Execution id="54f53089-883a-455a-a24a-16ba40096d6a" />
      <TestMethod codeBase="C:\Users\hallam\Work\mmm\Testing\Goedel.Mesh.Shell.Test-xunit\bin\Debug\net6.0\Goedel.Mesh.Shell.Test-xunit.dll" adapterTypeName="executor://xunit/VsTestRunner2/netcoreapp" className="Goedel.XUnit.ShellTests" name="TestProfilePassword" />
    </UnitTest>
    <UnitTest name="Goedel.XUnit.TestDare.EnvelopeEncryptedAtomicFail" storage="c:\users\hallam\work\mmm\testing\goedel.cryptography.dare.test-xunit\bin\debug\net6.0\goedel.cryptography.dare.test-xunit.dll" id="6eb9aa5f-88be-1e0d-649e-ab62becdbeb4">
      <Execution id="574b14c3-6f9f-4db5-b71b-2693faa23c32" />
      <TestMethod codeBase="C:\Users\hallam\Work\mmm\Testing\Goedel.Cryptography.Dare.Test-xunit\bin\Debug\net6.0\Goedel.Cryptography.Dare.Test-xunit.dll" adapterTypeName="executor://xunit/VsTestRunner2/netcoreapp" className="Goedel.XUnit.TestDare" name="EnvelopeEncryptedAtomicFail" />
    </UnitTest>
    <UnitTest name="Goedel.XUnit.TestGoedelCryptography.X25519TV1" storage="c:\users\hallam\work\mmm\testing\goedel.cryptography.test-xunit\bin\debug\net6.0\goedel.cryptography.test-xunit.dll" id="092ad0a6-3f4d-00b8-ed91-0e05958d481e">
      <Execution id="15d514ba-c0d8-43c8-990c-14ee342f3afb" />
      <TestMethod codeBase="C:\Users\hallam\Work\mmm\Testing\Goedel.Cryptography.Test-xunit\bin\Debug\net6.0\Goedel.Cryptography.Test-xunit.dll" adapterTypeName="executor://xunit/VsTestRunner2/netcoreapp" className="Goedel.XUnit.TestGoedelCryptography" name="X25519TV1" />
    </UnitTest>
    <UnitTest name="Goedel.XUnit.TestCryptography.Test_DHAlg_Ephemeral_Agreement" storage="c:\users\hallam\work\mmm\testing\goedel.cryptography.test-xunit\bin\debug\net6.0\goedel.cryptography.test-xunit.dll" id="17688787-9683-2cec-36ae-ba4901c189a4">
      <Execution id="8caa7fb7-eea8-4ff1-9dce-fa1a6e432eea" />
      <TestMethod codeBase="C:\Users\hallam\Work\mmm\Testing\Goedel.Cryptography.Test-xunit\bin\Debug\net6.0\Goedel.Cryptography.Test-xunit.dll" adapterTypeName="executor://xunit/VsTestRunner2/netcoreapp" className="Goedel.XUnit.TestCryptography" name="Test_DHAlg_Ephemeral_Agreement" />
    </UnitTest>
    <UnitTest name="Goedel.XUnit.TestGoedelCryptography.TestSHA_NIST" storage="c:\users\hallam\work\mmm\testing\goedel.cryptography.test-xunit\bin\debug\net6.0\goedel.cryptography.test-xunit.dll" id="7c27ea7c-38ed-5e34-8392-a2a258ac8b74">
      <Execution id="52624c07-dc37-4d67-b1e8-ae804d9b939c" />
      <TestMethod codeBase="C:\Users\hallam\Work\mmm\Testing\Goedel.Cryptography.Test-xunit\bin\Debug\net6.0\Goedel.Cryptography.Test-xunit.dll" adapterTypeName="executor://xunit/VsTestRunner2/netcoreapp" className="Goedel.XUnit.TestGoedelCryptography" name="TestSHA_NIST" />
    </UnitTest>
    <UnitTest name="Goedel.XUnit.TestCryptographyJose.Test_Write_RSA_Private" storage="c:\users\hallam\work\mmm\testing\goedel.cryptography.jose.test-xunit\bin\debug\net6.0\goedel.cryptography.jose.test-xunit.dll" id="2e2307e1-187b-aa40-c2b7-a2a5b8b0b6d1">
      <Execution id="e0982e2c-1613-4fad-a467-dd38801c31b6" />
      <TestMethod codeBase="C:\Users\hallam\Work\mmm\Testing\Goedel.Cryptography.Jose.Test-xunit\bin\Debug\net6.0\Goedel.Cryptography.Jose.Test-xunit.dll" adapterTypeName="executor://xunit/VsTestRunner2/netcoreapp" className="Goedel.XUnit.TestCryptographyJose" name="Test_Write_RSA_Private" />
    </UnitTest>
    <UnitTest name="Goedel.XUnit.TestGoedelCryptography.TestBitField2" storage="c:\users\hallam\work\mmm\testing\goedel.cryptography.test-xunit\bin\debug\net6.0\goedel.cryptography.test-xunit.dll" id="bef7a01a-eeb8-f600-5492-769f8c1b3546">
      <Execution id="67579ce6-54dc-4d35-9453-b16304f1713e" />
      <TestMethod codeBase="C:\Users\hallam\Work\mmm\Testing\Goedel.Cryptography.Test-xunit\bin\Debug\net6.0\Goedel.Cryptography.Test-xunit.dll" adapterTypeName="executor://xunit/VsTestRunner2/netcoreapp" className="Goedel.XUnit.TestGoedelCryptography" name="TestBitField2" />
    </UnitTest>
    <UnitTest name="Goedel.XUnit.TestSplit.TestShares(N: 10, K: 2)" storage="c:\users\hallam\work\mmm\testing\goedel.cryptography.test-xunit\bin\debug\net6.0\goedel.cryptography.test-xunit.dll" id="b396dcf1-7191-e4c5-189d-197388a396e7">
      <Execution id="79d945f2-3959-44c7-8ab5-d40295f1dc37" />
      <TestMethod codeBase="C:\Users\hallam\Work\mmm\Testing\Goedel.Cryptography.Test-xunit\bin\Debug\net6.0\Goedel.Cryptography.Test-xunit.dll" adapterTypeName="executor://xunit/VsTestRunner2/netcoreapp" className="Goedel.XUnit.TestSplit" name="TestShares" />
    </UnitTest>
    <UnitTest name="Goedel.XUnit.TestSplit.TestShares(N: 2, K: 2)" storage="c:\users\hallam\work\mmm\testing\goedel.cryptography.test-xunit\bin\debug\net6.0\goedel.cryptography.test-xunit.dll" id="e3cb722d-7ee3-e055-4900-28256b327ba9">
      <Execution id="16214b04-e536-431c-b06e-64b30d08ed16" />
      <TestMethod codeBase="C:\Users\hallam\Work\mmm\Testing\Goedel.Cryptography.Test-xunit\bin\Debug\net6.0\Goedel.Cryptography.Test-xunit.dll" adapterTypeName="executor://xunit/VsTestRunner2/netcoreapp" className="Goedel.XUnit.TestSplit" name="TestShares" />
    </UnitTest>
    <UnitTest name="Goedel.XUnit.TestGoedelCryptography.KeyPairX25519AgreeX" storage="c:\users\hallam\work\mmm\testing\goedel.cryptography.test-xunit\bin\debug\net6.0\goedel.cryptography.test-xunit.dll" id="11a08850-241d-41cd-61cb-792e2ae0cef5">
      <Execution id="5934d578-93d2-4f4a-a305-0df9d071577c" />
      <TestMethod codeBase="C:\Users\hallam\Work\mmm\Testing\Goedel.Cryptography.Test-xunit\bin\Debug\net6.0\Goedel.Cryptography.Test-xunit.dll" adapterTypeName="executor://xunit/VsTestRunner2/netcoreapp" className="Goedel.XUnit.TestGoedelCryptography" name="KeyPairX25519AgreeX" />
    </UnitTest>
    <UnitTest name="Goedel.XUnit.TestLifecycle.Test_LifecycleEphemeral(CryptoAlgorithmID: X448, KeySize: 2048)" storage="c:\users\hallam\work\mmm\testing\goedel.cryptography.test-xunit\bin\debug\net6.0\goedel.cryptography.test-xunit.dll" id="3839c1eb-67a2-1886-a970-27f67947dbf3">
      <Execution id="3160d2e8-ca50-43f6-a21b-260c55ecb78e" />
      <TestMethod codeBase="C:\Users\hallam\Work\mmm\Testing\Goedel.Cryptography.Test-xunit\bin\Debug\net6.0\Goedel.Cryptography.Test-xunit.dll" adapterTypeName="executor://xunit/VsTestRunner2/netcoreapp" className="Goedel.XUnit.TestLifecycle" name="Test_LifecycleEphemeral" />
    </UnitTest>
    <UnitTest name="Goedel.XUnit.TestCryptographyJose.Test_Write_DH_Public" storage="c:\users\hallam\work\mmm\testing\goedel.cryptography.jose.test-xunit\bin\debug\net6.0\goedel.cryptography.jose.test-xunit.dll" id="4cf940e3-acf7-c629-55c8-8981870fd20c">
      <Execution id="2747b148-3338-4cf4-a1e9-901d5fc47b90" />
      <TestMethod codeBase="C:\Users\hallam\Work\mmm\Testing\Goedel.Cryptography.Jose.Test-xunit\bin\Debug\net6.0\Goedel.Cryptography.Jose.Test-xunit.dll" adapterTypeName="executor://xunit/VsTestRunner2/netcoreapp" className="Goedel.XUnit.TestCryptographyJose" name="Test_Write_DH_Public" />
    </UnitTest>
    <UnitTest name="Goedel.XUnit.TestCryptography.TestDH_Recryption_8" storage="c:\users\hallam\work\mmm\testing\goedel.cryptography.test-xunit\bin\debug\net6.0\goedel.cryptography.test-xunit.dll" id="f53a01d7-4f32-2561-5f4b-702b1f11f84a">
      <Execution id="08689134-4469-40fc-9bf2-427b9e6af6df" />
      <TestMethod codeBase="C:\Users\hallam\Work\mmm\Testing\Goedel.Cryptography.Test-xunit\bin\Debug\net6.0\Goedel.Cryptography.Test-xunit.dll" adapterTypeName="executor://xunit/VsTestRunner2/netcoreapp" className="Goedel.XUnit.TestCryptography" name="TestDH_Recryption_8" />
    </UnitTest>
    <UnitTest name="Goedel.XUnit.ShellTestsAdmin.TestAccountDelete" storage="c:\users\hallam\work\mmm\testing\goedel.mesh.shell.test-xunit\bin\debug\net6.0\goedel.mesh.shell.test-xunit.dll" id="fdaaa21e-5dc5-7d54-3db5-73408c3b22bd">
      <Execution id="24f4aa94-9a01-48a4-aea2-ceff46767ee4" />
      <TestMethod codeBase="C:\Users\hallam\Work\mmm\Testing\Goedel.Mesh.Shell.Test-xunit\bin\Debug\net6.0\Goedel.Mesh.Shell.Test-xunit.dll" adapterTypeName="executor://xunit/VsTestRunner2/netcoreapp" className="Goedel.XUnit.ShellTestsAdmin" name="TestAccountDelete" />
    </UnitTest>
    <UnitTest name="Goedel.XUnit.TestCryptographyJose.Test_Jose_Encrypt_Symmetric" storage="c:\users\hallam\work\mmm\testing\goedel.cryptography.jose.test-xunit\bin\debug\net6.0\goedel.cryptography.jose.test-xunit.dll" id="95888011-f8a1-da65-5228-e89cd64b9546">
      <Execution id="ec077890-800e-4f41-b1ec-c28987028b6c" />
      <TestMethod codeBase="C:\Users\hallam\Work\mmm\Testing\Goedel.Cryptography.Jose.Test-xunit\bin\Debug\net6.0\Goedel.Cryptography.Jose.Test-xunit.dll" adapterTypeName="executor://xunit/VsTestRunner2/netcoreapp" className="Goedel.XUnit.TestCryptographyJose" name="Test_Jose_Encrypt_Symmetric" />
    </UnitTest>
    <UnitTest name="Goedel.XUnit.TestCryptographyJose.RoundTripKeyEphemeral(cryptoAlgorithmID: DH)" storage="c:\users\hallam\work\mmm\testing\goedel.cryptography.jose.test-xunit\bin\debug\net6.0\goedel.cryptography.jose.test-xunit.dll" id="e2ea1917-222f-09a7-5f91-0bfca8f3c699">
      <Execution id="fef6e273-67de-4be5-9e7a-752aa415fb52" />
      <TestMethod codeBase="C:\Users\hallam\Work\mmm\Testing\Goedel.Cryptography.Jose.Test-xunit\bin\Debug\net6.0\Goedel.Cryptography.Jose.Test-xunit.dll" adapterTypeName="executor://xunit/VsTestRunner2/netcoreapp" className="Goedel.XUnit.TestCryptographyJose" name="RoundTripKeyEphemeral" />
    </UnitTest>
    <UnitTest name="Goedel.XUnit.TestGoedelCryptography.X25519Agree(count: 1000)" storage="c:\users\hallam\work\mmm\testing\goedel.cryptography.test-xunit\bin\debug\net6.0\goedel.cryptography.test-xunit.dll" id="99add9d0-9098-b6e6-c4e8-8c652e2c5af8">
      <Execution id="d5bb46b8-87fd-4829-85c7-170da25ba254" />
      <TestMethod codeBase="C:\Users\hallam\Work\mmm\Testing\Goedel.Cryptography.Test-xunit\bin\Debug\net6.0\Goedel.Cryptography.Test-xunit.dll" adapterTypeName="executor://xunit/VsTestRunner2/netcoreapp" className="Goedel.XUnit.TestGoedelCryptography" name="X25519Agree" />
    </UnitTest>
    <UnitTest name="Goedel.XUnit.TestGoedelCryptography.X448AgreeX" storage="c:\users\hallam\work\mmm\testing\goedel.cryptography.test-xunit\bin\debug\net6.0\goedel.cryptography.test-xunit.dll" id="30281577-ecc0-29da-7f29-1b69471095a3">
      <Execution id="7cb0e220-1a24-4ced-9aad-fa01d3df445e" />
      <TestMethod codeBase="C:\Users\hallam\Work\mmm\Testing\Goedel.Cryptography.Test-xunit\bin\Debug\net6.0\Goedel.Cryptography.Test-xunit.dll" adapterTypeName="executor://xunit/VsTestRunner2/netcoreapp" className="Goedel.XUnit.TestGoedelCryptography" name="X448AgreeX" />
    </UnitTest>
    <UnitTest name="Goedel.XUnit.TestSplit.TestShares(N: 15, K: 2)" storage="c:\users\hallam\work\mmm\testing\goedel.cryptography.test-xunit\bin\debug\net6.0\goedel.cryptography.test-xunit.dll" id="be343fdf-559e-df6b-c25f-c80514506df0">
      <Execution id="bdf51157-3cf8-4ccd-908e-ed2a49af83a6" />
      <TestMethod codeBase="C:\Users\hallam\Work\mmm\Testing\Goedel.Cryptography.Test-xunit\bin\Debug\net6.0\Goedel.Cryptography.Test-xunit.dll" adapterTypeName="executor://xunit/VsTestRunner2/netcoreapp" className="Goedel.XUnit.TestSplit" name="TestShares" />
    </UnitTest>
    <UnitTest name="Goedel.XUnit.TestCryptographyJose.RoundTripKeyExportable(cryptoAlgorithmID: DH)" storage="c:\users\hallam\work\mmm\testing\goedel.cryptography.jose.test-xunit\bin\debug\net6.0\goedel.cryptography.jose.test-xunit.dll" id="cfdc2134-b335-fb2f-73da-e630bd12d781">
      <Execution id="8aff9b41-a5eb-4ec8-90f0-a8a1a703dd95" />
      <TestMethod codeBase="C:\Users\hallam\Work\mmm\Testing\Goedel.Cryptography.Jose.Test-xunit\bin\Debug\net6.0\Goedel.Cryptography.Jose.Test-xunit.dll" adapterTypeName="executor://xunit/VsTestRunner2/netcoreapp" className="Goedel.XUnit.TestCryptographyJose" name="RoundTripKeyExportable" />
    </UnitTest>
    <UnitTest name="Goedel.XUnit.ShellTestsAdmin.TestCreateWeb" storage="c:\users\hallam\work\mmm\testing\goedel.mesh.shell.test-xunit\bin\debug\net6.0\goedel.mesh.shell.test-xunit.dll" id="38e77f80-f266-9bd5-dead-1785d58624d5">
      <Execution id="0f98baa3-2123-433c-9ebe-7695b43f51a7" />
      <TestMethod codeBase="C:\Users\hallam\Work\mmm\Testing\Goedel.Mesh.Shell.Test-xunit\bin\Debug\net6.0\Goedel.Mesh.Shell.Test-xunit.dll" adapterTypeName="executor://xunit/VsTestRunner2/netcoreapp" className="Goedel.XUnit.ShellTestsAdmin" name="TestCreateWeb" />
    </UnitTest>
    <UnitTest name="Goedel.XUnit.Utilities.BaseConversionsRoundTripRandomized" storage="c:\users\hallam\work\mmm\testing\goedel.utilities.test-xunit\bin\debug\net6.0\goedel.utilities.test-xunit.dll" id="3b32e408-6ed0-d01d-d296-7a9176abbae6">
      <Execution id="d18fd500-7434-498f-97bd-d8efc01e42e8" />
      <TestMethod codeBase="C:\Users\hallam\Work\mmm\Testing\Goedel.Utilities.Test-xunit\bin\Debug\net6.0\Goedel.Utilities.Test-xunit.dll" adapterTypeName="executor://xunit/VsTestRunner2/netcoreapp" className="Goedel.XUnit.Utilities" name="BaseConversionsRoundTripRandomized" />
    </UnitTest>
    <UnitTest name="Goedel.XUnit.ShellTests.TestRandom(bits: 512)" storage="c:\users\hallam\work\mmm\testing\goedel.mesh.shell.test-xunit\bin\debug\net6.0\goedel.mesh.shell.test-xunit.dll" id="b989bc8d-a412-1062-7a85-cdd568fdb0d4">
      <Execution id="ddd17a0f-c3b5-4c0e-aaba-7bb8a011687b" />
      <TestMethod codeBase="C:\Users\hallam\Work\mmm\Testing\Goedel.Mesh.Shell.Test-xunit\bin\Debug\net6.0\Goedel.Mesh.Shell.Test-xunit.dll" adapterTypeName="executor://xunit/VsTestRunner2/netcoreapp" className="Goedel.XUnit.ShellTests" name="TestRandom" />
    </UnitTest>
    <UnitTest name="Goedel.XUnit.ShellTestsAdmin.TestKey(bits: 192)" storage="c:\users\hallam\work\mmm\testing\goedel.mesh.shell.test-xunit\bin\debug\net6.0\goedel.mesh.shell.test-xunit.dll" id="a3cd241f-9f9f-1bfd-e6a7-a6b714f267a0">
      <Execution id="31549126-f54a-4677-9091-12b556e947af" />
      <TestMethod codeBase="C:\Users\hallam\Work\mmm\Testing\Goedel.Mesh.Shell.Test-xunit\bin\Debug\net6.0\Goedel.Mesh.Shell.Test-xunit.dll" adapterTypeName="executor://xunit/VsTestRunner2/netcoreapp" className="Goedel.XUnit.ShellTestsAdmin" name="TestKey" />
    </UnitTest>
    <UnitTest name="Goedel.XUnit.TestGoedelCryptography.UDFMultipleKeyTest(iterations: 100, udfAlgorithmIdentifier: MeshProfileDevice)" storage="c:\users\hallam\work\mmm\testing\goedel.cryptography.test-xunit\bin\debug\net6.0\goedel.cryptography.test-xunit.dll" id="fce95550-4c7a-694e-a246-ea434b9603f4">
      <Execution id="cc1472bc-1f55-4c37-bfd4-b372af331e98" />
      <TestMethod codeBase="C:\Users\hallam\Work\mmm\Testing\Goedel.Cryptography.Test-xunit\bin\Debug\net6.0\Goedel.Cryptography.Test-xunit.dll" adapterTypeName="executor://xunit/VsTestRunner2/netcoreapp" className="Goedel.XUnit.TestGoedelCryptography" name="UDFMultipleKeyTest" />
    </UnitTest>
    <UnitTest name="Goedel.XUnit.GoedelProtocol.TestStructB" storage="c:\users\hallam\work\mmm\testing\goedel.protocol.test-xunit\bin\debug\net6.0\goedel.protocol.test-xunit.dll" id="e6801376-5704-3024-892d-1c45610a8c43">
      <Execution id="7121d2eb-100f-4a9d-98d0-f59e5a309a10" />
      <TestMethod codeBase="C:\Users\hallam\Work\mmm\Testing\Goedel.Protocol.Test-xunit\bin\Debug\net6.0\Goedel.Protocol.Test-xunit.dll" adapterTypeName="executor://xunit/VsTestRunner2/netcoreapp" className="Goedel.XUnit.GoedelProtocol" name="TestStructB" />
    </UnitTest>
    <UnitTest name="Goedel.XUnit.StoreTests.TestCatalog" storage="c:\users\hallam\work\mmm\testing\goedel.mesh.store.test-xunit\bin\debug\net6.0\goedel.mesh.store.test-xunit.dll" id="90cc755d-d5c5-b1da-cad4-9bc33bea8924">
      <Execution id="a0f1b6ea-c18f-41ad-9158-d705ba4e5e6f" />
      <TestMethod codeBase="C:\Users\hallam\Work\mmm\Testing\Goedel.Mesh.Store.Test-xunit\bin\Debug\net6.0\Goedel.Mesh.Store.Test-xunit.dll" adapterTypeName="executor://xunit/VsTestRunner2/netcoreapp" className="Goedel.XUnit.StoreTests" name="TestCatalog" />
    </UnitTest>
    <UnitTest name="Goedel.XUnit.TestDareArchive.TestFileContainer1" storage="c:\users\hallam\work\mmm\testing\goedel.cryptography.dare.test-xunit\bin\debug\net6.0\goedel.cryptography.dare.test-xunit.dll" id="f01816fa-f1da-6066-6d76-bd032ecebdbf">
      <Execution id="1ed18d65-610f-49e1-bc14-2ca029a4e9f0" />
      <TestMethod codeBase="C:\Users\hallam\Work\mmm\Testing\Goedel.Cryptography.Dare.Test-xunit\bin\Debug\net6.0\Goedel.Cryptography.Dare.Test-xunit.dll" adapterTypeName="executor://xunit/VsTestRunner2/netcoreapp" className="Goedel.XUnit.TestDareArchive" name="TestFileContainer1" />
    </UnitTest>
    <UnitTest name="Goedel.XUnit.ShellTests.TestEscrowDeleteDevice" storage="c:\users\hallam\work\mmm\testing\goedel.mesh.shell.test-xunit\bin\debug\net6.0\goedel.mesh.shell.test-xunit.dll" id="cc82a702-eefc-aa40-c8d2-a8a2933922aa">
      <Execution id="8470dd11-495c-40e7-8363-ad708424ee1c" />
      <TestMethod codeBase="C:\Users\hallam\Work\mmm\Testing\Goedel.Mesh.Shell.Test-xunit\bin\Debug\net6.0\Goedel.Mesh.Shell.Test-xunit.dll" adapterTypeName="executor://xunit/VsTestRunner2/netcoreapp" className="Goedel.XUnit.ShellTests" name="TestEscrowDeleteDevice" />
    </UnitTest>
    <UnitTest name="Goedel.XUnit.TestContainers.ContainerTestMerkleTree" storage="c:\users\hallam\work\mmm\testing\goedel.cryptography.dare.test-xunit\bin\debug\net6.0\goedel.cryptography.dare.test-xunit.dll" id="590839d7-127e-e6f2-a199-feb9928713de">
      <Execution id="1f845f75-1927-4ced-a656-2029893b426c" />
      <TestMethod codeBase="C:\Users\hallam\Work\mmm\Testing\Goedel.Cryptography.Dare.Test-xunit\bin\Debug\net6.0\Goedel.Cryptography.Dare.Test-xunit.dll" adapterTypeName="executor://xunit/VsTestRunner2/netcoreapp" className="Goedel.XUnit.TestContainers" name="ContainerTestMerkleTree" />
    </UnitTest>
    <UnitTest name="Goedel.XUnit.ShellTests.TestProfileContact" storage="c:\users\hallam\work\mmm\testing\goedel.mesh.shell.test-xunit\bin\debug\net6.0\goedel.mesh.shell.test-xunit.dll" id="9e9f2b41-8e06-fcc6-f046-4e0607bb5d06">
      <Execution id="1446e21b-5e55-438d-a21d-c788456c2d15" />
      <TestMethod codeBase="C:\Users\hallam\Work\mmm\Testing\Goedel.Mesh.Shell.Test-xunit\bin\Debug\net6.0\Goedel.Mesh.Shell.Test-xunit.dll" adapterTypeName="executor://xunit/VsTestRunner2/netcoreapp" className="Goedel.XUnit.ShellTests" name="TestProfileContact" />
    </UnitTest>
    <UnitTest name="Goedel.XUnit.TestLifecycle.Test_LifecycleMaster(CryptoAlgorithmID: Ed448, KeySize: 2048)" storage="c:\users\hallam\work\mmm\testing\goedel.cryptography.test-xunit\bin\debug\net6.0\goedel.cryptography.test-xunit.dll" id="08244ad6-626f-108e-884b-e73b5ed881fb">
      <Execution id="3ffb6dd4-26ae-4759-9d1b-c32d802813e2" />
      <TestMethod codeBase="C:\Users\hallam\Work\mmm\Testing\Goedel.Cryptography.Test-xunit\bin\Debug\net6.0\Goedel.Cryptography.Test-xunit.dll" adapterTypeName="executor://xunit/VsTestRunner2/netcoreapp" className="Goedel.XUnit.TestLifecycle" name="Test_LifecycleMaster" />
    </UnitTest>
    <UnitTest name="Goedel.XUnit.ShellTestsAdmin.TestAccount" storage="c:\users\hallam\work\mmm\testing\goedel.mesh.shell.test-xunit\bin\debug\net6.0\goedel.mesh.shell.test-xunit.dll" id="91dd9840-e6da-24c6-5733-230e55ddfa79">
      <Execution id="d53371af-8010-47fc-b486-eab16b6d45b9" />
      <TestMethod codeBase="C:\Users\hallam\Work\mmm\Testing\Goedel.Mesh.Shell.Test-xunit\bin\Debug\net6.0\Goedel.Mesh.Shell.Test-xunit.dll" adapterTypeName="executor://xunit/VsTestRunner2/netcoreapp" className="Goedel.XUnit.ShellTestsAdmin" name="TestAccount" />
    </UnitTest>
    <UnitTest name="Goedel.XUnit.TestGoedelCryptography.TestBitField1Up" storage="c:\users\hallam\work\mmm\testing\goedel.cryptography.test-xunit\bin\debug\net6.0\goedel.cryptography.test-xunit.dll" id="35d036a3-82d5-f37b-312a-084d9df4c913">
      <Execution id="766d04ac-e135-4ecb-bfbc-c830bbac6e3f" />
      <TestMethod codeBase="C:\Users\hallam\Work\mmm\Testing\Goedel.Cryptography.Test-xunit\bin\Debug\net6.0\Goedel.Cryptography.Test-xunit.dll" adapterTypeName="executor://xunit/VsTestRunner2/netcoreapp" className="Goedel.XUnit.TestGoedelCryptography" name="TestBitField1Up" />
    </UnitTest>
    <UnitTest name="Goedel.XUnit.GoedelProtocol.TestJSONB" storage="c:\users\hallam\work\mmm\testing\goedel.protocol.test-xunit\bin\debug\net6.0\goedel.protocol.test-xunit.dll" id="d1a98307-cedb-9fe3-9290-ef334a37bd5e">
      <Execution id="87e5dd4b-f5c7-4ecd-8ac2-f48c3b31c344" />
      <TestMethod codeBase="C:\Users\hallam\Work\mmm\Testing\Goedel.Protocol.Test-xunit\bin\Debug\net6.0\Goedel.Protocol.Test-xunit.dll" adapterTypeName="executor://xunit/VsTestRunner2/netcoreapp" className="Goedel.XUnit.GoedelProtocol" name="TestJSONB" />
    </UnitTest>
    <UnitTest name="Goedel.XUnit.TestSplit.TestShares(N: 3, K: 2)" storage="c:\users\hallam\work\mmm\testing\goedel.cryptography.test-xunit\bin\debug\net6.0\goedel.cryptography.test-xunit.dll" id="1af086bd-c96f-42e8-7ef5-f717839ae858">
      <Execution id="ccf99fb2-43a3-4dfc-acb8-867145550be8" />
      <TestMethod codeBase="C:\Users\hallam\Work\mmm\Testing\Goedel.Cryptography.Test-xunit\bin\Debug\net6.0\Goedel.Cryptography.Test-xunit.dll" adapterTypeName="executor://xunit/VsTestRunner2/netcoreapp" className="Goedel.XUnit.TestSplit" name="TestShares" />
    </UnitTest>
    <UnitTest name="Goedel.XUnit.TestPersist.TestPersistenceStoreAll" storage="c:\users\hallam\work\mmm\testing\goedel.cryptography.dare.test-xunit\bin\debug\net6.0\goedel.cryptography.dare.test-xunit.dll" id="ad5dc436-8f6d-0b87-3d00-31e2775c2426">
      <Execution id="4b53810e-3198-42ed-a77f-e26065a90a7d" />
      <TestMethod codeBase="C:\Users\hallam\Work\mmm\Testing\Goedel.Cryptography.Dare.Test-xunit\bin\Debug\net6.0\Goedel.Cryptography.Dare.Test-xunit.dll" adapterTypeName="executor://xunit/VsTestRunner2/netcoreapp" className="Goedel.XUnit.TestPersist" name="TestPersistenceStoreAll" />
    </UnitTest>
    <UnitTest name="Goedel.XUnit.ShellTests.TestMessageConfirmationReject" storage="c:\users\hallam\work\mmm\testing\goedel.mesh.shell.test-xunit\bin\debug\net6.0\goedel.mesh.shell.test-xunit.dll" id="4c398529-19b2-3d1e-0b51-208a8581e0e3">
      <Execution id="44624797-a86c-4f80-955c-156b1d4afdcd" />
      <TestMethod codeBase="C:\Users\hallam\Work\mmm\Testing\Goedel.Mesh.Shell.Test-xunit\bin\Debug\net6.0\Goedel.Mesh.Shell.Test-xunit.dll" adapterTypeName="executor://xunit/VsTestRunner2/netcoreapp" className="Goedel.XUnit.ShellTests" name="TestMessageConfirmationReject" />
    </UnitTest>
    <UnitTest name="Goedel.XUnit.ShellTests.TestCreateMessage" storage="c:\users\hallam\work\mmm\testing\goedel.mesh.shell.test-xunit\bin\debug\net6.0\goedel.mesh.shell.test-xunit.dll" id="c3852107-5ce1-de03-d12f-1f3ca6579688">
      <Execution id="154b3608-7fdc-40a3-847c-45a8b4634286" />
      <TestMethod codeBase="C:\Users\hallam\Work\mmm\Testing\Goedel.Mesh.Shell.Test-xunit\bin\Debug\net6.0\Goedel.Mesh.Shell.Test-xunit.dll" adapterTypeName="executor://xunit/VsTestRunner2/netcoreapp" className="Goedel.XUnit.ShellTests" name="TestCreateMessage" />
    </UnitTest>
    <UnitTest name="Goedel.XUnit.TestDare.EnvelopeEncryptedVariable" storage="c:\users\hallam\work\mmm\testing\goedel.cryptography.dare.test-xunit\bin\debug\net6.0\goedel.cryptography.dare.test-xunit.dll" id="84dc4c1a-9c14-8fec-d34f-299e9886ec3c">
      <Execution id="e249faaf-d562-4a8a-bb1b-69a585bc85b7" />
      <TestMethod codeBase="C:\Users\hallam\Work\mmm\Testing\Goedel.Cryptography.Dare.Test-xunit\bin\Debug\net6.0\Goedel.Cryptography.Dare.Test-xunit.dll" adapterTypeName="executor://xunit/VsTestRunner2/netcoreapp" className="Goedel.XUnit.TestDare" name="EnvelopeEncryptedVariable" />
    </UnitTest>
    <UnitTest name="Goedel.XUnit.TestGoedelCryptography.TestDHEd25519AgreeRecryption" storage="c:\users\hallam\work\mmm\testing\goedel.cryptography.test-xunit\bin\debug\net6.0\goedel.cryptography.test-xunit.dll" id="06afdf47-d677-8929-4d27-2f3e4a0db737">
      <Execution id="bcf073c5-7e8f-4b14-a321-04f746502c64" />
      <TestMethod codeBase="C:\Users\hallam\Work\mmm\Testing\Goedel.Cryptography.Test-xunit\bin\Debug\net6.0\Goedel.Cryptography.Test-xunit.dll" adapterTypeName="executor://xunit/VsTestRunner2/netcoreapp" className="Goedel.XUnit.TestGoedelCryptography" name="TestDHEd25519AgreeRecryption" />
    </UnitTest>
    <UnitTest name="Goedel.XUnit.TestLifecycle.Test_LifecycleAdmin(CryptoAlgorithmID: X448, KeySize: 2048)" storage="c:\users\hallam\work\mmm\testing\goedel.cryptography.test-xunit\bin\debug\net6.0\goedel.cryptography.test-xunit.dll" id="e6963c41-7210-54eb-026d-46d718b809b4">
      <Execution id="a10fc16b-9303-4b3b-811a-affaff190ed8" />
      <TestMethod codeBase="C:\Users\hallam\Work\mmm\Testing\Goedel.Cryptography.Test-xunit\bin\Debug\net6.0\Goedel.Cryptography.Test-xunit.dll" adapterTypeName="executor://xunit/VsTestRunner2/netcoreapp" className="Goedel.XUnit.TestLifecycle" name="Test_LifecycleAdmin" />
    </UnitTest>
    <UnitTest name="Goedel.XUnit.ShellTests.TestSequence(count: 100, encrypt: null, sign: null, purge: False, index: False, initial: &quot;Archive1&quot;)" storage="c:\users\hallam\work\mmm\testing\goedel.mesh.shell.test-xunit\bin\debug\net6.0\goedel.mesh.shell.test-xunit.dll" id="d1362c4e-8135-05a7-3520-6e7a18f77d0f">
      <Execution id="80dc5638-885e-4950-9257-879c93905367" />
      <TestMethod codeBase="C:\Users\hallam\Work\mmm\Testing\Goedel.Mesh.Shell.Test-xunit\bin\Debug\net6.0\Goedel.Mesh.Shell.Test-xunit.dll" adapterTypeName="executor://xunit/VsTestRunner2/netcoreapp" className="Goedel.XUnit.ShellTests" name="TestSequence" />
    </UnitTest>
    <UnitTest name="Goedel.XUnit.TestLifecycle.Test_LifecycleDevice(CryptoAlgorithmID: DH, KeySize: 2048)" storage="c:\users\hallam\work\mmm\testing\goedel.cryptography.test-xunit\bin\debug\net6.0\goedel.cryptography.test-xunit.dll" id="d76dfb1e-1500-6f3b-e812-25bc3796f460">
      <Execution id="c592ce34-091d-4e6c-9a5c-3427cf329918" />
      <TestMethod codeBase="C:\Users\hallam\Work\mmm\Testing\Goedel.Cryptography.Test-xunit\bin\Debug\net6.0\Goedel.Cryptography.Test-xunit.dll" adapterTypeName="executor://xunit/VsTestRunner2/netcoreapp" className="Goedel.XUnit.TestLifecycle" name="Test_LifecycleDevice" />
    </UnitTest>
    <UnitTest name="Goedel.XUnit.TestSplit.TestShares(N: 6, K: 2)" storage="c:\users\hallam\work\mmm\testing\goedel.cryptography.test-xunit\bin\debug\net6.0\goedel.cryptography.test-xunit.dll" id="7b7e6458-2108-8519-587e-25a73a68346b">
      <Execution id="09dff739-a166-49b0-b9d0-ff0775f4235a" />
      <TestMethod codeBase="C:\Users\hallam\Work\mmm\Testing\Goedel.Cryptography.Test-xunit\bin\Debug\net6.0\Goedel.Cryptography.Test-xunit.dll" adapterTypeName="executor://xunit/VsTestRunner2/netcoreapp" className="Goedel.XUnit.TestSplit" name="TestShares" />
    </UnitTest>
    <UnitTest name="Goedel.XUnit.TestService.MeshServiceFull" storage="c:\users\hallam\work\mmm\testing\goedel.mesh.protocol.test-xunit\bin\debug\net6.0\goedel.mesh.protocol.test-xunit.dll" id="51f2da6e-dd6d-ac78-c6dd-ccec205a3339">
      <Execution id="15d43b79-b1cf-4432-8576-4e0808e1163d" />
      <TestMethod codeBase="C:\Users\hallam\Work\mmm\Testing\Goedel.Mesh.Protocol.Test-xunit\bin\Debug\net6.0\Goedel.Mesh.Protocol.Test-xunit.dll" adapterTypeName="executor://xunit/VsTestRunner2/netcoreapp" className="Goedel.XUnit.TestService" name="MeshServiceFull" />
    </UnitTest>
    <UnitTest name="Goedel.XUnit.TestService.KeyShareTestDirect(cryptoAlgorithmId: EdDSA)" storage="c:\users\hallam\work\mmm\testing\goedel.mesh.protocol.test-xunit\bin\debug\net6.0\goedel.mesh.protocol.test-xunit.dll" id="d69bd8a9-7fc8-601e-ee25-2517cc707174">
      <Execution id="6fabb978-b1bc-44c6-ba84-636f249ecd2a" />
      <TestMethod codeBase="C:\Users\hallam\Work\mmm\Testing\Goedel.Mesh.Protocol.Test-xunit\bin\Debug\net6.0\Goedel.Mesh.Protocol.Test-xunit.dll" adapterTypeName="executor://xunit/VsTestRunner2/netcoreapp" className="Goedel.XUnit.TestService" name="KeyShareTestDirect" />
    </UnitTest>
    <UnitTest name="Goedel.XUnit.ShellTests.TestCreateWeb" storage="c:\users\hallam\work\mmm\testing\goedel.mesh.shell.test-xunit\bin\debug\net6.0\goedel.mesh.shell.test-xunit.dll" id="e4627812-cbd4-669b-a54f-c8b0de1e05f9">
      <Execution id="b84f47cc-5089-4885-ab93-9b9085a6e8e2" />
      <TestMethod codeBase="C:\Users\hallam\Work\mmm\Testing\Goedel.Mesh.Shell.Test-xunit\bin\Debug\net6.0\Goedel.Mesh.Shell.Test-xunit.dll" adapterTypeName="executor://xunit/VsTestRunner2/netcoreapp" className="Goedel.XUnit.ShellTests" name="TestCreateWeb" />
    </UnitTest>
    <UnitTest name="Goedel.XUnit.TestGoedelCryptography.X448Agree(count: 1)" storage="c:\users\hallam\work\mmm\testing\goedel.cryptography.test-xunit\bin\debug\net6.0\goedel.cryptography.test-xunit.dll" id="5f8f02fd-b6a4-a730-1c5c-44c436ac06f1">
      <Execution id="f42865b9-4839-4dfe-885d-3c7cc5428835" />
      <TestMethod codeBase="C:\Users\hallam\Work\mmm\Testing\Goedel.Cryptography.Test-xunit\bin\Debug\net6.0\Goedel.Cryptography.Test-xunit.dll" adapterTypeName="executor://xunit/VsTestRunner2/netcoreapp" className="Goedel.XUnit.TestGoedelCryptography" name="X448Agree" />
    </UnitTest>
    <UnitTest name="Goedel.XUnit.TestAsymmetric.EncryptTest(algorithmID: EdDSA)" storage="c:\users\hallam\work\mmm\testing\goedel.cryptography.test-xunit\bin\debug\net6.0\goedel.cryptography.test-xunit.dll" id="2314e834-9b07-a192-bd89-e05e321a3eb9">
      <Execution id="fbc29e76-9173-4e07-b0c3-8f6a13f5254e" />
      <TestMethod codeBase="C:\Users\hallam\Work\mmm\Testing\Goedel.Cryptography.Test-xunit\bin\Debug\net6.0\Goedel.Cryptography.Test-xunit.dll" adapterTypeName="executor://xunit/VsTestRunner2/netcoreapp" className="Goedel.XUnit.TestAsymmetric" name="EncryptTest" />
    </UnitTest>
    <UnitTest name="Goedel.XUnit.ShellTests.TestRandom(bits: 192)" storage="c:\users\hallam\work\mmm\testing\goedel.mesh.shell.test-xunit\bin\debug\net6.0\goedel.mesh.shell.test-xunit.dll" id="7c70b1b2-7ead-7629-dda8-d74f98296a4a">
      <Execution id="d48c0987-9fe4-4592-b56e-9aa9b3acb926" />
      <TestMethod codeBase="C:\Users\hallam\Work\mmm\Testing\Goedel.Mesh.Shell.Test-xunit\bin\Debug\net6.0\Goedel.Mesh.Shell.Test-xunit.dll" adapterTypeName="executor://xunit/VsTestRunner2/netcoreapp" className="Goedel.XUnit.ShellTests" name="TestRandom" />
    </UnitTest>
    <UnitTest name="Goedel.XUnit.TestAsymmetric.EncryptTest(algorithmID: Ed448)" storage="c:\users\hallam\work\mmm\testing\goedel.cryptography.test-xunit\bin\debug\net6.0\goedel.cryptography.test-xunit.dll" id="de4539a8-6a0c-ed3c-e2ca-2e17d6b226b2">
      <Execution id="997ee243-ae8d-4343-afcb-f6fc5c1893b9" />
      <TestMethod codeBase="C:\Users\hallam\Work\mmm\Testing\Goedel.Cryptography.Test-xunit\bin\Debug\net6.0\Goedel.Cryptography.Test-xunit.dll" adapterTypeName="executor://xunit/VsTestRunner2/netcoreapp" className="Goedel.XUnit.TestAsymmetric" name="EncryptTest" />
    </UnitTest>
    <UnitTest name="Goedel.XUnit.TestService.PrivateKeyRoundTripFull(repeat: 100)" storage="c:\users\hallam\work\mmm\testing\goedel.mesh.protocol.test-xunit\bin\debug\net6.0\goedel.mesh.protocol.test-xunit.dll" id="31ee0c44-59fb-d2a0-8341-368619e0af03">
      <Execution id="b5facda2-cb8c-44ce-8d9e-d8319ec74231" />
      <TestMethod codeBase="C:\Users\hallam\Work\mmm\Testing\Goedel.Mesh.Protocol.Test-xunit\bin\Debug\net6.0\Goedel.Mesh.Protocol.Test-xunit.dll" adapterTypeName="executor://xunit/VsTestRunner2/netcoreapp" className="Goedel.XUnit.TestService" name="PrivateKeyRoundTripFull" />
    </UnitTest>
    <UnitTest name="Goedel.XUnit.TestGoedelCryptography.TestHMAC_4231_Repeat" storage="c:\users\hallam\work\mmm\testing\goedel.cryptography.test-xunit\bin\debug\net6.0\goedel.cryptography.test-xunit.dll" id="f819c12f-f62d-63b0-a7fe-0d6f202c48b0">
      <Execution id="1d690c0e-5c93-4027-9f41-3247d010e011" />
      <TestMethod codeBase="C:\Users\hallam\Work\mmm\Testing\Goedel.Cryptography.Test-xunit\bin\Debug\net6.0\Goedel.Cryptography.Test-xunit.dll" adapterTypeName="executor://xunit/VsTestRunner2/netcoreapp" className="Goedel.XUnit.TestGoedelCryptography" name="TestHMAC_4231_Repeat" />
    </UnitTest>
    <UnitTest name="Goedel.XUnit.TestDareArchive.TestFileContainer16" storage="c:\users\hallam\work\mmm\testing\goedel.cryptography.dare.test-xunit\bin\debug\net6.0\goedel.cryptography.dare.test-xunit.dll" id="2dd66596-096e-8649-2f2f-cf0106125a98">
      <Execution id="299fcf56-caf1-411b-a9dd-f02208f037da" />
      <TestMethod codeBase="C:\Users\hallam\Work\mmm\Testing\Goedel.Cryptography.Dare.Test-xunit\bin\Debug\net6.0\Goedel.Cryptography.Dare.Test-xunit.dll" adapterTypeName="executor://xunit/VsTestRunner2/netcoreapp" className="Goedel.XUnit.TestDareArchive" name="TestFileContainer16" />
    </UnitTest>
    <UnitTest name="Goedel.XUnit.TestLifecycle.Test_LifecycleMaster(CryptoAlgorithmID: X25519, KeySize: 2048)" storage="c:\users\hallam\work\mmm\testing\goedel.cryptography.test-xunit\bin\debug\net6.0\goedel.cryptography.test-xunit.dll" id="3cf9bda4-06ff-02ba-6ee3-cdbe7adc23a6">
      <Execution id="88a7c67b-051b-408b-8216-037823da0b60" />
      <TestMethod codeBase="C:\Users\hallam\Work\mmm\Testing\Goedel.Cryptography.Test-xunit\bin\Debug\net6.0\Goedel.Cryptography.Test-xunit.dll" adapterTypeName="executor://xunit/VsTestRunner2/netcoreapp" className="Goedel.XUnit.TestLifecycle" name="Test_LifecycleMaster" />
    </UnitTest>
    <UnitTest name="Goedel.XUnit.TestGoedelCryptography.CombineCurveX25519Inner(a: 10, b: 12)" storage="c:\users\hallam\work\mmm\testing\goedel.cryptography.test-xunit\bin\debug\net6.0\goedel.cryptography.test-xunit.dll" id="6fa8d51f-12ed-0493-076d-b808728fbb5a">
      <Execution id="02c898d8-1fda-4bee-95c6-4f4a669196e5" />
      <TestMethod codeBase="C:\Users\hallam\Work\mmm\Testing\Goedel.Cryptography.Test-xunit\bin\Debug\net6.0\Goedel.Cryptography.Test-xunit.dll" adapterTypeName="executor://xunit/VsTestRunner2/netcoreapp" className="Goedel.XUnit.TestGoedelCryptography" name="CombineCurveX25519Inner" />
    </UnitTest>
    <UnitTest name="Goedel.XUnit.TestGoedelCryptography.X25519AgreeRecryption(count: 100)" storage="c:\users\hallam\work\mmm\testing\goedel.cryptography.test-xunit\bin\debug\net6.0\goedel.cryptography.test-xunit.dll" id="653f0b29-b37a-4813-2fc7-8c44535ebb71">
      <Execution id="46e4c7a6-1a23-4db5-8d48-db33bc981996" />
      <TestMethod codeBase="C:\Users\hallam\Work\mmm\Testing\Goedel.Cryptography.Test-xunit\bin\Debug\net6.0\Goedel.Cryptography.Test-xunit.dll" adapterTypeName="executor://xunit/VsTestRunner2/netcoreapp" className="Goedel.XUnit.TestGoedelCryptography" name="X25519AgreeRecryption" />
    </UnitTest>
    <UnitTest name="Goedel.XUnit.ShellTestsAdmin.TestCreateMessage" storage="c:\users\hallam\work\mmm\testing\goedel.mesh.shell.test-xunit\bin\debug\net6.0\goedel.mesh.shell.test-xunit.dll" id="7eac242b-ee2b-718c-2756-e9beef7502ea">
      <Execution id="1db6319e-1344-4dfa-8a70-fa75a69aa42e" />
      <TestMethod codeBase="C:\Users\hallam\Work\mmm\Testing\Goedel.Mesh.Shell.Test-xunit\bin\Debug\net6.0\Goedel.Mesh.Shell.Test-xunit.dll" adapterTypeName="executor://xunit/VsTestRunner2/netcoreapp" className="Goedel.XUnit.ShellTestsAdmin" name="TestCreateMessage" />
    </UnitTest>
    <UnitTest name="Goedel.XUnit.ShellTests.TestFileEncrypt" storage="c:\users\hallam\work\mmm\testing\goedel.mesh.shell.test-xunit\bin\debug\net6.0\goedel.mesh.shell.test-xunit.dll" id="c7a7e530-c845-cf8c-0887-001c7fe0e2fc">
      <Execution id="a8126fe6-1f04-4c03-a2cb-6eb02f5c1a59" />
      <TestMethod codeBase="C:\Users\hallam\Work\mmm\Testing\Goedel.Mesh.Shell.Test-xunit\bin\Debug\net6.0\Goedel.Mesh.Shell.Test-xunit.dll" adapterTypeName="executor://xunit/VsTestRunner2/netcoreapp" className="Goedel.XUnit.ShellTests" name="TestFileEncrypt" />
    </UnitTest>
    <UnitTest name="Goedel.XUnit.GoedelProtocol.TestEncodeDecode" storage="c:\users\hallam\work\mmm\testing\goedel.protocol.test-xunit\bin\debug\net6.0\goedel.protocol.test-xunit.dll" id="3ef93204-9f9a-a3f3-8202-5e896c5ccb45">
      <Execution id="ed1b2d23-e37d-437a-902d-3090a2c8334f" />
      <TestMethod codeBase="C:\Users\hallam\Work\mmm\Testing\Goedel.Protocol.Test-xunit\bin\Debug\net6.0\Goedel.Protocol.Test-xunit.dll" adapterTypeName="executor://xunit/VsTestRunner2/netcoreapp" className="Goedel.XUnit.GoedelProtocol" name="TestEncodeDecode" />
    </UnitTest>
    <UnitTest name="Goedel.XUnit.TestLifecycle.Test_LifecycleMaster(CryptoAlgorithmID: Exchange, KeySize: 2048)" storage="c:\users\hallam\work\mmm\testing\goedel.cryptography.test-xunit\bin\debug\net6.0\goedel.cryptography.test-xunit.dll" id="1c0e94ca-d54d-c344-d290-57c77e6e5c30">
      <Execution id="c9c1fb79-b29b-4296-afba-6a8a0547ab0b" />
      <TestMethod codeBase="C:\Users\hallam\Work\mmm\Testing\Goedel.Cryptography.Test-xunit\bin\Debug\net6.0\Goedel.Cryptography.Test-xunit.dll" adapterTypeName="executor://xunit/VsTestRunner2/netcoreapp" className="Goedel.XUnit.TestLifecycle" name="Test_LifecycleMaster" />
    </UnitTest>
    <UnitTest name="Goedel.XUnit.TestLifecycle.Test_LifecycleExportable(CryptoAlgorithmID: X25519, KeySize: 2048)" storage="c:\users\hallam\work\mmm\testing\goedel.cryptography.test-xunit\bin\debug\net6.0\goedel.cryptography.test-xunit.dll" id="13416e35-3498-dba8-820a-4f6332f15411">
      <Execution id="09b04c2f-594d-4231-b078-b94a2a7997f4" />
      <TestMethod codeBase="C:\Users\hallam\Work\mmm\Testing\Goedel.Cryptography.Test-xunit\bin\Debug\net6.0\Goedel.Cryptography.Test-xunit.dll" adapterTypeName="executor://xunit/VsTestRunner2/netcoreapp" className="Goedel.XUnit.TestLifecycle" name="Test_LifecycleExportable" />
    </UnitTest>
    <UnitTest name="Goedel.XUnit.TestGoedelCryptography.TestDerive_5869_Separate" storage="c:\users\hallam\work\mmm\testing\goedel.cryptography.test-xunit\bin\debug\net6.0\goedel.cryptography.test-xunit.dll" id="2ad8e11e-04c4-acad-8113-2671dd19915a">
      <Execution id="80730475-8b2c-4893-b308-554d63bd1e2d" />
      <TestMethod codeBase="C:\Users\hallam\Work\mmm\Testing\Goedel.Cryptography.Test-xunit\bin\Debug\net6.0\Goedel.Cryptography.Test-xunit.dll" adapterTypeName="executor://xunit/VsTestRunner2/netcoreapp" className="Goedel.XUnit.TestGoedelCryptography" name="TestDerive_5869_Separate" />
    </UnitTest>
    <UnitTest name="Goedel.XUnit.TestGoedelCryptography.CombineCurveX25519(iterations: 100)" storage="c:\users\hallam\work\mmm\testing\goedel.cryptography.test-xunit\bin\debug\net6.0\goedel.cryptography.test-xunit.dll" id="d8a84aa0-792e-a7a2-091e-013fa22fb426">
      <Execution id="bae0021b-83bd-4384-b9a9-0813379e0414" />
      <TestMethod codeBase="C:\Users\hallam\Work\mmm\Testing\Goedel.Cryptography.Test-xunit\bin\Debug\net6.0\Goedel.Cryptography.Test-xunit.dll" adapterTypeName="executor://xunit/VsTestRunner2/netcoreapp" className="Goedel.XUnit.TestGoedelCryptography" name="CombineCurveX25519" />
    </UnitTest>
    <UnitTest name="Goedel.XUnit.TestDare.EnvelopePlaintextAtomic" storage="c:\users\hallam\work\mmm\testing\goedel.cryptography.dare.test-xunit\bin\debug\net6.0\goedel.cryptography.dare.test-xunit.dll" id="fb200c34-af68-cf0e-d289-e5a68a8f4aff">
      <Execution id="02cd9a66-cbc0-4b1c-9b65-36a0c81d75b4" />
      <TestMethod codeBase="C:\Users\hallam\Work\mmm\Testing\Goedel.Cryptography.Dare.Test-xunit\bin\Debug\net6.0\Goedel.Cryptography.Dare.Test-xunit.dll" adapterTypeName="executor://xunit/VsTestRunner2/netcoreapp" className="Goedel.XUnit.TestDare" name="EnvelopePlaintextAtomic" />
    </UnitTest>
    <UnitTest name="Goedel.XUnit.TestService.MeshCatalogGroup" storage="c:\users\hallam\work\mmm\testing\goedel.mesh.protocol.test-xunit\bin\debug\net6.0\goedel.mesh.protocol.test-xunit.dll" id="6dcd3b0c-a545-9f5a-fad3-d5d1ba8d8133">
      <Execution id="86a8263a-3e24-43be-baa7-f7573ea5affc" />
      <TestMethod codeBase="C:\Users\hallam\Work\mmm\Testing\Goedel.Mesh.Protocol.Test-xunit\bin\Debug\net6.0\Goedel.Mesh.Protocol.Test-xunit.dll" adapterTypeName="executor://xunit/VsTestRunner2/netcoreapp" className="Goedel.XUnit.TestService" name="MeshCatalogGroup" />
    </UnitTest>
    <UnitTest name="Goedel.XUnit.TestDare.EnvelopeSignAtomic" storage="c:\users\hallam\work\mmm\testing\goedel.cryptography.dare.test-xunit\bin\debug\net6.0\goedel.cryptography.dare.test-xunit.dll" id="18bb0f22-d83b-2afa-8a7f-472186beb157">
      <Execution id="5d480eba-5da4-4715-9533-bee7c4723aa6" />
      <TestMethod codeBase="C:\Users\hallam\Work\mmm\Testing\Goedel.Cryptography.Dare.Test-xunit\bin\Debug\net6.0\Goedel.Cryptography.Dare.Test-xunit.dll" adapterTypeName="executor://xunit/VsTestRunner2/netcoreapp" className="Goedel.XUnit.TestDare" name="EnvelopeSignAtomic" />
    </UnitTest>
    <UnitTest name="Goedel.XUnit.ShellTestsAdmin.TestRandom(bits: 128)" storage="c:\users\hallam\work\mmm\testing\goedel.mesh.shell.test-xunit\bin\debug\net6.0\goedel.mesh.shell.test-xunit.dll" id="0dcd6ac6-8094-c800-0a2c-2a5d7d182d33">
      <Execution id="d4c5afec-82b9-4442-9eae-acc005e176ef" />
      <TestMethod codeBase="C:\Users\hallam\Work\mmm\Testing\Goedel.Mesh.Shell.Test-xunit\bin\Debug\net6.0\Goedel.Mesh.Shell.Test-xunit.dll" adapterTypeName="executor://xunit/VsTestRunner2/netcoreapp" className="Goedel.XUnit.ShellTestsAdmin" name="TestRandom" />
    </UnitTest>
    <UnitTest name="Goedel.XUnit.TestLifecycle.Test_LifecycleDevice(CryptoAlgorithmID: X448, KeySize: 2048)" storage="c:\users\hallam\work\mmm\testing\goedel.cryptography.test-xunit\bin\debug\net6.0\goedel.cryptography.test-xunit.dll" id="5b38d02c-7804-c415-c0f4-21670c7b69a9">
      <Execution id="b671d20e-0c4b-49c7-9b37-e22aab48a5c0" />
      <TestMethod codeBase="C:\Users\hallam\Work\mmm\Testing\Goedel.Cryptography.Test-xunit\bin\Debug\net6.0\Goedel.Cryptography.Test-xunit.dll" adapterTypeName="executor://xunit/VsTestRunner2/netcoreapp" className="Goedel.XUnit.TestLifecycle" name="Test_LifecycleDevice" />
    </UnitTest>
    <UnitTest name="Goedel.XUnit.TestSplit.TestShares(N: 1, K: 1)" storage="c:\users\hallam\work\mmm\testing\goedel.cryptography.test-xunit\bin\debug\net6.0\goedel.cryptography.test-xunit.dll" id="b15b515b-6d21-fda3-8c2c-77e10978c209">
      <Execution id="8c25b69a-5dc0-4bc5-9ec4-cd51862a485c" />
      <TestMethod codeBase="C:\Users\hallam\Work\mmm\Testing\Goedel.Cryptography.Test-xunit\bin\Debug\net6.0\Goedel.Cryptography.Test-xunit.dll" adapterTypeName="executor://xunit/VsTestRunner2/netcoreapp" className="Goedel.XUnit.TestSplit" name="TestShares" />
    </UnitTest>
    <UnitTest name="Goedel.XUnit.TestDare.EnvelopePlaintext" storage="c:\users\hallam\work\mmm\testing\goedel.cryptography.dare.test-xunit\bin\debug\net6.0\goedel.cryptography.dare.test-xunit.dll" id="9dd9105d-5a31-6beb-424e-8d0db1c4e796">
      <Execution id="4ac67014-5255-4c4a-85ca-0940ee6c69dd" />
      <TestMethod codeBase="C:\Users\hallam\Work\mmm\Testing\Goedel.Cryptography.Dare.Test-xunit\bin\Debug\net6.0\Goedel.Cryptography.Dare.Test-xunit.dll" adapterTypeName="executor://xunit/VsTestRunner2/netcoreapp" className="Goedel.XUnit.TestDare" name="EnvelopePlaintext" />
    </UnitTest>
    <UnitTest name="Goedel.XUnit.GoedelProtocol.TestInstanceB2" storage="c:\users\hallam\work\mmm\testing\goedel.protocol.test-xunit\bin\debug\net6.0\goedel.protocol.test-xunit.dll" id="87d47aa4-9930-f7da-57fc-d0ae91e12b54">
      <Execution id="d383c3f6-f70b-46a0-8829-52b7d0417271" />
      <TestMethod codeBase="C:\Users\hallam\Work\mmm\Testing\Goedel.Protocol.Test-xunit\bin\Debug\net6.0\Goedel.Protocol.Test-xunit.dll" adapterTypeName="executor://xunit/VsTestRunner2/netcoreapp" className="Goedel.XUnit.GoedelProtocol" name="TestInstanceB2" />
    </UnitTest>
    <UnitTest name="Goedel.XUnit.TestGoedelCryptography.TestBitField4Up" storage="c:\users\hallam\work\mmm\testing\goedel.cryptography.test-xunit\bin\debug\net6.0\goedel.cryptography.test-xunit.dll" id="2541313e-9cf2-884a-5b79-396031aae595">
      <Execution id="fd89ba64-33d2-4504-9632-39e5573e8b11" />
      <TestMethod codeBase="C:\Users\hallam\Work\mmm\Testing\Goedel.Cryptography.Test-xunit\bin\Debug\net6.0\Goedel.Cryptography.Test-xunit.dll" adapterTypeName="executor://xunit/VsTestRunner2/netcoreapp" className="Goedel.XUnit.TestGoedelCryptography" name="TestBitField4Up" />
    </UnitTest>
    <UnitTest name="Goedel.XUnit.ShellTestsAdmin.TestFileSignEncrypt" storage="c:\users\hallam\work\mmm\testing\goedel.mesh.shell.test-xunit\bin\debug\net6.0\goedel.mesh.shell.test-xunit.dll" id="b9b0ced7-1a2e-6abd-796a-f2b232076c1d">
      <Execution id="4bb5dc7e-5c41-4cae-a229-8c6c36a0588a" />
      <TestMethod codeBase="C:\Users\hallam\Work\mmm\Testing\Goedel.Mesh.Shell.Test-xunit\bin\Debug\net6.0\Goedel.Mesh.Shell.Test-xunit.dll" adapterTypeName="executor://xunit/VsTestRunner2/netcoreapp" className="Goedel.XUnit.ShellTestsAdmin" name="TestFileSignEncrypt" />
    </UnitTest>
    <UnitTest name="Goedel.XUnit.GoedelCryptography.TestRandom" storage="c:\users\hallam\work\mmm\testing\goedel.cryptography.test-xunit\bin\debug\net6.0\goedel.cryptography.test-xunit.dll" id="76cca5ed-7da2-6d7f-d4fb-d0ab26cec84e">
      <Execution id="c1fec185-ae09-454b-82aa-b5745132aa16" />
      <TestMethod codeBase="C:\Users\hallam\Work\mmm\Testing\Goedel.Cryptography.Test-xunit\bin\Debug\net6.0\Goedel.Cryptography.Test-xunit.dll" adapterTypeName="executor://xunit/VsTestRunner2/netcoreapp" className="Goedel.XUnit.GoedelCryptography" name="TestRandom" />
    </UnitTest>
    <UnitTest name="Goedel.XUnit.TestService.KeyShareTestCapability(cryptoAlgorithmId: EdDSA)" storage="c:\users\hallam\work\mmm\testing\goedel.mesh.protocol.test-xunit\bin\debug\net6.0\goedel.mesh.protocol.test-xunit.dll" id="1267e841-ac85-e00c-0af2-67bdbcff2425">
      <Execution id="f58fce04-bf8b-43f1-86b2-151eda313bbc" />
      <TestMethod codeBase="C:\Users\hallam\Work\mmm\Testing\Goedel.Mesh.Protocol.Test-xunit\bin\Debug\net6.0\Goedel.Mesh.Protocol.Test-xunit.dll" adapterTypeName="executor://xunit/VsTestRunner2/netcoreapp" className="Goedel.XUnit.TestService" name="KeyShareTestCapability" />
    </UnitTest>
    <UnitTest name="Goedel.XUnit.TestContainers.ContainerTest1" storage="c:\users\hallam\work\mmm\testing\goedel.cryptography.dare.test-xunit\bin\debug\net6.0\goedel.cryptography.dare.test-xunit.dll" id="3705dd90-c87f-4fc2-e07a-b01f0c163581">
      <Execution id="7eb47b46-ef86-4a00-ad06-93fab5b9eeb0" />
      <TestMethod codeBase="C:\Users\hallam\Work\mmm\Testing\Goedel.Cryptography.Dare.Test-xunit\bin\Debug\net6.0\Goedel.Cryptography.Dare.Test-xunit.dll" adapterTypeName="executor://xunit/VsTestRunner2/netcoreapp" className="Goedel.XUnit.TestContainers" name="ContainerTest1" />
    </UnitTest>
    <UnitTest name="Goedel.XUnit.GoedelProtocol.TestStruct" storage="c:\users\hallam\work\mmm\testing\goedel.protocol.test-xunit\bin\debug\net6.0\goedel.protocol.test-xunit.dll" id="31142580-c23d-1ed6-4866-428482a05d84">
      <Execution id="9b2a5213-f702-4a37-bb6e-2cbb459cd2a3" />
      <TestMethod codeBase="C:\Users\hallam\Work\mmm\Testing\Goedel.Protocol.Test-xunit\bin\Debug\net6.0\Goedel.Protocol.Test-xunit.dll" adapterTypeName="executor://xunit/VsTestRunner2/netcoreapp" className="Goedel.XUnit.GoedelProtocol" name="TestStruct" />
    </UnitTest>
    <UnitTest name="Goedel.XUnit.TestService.KeyShareTestDirectAll" storage="c:\users\hallam\work\mmm\testing\goedel.mesh.protocol.test-xunit\bin\debug\net6.0\goedel.mesh.protocol.test-xunit.dll" id="05993d4c-da90-9790-10ce-0bd3ac49ab5b">
      <Execution id="f759a947-a6f7-4c8a-99a4-751da0344e16" />
      <TestMethod codeBase="C:\Users\hallam\Work\mmm\Testing\Goedel.Mesh.Protocol.Test-xunit\bin\Debug\net6.0\Goedel.Mesh.Protocol.Test-xunit.dll" adapterTypeName="executor://xunit/VsTestRunner2/netcoreapp" className="Goedel.XUnit.TestService" name="KeyShareTestDirectAll" />
    </UnitTest>
    <UnitTest name="Goedel.XUnit.TestGoedelCryptography.TestDerive_5869_Allocate_Fail" storage="c:\users\hallam\work\mmm\testing\goedel.cryptography.test-xunit\bin\debug\net6.0\goedel.cryptography.test-xunit.dll" id="b172bc54-7917-f10f-a3e5-9850193b4fae">
      <Execution id="5f87f32f-dfd9-4f49-890f-62039beb5f2d" />
      <TestMethod codeBase="C:\Users\hallam\Work\mmm\Testing\Goedel.Cryptography.Test-xunit\bin\Debug\net6.0\Goedel.Cryptography.Test-xunit.dll" adapterTypeName="executor://xunit/VsTestRunner2/netcoreapp" className="Goedel.XUnit.TestGoedelCryptography" name="TestDerive_5869_Allocate_Fail" />
    </UnitTest>
    <UnitTest name="Goedel.XUnit.TestCryptography.TestDH_Recryption_n_5" storage="c:\users\hallam\work\mmm\testing\goedel.cryptography.test-xunit\bin\debug\net6.0\goedel.cryptography.test-xunit.dll" id="50cbe2ca-8633-1221-14ac-34f3e2a0db57">
      <Execution id="d78cf28a-75bb-4ce1-9081-27699819b73e" />
      <TestMethod codeBase="C:\Users\hallam\Work\mmm\Testing\Goedel.Cryptography.Test-xunit\bin\Debug\net6.0\Goedel.Cryptography.Test-xunit.dll" adapterTypeName="executor://xunit/VsTestRunner2/netcoreapp" className="Goedel.XUnit.TestCryptography" name="TestDH_Recryption_n_5" />
    </UnitTest>
    <UnitTest name="Goedel.XUnit.ShellTestsAdmin.TestProfileContact" storage="c:\users\hallam\work\mmm\testing\goedel.mesh.shell.test-xunit\bin\debug\net6.0\goedel.mesh.shell.test-xunit.dll" id="fd1aa3d3-fa2b-90b9-0d45-f242b9456d84">
      <Execution id="53d4e351-8d7c-4874-b325-f8c8a3ffe3be" />
      <TestMethod codeBase="C:\Users\hallam\Work\mmm\Testing\Goedel.Mesh.Shell.Test-xunit\bin\Debug\net6.0\Goedel.Mesh.Shell.Test-xunit.dll" adapterTypeName="executor://xunit/VsTestRunner2/netcoreapp" className="Goedel.XUnit.ShellTestsAdmin" name="TestProfileContact" />
    </UnitTest>
    <UnitTest name="Goedel.XUnit.ShellTestsAdmin.TestProfileConnectPin" storage="c:\users\hallam\work\mmm\testing\goedel.mesh.shell.test-xunit\bin\debug\net6.0\goedel.mesh.shell.test-xunit.dll" id="b17366e4-b151-50bf-382e-20bb4c261fe1">
      <Execution id="be38e55b-6f16-4484-960a-c06e777c6649" />
      <TestMethod codeBase="C:\Users\hallam\Work\mmm\Testing\Goedel.Mesh.Shell.Test-xunit\bin\Debug\net6.0\Goedel.Mesh.Shell.Test-xunit.dll" adapterTypeName="executor://xunit/VsTestRunner2/netcoreapp" className="Goedel.XUnit.ShellTestsAdmin" name="TestProfileConnectPin" />
    </UnitTest>
    <UnitTest name="Goedel.XUnit.GoedelProtocol.TestStructB2" storage="c:\users\hallam\work\mmm\testing\goedel.protocol.test-xunit\bin\debug\net6.0\goedel.protocol.test-xunit.dll" id="8be6bef3-96fc-8ea9-2d5e-84fe145225c3">
      <Execution id="cd0f54ac-a0bb-4f23-a7a6-8d0bc70b2ffd" />
      <TestMethod codeBase="C:\Users\hallam\Work\mmm\Testing\Goedel.Protocol.Test-xunit\bin\Debug\net6.0\Goedel.Protocol.Test-xunit.dll" adapterTypeName="executor://xunit/VsTestRunner2/netcoreapp" className="Goedel.XUnit.GoedelProtocol" name="TestStructB2" />
    </UnitTest>
    <UnitTest name="Goedel.XUnit.ShellTestsAdmin.TestProfileNetwork" storage="c:\users\hallam\work\mmm\testing\goedel.mesh.shell.test-xunit\bin\debug\net6.0\goedel.mesh.shell.test-xunit.dll" id="580b9aad-6234-c1e5-fc7e-9ac847f558ba">
      <Execution id="99853208-30e9-472f-931d-53c861e79b10" />
      <TestMethod codeBase="C:\Users\hallam\Work\mmm\Testing\Goedel.Mesh.Shell.Test-xunit\bin\Debug\net6.0\Goedel.Mesh.Shell.Test-xunit.dll" adapterTypeName="executor://xunit/VsTestRunner2/netcoreapp" className="Goedel.XUnit.ShellTestsAdmin" name="TestProfileNetwork" />
    </UnitTest>
    <UnitTest name="Goedel.XUnit.Utilities.BaseConversionsToString" storage="c:\users\hallam\work\mmm\testing\goedel.utilities.test-xunit\bin\debug\net6.0\goedel.utilities.test-xunit.dll" id="9c43b42d-bf69-ad68-f3e5-e3a365222346">
      <Execution id="0ad827d2-1188-4098-b9e9-3723504e949e" />
      <TestMethod codeBase="C:\Users\hallam\Work\mmm\Testing\Goedel.Utilities.Test-xunit\bin\Debug\net6.0\Goedel.Utilities.Test-xunit.dll" adapterTypeName="executor://xunit/VsTestRunner2/netcoreapp" className="Goedel.XUnit.Utilities" name="BaseConversionsToString" />
    </UnitTest>
    <UnitTest name="Goedel.XUnit.TestCryptographyJose.Test_Write_DH_Private" storage="c:\users\hallam\work\mmm\testing\goedel.cryptography.jose.test-xunit\bin\debug\net6.0\goedel.cryptography.jose.test-xunit.dll" id="afb58424-730f-2262-3bdd-9c040550a146">
      <Execution id="95b8ed4b-8d47-496f-8a52-df59e29d2b10" />
      <TestMethod codeBase="C:\Users\hallam\Work\mmm\Testing\Goedel.Cryptography.Jose.Test-xunit\bin\Debug\net6.0\Goedel.Cryptography.Jose.Test-xunit.dll" adapterTypeName="executor://xunit/VsTestRunner2/netcoreapp" className="Goedel.XUnit.TestCryptographyJose" name="Test_Write_DH_Private" />
    </UnitTest>
    <UnitTest name="Goedel.XUnit.TestService.ResultKeyRoundTrip" storage="c:\users\hallam\work\mmm\testing\goedel.mesh.protocol.test-xunit\bin\debug\net6.0\goedel.mesh.protocol.test-xunit.dll" id="617b5b91-12d9-bd29-e16c-1159c6f21142">
      <Execution id="ac4d4a25-abcc-4e55-b4d3-3fd4de519e62" />
      <TestMethod codeBase="C:\Users\hallam\Work\mmm\Testing\Goedel.Mesh.Protocol.Test-xunit\bin\Debug\net6.0\Goedel.Mesh.Protocol.Test-xunit.dll" adapterTypeName="executor://xunit/VsTestRunner2/netcoreapp" className="Goedel.XUnit.TestService" name="ResultKeyRoundTrip" />
    </UnitTest>
    <UnitTest name="Goedel.XUnit.TestContainers.ContainerTestTree1" storage="c:\users\hallam\work\mmm\testing\goedel.cryptography.dare.test-xunit\bin\debug\net6.0\goedel.cryptography.dare.test-xunit.dll" id="f172c4ec-a366-fead-1dc1-654e6f84b8b7">
      <Execution id="e8c7dc0b-ae06-41df-8809-9f637d70ed0a" />
      <TestMethod codeBase="C:\Users\hallam\Work\mmm\Testing\Goedel.Cryptography.Dare.Test-xunit\bin\Debug\net6.0\Goedel.Cryptography.Dare.Test-xunit.dll" adapterTypeName="executor://xunit/VsTestRunner2/netcoreapp" className="Goedel.XUnit.TestContainers" name="ContainerTestTree1" />
    </UnitTest>
    <UnitTest name="Goedel.XUnit.TestService.MeshMessageContact" storage="c:\users\hallam\work\mmm\testing\goedel.mesh.protocol.test-xunit\bin\debug\net6.0\goedel.mesh.protocol.test-xunit.dll" id="4b3b2254-0dc4-a14f-0a7d-8210af0cebb9">
      <Execution id="db7fa8b2-dd92-484c-9da0-2e8b3c458b3f" />
      <TestMethod codeBase="C:\Users\hallam\Work\mmm\Testing\Goedel.Mesh.Protocol.Test-xunit\bin\Debug\net6.0\Goedel.Mesh.Protocol.Test-xunit.dll" adapterTypeName="executor://xunit/VsTestRunner2/netcoreapp" className="Goedel.XUnit.TestService" name="MeshMessageContact" />
    </UnitTest>
    <UnitTest name="Goedel.XUnit.TestGoedelCryptography.TestDHEd25519Misc" storage="c:\users\hallam\work\mmm\testing\goedel.cryptography.test-xunit\bin\debug\net6.0\goedel.cryptography.test-xunit.dll" id="378ab5db-db3b-9fe0-4153-cdd0eafde61e">
      <Execution id="58b2171c-db60-4155-8385-d5611c1e45c3" />
      <TestMethod codeBase="C:\Users\hallam\Work\mmm\Testing\Goedel.Cryptography.Test-xunit\bin\Debug\net6.0\Goedel.Cryptography.Test-xunit.dll" adapterTypeName="executor://xunit/VsTestRunner2/netcoreapp" className="Goedel.XUnit.TestGoedelCryptography" name="TestDHEd25519Misc" />
    </UnitTest>
    <UnitTest name="Goedel.XUnit.TestContainers.ContainerFixedExchangeTest(encryptPolicy: &quot;Once&quot;, seal: True, records: 50, maxSize: 2048, reOpen: 5, moveStep: 2, cryptoAlgorithmId: X448)" storage="c:\users\hallam\work\mmm\testing\goedel.cryptography.dare.test-xunit\bin\debug\net6.0\goedel.cryptography.dare.test-xunit.dll" id="a51898c3-6737-7053-3ceb-b4030ee5d960">
      <Execution id="94be3030-07c2-447a-9474-72a41c64fd90" />
      <TestMethod codeBase="C:\Users\hallam\Work\mmm\Testing\Goedel.Cryptography.Dare.Test-xunit\bin\Debug\net6.0\Goedel.Cryptography.Dare.Test-xunit.dll" adapterTypeName="executor://xunit/VsTestRunner2/netcoreapp" className="Goedel.XUnit.TestContainers" name="ContainerFixedExchangeTest" />
    </UnitTest>
    <UnitTest name="Goedel.XUnit.TestDare.EnvelopeEncryptedCryptoParameters" storage="c:\users\hallam\work\mmm\testing\goedel.cryptography.dare.test-xunit\bin\debug\net6.0\goedel.cryptography.dare.test-xunit.dll" id="0fdd7d16-a6f5-20bf-bb0e-09b4e3145c52">
      <Execution id="c5386178-ff5e-41ad-a361-b272be03b986" />
      <TestMethod codeBase="C:\Users\hallam\Work\mmm\Testing\Goedel.Cryptography.Dare.Test-xunit\bin\Debug\net6.0\Goedel.Cryptography.Dare.Test-xunit.dll" adapterTypeName="executor://xunit/VsTestRunner2/netcoreapp" className="Goedel.XUnit.TestDare" name="EnvelopeEncryptedCryptoParameters" />
    </UnitTest>
    <UnitTest name="Goedel.XUnit.TestSplit.TestKeyShare(bits: 64, hexData: null)" storage="c:\users\hallam\work\mmm\testing\goedel.cryptography.test-xunit\bin\debug\net6.0\goedel.cryptography.test-xunit.dll" id="eeedbcd3-1e96-b7ff-c42e-58d7189acceb">
      <Execution id="a9ce4439-52c9-4391-9133-2464cd24ecd9" />
      <TestMethod codeBase="C:\Users\hallam\Work\mmm\Testing\Goedel.Cryptography.Test-xunit\bin\Debug\net6.0\Goedel.Cryptography.Test-xunit.dll" adapterTypeName="executor://xunit/VsTestRunner2/netcoreapp" className="Goedel.XUnit.TestSplit" name="TestKeyShare" />
    </UnitTest>
    <UnitTest name="Goedel.XUnit.TestSplit.TestShares(N: 3, K: 3)" storage="c:\users\hallam\work\mmm\testing\goedel.cryptography.test-xunit\bin\debug\net6.0\goedel.cryptography.test-xunit.dll" id="69dcad2c-bb4b-5b43-696d-00ab06781ca1">
      <Execution id="7c8a54c8-15f2-4314-9220-819ac91cf106" />
      <TestMethod codeBase="C:\Users\hallam\Work\mmm\Testing\Goedel.Cryptography.Test-xunit\bin\Debug\net6.0\Goedel.Cryptography.Test-xunit.dll" adapterTypeName="executor://xunit/VsTestRunner2/netcoreapp" className="Goedel.XUnit.TestSplit" name="TestShares" />
    </UnitTest>
    <UnitTest name="Goedel.XUnit.Utilities.BaseConversionsToStream" storage="c:\users\hallam\work\mmm\testing\goedel.utilities.test-xunit\bin\debug\net6.0\goedel.utilities.test-xunit.dll" id="134d148e-b278-5eba-e814-8a05eec2c663">
      <Execution id="27da9b9a-686b-4a44-a6d1-41b13d05fb54" />
      <TestMethod codeBase="C:\Users\hallam\Work\mmm\Testing\Goedel.Utilities.Test-xunit\bin\Debug\net6.0\Goedel.Utilities.Test-xunit.dll" adapterTypeName="executor://xunit/VsTestRunner2/netcoreapp" className="Goedel.XUnit.Utilities" name="BaseConversionsToStream" />
    </UnitTest>
    <UnitTest name="Goedel.XUnit.ShellTests.TestKey(bits: 512)" storage="c:\users\hallam\work\mmm\testing\goedel.mesh.shell.test-xunit\bin\debug\net6.0\goedel.mesh.shell.test-xunit.dll" id="73417cb7-dada-1d76-0e93-5bb09d5bef20">
      <Execution id="0dec7ff9-3d95-4542-b5e8-5b18a46ee083" />
      <TestMethod codeBase="C:\Users\hallam\Work\mmm\Testing\Goedel.Mesh.Shell.Test-xunit\bin\Debug\net6.0\Goedel.Mesh.Shell.Test-xunit.dll" adapterTypeName="executor://xunit/VsTestRunner2/netcoreapp" className="Goedel.XUnit.ShellTests" name="TestKey" />
    </UnitTest>
    <UnitTest name="Goedel.XUnit.TestGoedelCryptography.EncodingTest(iterations: 10, cryptoAlgorithmId: Ed448)" storage="c:\users\hallam\work\mmm\testing\goedel.cryptography.test-xunit\bin\debug\net6.0\goedel.cryptography.test-xunit.dll" id="a297e343-9f2f-a240-1ec8-81941a1e3452">
      <Execution id="55c89fa4-bddf-413e-8a9a-2a89b901badc" />
      <TestMethod codeBase="C:\Users\hallam\Work\mmm\Testing\Goedel.Cryptography.Test-xunit\bin\Debug\net6.0\Goedel.Cryptography.Test-xunit.dll" adapterTypeName="executor://xunit/VsTestRunner2/netcoreapp" className="Goedel.XUnit.TestGoedelCryptography" name="EncodingTest" />
    </UnitTest>
    <UnitTest name="Goedel.XUnit.TestService.TestCredentialDeviceFails(dataValidity: CorruptPayload)" storage="c:\users\hallam\work\mmm\testing\goedel.mesh.protocol.test-xunit\bin\debug\net6.0\goedel.mesh.protocol.test-xunit.dll" id="81b3558e-e11e-c94f-212a-4f53a4a15677">
      <Execution id="60836459-d232-46b8-9e48-870777faa599" />
      <TestMethod codeBase="C:\Users\hallam\Work\mmm\Testing\Goedel.Mesh.Protocol.Test-xunit\bin\Debug\net6.0\Goedel.Mesh.Protocol.Test-xunit.dll" adapterTypeName="executor://xunit/VsTestRunner2/netcoreapp" className="Goedel.XUnit.TestService" name="TestCredentialDeviceFails" />
    </UnitTest>
    <UnitTest name="Goedel.XUnit.TestContainers.ContainerOnceExchange" storage="c:\users\hallam\work\mmm\testing\goedel.cryptography.dare.test-xunit\bin\debug\net6.0\goedel.cryptography.dare.test-xunit.dll" id="565aa3c5-dddd-67af-c0ed-b5b57571e6a6">
      <Execution id="2ffb32ea-f2d5-40ed-b73b-0f229ecb262c" />
      <TestMethod codeBase="C:\Users\hallam\Work\mmm\Testing\Goedel.Cryptography.Dare.Test-xunit\bin\Debug\net6.0\Goedel.Cryptography.Dare.Test-xunit.dll" adapterTypeName="executor://xunit/VsTestRunner2/netcoreapp" className="Goedel.XUnit.TestContainers" name="ContainerOnceExchange" />
    </UnitTest>
    <UnitTest name="Goedel.XUnit.ShellTests.TestRandom(bits: 256)" storage="c:\users\hallam\work\mmm\testing\goedel.mesh.shell.test-xunit\bin\debug\net6.0\goedel.mesh.shell.test-xunit.dll" id="b5690dd3-fbca-5d55-b2df-b11ceca3ab48">
      <Execution id="f8c2d414-078f-446d-bf3a-809057542bd4" />
      <TestMethod codeBase="C:\Users\hallam\Work\mmm\Testing\Goedel.Mesh.Shell.Test-xunit\bin\Debug\net6.0\Goedel.Mesh.Shell.Test-xunit.dll" adapterTypeName="executor://xunit/VsTestRunner2/netcoreapp" className="Goedel.XUnit.ShellTests" name="TestRandom" />
    </UnitTest>
    <UnitTest name="Goedel.XUnit.TestSplit.TestKey(bits: 512, hexData: null)" storage="c:\users\hallam\work\mmm\testing\goedel.cryptography.test-xunit\bin\debug\net6.0\goedel.cryptography.test-xunit.dll" id="307e2382-408b-850a-1e4a-9230f0085755">
      <Execution id="a6b7a1b1-1447-4564-ac41-b2b0aceade07" />
      <TestMethod codeBase="C:\Users\hallam\Work\mmm\Testing\Goedel.Cryptography.Test-xunit\bin\Debug\net6.0\Goedel.Cryptography.Test-xunit.dll" adapterTypeName="executor://xunit/VsTestRunner2/netcoreapp" className="Goedel.XUnit.TestSplit" name="TestKey" />
    </UnitTest>
    <UnitTest name="Goedel.XUnit.TestGoedelCryptography.TestSquareRoot" storage="c:\users\hallam\work\mmm\testing\goedel.cryptography.test-xunit\bin\debug\net6.0\goedel.cryptography.test-xunit.dll" id="f865bb6d-bccb-a7e5-e77c-acb7e165a931">
      <Execution id="b36fe69f-4dbb-4215-8c6e-d509d61cbd2e" />
      <TestMethod codeBase="C:\Users\hallam\Work\mmm\Testing\Goedel.Cryptography.Test-xunit\bin\Debug\net6.0\Goedel.Cryptography.Test-xunit.dll" adapterTypeName="executor://xunit/VsTestRunner2/netcoreapp" className="Goedel.XUnit.TestGoedelCryptography" name="TestSquareRoot" />
    </UnitTest>
    <UnitTest name="Goedel.XUnit.TestDigests.TestSHA_Direct" storage="c:\users\hallam\work\mmm\testing\goedel.cryptography.test-xunit\bin\debug\net6.0\goedel.cryptography.test-xunit.dll" id="f50d1a71-c8c6-6a64-517b-8dfbb3b931e8">
      <Execution id="dd355741-2064-4541-b1a6-c9b4734f6a9f" />
      <TestMethod codeBase="C:\Users\hallam\Work\mmm\Testing\Goedel.Cryptography.Test-xunit\bin\Debug\net6.0\Goedel.Cryptography.Test-xunit.dll" adapterTypeName="executor://xunit/VsTestRunner2/netcoreapp" className="Goedel.XUnit.TestDigests" name="TestSHA_Direct" />
    </UnitTest>
    <UnitTest name="Goedel.XUnit.TestAsymmetric.EncryptTest(algorithmID: DH)" storage="c:\users\hallam\work\mmm\testing\goedel.cryptography.test-xunit\bin\debug\net6.0\goedel.cryptography.test-xunit.dll" id="66539361-a1c4-0773-d0b9-af5c9d79b169">
      <Execution id="59ad05e6-b860-458a-bc6c-f4b41e699880" />
      <TestMethod codeBase="C:\Users\hallam\Work\mmm\Testing\Goedel.Cryptography.Test-xunit\bin\Debug\net6.0\Goedel.Cryptography.Test-xunit.dll" adapterTypeName="executor://xunit/VsTestRunner2/netcoreapp" className="Goedel.XUnit.TestAsymmetric" name="EncryptTest" />
    </UnitTest>
    <UnitTest name="Goedel.XUnit.TestContainers.ContainerTestChain" storage="c:\users\hallam\work\mmm\testing\goedel.cryptography.dare.test-xunit\bin\debug\net6.0\goedel.cryptography.dare.test-xunit.dll" id="b40f4bc4-d0ed-c219-e4e1-5ef85e5cf466">
      <Execution id="457a143b-0aef-4b31-9066-d3e48b0360b8" />
      <TestMethod codeBase="C:\Users\hallam\Work\mmm\Testing\Goedel.Cryptography.Dare.Test-xunit\bin\Debug\net6.0\Goedel.Cryptography.Dare.Test-xunit.dll" adapterTypeName="executor://xunit/VsTestRunner2/netcoreapp" className="Goedel.XUnit.TestContainers" name="ContainerTestChain" />
    </UnitTest>
    <UnitTest name="Goedel.XUnit.TestService.TestCredentialDeviceFails(dataValidity: CorruptMissing)" storage="c:\users\hallam\work\mmm\testing\goedel.mesh.protocol.test-xunit\bin\debug\net6.0\goedel.mesh.protocol.test-xunit.dll" id="609abe45-8b26-1a8b-d224-e1f761144175">
      <Execution id="18a4b6ea-b014-492f-8a77-a125b8de5e6c" />
      <TestMethod codeBase="C:\Users\hallam\Work\mmm\Testing\Goedel.Mesh.Protocol.Test-xunit\bin\Debug\net6.0\Goedel.Mesh.Protocol.Test-xunit.dll" adapterTypeName="executor://xunit/VsTestRunner2/netcoreapp" className="Goedel.XUnit.TestService" name="TestCredentialDeviceFails" />
    </UnitTest>
    <UnitTest name="Goedel.XUnit.TestLifecycle.Test_LifecycleExportable(CryptoAlgorithmID: DH, KeySize: 2048)" storage="c:\users\hallam\work\mmm\testing\goedel.cryptography.test-xunit\bin\debug\net6.0\goedel.cryptography.test-xunit.dll" id="e49e3d64-a0c0-0c12-98e4-4101314dcb12">
      <Execution id="54f892dd-5fbb-4da2-b12c-92a68cb9a0e2" />
      <TestMethod codeBase="C:\Users\hallam\Work\mmm\Testing\Goedel.Cryptography.Test-xunit\bin\Debug\net6.0\Goedel.Cryptography.Test-xunit.dll" adapterTypeName="executor://xunit/VsTestRunner2/netcoreapp" className="Goedel.XUnit.TestLifecycle" name="Test_LifecycleExportable" />
    </UnitTest>
    <UnitTest name="Goedel.XUnit.ShellTests.TestProfileNetwork" storage="c:\users\hallam\work\mmm\testing\goedel.mesh.shell.test-xunit\bin\debug\net6.0\goedel.mesh.shell.test-xunit.dll" id="83b7a20c-356e-697e-bda5-693be1668d93">
      <Execution id="5da68a3a-d3ee-41e1-b106-14e3e5113bbb" />
      <TestMethod codeBase="C:\Users\hallam\Work\mmm\Testing\Goedel.Mesh.Shell.Test-xunit\bin\Debug\net6.0\Goedel.Mesh.Shell.Test-xunit.dll" adapterTypeName="executor://xunit/VsTestRunner2/netcoreapp" className="Goedel.XUnit.ShellTests" name="TestProfileNetwork" />
    </UnitTest>
    <UnitTest name="Goedel.XUnit.TestDareArchive.TestArchiveEncrypted10Individual" storage="c:\users\hallam\work\mmm\testing\goedel.cryptography.dare.test-xunit\bin\debug\net6.0\goedel.cryptography.dare.test-xunit.dll" id="edb43bb8-dfb0-e35e-3617-2c8f774ca7fb">
      <Execution id="86bfa1d2-118d-4d2b-95ee-2cf142418da3" />
      <TestMethod codeBase="C:\Users\hallam\Work\mmm\Testing\Goedel.Cryptography.Dare.Test-xunit\bin\Debug\net6.0\Goedel.Cryptography.Dare.Test-xunit.dll" adapterTypeName="executor://xunit/VsTestRunner2/netcoreapp" className="Goedel.XUnit.TestDareArchive" name="TestArchiveEncrypted10Individual" />
    </UnitTest>
    <UnitTest name="Goedel.XUnit.ShellTests.TestMessageContactBusinessCardExchange" storage="c:\users\hallam\work\mmm\testing\goedel.mesh.shell.test-xunit\bin\debug\net6.0\goedel.mesh.shell.test-xunit.dll" id="028f44a2-72bd-8443-c268-1169c763bbb9">
      <Execution id="038c5838-3b4f-4567-a734-04602f56e96b" />
      <TestMethod codeBase="C:\Users\hallam\Work\mmm\Testing\Goedel.Mesh.Shell.Test-xunit\bin\Debug\net6.0\Goedel.Mesh.Shell.Test-xunit.dll" adapterTypeName="executor://xunit/VsTestRunner2/netcoreapp" className="Goedel.XUnit.ShellTests" name="TestMessageContactBusinessCardExchange" />
    </UnitTest>
    <UnitTest name="Goedel.XUnit.ShellTestsAdmin.TestRandom(bits: 0)" storage="c:\users\hallam\work\mmm\testing\goedel.mesh.shell.test-xunit\bin\debug\net6.0\goedel.mesh.shell.test-xunit.dll" id="c23b1e95-1acd-a324-a9d5-b14d7d25dd8b">
      <Execution id="136213e9-3fa2-4218-a735-1c8b125e29a2" />
      <TestMethod codeBase="C:\Users\hallam\Work\mmm\Testing\Goedel.Mesh.Shell.Test-xunit\bin\Debug\net6.0\Goedel.Mesh.Shell.Test-xunit.dll" adapterTypeName="executor://xunit/VsTestRunner2/netcoreapp" className="Goedel.XUnit.ShellTestsAdmin" name="TestRandom" />
    </UnitTest>
    <UnitTest name="Goedel.XUnit.ShellTests.TestConnectRequest" storage="c:\users\hallam\work\mmm\testing\goedel.mesh.shell.test-xunit\bin\debug\net6.0\goedel.mesh.shell.test-xunit.dll" id="a960cd45-b1cb-fadc-7f98-97a3570b4a0d">
      <Execution id="36810fe9-3b9e-487d-83ff-d6b659f08ca5" />
      <TestMethod codeBase="C:\Users\hallam\Work\mmm\Testing\Goedel.Mesh.Shell.Test-xunit\bin\Debug\net6.0\Goedel.Mesh.Shell.Test-xunit.dll" adapterTypeName="executor://xunit/VsTestRunner2/netcoreapp" className="Goedel.XUnit.ShellTests" name="TestConnectRequest" />
    </UnitTest>
    <UnitTest name="Goedel.XUnit.ShellTests.TestProfileConnectDynamicQR" storage="c:\users\hallam\work\mmm\testing\goedel.mesh.shell.test-xunit\bin\debug\net6.0\goedel.mesh.shell.test-xunit.dll" id="c8d98072-caa2-10e7-cae7-bcaf61f2815b">
      <Execution id="9cd36cce-0aa8-44d9-bb67-e41f1b0ba9b6" />
      <TestMethod codeBase="C:\Users\hallam\Work\mmm\Testing\Goedel.Mesh.Shell.Test-xunit\bin\Debug\net6.0\Goedel.Mesh.Shell.Test-xunit.dll" adapterTypeName="executor://xunit/VsTestRunner2/netcoreapp" className="Goedel.XUnit.ShellTests" name="TestProfileConnectDynamicQR" />
    </UnitTest>
    <UnitTest name="Goedel.XUnit.TestLifecycle.Test_LifecycleAdmin(CryptoAlgorithmID: Ed448, KeySize: 2048)" storage="c:\users\hallam\work\mmm\testing\goedel.cryptography.test-xunit\bin\debug\net6.0\goedel.cryptography.test-xunit.dll" id="96dde99f-739f-425a-564c-63b50fea96ff">
      <Execution id="e571a921-a18e-4618-961e-d7c2fbc64204" />
      <TestMethod codeBase="C:\Users\hallam\Work\mmm\Testing\Goedel.Cryptography.Test-xunit\bin\Debug\net6.0\Goedel.Cryptography.Test-xunit.dll" adapterTypeName="executor://xunit/VsTestRunner2/netcoreapp" className="Goedel.XUnit.TestLifecycle" name="Test_LifecycleAdmin" />
    </UnitTest>
    <UnitTest name="Goedel.XUnit.ShellTestsAdmin.TestCreateSuper" storage="c:\users\hallam\work\mmm\testing\goedel.mesh.shell.test-xunit\bin\debug\net6.0\goedel.mesh.shell.test-xunit.dll" id="10e8b2ea-571e-423b-3fef-7e4b67753eff">
      <Execution id="cd946fe5-80b3-46ba-b136-cacfce99f229" />
      <TestMethod codeBase="C:\Users\hallam\Work\mmm\Testing\Goedel.Mesh.Shell.Test-xunit\bin\Debug\net6.0\Goedel.Mesh.Shell.Test-xunit.dll" adapterTypeName="executor://xunit/VsTestRunner2/netcoreapp" className="Goedel.XUnit.ShellTestsAdmin" name="TestCreateSuper" />
    </UnitTest>
    <UnitTest name="Goedel.XUnit.GoedelProtocol.TestInstance" storage="c:\users\hallam\work\mmm\testing\goedel.protocol.test-xunit\bin\debug\net6.0\goedel.protocol.test-xunit.dll" id="b5a451d2-54ad-a957-75bc-ebfca400910b">
      <Execution id="336d91d2-c786-43d3-ae39-29111b56f579" />
      <TestMethod codeBase="C:\Users\hallam\Work\mmm\Testing\Goedel.Protocol.Test-xunit\bin\Debug\net6.0\Goedel.Protocol.Test-xunit.dll" adapterTypeName="executor://xunit/VsTestRunner2/netcoreapp" className="Goedel.XUnit.GoedelProtocol" name="TestInstance" />
    </UnitTest>
    <UnitTest name="Goedel.XUnit.TestCryptography.TestDH_KeyGen" storage="c:\users\hallam\work\mmm\testing\goedel.cryptography.test-xunit\bin\debug\net6.0\goedel.cryptography.test-xunit.dll" id="18032d34-ad34-7d01-c7da-302888a3f4e1">
      <Execution id="fe6458de-4847-4855-b5af-1922e080752c" />
      <TestMethod codeBase="C:\Users\hallam\Work\mmm\Testing\Goedel.Cryptography.Test-xunit\bin\Debug\net6.0\Goedel.Cryptography.Test-xunit.dll" adapterTypeName="executor://xunit/VsTestRunner2/netcoreapp" className="Goedel.XUnit.TestCryptography" name="TestDH_KeyGen" />
    </UnitTest>
    <UnitTest name="Goedel.XUnit.ShellTests.TestFileSign" storage="c:\users\hallam\work\mmm\testing\goedel.mesh.shell.test-xunit\bin\debug\net6.0\goedel.mesh.shell.test-xunit.dll" id="cb7aff63-5f66-d244-693e-5fdc4c6808a6">
      <Execution id="6f6adee8-a899-49c5-bf12-b49e25563041" />
      <TestMethod codeBase="C:\Users\hallam\Work\mmm\Testing\Goedel.Mesh.Shell.Test-xunit\bin\Debug\net6.0\Goedel.Mesh.Shell.Test-xunit.dll" adapterTypeName="executor://xunit/VsTestRunner2/netcoreapp" className="Goedel.XUnit.ShellTests" name="TestFileSign" />
    </UnitTest>
    <UnitTest name="Goedel.XUnit.ServiceDiscovery.TestDNS" storage="c:\users\hallam\work\mmm\testing\goedel.discovery.test-xunit\bin\debug\net6.0\goedel.discovery.test-xunit.dll" id="02338a89-ea10-2a5a-7676-cfc27689a59a">
      <Execution id="0f535064-1242-430f-a5d2-560dabf9b0b9" />
      <TestMethod codeBase="C:\Users\hallam\Work\mmm\Testing\Goedel.Discovery.Test-xunit\bin\Debug\net6.0\Goedel.Discovery.Test-xunit.dll" adapterTypeName="executor://xunit/VsTestRunner2/netcoreapp" className="Goedel.XUnit.ServiceDiscovery" name="TestDNS" />
    </UnitTest>
    <UnitTest name="Goedel.XUnit.TestContainers.ContainerTestList1" storage="c:\users\hallam\work\mmm\testing\goedel.cryptography.dare.test-xunit\bin\debug\net6.0\goedel.cryptography.dare.test-xunit.dll" id="5815ca34-cfac-a72b-82ac-2e510138f935">
      <Execution id="5b7d1232-4ab9-4845-b750-ea6692285f19" />
      <TestMethod codeBase="C:\Users\hallam\Work\mmm\Testing\Goedel.Cryptography.Dare.Test-xunit\bin\Debug\net6.0\Goedel.Cryptography.Dare.Test-xunit.dll" adapterTypeName="executor://xunit/VsTestRunner2/netcoreapp" className="Goedel.XUnit.TestContainers" name="ContainerTestList1" />
    </UnitTest>
    <UnitTest name="Goedel.XUnit.GoedelProtocol.TestJSON" storage="c:\users\hallam\work\mmm\testing\goedel.protocol.test-xunit\bin\debug\net6.0\goedel.protocol.test-xunit.dll" id="e90222b7-0dd7-a9c5-bbb4-00f32a2ce9e5">
      <Execution id="445aa18e-31c7-4759-8dc0-efc9deb0e452" />
      <TestMethod codeBase="C:\Users\hallam\Work\mmm\Testing\Goedel.Protocol.Test-xunit\bin\Debug\net6.0\Goedel.Protocol.Test-xunit.dll" adapterTypeName="executor://xunit/VsTestRunner2/netcoreapp" className="Goedel.XUnit.GoedelProtocol" name="TestJSON" />
    </UnitTest>
    <UnitTest name="Goedel.XUnit.TestService.MeshMessageConfirm" storage="c:\users\hallam\work\mmm\testing\goedel.mesh.protocol.test-xunit\bin\debug\net6.0\goedel.mesh.protocol.test-xunit.dll" id="c62690da-934f-caf9-ecb7-ec38190d5d59">
      <Execution id="57f4bca5-7b52-405d-ad09-7017cdd2bf6e" />
      <TestMethod codeBase="C:\Users\hallam\Work\mmm\Testing\Goedel.Mesh.Protocol.Test-xunit\bin\Debug\net6.0\Goedel.Mesh.Protocol.Test-xunit.dll" adapterTypeName="executor://xunit/VsTestRunner2/netcoreapp" className="Goedel.XUnit.TestService" name="MeshMessageConfirm" />
    </UnitTest>
    <UnitTest name="Goedel.XUnit.ShellTests.TestAccountDelete" storage="c:\users\hallam\work\mmm\testing\goedel.mesh.shell.test-xunit\bin\debug\net6.0\goedel.mesh.shell.test-xunit.dll" id="32ed53fc-95f1-d7cd-cca1-01a795194564">
      <Execution id="d6e7e925-f755-499a-a5b3-9e0aacdadee3" />
      <TestMethod codeBase="C:\Users\hallam\Work\mmm\Testing\Goedel.Mesh.Shell.Test-xunit\bin\Debug\net6.0\Goedel.Mesh.Shell.Test-xunit.dll" adapterTypeName="executor://xunit/VsTestRunner2/netcoreapp" className="Goedel.XUnit.ShellTests" name="TestAccountDelete" />
    </UnitTest>
    <UnitTest name="Goedel.XUnit.TestGoedelCryptography.TestBigIntConvert" storage="c:\users\hallam\work\mmm\testing\goedel.cryptography.test-xunit\bin\debug\net6.0\goedel.cryptography.test-xunit.dll" id="8e317bef-4992-859f-3306-8089e17424d0">
      <Execution id="13ec04dc-192e-46e6-bd39-927a0a3472fc" />
      <TestMethod codeBase="C:\Users\hallam\Work\mmm\Testing\Goedel.Cryptography.Test-xunit\bin\Debug\net6.0\Goedel.Cryptography.Test-xunit.dll" adapterTypeName="executor://xunit/VsTestRunner2/netcoreapp" className="Goedel.XUnit.TestGoedelCryptography" name="TestBigIntConvert" />
    </UnitTest>
    <UnitTest name="Goedel.XUnit.TestGoedelCryptography.TestDHAgreeRecryption" storage="c:\users\hallam\work\mmm\testing\goedel.cryptography.test-xunit\bin\debug\net6.0\goedel.cryptography.test-xunit.dll" id="7fab4b2e-e52d-9334-269e-7baa413c65f7">
      <Execution id="1a1b9ef0-ec1f-4a82-a313-3e5a77c1cad4" />
      <TestMethod codeBase="C:\Users\hallam\Work\mmm\Testing\Goedel.Cryptography.Test-xunit\bin\Debug\net6.0\Goedel.Cryptography.Test-xunit.dll" adapterTypeName="executor://xunit/VsTestRunner2/netcoreapp" className="Goedel.XUnit.TestGoedelCryptography" name="TestDHAgreeRecryption" />
    </UnitTest>
    <UnitTest name="Goedel.XUnit.TestSplit.TestKeyShare(bits: 32, hexData: &quot;00000000&quot;)" storage="c:\users\hallam\work\mmm\testing\goedel.cryptography.test-xunit\bin\debug\net6.0\goedel.cryptography.test-xunit.dll" id="1dd173b8-c879-3270-be9f-52603fc841c8">
      <Execution id="3da48271-48f8-4bd4-9a41-d07840850ae2" />
      <TestMethod codeBase="C:\Users\hallam\Work\mmm\Testing\Goedel.Cryptography.Test-xunit\bin\Debug\net6.0\Goedel.Cryptography.Test-xunit.dll" adapterTypeName="executor://xunit/VsTestRunner2/netcoreapp" className="Goedel.XUnit.TestSplit" name="TestKeyShare" />
    </UnitTest>
    <UnitTest name="Goedel.XUnit.ShellTests.TestProfileConnectPinExpired" storage="c:\users\hallam\work\mmm\testing\goedel.mesh.shell.test-xunit\bin\debug\net6.0\goedel.mesh.shell.test-xunit.dll" id="e2aee06e-93b0-5143-d503-a8e769828f44">
      <Execution id="678f708a-04c9-46ee-84bc-98d4442b10f9" />
      <TestMethod codeBase="C:\Users\hallam\Work\mmm\Testing\Goedel.Mesh.Shell.Test-xunit\bin\Debug\net6.0\Goedel.Mesh.Shell.Test-xunit.dll" adapterTypeName="executor://xunit/VsTestRunner2/netcoreapp" className="Goedel.XUnit.ShellTests" name="TestProfileConnectPinExpired" />
    </UnitTest>
    <UnitTest name="Goedel.XUnit.TestLifecycle.Test_LifecycleExportable(CryptoAlgorithmID: EdDSA, KeySize: 2048)" storage="c:\users\hallam\work\mmm\testing\goedel.cryptography.test-xunit\bin\debug\net6.0\goedel.cryptography.test-xunit.dll" id="a2ddd77f-bece-ce12-adb5-c4ede885cd85">
      <Execution id="34bd1da5-7f81-47ad-a751-eda3aba0712d" />
      <TestMethod codeBase="C:\Users\hallam\Work\mmm\Testing\Goedel.Cryptography.Test-xunit\bin\Debug\net6.0\Goedel.Cryptography.Test-xunit.dll" adapterTypeName="executor://xunit/VsTestRunner2/netcoreapp" className="Goedel.XUnit.TestLifecycle" name="Test_LifecycleExportable" />
    </UnitTest>
    <UnitTest name="Goedel.XUnit.TestAsymmetric.EncryptTest(algorithmID: Exchange)" storage="c:\users\hallam\work\mmm\testing\goedel.cryptography.test-xunit\bin\debug\net6.0\goedel.cryptography.test-xunit.dll" id="34fea07c-2e42-b4f1-6076-bfbb6482a479">
      <Execution id="9e3ece87-f956-41fb-9c8f-84ba4bf8e197" />
      <TestMethod codeBase="C:\Users\hallam\Work\mmm\Testing\Goedel.Cryptography.Test-xunit\bin\Debug\net6.0\Goedel.Cryptography.Test-xunit.dll" adapterTypeName="executor://xunit/VsTestRunner2/netcoreapp" className="Goedel.XUnit.TestAsymmetric" name="EncryptTest" />
    </UnitTest>
    <UnitTest name="Goedel.XUnit.ShellTestsAdmin.TestMessageGroup" storage="c:\users\hallam\work\mmm\testing\goedel.mesh.shell.test-xunit\bin\debug\net6.0\goedel.mesh.shell.test-xunit.dll" id="70b4c56c-276c-1f69-dc4d-79ea1f9d3b29">
      <Execution id="7246d8fb-e18f-4bfa-9e90-57dd684e55c6" />
      <TestMethod codeBase="C:\Users\hallam\Work\mmm\Testing\Goedel.Mesh.Shell.Test-xunit\bin\Debug\net6.0\Goedel.Mesh.Shell.Test-xunit.dll" adapterTypeName="executor://xunit/VsTestRunner2/netcoreapp" className="Goedel.XUnit.ShellTestsAdmin" name="TestMessageGroup" />
    </UnitTest>
    <UnitTest name="Goedel.XUnit.ShellTests.TestCreateSuper" storage="c:\users\hallam\work\mmm\testing\goedel.mesh.shell.test-xunit\bin\debug\net6.0\goedel.mesh.shell.test-xunit.dll" id="a4e1a9be-f6f1-c26f-ca0a-458914548a21">
      <Execution id="f0cc7aaa-9ccf-4cef-a1fd-f2b75c5ad192" />
      <TestMethod codeBase="C:\Users\hallam\Work\mmm\Testing\Goedel.Mesh.Shell.Test-xunit\bin\Debug\net6.0\Goedel.Mesh.Shell.Test-xunit.dll" adapterTypeName="executor://xunit/VsTestRunner2/netcoreapp" className="Goedel.XUnit.ShellTests" name="TestCreateSuper" />
    </UnitTest>
    <UnitTest name="Goedel.XUnit.TestGoedelCryptography.TestBitField4" storage="c:\users\hallam\work\mmm\testing\goedel.cryptography.test-xunit\bin\debug\net6.0\goedel.cryptography.test-xunit.dll" id="0e6e521c-4ef1-9d5d-3393-b07fa26c57f4">
      <Execution id="9b4f190c-963e-49e8-bf17-b881d5086c64" />
      <TestMethod codeBase="C:\Users\hallam\Work\mmm\Testing\Goedel.Cryptography.Test-xunit\bin\Debug\net6.0\Goedel.Cryptography.Test-xunit.dll" adapterTypeName="executor://xunit/VsTestRunner2/netcoreapp" className="Goedel.XUnit.TestGoedelCryptography" name="TestBitField4" />
    </UnitTest>
    <UnitTest name="Goedel.XUnit.TestGoedelCryptography.X25519TV2" storage="c:\users\hallam\work\mmm\testing\goedel.cryptography.test-xunit\bin\debug\net6.0\goedel.cryptography.test-xunit.dll" id="0983a6ef-18cb-1b6f-6d2c-803924600d35">
      <Execution id="dbf20c7e-ab73-4b88-914a-9c03ae5631de" />
      <TestMethod codeBase="C:\Users\hallam\Work\mmm\Testing\Goedel.Cryptography.Test-xunit\bin\Debug\net6.0\Goedel.Cryptography.Test-xunit.dll" adapterTypeName="executor://xunit/VsTestRunner2/netcoreapp" className="Goedel.XUnit.TestGoedelCryptography" name="X25519TV2" />
    </UnitTest>
    <UnitTest name="Goedel.XUnit.TestService.TestProfileFails(dataValidity: CorruptMissing)" storage="c:\users\hallam\work\mmm\testing\goedel.mesh.protocol.test-xunit\bin\debug\net6.0\goedel.mesh.protocol.test-xunit.dll" id="68422660-1555-50dc-e38e-8ec47124454f">
      <Execution id="a639bf6e-525e-462a-97ac-1a0fe6f3bfa8" />
      <TestMethod codeBase="C:\Users\hallam\Work\mmm\Testing\Goedel.Mesh.Protocol.Test-xunit\bin\Debug\net6.0\Goedel.Mesh.Protocol.Test-xunit.dll" adapterTypeName="executor://xunit/VsTestRunner2/netcoreapp" className="Goedel.XUnit.TestService" name="TestProfileFails" />
    </UnitTest>
    <UnitTest name="Goedel.XUnit.ShellTests.TestFilePlain" storage="c:\users\hallam\work\mmm\testing\goedel.mesh.shell.test-xunit\bin\debug\net6.0\goedel.mesh.shell.test-xunit.dll" id="33e340bc-07fa-db2c-b072-f70b710570db">
      <Execution id="8e595fb8-fcfa-48b0-aeef-9ac585e3ca5d" />
      <TestMethod codeBase="C:\Users\hallam\Work\mmm\Testing\Goedel.Mesh.Shell.Test-xunit\bin\Debug\net6.0\Goedel.Mesh.Shell.Test-xunit.dll" adapterTypeName="executor://xunit/VsTestRunner2/netcoreapp" className="Goedel.XUnit.ShellTests" name="TestFilePlain" />
    </UnitTest>
    <UnitTest name="Goedel.XUnit.TestCryptographyJose.RoundTripKeyExportable(cryptoAlgorithmID: Signature)" storage="c:\users\hallam\work\mmm\testing\goedel.cryptography.jose.test-xunit\bin\debug\net6.0\goedel.cryptography.jose.test-xunit.dll" id="25105fd8-64ee-885a-27e3-c116b6562207">
      <Execution id="02dd8b1d-6323-4d4c-8ca0-681fcb86072c" />
      <TestMethod codeBase="C:\Users\hallam\Work\mmm\Testing\Goedel.Cryptography.Jose.Test-xunit\bin\Debug\net6.0\Goedel.Cryptography.Jose.Test-xunit.dll" adapterTypeName="executor://xunit/VsTestRunner2/netcoreapp" className="Goedel.XUnit.TestCryptographyJose" name="RoundTripKeyExportable" />
    </UnitTest>
    <UnitTest name="Goedel.XUnit.TestLifecycle.Test_LifecycleDevice(CryptoAlgorithmID: Ed448, KeySize: 2048)" storage="c:\users\hallam\work\mmm\testing\goedel.cryptography.test-xunit\bin\debug\net6.0\goedel.cryptography.test-xunit.dll" id="6324b3cd-2f96-fc5b-1d6b-d5d38565f8e6">
      <Execution id="410fcbf6-c328-4abc-895d-5ca312680428" />
      <TestMethod codeBase="C:\Users\hallam\Work\mmm\Testing\Goedel.Cryptography.Test-xunit\bin\Debug\net6.0\Goedel.Cryptography.Test-xunit.dll" adapterTypeName="executor://xunit/VsTestRunner2/netcoreapp" className="Goedel.XUnit.TestLifecycle" name="Test_LifecycleDevice" />
    </UnitTest>
    <UnitTest name="Goedel.XUnit.TestGoedelCryptography.EncodingTests(iterations: 10)" storage="c:\users\hallam\work\mmm\testing\goedel.cryptography.test-xunit\bin\debug\net6.0\goedel.cryptography.test-xunit.dll" id="dbccb82c-cd5c-ddf7-bf6a-841c7f552fa6">
      <Execution id="af36f205-4c46-4de5-bd26-1947d3606495" />
      <TestMethod codeBase="C:\Users\hallam\Work\mmm\Testing\Goedel.Cryptography.Test-xunit\bin\Debug\net6.0\Goedel.Cryptography.Test-xunit.dll" adapterTypeName="executor://xunit/VsTestRunner2/netcoreapp" className="Goedel.XUnit.TestGoedelCryptography" name="EncodingTests" />
    </UnitTest>
    <UnitTest name="Goedel.XUnit.ShellTestsAdmin.TestEscrowChangeDevice" storage="c:\users\hallam\work\mmm\testing\goedel.mesh.shell.test-xunit\bin\debug\net6.0\goedel.mesh.shell.test-xunit.dll" id="ce9f3239-f496-fb9d-5438-1d256cea7f19">
      <Execution id="89706824-01de-49f2-a7b9-ce6a05a993c5" />
      <TestMethod codeBase="C:\Users\hallam\Work\mmm\Testing\Goedel.Mesh.Shell.Test-xunit\bin\Debug\net6.0\Goedel.Mesh.Shell.Test-xunit.dll" adapterTypeName="executor://xunit/VsTestRunner2/netcoreapp" className="Goedel.XUnit.ShellTestsAdmin" name="TestEscrowChangeDevice" />
    </UnitTest>
    <UnitTest name="Goedel.XUnit.ShellTestsAdmin.TestKey(bits: 256)" storage="c:\users\hallam\work\mmm\testing\goedel.mesh.shell.test-xunit\bin\debug\net6.0\goedel.mesh.shell.test-xunit.dll" id="a31e5717-7310-3c8b-24b7-ccce5780480a">
      <Execution id="63d380f6-abfa-4a0d-b0b0-ce1a29bccd55" />
      <TestMethod codeBase="C:\Users\hallam\Work\mmm\Testing\Goedel.Mesh.Shell.Test-xunit\bin\Debug\net6.0\Goedel.Mesh.Shell.Test-xunit.dll" adapterTypeName="executor://xunit/VsTestRunner2/netcoreapp" className="Goedel.XUnit.ShellTestsAdmin" name="TestKey" />
    </UnitTest>
    <UnitTest name="Goedel.XUnit.TestGoedelCryptography.X448SignedMultiply(totalIn: 1000, partIn: 50)" storage="c:\users\hallam\work\mmm\testing\goedel.cryptography.test-xunit\bin\debug\net6.0\goedel.cryptography.test-xunit.dll" id="86212397-557e-a100-878b-32aa9900f10d">
      <Execution id="e7fd40b0-a1d3-49c9-9d67-330573f8c1f1" />
      <TestMethod codeBase="C:\Users\hallam\Work\mmm\Testing\Goedel.Cryptography.Test-xunit\bin\Debug\net6.0\Goedel.Cryptography.Test-xunit.dll" adapterTypeName="executor://xunit/VsTestRunner2/netcoreapp" className="Goedel.XUnit.TestGoedelCryptography" name="X448SignedMultiply" />
    </UnitTest>
    <UnitTest name="Goedel.XUnit.TestContainers.ContainerTestList" storage="c:\users\hallam\work\mmm\testing\goedel.cryptography.dare.test-xunit\bin\debug\net6.0\goedel.cryptography.dare.test-xunit.dll" id="6c5a8144-ae35-059d-b90d-4beb5221b719">
      <Execution id="f7e07af7-577c-452a-bd79-1b0855408843" />
      <TestMethod codeBase="C:\Users\hallam\Work\mmm\Testing\Goedel.Cryptography.Dare.Test-xunit\bin\Debug\net6.0\Goedel.Cryptography.Dare.Test-xunit.dll" adapterTypeName="executor://xunit/VsTestRunner2/netcoreapp" className="Goedel.XUnit.TestContainers" name="ContainerTestList" />
    </UnitTest>
    <UnitTest name="Goedel.XUnit.TestLifecycle.Test_LifecycleEphemeral(CryptoAlgorithmID: EdDSA, KeySize: 2048)" storage="c:\users\hallam\work\mmm\testing\goedel.cryptography.test-xunit\bin\debug\net6.0\goedel.cryptography.test-xunit.dll" id="f154115b-f95d-d9ac-37d6-9338be28fba2">
      <Execution id="981830db-5e65-4ded-9e30-536b99bb7d24" />
      <TestMethod codeBase="C:\Users\hallam\Work\mmm\Testing\Goedel.Cryptography.Test-xunit\bin\Debug\net6.0\Goedel.Cryptography.Test-xunit.dll" adapterTypeName="executor://xunit/VsTestRunner2/netcoreapp" className="Goedel.XUnit.TestLifecycle" name="Test_LifecycleEphemeral" />
    </UnitTest>
    <UnitTest name="Goedel.XUnit.Utilities.BaseConversionsFromString" storage="c:\users\hallam\work\mmm\testing\goedel.utilities.test-xunit\bin\debug\net6.0\goedel.utilities.test-xunit.dll" id="ebfd66a0-fb7d-822f-9fda-69a36f0a0754">
      <Execution id="32f1f097-b6e2-482b-9d80-c8f2444becdd" />
      <TestMethod codeBase="C:\Users\hallam\Work\mmm\Testing\Goedel.Utilities.Test-xunit\bin\Debug\net6.0\Goedel.Utilities.Test-xunit.dll" adapterTypeName="executor://xunit/VsTestRunner2/netcoreapp" className="Goedel.XUnit.Utilities" name="BaseConversionsFromString" />
    </UnitTest>
    <UnitTest name="Goedel.XUnit.TestLifecycle.Test_LifecycleEphemeral(CryptoAlgorithmID: X25519, KeySize: 2048)" storage="c:\users\hallam\work\mmm\testing\goedel.cryptography.test-xunit\bin\debug\net6.0\goedel.cryptography.test-xunit.dll" id="69fd6fbd-1c11-b571-ddb0-b1ed898c22aa">
      <Execution id="39528bce-1e4a-473a-9c96-5d0b77796206" />
      <TestMethod codeBase="C:\Users\hallam\Work\mmm\Testing\Goedel.Cryptography.Test-xunit\bin\Debug\net6.0\Goedel.Cryptography.Test-xunit.dll" adapterTypeName="executor://xunit/VsTestRunner2/netcoreapp" className="Goedel.XUnit.TestLifecycle" name="Test_LifecycleEphemeral" />
    </UnitTest>
    <UnitTest name="Goedel.XUnit.TestCryptography.TestDH_Recryption_2_100" storage="c:\users\hallam\work\mmm\testing\goedel.cryptography.test-xunit\bin\debug\net6.0\goedel.cryptography.test-xunit.dll" id="b437b7da-61be-2516-b829-75a3bf1fe582">
      <Execution id="93ce40cc-6da1-4cc6-be5b-87708e071e2d" />
      <TestMethod codeBase="C:\Users\hallam\Work\mmm\Testing\Goedel.Cryptography.Test-xunit\bin\Debug\net6.0\Goedel.Cryptography.Test-xunit.dll" adapterTypeName="executor://xunit/VsTestRunner2/netcoreapp" className="Goedel.XUnit.TestCryptography" name="TestDH_Recryption_2_100" />
    </UnitTest>
    <UnitTest name="Goedel.XUnit.TestService.MeshDeviceConnectDynamicQR" storage="c:\users\hallam\work\mmm\testing\goedel.mesh.protocol.test-xunit\bin\debug\net6.0\goedel.mesh.protocol.test-xunit.dll" id="e6033fda-7380-66ab-ffa2-91ff5a1d7a20">
      <Execution id="0621f03a-7fc8-4aa1-aa3b-d84f1d4aac74" />
      <TestMethod codeBase="C:\Users\hallam\Work\mmm\Testing\Goedel.Mesh.Protocol.Test-xunit\bin\Debug\net6.0\Goedel.Mesh.Protocol.Test-xunit.dll" adapterTypeName="executor://xunit/VsTestRunner2/netcoreapp" className="Goedel.XUnit.TestService" name="MeshDeviceConnectDynamicQR" />
    </UnitTest>
    <UnitTest name="Goedel.XUnit.ShellTestsAdmin.TestProfileBookmark" storage="c:\users\hallam\work\mmm\testing\goedel.mesh.shell.test-xunit\bin\debug\net6.0\goedel.mesh.shell.test-xunit.dll" id="1bb68044-77b4-c81f-dc43-8e65edda814d">
      <Execution id="83aa8fbf-f99d-4ed1-860b-b21afb482bbe" />
      <TestMethod codeBase="C:\Users\hallam\Work\mmm\Testing\Goedel.Mesh.Shell.Test-xunit\bin\Debug\net6.0\Goedel.Mesh.Shell.Test-xunit.dll" adapterTypeName="executor://xunit/VsTestRunner2/netcoreapp" className="Goedel.XUnit.ShellTestsAdmin" name="TestProfileBookmark" />
    </UnitTest>
    <UnitTest name="Goedel.XUnit.TestSplit.TestKey(bits: 32, hexData: null)" storage="c:\users\hallam\work\mmm\testing\goedel.cryptography.test-xunit\bin\debug\net6.0\goedel.cryptography.test-xunit.dll" id="7a198c9c-a567-264e-0852-e381d6e4668f">
      <Execution id="2599ede7-5095-4773-a669-1b31d7bce9d4" />
      <TestMethod codeBase="C:\Users\hallam\Work\mmm\Testing\Goedel.Cryptography.Test-xunit\bin\Debug\net6.0\Goedel.Cryptography.Test-xunit.dll" adapterTypeName="executor://xunit/VsTestRunner2/netcoreapp" className="Goedel.XUnit.TestSplit" name="TestKey" />
    </UnitTest>
    <UnitTest name="Goedel.XUnit.TestSplit.TestShares(N: 8, K: 2)" storage="c:\users\hallam\work\mmm\testing\goedel.cryptography.test-xunit\bin\debug\net6.0\goedel.cryptography.test-xunit.dll" id="2c4f888a-c9ed-5eea-7457-fe99443335a0">
      <Execution id="21602cb0-df1d-496b-b0b4-ddc02143a602" />
      <TestMethod codeBase="C:\Users\hallam\Work\mmm\Testing\Goedel.Cryptography.Test-xunit\bin\Debug\net6.0\Goedel.Cryptography.Test-xunit.dll" adapterTypeName="executor://xunit/VsTestRunner2/netcoreapp" className="Goedel.XUnit.TestSplit" name="TestShares" />
    </UnitTest>
    <UnitTest name="Goedel.XUnit.ShellTestsAdmin.TestProfilePassword" storage="c:\users\hallam\work\mmm\testing\goedel.mesh.shell.test-xunit\bin\debug\net6.0\goedel.mesh.shell.test-xunit.dll" id="3e458a5b-9249-3b38-c201-1f946c0dd445">
      <Execution id="c33c90fb-2544-4597-88d9-9b242bd33a9f" />
      <TestMethod codeBase="C:\Users\hallam\Work\mmm\Testing\Goedel.Mesh.Shell.Test-xunit\bin\Debug\net6.0\Goedel.Mesh.Shell.Test-xunit.dll" adapterTypeName="executor://xunit/VsTestRunner2/netcoreapp" className="Goedel.XUnit.ShellTestsAdmin" name="TestProfilePassword" />
    </UnitTest>
  </TestDefinitions>
  <TestEntries>
    <TestEntry testId="f7262197-9089-93a8-258b-eb719e78747b" executionId="6d9597de-3aa9-4b80-92bb-98963651ff12" testListId="8c84fa94-04c1-424b-9868-57a2d4851a1d" />
    <TestEntry testId="0fdd7d16-a6f5-20bf-bb0e-09b4e3145c52" executionId="c5386178-ff5e-41ad-a361-b272be03b986" testListId="8c84fa94-04c1-424b-9868-57a2d4851a1d" />
    <TestEntry testId="395b538a-007e-9fbb-2380-aa4084eadb1d" executionId="44ed615c-73f2-42e3-a899-d47e8b9e7e0a" testListId="8c84fa94-04c1-424b-9868-57a2d4851a1d" />
    <TestEntry testId="f744d0eb-70ef-57e4-e51c-7c055eef44a0" executionId="2c55c4e1-aadd-4f4d-be10-c740963d2a95" testListId="8c84fa94-04c1-424b-9868-57a2d4851a1d" />
    <TestEntry testId="de4539a8-6a0c-ed3c-e2ca-2e17d6b226b2" executionId="997ee243-ae8d-4343-afcb-f6fc5c1893b9" testListId="8c84fa94-04c1-424b-9868-57a2d4851a1d" />
    <TestEntry testId="68012fd5-5f78-f6d1-ceab-c913e257e73b" executionId="3d77eef7-df40-4ac3-a61d-2f396b280405" testListId="8c84fa94-04c1-424b-9868-57a2d4851a1d" />
    <TestEntry testId="fbdaad43-059b-11b9-6b59-ab871bbb65f9" executionId="5e241a73-cd49-4f39-97f6-95c1ab74c645" testListId="8c84fa94-04c1-424b-9868-57a2d4851a1d" />
    <TestEntry testId="b7d491e4-3902-d7c5-65c2-1bdd88903bbe" executionId="61d09c29-ec01-413b-b6e7-20fe0835bf31" testListId="8c84fa94-04c1-424b-9868-57a2d4851a1d" />
    <TestEntry testId="81dbd27e-f7eb-32b1-5b50-0cf51573d50f" executionId="c0931078-581b-429f-9dbf-3eb4ae84df69" testListId="8c84fa94-04c1-424b-9868-57a2d4851a1d" />
    <TestEntry testId="f0f873c6-559d-adc0-2b1a-f0f66034cfef" executionId="739fe4e7-3b4c-412b-b474-0650d14c8d1d" testListId="8c84fa94-04c1-424b-9868-57a2d4851a1d" />
    <TestEntry testId="b737fe06-d8fc-92fd-5280-a8e1601ec2d8" executionId="50ee7890-e969-49d4-a567-5ab3966500d9" testListId="8c84fa94-04c1-424b-9868-57a2d4851a1d" />
    <TestEntry testId="d8a84aa0-792e-a7a2-091e-013fa22fb426" executionId="bae0021b-83bd-4384-b9a9-0813379e0414" testListId="8c84fa94-04c1-424b-9868-57a2d4851a1d" />
    <TestEntry testId="d1a98307-cedb-9fe3-9290-ef334a37bd5e" executionId="87e5dd4b-f5c7-4ecd-8ac2-f48c3b31c344" testListId="8c84fa94-04c1-424b-9868-57a2d4851a1d" />
    <TestEntry testId="a960cd45-b1cb-fadc-7f98-97a3570b4a0d" executionId="36810fe9-3b9e-487d-83ff-d6b659f08ca5" testListId="8c84fa94-04c1-424b-9868-57a2d4851a1d" />
    <TestEntry testId="66f7218a-2777-f999-aa90-95c0d0032575" executionId="b7a1e2a5-1d9f-41e2-8600-47e7facdbfe6" testListId="8c84fa94-04c1-424b-9868-57a2d4851a1d" />
    <TestEntry testId="b737fe06-d8fc-92fd-5280-a8e1601ec2d8" executionId="7daa7a6b-0836-47d4-bce2-cb62c972f46d" testListId="8c84fa94-04c1-424b-9868-57a2d4851a1d" />
    <TestEntry testId="b17366e4-b151-50bf-382e-20bb4c261fe1" executionId="be38e55b-6f16-4484-960a-c06e777c6649" testListId="8c84fa94-04c1-424b-9868-57a2d4851a1d" />
    <TestEntry testId="4547a249-a574-eac8-e99b-91219cfc0488" executionId="f900ca7f-e27d-4cbc-a7b1-dd174054997b" testListId="8c84fa94-04c1-424b-9868-57a2d4851a1d" />
    <TestEntry testId="1e7c79a3-e21e-f967-e414-17f12e9860ee" executionId="f3f91c0b-d93c-4d22-bb28-bb77b4402d48" testListId="8c84fa94-04c1-424b-9868-57a2d4851a1d" />
    <TestEntry testId="f53a01d7-4f32-2561-5f4b-702b1f11f84a" executionId="08689134-4469-40fc-9bf2-427b9e6af6df" testListId="8c84fa94-04c1-424b-9868-57a2d4851a1d" />
    <TestEntry testId="25105fd8-64ee-885a-27e3-c116b6562207" executionId="02dd8b1d-6323-4d4c-8ca0-681fcb86072c" testListId="8c84fa94-04c1-424b-9868-57a2d4851a1d" />
    <TestEntry testId="a676b0d7-f5cc-4916-14df-4818f23b4f9e" executionId="3eb65681-f5ff-4bd5-ab1c-8edfe8ddc57e" testListId="8c84fa94-04c1-424b-9868-57a2d4851a1d" />
    <TestEntry testId="3cb3be92-7320-d0bc-00fb-a4befa00a815" executionId="76b1b748-0ea9-4e9f-aba8-1d205b94fa87" testListId="8c84fa94-04c1-424b-9868-57a2d4851a1d" />
    <TestEntry testId="5d0e1866-3198-d4a3-b8c9-001c81d460b5" executionId="f242bd60-7a05-4245-8422-030ace75778c" testListId="8c84fa94-04c1-424b-9868-57a2d4851a1d" />
    <TestEntry testId="aa76c87d-c739-6b60-6850-33a94ad27a23" executionId="f5c29fc4-dcc2-4f05-9462-140dc1bbdf65" testListId="8c84fa94-04c1-424b-9868-57a2d4851a1d" />
    <TestEntry testId="43292258-ae15-4312-c1e9-73090b3114a6" executionId="bec8f642-ff1b-4df0-a267-a8c466846076" testListId="8c84fa94-04c1-424b-9868-57a2d4851a1d" />
    <TestEntry testId="51152704-ef70-dcbd-1e2c-eaed9060f061" executionId="dbdb36ea-3721-4b25-b0b5-4c3539305ea5" testListId="8c84fa94-04c1-424b-9868-57a2d4851a1d" />
    <TestEntry testId="2d9fafba-2b4d-be58-53a2-e6afd34b0a6c" executionId="f3cade0a-0e5f-4e1e-a491-0b3d61fae362" testListId="8c84fa94-04c1-424b-9868-57a2d4851a1d" />
    <TestEntry testId="fdaaa21e-5dc5-7d54-3db5-73408c3b22bd" executionId="24f4aa94-9a01-48a4-aea2-ceff46767ee4" testListId="8c84fa94-04c1-424b-9868-57a2d4851a1d" />
    <TestEntry testId="a297e343-9f2f-a240-1ec8-81941a1e3452" executionId="55c89fa4-bddf-413e-8a9a-2a89b901badc" testListId="8c84fa94-04c1-424b-9868-57a2d4851a1d" />
    <TestEntry testId="2528e96a-401b-3555-be35-51a4199fc69d" executionId="19bab57d-ba17-46d8-ad83-2aa6b1191748" testListId="8c84fa94-04c1-424b-9868-57a2d4851a1d" />
    <TestEntry testId="a8216dc2-08cc-0c77-bd9c-5e517ed0df5e" executionId="74aa1c23-a355-4c51-886b-fdccd64149b7" testListId="8c84fa94-04c1-424b-9868-57a2d4851a1d" />
    <TestEntry testId="83b7a20c-356e-697e-bda5-693be1668d93" executionId="5da68a3a-d3ee-41e1-b106-14e3e5113bbb" testListId="8c84fa94-04c1-424b-9868-57a2d4851a1d" />
    <TestEntry testId="82ebbc6e-c519-fa17-39d2-85a6e75251ac" executionId="2568f71b-d204-48ee-8c8e-23d4570c208f" testListId="8c84fa94-04c1-424b-9868-57a2d4851a1d" />
    <TestEntry testId="3ef93204-9f9a-a3f3-8202-5e896c5ccb45" executionId="81eed7bb-5e72-4036-b167-5295afc05437" testListId="8c84fa94-04c1-424b-9868-57a2d4851a1d" />
    <TestEntry testId="3bc43295-b01e-3113-6938-02992c222c79" executionId="dd80158f-7bbc-4fbb-adf5-345336aed580" testListId="8c84fa94-04c1-424b-9868-57a2d4851a1d" />
    <TestEntry testId="cc82a702-eefc-aa40-c8d2-a8a2933922aa" executionId="8470dd11-495c-40e7-8363-ad708424ee1c" testListId="8c84fa94-04c1-424b-9868-57a2d4851a1d" />
    <TestEntry testId="dc113dbe-8f82-95c4-eda2-f8a0296eaa6e" executionId="020fff0b-1ed7-4c08-848b-b1f13a687114" testListId="8c84fa94-04c1-424b-9868-57a2d4851a1d" />
    <TestEntry testId="c7a7e530-c845-cf8c-0887-001c7fe0e2fc" executionId="a8126fe6-1f04-4c03-a2cb-6eb02f5c1a59" testListId="8c84fa94-04c1-424b-9868-57a2d4851a1d" />
    <TestEntry testId="3ef93204-9f9a-a3f3-8202-5e896c5ccb45" executionId="3d41a1e3-90c0-4fe8-9ba4-273107838c2a" testListId="8c84fa94-04c1-424b-9868-57a2d4851a1d" />
    <TestEntry testId="b1e99408-4481-0f46-a2ee-1a39680eb9b8" executionId="991a3060-8a17-4648-91dd-1bde5de152f5" testListId="8c84fa94-04c1-424b-9868-57a2d4851a1d" />
    <TestEntry testId="86212397-557e-a100-878b-32aa9900f10d" executionId="e7fd40b0-a1d3-49c9-9d67-330573f8c1f1" testListId="8c84fa94-04c1-424b-9868-57a2d4851a1d" />
    <TestEntry testId="c7a6d154-2d89-0534-49ab-318600d456be" executionId="2d8528c3-d4a4-477a-92c1-bdc9517b7091" testListId="8c84fa94-04c1-424b-9868-57a2d4851a1d" />
    <TestEntry testId="d76dfb1e-1500-6f3b-e812-25bc3796f460" executionId="c592ce34-091d-4e6c-9a5c-3427cf329918" testListId="8c84fa94-04c1-424b-9868-57a2d4851a1d" />
    <TestEntry testId="b737fe06-d8fc-92fd-5280-a8e1601ec2d8" executionId="3b5b99d0-a3a8-4bf0-88fb-cb4757842d2f" testListId="8c84fa94-04c1-424b-9868-57a2d4851a1d" />
    <TestEntry testId="f1f747fc-8dbc-9745-a7be-bb414bba91d3" executionId="473193e1-1896-45a5-b5f3-a85f011616cf" testListId="8c84fa94-04c1-424b-9868-57a2d4851a1d" />
    <TestEntry testId="260194e8-0351-feab-930e-68880b8c2d5a" executionId="ab61a1eb-3f89-4d2d-9812-2a5124e805ba" testListId="8c84fa94-04c1-424b-9868-57a2d4851a1d" />
    <TestEntry testId="91dd9840-e6da-24c6-5733-230e55ddfa79" executionId="d53371af-8010-47fc-b486-eab16b6d45b9" testListId="8c84fa94-04c1-424b-9868-57a2d4851a1d" />
    <TestEntry testId="5bdbfcd2-9b1e-e7e9-3506-392273f8cc30" executionId="51383e28-f7a6-4041-9141-ee76102d9de1" testListId="8c84fa94-04c1-424b-9868-57a2d4851a1d" />
    <TestEntry testId="19444fd8-2c34-8641-5462-28c6bcafc482" executionId="422c8dd9-21bb-4e27-9fcf-70d951b27f73" testListId="8c84fa94-04c1-424b-9868-57a2d4851a1d" />
    <TestEntry testId="7eac242b-ee2b-718c-2756-e9beef7502ea" executionId="1db6319e-1344-4dfa-8a70-fa75a69aa42e" testListId="8c84fa94-04c1-424b-9868-57a2d4851a1d" />
    <TestEntry testId="cb7aff63-5f66-d244-693e-5fdc4c6808a6" executionId="6f6adee8-a899-49c5-bf12-b49e25563041" testListId="8c84fa94-04c1-424b-9868-57a2d4851a1d" />
    <TestEntry testId="a3cd241f-9f9f-1bfd-e6a7-a6b714f267a0" executionId="31549126-f54a-4677-9091-12b556e947af" testListId="8c84fa94-04c1-424b-9868-57a2d4851a1d" />
    <TestEntry testId="18032d34-ad34-7d01-c7da-302888a3f4e1" executionId="fe6458de-4847-4855-b5af-1922e080752c" testListId="8c84fa94-04c1-424b-9868-57a2d4851a1d" />
    <TestEntry testId="74abd699-6abd-06c6-6f37-3a9a548a780b" executionId="3cf8d212-ce27-41b7-aeda-8bf38b586dde" testListId="8c84fa94-04c1-424b-9868-57a2d4851a1d" />
    <TestEntry testId="be343fdf-559e-df6b-c25f-c80514506df0" executionId="bdf51157-3cf8-4ccd-908e-ed2a49af83a6" testListId="8c84fa94-04c1-424b-9868-57a2d4851a1d" />
    <TestEntry testId="70026bda-0bd2-4726-310d-d1ee9ecd1731" executionId="be9db347-8c85-4950-837d-675dedf99a89" testListId="8c84fa94-04c1-424b-9868-57a2d4851a1d" />
    <TestEntry testId="f50d1a71-c8c6-6a64-517b-8dfbb3b931e8" executionId="f9d08b16-4d0f-4b7f-81bd-096c4b38cfd9" testListId="8c84fa94-04c1-424b-9868-57a2d4851a1d" />
    <TestEntry testId="3f1fc0ea-4250-0497-2a47-27ce4d830f16" executionId="eddb2833-8ca1-4cc0-8c3c-121609e83ac8" testListId="8c84fa94-04c1-424b-9868-57a2d4851a1d" />
    <TestEntry testId="7fa7522c-f8d9-2f92-1736-aaa02f4ba931" executionId="ff33fabd-5569-4c1b-9295-e017b12c9f78" testListId="8c84fa94-04c1-424b-9868-57a2d4851a1d" />
    <TestEntry testId="07e2a093-bb53-6ba6-971f-299dffd717bd" executionId="47ecc93c-0f4b-4787-b7a5-29f597a2d441" testListId="8c84fa94-04c1-424b-9868-57a2d4851a1d" />
    <TestEntry testId="b737fe06-d8fc-92fd-5280-a8e1601ec2d8" executionId="d125eb88-9ed4-4887-b3e4-aa1caf6e59b0" testListId="8c84fa94-04c1-424b-9868-57a2d4851a1d" />
    <TestEntry testId="c62690da-934f-caf9-ecb7-ec38190d5d59" executionId="57f4bca5-7b52-405d-ad09-7017cdd2bf6e" testListId="8c84fa94-04c1-424b-9868-57a2d4851a1d" />
    <TestEntry testId="b737fe06-d8fc-92fd-5280-a8e1601ec2d8" executionId="aa8b0590-67e3-481a-a400-bd8f67991eec" testListId="8c84fa94-04c1-424b-9868-57a2d4851a1d" />
    <TestEntry testId="adb78662-76a4-28bd-52f9-8530b4357612" executionId="b0725909-0b2e-4058-9fdb-6e85bdab4d00" testListId="8c84fa94-04c1-424b-9868-57a2d4851a1d" />
    <TestEntry testId="9d18040f-ddcb-ebb8-e66b-4c6aa457bbcc" executionId="2a21efe8-5a33-4725-a355-cbd3878dd9bb" testListId="8c84fa94-04c1-424b-9868-57a2d4851a1d" />
    <TestEntry testId="1c0e94ca-d54d-c344-d290-57c77e6e5c30" executionId="c9c1fb79-b29b-4296-afba-6a8a0547ab0b" testListId="8c84fa94-04c1-424b-9868-57a2d4851a1d" />
    <TestEntry testId="f00da342-8a03-5c71-80fd-7c18e380176b" executionId="6bc5af44-fd87-4865-a7f4-02d5368d875a" testListId="8c84fa94-04c1-424b-9868-57a2d4851a1d" />
    <TestEntry testId="d41a811e-901d-c280-8d9f-f781c75ac93d" executionId="ede08c5f-e489-4811-a039-845da5e216f0" testListId="8c84fa94-04c1-424b-9868-57a2d4851a1d" />
    <TestEntry testId="f0c2598c-ccbd-9c51-64af-fec4d6693d06" executionId="7fb54774-8275-48aa-9c48-85e6b966d65a" testListId="8c84fa94-04c1-424b-9868-57a2d4851a1d" />
    <TestEntry testId="e1c82d7a-544f-7774-bd5c-05ff84a6a04a" executionId="897cebc0-e97f-4275-8f68-1bc7a78f82fd" testListId="8c84fa94-04c1-424b-9868-57a2d4851a1d" />
    <TestEntry testId="93e39ef8-eedc-7865-8abe-1451ddb520e8" executionId="c0c9eaca-ecc5-4786-bfa8-573c52507432" testListId="8c84fa94-04c1-424b-9868-57a2d4851a1d" />
    <TestEntry testId="6c258b7d-17b8-8b75-34d2-a06b7e352d31" executionId="8dd8d137-1f8b-4ed2-b0ba-c0ffbc8d3a8b" testListId="8c84fa94-04c1-424b-9868-57a2d4851a1d" />
    <TestEntry testId="be499292-32ce-de94-ed39-a917faa1c496" executionId="6d505eef-342b-4dca-8c36-d9d0f71806d9" testListId="8c84fa94-04c1-424b-9868-57a2d4851a1d" />
    <TestEntry testId="089d3af4-76a1-39b4-a24c-3a1cdc7d04c2" executionId="a6a8929d-11d7-4bcc-aedd-14eec8bb5764" testListId="8c84fa94-04c1-424b-9868-57a2d4851a1d" />
    <TestEntry testId="c98c49e0-26e9-de0d-e2be-9a222f304b6c" executionId="c220a2f7-3b46-483d-9a47-700fdf6014f4" testListId="8c84fa94-04c1-424b-9868-57a2d4851a1d" />
    <TestEntry testId="e4e90753-a902-66f2-1393-c5e55a4ee432" executionId="02b44989-5811-4a30-9cbe-bdc0638ea72a" testListId="8c84fa94-04c1-424b-9868-57a2d4851a1d" />
    <TestEntry testId="5c56e8dd-51a6-f895-9f7d-08524f42b0c6" executionId="dd0b64d2-d533-4a6f-a5e9-5379aa401b2e" testListId="8c84fa94-04c1-424b-9868-57a2d4851a1d" />
    <TestEntry testId="c3f2be84-669c-8ab4-fe88-1b2dd63bdfbb" executionId="cc632d68-765b-4815-a0f5-da628effec23" testListId="8c84fa94-04c1-424b-9868-57a2d4851a1d" />
    <TestEntry testId="897942f0-2849-905d-b602-4a5fba64b7f2" executionId="6f63bcac-beea-4a57-bc31-d2039919365a" testListId="8c84fa94-04c1-424b-9868-57a2d4851a1d" />
    <TestEntry testId="e4d5f42c-3bfb-b8f1-b3d8-4340ba49592e" executionId="b35a1f4e-9435-4449-a115-2b301dd93c88" testListId="8c84fa94-04c1-424b-9868-57a2d4851a1d" />
    <TestEntry testId="ae3ca6f5-ff63-e850-b351-02eb5d5c7bb8" executionId="b97d9531-55d9-4600-a1e9-5d241dae329c" testListId="8c84fa94-04c1-424b-9868-57a2d4851a1d" />
    <TestEntry testId="edb43bb8-dfb0-e35e-3617-2c8f774ca7fb" executionId="86bfa1d2-118d-4d2b-95ee-2cf142418da3" testListId="8c84fa94-04c1-424b-9868-57a2d4851a1d" />
    <TestEntry testId="66539361-a1c4-0773-d0b9-af5c9d79b169" executionId="59ad05e6-b860-458a-bc6c-f4b41e699880" testListId="8c84fa94-04c1-424b-9868-57a2d4851a1d" />
    <TestEntry testId="b737fe06-d8fc-92fd-5280-a8e1601ec2d8" executionId="051fa396-d74d-4559-b936-0580d60ab493" testListId="8c84fa94-04c1-424b-9868-57a2d4851a1d" />
    <TestEntry testId="6072bf81-bd9c-2dc8-f32c-6db896b21fce" executionId="2ec12cf5-5cd7-440a-a8cb-e5523567d15b" testListId="8c84fa94-04c1-424b-9868-57a2d4851a1d" />
    <TestEntry testId="4b3b2254-0dc4-a14f-0a7d-8210af0cebb9" executionId="db7fa8b2-dd92-484c-9da0-2e8b3c458b3f" testListId="8c84fa94-04c1-424b-9868-57a2d4851a1d" />
    <TestEntry testId="3f238926-f553-fcd1-4e93-eaf158909183" executionId="16189861-91e6-47a5-a82b-013b7fe07a35" testListId="8c84fa94-04c1-424b-9868-57a2d4851a1d" />
    <TestEntry testId="eb472fe0-08d1-3f35-14ba-87fa3d975d21" executionId="b03cc343-1301-4a2b-9b7b-1a065bb16da2" testListId="8c84fa94-04c1-424b-9868-57a2d4851a1d" />
    <TestEntry testId="d81e6e26-4a3c-8bde-b1d0-01110c1ad6fd" executionId="03785347-8c4e-4666-a15b-717410e20aaf" testListId="8c84fa94-04c1-424b-9868-57a2d4851a1d" />
    <TestEntry testId="b737fe06-d8fc-92fd-5280-a8e1601ec2d8" executionId="a9075c1c-8035-43cb-a544-a78b455b0eb5" testListId="8c84fa94-04c1-424b-9868-57a2d4851a1d" />
    <TestEntry testId="efcadf12-e25f-9360-b9dd-81c3486bd0ac" executionId="1c8562a9-9e28-4d30-9feb-bcfb427fe12f" testListId="8c84fa94-04c1-424b-9868-57a2d4851a1d" />
    <TestEntry testId="ff37e3df-7bce-daef-da36-686cec35759a" executionId="607edeea-2105-4609-b14e-4a6855ea37e8" testListId="8c84fa94-04c1-424b-9868-57a2d4851a1d" />
    <TestEntry testId="fce95550-4c7a-694e-a246-ea434b9603f4" executionId="cc1472bc-1f55-4c37-bfd4-b372af331e98" testListId="8c84fa94-04c1-424b-9868-57a2d4851a1d" />
    <TestEntry testId="3fb7df25-c138-035e-8d18-b42ad5937e06" executionId="bc9a5ea4-e539-4111-9bc6-5c8e0216fa40" testListId="8c84fa94-04c1-424b-9868-57a2d4851a1d" />
    <TestEntry testId="b737fe06-d8fc-92fd-5280-a8e1601ec2d8" executionId="15a55cd1-85d9-4c9e-9f6c-572101a1928d" testListId="8c84fa94-04c1-424b-9868-57a2d4851a1d" />
    <TestEntry testId="17f50111-0464-df96-8ad7-196e62c2e7b3" executionId="5cbbae6d-27d5-4af0-89b0-6025ec1bc2ee" testListId="8c84fa94-04c1-424b-9868-57a2d4851a1d" />
    <TestEntry testId="bef7a01a-eeb8-f600-5492-769f8c1b3546" executionId="67579ce6-54dc-4d35-9453-b16304f1713e" testListId="8c84fa94-04c1-424b-9868-57a2d4851a1d" />
    <TestEntry testId="424ea186-6dc3-c9ef-843d-8a1cd52be337" executionId="90323758-c2a7-4308-bc04-abcafc48fb4a" testListId="8c84fa94-04c1-424b-9868-57a2d4851a1d" />
    <TestEntry testId="a5d42cf1-88fe-1cac-c2a5-c65452c77b2b" executionId="b3ac13cb-0beb-4d46-84c5-d50f02055ffa" testListId="8c84fa94-04c1-424b-9868-57a2d4851a1d" />
    <TestEntry testId="b737fe06-d8fc-92fd-5280-a8e1601ec2d8" executionId="a2a93346-3901-4e49-9213-17064938677b" testListId="8c84fa94-04c1-424b-9868-57a2d4851a1d" />
    <TestEntry testId="845163bd-0313-8eb8-4140-b54cfec3f603" executionId="c7b02afc-5056-4899-a424-a28a165cb195" testListId="8c84fa94-04c1-424b-9868-57a2d4851a1d" />
    <TestEntry testId="68422660-1555-50dc-e38e-8ec47124454f" executionId="a639bf6e-525e-462a-97ac-1a0fe6f3bfa8" testListId="8c84fa94-04c1-424b-9868-57a2d4851a1d" />
    <TestEntry testId="c23b1e95-1acd-a324-a9d5-b14d7d25dd8b" executionId="136213e9-3fa2-4218-a735-1c8b125e29a2" testListId="8c84fa94-04c1-424b-9868-57a2d4851a1d" />
    <TestEntry testId="69a4c9e4-df4a-b770-9a53-01e7fc795a86" executionId="647a8b0d-db38-4733-a7f5-9ba54a775d86" testListId="8c84fa94-04c1-424b-9868-57a2d4851a1d" />
    <TestEntry testId="796c1983-b73f-bbf3-81e0-ffdf035f41bf" executionId="41831716-e53d-4d5d-9d2d-80a5c9803c60" testListId="8c84fa94-04c1-424b-9868-57a2d4851a1d" />
    <TestEntry testId="c8d98072-caa2-10e7-cae7-bcaf61f2815b" executionId="9cd36cce-0aa8-44d9-bb67-e41f1b0ba9b6" testListId="8c84fa94-04c1-424b-9868-57a2d4851a1d" />
    <TestEntry testId="57db2f72-ca51-5233-f394-20b3a5d1bb5d" executionId="bb82e4b5-9926-4f55-ad80-796f6dd57ecf" testListId="8c84fa94-04c1-424b-9868-57a2d4851a1d" />
    <TestEntry testId="33e340bc-07fa-db2c-b072-f70b710570db" executionId="8e595fb8-fcfa-48b0-aeef-9ac585e3ca5d" testListId="8c84fa94-04c1-424b-9868-57a2d4851a1d" />
    <TestEntry testId="20396393-1320-3963-2cd9-8a3d0d455262" executionId="38693f4d-5253-4020-8444-941791b018bc" testListId="8c84fa94-04c1-424b-9868-57a2d4851a1d" />
    <TestEntry testId="dae0cefc-2e7d-7b98-3c35-94e712fa0cdf" executionId="cbe4264d-fb13-4c7d-83c0-aca04cfe5ec5" testListId="8c84fa94-04c1-424b-9868-57a2d4851a1d" />
    <TestEntry testId="90cc755d-d5c5-b1da-cad4-9bc33bea8924" executionId="a0f1b6ea-c18f-41ad-9158-d705ba4e5e6f" testListId="8c84fa94-04c1-424b-9868-57a2d4851a1d" />
    <TestEntry testId="a4e1a9be-f6f1-c26f-ca0a-458914548a21" executionId="f0cc7aaa-9ccf-4cef-a1fd-f2b75c5ad192" testListId="8c84fa94-04c1-424b-9868-57a2d4851a1d" />
    <TestEntry testId="b737fe06-d8fc-92fd-5280-a8e1601ec2d8" executionId="f6f3278a-076b-4ca6-bfb8-b256389ec157" testListId="8c84fa94-04c1-424b-9868-57a2d4851a1d" />
    <TestEntry testId="c3852107-5ce1-de03-d12f-1f3ca6579688" executionId="154b3608-7fdc-40a3-847c-45a8b4634286" testListId="8c84fa94-04c1-424b-9868-57a2d4851a1d" />
    <TestEntry testId="a742ce20-6b45-5405-4fac-541336b04b82" executionId="9c13f056-6e97-4ae8-bca9-a0b1cd56f8ca" testListId="8c84fa94-04c1-424b-9868-57a2d4851a1d" />
    <TestEntry testId="81da058c-b5c9-b8e0-070c-873e91dc7356" executionId="74a06f0a-dc7b-4534-82fd-1926f0e2241e" testListId="8c84fa94-04c1-424b-9868-57a2d4851a1d" />
    <TestEntry testId="8bc09724-d920-7d3f-7cae-14b5d261de94" executionId="8d18f596-e4f5-4128-8954-cf3e111817d5" testListId="8c84fa94-04c1-424b-9868-57a2d4851a1d" />
    <TestEntry testId="f154115b-f95d-d9ac-37d6-9338be28fba2" executionId="981830db-5e65-4ded-9e30-536b99bb7d24" testListId="8c84fa94-04c1-424b-9868-57a2d4851a1d" />
    <TestEntry testId="d8569cca-4a18-2b27-8a02-3db257f647ba" executionId="c8c4072e-fe2d-40f9-b238-f2b99c81dfbb" testListId="8c84fa94-04c1-424b-9868-57a2d4851a1d" />
    <TestEntry testId="d8ce01c6-e1b8-1349-6d6a-64bb63d61332" executionId="9db79ae2-a6a7-400f-b7ec-7556ded3b518" testListId="8c84fa94-04c1-424b-9868-57a2d4851a1d" />
    <TestEntry testId="3839c1eb-67a2-1886-a970-27f67947dbf3" executionId="3160d2e8-ca50-43f6-a21b-260c55ecb78e" testListId="8c84fa94-04c1-424b-9868-57a2d4851a1d" />
    <TestEntry testId="d441c03d-2b3f-004f-f7c7-a7dd48c3fdba" executionId="b8e27a2b-2a6b-47c7-a19e-af077da923a3" testListId="8c84fa94-04c1-424b-9868-57a2d4851a1d" />
    <TestEntry testId="b0977c0e-13d0-59e7-b126-a2f3d1cf4e5e" executionId="01e2fa04-28a0-430b-9813-1566d9d7aae0" testListId="8c84fa94-04c1-424b-9868-57a2d4851a1d" />
    <TestEntry testId="a51898c3-6737-7053-3ceb-b4030ee5d960" executionId="94be3030-07c2-447a-9474-72a41c64fd90" testListId="8c84fa94-04c1-424b-9868-57a2d4851a1d" />
    <TestEntry testId="23393176-bc84-7b8c-24c6-da3a87035b4a" executionId="f95ee636-9d2e-4c4d-a2cd-1b77063f1f93" testListId="8c84fa94-04c1-424b-9868-57a2d4851a1d" />
    <TestEntry testId="01247db7-b158-a241-0ba6-9d83a3ef6327" executionId="5e794d53-b873-4d54-96bc-4cb9267ed9f1" testListId="8c84fa94-04c1-424b-9868-57a2d4851a1d" />
    <TestEntry testId="8d60a839-fea7-f32e-edd3-8a7037768d1b" executionId="46ad06c8-62bf-46c4-b104-989ed35fd7c5" testListId="8c84fa94-04c1-424b-9868-57a2d4851a1d" />
    <TestEntry testId="30281577-ecc0-29da-7f29-1b69471095a3" executionId="7cb0e220-1a24-4ced-9aad-fa01d3df445e" testListId="8c84fa94-04c1-424b-9868-57a2d4851a1d" />
    <TestEntry testId="32ed53fc-95f1-d7cd-cca1-01a795194564" executionId="d6e7e925-f755-499a-a5b3-9e0aacdadee3" testListId="8c84fa94-04c1-424b-9868-57a2d4851a1d" />
    <TestEntry testId="70b4c56c-276c-1f69-dc4d-79ea1f9d3b29" executionId="7246d8fb-e18f-4bfa-9e90-57dd684e55c6" testListId="8c84fa94-04c1-424b-9868-57a2d4851a1d" />
    <TestEntry testId="1b95a8eb-70b3-116e-ba2b-8994a66adb0a" executionId="6783039c-8047-4d91-b614-082d7c065484" testListId="8c84fa94-04c1-424b-9868-57a2d4851a1d" />
    <TestEntry testId="a5d42cf1-88fe-1cac-c2a5-c65452c77b2b" executionId="737f27dd-4b26-4506-9f5c-69ede9b407e4" testListId="8c84fa94-04c1-424b-9868-57a2d4851a1d" />
    <TestEntry testId="42f06fdc-2b69-daa2-bb35-c500e1f85ed2" executionId="34585f8a-cd2c-46b2-a10a-51c914ef3940" testListId="8c84fa94-04c1-424b-9868-57a2d4851a1d" />
    <TestEntry testId="ac3cdbb5-5d7d-9912-6c60-e1cbfac04c34" executionId="5f1dfeb9-5316-45ee-a1e0-bb01a86aeaf4" testListId="8c84fa94-04c1-424b-9868-57a2d4851a1d" />
    <TestEntry testId="378ab5db-db3b-9fe0-4153-cdd0eafde61e" executionId="58b2171c-db60-4155-8385-d5611c1e45c3" testListId="8c84fa94-04c1-424b-9868-57a2d4851a1d" />
    <TestEntry testId="92933264-f097-6813-3f11-55ca72c5af04" executionId="1173415c-6835-4706-a426-d7badc207543" testListId="8c84fa94-04c1-424b-9868-57a2d4851a1d" />
    <TestEntry testId="7b7e6458-2108-8519-587e-25a73a68346b" executionId="09dff739-a166-49b0-b9d0-ff0775f4235a" testListId="8c84fa94-04c1-424b-9868-57a2d4851a1d" />
    <TestEntry testId="b737fe06-d8fc-92fd-5280-a8e1601ec2d8" executionId="1a1e78b5-b60a-427a-af48-682220456b46" testListId="8c84fa94-04c1-424b-9868-57a2d4851a1d" />
    <TestEntry testId="f7308436-9fad-674b-8f46-f56d09028691" executionId="29b61f05-459f-4675-a42f-974fe26ad86b" testListId="8c84fa94-04c1-424b-9868-57a2d4851a1d" />
    <TestEntry testId="d72c7a29-8e20-93cd-0e81-8d035a1040e4" executionId="7dc0940e-27f3-4c84-b2ed-1e5573f49de4" testListId="8c84fa94-04c1-424b-9868-57a2d4851a1d" />
    <TestEntry testId="76cca5ed-7da2-6d7f-d4fb-d0ab26cec84e" executionId="c1fec185-ae09-454b-82aa-b5745132aa16" testListId="8c84fa94-04c1-424b-9868-57a2d4851a1d" />
    <TestEntry testId="589b910c-5669-c9d0-00ad-d89ea367086f" executionId="94975643-58d5-4e61-9414-f0d8618ee381" testListId="8c84fa94-04c1-424b-9868-57a2d4851a1d" />
    <TestEntry testId="7c70b1b2-7ead-7629-dda8-d74f98296a4a" executionId="d48c0987-9fe4-4592-b56e-9aa9b3acb926" testListId="8c84fa94-04c1-424b-9868-57a2d4851a1d" />
    <TestEntry testId="10344b27-2716-e325-9a46-86408776569b" executionId="7ebb156d-ecc4-44cb-b3c0-e3e47462ddaa" testListId="8c84fa94-04c1-424b-9868-57a2d4851a1d" />
    <TestEntry testId="f865bb6d-bccb-a7e5-e77c-acb7e165a931" executionId="b36fe69f-4dbb-4215-8c6e-d509d61cbd2e" testListId="8c84fa94-04c1-424b-9868-57a2d4851a1d" />
    <TestEntry testId="31afd403-33a9-9ed4-cbef-37bab6ca9b7f" executionId="65ae1911-13ef-4656-a16d-bda7d03668b4" testListId="8c84fa94-04c1-424b-9868-57a2d4851a1d" />
    <TestEntry testId="134d148e-b278-5eba-e814-8a05eec2c663" executionId="27da9b9a-686b-4a44-a6d1-41b13d05fb54" testListId="8c84fa94-04c1-424b-9868-57a2d4851a1d" />
    <TestEntry testId="a31e5717-7310-3c8b-24b7-ccce5780480a" executionId="63d380f6-abfa-4a0d-b0b0-ce1a29bccd55" testListId="8c84fa94-04c1-424b-9868-57a2d4851a1d" />
    <TestEntry testId="18bb0f22-d83b-2afa-8a7f-472186beb157" executionId="5d480eba-5da4-4715-9533-bee7c4723aa6" testListId="8c84fa94-04c1-424b-9868-57a2d4851a1d" />
    <TestEntry testId="1d9bb387-1949-aece-9f0b-800679624aa2" executionId="5686c15e-0b46-433a-a9dd-99132593bfd4" testListId="8c84fa94-04c1-424b-9868-57a2d4851a1d" />
    <TestEntry testId="d0685103-213f-5a9e-f416-db56c9db9588" executionId="135b59ab-2172-4cb8-9917-7b9a19a77d4f" testListId="8c84fa94-04c1-424b-9868-57a2d4851a1d" />
    <TestEntry testId="8ca50477-74fa-94bd-cf45-0497369148d1" executionId="20d0b0c0-d2a6-4b80-975f-f65b48f8154f" testListId="8c84fa94-04c1-424b-9868-57a2d4851a1d" />
    <TestEntry testId="9e9f2b41-8e06-fcc6-f046-4e0607bb5d06" executionId="1446e21b-5e55-438d-a21d-c788456c2d15" testListId="8c84fa94-04c1-424b-9868-57a2d4851a1d" />
    <TestEntry testId="f3b34b45-ce1b-6b60-00e3-5fb8a0cf2c10" executionId="0a635fe9-54d4-4738-a510-855feb50e193" testListId="8c84fa94-04c1-424b-9868-57a2d4851a1d" />
    <TestEntry testId="617b5b91-12d9-bd29-e16c-1159c6f21142" executionId="ac4d4a25-abcc-4e55-b4d3-3fd4de519e62" testListId="8c84fa94-04c1-424b-9868-57a2d4851a1d" />
    <TestEntry testId="7c8df97b-d10f-22f2-db67-f69e32d07a91" executionId="e705ee83-d70f-4218-b8aa-86a3b0e72e43" testListId="8c84fa94-04c1-424b-9868-57a2d4851a1d" />
    <TestEntry testId="b3d5e5b2-42ce-2148-0258-5a4a7e7a4ece" executionId="b1761dcc-fd18-43ef-a490-2903fa2fe881" testListId="8c84fa94-04c1-424b-9868-57a2d4851a1d" />
    <TestEntry testId="4051ecdb-c7f7-4cbb-8e38-a8700a60abbc" executionId="9fd1f23d-bbde-4b21-842a-f7b35cc93145" testListId="8c84fa94-04c1-424b-9868-57a2d4851a1d" />
    <TestEntry testId="237a597c-752b-5e3f-1ac2-90af436e69d6" executionId="0a653fd5-a20c-46f4-85c0-ccf4864d78cb" testListId="8c84fa94-04c1-424b-9868-57a2d4851a1d" />
    <TestEntry testId="99eb8fbf-9d34-b96a-b4ca-8d17a2864212" executionId="7bdb65d0-89b4-40d5-94b7-9889486b6771" testListId="8c84fa94-04c1-424b-9868-57a2d4851a1d" />
    <TestEntry testId="8fd9c82a-3a6a-6fc7-df5f-c355f00b1569" executionId="5c061195-811c-4660-bce3-5c523aa508b2" testListId="8c84fa94-04c1-424b-9868-57a2d4851a1d" />
    <TestEntry testId="d9255982-49e4-3342-3b82-1ee82b49adc1" executionId="03044eec-a0d6-47fb-a64b-9d60ca5894aa" testListId="8c84fa94-04c1-424b-9868-57a2d4851a1d" />
    <TestEntry testId="3ef93204-9f9a-a3f3-8202-5e896c5ccb45" executionId="095206c0-0ac1-4cbf-83ba-8ff54b8a1964" testListId="8c84fa94-04c1-424b-9868-57a2d4851a1d" />
    <TestEntry testId="1bb68044-77b4-c81f-dc43-8e65edda814d" executionId="83aa8fbf-f99d-4ed1-860b-b21afb482bbe" testListId="8c84fa94-04c1-424b-9868-57a2d4851a1d" />
    <TestEntry testId="a766c6b2-40e0-aca8-8fb5-d97bdaf5fb03" executionId="4c4c3130-6a51-439e-a793-646d8b2aa6f0" testListId="8c84fa94-04c1-424b-9868-57a2d4851a1d" />
    <TestEntry testId="7163096c-934a-89f0-0a9d-27fbcb3af09e" executionId="0487a2a0-ee52-4198-9660-9e4f8a6679ef" testListId="8c84fa94-04c1-424b-9868-57a2d4851a1d" />
    <TestEntry testId="b13b3468-2604-8402-1b23-5459b0dacdab" executionId="cb699a86-5c92-484c-8794-efae8f6f2bdf" testListId="8c84fa94-04c1-424b-9868-57a2d4851a1d" />
    <TestEntry testId="2314e834-9b07-a192-bd89-e05e321a3eb9" executionId="fbc29e76-9173-4e07-b0c3-8f6a13f5254e" testListId="8c84fa94-04c1-424b-9868-57a2d4851a1d" />
    <TestEntry testId="e90222b7-0dd7-a9c5-bbb4-00f32a2ce9e5" executionId="445aa18e-31c7-4759-8dc0-efc9deb0e452" testListId="8c84fa94-04c1-424b-9868-57a2d4851a1d" />
    <TestEntry testId="6be3fe48-7204-0c0d-e9ae-d4673dfd2f91" executionId="b39854a4-90d5-40e8-8e1d-1ca4ca12da03" testListId="8c84fa94-04c1-424b-9868-57a2d4851a1d" />
    <TestEntry testId="028a6ea6-8298-7b0a-f874-4d974ee7fc3b" executionId="a8427ea8-fd55-42c1-803a-55a766732ea8" testListId="8c84fa94-04c1-424b-9868-57a2d4851a1d" />
    <TestEntry testId="db799cdf-34be-70bd-c4ca-05dac3dc11ea" executionId="c2fd652d-4263-4300-9c42-56bf193b60ab" testListId="8c84fa94-04c1-424b-9868-57a2d4851a1d" />
    <TestEntry testId="891f98e5-a39a-57f7-14f2-4a4c51867165" executionId="392029bb-dc94-494e-aa26-33d1e7b146ca" testListId="8c84fa94-04c1-424b-9868-57a2d4851a1d" />
    <TestEntry testId="62f83da3-452f-f192-de29-4aa35ea04cbb" executionId="ee9d6a9e-14c2-476a-aa0b-9b2de9da70df" testListId="8c84fa94-04c1-424b-9868-57a2d4851a1d" />
    <TestEntry testId="118fdf16-e91f-8aca-8ba4-639f38b337a8" executionId="2b2375bc-2132-4d31-8dab-bd17e4d48d73" testListId="8c84fa94-04c1-424b-9868-57a2d4851a1d" />
    <TestEntry testId="e6ce1601-c2fb-e39e-66d9-42d4267043ce" executionId="28d778c9-58b0-4136-b152-04a0f76fcedf" testListId="8c84fa94-04c1-424b-9868-57a2d4851a1d" />
    <TestEntry testId="271aeab8-de6f-2866-b637-50312bf58fed" executionId="94d299e2-71b8-4be8-bdfc-08a351cad1cb" testListId="8c84fa94-04c1-424b-9868-57a2d4851a1d" />
    <TestEntry testId="31142580-c23d-1ed6-4866-428482a05d84" executionId="9b2a5213-f702-4a37-bb6e-2cbb459cd2a3" testListId="8c84fa94-04c1-424b-9868-57a2d4851a1d" />
    <TestEntry testId="38a6dbd2-296e-fe08-85d6-21dd4df699e5" executionId="2a44d275-a662-43c5-99b5-9ba629f2cb7d" testListId="8c84fa94-04c1-424b-9868-57a2d4851a1d" />
    <TestEntry testId="5f1cecf0-15f1-e7ce-01fe-9567aa30e9d2" executionId="b15bafaf-1d1d-4f5a-b8c5-a62e0474695d" testListId="8c84fa94-04c1-424b-9868-57a2d4851a1d" />
    <TestEntry testId="4d25ae9e-05c3-fddd-f868-045a9d7cb542" executionId="87f04928-39ea-4f10-87e8-d692013f9153" testListId="8c84fa94-04c1-424b-9868-57a2d4851a1d" />
    <TestEntry testId="2c4f888a-c9ed-5eea-7457-fe99443335a0" executionId="21602cb0-df1d-496b-b0b4-ddc02143a602" testListId="8c84fa94-04c1-424b-9868-57a2d4851a1d" />
    <TestEntry testId="1c17949f-1e6d-5c7d-37ac-b2e986ea2df8" executionId="a95f2ba3-cc8b-4271-83ea-f97b683bc9b2" testListId="8c84fa94-04c1-424b-9868-57a2d4851a1d" />
    <TestEntry testId="b172bc54-7917-f10f-a3e5-9850193b4fae" executionId="5f87f32f-dfd9-4f49-890f-62039beb5f2d" testListId="8c84fa94-04c1-424b-9868-57a2d4851a1d" />
    <TestEntry testId="6d3ad902-2896-4f95-957c-79f20ca0b036" executionId="d5292252-2b20-4d00-b039-81a28c4bf25f" testListId="8c84fa94-04c1-424b-9868-57a2d4851a1d" />
    <TestEntry testId="4549c39f-2e3f-b4f3-98ad-20340bb8f6bc" executionId="cd1e2904-e1e9-4cfe-baab-c5827eaf76b3" testListId="8c84fa94-04c1-424b-9868-57a2d4851a1d" />
    <TestEntry testId="6324b3cd-2f96-fc5b-1d6b-d5d38565f8e6" executionId="410fcbf6-c328-4abc-895d-5ca312680428" testListId="8c84fa94-04c1-424b-9868-57a2d4851a1d" />
    <TestEntry testId="3a3596c0-f5c1-01ef-d821-4fe9b11b00a3" executionId="2a33d0ee-b0c5-4b21-8599-0c964ef4d766" testListId="8c84fa94-04c1-424b-9868-57a2d4851a1d" />
    <TestEntry testId="13281e08-4188-1c96-6c32-ca0fff2750f5" executionId="c7b9852f-f317-4244-8853-7e1c7b6215ba" testListId="8c84fa94-04c1-424b-9868-57a2d4851a1d" />
    <TestEntry testId="edfd2fec-fe75-4e3e-c14e-d97c756c7f70" executionId="841ae4ff-79ab-4e2d-867f-62348cec61e4" testListId="8c84fa94-04c1-424b-9868-57a2d4851a1d" />
    <TestEntry testId="2234fc5c-6f3f-3af1-a1d3-d56b66008ab6" executionId="071ae405-d513-4068-8401-c484c740fc93" testListId="8c84fa94-04c1-424b-9868-57a2d4851a1d" />
    <TestEntry testId="5317758a-1abc-36a4-d88d-c1b8c63d4652" executionId="e1e0319c-f9bf-4508-8bc0-b6f347cb4b3c" testListId="8c84fa94-04c1-424b-9868-57a2d4851a1d" />
    <TestEntry testId="b989bc8d-a412-1062-7a85-cdd568fdb0d4" executionId="ddd17a0f-c3b5-4c0e-aaba-7bb8a011687b" testListId="8c84fa94-04c1-424b-9868-57a2d4851a1d" />
    <TestEntry testId="7fab4b2e-e52d-9334-269e-7baa413c65f7" executionId="1a1b9ef0-ec1f-4a82-a313-3e5a77c1cad4" testListId="8c84fa94-04c1-424b-9868-57a2d4851a1d" />
    <TestEntry testId="2dd66596-096e-8649-2f2f-cf0106125a98" executionId="299fcf56-caf1-411b-a9dd-f02208f037da" testListId="8c84fa94-04c1-424b-9868-57a2d4851a1d" />
    <TestEntry testId="245b6cc9-8490-865b-28ee-f65148c66710" executionId="2f5190ae-9e3f-4939-9811-ded336735220" testListId="8c84fa94-04c1-424b-9868-57a2d4851a1d" />
    <TestEntry testId="2541313e-9cf2-884a-5b79-396031aae595" executionId="fd89ba64-33d2-4504-9632-39e5573e8b11" testListId="8c84fa94-04c1-424b-9868-57a2d4851a1d" />
    <TestEntry testId="7d8f9d78-7bd7-017d-a558-7fbd6baaadc8" executionId="943af553-d2e5-4c0c-8610-328946a70b94" testListId="8c84fa94-04c1-424b-9868-57a2d4851a1d" />
    <TestEntry testId="17765172-0e51-46f7-902e-497f714f669e" executionId="c1fc00bb-23cc-47ad-b7c1-a8d49a33bbb1" testListId="8c84fa94-04c1-424b-9868-57a2d4851a1d" />
    <TestEntry testId="0e6e521c-4ef1-9d5d-3393-b07fa26c57f4" executionId="9b4f190c-963e-49e8-bf17-b881d5086c64" testListId="8c84fa94-04c1-424b-9868-57a2d4851a1d" />
    <TestEntry testId="a05f9032-3145-cb2a-3cb7-87552dc655e5" executionId="8a95a389-c655-48ad-937f-5367dc7e4d53" testListId="8c84fa94-04c1-424b-9868-57a2d4851a1d" />
    <TestEntry testId="b737fe06-d8fc-92fd-5280-a8e1601ec2d8" executionId="54f35423-4088-450f-859d-9f6c625d87e6" testListId="8c84fa94-04c1-424b-9868-57a2d4851a1d" />
    <TestEntry testId="0d8e6708-ab7c-8a5d-7880-841aa2619d27" executionId="7caed987-c777-41a2-ad63-94b920b76cac" testListId="8c84fa94-04c1-424b-9868-57a2d4851a1d" />
    <TestEntry testId="32c9ed9b-2512-9886-8fd8-d044290d88a7" executionId="5fc2ede2-fb53-41ca-9a92-3b6d4b5f26ae" testListId="8c84fa94-04c1-424b-9868-57a2d4851a1d" />
    <TestEntry testId="e49e3d64-a0c0-0c12-98e4-4101314dcb12" executionId="54f892dd-5fbb-4da2-b12c-92a68cb9a0e2" testListId="8c84fa94-04c1-424b-9868-57a2d4851a1d" />
    <TestEntry testId="a1e74f95-c6bc-0ba9-d141-f3aa14a2602f" executionId="3411795f-783b-4afe-9283-9ab2afc51f28" testListId="8c84fa94-04c1-424b-9868-57a2d4851a1d" />
    <TestEntry testId="ad5dc436-8f6d-0b87-3d00-31e2775c2426" executionId="4b53810e-3198-42ed-a77f-e26065a90a7d" testListId="8c84fa94-04c1-424b-9868-57a2d4851a1d" />
    <TestEntry testId="98391cdd-e73f-3de7-4472-e368c459ff51" executionId="bcb28030-a304-4a23-a667-1eaa92e7194c" testListId="8c84fa94-04c1-424b-9868-57a2d4851a1d" />
    <TestEntry testId="6eb9aa5f-88be-1e0d-649e-ab62becdbeb4" executionId="574b14c3-6f9f-4db5-b71b-2693faa23c32" testListId="8c84fa94-04c1-424b-9868-57a2d4851a1d" />
    <TestEntry testId="bf2e43b4-5fae-5086-020e-fa8819af1c3b" executionId="cacb4042-bece-43db-944e-1ec2d8df1045" testListId="8c84fa94-04c1-424b-9868-57a2d4851a1d" />
    <TestEntry testId="4c350e47-9e48-134c-0d62-0dafb255cd78" executionId="9946e193-4aa2-4daf-bfd5-cf2383d94c68" testListId="8c84fa94-04c1-424b-9868-57a2d4851a1d" />
    <TestEntry testId="1a412c8c-20e8-571c-06a9-6c5633aac8bd" executionId="43e958bd-56e4-467a-8f1e-815587697fa1" testListId="8c84fa94-04c1-424b-9868-57a2d4851a1d" />
    <TestEntry testId="661312b1-bebc-0d84-9499-9a661166a2e5" executionId="bbb98345-ec0b-4a59-adb1-9e1339d17018" testListId="8c84fa94-04c1-424b-9868-57a2d4851a1d" />
    <TestEntry testId="c910bf75-5d83-223f-efd0-1e18d4c9ba6b" executionId="1514e711-f3bb-4615-8e9c-3c597304c556" testListId="8c84fa94-04c1-424b-9868-57a2d4851a1d" />
    <TestEntry testId="1f77af7d-3a48-9afe-d028-6f0a751f90c5" executionId="930e1f60-7a60-4ebc-b932-1cdf74f966eb" testListId="8c84fa94-04c1-424b-9868-57a2d4851a1d" />
    <TestEntry testId="c6bea691-295f-cc89-0904-727ac677a643" executionId="7ef233d1-e3ef-469e-9f5b-a82ff0f93014" testListId="8c84fa94-04c1-424b-9868-57a2d4851a1d" />
    <TestEntry testId="6dcd3b0c-a545-9f5a-fad3-d5d1ba8d8133" executionId="86a8263a-3e24-43be-baa7-f7573ea5affc" testListId="8c84fa94-04c1-424b-9868-57a2d4851a1d" />
    <TestEntry testId="b737fe06-d8fc-92fd-5280-a8e1601ec2d8" executionId="1e972f60-2f7f-4f23-ad9e-3cd4377f56ee" testListId="8c84fa94-04c1-424b-9868-57a2d4851a1d" />
    <TestEntry testId="71733c3a-d47a-533a-56ff-c2cd6e9e5c8e" executionId="0bfad49e-a0eb-48ca-b879-57985b188735" testListId="8c84fa94-04c1-424b-9868-57a2d4851a1d" />
    <TestEntry testId="f6a6ec88-a134-16e2-4380-d36922947bdb" executionId="b05c9f48-ee73-446b-a4b3-d34b35c0b8ee" testListId="8c84fa94-04c1-424b-9868-57a2d4851a1d" />
    <TestEntry testId="54791548-e783-bb17-411b-136c9f90c805" executionId="dff4e7e4-5506-41a3-90fc-01b428a63280" testListId="8c84fa94-04c1-424b-9868-57a2d4851a1d" />
    <TestEntry testId="593318b8-c2bd-1e7f-11a7-bcfe4053351e" executionId="a841ffe2-c440-4d4c-80a7-5aa418edeeb8" testListId="8c84fa94-04c1-424b-9868-57a2d4851a1d" />
    <TestEntry testId="781e7b04-0f0c-5ef0-d49d-34f35f19cc2d" executionId="502190ce-eda9-4f3f-aca5-90fc8b32e4b6" testListId="8c84fa94-04c1-424b-9868-57a2d4851a1d" />
    <TestEntry testId="80b61304-a2d6-3dee-3e45-978332370a2d" executionId="452440e2-7560-48e0-940b-ad934ba272f4" testListId="8c84fa94-04c1-424b-9868-57a2d4851a1d" />
    <TestEntry testId="8be6bef3-96fc-8ea9-2d5e-84fe145225c3" executionId="cd0f54ac-a0bb-4f23-a7a6-8d0bc70b2ffd" testListId="8c84fa94-04c1-424b-9868-57a2d4851a1d" />
    <TestEntry testId="31ee0c44-59fb-d2a0-8341-368619e0af03" executionId="b5facda2-cb8c-44ce-8d9e-d8319ec74231" testListId="8c84fa94-04c1-424b-9868-57a2d4851a1d" />
    <TestEntry testId="cfdc2134-b335-fb2f-73da-e630bd12d781" executionId="8aff9b41-a5eb-4ec8-90f0-a8a1a703dd95" testListId="8c84fa94-04c1-424b-9868-57a2d4851a1d" />
    <TestEntry testId="69dcad2c-bb4b-5b43-696d-00ab06781ca1" executionId="7c8a54c8-15f2-4314-9220-819ac91cf106" testListId="8c84fa94-04c1-424b-9868-57a2d4851a1d" />
    <TestEntry testId="0ac33b5a-7755-0c48-fc0b-3fdf5ce6f015" executionId="3106c9c8-f46e-4769-8be3-69aa6c6656a9" testListId="8c84fa94-04c1-424b-9868-57a2d4851a1d" />
    <TestEntry testId="06afdf47-d677-8929-4d27-2f3e4a0db737" executionId="bcf073c5-7e8f-4b14-a321-04f746502c64" testListId="8c84fa94-04c1-424b-9868-57a2d4851a1d" />
    <TestEntry testId="df285286-b95d-20eb-b5c4-c9bae2b0c45c" executionId="d5022d79-ba49-4988-a13c-f550297c9871" testListId="8c84fa94-04c1-424b-9868-57a2d4851a1d" />
    <TestEntry testId="40f2e8d0-49ca-f607-ae6c-83dd0df6d4a2" executionId="e9b4fbf1-bf56-42db-888f-5163a97ef9b6" testListId="8c84fa94-04c1-424b-9868-57a2d4851a1d" />
    <TestEntry testId="b82e8c65-5fcb-ecac-9e34-dfe91c6ca3e1" executionId="6756ddf9-2c28-462b-8ccc-5be80818cc64" testListId="8c84fa94-04c1-424b-9868-57a2d4851a1d" />
    <TestEntry testId="05993d4c-da90-9790-10ce-0bd3ac49ab5b" executionId="f759a947-a6f7-4c8a-99a4-751da0344e16" testListId="8c84fa94-04c1-424b-9868-57a2d4851a1d" />
    <TestEntry testId="3cf9bda4-06ff-02ba-6ee3-cdbe7adc23a6" executionId="88a7c67b-051b-408b-8216-037823da0b60" testListId="8c84fa94-04c1-424b-9868-57a2d4851a1d" />
    <TestEntry testId="1267e841-ac85-e00c-0af2-67bdbcff2425" executionId="f58fce04-bf8b-43f1-86b2-151eda313bbc" testListId="8c84fa94-04c1-424b-9868-57a2d4851a1d" />
    <TestEntry testId="2fd73211-898a-0457-7fc1-71d3b3cd5cb1" executionId="c7e6525c-90fe-45e8-932a-68c2d1b0883b" testListId="8c84fa94-04c1-424b-9868-57a2d4851a1d" />
    <TestEntry testId="12c7bda9-af4d-6399-2215-86420fbd416c" executionId="1adbbe63-b86a-44d3-b622-e4710a77b41a" testListId="8c84fa94-04c1-424b-9868-57a2d4851a1d" />
    <TestEntry testId="174b1d86-8d97-ee43-854d-89adb84f2d5a" executionId="f81d147f-8787-45e1-a558-974c95bbcaeb" testListId="8c84fa94-04c1-424b-9868-57a2d4851a1d" />
    <TestEntry testId="a6c10e61-08ff-a5d1-d569-b9a77ed2be60" executionId="ebfeccf9-6e47-4552-b5e8-0fcd004fbdbc" testListId="8c84fa94-04c1-424b-9868-57a2d4851a1d" />
    <TestEntry testId="a5d42cf1-88fe-1cac-c2a5-c65452c77b2b" executionId="e8783f7d-5c44-4a97-9456-acfe2c86408e" testListId="8c84fa94-04c1-424b-9868-57a2d4851a1d" />
    <TestEntry testId="f0f873c6-559d-adc0-2b1a-f0f66034cfef" executionId="cf6519a7-e4c7-465a-a80b-f017f87adfa0" testListId="8c84fa94-04c1-424b-9868-57a2d4851a1d" />
    <TestEntry testId="3b32e408-6ed0-d01d-d296-7a9176abbae6" executionId="d18fd500-7434-498f-97bd-d8efc01e42e8" testListId="8c84fa94-04c1-424b-9868-57a2d4851a1d" />
    <TestEntry testId="6fa8d51f-12ed-0493-076d-b808728fbb5a" executionId="02c898d8-1fda-4bee-95c6-4f4a669196e5" testListId="8c84fa94-04c1-424b-9868-57a2d4851a1d" />
    <TestEntry testId="f7b69da6-241f-6851-388c-60dde21180a5" executionId="b9bbe58b-b01f-411d-abbd-da36644404a4" testListId="8c84fa94-04c1-424b-9868-57a2d4851a1d" />
    <TestEntry testId="1fda62ef-bdf6-9eaa-5fd4-1d57ce4e3922" executionId="a4af3d68-d29e-458e-bb3a-3e826ccd576d" testListId="8c84fa94-04c1-424b-9868-57a2d4851a1d" />
    <TestEntry testId="dbccb82c-cd5c-ddf7-bf6a-841c7f552fa6" executionId="af36f205-4c46-4de5-bd26-1947d3606495" testListId="8c84fa94-04c1-424b-9868-57a2d4851a1d" />
    <TestEntry testId="64033bd3-9ecc-38e0-27c8-bc3af3273482" executionId="8dadac13-2d21-4eea-b7ec-4f17baae98bf" testListId="8c84fa94-04c1-424b-9868-57a2d4851a1d" />
    <TestEntry testId="69fd6fbd-1c11-b571-ddb0-b1ed898c22aa" executionId="39528bce-1e4a-473a-9c96-5d0b77796206" testListId="8c84fa94-04c1-424b-9868-57a2d4851a1d" />
    <TestEntry testId="2ded0ce2-8c70-1721-33d6-7c4b610c2ad5" executionId="fe0cfdca-f362-4460-97fa-05a18f22bd6d" testListId="8c84fa94-04c1-424b-9868-57a2d4851a1d" />
    <TestEntry testId="a5d42cf1-88fe-1cac-c2a5-c65452c77b2b" executionId="483d4a58-1214-43f3-b8c3-c9691b99cae4" testListId="8c84fa94-04c1-424b-9868-57a2d4851a1d" />
    <TestEntry testId="de5442f5-2078-23ad-ec5c-33fe4ade363f" executionId="f49ba815-d6ae-4816-a6dd-6669bb8b8ac9" testListId="8c84fa94-04c1-424b-9868-57a2d4851a1d" />
    <TestEntry testId="44ed9735-6a2b-5953-07b8-77e97a709353" executionId="ea938434-8047-46d3-9218-7c462bf0733f" testListId="8c84fa94-04c1-424b-9868-57a2d4851a1d" />
    <TestEntry testId="ce52829f-2c3c-9adf-a267-0d5bb9f45152" executionId="928ba02f-548a-444d-8db1-13476452822d" testListId="8c84fa94-04c1-424b-9868-57a2d4851a1d" />
    <TestEntry testId="f819c12f-f62d-63b0-a7fe-0d6f202c48b0" executionId="1d690c0e-5c93-4027-9f41-3247d010e011" testListId="8c84fa94-04c1-424b-9868-57a2d4851a1d" />
    <TestEntry testId="06fb4f0e-1bf0-9a3f-a0ec-44dee829f29f" executionId="1b02a812-a241-4ddb-a849-9d13937061a5" testListId="8c84fa94-04c1-424b-9868-57a2d4851a1d" />
    <TestEntry testId="d04493b8-1b8d-b1b4-b545-a9eb2b8a12c9" executionId="f94faadc-d726-4c31-8cdf-5cbe1782c2fc" testListId="8c84fa94-04c1-424b-9868-57a2d4851a1d" />
    <TestEntry testId="51f2da6e-dd6d-ac78-c6dd-ccec205a3339" executionId="15d43b79-b1cf-4432-8576-4e0808e1163d" testListId="8c84fa94-04c1-424b-9868-57a2d4851a1d" />
    <TestEntry testId="092ad0a6-3f4d-00b8-ed91-0e05958d481e" executionId="15d514ba-c0d8-43c8-990c-14ee342f3afb" testListId="8c84fa94-04c1-424b-9868-57a2d4851a1d" />
    <TestEntry testId="9d708bd3-2d29-9926-45df-1d20d60d8420" executionId="3151a9cc-0cfd-4ce6-ba61-2b90c4e24c19" testListId="8c84fa94-04c1-424b-9868-57a2d4851a1d" />
    <TestEntry testId="665ef91c-7e8f-b43d-182e-ec7ca6f97a4c" executionId="d6b467b9-4c2f-4d91-814e-07a0ab958743" testListId="8c84fa94-04c1-424b-9868-57a2d4851a1d" />
    <TestEntry testId="ebfd66a0-fb7d-822f-9fda-69a36f0a0754" executionId="32f1f097-b6e2-482b-9d80-c8f2444becdd" testListId="8c84fa94-04c1-424b-9868-57a2d4851a1d" />
    <TestEntry testId="f50d1a71-c8c6-6a64-517b-8dfbb3b931e8" executionId="58065cf4-09a2-42ce-afcd-0ebd5e2e99ae" testListId="8c84fa94-04c1-424b-9868-57a2d4851a1d" />
    <TestEntry testId="35d036a3-82d5-f37b-312a-084d9df4c913" executionId="766d04ac-e135-4ecb-bfbc-c830bbac6e3f" testListId="8c84fa94-04c1-424b-9868-57a2d4851a1d" />
    <TestEntry testId="b737fe06-d8fc-92fd-5280-a8e1601ec2d8" executionId="aa93288e-a5b9-49a1-955d-55c23ca512b3" testListId="8c84fa94-04c1-424b-9868-57a2d4851a1d" />
    <TestEntry testId="75ff8909-1a5c-241d-fa9b-06e42553db2f" executionId="ee65e0cc-8b59-4bfd-a17b-139d09efd4d2" testListId="8c84fa94-04c1-424b-9868-57a2d4851a1d" />
    <TestEntry testId="b737fe06-d8fc-92fd-5280-a8e1601ec2d8" executionId="3dc2bb2d-4348-423c-96c9-90b70862a65f" testListId="8c84fa94-04c1-424b-9868-57a2d4851a1d" />
    <TestEntry testId="995ddb05-7e5e-b50a-356d-f40e0d0b87a2" executionId="bbc3d9c3-5899-4601-b14b-21a243be7bf2" testListId="8c84fa94-04c1-424b-9868-57a2d4851a1d" />
    <TestEntry testId="653f0b29-b37a-4813-2fc7-8c44535ebb71" executionId="46e4c7a6-1a23-4db5-8d48-db33bc981996" testListId="8c84fa94-04c1-424b-9868-57a2d4851a1d" />
    <TestEntry testId="fe6ed3b0-c2a3-025d-da24-4e0d6c12b77f" executionId="24bbc602-5686-4644-a147-9375e24b5603" testListId="8c84fa94-04c1-424b-9868-57a2d4851a1d" />
    <TestEntry testId="3f886881-ed7c-f9b0-170c-b18e829ea8ae" executionId="eff80e8a-7680-4e1c-955e-6448ca983f6f" testListId="8c84fa94-04c1-424b-9868-57a2d4851a1d" />
    <TestEntry testId="e6963c41-7210-54eb-026d-46d718b809b4" executionId="a10fc16b-9303-4b3b-811a-affaff190ed8" testListId="8c84fa94-04c1-424b-9868-57a2d4851a1d" />
    <TestEntry testId="a34599eb-eeff-36cf-5cb0-64d372d6bb3b" executionId="2a69143b-6f62-4ec5-977d-65f095656f71" testListId="8c84fa94-04c1-424b-9868-57a2d4851a1d" />
    <TestEntry testId="b3045205-e033-ec0a-80c0-da7423b88f09" executionId="ec860348-d299-416a-b931-291c843a4ec2" testListId="8c84fa94-04c1-424b-9868-57a2d4851a1d" />
    <TestEntry testId="307e2382-408b-850a-1e4a-9230f0085755" executionId="a6b7a1b1-1447-4564-ac41-b2b0aceade07" testListId="8c84fa94-04c1-424b-9868-57a2d4851a1d" />
    <TestEntry testId="fee94b7a-6b91-e6e3-e4cd-950139025bf9" executionId="ed839bc8-f526-4da2-bc41-30d292cd65b4" testListId="8c84fa94-04c1-424b-9868-57a2d4851a1d" />
    <TestEntry testId="e6801376-5704-3024-892d-1c45610a8c43" executionId="7121d2eb-100f-4a9d-98d0-f59e5a309a10" testListId="8c84fa94-04c1-424b-9868-57a2d4851a1d" />
    <TestEntry testId="256c80c7-4b92-b094-2e7b-9492f69d1006" executionId="167df195-d98d-4ca4-a977-477658601028" testListId="8c84fa94-04c1-424b-9868-57a2d4851a1d" />
    <TestEntry testId="27eb7a22-4057-c380-f997-f9370d562f4b" executionId="84b2394b-c366-4891-8b3e-c877de328dc2" testListId="8c84fa94-04c1-424b-9868-57a2d4851a1d" />
    <TestEntry testId="89e5bcd6-87f5-6a6b-5e33-809f2b36ad5e" executionId="7c09b18b-725f-4e79-92b5-d9147369c6a0" testListId="8c84fa94-04c1-424b-9868-57a2d4851a1d" />
    <TestEntry testId="b737fe06-d8fc-92fd-5280-a8e1601ec2d8" executionId="7d0428ed-3545-4080-8123-119586ea6669" testListId="8c84fa94-04c1-424b-9868-57a2d4851a1d" />
    <TestEntry testId="42b7badc-0529-085d-3199-10d73310255a" executionId="67d4387a-47af-4342-bc0a-223e7c643404" testListId="8c84fa94-04c1-424b-9868-57a2d4851a1d" />
    <TestEntry testId="0d5152e8-abe8-61a3-636e-44823aced5ff" executionId="d1b8ad99-9f7f-4b47-9555-d431e002661d" testListId="8c84fa94-04c1-424b-9868-57a2d4851a1d" />
    <TestEntry testId="7adf7177-6e0b-3816-af74-7a87553252d9" executionId="e91b3745-322c-4567-98fe-4c659dbccba4" testListId="8c84fa94-04c1-424b-9868-57a2d4851a1d" />
    <TestEntry testId="98b2fb19-c834-a070-9c5b-64f925108221" executionId="536e597e-db54-489e-ba89-44dad6aa9b17" testListId="8c84fa94-04c1-424b-9868-57a2d4851a1d" />
    <TestEntry testId="e6033fda-7380-66ab-ffa2-91ff5a1d7a20" executionId="0621f03a-7fc8-4aa1-aa3b-d84f1d4aac74" testListId="8c84fa94-04c1-424b-9868-57a2d4851a1d" />
    <TestEntry testId="6d7414eb-322c-97f9-a008-3b9c4f79e8d6" executionId="8a247d78-472e-41cf-849c-b9a9e0b98f9d" testListId="8c84fa94-04c1-424b-9868-57a2d4851a1d" />
    <TestEntry testId="2145bc1c-a6f5-1449-fea4-a588f5d27bef" executionId="4316541f-c397-45df-b0cb-8827c430e9c3" testListId="8c84fa94-04c1-424b-9868-57a2d4851a1d" />
    <TestEntry testId="9c43b42d-bf69-ad68-f3e5-e3a365222346" executionId="0ad827d2-1188-4098-b9e9-3723504e949e" testListId="8c84fa94-04c1-424b-9868-57a2d4851a1d" />
    <TestEntry testId="85a192ce-e6f3-30ed-c777-aae7971c7955" executionId="f88c968c-224e-4853-a6d6-e19f21cc12f2" testListId="8c84fa94-04c1-424b-9868-57a2d4851a1d" />
    <TestEntry testId="02338a89-ea10-2a5a-7676-cfc27689a59a" executionId="0f535064-1242-430f-a5d2-560dabf9b0b9" testListId="8c84fa94-04c1-424b-9868-57a2d4851a1d" />
    <TestEntry testId="0dcd6ac6-8094-c800-0a2c-2a5d7d182d33" executionId="d4c5afec-82b9-4442-9eae-acc005e176ef" testListId="8c84fa94-04c1-424b-9868-57a2d4851a1d" />
    <TestEntry testId="13416e35-3498-dba8-820a-4f6332f15411" executionId="09b04c2f-594d-4231-b078-b94a2a7997f4" testListId="8c84fa94-04c1-424b-9868-57a2d4851a1d" />
    <TestEntry testId="b15b515b-6d21-fda3-8c2c-77e10978c209" executionId="8c25b69a-5dc0-4bc5-9ec4-cd51862a485c" testListId="8c84fa94-04c1-424b-9868-57a2d4851a1d" />
    <TestEntry testId="6f6b82f8-ebd8-029a-4048-4f1c46c47a05" executionId="1511dd7d-16ac-4fe3-a646-4cf1135aa9ad" testListId="8c84fa94-04c1-424b-9868-57a2d4851a1d" />
    <TestEntry testId="5e8f73df-e3c7-2a95-f5fd-31ab91a32a29" executionId="fbabcbc3-c4ce-4715-bc95-b3227a400e98" testListId="8c84fa94-04c1-424b-9868-57a2d4851a1d" />
    <TestEntry testId="ce9f3239-f496-fb9d-5438-1d256cea7f19" executionId="89706824-01de-49f2-a7b9-ce6a05a993c5" testListId="8c84fa94-04c1-424b-9868-57a2d4851a1d" />
    <TestEntry testId="170adc6f-aa2f-bd7a-2620-25b6c897cc58" executionId="50e03d79-b603-4506-b701-65aedc209243" testListId="8c84fa94-04c1-424b-9868-57a2d4851a1d" />
    <TestEntry testId="3a4cf5c8-4a2f-976a-228d-eab1202aef75" executionId="107027e2-b159-41f3-a0ba-517b32c12dad" testListId="8c84fa94-04c1-424b-9868-57a2d4851a1d" />
    <TestEntry testId="c135980d-8053-b417-1abd-cdb9e755e79a" executionId="42ff452a-7027-4c82-90c6-2a98bcb13645" testListId="8c84fa94-04c1-424b-9868-57a2d4851a1d" />
    <TestEntry testId="b7804ac4-1278-f4e7-db6d-32aa2b476729" executionId="816cd9e6-8d64-44ed-b4ce-a71631820d4d" testListId="8c84fa94-04c1-424b-9868-57a2d4851a1d" />
    <TestEntry testId="fa804714-c47b-ab3d-7149-23e6c1cc1170" executionId="a95d4383-6e12-431b-9e2e-ca281098fca8" testListId="8c84fa94-04c1-424b-9868-57a2d4851a1d" />
    <TestEntry testId="88ed7c87-6a65-36f3-363b-a22f4ac821e8" executionId="94a32d01-dbd2-4375-8d16-e7e85efeb177" testListId="8c84fa94-04c1-424b-9868-57a2d4851a1d" />
    <TestEntry testId="b737fe06-d8fc-92fd-5280-a8e1601ec2d8" executionId="935db448-9a0f-40cb-8d3b-4476bf0e5a70" testListId="8c84fa94-04c1-424b-9868-57a2d4851a1d" />
    <TestEntry testId="9020e801-d306-7d29-e6f9-a5752c8b9898" executionId="2746f6fc-a9d9-4039-a31e-e243a7ac507b" testListId="8c84fa94-04c1-424b-9868-57a2d4851a1d" />
    <TestEntry testId="cdc90e47-1878-7922-04c0-86650df5a6ce" executionId="e8fc3cb2-526f-4d94-9ec8-a82165a41f1a" testListId="8c84fa94-04c1-424b-9868-57a2d4851a1d" />
    <TestEntry testId="bc45c25b-8988-5103-c208-d89a93f82fa2" executionId="14b822bb-8633-4cd9-b587-37806f1eb39d" testListId="8c84fa94-04c1-424b-9868-57a2d4851a1d" />
    <TestEntry testId="a5d42cf1-88fe-1cac-c2a5-c65452c77b2b" executionId="ad0ab0d1-fd8a-45a7-8c22-1c98b416e97e" testListId="8c84fa94-04c1-424b-9868-57a2d4851a1d" />
    <TestEntry testId="02226e15-e193-96ac-0c14-0602036bd9db" executionId="4e5db5c6-c0e2-436f-ac91-12f1bd76c900" testListId="8c84fa94-04c1-424b-9868-57a2d4851a1d" />
    <TestEntry testId="ec47e92d-36c1-e927-b879-6c90327af538" executionId="7a67cafe-4fcd-4d0e-af9f-f16a063d5264" testListId="8c84fa94-04c1-424b-9868-57a2d4851a1d" />
    <TestEntry testId="db52dc59-d39f-d614-9c7f-58faf3967155" executionId="f5af9780-8f66-4c14-a9e2-808d43bdc7d1" testListId="8c84fa94-04c1-424b-9868-57a2d4851a1d" />
    <TestEntry testId="44b12038-3fae-dd05-3b48-2bac22d756a4" executionId="eb89b579-6152-4234-a07f-67ea4a65d7cf" testListId="8c84fa94-04c1-424b-9868-57a2d4851a1d" />
    <TestEntry testId="5815ca34-cfac-a72b-82ac-2e510138f935" executionId="5b7d1232-4ab9-4845-b750-ea6692285f19" testListId="8c84fa94-04c1-424b-9868-57a2d4851a1d" />
    <TestEntry testId="3ef93204-9f9a-a3f3-8202-5e896c5ccb45" executionId="ffe7cbe9-8d04-4111-b2e8-3f5c9e9f7d3d" testListId="8c84fa94-04c1-424b-9868-57a2d4851a1d" />
    <TestEntry testId="cd1cb2cf-e289-d32d-92bb-9fe8f99e0e4a" executionId="8d88f945-48a2-4e0e-bb5c-c0aa5f46f02c" testListId="8c84fa94-04c1-424b-9868-57a2d4851a1d" />
    <TestEntry testId="9dd9105d-5a31-6beb-424e-8d0db1c4e796" executionId="4ac67014-5255-4c4a-85ca-0940ee6c69dd" testListId="8c84fa94-04c1-424b-9868-57a2d4851a1d" />
    <TestEntry testId="5f8f02fd-b6a4-a730-1c5c-44c436ac06f1" executionId="f42865b9-4839-4dfe-885d-3c7cc5428835" testListId="8c84fa94-04c1-424b-9868-57a2d4851a1d" />
    <TestEntry testId="26b3c658-deaa-f6f4-e5bd-8a1d6619ff74" executionId="c8b28b8c-9fb3-4d49-80fa-d36f3523729c" testListId="8c84fa94-04c1-424b-9868-57a2d4851a1d" />
    <TestEntry testId="f84c2736-a689-b073-1451-980a4910325a" executionId="34438c60-c68f-44b6-be56-cb15e1a5793b" testListId="8c84fa94-04c1-424b-9868-57a2d4851a1d" />
    <TestEntry testId="f50d1a71-c8c6-6a64-517b-8dfbb3b931e8" executionId="edbe016e-3da3-4df2-a063-77e99423a606" testListId="8c84fa94-04c1-424b-9868-57a2d4851a1d" />
    <TestEntry testId="b737fe06-d8fc-92fd-5280-a8e1601ec2d8" executionId="08f62e1f-fed4-464e-9d34-beaa3577394f" testListId="8c84fa94-04c1-424b-9868-57a2d4851a1d" />
    <TestEntry testId="2e380470-54f7-891e-fa72-a658e3e3efe2" executionId="a482dfa0-768d-483e-9445-adfe1acd8e1b" testListId="8c84fa94-04c1-424b-9868-57a2d4851a1d" />
    <TestEntry testId="b5a451d2-54ad-a957-75bc-ebfca400910b" executionId="336d91d2-c786-43d3-ae39-29111b56f579" testListId="8c84fa94-04c1-424b-9868-57a2d4851a1d" />
    <TestEntry testId="5b38d02c-7804-c415-c0f4-21670c7b69a9" executionId="b671d20e-0c4b-49c7-9b37-e22aab48a5c0" testListId="8c84fa94-04c1-424b-9868-57a2d4851a1d" />
    <TestEntry testId="8b66bc9b-4e94-6537-f264-99cca698e564" executionId="8273c5cb-c2c5-42ea-b556-ba850b5d3a58" testListId="8c84fa94-04c1-424b-9868-57a2d4851a1d" />
    <TestEntry testId="1af086bd-c96f-42e8-7ef5-f717839ae858" executionId="ccf99fb2-43a3-4dfc-acb8-867145550be8" testListId="8c84fa94-04c1-424b-9868-57a2d4851a1d" />
    <TestEntry testId="73417cb7-dada-1d76-0e93-5bb09d5bef20" executionId="0dec7ff9-3d95-4542-b5e8-5b18a46ee083" testListId="8c84fa94-04c1-424b-9868-57a2d4851a1d" />
    <TestEntry testId="a6332398-9a4d-2093-dec2-de36b60876d0" executionId="46bbe0b2-6579-472d-8119-003d452eafda" testListId="8c84fa94-04c1-424b-9868-57a2d4851a1d" />
    <TestEntry testId="95888011-f8a1-da65-5228-e89cd64b9546" executionId="ec077890-800e-4f41-b1ec-c28987028b6c" testListId="8c84fa94-04c1-424b-9868-57a2d4851a1d" />
    <TestEntry testId="84738806-9e21-c386-7a94-71c89ceba0a6" executionId="4e390677-4d7f-4480-a386-d5832ebc7e63" testListId="8c84fa94-04c1-424b-9868-57a2d4851a1d" />
    <TestEntry testId="fb200c34-af68-cf0e-d289-e5a68a8f4aff" executionId="02cd9a66-cbc0-4b1c-9b65-36a0c81d75b4" testListId="8c84fa94-04c1-424b-9868-57a2d4851a1d" />
    <TestEntry testId="996cd6ae-0144-8d60-c4e3-052c9d97199a" executionId="8d50a49e-8e61-4d30-8112-c688dab8fbfc" testListId="8c84fa94-04c1-424b-9868-57a2d4851a1d" />
    <TestEntry testId="ec80669b-00ae-0631-482c-6cb773c4aa07" executionId="57bf9437-8f6d-4fea-a061-40c9f3f6490e" testListId="8c84fa94-04c1-424b-9868-57a2d4851a1d" />
    <TestEntry testId="a2a71381-ca9c-231e-738c-a3c437121e62" executionId="054098aa-8da2-4ddc-aef3-37a907f7e0dc" testListId="8c84fa94-04c1-424b-9868-57a2d4851a1d" />
    <TestEntry testId="5595be71-4ba9-b8a2-7bf7-db21bcb96b81" executionId="7c041504-9bfc-4d95-8e31-430e27f1b3b4" testListId="8c84fa94-04c1-424b-9868-57a2d4851a1d" />
    <TestEntry testId="99add9d0-9098-b6e6-c4e8-8c652e2c5af8" executionId="d5bb46b8-87fd-4829-85c7-170da25ba254" testListId="8c84fa94-04c1-424b-9868-57a2d4851a1d" />
    <TestEntry testId="26a85dc6-2ff1-0c57-a8a7-14270e7c2c5a" executionId="ac441eff-5332-4bd9-a869-ad5d226a14a3" testListId="8c84fa94-04c1-424b-9868-57a2d4851a1d" />
    <TestEntry testId="3ef93204-9f9a-a3f3-8202-5e896c5ccb45" executionId="5c273f75-9fb1-4a78-8dd8-04dfd9b7025a" testListId="8c84fa94-04c1-424b-9868-57a2d4851a1d" />
    <TestEntry testId="a2ddd77f-bece-ce12-adb5-c4ede885cd85" executionId="34bd1da5-7f81-47ad-a751-eda3aba0712d" testListId="8c84fa94-04c1-424b-9868-57a2d4851a1d" />
    <TestEntry testId="ed08324c-0e64-a731-0a57-dfb1d37a03ae" executionId="82e5cbbe-6114-4bb6-aafd-04aedbbf4805" testListId="8c84fa94-04c1-424b-9868-57a2d4851a1d" />
    <TestEntry testId="3e458a5b-9249-3b38-c201-1f946c0dd445" executionId="c33c90fb-2544-4597-88d9-9b242bd33a9f" testListId="8c84fa94-04c1-424b-9868-57a2d4851a1d" />
    <TestEntry testId="87d47aa4-9930-f7da-57fc-d0ae91e12b54" executionId="d383c3f6-f70b-46a0-8829-52b7d0417271" testListId="8c84fa94-04c1-424b-9868-57a2d4851a1d" />
    <TestEntry testId="640d4688-07b8-6c90-17e6-f2e40e7f2b71" executionId="84e83ea3-9502-4af7-9cf7-4b06a742d34c" testListId="8c84fa94-04c1-424b-9868-57a2d4851a1d" />
    <TestEntry testId="e617816c-5837-6f94-f066-cd859767ec33" executionId="82942ff7-9556-43b0-8e43-028a67f56e7a" testListId="8c84fa94-04c1-424b-9868-57a2d4851a1d" />
    <TestEntry testId="e3cb722d-7ee3-e055-4900-28256b327ba9" executionId="16214b04-e536-431c-b06e-64b30d08ed16" testListId="8c84fa94-04c1-424b-9868-57a2d4851a1d" />
    <TestEntry testId="b737fe06-d8fc-92fd-5280-a8e1601ec2d8" executionId="2fda8daa-9ee9-40ed-90f9-d8a16a3182fb" testListId="8c84fa94-04c1-424b-9868-57a2d4851a1d" />
    <TestEntry testId="d1362c4e-8135-05a7-3520-6e7a18f77d0f" executionId="80dc5638-885e-4950-9257-879c93905367" testListId="8c84fa94-04c1-424b-9868-57a2d4851a1d" />
    <TestEntry testId="f9e7455a-06b6-0e61-8b9d-93a04fa6c820" executionId="54f53089-883a-455a-a24a-16ba40096d6a" testListId="8c84fa94-04c1-424b-9868-57a2d4851a1d" />
    <TestEntry testId="834c9f13-c570-f82d-8a22-afc049b5391c" executionId="165a8869-c604-4334-8c11-cc0cb67556a4" testListId="8c84fa94-04c1-424b-9868-57a2d4851a1d" />
    <TestEntry testId="1c58a7c1-1d43-0699-aac3-7cf390bc2e29" executionId="f72d5399-21e4-456f-bae1-5af56bbf7294" testListId="8c84fa94-04c1-424b-9868-57a2d4851a1d" />
    <TestEntry testId="d565fd4f-9495-c158-3e60-a08449d799f1" executionId="2fda8dff-b0a7-4044-b20c-712b13160084" testListId="8c84fa94-04c1-424b-9868-57a2d4851a1d" />
    <TestEntry testId="b5690dd3-fbca-5d55-b2df-b11ceca3ab48" executionId="f8c2d414-078f-446d-bf3a-809057542bd4" testListId="8c84fa94-04c1-424b-9868-57a2d4851a1d" />
    <TestEntry testId="180e3d76-1329-e33c-4963-b80cc794a368" executionId="f52ddccc-be19-46c0-944b-238d05f78260" testListId="8c84fa94-04c1-424b-9868-57a2d4851a1d" />
    <TestEntry testId="a5d42cf1-88fe-1cac-c2a5-c65452c77b2b" executionId="d610b303-00bb-4a98-b0bb-55d268695676" testListId="8c84fa94-04c1-424b-9868-57a2d4851a1d" />
    <TestEntry testId="31c91a87-e417-437b-bc04-0e2691caafff" executionId="6ce9fe3d-ce73-47a8-9d2e-8cda983597d9" testListId="8c84fa94-04c1-424b-9868-57a2d4851a1d" />
    <TestEntry testId="7f38bb4f-c624-0d94-1b24-789b616fa669" executionId="ca311206-b417-49d9-93b9-c38a6c0bb463" testListId="8c84fa94-04c1-424b-9868-57a2d4851a1d" />
    <TestEntry testId="609abe45-8b26-1a8b-d224-e1f761144175" executionId="18a4b6ea-b014-492f-8a77-a125b8de5e6c" testListId="8c84fa94-04c1-424b-9868-57a2d4851a1d" />
    <TestEntry testId="75609528-a9ab-6e83-a7d3-a09d4ce4d0e6" executionId="0236e1fd-bde8-491d-92d5-2423bf206f02" testListId="8c84fa94-04c1-424b-9868-57a2d4851a1d" />
    <TestEntry testId="3ef93204-9f9a-a3f3-8202-5e896c5ccb45" executionId="9e3ae826-b41a-4520-8974-5bc35ec4d1c1" testListId="8c84fa94-04c1-424b-9868-57a2d4851a1d" />
    <TestEntry testId="694cbf32-2d0f-522c-a0fb-7329b18bc185" executionId="9a0eb3fd-836c-4e24-93a1-6f7100d6dc87" testListId="8c84fa94-04c1-424b-9868-57a2d4851a1d" />
    <TestEntry testId="e4627812-cbd4-669b-a54f-c8b0de1e05f9" executionId="b84f47cc-5089-4885-ab93-9b9085a6e8e2" testListId="8c84fa94-04c1-424b-9868-57a2d4851a1d" />
    <TestEntry testId="3ef93204-9f9a-a3f3-8202-5e896c5ccb45" executionId="dbeadd50-8932-47fb-b27b-ee2ee16699dd" testListId="8c84fa94-04c1-424b-9868-57a2d4851a1d" />
    <TestEntry testId="c8fb4ef5-2ab3-807a-2438-b77969096f64" executionId="406e8e6b-b876-4d2c-a8ea-1ce08162b70d" testListId="8c84fa94-04c1-424b-9868-57a2d4851a1d" />
    <TestEntry testId="71141820-362c-e290-e290-243221eaef51" executionId="0099ba39-db5b-4790-bf6c-4caaec3489f2" testListId="8c84fa94-04c1-424b-9868-57a2d4851a1d" />
    <TestEntry testId="6c5a8144-ae35-059d-b90d-4beb5221b719" executionId="f7e07af7-577c-452a-bd79-1b0855408843" testListId="8c84fa94-04c1-424b-9868-57a2d4851a1d" />
    <TestEntry testId="e2ea1917-222f-09a7-5f91-0bfca8f3c699" executionId="fef6e273-67de-4be5-9e7a-752aa415fb52" testListId="8c84fa94-04c1-424b-9868-57a2d4851a1d" />
    <TestEntry testId="06b1e89e-d2c4-5c0d-4a67-f48b1a33288c" executionId="19c10fdc-bd04-4830-afd2-b664703cf613" testListId="8c84fa94-04c1-424b-9868-57a2d4851a1d" />
    <TestEntry testId="59e8c5a4-a56c-d5fb-d8db-e2fad7e168d5" executionId="53d8a2d1-5db6-4390-9372-08a8ff738955" testListId="8c84fa94-04c1-424b-9868-57a2d4851a1d" />
    <TestEntry testId="6ea0fa66-fe7f-6c59-75e5-c21b5e80e33b" executionId="d60a8d6a-05f6-4d1d-b27e-7ba5af4c0267" testListId="8c84fa94-04c1-424b-9868-57a2d4851a1d" />
    <TestEntry testId="916a15da-e5ca-6bcb-2bf9-c0a78f139a57" executionId="85625452-77b8-4d16-8c48-c27c1fe92243" testListId="8c84fa94-04c1-424b-9868-57a2d4851a1d" />
    <TestEntry testId="d69bd8a9-7fc8-601e-ee25-2517cc707174" executionId="6fabb978-b1bc-44c6-ba84-636f249ecd2a" testListId="8c84fa94-04c1-424b-9868-57a2d4851a1d" />
    <TestEntry testId="7c43b13e-8eb5-42ed-0240-fd6f72e3d557" executionId="87ee99bc-7d48-4f04-8269-cf8c90804278" testListId="8c84fa94-04c1-424b-9868-57a2d4851a1d" />
    <TestEntry testId="6b8a8182-efb3-835d-1940-febb1d978c66" executionId="1c1c380f-7485-4782-84b5-c64120710cca" testListId="8c84fa94-04c1-424b-9868-57a2d4851a1d" />
    <TestEntry testId="1dd173b8-c879-3270-be9f-52603fc841c8" executionId="3da48271-48f8-4bd4-9a41-d07840850ae2" testListId="8c84fa94-04c1-424b-9868-57a2d4851a1d" />
    <TestEntry testId="124dcc1d-2f96-547d-cc64-ada55082043d" executionId="6cf58023-fecd-4d4d-9e8c-088560736000" testListId="8c84fa94-04c1-424b-9868-57a2d4851a1d" />
    <TestEntry testId="f0f873c6-559d-adc0-2b1a-f0f66034cfef" executionId="32c486d9-dc17-4e30-a0ae-9d9cece5c7d3" testListId="8c84fa94-04c1-424b-9868-57a2d4851a1d" />
    <TestEntry testId="f0f873c6-559d-adc0-2b1a-f0f66034cfef" executionId="72f19173-a784-4c37-87f4-d8b97d379967" testListId="8c84fa94-04c1-424b-9868-57a2d4851a1d" />
    <TestEntry testId="4c5a69dc-ab86-11f7-f3c6-8114bcff08f7" executionId="83bb6bb1-7ef3-4570-9f98-77ffa65537d9" testListId="8c84fa94-04c1-424b-9868-57a2d4851a1d" />
    <TestEntry testId="590839d7-127e-e6f2-a199-feb9928713de" executionId="1f845f75-1927-4ced-a656-2029893b426c" testListId="8c84fa94-04c1-424b-9868-57a2d4851a1d" />
    <TestEntry testId="3705dd90-c87f-4fc2-e07a-b01f0c163581" executionId="7eb47b46-ef86-4a00-ad06-93fab5b9eeb0" testListId="8c84fa94-04c1-424b-9868-57a2d4851a1d" />
    <TestEntry testId="7a783999-fe46-6b2d-85ed-7ce21871ed35" executionId="0c375d60-60ab-4a1e-8386-c3718d085d78" testListId="8c84fa94-04c1-424b-9868-57a2d4851a1d" />
    <TestEntry testId="7326c1a2-314c-8d2d-fa0d-1fab43cf2d1a" executionId="6e8e2353-a634-4191-80ce-f345d531cecb" testListId="8c84fa94-04c1-424b-9868-57a2d4851a1d" />
    <TestEntry testId="08244ad6-626f-108e-884b-e73b5ed881fb" executionId="3ffb6dd4-26ae-4759-9d1b-c32d802813e2" testListId="8c84fa94-04c1-424b-9868-57a2d4851a1d" />
    <TestEntry testId="b1f3c5e5-0f5e-dc42-2f60-4cb3c5d77039" executionId="a82ecfe7-115c-4fc5-b989-cedbfacb16bc" testListId="8c84fa94-04c1-424b-9868-57a2d4851a1d" />
    <TestEntry testId="e9d0e6f0-5ea9-5ab2-479b-89408844d977" executionId="9ba247f9-634a-479f-98a1-63f655a09c4f" testListId="8c84fa94-04c1-424b-9868-57a2d4851a1d" />
    <TestEntry testId="5b7d492e-79b6-d493-2e8a-65ff14a2f763" executionId="037538af-6cc2-4dd4-92f2-be7229e029ff" testListId="8c84fa94-04c1-424b-9868-57a2d4851a1d" />
    <TestEntry testId="be2f8993-edd7-de2e-05c4-d75f4f0fad63" executionId="ff91e08e-e4aa-4066-b1e9-56d1dd5d47b1" testListId="8c84fa94-04c1-424b-9868-57a2d4851a1d" />
    <TestEntry testId="6b56199f-6181-939a-89fc-2ea29aadc3dd" executionId="2cc95d89-c74e-42dd-92ed-1d223d057694" testListId="8c84fa94-04c1-424b-9868-57a2d4851a1d" />
    <TestEntry testId="f9b35048-4dbe-6165-d3a8-c4d1ab7e122e" executionId="78397711-7876-475c-aba3-dd7859f2083f" testListId="8c84fa94-04c1-424b-9868-57a2d4851a1d" />
    <TestEntry testId="34fea07c-2e42-b4f1-6076-bfbb6482a479" executionId="9e3ece87-f956-41fb-9c8f-84ba4bf8e197" testListId="8c84fa94-04c1-424b-9868-57a2d4851a1d" />
    <TestEntry testId="25f2685f-fd2d-dbd0-4fd8-5ad24daff3b2" executionId="dfe094fd-9c11-49aa-a938-5aa6bc1c74cf" testListId="8c84fa94-04c1-424b-9868-57a2d4851a1d" />
    <TestEntry testId="fc3ff32c-d297-b079-8e97-4f464995d73f" executionId="d9af86c4-5fee-4c59-95e2-528257044d6e" testListId="8c84fa94-04c1-424b-9868-57a2d4851a1d" />
    <TestEntry testId="83e60ba4-fbd3-a8e5-8e0e-5ba01d3994b9" executionId="2c34355f-329e-489d-a213-61ca6d5bc05b" testListId="8c84fa94-04c1-424b-9868-57a2d4851a1d" />
    <TestEntry testId="a00c7b04-a09e-4e45-f139-1a2a064d5b89" executionId="e10bec18-88c2-47f1-be7a-64f2b4ecc362" testListId="8c84fa94-04c1-424b-9868-57a2d4851a1d" />
    <TestEntry testId="3ef93204-9f9a-a3f3-8202-5e896c5ccb45" executionId="da78ec3f-b3ec-4298-b44e-d243a7cfac35" testListId="8c84fa94-04c1-424b-9868-57a2d4851a1d" />
    <TestEntry testId="17688787-9683-2cec-36ae-ba4901c189a4" executionId="8caa7fb7-eea8-4ff1-9dce-fa1a6e432eea" testListId="8c84fa94-04c1-424b-9868-57a2d4851a1d" />
    <TestEntry testId="3ef93204-9f9a-a3f3-8202-5e896c5ccb45" executionId="ed1b2d23-e37d-437a-902d-3090a2c8334f" testListId="8c84fa94-04c1-424b-9868-57a2d4851a1d" />
    <TestEntry testId="580b9aad-6234-c1e5-fc7e-9ac847f558ba" executionId="99853208-30e9-472f-931d-53c861e79b10" testListId="8c84fa94-04c1-424b-9868-57a2d4851a1d" />
    <TestEntry testId="2e2307e1-187b-aa40-c2b7-a2a5b8b0b6d1" executionId="e0982e2c-1613-4fad-a467-dd38801c31b6" testListId="8c84fa94-04c1-424b-9868-57a2d4851a1d" />
    <TestEntry testId="a8b962af-0835-32a3-9cb7-460e4f4c0499" executionId="5776aa92-c6c1-4700-ba15-1f17a193457b" testListId="8c84fa94-04c1-424b-9868-57a2d4851a1d" />
    <TestEntry testId="b737fe06-d8fc-92fd-5280-a8e1601ec2d8" executionId="6a07b490-8827-411a-ba50-0eb1361e9754" testListId="8c84fa94-04c1-424b-9868-57a2d4851a1d" />
    <TestEntry testId="5eac4a4e-40e8-fde8-edbe-002583914ddc" executionId="4d60b3dc-5946-4c28-b6c5-5f74555f1c00" testListId="8c84fa94-04c1-424b-9868-57a2d4851a1d" />
    <TestEntry testId="b737fe06-d8fc-92fd-5280-a8e1601ec2d8" executionId="e5daa151-2db4-4878-9f34-f3333c11c0b6" testListId="8c84fa94-04c1-424b-9868-57a2d4851a1d" />
    <TestEntry testId="4cf940e3-acf7-c629-55c8-8981870fd20c" executionId="2747b148-3338-4cf4-a1e9-901d5fc47b90" testListId="8c84fa94-04c1-424b-9868-57a2d4851a1d" />
    <TestEntry testId="3f93284f-c9d8-3772-6d85-c7bd7ef3fb3f" executionId="da6d4d0e-3c3b-4e04-8846-a3ea878b4156" testListId="8c84fa94-04c1-424b-9868-57a2d4851a1d" />
    <TestEntry testId="3ddd5659-b8b7-db6a-6484-19bf0efe2654" executionId="fb9a9744-0f40-4fa5-a308-11d09420f932" testListId="8c84fa94-04c1-424b-9868-57a2d4851a1d" />
    <TestEntry testId="46c30354-96c1-1ef4-4036-55881d288928" executionId="6c3ff860-e64e-4a04-bc84-bc91ca2cf2a8" testListId="8c84fa94-04c1-424b-9868-57a2d4851a1d" />
    <TestEntry testId="eeedbcd3-1e96-b7ff-c42e-58d7189acceb" executionId="a9ce4439-52c9-4391-9133-2464cd24ecd9" testListId="8c84fa94-04c1-424b-9868-57a2d4851a1d" />
    <TestEntry testId="81b3558e-e11e-c94f-212a-4f53a4a15677" executionId="60836459-d232-46b8-9e48-870777faa599" testListId="8c84fa94-04c1-424b-9868-57a2d4851a1d" />
    <TestEntry testId="e2aee06e-93b0-5143-d503-a8e769828f44" executionId="678f708a-04c9-46ee-84bc-98d4442b10f9" testListId="8c84fa94-04c1-424b-9868-57a2d4851a1d" />
    <TestEntry testId="632951c1-4207-feb4-753a-c1349c3552cf" executionId="326ec58a-dd34-4630-8004-a974c0f6f871" testListId="8c84fa94-04c1-424b-9868-57a2d4851a1d" />
    <TestEntry testId="7a198c9c-a567-264e-0852-e381d6e4668f" executionId="2599ede7-5095-4773-a669-1b31d7bce9d4" testListId="8c84fa94-04c1-424b-9868-57a2d4851a1d" />
    <TestEntry testId="b40f4bc4-d0ed-c219-e4e1-5ef85e5cf466" executionId="457a143b-0aef-4b31-9066-d3e48b0360b8" testListId="8c84fa94-04c1-424b-9868-57a2d4851a1d" />
    <TestEntry testId="6b8472a8-0222-47b8-3f37-4fe6d6262bdf" executionId="1e2c8610-100e-4891-8e3c-b676661f69b3" testListId="8c84fa94-04c1-424b-9868-57a2d4851a1d" />
    <TestEntry testId="f66e7744-a972-d1fb-e37a-3e215a1f882e" executionId="414c11e6-7a9b-447a-802d-576aaef1c389" testListId="8c84fa94-04c1-424b-9868-57a2d4851a1d" />
    <TestEntry testId="f01816fa-f1da-6066-6d76-bd032ecebdbf" executionId="1ed18d65-610f-49e1-bc14-2ca029a4e9f0" testListId="8c84fa94-04c1-424b-9868-57a2d4851a1d" />
    <TestEntry testId="828b4bac-1548-95a3-c2eb-f771114e64c8" executionId="de4efe65-a18b-4b49-8e7c-ad5d21c91bd8" testListId="8c84fa94-04c1-424b-9868-57a2d4851a1d" />
    <TestEntry testId="74e6f7f5-a6b2-4674-b99d-e070ba87852c" executionId="38892a9f-0c9d-4360-bfdd-243607177e4f" testListId="8c84fa94-04c1-424b-9868-57a2d4851a1d" />
    <TestEntry testId="d6c45cee-a007-7f7b-10be-9c0646eb88c9" executionId="4d960682-8ee9-4862-848b-6b6cfafb965a" testListId="8c84fa94-04c1-424b-9868-57a2d4851a1d" />
    <TestEntry testId="2608adf3-3ffc-c3a1-addf-26f3f5b978ba" executionId="843effd0-334e-467c-8673-1b27a4fce414" testListId="8c84fa94-04c1-424b-9868-57a2d4851a1d" />
    <TestEntry testId="f50d1a71-c8c6-6a64-517b-8dfbb3b931e8" executionId="dd355741-2064-4541-b1a6-c9b4734f6a9f" testListId="8c84fa94-04c1-424b-9868-57a2d4851a1d" />
    <TestEntry testId="b437b7da-61be-2516-b829-75a3bf1fe582" executionId="93ce40cc-6da1-4cc6-be5b-87708e071e2d" testListId="8c84fa94-04c1-424b-9868-57a2d4851a1d" />
    <TestEntry testId="b3d85452-e976-3d05-c796-0f4024a595c3" executionId="c0b5b663-c9fc-4e84-9325-53667d1f38ff" testListId="8c84fa94-04c1-424b-9868-57a2d4851a1d" />
    <TestEntry testId="f172c4ec-a366-fead-1dc1-654e6f84b8b7" executionId="e8c7dc0b-ae06-41df-8809-9f637d70ed0a" testListId="8c84fa94-04c1-424b-9868-57a2d4851a1d" />
    <TestEntry testId="8e317bef-4992-859f-3306-8089e17424d0" executionId="13ec04dc-192e-46e6-bd39-927a0a3472fc" testListId="8c84fa94-04c1-424b-9868-57a2d4851a1d" />
    <TestEntry testId="2e451957-baa2-a1e5-8bea-b6b41ddd1bdb" executionId="5e8ea70e-c276-4503-b0f4-5018e9efdf13" testListId="8c84fa94-04c1-424b-9868-57a2d4851a1d" />
    <TestEntry testId="84dc4c1a-9c14-8fec-d34f-299e9886ec3c" executionId="e249faaf-d562-4a8a-bb1b-69a585bc85b7" testListId="8c84fa94-04c1-424b-9868-57a2d4851a1d" />
    <TestEntry testId="38e77f80-f266-9bd5-dead-1785d58624d5" executionId="0f98baa3-2123-433c-9ebe-7695b43f51a7" testListId="8c84fa94-04c1-424b-9868-57a2d4851a1d" />
    <TestEntry testId="4e814f69-3468-6019-2c40-59747fd48b16" executionId="526fba75-5f54-4744-aa04-ef8174b7f3e4" testListId="8c84fa94-04c1-424b-9868-57a2d4851a1d" />
    <TestEntry testId="10e8b2ea-571e-423b-3fef-7e4b67753eff" executionId="cd946fe5-80b3-46ba-b136-cacfce99f229" testListId="8c84fa94-04c1-424b-9868-57a2d4851a1d" />
    <TestEntry testId="fd1aa3d3-fa2b-90b9-0d45-f242b9456d84" executionId="53d4e351-8d7c-4874-b325-f8c8a3ffe3be" testListId="8c84fa94-04c1-424b-9868-57a2d4851a1d" />
    <TestEntry testId="11a08850-241d-41cd-61cb-792e2ae0cef5" executionId="5934d578-93d2-4f4a-a305-0df9d071577c" testListId="8c84fa94-04c1-424b-9868-57a2d4851a1d" />
    <TestEntry testId="b9b0ced7-1a2e-6abd-796a-f2b232076c1d" executionId="4bb5dc7e-5c41-4cae-a229-8c6c36a0588a" testListId="8c84fa94-04c1-424b-9868-57a2d4851a1d" />
    <TestEntry testId="dfe7a02e-8b34-fd43-a488-f48f1bec6d6c" executionId="ef32f1db-5157-47e9-af4d-0a4e7ca9278b" testListId="8c84fa94-04c1-424b-9868-57a2d4851a1d" />
    <TestEntry testId="fcc45ec7-f61c-6e24-5090-d07c7193f236" executionId="737a8a14-333f-4544-9c00-c8b65094e17a" testListId="8c84fa94-04c1-424b-9868-57a2d4851a1d" />
    <TestEntry testId="6ef81757-cdda-dfaf-980b-ff235054f9d8" executionId="32919197-90d6-4a07-b56f-4109ae145fa9" testListId="8c84fa94-04c1-424b-9868-57a2d4851a1d" />
    <TestEntry testId="00178778-d4c0-ca46-e0c6-254436f9d67e" executionId="3fd61784-8b9b-4768-a826-5a4ab21a269c" testListId="8c84fa94-04c1-424b-9868-57a2d4851a1d" />
    <TestEntry testId="d58fd150-798d-6073-840c-a437d89c7bb9" executionId="6fb80ce8-181b-48ec-8698-a51c3e718901" testListId="8c84fa94-04c1-424b-9868-57a2d4851a1d" />
    <TestEntry testId="23b83880-eae7-23a2-1de8-134cd41dbcd6" executionId="b8484f34-18a3-492c-9b58-d86897f1627b" testListId="8c84fa94-04c1-424b-9868-57a2d4851a1d" />
    <TestEntry testId="65f58356-0b51-40bb-544a-5ed03f7f38e5" executionId="25827843-38df-4991-a1ae-b1f1fa84bd4d" testListId="8c84fa94-04c1-424b-9868-57a2d4851a1d" />
    <TestEntry testId="0983a6ef-18cb-1b6f-6d2c-803924600d35" executionId="dbf20c7e-ab73-4b88-914a-9c03ae5631de" testListId="8c84fa94-04c1-424b-9868-57a2d4851a1d" />
    <TestEntry testId="c6490196-7658-90e1-50ed-a8e5757d4525" executionId="774e218b-25b6-4641-aa00-999ea7576953" testListId="8c84fa94-04c1-424b-9868-57a2d4851a1d" />
    <TestEntry testId="1c62490a-9a73-4c46-3bac-372115eddeb6" executionId="f6fc290d-eda8-4877-bc14-a51c8dc816aa" testListId="8c84fa94-04c1-424b-9868-57a2d4851a1d" />
    <TestEntry testId="96dde99f-739f-425a-564c-63b50fea96ff" executionId="e571a921-a18e-4618-961e-d7c2fbc64204" testListId="8c84fa94-04c1-424b-9868-57a2d4851a1d" />
    <TestEntry testId="b42c4eb0-64db-2ee9-9dc9-92e68fbf167e" executionId="52b0a4e8-d3b4-4590-a93e-71015e7076f3" testListId="8c84fa94-04c1-424b-9868-57a2d4851a1d" />
    <TestEntry testId="565aa3c5-dddd-67af-c0ed-b5b57571e6a6" executionId="2ffb32ea-f2d5-40ed-b73b-0f229ecb262c" testListId="8c84fa94-04c1-424b-9868-57a2d4851a1d" />
    <TestEntry testId="c135772d-22fd-b4c3-569b-fb4810cb5d39" executionId="7bf4a0d4-2d27-4974-835a-54bb1a185bce" testListId="8c84fa94-04c1-424b-9868-57a2d4851a1d" />
    <TestEntry testId="2ad8e11e-04c4-acad-8113-2671dd19915a" executionId="80730475-8b2c-4893-b308-554d63bd1e2d" testListId="8c84fa94-04c1-424b-9868-57a2d4851a1d" />
    <TestEntry testId="d5fbf7e9-2329-a969-2a3c-5f839bb47386" executionId="f68a2880-0a1f-49d8-8c19-eaed041354de" testListId="8c84fa94-04c1-424b-9868-57a2d4851a1d" />
    <TestEntry testId="b396dcf1-7191-e4c5-189d-197388a396e7" executionId="79d945f2-3959-44c7-8ab5-d40295f1dc37" testListId="8c84fa94-04c1-424b-9868-57a2d4851a1d" />
    <TestEntry testId="4ddd1b61-9f42-7ed7-ed5a-5cab44e80eb4" executionId="151bef7a-87ca-4962-99cf-8433da189a07" testListId="8c84fa94-04c1-424b-9868-57a2d4851a1d" />
    <TestEntry testId="028f44a2-72bd-8443-c268-1169c763bbb9" executionId="038c5838-3b4f-4567-a734-04602f56e96b" testListId="8c84fa94-04c1-424b-9868-57a2d4851a1d" />
    <TestEntry testId="a3d34060-30aa-e365-60d6-1f295e0e6d6f" executionId="80d3d993-916d-4388-80b6-984ef5e45175" testListId="8c84fa94-04c1-424b-9868-57a2d4851a1d" />
    <TestEntry testId="afb58424-730f-2262-3bdd-9c040550a146" executionId="95b8ed4b-8d47-496f-8a52-df59e29d2b10" testListId="8c84fa94-04c1-424b-9868-57a2d4851a1d" />
    <TestEntry testId="12ea52e1-3f49-8c73-0ab9-bbd0bbe9d17d" executionId="f4cf33d9-4b5d-45fa-aefd-fe11dae34f5f" testListId="8c84fa94-04c1-424b-9868-57a2d4851a1d" />
    <TestEntry testId="2de3a65f-8a6a-23d1-7580-9e07e3cca597" executionId="c256cd07-8bd8-45ef-8334-47558bd982e7" testListId="8c84fa94-04c1-424b-9868-57a2d4851a1d" />
    <TestEntry testId="a6fcc3ac-407d-e71a-b6af-63df50fda932" executionId="936be89b-7729-46cc-95c7-5d61a3b4a42f" testListId="8c84fa94-04c1-424b-9868-57a2d4851a1d" />
    <TestEntry testId="7c27ea7c-38ed-5e34-8392-a2a258ac8b74" executionId="52624c07-dc37-4d67-b1e8-ae804d9b939c" testListId="8c84fa94-04c1-424b-9868-57a2d4851a1d" />
    <TestEntry testId="3b3396b5-e2d0-da19-438a-5f26771e514b" executionId="4e2c19ae-4a9a-4eef-ae72-f31d180ae976" testListId="8c84fa94-04c1-424b-9868-57a2d4851a1d" />
    <TestEntry testId="a5d42cf1-88fe-1cac-c2a5-c65452c77b2b" executionId="d5922869-58b3-4bb5-b4ba-ddf821cb9ec9" testListId="8c84fa94-04c1-424b-9868-57a2d4851a1d" />
    <TestEntry testId="f0f873c6-559d-adc0-2b1a-f0f66034cfef" executionId="654014e4-69bb-4506-83ae-c73c60e50311" testListId="8c84fa94-04c1-424b-9868-57a2d4851a1d" />
    <TestEntry testId="f0f873c6-559d-adc0-2b1a-f0f66034cfef" executionId="9422cab8-1476-4259-9ce0-a255f416a839" testListId="8c84fa94-04c1-424b-9868-57a2d4851a1d" />
    <TestEntry testId="82d22845-f5aa-5635-7fd1-7a85fc2ae608" executionId="a4265883-6842-4283-a8cb-2a6bc13b1eeb" testListId="8c84fa94-04c1-424b-9868-57a2d4851a1d" />
    <TestEntry testId="e699ddf5-e5fb-7358-c2f6-2ad6b6ce804d" executionId="24725515-b3c8-4013-9b44-87f870adb24c" testListId="8c84fa94-04c1-424b-9868-57a2d4851a1d" />
    <TestEntry testId="be668735-6db5-18bd-20db-b6295b5ca9e5" executionId="3a45f83f-57ec-4f93-8a64-cd49f9aba53d" testListId="8c84fa94-04c1-424b-9868-57a2d4851a1d" />
    <TestEntry testId="b737fe06-d8fc-92fd-5280-a8e1601ec2d8" executionId="42fbca85-58a6-46e9-9630-a1d67be9f862" testListId="8c84fa94-04c1-424b-9868-57a2d4851a1d" />
    <TestEntry testId="eac0131c-e93f-ccf5-7afe-25f7175524ae" executionId="374b9211-e5c2-468d-8a2a-f8de3c7e89c6" testListId="8c84fa94-04c1-424b-9868-57a2d4851a1d" />
    <TestEntry testId="50cbe2ca-8633-1221-14ac-34f3e2a0db57" executionId="d78cf28a-75bb-4ce1-9081-27699819b73e" testListId="8c84fa94-04c1-424b-9868-57a2d4851a1d" />
    <TestEntry testId="496a0015-2a13-695f-3c3d-37fcbe9e009c" executionId="96e4e44e-42d8-45b0-9aeb-419c364cd060" testListId="8c84fa94-04c1-424b-9868-57a2d4851a1d" />
    <TestEntry testId="4c398529-19b2-3d1e-0b51-208a8581e0e3" executionId="44624797-a86c-4f80-955c-156b1d4afdcd" testListId="8c84fa94-04c1-424b-9868-57a2d4851a1d" />
    <TestEntry testId="619072e2-cba6-3f5a-1d79-b341be5f80e1" executionId="7be57c41-f519-4fa2-b2fb-c7390f653d0a" testListId="8c84fa94-04c1-424b-9868-57a2d4851a1d" />
  </TestEntries>
  <TestLists>
    <TestList name="Results Not in a List" id="8c84fa94-04c1-424b-9868-57a2d4851a1d" />
    <TestList name="All Loaded Results" id="19431567-8539-422a-85d7-44ee4e166bda" />
  </TestLists>
  <ResultSummary outcome="Failed">
    <Counters total="472" executed="472" passed="353" failed="119" error="0" timeout="0" aborted="0" inconclusive="0" passedButRunAborted="0" notRunnable="0" notExecuted="0" disconnected="0" warning="0" completed="0" inProgress="0" pending="0" />
    <Output>
      <StdOut>[xUnit.net 00:00:00.00] xUnit.net VSTest Adapter v2.4.3+1b45f5407b (64-bit .NET 6.0.0-rtm.21522.10)&#xD;
[xUnit.net 00:00:00.45]   Starting:    Goedel.Cryptography.Windows.Test-xunit&#xD;
[xUnit.net 00:00:00.62]   Finished:    Goedel.Cryptography.Windows.Test-xunit&#xD;
[xUnit.net 00:00:00.00] xUnit.net VSTest Adapter v2.4.3+1b45f5407b (64-bit .NET 6.0.0-rtm.21522.10)&#xD;
[xUnit.net 00:00:00.42]   Starting:    Goedel.Cryptography.Keyfile.Test-xunit&#xD;
[xUnit.net 00:00:00.54]   Finished:    Goedel.Cryptography.Keyfile.Test-xunit&#xD;
[xUnit.net 00:00:00.00] xUnit.net VSTest Adapter v2.4.3+1b45f5407b (64-bit .NET 6.0.0-rtm.21522.10)&#xD;
[xUnit.net 00:00:00.42]   Starting:    Goedel.Discovery.Test-xunit&#xD;
[xUnit.net 00:00:00.00] xUnit.net VSTest Adapter v2.4.3+1b45f5407b (64-bit .NET 6.0.0-rtm.21522.10)&#xD;
[xUnit.net 00:00:00.92]   Finished:    Goedel.Discovery.Test-xunit&#xD;
[xUnit.net 00:00:00.44]   Starting:    Goedel.Cryptography.Platform.Test-xunit&#xD;
[xUnit.net 00:00:00.00] xUnit.net VSTest Adapter v2.4.3+1b45f5407b (64-bit .NET 6.0.0-rtm.21522.10)&#xD;
[xUnit.net 00:00:00.62]   Finished:    Goedel.Cryptography.Platform.Test-xunit&#xD;
[xUnit.net 00:00:00.00] xUnit.net VSTest Adapter v2.4.3+1b45f5407b (64-bit .NET 6.0.0-rtm.21522.10)&#xD;
[xUnit.net 00:00:00.00] xUnit.net VSTest Adapter v2.4.3+1b45f5407b (64-bit .NET 6.0.0-rtm.21522.10)&#xD;
[xUnit.net 00:00:00.57]   Starting:    Goedel.Mesh.Protocol.Test-xunit&#xD;
[xUnit.net 00:00:00.00] xUnit.net VSTest Adapter v2.4.3+1b45f5407b (64-bit .NET 6.0.0-rtm.21522.10)&#xD;
[xUnit.net 00:00:00.60]   Starting:    Goedel.Mesh.Shell.Test-xunit&#xD;
[xUnit.net 00:00:00.50]   Starting:    Goedel.Mesh.Store.Test-xunit&#xD;
[xUnit.net 00:00:00.52]   Starting:    Goedel.ASN1.Test-xunit&#xD;
[xUnit.net 00:00:00.97]   Finished:    Goedel.Mesh.Store.Test-xunit&#xD;
[xUnit.net 00:00:01.13]   Finished:    Goedel.ASN1.Test-xunit&#xD;
[xUnit.net 00:00:00.00] xUnit.net VSTest Adapter v2.4.3+1b45f5407b (64-bit .NET 6.0.0-rtm.21522.10)&#xD;
[xUnit.net 00:00:02.07]       System.NullReferenceException : Object reference not set to an instance of an object.&#xD;
[xUnit.net 00:00:02.07]       Stack Trace:&#xD;
[xUnit.net 00:00:02.07]         C:\Users\hallam\Work\mmm\Mesh\Goedel.Mesh.Server\MeshDispatch.cs(136,0): at Goedel.Mesh.Server.PublicMeshService..ctor(IMeshMachine meshMachine, ServiceConfiguration serviceConfiguration, HostConfiguration hostConfiguration)&#xD;
[xUnit.net 00:00:02.07]         C:\Users\hallam\Work\mmm\Testing\Goedel.Mesh.Test\TestEnvironmentCommon.cs(203,0): at Goedel.Mesh.Test.TestEnvironmentCommon.get_MeshService()&#xD;
[xUnit.net 00:00:02.07]         C:\Users\hallam\Work\mmm\Testing\Goedel.Mesh.Test\TestEnvironmentCommon.cs(222,0): at Goedel.Mesh.Test.TestEnvironmentCommon.GetMeshClient(MeshMachineTest meshMachineTest, ICredentialPrivate credential, String serviceId, String accountAddress)&#xD;
[xUnit.net 00:00:02.07]         C:\Users\hallam\Work\mmm\Testing\Goedel.Mesh.Test\MeshMachineTest.cs(88,0): at Goedel.Mesh.Test.MeshMachineTest.GetMeshClient(ICredentialPrivate credential, String service, String accountAddress)&#xD;
[xUnit.net 00:00:02.07]         C:\Users\hallam\Work\mmm\Mesh\Goedel.Mesh.Client\ContextUser.cs(243,0): at Goedel.Mesh.Client.ContextUser.SetService(String accountAddress)&#xD;
[xUnit.net 00:00:02.07]         C:\Users\hallam\Work\mmm\Mesh\Goedel.Mesh.Client\MeshHost.cs(269,0): at Goedel.Mesh.Client.MeshHost.ConfigureMesh(String accountAddress, String localName, PrivateKeyUDF accountSeed, ProfileDevice profileDevice, List`1 rights, Boolean create)&#xD;
[xUnit.net 00:00:02.07]         C:\Users\hallam\Work\mmm\Testing\Goedel.Mesh.Test\MeshMachineTest.cs(120,0): at Goedel.Mesh.Test.MeshMachineTest.GenerateAccountUser(TestEnvironmentCommon testEnvironmentCommon, String machineName, String accountAddress, String localName)&#xD;
[xUnit.net 00:00:02.07]         C:\Users\hallam\Work\mmm\Testing\Goedel.Mesh.Protocol.Test-xunit\MeshCredential.cs(160,0): at Goedel.XUnit.TestService.TestProfileFails(DataValidity dataValidity)&#xD;
[xUnit.net 00:00:00.00] xUnit.net VSTest Adapter v2.4.3+1b45f5407b (64-bit .NET 6.0.0-rtm.21522.10)&#xD;
[xUnit.net 00:00:00.00] xUnit.net VSTest Adapter v2.4.3+1b45f5407b (64-bit .NET 6.0.0-rtm.21522.10)&#xD;
[xUnit.net 00:00:02.35]       System.NullReferenceException : Object reference not set to an instance of an object.&#xD;
[xUnit.net 00:00:02.35]       Stack Trace:&#xD;
[xUnit.net 00:00:02.35]         C:\Users\hallam\Work\mmm\Mesh\Goedel.Mesh.Server\MeshDispatch.cs(136,0): at Goedel.Mesh.Server.PublicMeshService..ctor(IMeshMachine meshMachine, ServiceConfiguration serviceConfiguration, HostConfiguration hostConfiguration)&#xD;
[xUnit.net 00:00:02.35]         C:\Users\hallam\Work\mmm\Testing\Goedel.Mesh.Test\TestEnvironmentCommon.cs(203,0): at Goedel.Mesh.Test.TestEnvironmentCommon.get_MeshService()&#xD;
[xUnit.net 00:00:02.35]         C:\Users\hallam\Work\mmm\Testing\Goedel.Mesh.Test\TestEnvironmentCommon.cs(222,0): at Goedel.Mesh.Test.TestEnvironmentCommon.GetMeshClient(MeshMachineTest meshMachineTest, ICredentialPrivate credential, String serviceId, String accountAddress)&#xD;
[xUnit.net 00:00:02.35]         C:\Users\hallam\Work\mmm\Testing\Goedel.Mesh.Test\MeshMachineTest.cs(88,0): at Goedel.Mesh.Test.MeshMachineTest.GetMeshClient(ICredentialPrivate credential, String service, String accountAddress)&#xD;
[xUnit.net 00:00:02.35]         C:\Users\hallam\Work\mmm\Mesh\Goedel.Mesh.Client\ContextUser.cs(243,0): at Goedel.Mesh.Client.ContextUser.SetService(String accountAddress)&#xD;
[xUnit.net 00:00:02.35]         C:\Users\hallam\Work\mmm\Mesh\Goedel.Mesh.Client\MeshHost.cs(269,0): at Goedel.Mesh.Client.MeshHost.ConfigureMesh(String accountAddress, String localName, PrivateKeyUDF accountSeed, ProfileDevice profileDevice, List`1 rights, Boolean create)&#xD;
[xUnit.net 00:00:02.35]         C:\Users\hallam\Work\mmm\Mesh\Goedel.Mesh.Shell\DispatchAccount.cs(68,0): at Goedel.Mesh.Shell.Shell.AccountCreate(AccountCreate options)&#xD;
[xUnit.net 00:00:02.35]         C:\Users\hallam\Work\mmm\Mesh\Goedel.Mesh.Shell\meshman.cs(520,0): at Goedel.Mesh.Shell.CommandLineInterpreter.Handle_AccountCreate(DispatchShell DispatchIn, String[] Args, Int32 Index)&#xD;
[xUnit.net 00:00:02.35]         C:\Users\hallam\Work\mmm\Libraries\Goedel.Command\Command.cs(224,0): at Goedel.Command.CommandLineInterpreterBase.Dispatcher(SortedDictionary`2 Entries, DescribeCommandEntry DefaultCommand, DispatchShell Dispatch, String[] Args, Int32 Index)&#xD;
[xUnit.net 00:00:02.35]         C:\Users\hallam\Work\mmm\Libraries\Goedel.Command\Command.cs(228,0): at Goedel.Command.CommandLineInterpreterBase.Dispatcher(SortedDictionary`2 Entries, DescribeCommandEntry DefaultCommand, DispatchShell Dispatch, String[] Args, Int32 Index)&#xD;
[xUnit.net 00:00:02.35]         C:\Users\hallam\Work\mmm\Testing\Goedel.Mesh.Test\TestShell.cs(241,0): at Goedel.Mesh.Test.TestCLI.Dispatch(String command, Boolean fail)&#xD;
[xUnit.net 00:00:02.35]         C:\Users\hallam\Work\mmm\Testing\Goedel.Mesh.Shell.Test-xunit\TestMessage.cs(246,0): at Goedel.XUnit.ShellTests.CreateMasterDevice(String name, String account)&#xD;
[xUnit.net 00:00:02.35]         C:\Users\hallam\Work\mmm\Testing\Goedel.Mesh.Shell.Test-xunit\TestMessage.cs(238,0): at Goedel.XUnit.ShellTests.CreateAlice(TestCLI&amp; device1, TestCLI&amp; device2)&#xD;
[xUnit.net 00:00:02.35]         C:\Users\hallam\Work\mmm\Testing\Goedel.Mesh.Shell.Test-xunit\TestSSH.cs(33,0): at Goedel.XUnit.ShellTests.TestProfileSSHPrivate()&#xD;
[xUnit.net 00:00:00.00] xUnit.net VSTest Adapter v2.4.3+1b45f5407b (64-bit .NET 6.0.0-rtm.21522.10)&#xD;
[xUnit.net 00:00:00.87]   Starting:    Test.MakeSiteDocs&#xD;
[xUnit.net 00:00:03.19]       Goedel.Mesh.ServiceAdmin.HostNotFound : Configuration for the host ServiceConfig.json could not be found&#xD;
[xUnit.net 00:00:03.19]       Stack Trace:&#xD;
[xUnit.net 00:00:03.19]         C:\Users\hallam\Work\mmm\Mesh\Goedel.Mesh.ServiceAdmin\ServiceDescription.cs(135,0): at Goedel.Mesh.ServiceAdmin.Configuration.GetHostConfiguration(String id)&#xD;
[xUnit.net 00:00:03.19]         C:\Users\hallam\Work\mmm\Mesh\Goedel.Mesh.Shell.Host\ShellDispatch.cs(156,0): at Goedel.Mesh.Shell.Host.Shell.HostStart(HostStart Options)&#xD;
[xUnit.net 00:00:03.19]         C:\Users\hallam\Work\mmm\Mesh\Goedel.Mesh.Shell.Host\anyhost.cs(172,0): at Goedel.Mesh.Shell.Host.CommandLineInterpreter.Handle_HostStart(DispatchShell DispatchIn, String[] Args, Int32 Index)&#xD;
[xUnit.net 00:00:03.19]         C:\Users\hallam\Work\mmm\Libraries\Goedel.Command\Command.cs(224,0): at Goedel.Command.CommandLineInterpreterBase.Dispatcher(SortedDictionary`2 Entries, DescribeCommandEntry DefaultCommand, DispatchShell Dispatch, String[] Args, Int32 Index)&#xD;
[xUnit.net 00:00:03.19]         C:\Users\hallam\Work\mmm\Mesh\Goedel.Mesh.Shell.Host\anyhost.cs(161,0): at Goedel.Mesh.Shell.Host.CommandLineInterpreter.MainMethod(Shell Dispatch, String[] Args)&#xD;
[xUnit.net 00:00:03.19]         C:\Users\hallam\Work\mmm\Testing\Goedel.Mesh.Test\TestEnvironmentCommon.cs(121,0): at Goedel.Mesh.Test.TestEnvironmentRdpShell.Host(String command)&#xD;
[xUnit.net 00:00:03.19]         C:\Users\hallam\Work\mmm\Testing\Goedel.Mesh.Test\TestEnvironmentCommon.cs(90,0): at Goedel.Mesh.Test.TestEnvironmentRdpShell.StartService()&#xD;
[xUnit.net 00:00:03.19]         C:\Users\hallam\Work\mmm\Testing\Goedel.Mesh.Test\TestEnvironmentCommon.cs(102,0): at Goedel.Mesh.Test.TestEnvironmentRdpShell.GetMeshClient(MeshMachineTest meshMachineTest, ICredentialPrivate credential, String service, String accountAddress)&#xD;
[xUnit.net 00:00:03.19]         C:\Users\hallam\Work\mmm\Testing\Goedel.Mesh.Test\MeshMachineTest.cs(88,0): at Goedel.Mesh.Test.MeshMachineTest.GetMeshClient(ICredentialPrivate credential, String service, String accountAddress)&#xD;
[xUnit.net 00:00:03.19]         C:\Users\hallam\Work\mmm\Mesh\Goedel.Mesh.Client\ContextUser.cs(243,0): at Goedel.Mesh.Client.ContextUser.SetService(String accountAddress)&#xD;
[xUnit.net 00:00:03.19]         C:\Users\hallam\Work\mmm\Mesh\Goedel.Mesh.Client\MeshHost.cs(269,0): at Goedel.Mesh.Client.MeshHost.ConfigureMesh(String accountAddress, String localName, PrivateKeyUDF accountSeed, ProfileDevice profileDevice, List`1 rights, Boolean create)&#xD;
[xUnit.net 00:00:03.19]         C:\Users\hallam\Work\mmm\Mesh\Goedel.Mesh.Shell\DispatchAccount.cs(68,0): at Goedel.Mesh.Shell.Shell.AccountCreate(AccountCreate options)&#xD;
[xUnit.net 00:00:03.19]         C:\Users\hallam\Work\mmm\Mesh\Goedel.Mesh.Shell\meshman.cs(520,0): at Goedel.Mesh.Shell.CommandLineInterpreter.Handle_AccountCreate(DispatchShell DispatchIn, String[] Args, Int32 Index)&#xD;
[xUnit.net 00:00:03.19]         C:\Users\hallam\Work\mmm\Libraries\Goedel.Command\Command.cs(224,0): at Goedel.Command.CommandLineInterpreterBase.Dispatcher(SortedDictionary`2 Entries, DescribeCommandEntry DefaultCommand, DispatchShell Dispatch, String[] Args, Int32 Index)&#xD;
[xUnit.net 00:00:03.19]         C:\Users\hallam\Work\mmm\Libraries\Goedel.Command\Command.cs(228,0): at Goedel.Command.CommandLineInterpreterBase.Dispatcher(SortedDictionary`2 Entries, DescribeCommandEntry DefaultCommand, DispatchShell Dispatch, String[] Args, Int32 Index)&#xD;
[xUnit.net 00:00:03.19]         C:\Users\hallam\Work\mmm\Testing\Goedel.Mesh.Test\TestShell.cs(241,0): at Goedel.Mesh.Test.TestCLI.Dispatch(String command, Boolean fail)&#xD;
[xUnit.net 00:00:03.19]         C:\Users\hallam\Work\mmm\Testing\Goedel.Mesh.Shell.Test-xunit\TestProfile.cs(429,0): at Goedel.XUnit.ShellTests.TestAuthCreate(TestCLI device1, TestCLI device2, String auth)&#xD;
[xUnit.net 00:00:03.19]         C:\Users\hallam\Work\mmm\Testing\Goedel.Mesh.Shell.Test-xunit\TestProfile.cs(313,0): at Goedel.XUnit.ShellTests.TestCreateAdmin()&#xD;
[xUnit.net 00:00:01.07]   Starting:    Goedel.Utilities.Test-xunit&#xD;
[xUnit.net 00:00:01.70]       System.NullReferenceException : Object reference not set to an instance of an object.&#xD;
[xUnit.net 00:00:01.70]       Stack Trace:&#xD;
[xUnit.net 00:00:01.71]         C:\Users\hallam\Work\mmm\Documentation\MakeSiteDocs\CreateExamples.cs(141,0): at ExampleGenerator.CreateExamples.ServiceConnect()&#xD;
[xUnit.net 00:00:01.71]         C:\Users\hallam\Work\mmm\Testing\Test.MakeSiteDocs\MakeSiteDocs.cs(101,0): at Goedel.XUnit.MakeSiteDocs.CiphertextVerify()&#xD;
[xUnit.net 00:00:03.55]       System.NullReferenceException : Object reference not set to an instance of an object.&#xD;
[xUnit.net 00:00:03.55]       Stack Trace:&#xD;
[xUnit.net 00:00:03.55]         C:\Users\hallam\Work\mmm\Mesh\Goedel.Mesh.Server\MeshDispatch.cs(136,0): at Goedel.Mesh.Server.PublicMeshService..ctor(IMeshMachine meshMachine, ServiceConfiguration serviceConfiguration, HostConfiguration hostConfiguration)&#xD;
[xUnit.net 00:00:03.55]         C:\Users\hallam\Work\mmm\Testing\Goedel.Mesh.Test\TestEnvironmentCommon.cs(203,0): at Goedel.Mesh.Test.TestEnvironmentCommon.get_MeshService()&#xD;
[xUnit.net 00:00:03.55]         C:\Users\hallam\Work\mmm\Testing\Goedel.Mesh.Test\TestEnvironmentCommon.cs(222,0): at Goedel.Mesh.Test.TestEnvironmentCommon.GetMeshClient(MeshMachineTest meshMachineTest, ICredentialPrivate credential, String serviceId, String accountAddress)&#xD;
[xUnit.net 00:00:03.55]         C:\Users\hallam\Work\mmm\Testing\Goedel.Mesh.Test\MeshMachineTest.cs(88,0): at Goedel.Mesh.Test.MeshMachineTest.GetMeshClient(ICredentialPrivate credential, String service, String accountAddress)&#xD;
[xUnit.net 00:00:03.55]         C:\Users\hallam\Work\mmm\Mesh\Goedel.Mesh.Client\ContextUser.cs(243,0): at Goedel.Mesh.Client.ContextUser.SetService(String accountAddress)&#xD;
[xUnit.net 00:00:03.55]         C:\Users\hallam\Work\mmm\Mesh\Goedel.Mesh.Client\MeshHost.cs(269,0): at Goedel.Mesh.Client.MeshHost.ConfigureMesh(String accountAddress, String localName, PrivateKeyUDF accountSeed, ProfileDevice profileDevice, List`1 rights, Boolean create)&#xD;
[xUnit.net 00:00:03.55]         C:\Users\hallam\Work\mmm\Testing\Goedel.Mesh.Test\MeshMachineTest.cs(120,0): at Goedel.Mesh.Test.MeshMachineTest.GenerateAccountUser(TestEnvironmentCommon testEnvironmentCommon, String machineName, String accountAddress, String localName)&#xD;
[xUnit.net 00:00:03.55]         C:\Users\hallam\Work\mmm\Testing\Goedel.Mesh.Protocol.Test-xunit\MeshCredential.cs(160,0): at Goedel.XUnit.TestService.TestProfileFails(DataValidity dataValidity)&#xD;
[xUnit.net 00:00:01.22]   Finished:    Goedel.Utilities.Test-xunit&#xD;
[xUnit.net 00:00:01.81]       System.NullReferenceException : Object reference not set to an instance of an object.&#xD;
[xUnit.net 00:00:01.81]       Stack Trace:&#xD;
[xUnit.net 00:00:01.81]         C:\Users\hallam\Work\mmm\Documentation\MakeSiteDocs\CreateExamples.cs(141,0): at ExampleGenerator.CreateExamples.ServiceConnect()&#xD;
[xUnit.net 00:00:01.81]         C:\Users\hallam\Work\mmm\Testing\Test.MakeSiteDocs\MakeSiteDocs.cs(155,0): at Goedel.XUnit.MakeSiteDocs.TestContact()&#xD;
[xUnit.net 00:00:01.09]   Starting:    Goedel.Cryptography.Jose.Test-xunit&#xD;
[xUnit.net 00:00:01.21]   Starting:    Goedel.Cryptography.Test-xunit&#xD;
[xUnit.net 00:00:01.92]       System.NullReferenceException : Object reference not set to an instance of an object.&#xD;
[xUnit.net 00:00:01.92]       Stack Trace:&#xD;
[xUnit.net 00:00:01.92]         C:\Users\hallam\Work\mmm\Documentation\MakeSiteDocs\CreateExamples.cs(141,0): at ExampleGenerator.CreateExamples.ServiceConnect()&#xD;
[xUnit.net 00:00:01.92]         C:\Users\hallam\Work\mmm\Testing\Test.MakeSiteDocs\MakeSiteDocs.cs(138,0): at Goedel.XUnit.MakeSiteDocs.CreateSSH()&#xD;
[xUnit.net 00:00:02.04]       System.NullReferenceException : Object reference not set to an instance of an object.&#xD;
[xUnit.net 00:00:02.04]       Stack Trace:&#xD;
[xUnit.net 00:00:02.04]         C:\Users\hallam\Work\mmm\Documentation\MakeSiteDocs\CreateExamples.cs(141,0): at ExampleGenerator.CreateExamples.ServiceConnect()&#xD;
[xUnit.net 00:00:02.04]         C:\Users\hallam\Work\mmm\Testing\Test.MakeSiteDocs\MakeSiteDocs.cs(147,0): at Goedel.XUnit.MakeSiteDocs.CreateMail()&#xD;
[xUnit.net 00:00:03.76]       System.NullReferenceException : Object reference not set to an instance of an object.&#xD;
[xUnit.net 00:00:03.76]       Stack Trace:&#xD;
[xUnit.net 00:00:03.76]         C:\Users\hallam\Work\mmm\Mesh\Goedel.Mesh.Server\MeshDispatch.cs(136,0): at Goedel.Mesh.Server.PublicMeshService..ctor(IMeshMachine meshMachine, ServiceConfiguration serviceConfiguration, HostConfiguration hostConfiguration)&#xD;
[xUnit.net 00:00:03.76]         C:\Users\hallam\Work\mmm\Testing\Goedel.Mesh.Test\TestEnvironmentCommon.cs(203,0): at Goedel.Mesh.Test.TestEnvironmentCommon.get_MeshService()&#xD;
[xUnit.net 00:00:03.76]         C:\Users\hallam\Work\mmm\Testing\Goedel.Mesh.Test\TestEnvironmentCommon.cs(222,0): at Goedel.Mesh.Test.TestEnvironmentCommon.GetMeshClient(MeshMachineTest meshMachineTest, ICredentialPrivate credential, String serviceId, String accountAddress)&#xD;
[xUnit.net 00:00:03.76]         C:\Users\hallam\Work\mmm\Testing\Goedel.Mesh.Test\MeshMachineTest.cs(88,0): at Goedel.Mesh.Test.MeshMachineTest.GetMeshClient(ICredentialPrivate credential, String service, String accountAddress)&#xD;
[xUnit.net 00:00:03.76]         C:\Users\hallam\Work\mmm\Mesh\Goedel.Mesh.Client\ContextUser.cs(243,0): at Goedel.Mesh.Client.ContextUser.SetService(String accountAddress)&#xD;
[xUnit.net 00:00:03.76]         C:\Users\hallam\Work\mmm\Mesh\Goedel.Mesh.Client\MeshHost.cs(269,0): at Goedel.Mesh.Client.MeshHost.ConfigureMesh(String accountAddress, String localName, PrivateKeyUDF accountSeed, ProfileDevice profileDevice, List`1 rights, Boolean create)&#xD;
[xUnit.net 00:00:03.76]         C:\Users\hallam\Work\mmm\Mesh\Goedel.Mesh.Shell\DispatchAccount.cs(68,0): at Goedel.Mesh.Shell.Shell.AccountCreate(AccountCreate options)&#xD;
[xUnit.net 00:00:03.76]         C:\Users\hallam\Work\mmm\Mesh\Goedel.Mesh.Shell\meshman.cs(520,0): at Goedel.Mesh.Shell.CommandLineInterpreter.Handle_AccountCreate(DispatchShell DispatchIn, String[] Args, Int32 Index)&#xD;
[xUnit.net 00:00:03.76]         C:\Users\hallam\Work\mmm\Libraries\Goedel.Command\Command.cs(224,0): at Goedel.Command.CommandLineInterpreterBase.Dispatcher(SortedDictionary`2 Entries, DescribeCommandEntry DefaultCommand, DispatchShell Dispatch, String[] Args, Int32 Index)&#xD;
[xUnit.net 00:00:03.76]         C:\Users\hallam\Work\mmm\Libraries\Goedel.Command\Command.cs(228,0): at Goedel.Command.CommandLineInterpreterBase.Dispatcher(SortedDictionary`2 Entries, DescribeCommandEntry DefaultCommand, DispatchShell Dispatch, String[] Args, Int32 Index)&#xD;
[xUnit.net 00:00:03.76]         C:\Users\hallam\Work\mmm\Testing\Goedel.Mesh.Test\TestShell.cs(241,0): at Goedel.Mesh.Test.TestCLI.Dispatch(String command, Boolean fail)&#xD;
[xUnit.net 00:00:03.76]         C:\Users\hallam\Work\mmm\Testing\Goedel.Mesh.Shell.Test-xunit\Base.cs(159,0): at Goedel.XUnit.ShellTests.Dispatch(String command, Boolean fail)&#xD;
[xUnit.net 00:00:03.76]         C:\Users\hallam\Work\mmm\Testing\Goedel.Mesh.Shell.Test-xunit\Base.cs(162,0): at Goedel.XUnit.ShellTests.CreateAccount(String account)&#xD;
[xUnit.net 00:00:03.76]         C:\Users\hallam\Work\mmm\Testing\Goedel.Mesh.Shell.Test-xunit\TestCatalog.cs(49,0): at Goedel.XUnit.ShellTests.TestProfilePassword()&#xD;
[xUnit.net 00:00:02.16]       System.NullReferenceException : Object reference not set to an instance of an object.&#xD;
[xUnit.net 00:00:02.16]       Stack Trace:&#xD;
[xUnit.net 00:00:02.16]         C:\Users\hallam\Work\mmm\Documentation\MakeSiteDocs\CreateExamples.cs(141,0): at ExampleGenerator.CreateExamples.ServiceConnect()&#xD;
[xUnit.net 00:00:02.16]         C:\Users\hallam\Work\mmm\Testing\Test.MakeSiteDocs\MakeSiteDocs.cs(163,0): at Goedel.XUnit.MakeSiteDocs.TestConfirmation()&#xD;
[xUnit.net 00:00:02.35]       System.NullReferenceException : Object reference not set to an instance of an object.&#xD;
[xUnit.net 00:00:02.35]       Stack Trace:&#xD;
[xUnit.net 00:00:02.35]         C:\Users\hallam\Work\mmm\Documentation\MakeSiteDocs\CreateExamples.cs(141,0): at ExampleGenerator.CreateExamples.ServiceConnect()&#xD;
[xUnit.net 00:00:02.35]         C:\Users\hallam\Work\mmm\Testing\Test.MakeSiteDocs\MakeSiteDocs.cs(64,0): at Goedel.XUnit.MakeSiteDocs.FullTest()&#xD;
[xUnit.net 00:00:02.49]       System.NullReferenceException : Object reference not set to an instance of an object.&#xD;
[xUnit.net 00:00:02.49]       Stack Trace:&#xD;
[xUnit.net 00:00:02.49]         C:\Users\hallam\Work\mmm\Documentation\MakeSiteDocs\CreateExamples.cs(141,0): at ExampleGenerator.CreateExamples.ServiceConnect()&#xD;
[xUnit.net 00:00:02.49]         C:\Users\hallam\Work\mmm\Testing\Test.MakeSiteDocs\MakeSiteDocs.cs(114,0): at Goedel.XUnit.MakeSiteDocs.DeleteDevice()&#xD;
[xUnit.net 00:00:00.01] xUnit.net VSTest Adapter v2.4.3+1b45f5407b (64-bit .NET 6.0.0-rtm.21522.10)&#xD;
[xUnit.net 00:00:02.75]       System.NullReferenceException : Object reference not set to an instance of an object.&#xD;
[xUnit.net 00:00:02.75]       Stack Trace:&#xD;
[xUnit.net 00:00:02.75]         C:\Users\hallam\Work\mmm\Documentation\MakeSiteDocs\CreateExamples.cs(141,0): at ExampleGenerator.CreateExamples.ServiceConnect()&#xD;
[xUnit.net 00:00:02.75]         C:\Users\hallam\Work\mmm\Testing\Test.MakeSiteDocs\MakeSiteDocs.cs(170,0): at Goedel.XUnit.MakeSiteDocs.GroupTests()&#xD;
[xUnit.net 00:00:02.89]       System.NullReferenceException : Object reference not set to an instance of an object.&#xD;
[xUnit.net 00:00:02.89]       Stack Trace:&#xD;
[xUnit.net 00:00:02.89]         C:\Users\hallam\Work\mmm\Documentation\MakeSiteDocs\CreateExamples.cs(141,0): at ExampleGenerator.CreateExamples.ServiceConnect()&#xD;
[xUnit.net 00:00:02.89]         C:\Users\hallam\Work\mmm\Testing\Test.MakeSiteDocs\MakeSiteDocs.cs(126,0): at Goedel.XUnit.MakeSiteDocs.DecodeSecondDevice()&#xD;
[xUnit.net 00:00:03.03]       System.NullReferenceException : Object reference not set to an instance of an object.&#xD;
[xUnit.net 00:00:03.03]       Stack Trace:&#xD;
[xUnit.net 00:00:03.03]         C:\Users\hallam\Work\mmm\Documentation\MakeSiteDocs\CreateExamples.cs(141,0): at ExampleGenerator.CreateExamples.ServiceConnect()&#xD;
[xUnit.net 00:00:03.03]         C:\Users\hallam\Work\mmm\Testing\Test.MakeSiteDocs\MakeSiteDocs.cs(180,0): at Goedel.XUnit.MakeSiteDocs.Recover()&#xD;
[xUnit.net 00:00:03.06]   Finished:    Test.MakeSiteDocs&#xD;
[xUnit.net 00:00:00.00] xUnit.net VSTest Adapter v2.4.3+1b45f5407b (64-bit .NET 6.0.0-rtm.21522.10)&#xD;
[xUnit.net 00:00:05.27]       System.NullReferenceException : Object reference not set to an instance of an object.&#xD;
[xUnit.net 00:00:05.27]       Stack Trace:&#xD;
[xUnit.net 00:00:05.27]         C:\Users\hallam\Work\mmm\Mesh\Goedel.Mesh.Server\MeshDispatch.cs(136,0): at Goedel.Mesh.Server.PublicMeshService..ctor(IMeshMachine meshMachine, ServiceConfiguration serviceConfiguration, HostConfiguration hostConfiguration)&#xD;
[xUnit.net 00:00:05.27]         C:\Users\hallam\Work\mmm\Testing\Goedel.Mesh.Test\TestEnvironmentCommon.cs(203,0): at Goedel.Mesh.Test.TestEnvironmentCommon.get_MeshService()&#xD;
[xUnit.net 00:00:05.27]         C:\Users\hallam\Work\mmm\Testing\Goedel.Mesh.Test\TestEnvironmentCommon.cs(222,0): at Goedel.Mesh.Test.TestEnvironmentCommon.GetMeshClient(MeshMachineTest meshMachineTest, ICredentialPrivate credential, String serviceId, String accountAddress)&#xD;
[xUnit.net 00:00:05.27]         C:\Users\hallam\Work\mmm\Testing\Goedel.Mesh.Test\MeshMachineTest.cs(88,0): at Goedel.Mesh.Test.MeshMachineTest.GetMeshClient(ICredentialPrivate credential, String service, String accountAddress)&#xD;
[xUnit.net 00:00:05.27]         C:\Users\hallam\Work\mmm\Mesh\Goedel.Mesh.Client\ContextUser.cs(243,0): at Goedel.Mesh.Client.ContextUser.SetService(String accountAddress)&#xD;
[xUnit.net 00:00:05.27]         C:\Users\hallam\Work\mmm\Mesh\Goedel.Mesh.Client\MeshHost.cs(269,0): at Goedel.Mesh.Client.MeshHost.ConfigureMesh(String accountAddress, String localName, PrivateKeyUDF accountSeed, ProfileDevice profileDevice, List`1 rights, Boolean create)&#xD;
[xUnit.net 00:00:05.27]         C:\Users\hallam\Work\mmm\Mesh\Goedel.Mesh.Shell\DispatchAccount.cs(68,0): at Goedel.Mesh.Shell.Shell.AccountCreate(AccountCreate options)&#xD;
[xUnit.net 00:00:05.27]         C:\Users\hallam\Work\mmm\Mesh\Goedel.Mesh.Shell\meshman.cs(520,0): at Goedel.Mesh.Shell.CommandLineInterpreter.Handle_AccountCreate(DispatchShell DispatchIn, String[] Args, Int32 Index)&#xD;
[xUnit.net 00:00:05.27]         C:\Users\hallam\Work\mmm\Libraries\Goedel.Command\Command.cs(224,0): at Goedel.Command.CommandLineInterpreterBase.Dispatcher(SortedDictionary`2 Entries, DescribeCommandEntry DefaultCommand, DispatchShell Dispatch, String[] Args, Int32 Index)&#xD;
[xUnit.net 00:00:05.27]         C:\Users\hallam\Work\mmm\Libraries\Goedel.Command\Command.cs(228,0): at Goedel.Command.CommandLineInterpreterBase.Dispatcher(SortedDictionary`2 Entries, DescribeCommandEntry DefaultCommand, DispatchShell Dispatch, String[] Args, Int32 Index)&#xD;
[xUnit.net 00:00:05.27]         C:\Users\hallam\Work\mmm\Testing\Goedel.Mesh.Test\TestShell.cs(241,0): at Goedel.Mesh.Test.TestCLI.Dispatch(String command, Boolean fail)&#xD;
[xUnit.net 00:00:05.27]         C:\Users\hallam\Work\mmm\Testing\Goedel.Mesh.Shell.Test-xunit\TestProfile.cs(429,0): at Goedel.XUnit.ShellTests.TestAuthCreate(TestCLI device1, TestCLI device2, String auth)&#xD;
[xUnit.net 00:00:05.27]         C:\Users\hallam\Work\mmm\Testing\Goedel.Mesh.Shell.Test-xunit\TestProfile.cs(343,0): at Goedel.XUnit.ShellTests.TestCreateMessage()&#xD;
[xUnit.net 00:00:01.25]   Starting:    Goedel.Protocol.Test-xunit&#xD;
[xUnit.net 00:00:05.97]       System.NullReferenceException : Object reference not set to an instance of an object.&#xD;
[xUnit.net 00:00:05.97]       Stack Trace:&#xD;
[xUnit.net 00:00:05.97]         C:\Users\hallam\Work\mmm\Mesh\Goedel.Mesh.Server\MeshDispatch.cs(136,0): at Goedel.Mesh.Server.PublicMeshService..ctor(IMeshMachine meshMachine, ServiceConfiguration serviceConfiguration, HostConfiguration hostConfiguration)&#xD;
[xUnit.net 00:00:05.97]         C:\Users\hallam\Work\mmm\Testing\Goedel.Mesh.Test\TestEnvironmentCommon.cs(203,0): at Goedel.Mesh.Test.TestEnvironmentCommon.get_MeshService()&#xD;
[xUnit.net 00:00:05.97]         C:\Users\hallam\Work\mmm\Testing\Goedel.Mesh.Test\TestEnvironmentCommon.cs(222,0): at Goedel.Mesh.Test.TestEnvironmentCommon.GetMeshClient(MeshMachineTest meshMachineTest, ICredentialPrivate credential, String serviceId, String accountAddress)&#xD;
[xUnit.net 00:00:05.97]         C:\Users\hallam\Work\mmm\Testing\Goedel.Mesh.Test\MeshMachineTest.cs(88,0): at Goedel.Mesh.Test.MeshMachineTest.GetMeshClient(ICredentialPrivate credential, String service, String accountAddress)&#xD;
[xUnit.net 00:00:05.97]         C:\Users\hallam\Work\mmm\Mesh\Goedel.Mesh.Client\ContextUser.cs(243,0): at Goedel.Mesh.Client.ContextUser.SetService(String accountAddress)&#xD;
[xUnit.net 00:00:05.97]         C:\Users\hallam\Work\mmm\Mesh\Goedel.Mesh.Client\MeshHost.cs(269,0): at Goedel.Mesh.Client.MeshHost.ConfigureMesh(String accountAddress, String localName, PrivateKeyUDF accountSeed, ProfileDevice profileDevice, List`1 rights, Boolean create)&#xD;
[xUnit.net 00:00:05.97]         C:\Users\hallam\Work\mmm\Testing\Goedel.Mesh.Test\MeshMachineTest.cs(120,0): at Goedel.Mesh.Test.MeshMachineTest.GenerateAccountUser(TestEnvironmentCommon testEnvironmentCommon, String machineName, String accountAddress, String localName)&#xD;
[xUnit.net 00:00:05.97]         C:\Users\hallam\Work\mmm\Testing\Goedel.Mesh.Protocol.Test-xunit\MeshCredential.cs(160,0): at Goedel.XUnit.TestService.TestProfileFails(DataValidity dataValidity)&#xD;
[xUnit.net 00:00:05.83]       Goedel.Mesh.ServiceAdmin.HostNotFound : Configuration for the host ServiceConfig.json could not be found&#xD;
[xUnit.net 00:00:05.83]       Stack Trace:&#xD;
[xUnit.net 00:00:05.83]         C:\Users\hallam\Work\mmm\Mesh\Goedel.Mesh.ServiceAdmin\ServiceDescription.cs(135,0): at Goedel.Mesh.ServiceAdmin.Configuration.GetHostConfiguration(String id)&#xD;
[xUnit.net 00:00:05.83]         C:\Users\hallam\Work\mmm\Mesh\Goedel.Mesh.Shell.Host\ShellDispatch.cs(156,0): at Goedel.Mesh.Shell.Host.Shell.HostStart(HostStart Options)&#xD;
[xUnit.net 00:00:05.83]         C:\Users\hallam\Work\mmm\Mesh\Goedel.Mesh.Shell.Host\anyhost.cs(172,0): at Goedel.Mesh.Shell.Host.CommandLineInterpreter.Handle_HostStart(DispatchShell DispatchIn, String[] Args, Int32 Index)&#xD;
[xUnit.net 00:00:05.83]         C:\Users\hallam\Work\mmm\Libraries\Goedel.Command\Command.cs(224,0): at Goedel.Command.CommandLineInterpreterBase.Dispatcher(SortedDictionary`2 Entries, DescribeCommandEntry DefaultCommand, DispatchShell Dispatch, String[] Args, Int32 Index)&#xD;
[xUnit.net 00:00:05.83]         C:\Users\hallam\Work\mmm\Mesh\Goedel.Mesh.Shell.Host\anyhost.cs(161,0): at Goedel.Mesh.Shell.Host.CommandLineInterpreter.MainMethod(Shell Dispatch, String[] Args)&#xD;
[xUnit.net 00:00:05.83]         C:\Users\hallam\Work\mmm\Testing\Goedel.Mesh.Test\TestEnvironmentCommon.cs(121,0): at Goedel.Mesh.Test.TestEnvironmentRdpShell.Host(String command)&#xD;
[xUnit.net 00:00:05.83]         C:\Users\hallam\Work\mmm\Testing\Goedel.Mesh.Test\TestEnvironmentCommon.cs(90,0): at Goedel.Mesh.Test.TestEnvironmentRdpShell.StartService()&#xD;
[xUnit.net 00:00:05.83]         C:\Users\hallam\Work\mmm\Testing\Goedel.Mesh.Test\TestEnvironmentCommon.cs(102,0): at Goedel.Mesh.Test.TestEnvironmentRdpShell.GetMeshClient(MeshMachineTest meshMachineTest, ICredentialPrivate credential, String service, String accountAddress)&#xD;
[xUnit.net 00:00:05.83]         C:\Users\hallam\Work\mmm\Testing\Goedel.Mesh.Test\MeshMachineTest.cs(88,0): at Goedel.Mesh.Test.MeshMachineTest.GetMeshClient(ICredentialPrivate credential, String service, String accountAddress)&#xD;
[xUnit.net 00:00:05.83]         C:\Users\hallam\Work\mmm\Mesh\Goedel.Mesh.Client\ContextUser.cs(243,0): at Goedel.Mesh.Client.ContextUser.SetService(String accountAddress)&#xD;
[xUnit.net 00:00:05.83]         C:\Users\hallam\Work\mmm\Mesh\Goedel.Mesh.Client\MeshHost.cs(269,0): at Goedel.Mesh.Client.MeshHost.ConfigureMesh(String accountAddress, String localName, PrivateKeyUDF accountSeed, ProfileDevice profileDevice, List`1 rights, Boolean create)&#xD;
[xUnit.net 00:00:05.83]         C:\Users\hallam\Work\mmm\Mesh\Goedel.Mesh.Shell\DispatchAccount.cs(68,0): at Goedel.Mesh.Shell.Shell.AccountCreate(AccountCreate options)&#xD;
[xUnit.net 00:00:05.83]         C:\Users\hallam\Work\mmm\Mesh\Goedel.Mesh.Shell\meshman.cs(520,0): at Goedel.Mesh.Shell.CommandLineInterpreter.Handle_AccountCreate(DispatchShell DispatchIn, String[] Args, Int32 Index)&#xD;
[xUnit.net 00:00:05.83]         C:\Users\hallam\Work\mmm\Libraries\Goedel.Command\Command.cs(224,0): at Goedel.Command.CommandLineInterpreterBase.Dispatcher(SortedDictionary`2 Entries, DescribeCommandEntry DefaultCommand, DispatchShell Dispatch, String[] Args, Int32 Index)&#xD;
[xUnit.net 00:00:05.83]         C:\Users\hallam\Work\mmm\Libraries\Goedel.Command\Command.cs(228,0): at Goedel.Command.CommandLineInterpreterBase.Dispatcher(SortedDictionary`2 Entries, DescribeCommandEntry DefaultCommand, DispatchShell Dispatch, String[] Args, Int32 Index)&#xD;
[xUnit.net 00:00:05.83]         C:\Users\hallam\Work\mmm\Testing\Goedel.Mesh.Test\TestShell.cs(241,0): at Goedel.Mesh.Test.TestCLI.Dispatch(String command, Boolean fail)&#xD;
[xUnit.net 00:00:05.83]         C:\Users\hallam\Work\mmm\Testing\Goedel.Mesh.Shell.Test-xunit\TestMessage.cs(186,0): at Goedel.XUnit.ShellTests.MakeAccount(TestCLI device, String account)&#xD;
[xUnit.net 00:00:05.83]         C:\Users\hallam\Work\mmm\Testing\Goedel.Mesh.Shell.Test-xunit\TestMessage.cs(162,0): at Goedel.XUnit.ShellTests.TestMessageContactRemote()&#xD;
[xUnit.net 00:00:03.68]   Finished:    Goedel.Cryptography.Jose.Test-xunit&#xD;
[xUnit.net 00:00:01.23]   Starting:    Goedel.Cryptography.Dare.Test-xunit&#xD;
[xUnit.net 00:00:02.07]   Finished:    Goedel.Protocol.Test-xunit&#xD;
[xUnit.net 00:00:06.75]       System.NullReferenceException : Object reference not set to an instance of an object.&#xD;
[xUnit.net 00:00:06.75]       Stack Trace:&#xD;
[xUnit.net 00:00:06.75]         C:\Users\hallam\Work\mmm\Mesh\Goedel.Mesh.Server\MeshDispatch.cs(136,0): at Goedel.Mesh.Server.PublicMeshService..ctor(IMeshMachine meshMachine, ServiceConfiguration serviceConfiguration, HostConfiguration hostConfiguration)&#xD;
[xUnit.net 00:00:06.75]         C:\Users\hallam\Work\mmm\Testing\Goedel.Mesh.Test\TestEnvironmentCommon.cs(203,0): at Goedel.Mesh.Test.TestEnvironmentCommon.get_MeshService()&#xD;
[xUnit.net 00:00:06.75]         C:\Users\hallam\Work\mmm\Testing\Goedel.Mesh.Test\TestEnvironmentCommon.cs(222,0): at Goedel.Mesh.Test.TestEnvironmentCommon.GetMeshClient(MeshMachineTest meshMachineTest, ICredentialPrivate credential, String serviceId, String accountAddress)&#xD;
[xUnit.net 00:00:06.75]         C:\Users\hallam\Work\mmm\Testing\Goedel.Mesh.Test\MeshMachineTest.cs(88,0): at Goedel.Mesh.Test.MeshMachineTest.GetMeshClient(ICredentialPrivate credential, String service, String accountAddress)&#xD;
[xUnit.net 00:00:06.75]         C:\Users\hallam\Work\mmm\Mesh\Goedel.Mesh.Client\ContextUser.cs(243,0): at Goedel.Mesh.Client.ContextUser.SetService(String accountAddress)&#xD;
[xUnit.net 00:00:06.75]         C:\Users\hallam\Work\mmm\Mesh\Goedel.Mesh.Client\MeshHost.cs(269,0): at Goedel.Mesh.Client.MeshHost.ConfigureMesh(String accountAddress, String localName, PrivateKeyUDF accountSeed, ProfileDevice profileDevice, List`1 rights, Boolean create)&#xD;
[xUnit.net 00:00:06.75]         C:\Users\hallam\Work\mmm\Mesh\Goedel.Mesh.Shell\DispatchAccount.cs(68,0): at Goedel.Mesh.Shell.Shell.AccountCreate(AccountCreate options)&#xD;
[xUnit.net 00:00:06.75]         C:\Users\hallam\Work\mmm\Mesh\Goedel.Mesh.Shell\meshman.cs(520,0): at Goedel.Mesh.Shell.CommandLineInterpreter.Handle_AccountCreate(DispatchShell DispatchIn, String[] Args, Int32 Index)&#xD;
[xUnit.net 00:00:06.75]         C:\Users\hallam\Work\mmm\Libraries\Goedel.Command\Command.cs(224,0): at Goedel.Command.CommandLineInterpreterBase.Dispatcher(SortedDictionary`2 Entries, DescribeCommandEntry DefaultCommand, DispatchShell Dispatch, String[] Args, Int32 Index)&#xD;
[xUnit.net 00:00:06.75]         C:\Users\hallam\Work\mmm\Libraries\Goedel.Command\Command.cs(228,0): at Goedel.Command.CommandLineInterpreterBase.Dispatcher(SortedDictionary`2 Entries, DescribeCommandEntry DefaultCommand, DispatchShell Dispatch, String[] Args, Int32 Index)&#xD;
[xUnit.net 00:00:06.75]         C:\Users\hallam\Work\mmm\Testing\Goedel.Mesh.Test\TestShell.cs(241,0): at Goedel.Mesh.Test.TestCLI.Dispatch(String command, Boolean fail)&#xD;
[xUnit.net 00:00:06.75]         C:\Users\hallam\Work\mmm\Testing\Goedel.Mesh.Shell.Test-xunit\Base.cs(159,0): at Goedel.XUnit.ShellTests.Dispatch(String command, Boolean fail)&#xD;
[xUnit.net 00:00:06.75]         C:\Users\hallam\Work\mmm\Testing\Goedel.Mesh.Shell.Test-xunit\Base.cs(162,0): at Goedel.XUnit.ShellTests.CreateAccount(String account)&#xD;
[xUnit.net 00:00:06.75]         C:\Users\hallam\Work\mmm\Testing\Goedel.Mesh.Shell.Test-xunit\TestDare.cs(72,0): at Goedel.XUnit.ShellTests.TestFileSignEncrypt()&#xD;
[xUnit.net 00:00:08.33]       System.NullReferenceException : Object reference not set to an instance of an object.&#xD;
[xUnit.net 00:00:08.33]       Stack Trace:&#xD;
[xUnit.net 00:00:08.33]         C:\Users\hallam\Work\mmm\Mesh\Goedel.Mesh.Server\MeshDispatch.cs(136,0): at Goedel.Mesh.Server.PublicMeshService..ctor(IMeshMachine meshMachine, ServiceConfiguration serviceConfiguration, HostConfiguration hostConfiguration)&#xD;
[xUnit.net 00:00:08.33]         C:\Users\hallam\Work\mmm\Testing\Goedel.Mesh.Test\TestEnvironmentCommon.cs(203,0): at Goedel.Mesh.Test.TestEnvironmentCommon.get_MeshService()&#xD;
[xUnit.net 00:00:08.33]         C:\Users\hallam\Work\mmm\Testing\Goedel.Mesh.Test\TestEnvironmentCommon.cs(222,0): at Goedel.Mesh.Test.TestEnvironmentCommon.GetMeshClient(MeshMachineTest meshMachineTest, ICredentialPrivate credential, String serviceId, String accountAddress)&#xD;
[xUnit.net 00:00:08.33]         C:\Users\hallam\Work\mmm\Testing\Goedel.Mesh.Test\MeshMachineTest.cs(88,0): at Goedel.Mesh.Test.MeshMachineTest.GetMeshClient(ICredentialPrivate credential, String service, String accountAddress)&#xD;
[xUnit.net 00:00:08.33]         C:\Users\hallam\Work\mmm\Mesh\Goedel.Mesh.Client\ContextUser.cs(243,0): at Goedel.Mesh.Client.ContextUser.SetService(String accountAddress)&#xD;
[xUnit.net 00:00:08.33]         C:\Users\hallam\Work\mmm\Mesh\Goedel.Mesh.Client\MeshHost.cs(269,0): at Goedel.Mesh.Client.MeshHost.ConfigureMesh(String accountAddress, String localName, PrivateKeyUDF accountSeed, ProfileDevice profileDevice, List`1 rights, Boolean create)&#xD;
[xUnit.net 00:00:08.33]         C:\Users\hallam\Work\mmm\Testing\Goedel.Mesh.Test\MeshMachineTest.cs(120,0): at Goedel.Mesh.Test.MeshMachineTest.GenerateAccountUser(TestEnvironmentCommon testEnvironmentCommon, String machineName, String accountAddress, String localName)&#xD;
[xUnit.net 00:00:08.33]         C:\Users\hallam\Work\mmm\Testing\Goedel.Mesh.Protocol.Test-xunit\MeshCredential.cs(160,0): at Goedel.XUnit.TestService.TestProfileFails(DataValidity dataValidity)&#xD;
[xUnit.net 00:00:08.23]       System.NullReferenceException : Object reference not set to an instance of an object.&#xD;
[xUnit.net 00:00:08.23]       Stack Trace:&#xD;
[xUnit.net 00:00:08.23]         C:\Users\hallam\Work\mmm\Mesh\Goedel.Mesh.Server\MeshDispatch.cs(136,0): at Goedel.Mesh.Server.PublicMeshService..ctor(IMeshMachine meshMachine, ServiceConfiguration serviceConfiguration, HostConfiguration hostConfiguration)&#xD;
[xUnit.net 00:00:08.23]         C:\Users\hallam\Work\mmm\Testing\Goedel.Mesh.Test\TestEnvironmentCommon.cs(203,0): at Goedel.Mesh.Test.TestEnvironmentCommon.get_MeshService()&#xD;
[xUnit.net 00:00:08.23]         C:\Users\hallam\Work\mmm\Testing\Goedel.Mesh.Test\TestEnvironmentCommon.cs(222,0): at Goedel.Mesh.Test.TestEnvironmentCommon.GetMeshClient(MeshMachineTest meshMachineTest, ICredentialPrivate credential, String serviceId, String accountAddress)&#xD;
[xUnit.net 00:00:08.23]         C:\Users\hallam\Work\mmm\Testing\Goedel.Mesh.Test\MeshMachineTest.cs(88,0): at Goedel.Mesh.Test.MeshMachineTest.GetMeshClient(ICredentialPrivate credential, String service, String accountAddress)&#xD;
[xUnit.net 00:00:08.23]         C:\Users\hallam\Work\mmm\Mesh\Goedel.Mesh.Client\ContextUser.cs(243,0): at Goedel.Mesh.Client.ContextUser.SetService(String accountAddress)&#xD;
[xUnit.net 00:00:08.23]         C:\Users\hallam\Work\mmm\Mesh\Goedel.Mesh.Client\MeshHost.cs(269,0): at Goedel.Mesh.Client.MeshHost.ConfigureMesh(String accountAddress, String localName, PrivateKeyUDF accountSeed, ProfileDevice profileDevice, List`1 rights, Boolean create)&#xD;
[xUnit.net 00:00:08.23]         C:\Users\hallam\Work\mmm\Mesh\Goedel.Mesh.Shell\DispatchAccount.cs(68,0): at Goedel.Mesh.Shell.Shell.AccountCreate(AccountCreate options)&#xD;
[xUnit.net 00:00:08.23]         C:\Users\hallam\Work\mmm\Mesh\Goedel.Mesh.Shell\meshman.cs(520,0): at Goedel.Mesh.Shell.CommandLineInterpreter.Handle_AccountCreate(DispatchShell DispatchIn, String[] Args, Int32 Index)&#xD;
[xUnit.net 00:00:08.23]         C:\Users\hallam\Work\mmm\Libraries\Goedel.Command\Command.cs(224,0): at Goedel.Command.CommandLineInterpreterBase.Dispatcher(SortedDictionary`2 Entries, DescribeCommandEntry DefaultCommand, DispatchShell Dispatch, String[] Args, Int32 Index)&#xD;
[xUnit.net 00:00:08.23]         C:\Users\hallam\Work\mmm\Libraries\Goedel.Command\Command.cs(228,0): at Goedel.Command.CommandLineInterpreterBase.Dispatcher(SortedDictionary`2 Entries, DescribeCommandEntry DefaultCommand, DispatchShell Dispatch, String[] Args, Int32 Index)&#xD;
[xUnit.net 00:00:08.23]         C:\Users\hallam\Work\mmm\Testing\Goedel.Mesh.Test\TestShell.cs(241,0): at Goedel.Mesh.Test.TestCLI.Dispatch(String command, Boolean fail)&#xD;
[xUnit.net 00:00:08.23]         C:\Users\hallam\Work\mmm\Testing\Goedel.Mesh.Shell.Test-xunit\TestProfile.cs(169,0): at Goedel.XUnit.ShellTests.TestProfileConnectPinInvalid()&#xD;
[xUnit.net 00:00:08.33]       Goedel.Mesh.ServiceAdmin.HostNotFound : Configuration for the host ServiceConfig.json could not be found&#xD;
[xUnit.net 00:00:08.33]       Stack Trace:&#xD;
[xUnit.net 00:00:08.33]         C:\Users\hallam\Work\mmm\Mesh\Goedel.Mesh.ServiceAdmin\ServiceDescription.cs(135,0): at Goedel.Mesh.ServiceAdmin.Configuration.GetHostConfiguration(String id)&#xD;
[xUnit.net 00:00:08.33]         C:\Users\hallam\Work\mmm\Mesh\Goedel.Mesh.Shell.Host\ShellDispatch.cs(156,0): at Goedel.Mesh.Shell.Host.Shell.HostStart(HostStart Options)&#xD;
[xUnit.net 00:00:08.33]         C:\Users\hallam\Work\mmm\Mesh\Goedel.Mesh.Shell.Host\anyhost.cs(172,0): at Goedel.Mesh.Shell.Host.CommandLineInterpreter.Handle_HostStart(DispatchShell DispatchIn, String[] Args, Int32 Index)&#xD;
[xUnit.net 00:00:08.33]         C:\Users\hallam\Work\mmm\Libraries\Goedel.Command\Command.cs(224,0): at Goedel.Command.CommandLineInterpreterBase.Dispatcher(SortedDictionary`2 Entries, DescribeCommandEntry DefaultCommand, DispatchShell Dispatch, String[] Args, Int32 Index)&#xD;
[xUnit.net 00:00:08.33]         C:\Users\hallam\Work\mmm\Mesh\Goedel.Mesh.Shell.Host\anyhost.cs(161,0): at Goedel.Mesh.Shell.Host.CommandLineInterpreter.MainMethod(Shell Dispatch, String[] Args)&#xD;
[xUnit.net 00:00:08.33]         C:\Users\hallam\Work\mmm\Testing\Goedel.Mesh.Test\TestEnvironmentCommon.cs(121,0): at Goedel.Mesh.Test.TestEnvironmentRdpShell.Host(String command)&#xD;
[xUnit.net 00:00:08.33]         C:\Users\hallam\Work\mmm\Testing\Goedel.Mesh.Test\TestEnvironmentCommon.cs(90,0): at Goedel.Mesh.Test.TestEnvironmentRdpShell.StartService()&#xD;
[xUnit.net 00:00:08.33]         C:\Users\hallam\Work\mmm\Testing\Goedel.Mesh.Test\TestEnvironmentCommon.cs(102,0): at Goedel.Mesh.Test.TestEnvironmentRdpShell.GetMeshClient(MeshMachineTest meshMachineTest, ICredentialPrivate credential, String service, String accountAddress)&#xD;
[xUnit.net 00:00:08.33]         C:\Users\hallam\Work\mmm\Testing\Goedel.Mesh.Test\MeshMachineTest.cs(88,0): at Goedel.Mesh.Test.MeshMachineTest.GetMeshClient(ICredentialPrivate credential, String service, String accountAddress)&#xD;
[xUnit.net 00:00:08.33]         C:\Users\hallam\Work\mmm\Mesh\Goedel.Mesh.Client\ContextUser.cs(243,0): at Goedel.Mesh.Client.ContextUser.SetService(String accountAddress)&#xD;
[xUnit.net 00:00:08.33]         C:\Users\hallam\Work\mmm\Mesh\Goedel.Mesh.Client\MeshHost.cs(269,0): at Goedel.Mesh.Client.MeshHost.ConfigureMesh(String accountAddress, String localName, PrivateKeyUDF accountSeed, ProfileDevice profileDevice, List`1 rights, Boolean create)&#xD;
[xUnit.net 00:00:08.33]         C:\Users\hallam\Work\mmm\Mesh\Goedel.Mesh.Shell\DispatchAccount.cs(68,0): at Goedel.Mesh.Shell.Shell.AccountCreate(AccountCreate options)&#xD;
[xUnit.net 00:00:08.33]         C:\Users\hallam\Work\mmm\Mesh\Goedel.Mesh.Shell\meshman.cs(520,0): at Goedel.Mesh.Shell.CommandLineInterpreter.Handle_AccountCreate(DispatchShell DispatchIn, String[] Args, Int32 Index)&#xD;
[xUnit.net 00:00:08.33]         C:\Users\hallam\Work\mmm\Libraries\Goedel.Command\Command.cs(224,0): at Goedel.Command.CommandLineInterpreterBase.Dispatcher(SortedDictionary`2 Entries, DescribeCommandEntry DefaultCommand, DispatchShell Dispatch, String[] Args, Int32 Index)&#xD;
[xUnit.net 00:00:08.33]         C:\Users\hallam\Work\mmm\Libraries\Goedel.Command\Command.cs(228,0): at Goedel.Command.CommandLineInterpreterBase.Dispatcher(SortedDictionary`2 Entries, DescribeCommandEntry DefaultCommand, DispatchShell Dispatch, String[] Args, Int32 Index)&#xD;
[xUnit.net 00:00:08.33]         C:\Users\hallam\Work\mmm\Testing\Goedel.Mesh.Test\TestShell.cs(241,0): at Goedel.Mesh.Test.TestCLI.Dispatch(String command, Boolean fail)&#xD;
[xUnit.net 00:00:08.33]         C:\Users\hallam\Work\mmm\Testing\Goedel.Mesh.Shell.Test-xunit\Base.cs(159,0): at Goedel.XUnit.ShellTests.Dispatch(String command, Boolean fail)&#xD;
[xUnit.net 00:00:08.33]         C:\Users\hallam\Work\mmm\Testing\Goedel.Mesh.Shell.Test-xunit\Base.cs(162,0): at Goedel.XUnit.ShellTests.CreateAccount(String account)&#xD;
[xUnit.net 00:00:08.33]         C:\Users\hallam\Work\mmm\Testing\Goedel.Mesh.Shell.Test-xunit\TestDare.cs(53,0): at Goedel.XUnit.ShellTests.TestFileEncrypt()&#xD;
[xUnit.net 00:00:09.56]       System.NullReferenceException : Object reference not set to an instance of an object.&#xD;
[xUnit.net 00:00:09.56]       Stack Trace:&#xD;
[xUnit.net 00:00:09.56]         C:\Users\hallam\Work\mmm\Mesh\Goedel.Mesh.Server\MeshDispatch.cs(136,0): at Goedel.Mesh.Server.PublicMeshService..ctor(IMeshMachine meshMachine, ServiceConfiguration serviceConfiguration, HostConfiguration hostConfiguration)&#xD;
[xUnit.net 00:00:09.56]         C:\Users\hallam\Work\mmm\Testing\Goedel.Mesh.Test\TestEnvironmentCommon.cs(203,0): at Goedel.Mesh.Test.TestEnvironmentCommon.get_MeshService()&#xD;
[xUnit.net 00:00:09.56]         C:\Users\hallam\Work\mmm\Testing\Goedel.Mesh.Test\TestEnvironmentCommon.cs(222,0): at Goedel.Mesh.Test.TestEnvironmentCommon.GetMeshClient(MeshMachineTest meshMachineTest, ICredentialPrivate credential, String serviceId, String accountAddress)&#xD;
[xUnit.net 00:00:09.56]         C:\Users\hallam\Work\mmm\Testing\Goedel.Mesh.Test\MeshMachineTest.cs(88,0): at Goedel.Mesh.Test.MeshMachineTest.GetMeshClient(ICredentialPrivate credential, String service, String accountAddress)&#xD;
[xUnit.net 00:00:09.56]         C:\Users\hallam\Work\mmm\Mesh\Goedel.Mesh.Client\ContextUser.cs(243,0): at Goedel.Mesh.Client.ContextUser.SetService(String accountAddress)&#xD;
[xUnit.net 00:00:09.56]         C:\Users\hallam\Work\mmm\Mesh\Goedel.Mesh.Client\MeshHost.cs(269,0): at Goedel.Mesh.Client.MeshHost.ConfigureMesh(String accountAddress, String localName, PrivateKeyUDF accountSeed, ProfileDevice profileDevice, List`1 rights, Boolean create)&#xD;
[xUnit.net 00:00:09.56]         C:\Users\hallam\Work\mmm\Mesh\Goedel.Mesh.Shell\DispatchAccount.cs(68,0): at Goedel.Mesh.Shell.Shell.AccountCreate(AccountCreate options)&#xD;
[xUnit.net 00:00:09.56]         C:\Users\hallam\Work\mmm\Mesh\Goedel.Mesh.Shell\meshman.cs(520,0): at Goedel.Mesh.Shell.CommandLineInterpreter.Handle_AccountCreate(DispatchShell DispatchIn, String[] Args, Int32 Index)&#xD;
[xUnit.net 00:00:09.56]         C:\Users\hallam\Work\mmm\Libraries\Goedel.Command\Command.cs(224,0): at Goedel.Command.CommandLineInterpreterBase.Dispatcher(SortedDictionary`2 Entries, DescribeCommandEntry DefaultCommand, DispatchShell Dispatch, String[] Args, Int32 Index)&#xD;
[xUnit.net 00:00:09.56]         C:\Users\hallam\Work\mmm\Libraries\Goedel.Command\Command.cs(228,0): at Goedel.Command.CommandLineInterpreterBase.Dispatcher(SortedDictionary`2 Entries, DescribeCommandEntry DefaultCommand, DispatchShell Dispatch, String[] Args, Int32 Index)&#xD;
[xUnit.net 00:00:09.56]         C:\Users\hallam\Work\mmm\Testing\Goedel.Mesh.Test\TestShell.cs(241,0): at Goedel.Mesh.Test.TestCLI.Dispatch(String command, Boolean fail)&#xD;
[xUnit.net 00:00:09.56]         C:\Users\hallam\Work\mmm\Testing\Goedel.Mesh.Shell.Test-xunit\TestMessage.cs(246,0): at Goedel.XUnit.ShellTests.CreateMasterDevice(String name, String account)&#xD;
[xUnit.net 00:00:09.56]         C:\Users\hallam\Work\mmm\Testing\Goedel.Mesh.Shell.Test-xunit\TestMessage.cs(238,0): at Goedel.XUnit.ShellTests.CreateAlice(TestCLI&amp; device1, TestCLI&amp; device2)&#xD;
[xUnit.net 00:00:09.56]         C:\Users\hallam\Work\mmm\Testing\Goedel.Mesh.Shell.Test-xunit\TestMail.cs(39,0): at Goedel.XUnit.ShellTests.TestProfileMail()&#xD;
[xUnit.net 00:00:09.92]       System.NullReferenceException : Object reference not set to an instance of an object.&#xD;
[xUnit.net 00:00:09.92]       Stack Trace:&#xD;
[xUnit.net 00:00:09.92]         C:\Users\hallam\Work\mmm\Mesh\Goedel.Mesh.Server\MeshDispatch.cs(136,0): at Goedel.Mesh.Server.PublicMeshService..ctor(IMeshMachine meshMachine, ServiceConfiguration serviceConfiguration, HostConfiguration hostConfiguration)&#xD;
[xUnit.net 00:00:09.92]         C:\Users\hallam\Work\mmm\Testing\Goedel.Mesh.Test\TestEnvironmentCommon.cs(203,0): at Goedel.Mesh.Test.TestEnvironmentCommon.get_MeshService()&#xD;
[xUnit.net 00:00:09.92]         C:\Users\hallam\Work\mmm\Testing\Goedel.Mesh.Test\TestEnvironmentCommon.cs(222,0): at Goedel.Mesh.Test.TestEnvironmentCommon.GetMeshClient(MeshMachineTest meshMachineTest, ICredentialPrivate credential, String serviceId, String accountAddress)&#xD;
[xUnit.net 00:00:09.92]         C:\Users\hallam\Work\mmm\Testing\Goedel.Mesh.Test\MeshMachineTest.cs(88,0): at Goedel.Mesh.Test.MeshMachineTest.GetMeshClient(ICredentialPrivate credential, String service, String accountAddress)&#xD;
[xUnit.net 00:00:09.92]         C:\Users\hallam\Work\mmm\Mesh\Goedel.Mesh.Client\ContextUser.cs(243,0): at Goedel.Mesh.Client.ContextUser.SetService(String accountAddress)&#xD;
[xUnit.net 00:00:09.92]         C:\Users\hallam\Work\mmm\Mesh\Goedel.Mesh.Client\MeshHost.cs(269,0): at Goedel.Mesh.Client.MeshHost.ConfigureMesh(String accountAddress, String localName, PrivateKeyUDF accountSeed, ProfileDevice profileDevice, List`1 rights, Boolean create)&#xD;
[xUnit.net 00:00:09.92]         C:\Users\hallam\Work\mmm\Testing\Goedel.Mesh.Test\MeshMachineTest.cs(120,0): at Goedel.Mesh.Test.MeshMachineTest.GenerateAccountUser(TestEnvironmentCommon testEnvironmentCommon, String machineName, String accountAddress, String localName)&#xD;
[xUnit.net 00:00:09.92]         C:\Users\hallam\Work\mmm\Testing\Goedel.Mesh.Protocol.Test-xunit\MeshCredential.cs(160,0): at Goedel.XUnit.TestService.TestProfileFails(DataValidity dataValidity)&#xD;
[xUnit.net 00:00:10.63]       Goedel.Mesh.ServiceAdmin.HostNotFound : Configuration for the host ServiceConfig.json could not be found&#xD;
[xUnit.net 00:00:10.63]       Stack Trace:&#xD;
[xUnit.net 00:00:10.63]         C:\Users\hallam\Work\mmm\Mesh\Goedel.Mesh.ServiceAdmin\ServiceDescription.cs(135,0): at Goedel.Mesh.ServiceAdmin.Configuration.GetHostConfiguration(String id)&#xD;
[xUnit.net 00:00:10.63]         C:\Users\hallam\Work\mmm\Mesh\Goedel.Mesh.Shell.Host\ShellDispatch.cs(156,0): at Goedel.Mesh.Shell.Host.Shell.HostStart(HostStart Options)&#xD;
[xUnit.net 00:00:10.63]         C:\Users\hallam\Work\mmm\Mesh\Goedel.Mesh.Shell.Host\anyhost.cs(172,0): at Goedel.Mesh.Shell.Host.CommandLineInterpreter.Handle_HostStart(DispatchShell DispatchIn, String[] Args, Int32 Index)&#xD;
[xUnit.net 00:00:10.63]         C:\Users\hallam\Work\mmm\Libraries\Goedel.Command\Command.cs(224,0): at Goedel.Command.CommandLineInterpreterBase.Dispatcher(SortedDictionary`2 Entries, DescribeCommandEntry DefaultCommand, DispatchShell Dispatch, String[] Args, Int32 Index)&#xD;
[xUnit.net 00:00:10.63]         C:\Users\hallam\Work\mmm\Mesh\Goedel.Mesh.Shell.Host\anyhost.cs(161,0): at Goedel.Mesh.Shell.Host.CommandLineInterpreter.MainMethod(Shell Dispatch, String[] Args)&#xD;
[xUnit.net 00:00:10.63]         C:\Users\hallam\Work\mmm\Testing\Goedel.Mesh.Test\TestEnvironmentCommon.cs(121,0): at Goedel.Mesh.Test.TestEnvironmentRdpShell.Host(String command)&#xD;
[xUnit.net 00:00:10.63]         C:\Users\hallam\Work\mmm\Testing\Goedel.Mesh.Test\TestEnvironmentCommon.cs(90,0): at Goedel.Mesh.Test.TestEnvironmentRdpShell.StartService()&#xD;
[xUnit.net 00:00:10.63]         C:\Users\hallam\Work\mmm\Testing\Goedel.Mesh.Test\TestEnvironmentCommon.cs(102,0): at Goedel.Mesh.Test.TestEnvironmentRdpShell.GetMeshClient(MeshMachineTest meshMachineTest, ICredentialPrivate credential, String service, String accountAddress)&#xD;
[xUnit.net 00:00:10.63]         C:\Users\hallam\Work\mmm\Testing\Goedel.Mesh.Test\MeshMachineTest.cs(88,0): at Goedel.Mesh.Test.MeshMachineTest.GetMeshClient(ICredentialPrivate credential, String service, String accountAddress)&#xD;
[xUnit.net 00:00:10.63]         C:\Users\hallam\Work\mmm\Mesh\Goedel.Mesh.Client\ContextUser.cs(243,0): at Goedel.Mesh.Client.ContextUser.SetService(String accountAddress)&#xD;
[xUnit.net 00:00:10.63]         C:\Users\hallam\Work\mmm\Mesh\Goedel.Mesh.Client\MeshHost.cs(269,0): at Goedel.Mesh.Client.MeshHost.ConfigureMesh(String accountAddress, String localName, PrivateKeyUDF accountSeed, ProfileDevice profileDevice, List`1 rights, Boolean create)&#xD;
[xUnit.net 00:00:10.63]         C:\Users\hallam\Work\mmm\Mesh\Goedel.Mesh.Shell\DispatchAccount.cs(68,0): at Goedel.Mesh.Shell.Shell.AccountCreate(AccountCreate options)&#xD;
[xUnit.net 00:00:10.63]         C:\Users\hallam\Work\mmm\Mesh\Goedel.Mesh.Shell\meshman.cs(520,0): at Goedel.Mesh.Shell.CommandLineInterpreter.Handle_AccountCreate(DispatchShell DispatchIn, String[] Args, Int32 Index)&#xD;
[xUnit.net 00:00:10.63]         C:\Users\hallam\Work\mmm\Libraries\Goedel.Command\Command.cs(224,0): at Goedel.Command.CommandLineInterpreterBase.Dispatcher(SortedDictionary`2 Entries, DescribeCommandEntry DefaultCommand, DispatchShell Dispatch, String[] Args, Int32 Index)&#xD;
[xUnit.net 00:00:10.63]         C:\Users\hallam\Work\mmm\Libraries\Goedel.Command\Command.cs(228,0): at Goedel.Command.CommandLineInterpreterBase.Dispatcher(SortedDictionary`2 Entries, DescribeCommandEntry DefaultCommand, DispatchShell Dispatch, String[] Args, Int32 Index)&#xD;
[xUnit.net 00:00:10.63]         C:\Users\hallam\Work\mmm\Testing\Goedel.Mesh.Test\TestShell.cs(241,0): at Goedel.Mesh.Test.TestCLI.Dispatch(String command, Boolean fail)&#xD;
[xUnit.net 00:00:10.63]         C:\Users\hallam\Work\mmm\Testing\Goedel.Mesh.Shell.Test-xunit\Base.cs(159,0): at Goedel.XUnit.ShellTests.Dispatch(String command, Boolean fail)&#xD;
[xUnit.net 00:00:10.63]         C:\Users\hallam\Work\mmm\Testing\Goedel.Mesh.Shell.Test-xunit\Base.cs(162,0): at Goedel.XUnit.ShellTests.CreateAccount(String account)&#xD;
[xUnit.net 00:00:10.63]         C:\Users\hallam\Work\mmm\Testing\Goedel.Mesh.Shell.Test-xunit\TestDare.cs(137,0): at Goedel.XUnit.ShellTests.TestSequence(Int32 count, String encrypt, String sign, Boolean purge, Boolean index, String initial)&#xD;
[xUnit.net 00:00:10.63]         C:\Users\hallam\Work\mmm\Testing\Goedel.Mesh.Shell.Test-xunit\TestDare.cs(111,0): at Goedel.XUnit.ShellTests.TestArchive()&#xD;
[xUnit.net 00:00:10.84]       System.NullReferenceException : Object reference not set to an instance of an object.&#xD;
[xUnit.net 00:00:10.84]       Stack Trace:&#xD;
[xUnit.net 00:00:10.84]         C:\Users\hallam\Work\mmm\Mesh\Goedel.Mesh.Server\MeshDispatch.cs(136,0): at Goedel.Mesh.Server.PublicMeshService..ctor(IMeshMachine meshMachine, ServiceConfiguration serviceConfiguration, HostConfiguration hostConfiguration)&#xD;
[xUnit.net 00:00:10.84]         C:\Users\hallam\Work\mmm\Testing\Goedel.Mesh.Test\TestEnvironmentCommon.cs(203,0): at Goedel.Mesh.Test.TestEnvironmentCommon.get_MeshService()&#xD;
[xUnit.net 00:00:10.84]         C:\Users\hallam\Work\mmm\Testing\Goedel.Mesh.Test\TestEnvironmentCommon.cs(222,0): at Goedel.Mesh.Test.TestEnvironmentCommon.GetMeshClient(MeshMachineTest meshMachineTest, ICredentialPrivate credential, String serviceId, String accountAddress)&#xD;
[xUnit.net 00:00:10.84]         C:\Users\hallam\Work\mmm\Testing\Goedel.Mesh.Test\MeshMachineTest.cs(88,0): at Goedel.Mesh.Test.MeshMachineTest.GetMeshClient(ICredentialPrivate credential, String service, String accountAddress)&#xD;
[xUnit.net 00:00:10.84]         C:\Users\hallam\Work\mmm\Mesh\Goedel.Mesh.Client\ContextUser.cs(243,0): at Goedel.Mesh.Client.ContextUser.SetService(String accountAddress)&#xD;
[xUnit.net 00:00:10.84]         C:\Users\hallam\Work\mmm\Mesh\Goedel.Mesh.Client\MeshHost.cs(269,0): at Goedel.Mesh.Client.MeshHost.ConfigureMesh(String accountAddress, String localName, PrivateKeyUDF accountSeed, ProfileDevice profileDevice, List`1 rights, Boolean create)&#xD;
[xUnit.net 00:00:10.84]         C:\Users\hallam\Work\mmm\Mesh\Goedel.Mesh.Shell\DispatchAccount.cs(68,0): at Goedel.Mesh.Shell.Shell.AccountCreate(AccountCreate options)&#xD;
[xUnit.net 00:00:10.84]         C:\Users\hallam\Work\mmm\Mesh\Goedel.Mesh.Shell\meshman.cs(520,0): at Goedel.Mesh.Shell.CommandLineInterpreter.Handle_AccountCreate(DispatchShell DispatchIn, String[] Args, Int32 Index)&#xD;
[xUnit.net 00:00:10.84]         C:\Users\hallam\Work\mmm\Libraries\Goedel.Command\Command.cs(224,0): at Goedel.Command.CommandLineInterpreterBase.Dispatcher(SortedDictionary`2 Entries, DescribeCommandEntry DefaultCommand, DispatchShell Dispatch, String[] Args, Int32 Index)&#xD;
[xUnit.net 00:00:10.84]         C:\Users\hallam\Work\mmm\Libraries\Goedel.Command\Command.cs(228,0): at Goedel.Command.CommandLineInterpreterBase.Dispatcher(SortedDictionary`2 Entries, DescribeCommandEntry DefaultCommand, DispatchShell Dispatch, String[] Args, Int32 Index)&#xD;
[xUnit.net 00:00:10.84]         C:\Users\hallam\Work\mmm\Testing\Goedel.Mesh.Test\TestShell.cs(241,0): at Goedel.Mesh.Test.TestCLI.Dispatch(String command, Boolean fail)&#xD;
[xUnit.net 00:00:10.84]         C:\Users\hallam\Work\mmm\Testing\Goedel.Mesh.Shell.Test-xunit\TestProfile.cs(429,0): at Goedel.XUnit.ShellTests.TestAuthCreate(TestCLI device1, TestCLI device2, String auth)&#xD;
[xUnit.net 00:00:10.84]         C:\Users\hallam\Work\mmm\Testing\Goedel.Mesh.Shell.Test-xunit\TestProfile.cs(372,0): at Goedel.XUnit.ShellTests.TestCreateWeb()&#xD;
[xUnit.net 00:00:12.12]       System.NullReferenceException : Object reference not set to an instance of an object.&#xD;
[xUnit.net 00:00:12.12]       Stack Trace:&#xD;
[xUnit.net 00:00:12.12]         C:\Users\hallam\Work\mmm\Mesh\Goedel.Mesh.Server\MeshDispatch.cs(136,0): at Goedel.Mesh.Server.PublicMeshService..ctor(IMeshMachine meshMachine, ServiceConfiguration serviceConfiguration, HostConfiguration hostConfiguration)&#xD;
[xUnit.net 00:00:12.12]         C:\Users\hallam\Work\mmm\Testing\Goedel.Mesh.Test\TestEnvironmentCommon.cs(203,0): at Goedel.Mesh.Test.TestEnvironmentCommon.get_MeshService()&#xD;
[xUnit.net 00:00:12.12]         C:\Users\hallam\Work\mmm\Testing\Goedel.Mesh.Test\TestEnvironmentCommon.cs(222,0): at Goedel.Mesh.Test.TestEnvironmentCommon.GetMeshClient(MeshMachineTest meshMachineTest, ICredentialPrivate credential, String serviceId, String accountAddress)&#xD;
[xUnit.net 00:00:12.12]         C:\Users\hallam\Work\mmm\Testing\Goedel.Mesh.Test\MeshMachineTest.cs(88,0): at Goedel.Mesh.Test.MeshMachineTest.GetMeshClient(ICredentialPrivate credential, String service, String accountAddress)&#xD;
[xUnit.net 00:00:12.12]         C:\Users\hallam\Work\mmm\Mesh\Goedel.Mesh.Client\ContextUser.cs(243,0): at Goedel.Mesh.Client.ContextUser.SetService(String accountAddress)&#xD;
[xUnit.net 00:00:12.12]         C:\Users\hallam\Work\mmm\Mesh\Goedel.Mesh.Client\MeshHost.cs(269,0): at Goedel.Mesh.Client.MeshHost.ConfigureMesh(String accountAddress, String localName, PrivateKeyUDF accountSeed, ProfileDevice profileDevice, List`1 rights, Boolean create)&#xD;
[xUnit.net 00:00:12.12]         C:\Users\hallam\Work\mmm\Mesh\Goedel.Mesh.Shell\DispatchAccount.cs(68,0): at Goedel.Mesh.Shell.Shell.AccountCreate(AccountCreate options)&#xD;
[xUnit.net 00:00:12.12]         C:\Users\hallam\Work\mmm\Mesh\Goedel.Mesh.Shell\meshman.cs(520,0): at Goedel.Mesh.Shell.CommandLineInterpreter.Handle_AccountCreate(DispatchShell DispatchIn, String[] Args, Int32 Index)&#xD;
[xUnit.net 00:00:12.12]         C:\Users\hallam\Work\mmm\Libraries\Goedel.Command\Command.cs(224,0): at Goedel.Command.CommandLineInterpreterBase.Dispatcher(SortedDictionary`2 Entries, DescribeCommandEntry DefaultCommand, DispatchShell Dispatch, String[] Args, Int32 Index)&#xD;
[xUnit.net 00:00:12.12]         C:\Users\hallam\Work\mmm\Libraries\Goedel.Command\Command.cs(228,0): at Goedel.Command.CommandLineInterpreterBase.Dispatcher(SortedDictionary`2 Entries, DescribeCommandEntry DefaultCommand, DispatchShell Dispatch, String[] Args, Int32 Index)&#xD;
[xUnit.net 00:00:12.12]         C:\Users\hallam\Work\mmm\Testing\Goedel.Mesh.Test\TestShell.cs(241,0): at Goedel.Mesh.Test.TestCLI.Dispatch(String command, Boolean fail)&#xD;
[xUnit.net 00:00:12.12]         C:\Users\hallam\Work\mmm\Testing\Goedel.Mesh.Shell.Test-xunit\TestMessage.cs(186,0): at Goedel.XUnit.ShellTests.MakeAccount(TestCLI device, String account)&#xD;
[xUnit.net 00:00:12.12]         C:\Users\hallam\Work\mmm\Testing\Goedel.Mesh.Shell.Test-xunit\TestMessage.cs(104,0): at Goedel.XUnit.ShellTests.TestMessageContactBusinessCardReject()&#xD;
[xUnit.net 00:00:12.77]       Goedel.Mesh.ServiceAdmin.HostNotFound : Configuration for the host ServiceConfig.json could not be found&#xD;
[xUnit.net 00:00:12.77]       Stack Trace:&#xD;
[xUnit.net 00:00:12.77]         C:\Users\hallam\Work\mmm\Mesh\Goedel.Mesh.ServiceAdmin\ServiceDescription.cs(135,0): at Goedel.Mesh.ServiceAdmin.Configuration.GetHostConfiguration(String id)&#xD;
[xUnit.net 00:00:12.77]         C:\Users\hallam\Work\mmm\Mesh\Goedel.Mesh.Shell.Host\ShellDispatch.cs(156,0): at Goedel.Mesh.Shell.Host.Shell.HostStart(HostStart Options)&#xD;
[xUnit.net 00:00:12.77]         C:\Users\hallam\Work\mmm\Mesh\Goedel.Mesh.Shell.Host\anyhost.cs(172,0): at Goedel.Mesh.Shell.Host.CommandLineInterpreter.Handle_HostStart(DispatchShell DispatchIn, String[] Args, Int32 Index)&#xD;
[xUnit.net 00:00:12.77]         C:\Users\hallam\Work\mmm\Libraries\Goedel.Command\Command.cs(224,0): at Goedel.Command.CommandLineInterpreterBase.Dispatcher(SortedDictionary`2 Entries, DescribeCommandEntry DefaultCommand, DispatchShell Dispatch, String[] Args, Int32 Index)&#xD;
[xUnit.net 00:00:12.77]         C:\Users\hallam\Work\mmm\Mesh\Goedel.Mesh.Shell.Host\anyhost.cs(161,0): at Goedel.Mesh.Shell.Host.CommandLineInterpreter.MainMethod(Shell Dispatch, String[] Args)&#xD;
[xUnit.net 00:00:12.77]         C:\Users\hallam\Work\mmm\Testing\Goedel.Mesh.Test\TestEnvironmentCommon.cs(121,0): at Goedel.Mesh.Test.TestEnvironmentRdpShell.Host(String command)&#xD;
[xUnit.net 00:00:12.77]         C:\Users\hallam\Work\mmm\Testing\Goedel.Mesh.Test\TestEnvironmentCommon.cs(90,0): at Goedel.Mesh.Test.TestEnvironmentRdpShell.StartService()&#xD;
[xUnit.net 00:00:12.77]         C:\Users\hallam\Work\mmm\Testing\Goedel.Mesh.Test\TestEnvironmentCommon.cs(102,0): at Goedel.Mesh.Test.TestEnvironmentRdpShell.GetMeshClient(MeshMachineTest meshMachineTest, ICredentialPrivate credential, String service, String accountAddress)&#xD;
[xUnit.net 00:00:12.77]         C:\Users\hallam\Work\mmm\Testing\Goedel.Mesh.Test\MeshMachineTest.cs(88,0): at Goedel.Mesh.Test.MeshMachineTest.GetMeshClient(ICredentialPrivate credential, String service, String accountAddress)&#xD;
[xUnit.net 00:00:12.77]         C:\Users\hallam\Work\mmm\Mesh\Goedel.Mesh.Client\ContextUser.cs(243,0): at Goedel.Mesh.Client.ContextUser.SetService(String accountAddress)&#xD;
[xUnit.net 00:00:12.77]         C:\Users\hallam\Work\mmm\Mesh\Goedel.Mesh.Client\MeshHost.cs(269,0): at Goedel.Mesh.Client.MeshHost.ConfigureMesh(String accountAddress, String localName, PrivateKeyUDF accountSeed, ProfileDevice profileDevice, List`1 rights, Boolean create)&#xD;
[xUnit.net 00:00:12.77]         C:\Users\hallam\Work\mmm\Mesh\Goedel.Mesh.Shell\DispatchAccount.cs(68,0): at Goedel.Mesh.Shell.Shell.AccountCreate(AccountCreate options)&#xD;
[xUnit.net 00:00:12.77]         C:\Users\hallam\Work\mmm\Mesh\Goedel.Mesh.Shell\meshman.cs(520,0): at Goedel.Mesh.Shell.CommandLineInterpreter.Handle_AccountCreate(DispatchShell DispatchIn, String[] Args, Int32 Index)&#xD;
[xUnit.net 00:00:12.77]         C:\Users\hallam\Work\mmm\Libraries\Goedel.Command\Command.cs(224,0): at Goedel.Command.CommandLineInterpreterBase.Dispatcher(SortedDictionary`2 Entries, DescribeCommandEntry DefaultCommand, DispatchShell Dispatch, String[] Args, Int32 Index)&#xD;
[xUnit.net 00:00:12.77]         C:\Users\hallam\Work\mmm\Libraries\Goedel.Command\Command.cs(228,0): at Goedel.Command.CommandLineInterpreterBase.Dispatcher(SortedDictionary`2 Entries, DescribeCommandEntry DefaultCommand, DispatchShell Dispatch, String[] Args, Int32 Index)&#xD;
[xUnit.net 00:00:12.77]         C:\Users\hallam\Work\mmm\Testing\Goedel.Mesh.Test\TestShell.cs(241,0): at Goedel.Mesh.Test.TestCLI.Dispatch(String command, Boolean fail)&#xD;
[xUnit.net 00:00:12.77]         C:\Users\hallam\Work\mmm\Testing\Goedel.Mesh.Shell.Test-xunit\TestMessage.cs(186,0): at Goedel.XUnit.ShellTests.MakeAccount(TestCLI device, String account)&#xD;
[xUnit.net 00:00:12.77]         C:\Users\hallam\Work\mmm\Testing\Goedel.Mesh.Shell.Test-xunit\TestMessage.cs(264,0): at Goedel.XUnit.ShellTests.CreateAliceBob(TestCLI&amp; deviceA, TestCLI&amp; deviceB)&#xD;
[xUnit.net 00:00:12.77]         C:\Users\hallam\Work\mmm\Testing\Goedel.Mesh.Shell.Test-xunit\TestMessage.cs(338,0): at Goedel.XUnit.ShellTests.TestMessageConfirmationReject()&#xD;
[xUnit.net 00:00:13.03]       System.NullReferenceException : Object reference not set to an instance of an object.&#xD;
[xUnit.net 00:00:13.03]       Stack Trace:&#xD;
[xUnit.net 00:00:13.03]         C:\Users\hallam\Work\mmm\Mesh\Goedel.Mesh.Server\MeshDispatch.cs(136,0): at Goedel.Mesh.Server.PublicMeshService..ctor(IMeshMachine meshMachine, ServiceConfiguration serviceConfiguration, HostConfiguration hostConfiguration)&#xD;
[xUnit.net 00:00:13.03]         C:\Users\hallam\Work\mmm\Testing\Goedel.Mesh.Test\TestEnvironmentCommon.cs(203,0): at Goedel.Mesh.Test.TestEnvironmentCommon.get_MeshService()&#xD;
[xUnit.net 00:00:13.03]         C:\Users\hallam\Work\mmm\Testing\Goedel.Mesh.Test\TestEnvironmentCommon.cs(222,0): at Goedel.Mesh.Test.TestEnvironmentCommon.GetMeshClient(MeshMachineTest meshMachineTest, ICredentialPrivate credential, String serviceId, String accountAddress)&#xD;
[xUnit.net 00:00:13.03]         C:\Users\hallam\Work\mmm\Testing\Goedel.Mesh.Test\MeshMachineTest.cs(88,0): at Goedel.Mesh.Test.MeshMachineTest.GetMeshClient(ICredentialPrivate credential, String service, String accountAddress)&#xD;
[xUnit.net 00:00:13.03]         C:\Users\hallam\Work\mmm\Mesh\Goedel.Mesh.Client\ContextUser.cs(243,0): at Goedel.Mesh.Client.ContextUser.SetService(String accountAddress)&#xD;
[xUnit.net 00:00:13.03]         C:\Users\hallam\Work\mmm\Mesh\Goedel.Mesh.Client\MeshHost.cs(269,0): at Goedel.Mesh.Client.MeshHost.ConfigureMesh(String accountAddress, String localName, PrivateKeyUDF accountSeed, ProfileDevice profileDevice, List`1 rights, Boolean create)&#xD;
[xUnit.net 00:00:13.03]         C:\Users\hallam\Work\mmm\Testing\Goedel.Mesh.Test\MeshMachineTest.cs(120,0): at Goedel.Mesh.Test.MeshMachineTest.GenerateAccountUser(TestEnvironmentCommon testEnvironmentCommon, String machineName, String accountAddress, String localName)&#xD;
[xUnit.net 00:00:13.03]         C:\Users\hallam\Work\mmm\Testing\Goedel.Mesh.Protocol.Test-xunit\TestService.cs(466,0): at Goedel.XUnit.TestService.MeshCatalogAccount()&#xD;
[xUnit.net 00:00:13.49]       System.NullReferenceException : Object reference not set to an instance of an object.&#xD;
[xUnit.net 00:00:13.49]       Stack Trace:&#xD;
[xUnit.net 00:00:13.49]         C:\Users\hallam\Work\mmm\Mesh\Goedel.Mesh.Server\MeshDispatch.cs(136,0): at Goedel.Mesh.Server.PublicMeshService..ctor(IMeshMachine meshMachine, ServiceConfiguration serviceConfiguration, HostConfiguration hostConfiguration)&#xD;
[xUnit.net 00:00:13.49]         C:\Users\hallam\Work\mmm\Testing\Goedel.Mesh.Test\TestEnvironmentCommon.cs(203,0): at Goedel.Mesh.Test.TestEnvironmentCommon.get_MeshService()&#xD;
[xUnit.net 00:00:13.49]         C:\Users\hallam\Work\mmm\Testing\Goedel.Mesh.Test\TestEnvironmentCommon.cs(222,0): at Goedel.Mesh.Test.TestEnvironmentCommon.GetMeshClient(MeshMachineTest meshMachineTest, ICredentialPrivate credential, String serviceId, String accountAddress)&#xD;
[xUnit.net 00:00:13.49]         C:\Users\hallam\Work\mmm\Testing\Goedel.Mesh.Test\MeshMachineTest.cs(88,0): at Goedel.Mesh.Test.MeshMachineTest.GetMeshClient(ICredentialPrivate credential, String service, String accountAddress)&#xD;
[xUnit.net 00:00:13.49]         C:\Users\hallam\Work\mmm\Mesh\Goedel.Mesh.Client\ContextUser.cs(243,0): at Goedel.Mesh.Client.ContextUser.SetService(String accountAddress)&#xD;
[xUnit.net 00:00:13.49]         C:\Users\hallam\Work\mmm\Mesh\Goedel.Mesh.Client\MeshHost.cs(269,0): at Goedel.Mesh.Client.MeshHost.ConfigureMesh(String accountAddress, String localName, PrivateKeyUDF accountSeed, ProfileDevice profileDevice, List`1 rights, Boolean create)&#xD;
[xUnit.net 00:00:13.49]         C:\Users\hallam\Work\mmm\Mesh\Goedel.Mesh.Shell\DispatchAccount.cs(68,0): at Goedel.Mesh.Shell.Shell.AccountCreate(AccountCreate options)&#xD;
[xUnit.net 00:00:13.49]         C:\Users\hallam\Work\mmm\Mesh\Goedel.Mesh.Shell\meshman.cs(520,0): at Goedel.Mesh.Shell.CommandLineInterpreter.Handle_AccountCreate(DispatchShell DispatchIn, String[] Args, Int32 Index)&#xD;
[xUnit.net 00:00:13.49]         C:\Users\hallam\Work\mmm\Libraries\Goedel.Command\Command.cs(224,0): at Goedel.Command.CommandLineInterpreterBase.Dispatcher(SortedDictionary`2 Entries, DescribeCommandEntry DefaultCommand, DispatchShell Dispatch, String[] Args, Int32 Index)&#xD;
[xUnit.net 00:00:13.49]         C:\Users\hallam\Work\mmm\Libraries\Goedel.Command\Command.cs(228,0): at Goedel.Command.CommandLineInterpreterBase.Dispatcher(SortedDictionary`2 Entries, DescribeCommandEntry DefaultCommand, DispatchShell Dispatch, String[] Args, Int32 Index)&#xD;
[xUnit.net 00:00:13.49]         C:\Users\hallam\Work\mmm\Testing\Goedel.Mesh.Test\TestShell.cs(241,0): at Goedel.Mesh.Test.TestCLI.Dispatch(String command, Boolean fail)&#xD;
[xUnit.net 00:00:13.49]         C:\Users\hallam\Work\mmm\Testing\Goedel.Mesh.Shell.Test-xunit\Base.cs(159,0): at Goedel.XUnit.ShellTests.Dispatch(String command, Boolean fail)&#xD;
[xUnit.net 00:00:13.49]         C:\Users\hallam\Work\mmm\Testing\Goedel.Mesh.Shell.Test-xunit\Base.cs(162,0): at Goedel.XUnit.ShellTests.CreateAccount(String account)&#xD;
[xUnit.net 00:00:13.49]         C:\Users\hallam\Work\mmm\Testing\Goedel.Mesh.Shell.Test-xunit\TestDare.cs(53,0): at Goedel.XUnit.ShellTests.TestFileEncrypt()&#xD;
[xUnit.net 00:00:14.74]       System.NullReferenceException : Object reference not set to an instance of an object.&#xD;
[xUnit.net 00:00:14.74]       Stack Trace:&#xD;
[xUnit.net 00:00:14.74]         C:\Users\hallam\Work\mmm\Mesh\Goedel.Mesh.Server\MeshDispatch.cs(136,0): at Goedel.Mesh.Server.PublicMeshService..ctor(IMeshMachine meshMachine, ServiceConfiguration serviceConfiguration, HostConfiguration hostConfiguration)&#xD;
[xUnit.net 00:00:14.74]         C:\Users\hallam\Work\mmm\Testing\Goedel.Mesh.Test\TestEnvironmentCommon.cs(203,0): at Goedel.Mesh.Test.TestEnvironmentCommon.get_MeshService()&#xD;
[xUnit.net 00:00:14.74]         C:\Users\hallam\Work\mmm\Testing\Goedel.Mesh.Test\TestEnvironmentCommon.cs(222,0): at Goedel.Mesh.Test.TestEnvironmentCommon.GetMeshClient(MeshMachineTest meshMachineTest, ICredentialPrivate credential, String serviceId, String accountAddress)&#xD;
[xUnit.net 00:00:14.74]         C:\Users\hallam\Work\mmm\Testing\Goedel.Mesh.Test\MeshMachineTest.cs(88,0): at Goedel.Mesh.Test.MeshMachineTest.GetMeshClient(ICredentialPrivate credential, String service, String accountAddress)&#xD;
[xUnit.net 00:00:14.74]         C:\Users\hallam\Work\mmm\Mesh\Goedel.Mesh.Client\ContextUser.cs(243,0): at Goedel.Mesh.Client.ContextUser.SetService(String accountAddress)&#xD;
[xUnit.net 00:00:14.74]         C:\Users\hallam\Work\mmm\Mesh\Goedel.Mesh.Client\MeshHost.cs(269,0): at Goedel.Mesh.Client.MeshHost.ConfigureMesh(String accountAddress, String localName, PrivateKeyUDF accountSeed, ProfileDevice profileDevice, List`1 rights, Boolean create)&#xD;
[xUnit.net 00:00:14.74]         C:\Users\hallam\Work\mmm\Mesh\Goedel.Mesh.Shell\DispatchAccount.cs(68,0): at Goedel.Mesh.Shell.Shell.AccountCreate(AccountCreate options)&#xD;
[xUnit.net 00:00:14.74]         C:\Users\hallam\Work\mmm\Mesh\Goedel.Mesh.Shell\meshman.cs(520,0): at Goedel.Mesh.Shell.CommandLineInterpreter.Handle_AccountCreate(DispatchShell DispatchIn, String[] Args, Int32 Index)&#xD;
[xUnit.net 00:00:14.74]         C:\Users\hallam\Work\mmm\Libraries\Goedel.Command\Command.cs(224,0): at Goedel.Command.CommandLineInterpreterBase.Dispatcher(SortedDictionary`2 Entries, DescribeCommandEntry DefaultCommand, DispatchShell Dispatch, String[] Args, Int32 Index)&#xD;
[xUnit.net 00:00:14.74]         C:\Users\hallam\Work\mmm\Libraries\Goedel.Command\Command.cs(228,0): at Goedel.Command.CommandLineInterpreterBase.Dispatcher(SortedDictionary`2 Entries, DescribeCommandEntry DefaultCommand, DispatchShell Dispatch, String[] Args, Int32 Index)&#xD;
[xUnit.net 00:00:14.74]         C:\Users\hallam\Work\mmm\Testing\Goedel.Mesh.Test\TestShell.cs(241,0): at Goedel.Mesh.Test.TestCLI.Dispatch(String command, Boolean fail)&#xD;
[xUnit.net 00:00:14.74]         C:\Users\hallam\Work\mmm\Testing\Goedel.Mesh.Shell.Test-xunit\TestProfile.cs(127,0): at Goedel.XUnit.ShellTests.TestProfileConnectPin()&#xD;
[xUnit.net 00:00:14.93]       Goedel.Mesh.ServiceAdmin.HostNotFound : Configuration for the host ServiceConfig.json could not be found&#xD;
[xUnit.net 00:00:14.93]       Stack Trace:&#xD;
[xUnit.net 00:00:14.93]         C:\Users\hallam\Work\mmm\Mesh\Goedel.Mesh.ServiceAdmin\ServiceDescription.cs(135,0): at Goedel.Mesh.ServiceAdmin.Configuration.GetHostConfiguration(String id)&#xD;
[xUnit.net 00:00:14.93]         C:\Users\hallam\Work\mmm\Mesh\Goedel.Mesh.Shell.Host\ShellDispatch.cs(156,0): at Goedel.Mesh.Shell.Host.Shell.HostStart(HostStart Options)&#xD;
[xUnit.net 00:00:14.93]         C:\Users\hallam\Work\mmm\Mesh\Goedel.Mesh.Shell.Host\anyhost.cs(172,0): at Goedel.Mesh.Shell.Host.CommandLineInterpreter.Handle_HostStart(DispatchShell DispatchIn, String[] Args, Int32 Index)&#xD;
[xUnit.net 00:00:14.93]         C:\Users\hallam\Work\mmm\Libraries\Goedel.Command\Command.cs(224,0): at Goedel.Command.CommandLineInterpreterBase.Dispatcher(SortedDictionary`2 Entries, DescribeCommandEntry DefaultCommand, DispatchShell Dispatch, String[] Args, Int32 Index)&#xD;
[xUnit.net 00:00:14.93]         C:\Users\hallam\Work\mmm\Mesh\Goedel.Mesh.Shell.Host\anyhost.cs(161,0): at Goedel.Mesh.Shell.Host.CommandLineInterpreter.MainMethod(Shell Dispatch, String[] Args)&#xD;
[xUnit.net 00:00:14.93]         C:\Users\hallam\Work\mmm\Testing\Goedel.Mesh.Test\TestEnvironmentCommon.cs(121,0): at Goedel.Mesh.Test.TestEnvironmentRdpShell.Host(String command)&#xD;
[xUnit.net 00:00:14.93]         C:\Users\hallam\Work\mmm\Testing\Goedel.Mesh.Test\TestEnvironmentCommon.cs(90,0): at Goedel.Mesh.Test.TestEnvironmentRdpShell.StartService()&#xD;
[xUnit.net 00:00:14.93]         C:\Users\hallam\Work\mmm\Testing\Goedel.Mesh.Test\TestEnvironmentCommon.cs(102,0): at Goedel.Mesh.Test.TestEnvironmentRdpShell.GetMeshClient(MeshMachineTest meshMachineTest, ICredentialPrivate credential, String service, String accountAddress)&#xD;
[xUnit.net 00:00:14.93]         C:\Users\hallam\Work\mmm\Testing\Goedel.Mesh.Test\MeshMachineTest.cs(88,0): at Goedel.Mesh.Test.MeshMachineTest.GetMeshClient(ICredentialPrivate credential, String service, String accountAddress)&#xD;
[xUnit.net 00:00:14.93]         C:\Users\hallam\Work\mmm\Mesh\Goedel.Mesh.Client\ContextUser.cs(243,0): at Goedel.Mesh.Client.ContextUser.SetService(String accountAddress)&#xD;
[xUnit.net 00:00:14.93]         C:\Users\hallam\Work\mmm\Mesh\Goedel.Mesh.Client\MeshHost.cs(269,0): at Goedel.Mesh.Client.MeshHost.ConfigureMesh(String accountAddress, String localName, PrivateKeyUDF accountSeed, ProfileDevice profileDevice, List`1 rights, Boolean create)&#xD;
[xUnit.net 00:00:14.93]         C:\Users\hallam\Work\mmm\Mesh\Goedel.Mesh.Shell\DispatchAccount.cs(68,0): at Goedel.Mesh.Shell.Shell.AccountCreate(AccountCreate options)&#xD;
[xUnit.net 00:00:14.93]         C:\Users\hallam\Work\mmm\Mesh\Goedel.Mesh.Shell\meshman.cs(520,0): at Goedel.Mesh.Shell.CommandLineInterpreter.Handle_AccountCreate(DispatchShell DispatchIn, String[] Args, Int32 Index)&#xD;
[xUnit.net 00:00:14.93]         C:\Users\hallam\Work\mmm\Libraries\Goedel.Command\Command.cs(224,0): at Goedel.Command.CommandLineInterpreterBase.Dispatcher(SortedDictionary`2 Entries, DescribeCommandEntry DefaultCommand, DispatchShell Dispatch, String[] Args, Int32 Index)&#xD;
[xUnit.net 00:00:14.93]         C:\Users\hallam\Work\mmm\Libraries\Goedel.Command\Command.cs(228,0): at Goedel.Command.CommandLineInterpreterBase.Dispatcher(SortedDictionary`2 Entries, DescribeCommandEntry DefaultCommand, DispatchShell Dispatch, String[] Args, Int32 Index)&#xD;
[xUnit.net 00:00:14.93]         C:\Users\hallam\Work\mmm\Testing\Goedel.Mesh.Test\TestShell.cs(241,0): at Goedel.Mesh.Test.TestCLI.Dispatch(String command, Boolean fail)&#xD;
[xUnit.net 00:00:14.93]         C:\Users\hallam\Work\mmm\Testing\Goedel.Mesh.Shell.Test-xunit\Base.cs(159,0): at Goedel.XUnit.ShellTests.Dispatch(String command, Boolean fail)&#xD;
[xUnit.net 00:00:14.93]         C:\Users\hallam\Work\mmm\Testing\Goedel.Mesh.Shell.Test-xunit\Base.cs(162,0): at Goedel.XUnit.ShellTests.CreateAccount(String account)&#xD;
[xUnit.net 00:00:14.93]         C:\Users\hallam\Work\mmm\Testing\Goedel.Mesh.Shell.Test-xunit\TestCatalog.cs(150,0): at Goedel.XUnit.ShellTests.TestProfileBookmark()&#xD;
[xUnit.net 00:00:15.97]       System.NullReferenceException : Object reference not set to an instance of an object.&#xD;
[xUnit.net 00:00:15.97]       Stack Trace:&#xD;
[xUnit.net 00:00:15.97]         C:\Users\hallam\Work\mmm\Mesh\Goedel.Mesh.Server\MeshDispatch.cs(136,0): at Goedel.Mesh.Server.PublicMeshService..ctor(IMeshMachine meshMachine, ServiceConfiguration serviceConfiguration, HostConfiguration hostConfiguration)&#xD;
[xUnit.net 00:00:15.97]         C:\Users\hallam\Work\mmm\Testing\Goedel.Mesh.Test\TestEnvironmentCommon.cs(203,0): at Goedel.Mesh.Test.TestEnvironmentCommon.get_MeshService()&#xD;
[xUnit.net 00:00:15.97]         C:\Users\hallam\Work\mmm\Testing\Goedel.Mesh.Test\TestEnvironmentCommon.cs(222,0): at Goedel.Mesh.Test.TestEnvironmentCommon.GetMeshClient(MeshMachineTest meshMachineTest, ICredentialPrivate credential, String serviceId, String accountAddress)&#xD;
[xUnit.net 00:00:15.97]         C:\Users\hallam\Work\mmm\Testing\Goedel.Mesh.Test\MeshMachineTest.cs(88,0): at Goedel.Mesh.Test.MeshMachineTest.GetMeshClient(ICredentialPrivate credential, String service, String accountAddress)&#xD;
[xUnit.net 00:00:15.97]         C:\Users\hallam\Work\mmm\Mesh\Goedel.Mesh.Client\ContextUser.cs(243,0): at Goedel.Mesh.Client.ContextUser.SetService(String accountAddress)&#xD;
[xUnit.net 00:00:15.97]         C:\Users\hallam\Work\mmm\Mesh\Goedel.Mesh.Client\MeshHost.cs(269,0): at Goedel.Mesh.Client.MeshHost.ConfigureMesh(String accountAddress, String localName, PrivateKeyUDF accountSeed, ProfileDevice profileDevice, List`1 rights, Boolean create)&#xD;
[xUnit.net 00:00:15.97]         C:\Users\hallam\Work\mmm\Mesh\Goedel.Mesh.Shell\DispatchAccount.cs(68,0): at Goedel.Mesh.Shell.Shell.AccountCreate(AccountCreate options)&#xD;
[xUnit.net 00:00:15.97]         C:\Users\hallam\Work\mmm\Mesh\Goedel.Mesh.Shell\meshman.cs(520,0): at Goedel.Mesh.Shell.CommandLineInterpreter.Handle_AccountCreate(DispatchShell DispatchIn, String[] Args, Int32 Index)&#xD;
[xUnit.net 00:00:15.97]         C:\Users\hallam\Work\mmm\Libraries\Goedel.Command\Command.cs(224,0): at Goedel.Command.CommandLineInterpreterBase.Dispatcher(SortedDictionary`2 Entries, DescribeCommandEntry DefaultCommand, DispatchShell Dispatch, String[] Args, Int32 Index)&#xD;
[xUnit.net 00:00:15.97]         C:\Users\hallam\Work\mmm\Libraries\Goedel.Command\Command.cs(228,0): at Goedel.Command.CommandLineInterpreterBase.Dispatcher(SortedDictionary`2 Entries, DescribeCommandEntry DefaultCommand, DispatchShell Dispatch, String[] Args, Int32 Index)&#xD;
[xUnit.net 00:00:15.97]         C:\Users\hallam\Work\mmm\Testing\Goedel.Mesh.Test\TestShell.cs(241,0): at Goedel.Mesh.Test.TestCLI.Dispatch(String command, Boolean fail)&#xD;
[xUnit.net 00:00:15.97]         C:\Users\hallam\Work\mmm\Testing\Goedel.Mesh.Shell.Test-xunit\TestAccount.cs(161,0): at Goedel.XUnit.ShellTests.TestAccountDelete()&#xD;
[xUnit.net 00:00:11.25]   Finished:    Goedel.Cryptography.Dare.Test-xunit&#xD;
[xUnit.net 00:00:16.93]       Goedel.Mesh.ServiceAdmin.HostNotFound : Configuration for the host ServiceConfig.json could not be found&#xD;
[xUnit.net 00:00:16.93]       Stack Trace:&#xD;
[xUnit.net 00:00:16.93]         C:\Users\hallam\Work\mmm\Mesh\Goedel.Mesh.ServiceAdmin\ServiceDescription.cs(135,0): at Goedel.Mesh.ServiceAdmin.Configuration.GetHostConfiguration(String id)&#xD;
[xUnit.net 00:00:16.93]         C:\Users\hallam\Work\mmm\Mesh\Goedel.Mesh.Shell.Host\ShellDispatch.cs(156,0): at Goedel.Mesh.Shell.Host.Shell.HostStart(HostStart Options)&#xD;
[xUnit.net 00:00:16.93]         C:\Users\hallam\Work\mmm\Mesh\Goedel.Mesh.Shell.Host\anyhost.cs(172,0): at Goedel.Mesh.Shell.Host.CommandLineInterpreter.Handle_HostStart(DispatchShell DispatchIn, String[] Args, Int32 Index)&#xD;
[xUnit.net 00:00:16.93]         C:\Users\hallam\Work\mmm\Libraries\Goedel.Command\Command.cs(224,0): at Goedel.Command.CommandLineInterpreterBase.Dispatcher(SortedDictionary`2 Entries, DescribeCommandEntry DefaultCommand, DispatchShell Dispatch, String[] Args, Int32 Index)&#xD;
[xUnit.net 00:00:16.93]         C:\Users\hallam\Work\mmm\Mesh\Goedel.Mesh.Shell.Host\anyhost.cs(161,0): at Goedel.Mesh.Shell.Host.CommandLineInterpreter.MainMethod(Shell Dispatch, String[] Args)&#xD;
[xUnit.net 00:00:16.93]         C:\Users\hallam\Work\mmm\Testing\Goedel.Mesh.Test\TestEnvironmentCommon.cs(121,0): at Goedel.Mesh.Test.TestEnvironmentRdpShell.Host(String command)&#xD;
[xUnit.net 00:00:16.93]         C:\Users\hallam\Work\mmm\Testing\Goedel.Mesh.Test\TestEnvironmentCommon.cs(90,0): at Goedel.Mesh.Test.TestEnvironmentRdpShell.StartService()&#xD;
[xUnit.net 00:00:16.93]         C:\Users\hallam\Work\mmm\Testing\Goedel.Mesh.Test\TestEnvironmentCommon.cs(102,0): at Goedel.Mesh.Test.TestEnvironmentRdpShell.GetMeshClient(MeshMachineTest meshMachineTest, ICredentialPrivate credential, String service, String accountAddress)&#xD;
[xUnit.net 00:00:16.93]         C:\Users\hallam\Work\mmm\Testing\Goedel.Mesh.Test\MeshMachineTest.cs(88,0): at Goedel.Mesh.Test.MeshMachineTest.GetMeshClient(ICredentialPrivate credential, String service, String accountAddress)&#xD;
[xUnit.net 00:00:16.93]         C:\Users\hallam\Work\mmm\Mesh\Goedel.Mesh.Client\ContextUser.cs(243,0): at Goedel.Mesh.Client.ContextUser.SetService(String accountAddress)&#xD;
[xUnit.net 00:00:16.93]         C:\Users\hallam\Work\mmm\Mesh\Goedel.Mesh.Client\MeshHost.cs(269,0): at Goedel.Mesh.Client.MeshHost.ConfigureMesh(String accountAddress, String localName, PrivateKeyUDF accountSeed, ProfileDevice profileDevice, List`1 rights, Boolean create)&#xD;
[xUnit.net 00:00:16.93]         C:\Users\hallam\Work\mmm\Mesh\Goedel.Mesh.Shell\DispatchAccount.cs(68,0): at Goedel.Mesh.Shell.Shell.AccountCreate(AccountCreate options)&#xD;
[xUnit.net 00:00:16.93]         C:\Users\hallam\Work\mmm\Mesh\Goedel.Mesh.Shell\meshman.cs(520,0): at Goedel.Mesh.Shell.CommandLineInterpreter.Handle_AccountCreate(DispatchShell DispatchIn, String[] Args, Int32 Index)&#xD;
[xUnit.net 00:00:16.93]         C:\Users\hallam\Work\mmm\Libraries\Goedel.Command\Command.cs(224,0): at Goedel.Command.CommandLineInterpreterBase.Dispatcher(SortedDictionary`2 Entries, DescribeCommandEntry DefaultCommand, DispatchShell Dispatch, String[] Args, Int32 Index)&#xD;
[xUnit.net 00:00:16.93]         C:\Users\hallam\Work\mmm\Libraries\Goedel.Command\Command.cs(228,0): at Goedel.Command.CommandLineInterpreterBase.Dispatcher(SortedDictionary`2 Entries, DescribeCommandEntry DefaultCommand, DispatchShell Dispatch, String[] Args, Int32 Index)&#xD;
[xUnit.net 00:00:16.93]         C:\Users\hallam\Work\mmm\Testing\Goedel.Mesh.Test\TestShell.cs(241,0): at Goedel.Mesh.Test.TestCLI.Dispatch(String command, Boolean fail)&#xD;
[xUnit.net 00:00:16.93]         C:\Users\hallam\Work\mmm\Testing\Goedel.Mesh.Shell.Test-xunit\TestProfile.cs(127,0): at Goedel.XUnit.ShellTests.TestProfileConnectPin()&#xD;
[xUnit.net 00:00:17.10]       System.NullReferenceException : Object reference not set to an instance of an object.&#xD;
[xUnit.net 00:00:17.10]       Stack Trace:&#xD;
[xUnit.net 00:00:17.10]         C:\Users\hallam\Work\mmm\Mesh\Goedel.Mesh.Server\MeshDispatch.cs(136,0): at Goedel.Mesh.Server.PublicMeshService..ctor(IMeshMachine meshMachine, ServiceConfiguration serviceConfiguration, HostConfiguration hostConfiguration)&#xD;
[xUnit.net 00:00:17.10]         C:\Users\hallam\Work\mmm\Testing\Goedel.Mesh.Test\TestEnvironmentCommon.cs(203,0): at Goedel.Mesh.Test.TestEnvironmentCommon.get_MeshService()&#xD;
[xUnit.net 00:00:17.10]         C:\Users\hallam\Work\mmm\Testing\Goedel.Mesh.Test\TestEnvironmentCommon.cs(222,0): at Goedel.Mesh.Test.TestEnvironmentCommon.GetMeshClient(MeshMachineTest meshMachineTest, ICredentialPrivate credential, String serviceId, String accountAddress)&#xD;
[xUnit.net 00:00:17.10]         C:\Users\hallam\Work\mmm\Testing\Goedel.Mesh.Test\MeshMachineTest.cs(88,0): at Goedel.Mesh.Test.MeshMachineTest.GetMeshClient(ICredentialPrivate credential, String service, String accountAddress)&#xD;
[xUnit.net 00:00:17.10]         C:\Users\hallam\Work\mmm\Mesh\Goedel.Mesh.Client\ContextUser.cs(243,0): at Goedel.Mesh.Client.ContextUser.SetService(String accountAddress)&#xD;
[xUnit.net 00:00:17.10]         C:\Users\hallam\Work\mmm\Mesh\Goedel.Mesh.Client\MeshHost.cs(269,0): at Goedel.Mesh.Client.MeshHost.ConfigureMesh(String accountAddress, String localName, PrivateKeyUDF accountSeed, ProfileDevice profileDevice, List`1 rights, Boolean create)&#xD;
[xUnit.net 00:00:17.10]         C:\Users\hallam\Work\mmm\Mesh\Goedel.Mesh.Shell\DispatchAccount.cs(68,0): at Goedel.Mesh.Shell.Shell.AccountCreate(AccountCreate options)&#xD;
[xUnit.net 00:00:17.10]         C:\Users\hallam\Work\mmm\Mesh\Goedel.Mesh.Shell\meshman.cs(520,0): at Goedel.Mesh.Shell.CommandLineInterpreter.Handle_AccountCreate(DispatchShell DispatchIn, String[] Args, Int32 Index)&#xD;
[xUnit.net 00:00:17.10]         C:\Users\hallam\Work\mmm\Libraries\Goedel.Command\Command.cs(224,0): at Goedel.Command.CommandLineInterpreterBase.Dispatcher(SortedDictionary`2 Entries, DescribeCommandEntry DefaultCommand, DispatchShell Dispatch, String[] Args, Int32 Index)&#xD;
[xUnit.net 00:00:17.10]         C:\Users\hallam\Work\mmm\Libraries\Goedel.Command\Command.cs(228,0): at Goedel.Command.CommandLineInterpreterBase.Dispatcher(SortedDictionary`2 Entries, DescribeCommandEntry DefaultCommand, DispatchShell Dispatch, String[] Args, Int32 Index)&#xD;
[xUnit.net 00:00:17.10]         C:\Users\hallam\Work\mmm\Testing\Goedel.Mesh.Test\TestShell.cs(241,0): at Goedel.Mesh.Test.TestCLI.Dispatch(String command, Boolean fail)&#xD;
[xUnit.net 00:00:17.10]         C:\Users\hallam\Work\mmm\Testing\Goedel.Mesh.Shell.Test-xunit\Base.cs(159,0): at Goedel.XUnit.ShellTests.Dispatch(String command, Boolean fail)&#xD;
[xUnit.net 00:00:17.10]         C:\Users\hallam\Work\mmm\Testing\Goedel.Mesh.Shell.Test-xunit\Base.cs(162,0): at Goedel.XUnit.ShellTests.CreateAccount(String account)&#xD;
[xUnit.net 00:00:17.10]         C:\Users\hallam\Work\mmm\Testing\Goedel.Mesh.Shell.Test-xunit\TestCatalog.cs(239,0): at Goedel.XUnit.ShellTests.TestProfileNetwork()&#xD;
[xUnit.net 00:00:18.24]       System.NullReferenceException : Object reference not set to an instance of an object.&#xD;
[xUnit.net 00:00:18.24]       Stack Trace:&#xD;
[xUnit.net 00:00:18.24]         C:\Users\hallam\Work\mmm\Mesh\Goedel.Mesh.Server\MeshDispatch.cs(136,0): at Goedel.Mesh.Server.PublicMeshService..ctor(IMeshMachine meshMachine, ServiceConfiguration serviceConfiguration, HostConfiguration hostConfiguration)&#xD;
[xUnit.net 00:00:18.24]         C:\Users\hallam\Work\mmm\Testing\Goedel.Mesh.Test\TestEnvironmentCommon.cs(203,0): at Goedel.Mesh.Test.TestEnvironmentCommon.get_MeshService()&#xD;
[xUnit.net 00:00:18.24]         C:\Users\hallam\Work\mmm\Testing\Goedel.Mesh.Test\TestEnvironmentCommon.cs(222,0): at Goedel.Mesh.Test.TestEnvironmentCommon.GetMeshClient(MeshMachineTest meshMachineTest, ICredentialPrivate credential, String serviceId, String accountAddress)&#xD;
[xUnit.net 00:00:18.24]         C:\Users\hallam\Work\mmm\Testing\Goedel.Mesh.Test\MeshMachineTest.cs(88,0): at Goedel.Mesh.Test.MeshMachineTest.GetMeshClient(ICredentialPrivate credential, String service, String accountAddress)&#xD;
[xUnit.net 00:00:18.24]         C:\Users\hallam\Work\mmm\Mesh\Goedel.Mesh.Client\ContextUser.cs(243,0): at Goedel.Mesh.Client.ContextUser.SetService(String accountAddress)&#xD;
[xUnit.net 00:00:18.24]         C:\Users\hallam\Work\mmm\Mesh\Goedel.Mesh.Client\MeshHost.cs(269,0): at Goedel.Mesh.Client.MeshHost.ConfigureMesh(String accountAddress, String localName, PrivateKeyUDF accountSeed, ProfileDevice profileDevice, List`1 rights, Boolean create)&#xD;
[xUnit.net 00:00:18.24]         C:\Users\hallam\Work\mmm\Mesh\Goedel.Mesh.Shell\DispatchAccount.cs(68,0): at Goedel.Mesh.Shell.Shell.AccountCreate(AccountCreate options)&#xD;
[xUnit.net 00:00:18.24]         C:\Users\hallam\Work\mmm\Mesh\Goedel.Mesh.Shell\meshman.cs(520,0): at Goedel.Mesh.Shell.CommandLineInterpreter.Handle_AccountCreate(DispatchShell DispatchIn, String[] Args, Int32 Index)&#xD;
[xUnit.net 00:00:18.24]         C:\Users\hallam\Work\mmm\Libraries\Goedel.Command\Command.cs(224,0): at Goedel.Command.CommandLineInterpreterBase.Dispatcher(SortedDictionary`2 Entries, DescribeCommandEntry DefaultCommand, DispatchShell Dispatch, String[] Args, Int32 Index)&#xD;
[xUnit.net 00:00:18.24]         C:\Users\hallam\Work\mmm\Libraries\Goedel.Command\Command.cs(228,0): at Goedel.Command.CommandLineInterpreterBase.Dispatcher(SortedDictionary`2 Entries, DescribeCommandEntry DefaultCommand, DispatchShell Dispatch, String[] Args, Int32 Index)&#xD;
[xUnit.net 00:00:18.24]         C:\Users\hallam\Work\mmm\Testing\Goedel.Mesh.Test\TestShell.cs(241,0): at Goedel.Mesh.Test.TestCLI.Dispatch(String command, Boolean fail)&#xD;
[xUnit.net 00:00:18.24]         C:\Users\hallam\Work\mmm\Testing\Goedel.Mesh.Shell.Test-xunit\TestProfile.cs(146,0): at Goedel.XUnit.ShellTests.TestProfileConnectPinExpired()&#xD;
[xUnit.net 00:00:18.93]       Goedel.Mesh.ServiceAdmin.HostNotFound : Configuration for the host ServiceConfig.json could not be found&#xD;
[xUnit.net 00:00:18.93]       Stack Trace:&#xD;
[xUnit.net 00:00:18.93]         C:\Users\hallam\Work\mmm\Mesh\Goedel.Mesh.ServiceAdmin\ServiceDescription.cs(135,0): at Goedel.Mesh.ServiceAdmin.Configuration.GetHostConfiguration(String id)&#xD;
[xUnit.net 00:00:18.93]         C:\Users\hallam\Work\mmm\Mesh\Goedel.Mesh.Shell.Host\ShellDispatch.cs(156,0): at Goedel.Mesh.Shell.Host.Shell.HostStart(HostStart Options)&#xD;
[xUnit.net 00:00:18.93]         C:\Users\hallam\Work\mmm\Mesh\Goedel.Mesh.Shell.Host\anyhost.cs(172,0): at Goedel.Mesh.Shell.Host.CommandLineInterpreter.Handle_HostStart(DispatchShell DispatchIn, String[] Args, Int32 Index)&#xD;
[xUnit.net 00:00:18.93]         C:\Users\hallam\Work\mmm\Libraries\Goedel.Command\Command.cs(224,0): at Goedel.Command.CommandLineInterpreterBase.Dispatcher(SortedDictionary`2 Entries, DescribeCommandEntry DefaultCommand, DispatchShell Dispatch, String[] Args, Int32 Index)&#xD;
[xUnit.net 00:00:18.93]         C:\Users\hallam\Work\mmm\Mesh\Goedel.Mesh.Shell.Host\anyhost.cs(161,0): at Goedel.Mesh.Shell.Host.CommandLineInterpreter.MainMethod(Shell Dispatch, String[] Args)&#xD;
[xUnit.net 00:00:18.93]         C:\Users\hallam\Work\mmm\Testing\Goedel.Mesh.Test\TestEnvironmentCommon.cs(121,0): at Goedel.Mesh.Test.TestEnvironmentRdpShell.Host(String command)&#xD;
[xUnit.net 00:00:18.93]         C:\Users\hallam\Work\mmm\Testing\Goedel.Mesh.Test\TestEnvironmentCommon.cs(90,0): at Goedel.Mesh.Test.TestEnvironmentRdpShell.StartService()&#xD;
[xUnit.net 00:00:18.93]         C:\Users\hallam\Work\mmm\Testing\Goedel.Mesh.Test\TestEnvironmentCommon.cs(102,0): at Goedel.Mesh.Test.TestEnvironmentRdpShell.GetMeshClient(MeshMachineTest meshMachineTest, ICredentialPrivate credential, String service, String accountAddress)&#xD;
[xUnit.net 00:00:18.93]         C:\Users\hallam\Work\mmm\Testing\Goedel.Mesh.Test\MeshMachineTest.cs(88,0): at Goedel.Mesh.Test.MeshMachineTest.GetMeshClient(ICredentialPrivate credential, String service, String accountAddress)&#xD;
[xUnit.net 00:00:18.93]         C:\Users\hallam\Work\mmm\Mesh\Goedel.Mesh.Client\ContextUser.cs(243,0): at Goedel.Mesh.Client.ContextUser.SetService(String accountAddress)&#xD;
[xUnit.net 00:00:18.93]         C:\Users\hallam\Work\mmm\Mesh\Goedel.Mesh.Client\MeshHost.cs(269,0): at Goedel.Mesh.Client.MeshHost.ConfigureMesh(String accountAddress, String localName, PrivateKeyUDF accountSeed, ProfileDevice profileDevice, List`1 rights, Boolean create)&#xD;
[xUnit.net 00:00:18.93]         C:\Users\hallam\Work\mmm\Mesh\Goedel.Mesh.Shell\DispatchAccount.cs(68,0): at Goedel.Mesh.Shell.Shell.AccountCreate(AccountCreate options)&#xD;
[xUnit.net 00:00:18.93]         C:\Users\hallam\Work\mmm\Mesh\Goedel.Mesh.Shell\meshman.cs(520,0): at Goedel.Mesh.Shell.CommandLineInterpreter.Handle_AccountCreate(DispatchShell DispatchIn, String[] Args, Int32 Index)&#xD;
[xUnit.net 00:00:18.93]         C:\Users\hallam\Work\mmm\Libraries\Goedel.Command\Command.cs(224,0): at Goedel.Command.CommandLineInterpreterBase.Dispatcher(SortedDictionary`2 Entries, DescribeCommandEntry DefaultCommand, DispatchShell Dispatch, String[] Args, Int32 Index)&#xD;
[xUnit.net 00:00:18.93]         C:\Users\hallam\Work\mmm\Libraries\Goedel.Command\Command.cs(228,0): at Goedel.Command.CommandLineInterpreterBase.Dispatcher(SortedDictionary`2 Entries, DescribeCommandEntry DefaultCommand, DispatchShell Dispatch, String[] Args, Int32 Index)&#xD;
[xUnit.net 00:00:18.93]         C:\Users\hallam\Work\mmm\Testing\Goedel.Mesh.Test\TestShell.cs(241,0): at Goedel.Mesh.Test.TestCLI.Dispatch(String command, Boolean fail)&#xD;
[xUnit.net 00:00:18.93]         C:\Users\hallam\Work\mmm\Testing\Goedel.Mesh.Shell.Test-xunit\TestProfile.cs(429,0): at Goedel.XUnit.ShellTests.TestAuthCreate(TestCLI device1, TestCLI device2, String auth)&#xD;
[xUnit.net 00:00:18.93]         C:\Users\hallam\Work\mmm\Testing\Goedel.Mesh.Shell.Test-xunit\TestProfile.cs(401,0): at Goedel.XUnit.ShellTests.TestCreateDevice()&#xD;
[xUnit.net 00:00:19.44]       System.NullReferenceException : Object reference not set to an instance of an object.&#xD;
[xUnit.net 00:00:19.44]       Stack Trace:&#xD;
[xUnit.net 00:00:19.44]         C:\Users\hallam\Work\mmm\Mesh\Goedel.Mesh.Server\MeshDispatch.cs(136,0): at Goedel.Mesh.Server.PublicMeshService..ctor(IMeshMachine meshMachine, ServiceConfiguration serviceConfiguration, HostConfiguration hostConfiguration)&#xD;
[xUnit.net 00:00:19.44]         C:\Users\hallam\Work\mmm\Testing\Goedel.Mesh.Test\TestEnvironmentCommon.cs(203,0): at Goedel.Mesh.Test.TestEnvironmentCommon.get_MeshService()&#xD;
[xUnit.net 00:00:19.44]         C:\Users\hallam\Work\mmm\Testing\Goedel.Mesh.Test\TestEnvironmentCommon.cs(222,0): at Goedel.Mesh.Test.TestEnvironmentCommon.GetMeshClient(MeshMachineTest meshMachineTest, ICredentialPrivate credential, String serviceId, String accountAddress)&#xD;
[xUnit.net 00:00:19.44]         C:\Users\hallam\Work\mmm\Testing\Goedel.Mesh.Test\MeshMachineTest.cs(88,0): at Goedel.Mesh.Test.MeshMachineTest.GetMeshClient(ICredentialPrivate credential, String service, String accountAddress)&#xD;
[xUnit.net 00:00:19.44]         C:\Users\hallam\Work\mmm\Mesh\Goedel.Mesh.Client\ContextUser.cs(243,0): at Goedel.Mesh.Client.ContextUser.SetService(String accountAddress)&#xD;
[xUnit.net 00:00:19.44]         C:\Users\hallam\Work\mmm\Mesh\Goedel.Mesh.Client\MeshHost.cs(269,0): at Goedel.Mesh.Client.MeshHost.ConfigureMesh(String accountAddress, String localName, PrivateKeyUDF accountSeed, ProfileDevice profileDevice, List`1 rights, Boolean create)&#xD;
[xUnit.net 00:00:19.44]         C:\Users\hallam\Work\mmm\Mesh\Goedel.Mesh.Shell\DispatchAccount.cs(68,0): at Goedel.Mesh.Shell.Shell.AccountCreate(AccountCreate options)&#xD;
[xUnit.net 00:00:19.44]         C:\Users\hallam\Work\mmm\Mesh\Goedel.Mesh.Shell\meshman.cs(520,0): at Goedel.Mesh.Shell.CommandLineInterpreter.Handle_AccountCreate(DispatchShell DispatchIn, String[] Args, Int32 Index)&#xD;
[xUnit.net 00:00:19.44]         C:\Users\hallam\Work\mmm\Libraries\Goedel.Command\Command.cs(224,0): at Goedel.Command.CommandLineInterpreterBase.Dispatcher(SortedDictionary`2 Entries, DescribeCommandEntry DefaultCommand, DispatchShell Dispatch, String[] Args, Int32 Index)&#xD;
[xUnit.net 00:00:19.44]         C:\Users\hallam\Work\mmm\Libraries\Goedel.Command\Command.cs(228,0): at Goedel.Command.CommandLineInterpreterBase.Dispatcher(SortedDictionary`2 Entries, DescribeCommandEntry DefaultCommand, DispatchShell Dispatch, String[] Args, Int32 Index)&#xD;
[xUnit.net 00:00:19.44]         C:\Users\hallam\Work\mmm\Testing\Goedel.Mesh.Test\TestShell.cs(241,0): at Goedel.Mesh.Test.TestCLI.Dispatch(String command, Boolean fail)&#xD;
[xUnit.net 00:00:19.44]         C:\Users\hallam\Work\mmm\Testing\Goedel.Mesh.Shell.Test-xunit\TestMessage.cs(186,0): at Goedel.XUnit.ShellTests.MakeAccount(TestCLI device, String account)&#xD;
[xUnit.net 00:00:19.44]         C:\Users\hallam\Work\mmm\Testing\Goedel.Mesh.Shell.Test-xunit\TestMessage.cs(162,0): at Goedel.XUnit.ShellTests.TestMessageContactRemote()&#xD;
[xUnit.net 00:00:20.53]       System.NullReferenceException : Object reference not set to an instance of an object.&#xD;
[xUnit.net 00:00:20.53]       Stack Trace:&#xD;
[xUnit.net 00:00:20.53]         C:\Users\hallam\Work\mmm\Mesh\Goedel.Mesh.Server\MeshDispatch.cs(136,0): at Goedel.Mesh.Server.PublicMeshService..ctor(IMeshMachine meshMachine, ServiceConfiguration serviceConfiguration, HostConfiguration hostConfiguration)&#xD;
[xUnit.net 00:00:20.53]         C:\Users\hallam\Work\mmm\Testing\Goedel.Mesh.Test\TestEnvironmentCommon.cs(203,0): at Goedel.Mesh.Test.TestEnvironmentCommon.get_MeshService()&#xD;
[xUnit.net 00:00:20.53]         C:\Users\hallam\Work\mmm\Testing\Goedel.Mesh.Test\TestEnvironmentCommon.cs(222,0): at Goedel.Mesh.Test.TestEnvironmentCommon.GetMeshClient(MeshMachineTest meshMachineTest, ICredentialPrivate credential, String serviceId, String accountAddress)&#xD;
[xUnit.net 00:00:20.53]         C:\Users\hallam\Work\mmm\Testing\Goedel.Mesh.Test\MeshMachineTest.cs(88,0): at Goedel.Mesh.Test.MeshMachineTest.GetMeshClient(ICredentialPrivate credential, String service, String accountAddress)&#xD;
[xUnit.net 00:00:20.53]         C:\Users\hallam\Work\mmm\Mesh\Goedel.Mesh.Client\ContextUser.cs(243,0): at Goedel.Mesh.Client.ContextUser.SetService(String accountAddress)&#xD;
[xUnit.net 00:00:20.53]         C:\Users\hallam\Work\mmm\Mesh\Goedel.Mesh.Client\MeshHost.cs(269,0): at Goedel.Mesh.Client.MeshHost.ConfigureMesh(String accountAddress, String localName, PrivateKeyUDF accountSeed, ProfileDevice profileDevice, List`1 rights, Boolean create)&#xD;
[xUnit.net 00:00:20.53]         C:\Users\hallam\Work\mmm\Mesh\Goedel.Mesh.Shell\DispatchAccount.cs(68,0): at Goedel.Mesh.Shell.Shell.AccountCreate(AccountCreate options)&#xD;
[xUnit.net 00:00:20.53]         C:\Users\hallam\Work\mmm\Mesh\Goedel.Mesh.Shell\meshman.cs(520,0): at Goedel.Mesh.Shell.CommandLineInterpreter.Handle_AccountCreate(DispatchShell DispatchIn, String[] Args, Int32 Index)&#xD;
[xUnit.net 00:00:20.53]         C:\Users\hallam\Work\mmm\Libraries\Goedel.Command\Command.cs(224,0): at Goedel.Command.CommandLineInterpreterBase.Dispatcher(SortedDictionary`2 Entries, DescribeCommandEntry DefaultCommand, DispatchShell Dispatch, String[] Args, Int32 Index)&#xD;
[xUnit.net 00:00:20.53]         C:\Users\hallam\Work\mmm\Libraries\Goedel.Command\Command.cs(228,0): at Goedel.Command.CommandLineInterpreterBase.Dispatcher(SortedDictionary`2 Entries, DescribeCommandEntry DefaultCommand, DispatchShell Dispatch, String[] Args, Int32 Index)&#xD;
[xUnit.net 00:00:20.53]         C:\Users\hallam\Work\mmm\Testing\Goedel.Mesh.Test\TestShell.cs(241,0): at Goedel.Mesh.Test.TestCLI.Dispatch(String command, Boolean fail)&#xD;
[xUnit.net 00:00:20.53]         C:\Users\hallam\Work\mmm\Testing\Goedel.Mesh.Shell.Test-xunit\Base.cs(159,0): at Goedel.XUnit.ShellTests.Dispatch(String command, Boolean fail)&#xD;
[xUnit.net 00:00:20.53]         C:\Users\hallam\Work\mmm\Testing\Goedel.Mesh.Shell.Test-xunit\Base.cs(162,0): at Goedel.XUnit.ShellTests.CreateAccount(String account)&#xD;
[xUnit.net 00:00:20.53]         C:\Users\hallam\Work\mmm\Testing\Goedel.Mesh.Shell.Test-xunit\TestCatalog.cs(150,0): at Goedel.XUnit.ShellTests.TestProfileBookmark()&#xD;
[xUnit.net 00:00:20.81]       Goedel.Mesh.ServiceAdmin.HostNotFound : Configuration for the host ServiceConfig.json could not be found&#xD;
[xUnit.net 00:00:20.81]       Stack Trace:&#xD;
[xUnit.net 00:00:20.81]         C:\Users\hallam\Work\mmm\Mesh\Goedel.Mesh.ServiceAdmin\ServiceDescription.cs(135,0): at Goedel.Mesh.ServiceAdmin.Configuration.GetHostConfiguration(String id)&#xD;
[xUnit.net 00:00:20.81]         C:\Users\hallam\Work\mmm\Mesh\Goedel.Mesh.Shell.Host\ShellDispatch.cs(156,0): at Goedel.Mesh.Shell.Host.Shell.HostStart(HostStart Options)&#xD;
[xUnit.net 00:00:20.81]         C:\Users\hallam\Work\mmm\Mesh\Goedel.Mesh.Shell.Host\anyhost.cs(172,0): at Goedel.Mesh.Shell.Host.CommandLineInterpreter.Handle_HostStart(DispatchShell DispatchIn, String[] Args, Int32 Index)&#xD;
[xUnit.net 00:00:20.81]         C:\Users\hallam\Work\mmm\Libraries\Goedel.Command\Command.cs(224,0): at Goedel.Command.CommandLineInterpreterBase.Dispatcher(SortedDictionary`2 Entries, DescribeCommandEntry DefaultCommand, DispatchShell Dispatch, String[] Args, Int32 Index)&#xD;
[xUnit.net 00:00:20.81]         C:\Users\hallam\Work\mmm\Mesh\Goedel.Mesh.Shell.Host\anyhost.cs(161,0): at Goedel.Mesh.Shell.Host.CommandLineInterpreter.MainMethod(Shell Dispatch, String[] Args)&#xD;
[xUnit.net 00:00:20.81]         C:\Users\hallam\Work\mmm\Testing\Goedel.Mesh.Test\TestEnvironmentCommon.cs(121,0): at Goedel.Mesh.Test.TestEnvironmentRdpShell.Host(String command)&#xD;
[xUnit.net 00:00:20.81]         C:\Users\hallam\Work\mmm\Testing\Goedel.Mesh.Test\TestEnvironmentCommon.cs(90,0): at Goedel.Mesh.Test.TestEnvironmentRdpShell.StartService()&#xD;
[xUnit.net 00:00:20.81]         C:\Users\hallam\Work\mmm\Testing\Goedel.Mesh.Test\TestEnvironmentCommon.cs(102,0): at Goedel.Mesh.Test.TestEnvironmentRdpShell.GetMeshClient(MeshMachineTest meshMachineTest, ICredentialPrivate credential, String service, String accountAddress)&#xD;
[xUnit.net 00:00:20.81]         C:\Users\hallam\Work\mmm\Testing\Goedel.Mesh.Test\MeshMachineTest.cs(88,0): at Goedel.Mesh.Test.MeshMachineTest.GetMeshClient(ICredentialPrivate credential, String service, String accountAddress)&#xD;
[xUnit.net 00:00:20.81]         C:\Users\hallam\Work\mmm\Mesh\Goedel.Mesh.Client\ContextUser.cs(243,0): at Goedel.Mesh.Client.ContextUser.SetService(String accountAddress)&#xD;
[xUnit.net 00:00:20.81]         C:\Users\hallam\Work\mmm\Mesh\Goedel.Mesh.Client\MeshHost.cs(269,0): at Goedel.Mesh.Client.MeshHost.ConfigureMesh(String accountAddress, String localName, PrivateKeyUDF accountSeed, ProfileDevice profileDevice, List`1 rights, Boolean create)&#xD;
[xUnit.net 00:00:20.81]         C:\Users\hallam\Work\mmm\Mesh\Goedel.Mesh.Shell\DispatchAccount.cs(68,0): at Goedel.Mesh.Shell.Shell.AccountCreate(AccountCreate options)&#xD;
[xUnit.net 00:00:20.81]         C:\Users\hallam\Work\mmm\Mesh\Goedel.Mesh.Shell\meshman.cs(520,0): at Goedel.Mesh.Shell.CommandLineInterpreter.Handle_AccountCreate(DispatchShell DispatchIn, String[] Args, Int32 Index)&#xD;
[xUnit.net 00:00:20.81]         C:\Users\hallam\Work\mmm\Libraries\Goedel.Command\Command.cs(224,0): at Goedel.Command.CommandLineInterpreterBase.Dispatcher(SortedDictionary`2 Entries, DescribeCommandEntry DefaultCommand, DispatchShell Dispatch, String[] Args, Int32 Index)&#xD;
[xUnit.net 00:00:20.81]         C:\Users\hallam\Work\mmm\Libraries\Goedel.Command\Command.cs(228,0): at Goedel.Command.CommandLineInterpreterBase.Dispatcher(SortedDictionary`2 Entries, DescribeCommandEntry DefaultCommand, DispatchShell Dispatch, String[] Args, Int32 Index)&#xD;
[xUnit.net 00:00:20.81]         C:\Users\hallam\Work\mmm\Testing\Goedel.Mesh.Test\TestShell.cs(241,0): at Goedel.Mesh.Test.TestCLI.Dispatch(String command, Boolean fail)&#xD;
[xUnit.net 00:00:20.82]         C:\Users\hallam\Work\mmm\Testing\Goedel.Mesh.Shell.Test-xunit\Base.cs(159,0): at Goedel.XUnit.ShellTests.Dispatch(String command, Boolean fail)&#xD;
[xUnit.net 00:00:20.82]         C:\Users\hallam\Work\mmm\Testing\Goedel.Mesh.Shell.Test-xunit\Base.cs(162,0): at Goedel.XUnit.ShellTests.CreateAccount(String account)&#xD;
[xUnit.net 00:00:20.82]         C:\Users\hallam\Work\mmm\Testing\Goedel.Mesh.Shell.Test-xunit\TestCatalog.cs(49,0): at Goedel.XUnit.ShellTests.TestProfilePassword()&#xD;
[xUnit.net 00:00:21.66]       System.NullReferenceException : Object reference not set to an instance of an object.&#xD;
[xUnit.net 00:00:21.66]       Stack Trace:&#xD;
[xUnit.net 00:00:21.66]         C:\Users\hallam\Work\mmm\Mesh\Goedel.Mesh.Server\MeshDispatch.cs(136,0): at Goedel.Mesh.Server.PublicMeshService..ctor(IMeshMachine meshMachine, ServiceConfiguration serviceConfiguration, HostConfiguration hostConfiguration)&#xD;
[xUnit.net 00:00:21.66]         C:\Users\hallam\Work\mmm\Testing\Goedel.Mesh.Test\TestEnvironmentCommon.cs(203,0): at Goedel.Mesh.Test.TestEnvironmentCommon.get_MeshService()&#xD;
[xUnit.net 00:00:21.66]         C:\Users\hallam\Work\mmm\Testing\Goedel.Mesh.Test\TestEnvironmentCommon.cs(222,0): at Goedel.Mesh.Test.TestEnvironmentCommon.GetMeshClient(MeshMachineTest meshMachineTest, ICredentialPrivate credential, String serviceId, String accountAddress)&#xD;
[xUnit.net 00:00:21.66]         C:\Users\hallam\Work\mmm\Testing\Goedel.Mesh.Test\MeshMachineTest.cs(88,0): at Goedel.Mesh.Test.MeshMachineTest.GetMeshClient(ICredentialPrivate credential, String service, String accountAddress)&#xD;
[xUnit.net 00:00:21.66]         C:\Users\hallam\Work\mmm\Mesh\Goedel.Mesh.Client\ContextUser.cs(243,0): at Goedel.Mesh.Client.ContextUser.SetService(String accountAddress)&#xD;
[xUnit.net 00:00:21.66]         C:\Users\hallam\Work\mmm\Mesh\Goedel.Mesh.Client\MeshHost.cs(269,0): at Goedel.Mesh.Client.MeshHost.ConfigureMesh(String accountAddress, String localName, PrivateKeyUDF accountSeed, ProfileDevice profileDevice, List`1 rights, Boolean create)&#xD;
[xUnit.net 00:00:21.66]         C:\Users\hallam\Work\mmm\Mesh\Goedel.Mesh.Shell\DispatchAccount.cs(68,0): at Goedel.Mesh.Shell.Shell.AccountCreate(AccountCreate options)&#xD;
[xUnit.net 00:00:21.66]         C:\Users\hallam\Work\mmm\Mesh\Goedel.Mesh.Shell\meshman.cs(520,0): at Goedel.Mesh.Shell.CommandLineInterpreter.Handle_AccountCreate(DispatchShell DispatchIn, String[] Args, Int32 Index)&#xD;
[xUnit.net 00:00:21.66]         C:\Users\hallam\Work\mmm\Libraries\Goedel.Command\Command.cs(224,0): at Goedel.Command.CommandLineInterpreterBase.Dispatcher(SortedDictionary`2 Entries, DescribeCommandEntry DefaultCommand, DispatchShell Dispatch, String[] Args, Int32 Index)&#xD;
[xUnit.net 00:00:21.66]         C:\Users\hallam\Work\mmm\Libraries\Goedel.Command\Command.cs(228,0): at Goedel.Command.CommandLineInterpreterBase.Dispatcher(SortedDictionary`2 Entries, DescribeCommandEntry DefaultCommand, DispatchShell Dispatch, String[] Args, Int32 Index)&#xD;
[xUnit.net 00:00:21.66]         C:\Users\hallam\Work\mmm\Testing\Goedel.Mesh.Test\TestShell.cs(241,0): at Goedel.Mesh.Test.TestCLI.Dispatch(String command, Boolean fail)&#xD;
[xUnit.net 00:00:21.66]         C:\Users\hallam\Work\mmm\Testing\Goedel.Mesh.Shell.Test-xunit\TestMessage.cs(186,0): at Goedel.XUnit.ShellTests.MakeAccount(TestCLI device, String account)&#xD;
[xUnit.net 00:00:21.66]         C:\Users\hallam\Work\mmm\Testing\Goedel.Mesh.Shell.Test-xunit\TestMessage.cs(135,0): at Goedel.XUnit.ShellTests.TestMessageContactInPerson()&#xD;
[xUnit.net 00:00:22.71]       Goedel.Mesh.ServiceAdmin.HostNotFound : Configuration for the host ServiceConfig.json could not be found&#xD;
[xUnit.net 00:00:22.71]       Stack Trace:&#xD;
[xUnit.net 00:00:22.71]         C:\Users\hallam\Work\mmm\Mesh\Goedel.Mesh.ServiceAdmin\ServiceDescription.cs(135,0): at Goedel.Mesh.ServiceAdmin.Configuration.GetHostConfiguration(String id)&#xD;
[xUnit.net 00:00:22.71]         C:\Users\hallam\Work\mmm\Mesh\Goedel.Mesh.Shell.Host\ShellDispatch.cs(156,0): at Goedel.Mesh.Shell.Host.Shell.HostStart(HostStart Options)&#xD;
[xUnit.net 00:00:22.71]         C:\Users\hallam\Work\mmm\Mesh\Goedel.Mesh.Shell.Host\anyhost.cs(172,0): at Goedel.Mesh.Shell.Host.CommandLineInterpreter.Handle_HostStart(DispatchShell DispatchIn, String[] Args, Int32 Index)&#xD;
[xUnit.net 00:00:22.71]         C:\Users\hallam\Work\mmm\Libraries\Goedel.Command\Command.cs(224,0): at Goedel.Command.CommandLineInterpreterBase.Dispatcher(SortedDictionary`2 Entries, DescribeCommandEntry DefaultCommand, DispatchShell Dispatch, String[] Args, Int32 Index)&#xD;
[xUnit.net 00:00:22.71]         C:\Users\hallam\Work\mmm\Mesh\Goedel.Mesh.Shell.Host\anyhost.cs(161,0): at Goedel.Mesh.Shell.Host.CommandLineInterpreter.MainMethod(Shell Dispatch, String[] Args)&#xD;
[xUnit.net 00:00:22.71]         C:\Users\hallam\Work\mmm\Testing\Goedel.Mesh.Test\TestEnvironmentCommon.cs(121,0): at Goedel.Mesh.Test.TestEnvironmentRdpShell.Host(String command)&#xD;
[xUnit.net 00:00:22.71]         C:\Users\hallam\Work\mmm\Testing\Goedel.Mesh.Test\TestEnvironmentCommon.cs(90,0): at Goedel.Mesh.Test.TestEnvironmentRdpShell.StartService()&#xD;
[xUnit.net 00:00:22.71]         C:\Users\hallam\Work\mmm\Testing\Goedel.Mesh.Test\TestEnvironmentCommon.cs(102,0): at Goedel.Mesh.Test.TestEnvironmentRdpShell.GetMeshClient(MeshMachineTest meshMachineTest, ICredentialPrivate credential, String service, String accountAddress)&#xD;
[xUnit.net 00:00:22.71]         C:\Users\hallam\Work\mmm\Testing\Goedel.Mesh.Test\MeshMachineTest.cs(88,0): at Goedel.Mesh.Test.MeshMachineTest.GetMeshClient(ICredentialPrivate credential, String service, String accountAddress)&#xD;
[xUnit.net 00:00:22.71]         C:\Users\hallam\Work\mmm\Mesh\Goedel.Mesh.Client\ContextUser.cs(243,0): at Goedel.Mesh.Client.ContextUser.SetService(String accountAddress)&#xD;
[xUnit.net 00:00:22.71]         C:\Users\hallam\Work\mmm\Mesh\Goedel.Mesh.Client\MeshHost.cs(269,0): at Goedel.Mesh.Client.MeshHost.ConfigureMesh(String accountAddress, String localName, PrivateKeyUDF accountSeed, ProfileDevice profileDevice, List`1 rights, Boolean create)&#xD;
[xUnit.net 00:00:22.71]         C:\Users\hallam\Work\mmm\Mesh\Goedel.Mesh.Shell\DispatchAccount.cs(68,0): at Goedel.Mesh.Shell.Shell.AccountCreate(AccountCreate options)&#xD;
[xUnit.net 00:00:22.71]         C:\Users\hallam\Work\mmm\Mesh\Goedel.Mesh.Shell\meshman.cs(520,0): at Goedel.Mesh.Shell.CommandLineInterpreter.Handle_AccountCreate(DispatchShell DispatchIn, String[] Args, Int32 Index)&#xD;
[xUnit.net 00:00:22.71]         C:\Users\hallam\Work\mmm\Libraries\Goedel.Command\Command.cs(224,0): at Goedel.Command.CommandLineInterpreterBase.Dispatcher(SortedDictionary`2 Entries, DescribeCommandEntry DefaultCommand, DispatchShell Dispatch, String[] Args, Int32 Index)&#xD;
[xUnit.net 00:00:22.71]         C:\Users\hallam\Work\mmm\Libraries\Goedel.Command\Command.cs(228,0): at Goedel.Command.CommandLineInterpreterBase.Dispatcher(SortedDictionary`2 Entries, DescribeCommandEntry DefaultCommand, DispatchShell Dispatch, String[] Args, Int32 Index)&#xD;
[xUnit.net 00:00:22.71]         C:\Users\hallam\Work\mmm\Testing\Goedel.Mesh.Test\TestShell.cs(241,0): at Goedel.Mesh.Test.TestCLI.Dispatch(String command, Boolean fail)&#xD;
[xUnit.net 00:00:22.71]         C:\Users\hallam\Work\mmm\Testing\Goedel.Mesh.Shell.Test-xunit\TestMessage.cs(186,0): at Goedel.XUnit.ShellTests.MakeAccount(TestCLI device, String account)&#xD;
[xUnit.net 00:00:22.71]         C:\Users\hallam\Work\mmm\Testing\Goedel.Mesh.Shell.Test-xunit\TestMessage.cs(135,0): at Goedel.XUnit.ShellTests.TestMessageContactInPerson()&#xD;
[xUnit.net 00:00:22.79]       System.NullReferenceException : Object reference not set to an instance of an object.&#xD;
[xUnit.net 00:00:22.79]       Stack Trace:&#xD;
[xUnit.net 00:00:22.79]         C:\Users\hallam\Work\mmm\Mesh\Goedel.Mesh.Server\MeshDispatch.cs(136,0): at Goedel.Mesh.Server.PublicMeshService..ctor(IMeshMachine meshMachine, ServiceConfiguration serviceConfiguration, HostConfiguration hostConfiguration)&#xD;
[xUnit.net 00:00:22.79]         C:\Users\hallam\Work\mmm\Testing\Goedel.Mesh.Test\TestEnvironmentCommon.cs(203,0): at Goedel.Mesh.Test.TestEnvironmentCommon.get_MeshService()&#xD;
[xUnit.net 00:00:22.79]         C:\Users\hallam\Work\mmm\Testing\Goedel.Mesh.Test\TestEnvironmentCommon.cs(222,0): at Goedel.Mesh.Test.TestEnvironmentCommon.GetMeshClient(MeshMachineTest meshMachineTest, ICredentialPrivate credential, String serviceId, String accountAddress)&#xD;
[xUnit.net 00:00:22.79]         C:\Users\hallam\Work\mmm\Testing\Goedel.Mesh.Test\MeshMachineTest.cs(88,0): at Goedel.Mesh.Test.MeshMachineTest.GetMeshClient(ICredentialPrivate credential, String service, String accountAddress)&#xD;
[xUnit.net 00:00:22.79]         C:\Users\hallam\Work\mmm\Mesh\Goedel.Mesh.Client\ContextUser.cs(243,0): at Goedel.Mesh.Client.ContextUser.SetService(String accountAddress)&#xD;
[xUnit.net 00:00:22.79]         C:\Users\hallam\Work\mmm\Mesh\Goedel.Mesh.Client\MeshHost.cs(269,0): at Goedel.Mesh.Client.MeshHost.ConfigureMesh(String accountAddress, String localName, PrivateKeyUDF accountSeed, ProfileDevice profileDevice, List`1 rights, Boolean create)&#xD;
[xUnit.net 00:00:22.79]         C:\Users\hallam\Work\mmm\Mesh\Goedel.Mesh.Shell\DispatchAccount.cs(68,0): at Goedel.Mesh.Shell.Shell.AccountCreate(AccountCreate options)&#xD;
[xUnit.net 00:00:22.79]         C:\Users\hallam\Work\mmm\Mesh\Goedel.Mesh.Shell\meshman.cs(520,0): at Goedel.Mesh.Shell.CommandLineInterpreter.Handle_AccountCreate(DispatchShell DispatchIn, String[] Args, Int32 Index)&#xD;
[xUnit.net 00:00:22.79]         C:\Users\hallam\Work\mmm\Libraries\Goedel.Command\Command.cs(224,0): at Goedel.Command.CommandLineInterpreterBase.Dispatcher(SortedDictionary`2 Entries, DescribeCommandEntry DefaultCommand, DispatchShell Dispatch, String[] Args, Int32 Index)&#xD;
[xUnit.net 00:00:22.79]         C:\Users\hallam\Work\mmm\Libraries\Goedel.Command\Command.cs(228,0): at Goedel.Command.CommandLineInterpreterBase.Dispatcher(SortedDictionary`2 Entries, DescribeCommandEntry DefaultCommand, DispatchShell Dispatch, String[] Args, Int32 Index)&#xD;
[xUnit.net 00:00:22.79]         C:\Users\hallam\Work\mmm\Testing\Goedel.Mesh.Test\TestShell.cs(241,0): at Goedel.Mesh.Test.TestCLI.Dispatch(String command, Boolean fail)&#xD;
[xUnit.net 00:00:22.79]         C:\Users\hallam\Work\mmm\Testing\Goedel.Mesh.Shell.Test-xunit\Base.cs(159,0): at Goedel.XUnit.ShellTests.Dispatch(String command, Boolean fail)&#xD;
[xUnit.net 00:00:22.79]         C:\Users\hallam\Work\mmm\Testing\Goedel.Mesh.Shell.Test-xunit\Base.cs(162,0): at Goedel.XUnit.ShellTests.CreateAccount(String account)&#xD;
[xUnit.net 00:00:22.79]         C:\Users\hallam\Work\mmm\Testing\Goedel.Mesh.Shell.Test-xunit\TestDare.cs(137,0): at Goedel.XUnit.ShellTests.TestSequence(Int32 count, String encrypt, String sign, Boolean purge, Boolean index, String initial)&#xD;
[xUnit.net 00:00:22.79]         C:\Users\hallam\Work\mmm\Testing\Goedel.Mesh.Shell.Test-xunit\TestDare.cs(111,0): at Goedel.XUnit.ShellTests.TestArchive()&#xD;
[xUnit.net 00:00:23.65]       Goedel.Mesh.ServiceAdmin.HostNotFound : Configuration for the host ServiceConfig.json could not be found&#xD;
[xUnit.net 00:00:23.65]       Stack Trace:&#xD;
[xUnit.net 00:00:23.65]         C:\Users\hallam\Work\mmm\Mesh\Goedel.Mesh.ServiceAdmin\ServiceDescription.cs(135,0): at Goedel.Mesh.ServiceAdmin.Configuration.GetHostConfiguration(String id)&#xD;
[xUnit.net 00:00:23.65]         C:\Users\hallam\Work\mmm\Mesh\Goedel.Mesh.Shell.Host\ShellDispatch.cs(156,0): at Goedel.Mesh.Shell.Host.Shell.HostStart(HostStart Options)&#xD;
[xUnit.net 00:00:23.65]         C:\Users\hallam\Work\mmm\Mesh\Goedel.Mesh.Shell.Host\anyhost.cs(172,0): at Goedel.Mesh.Shell.Host.CommandLineInterpreter.Handle_HostStart(DispatchShell DispatchIn, String[] Args, Int32 Index)&#xD;
[xUnit.net 00:00:23.65]         C:\Users\hallam\Work\mmm\Libraries\Goedel.Command\Command.cs(224,0): at Goedel.Command.CommandLineInterpreterBase.Dispatcher(SortedDictionary`2 Entries, DescribeCommandEntry DefaultCommand, DispatchShell Dispatch, String[] Args, Int32 Index)&#xD;
[xUnit.net 00:00:23.65]         C:\Users\hallam\Work\mmm\Mesh\Goedel.Mesh.Shell.Host\anyhost.cs(161,0): at Goedel.Mesh.Shell.Host.CommandLineInterpreter.MainMethod(Shell Dispatch, String[] Args)&#xD;
[xUnit.net 00:00:23.65]         C:\Users\hallam\Work\mmm\Testing\Goedel.Mesh.Test\TestEnvironmentCommon.cs(121,0): at Goedel.Mesh.Test.TestEnvironmentRdpShell.Host(String command)&#xD;
[xUnit.net 00:00:23.65]         C:\Users\hallam\Work\mmm\Testing\Goedel.Mesh.Test\TestEnvironmentCommon.cs(90,0): at Goedel.Mesh.Test.TestEnvironmentRdpShell.StartService()&#xD;
[xUnit.net 00:00:23.65]         C:\Users\hallam\Work\mmm\Testing\Goedel.Mesh.Test\TestEnvironmentCommon.cs(102,0): at Goedel.Mesh.Test.TestEnvironmentRdpShell.GetMeshClient(MeshMachineTest meshMachineTest, ICredentialPrivate credential, String service, String accountAddress)&#xD;
[xUnit.net 00:00:23.65]         C:\Users\hallam\Work\mmm\Testing\Goedel.Mesh.Test\MeshMachineTest.cs(88,0): at Goedel.Mesh.Test.MeshMachineTest.GetMeshClient(ICredentialPrivate credential, String service, String accountAddress)&#xD;
[xUnit.net 00:00:23.65]         C:\Users\hallam\Work\mmm\Mesh\Goedel.Mesh.Shell\ShellDispatch.cs(269,0): at Goedel.Mesh.Shell.Shell.GetMeshClient(IAccountOptions options)&#xD;
[xUnit.net 00:00:23.65]         C:\Users\hallam\Work\mmm\Mesh\Goedel.Mesh.Shell\DispatchAccount.cs(47,0): at Goedel.Mesh.Shell.Shell.AccountHello(AccountHello options)&#xD;
[xUnit.net 00:00:23.65]         C:\Users\hallam\Work\mmm\Mesh\Goedel.Mesh.Shell\meshman.cs(510,0): at Goedel.Mesh.Shell.CommandLineInterpreter.Handle_AccountHello(DispatchShell DispatchIn, String[] Args, Int32 Index)&#xD;
[xUnit.net 00:00:23.65]         C:\Users\hallam\Work\mmm\Libraries\Goedel.Command\Command.cs(224,0): at Goedel.Command.CommandLineInterpreterBase.Dispatcher(SortedDictionary`2 Entries, DescribeCommandEntry DefaultCommand, DispatchShell Dispatch, String[] Args, Int32 Index)&#xD;
[xUnit.net 00:00:23.65]         C:\Users\hallam\Work\mmm\Libraries\Goedel.Command\Command.cs(228,0): at Goedel.Command.CommandLineInterpreterBase.Dispatcher(SortedDictionary`2 Entries, DescribeCommandEntry DefaultCommand, DispatchShell Dispatch, String[] Args, Int32 Index)&#xD;
[xUnit.net 00:00:23.65]         C:\Users\hallam\Work\mmm\Testing\Goedel.Mesh.Test\TestShell.cs(241,0): at Goedel.Mesh.Test.TestCLI.Dispatch(String command, Boolean fail)&#xD;
[xUnit.net 00:00:23.65]         C:\Users\hallam\Work\mmm\Testing\Goedel.Mesh.Shell.Test-xunit\TestProfile.cs(62,0): at Goedel.XUnit.ShellTests.TestHello()&#xD;
[xUnit.net 00:00:23.94]       System.NullReferenceException : Object reference not set to an instance of an object.&#xD;
[xUnit.net 00:00:23.94]       Stack Trace:&#xD;
[xUnit.net 00:00:23.94]         C:\Users\hallam\Work\mmm\Mesh\Goedel.Mesh.Server\MeshDispatch.cs(136,0): at Goedel.Mesh.Server.PublicMeshService..ctor(IMeshMachine meshMachine, ServiceConfiguration serviceConfiguration, HostConfiguration hostConfiguration)&#xD;
[xUnit.net 00:00:23.94]         C:\Users\hallam\Work\mmm\Testing\Goedel.Mesh.Test\TestEnvironmentCommon.cs(203,0): at Goedel.Mesh.Test.TestEnvironmentCommon.get_MeshService()&#xD;
[xUnit.net 00:00:23.94]         C:\Users\hallam\Work\mmm\Testing\Goedel.Mesh.Test\TestEnvironmentCommon.cs(222,0): at Goedel.Mesh.Test.TestEnvironmentCommon.GetMeshClient(MeshMachineTest meshMachineTest, ICredentialPrivate credential, String serviceId, String accountAddress)&#xD;
[xUnit.net 00:00:23.94]         C:\Users\hallam\Work\mmm\Testing\Goedel.Mesh.Test\MeshMachineTest.cs(88,0): at Goedel.Mesh.Test.MeshMachineTest.GetMeshClient(ICredentialPrivate credential, String service, String accountAddress)&#xD;
[xUnit.net 00:00:23.94]         C:\Users\hallam\Work\mmm\Mesh\Goedel.Mesh.Client\ContextUser.cs(243,0): at Goedel.Mesh.Client.ContextUser.SetService(String accountAddress)&#xD;
[xUnit.net 00:00:23.94]         C:\Users\hallam\Work\mmm\Mesh\Goedel.Mesh.Client\MeshHost.cs(269,0): at Goedel.Mesh.Client.MeshHost.ConfigureMesh(String accountAddress, String localName, PrivateKeyUDF accountSeed, ProfileDevice profileDevice, List`1 rights, Boolean create)&#xD;
[xUnit.net 00:00:23.94]         C:\Users\hallam\Work\mmm\Mesh\Goedel.Mesh.Shell\DispatchAccount.cs(68,0): at Goedel.Mesh.Shell.Shell.AccountCreate(AccountCreate options)&#xD;
[xUnit.net 00:00:23.94]         C:\Users\hallam\Work\mmm\Mesh\Goedel.Mesh.Shell\meshman.cs(520,0): at Goedel.Mesh.Shell.CommandLineInterpreter.Handle_AccountCreate(DispatchShell DispatchIn, String[] Args, Int32 Index)&#xD;
[xUnit.net 00:00:23.94]         C:\Users\hallam\Work\mmm\Libraries\Goedel.Command\Command.cs(224,0): at Goedel.Command.CommandLineInterpreterBase.Dispatcher(SortedDictionary`2 Entries, DescribeCommandEntry DefaultCommand, DispatchShell Dispatch, String[] Args, Int32 Index)&#xD;
[xUnit.net 00:00:23.94]         C:\Users\hallam\Work\mmm\Libraries\Goedel.Command\Command.cs(228,0): at Goedel.Command.CommandLineInterpreterBase.Dispatcher(SortedDictionary`2 Entries, DescribeCommandEntry DefaultCommand, DispatchShell Dispatch, String[] Args, Int32 Index)&#xD;
[xUnit.net 00:00:23.94]         C:\Users\hallam\Work\mmm\Testing\Goedel.Mesh.Test\TestShell.cs(241,0): at Goedel.Mesh.Test.TestCLI.Dispatch(String command, Boolean fail)&#xD;
[xUnit.net 00:00:23.94]         C:\Users\hallam\Work\mmm\Testing\Goedel.Mesh.Shell.Test-xunit\Base.cs(159,0): at Goedel.XUnit.ShellTests.Dispatch(String command, Boolean fail)&#xD;
[xUnit.net 00:00:23.94]         C:\Users\hallam\Work\mmm\Testing\Goedel.Mesh.Shell.Test-xunit\Base.cs(162,0): at Goedel.XUnit.ShellTests.CreateAccount(String account)&#xD;
[xUnit.net 00:00:23.94]         C:\Users\hallam\Work\mmm\Testing\Goedel.Mesh.Shell.Test-xunit\TestCatalog.cs(196,0): at Goedel.XUnit.ShellTests.TestProfileCalendar()&#xD;
[xUnit.net 00:00:24.03]       System.NullReferenceException : Object reference not set to an instance of an object.&#xD;
[xUnit.net 00:00:24.03]       Stack Trace:&#xD;
[xUnit.net 00:00:24.03]         C:\Users\hallam\Work\mmm\Mesh\Goedel.Mesh.Server\MeshDispatch.cs(136,0): at Goedel.Mesh.Server.PublicMeshService..ctor(IMeshMachine meshMachine, ServiceConfiguration serviceConfiguration, HostConfiguration hostConfiguration)&#xD;
[xUnit.net 00:00:24.03]         C:\Users\hallam\Work\mmm\Testing\Goedel.Mesh.Test\TestEnvironmentCommon.cs(203,0): at Goedel.Mesh.Test.TestEnvironmentCommon.get_MeshService()&#xD;
[xUnit.net 00:00:24.03]         C:\Users\hallam\Work\mmm\Testing\Goedel.Mesh.Test\TestEnvironmentCommon.cs(222,0): at Goedel.Mesh.Test.TestEnvironmentCommon.GetMeshClient(MeshMachineTest meshMachineTest, ICredentialPrivate credential, String serviceId, String accountAddress)&#xD;
[xUnit.net 00:00:24.03]         C:\Users\hallam\Work\mmm\Testing\Goedel.Mesh.Test\MeshMachineTest.cs(88,0): at Goedel.Mesh.Test.MeshMachineTest.GetMeshClient(ICredentialPrivate credential, String service, String accountAddress)&#xD;
[xUnit.net 00:00:24.03]         C:\Users\hallam\Work\mmm\Mesh\Goedel.Mesh.Shell\ShellDispatch.cs(269,0): at Goedel.Mesh.Shell.Shell.GetMeshClient(IAccountOptions options)&#xD;
[xUnit.net 00:00:24.03]         C:\Users\hallam\Work\mmm\Mesh\Goedel.Mesh.Shell\DispatchAccount.cs(47,0): at Goedel.Mesh.Shell.Shell.AccountHello(AccountHello options)&#xD;
[xUnit.net 00:00:24.03]         C:\Users\hallam\Work\mmm\Mesh\Goedel.Mesh.Shell\meshman.cs(510,0): at Goedel.Mesh.Shell.CommandLineInterpreter.Handle_AccountHello(DispatchShell DispatchIn, String[] Args, Int32 Index)&#xD;
[xUnit.net 00:00:24.03]         C:\Users\hallam\Work\mmm\Libraries\Goedel.Command\Command.cs(224,0): at Goedel.Command.CommandLineInterpreterBase.Dispatcher(SortedDictionary`2 Entries, DescribeCommandEntry DefaultCommand, DispatchShell Dispatch, String[] Args, Int32 Index)&#xD;
[xUnit.net 00:00:24.03]         C:\Users\hallam\Work\mmm\Libraries\Goedel.Command\Command.cs(228,0): at Goedel.Command.CommandLineInterpreterBase.Dispatcher(SortedDictionary`2 Entries, DescribeCommandEntry DefaultCommand, DispatchShell Dispatch, String[] Args, Int32 Index)&#xD;
[xUnit.net 00:00:24.03]         C:\Users\hallam\Work\mmm\Testing\Goedel.Mesh.Test\TestShell.cs(241,0): at Goedel.Mesh.Test.TestCLI.Dispatch(String command, Boolean fail)&#xD;
[xUnit.net 00:00:24.03]         C:\Users\hallam\Work\mmm\Testing\Goedel.Mesh.Shell.Test-xunit\TestProfile.cs(62,0): at Goedel.XUnit.ShellTests.TestHello()&#xD;
[xUnit.net 00:00:25.08]       System.NullReferenceException : Object reference not set to an instance of an object.&#xD;
[xUnit.net 00:00:25.08]       Stack Trace:&#xD;
[xUnit.net 00:00:25.08]         C:\Users\hallam\Work\mmm\Mesh\Goedel.Mesh.Server\MeshDispatch.cs(136,0): at Goedel.Mesh.Server.PublicMeshService..ctor(IMeshMachine meshMachine, ServiceConfiguration serviceConfiguration, HostConfiguration hostConfiguration)&#xD;
[xUnit.net 00:00:25.08]         C:\Users\hallam\Work\mmm\Testing\Goedel.Mesh.Test\TestEnvironmentCommon.cs(203,0): at Goedel.Mesh.Test.TestEnvironmentCommon.get_MeshService()&#xD;
[xUnit.net 00:00:25.08]         C:\Users\hallam\Work\mmm\Testing\Goedel.Mesh.Test\TestEnvironmentCommon.cs(222,0): at Goedel.Mesh.Test.TestEnvironmentCommon.GetMeshClient(MeshMachineTest meshMachineTest, ICredentialPrivate credential, String serviceId, String accountAddress)&#xD;
[xUnit.net 00:00:25.08]         C:\Users\hallam\Work\mmm\Testing\Goedel.Mesh.Test\MeshMachineTest.cs(88,0): at Goedel.Mesh.Test.MeshMachineTest.GetMeshClient(ICredentialPrivate credential, String service, String accountAddress)&#xD;
[xUnit.net 00:00:25.08]         C:\Users\hallam\Work\mmm\Mesh\Goedel.Mesh.Client\ContextUser.cs(243,0): at Goedel.Mesh.Client.ContextUser.SetService(String accountAddress)&#xD;
[xUnit.net 00:00:25.08]         C:\Users\hallam\Work\mmm\Mesh\Goedel.Mesh.Client\MeshHost.cs(269,0): at Goedel.Mesh.Client.MeshHost.ConfigureMesh(String accountAddress, String localName, PrivateKeyUDF accountSeed, ProfileDevice profileDevice, List`1 rights, Boolean create)&#xD;
[xUnit.net 00:00:25.08]         C:\Users\hallam\Work\mmm\Mesh\Goedel.Mesh.Shell\DispatchAccount.cs(68,0): at Goedel.Mesh.Shell.Shell.AccountCreate(AccountCreate options)&#xD;
[xUnit.net 00:00:25.08]         C:\Users\hallam\Work\mmm\Mesh\Goedel.Mesh.Shell\meshman.cs(520,0): at Goedel.Mesh.Shell.CommandLineInterpreter.Handle_AccountCreate(DispatchShell DispatchIn, String[] Args, Int32 Index)&#xD;
[xUnit.net 00:00:25.08]         C:\Users\hallam\Work\mmm\Libraries\Goedel.Command\Command.cs(224,0): at Goedel.Command.CommandLineInterpreterBase.Dispatcher(SortedDictionary`2 Entries, DescribeCommandEntry DefaultCommand, DispatchShell Dispatch, String[] Args, Int32 Index)&#xD;
[xUnit.net 00:00:25.08]         C:\Users\hallam\Work\mmm\Libraries\Goedel.Command\Command.cs(228,0): at Goedel.Command.CommandLineInterpreterBase.Dispatcher(SortedDictionary`2 Entries, DescribeCommandEntry DefaultCommand, DispatchShell Dispatch, String[] Args, Int32 Index)&#xD;
[xUnit.net 00:00:25.08]         C:\Users\hallam\Work\mmm\Testing\Goedel.Mesh.Test\TestShell.cs(241,0): at Goedel.Mesh.Test.TestCLI.Dispatch(String command, Boolean fail)&#xD;
[xUnit.net 00:00:25.08]         C:\Users\hallam\Work\mmm\Testing\Goedel.Mesh.Shell.Test-xunit\TestProfile.cs(259,0): at Goedel.XUnit.ShellTests.TestProfileConnectStaticQR()&#xD;
[xUnit.net 00:00:25.50]       Goedel.Mesh.ServiceAdmin.HostNotFound : Configuration for the host ServiceConfig.json could not be found&#xD;
[xUnit.net 00:00:25.50]       Stack Trace:&#xD;
[xUnit.net 00:00:25.50]         C:\Users\hallam\Work\mmm\Mesh\Goedel.Mesh.ServiceAdmin\ServiceDescription.cs(135,0): at Goedel.Mesh.ServiceAdmin.Configuration.GetHostConfiguration(String id)&#xD;
[xUnit.net 00:00:25.50]         C:\Users\hallam\Work\mmm\Mesh\Goedel.Mesh.Shell.Host\ShellDispatch.cs(156,0): at Goedel.Mesh.Shell.Host.Shell.HostStart(HostStart Options)&#xD;
[xUnit.net 00:00:25.50]         C:\Users\hallam\Work\mmm\Mesh\Goedel.Mesh.Shell.Host\anyhost.cs(172,0): at Goedel.Mesh.Shell.Host.CommandLineInterpreter.Handle_HostStart(DispatchShell DispatchIn, String[] Args, Int32 Index)&#xD;
[xUnit.net 00:00:25.50]         C:\Users\hallam\Work\mmm\Libraries\Goedel.Command\Command.cs(224,0): at Goedel.Command.CommandLineInterpreterBase.Dispatcher(SortedDictionary`2 Entries, DescribeCommandEntry DefaultCommand, DispatchShell Dispatch, String[] Args, Int32 Index)&#xD;
[xUnit.net 00:00:25.50]         C:\Users\hallam\Work\mmm\Mesh\Goedel.Mesh.Shell.Host\anyhost.cs(161,0): at Goedel.Mesh.Shell.Host.CommandLineInterpreter.MainMethod(Shell Dispatch, String[] Args)&#xD;
[xUnit.net 00:00:25.50]         C:\Users\hallam\Work\mmm\Testing\Goedel.Mesh.Test\TestEnvironmentCommon.cs(121,0): at Goedel.Mesh.Test.TestEnvironmentRdpShell.Host(String command)&#xD;
[xUnit.net 00:00:25.50]         C:\Users\hallam\Work\mmm\Testing\Goedel.Mesh.Test\TestEnvironmentCommon.cs(90,0): at Goedel.Mesh.Test.TestEnvironmentRdpShell.StartService()&#xD;
[xUnit.net 00:00:25.50]         C:\Users\hallam\Work\mmm\Testing\Goedel.Mesh.Test\TestEnvironmentCommon.cs(102,0): at Goedel.Mesh.Test.TestEnvironmentRdpShell.GetMeshClient(MeshMachineTest meshMachineTest, ICredentialPrivate credential, String service, String accountAddress)&#xD;
[xUnit.net 00:00:25.50]         C:\Users\hallam\Work\mmm\Testing\Goedel.Mesh.Test\MeshMachineTest.cs(88,0): at Goedel.Mesh.Test.MeshMachineTest.GetMeshClient(ICredentialPrivate credential, String service, String accountAddress)&#xD;
[xUnit.net 00:00:25.50]         C:\Users\hallam\Work\mmm\Mesh\Goedel.Mesh.Client\ContextUser.cs(243,0): at Goedel.Mesh.Client.ContextUser.SetService(String accountAddress)&#xD;
[xUnit.net 00:00:25.50]         C:\Users\hallam\Work\mmm\Mesh\Goedel.Mesh.Client\MeshHost.cs(269,0): at Goedel.Mesh.Client.MeshHost.ConfigureMesh(String accountAddress, String localName, PrivateKeyUDF accountSeed, ProfileDevice profileDevice, List`1 rights, Boolean create)&#xD;
[xUnit.net 00:00:25.50]         C:\Users\hallam\Work\mmm\Mesh\Goedel.Mesh.Shell\DispatchAccount.cs(68,0): at Goedel.Mesh.Shell.Shell.AccountCreate(AccountCreate options)&#xD;
[xUnit.net 00:00:25.50]         C:\Users\hallam\Work\mmm\Mesh\Goedel.Mesh.Shell\meshman.cs(520,0): at Goedel.Mesh.Shell.CommandLineInterpreter.Handle_AccountCreate(DispatchShell DispatchIn, String[] Args, Int32 Index)&#xD;
[xUnit.net 00:00:25.50]         C:\Users\hallam\Work\mmm\Libraries\Goedel.Command\Command.cs(224,0): at Goedel.Command.CommandLineInterpreterBase.Dispatcher(SortedDictionary`2 Entries, DescribeCommandEntry DefaultCommand, DispatchShell Dispatch, String[] Args, Int32 Index)&#xD;
[xUnit.net 00:00:25.50]         C:\Users\hallam\Work\mmm\Libraries\Goedel.Command\Command.cs(228,0): at Goedel.Command.CommandLineInterpreterBase.Dispatcher(SortedDictionary`2 Entries, DescribeCommandEntry DefaultCommand, DispatchShell Dispatch, String[] Args, Int32 Index)&#xD;
[xUnit.net 00:00:25.50]         C:\Users\hallam\Work\mmm\Testing\Goedel.Mesh.Test\TestShell.cs(241,0): at Goedel.Mesh.Test.TestCLI.Dispatch(String command, Boolean fail)&#xD;
[xUnit.net 00:00:25.50]         C:\Users\hallam\Work\mmm\Testing\Goedel.Mesh.Shell.Test-xunit\TestProfile.cs(429,0): at Goedel.XUnit.ShellTests.TestAuthCreate(TestCLI device1, TestCLI device2, String auth)&#xD;
[xUnit.net 00:00:25.50]         C:\Users\hallam\Work\mmm\Testing\Goedel.Mesh.Shell.Test-xunit\TestProfile.cs(372,0): at Goedel.XUnit.ShellTests.TestCreateWeb()&#xD;
[xUnit.net 00:00:26.15]       System.NullReferenceException : Object reference not set to an instance of an object.&#xD;
[xUnit.net 00:00:26.15]       Stack Trace:&#xD;
[xUnit.net 00:00:26.15]         C:\Users\hallam\Work\mmm\Mesh\Goedel.Mesh.Server\MeshDispatch.cs(136,0): at Goedel.Mesh.Server.PublicMeshService..ctor(IMeshMachine meshMachine, ServiceConfiguration serviceConfiguration, HostConfiguration hostConfiguration)&#xD;
[xUnit.net 00:00:26.15]         C:\Users\hallam\Work\mmm\Testing\Goedel.Mesh.Test\TestEnvironmentCommon.cs(203,0): at Goedel.Mesh.Test.TestEnvironmentCommon.get_MeshService()&#xD;
[xUnit.net 00:00:26.15]         C:\Users\hallam\Work\mmm\Testing\Goedel.Mesh.Test\TestEnvironmentCommon.cs(222,0): at Goedel.Mesh.Test.TestEnvironmentCommon.GetMeshClient(MeshMachineTest meshMachineTest, ICredentialPrivate credential, String serviceId, String accountAddress)&#xD;
[xUnit.net 00:00:26.15]         C:\Users\hallam\Work\mmm\Testing\Goedel.Mesh.Test\MeshMachineTest.cs(88,0): at Goedel.Mesh.Test.MeshMachineTest.GetMeshClient(ICredentialPrivate credential, String service, String accountAddress)&#xD;
[xUnit.net 00:00:26.15]         C:\Users\hallam\Work\mmm\Mesh\Goedel.Mesh.Client\ContextUser.cs(243,0): at Goedel.Mesh.Client.ContextUser.SetService(String accountAddress)&#xD;
[xUnit.net 00:00:26.15]         C:\Users\hallam\Work\mmm\Mesh\Goedel.Mesh.Client\MeshHost.cs(269,0): at Goedel.Mesh.Client.MeshHost.ConfigureMesh(String accountAddress, String localName, PrivateKeyUDF accountSeed, ProfileDevice profileDevice, List`1 rights, Boolean create)&#xD;
[xUnit.net 00:00:26.15]         C:\Users\hallam\Work\mmm\Mesh\Goedel.Mesh.Shell\DispatchAccount.cs(68,0): at Goedel.Mesh.Shell.Shell.AccountCreate(AccountCreate options)&#xD;
[xUnit.net 00:00:26.15]         C:\Users\hallam\Work\mmm\Mesh\Goedel.Mesh.Shell\meshman.cs(520,0): at Goedel.Mesh.Shell.CommandLineInterpreter.Handle_AccountCreate(DispatchShell DispatchIn, String[] Args, Int32 Index)&#xD;
[xUnit.net 00:00:26.15]         C:\Users\hallam\Work\mmm\Libraries\Goedel.Command\Command.cs(224,0): at Goedel.Command.CommandLineInterpreterBase.Dispatcher(SortedDictionary`2 Entries, DescribeCommandEntry DefaultCommand, DispatchShell Dispatch, String[] Args, Int32 Index)&#xD;
[xUnit.net 00:00:26.15]         C:\Users\hallam\Work\mmm\Libraries\Goedel.Command\Command.cs(228,0): at Goedel.Command.CommandLineInterpreterBase.Dispatcher(SortedDictionary`2 Entries, DescribeCommandEntry DefaultCommand, DispatchShell Dispatch, String[] Args, Int32 Index)&#xD;
[xUnit.net 00:00:26.15]         C:\Users\hallam\Work\mmm\Testing\Goedel.Mesh.Test\TestShell.cs(241,0): at Goedel.Mesh.Test.TestCLI.Dispatch(String command, Boolean fail)&#xD;
[xUnit.net 00:00:26.15]         C:\Users\hallam\Work\mmm\Testing\Goedel.Mesh.Shell.Test-xunit\TestProfile.cs(429,0): at Goedel.XUnit.ShellTests.TestAuthCreate(TestCLI device1, TestCLI device2, String auth)&#xD;
[xUnit.net 00:00:26.15]         C:\Users\hallam\Work\mmm\Testing\Goedel.Mesh.Shell.Test-xunit\TestProfile.cs(283,0): at Goedel.XUnit.ShellTests.TestCreateSuper()&#xD;
[xUnit.net 00:00:26.63]       System.NullReferenceException : Object reference not set to an instance of an object.&#xD;
[xUnit.net 00:00:26.63]       Stack Trace:&#xD;
[xUnit.net 00:00:26.63]         C:\Users\hallam\Work\mmm\Mesh\Goedel.Mesh.Server\MeshDispatch.cs(136,0): at Goedel.Mesh.Server.PublicMeshService..ctor(IMeshMachine meshMachine, ServiceConfiguration serviceConfiguration, HostConfiguration hostConfiguration)&#xD;
[xUnit.net 00:00:26.63]         C:\Users\hallam\Work\mmm\Testing\Goedel.Mesh.Test\TestEnvironmentCommon.cs(203,0): at Goedel.Mesh.Test.TestEnvironmentCommon.get_MeshService()&#xD;
[xUnit.net 00:00:26.63]         C:\Users\hallam\Work\mmm\Testing\Goedel.Mesh.Test\TestEnvironmentCommon.cs(222,0): at Goedel.Mesh.Test.TestEnvironmentCommon.GetMeshClient(MeshMachineTest meshMachineTest, ICredentialPrivate credential, String serviceId, String accountAddress)&#xD;
[xUnit.net 00:00:26.63]         C:\Users\hallam\Work\mmm\Testing\Goedel.Mesh.Test\MeshMachineTest.cs(88,0): at Goedel.Mesh.Test.MeshMachineTest.GetMeshClient(ICredentialPrivate credential, String service, String accountAddress)&#xD;
[xUnit.net 00:00:26.63]         C:\Users\hallam\Work\mmm\Mesh\Goedel.Mesh.Client\ContextUser.cs(243,0): at Goedel.Mesh.Client.ContextUser.SetService(String accountAddress)&#xD;
[xUnit.net 00:00:26.63]         C:\Users\hallam\Work\mmm\Mesh\Goedel.Mesh.Client\MeshHost.cs(269,0): at Goedel.Mesh.Client.MeshHost.ConfigureMesh(String accountAddress, String localName, PrivateKeyUDF accountSeed, ProfileDevice profileDevice, List`1 rights, Boolean create)&#xD;
[xUnit.net 00:00:26.63]         C:\Users\hallam\Work\mmm\Testing\Goedel.Mesh.Test\MeshMachineTest.cs(120,0): at Goedel.Mesh.Test.MeshMachineTest.GenerateAccountUser(TestEnvironmentCommon testEnvironmentCommon, String machineName, String accountAddress, String localName)&#xD;
[xUnit.net 00:00:26.63]         C:\Users\hallam\Work\mmm\Testing\Goedel.Mesh.Protocol.Test-xunit\TestService.cs(279,0): at Goedel.XUnit.TestService.MeshDeviceConnectApprove()&#xD;
[xUnit.net 00:00:27.09]       System.NullReferenceException : Object reference not set to an instance of an object.&#xD;
[xUnit.net 00:00:27.09]       Stack Trace:&#xD;
[xUnit.net 00:00:27.09]         C:\Users\hallam\Work\mmm\Testing\Goedel.Mesh.Shell.Test-xunit\TestAccount.cs(118,0): at Goedel.XUnit.ShellTests.TestEscrowDeleteDevice()&#xD;
[xUnit.net 00:00:27.18]       Goedel.Mesh.ServiceAdmin.HostNotFound : Configuration for the host ServiceConfig.json could not be found&#xD;
[xUnit.net 00:00:27.18]       Stack Trace:&#xD;
[xUnit.net 00:00:27.18]         C:\Users\hallam\Work\mmm\Mesh\Goedel.Mesh.ServiceAdmin\ServiceDescription.cs(135,0): at Goedel.Mesh.ServiceAdmin.Configuration.GetHostConfiguration(String id)&#xD;
[xUnit.net 00:00:27.18]         C:\Users\hallam\Work\mmm\Mesh\Goedel.Mesh.Shell.Host\ShellDispatch.cs(156,0): at Goedel.Mesh.Shell.Host.Shell.HostStart(HostStart Options)&#xD;
[xUnit.net 00:00:27.18]         C:\Users\hallam\Work\mmm\Mesh\Goedel.Mesh.Shell.Host\anyhost.cs(172,0): at Goedel.Mesh.Shell.Host.CommandLineInterpreter.Handle_HostStart(DispatchShell DispatchIn, String[] Args, Int32 Index)&#xD;
[xUnit.net 00:00:27.18]         C:\Users\hallam\Work\mmm\Libraries\Goedel.Command\Command.cs(224,0): at Goedel.Command.CommandLineInterpreterBase.Dispatcher(SortedDictionary`2 Entries, DescribeCommandEntry DefaultCommand, DispatchShell Dispatch, String[] Args, Int32 Index)&#xD;
[xUnit.net 00:00:27.18]         C:\Users\hallam\Work\mmm\Mesh\Goedel.Mesh.Shell.Host\anyhost.cs(161,0): at Goedel.Mesh.Shell.Host.CommandLineInterpreter.MainMethod(Shell Dispatch, String[] Args)&#xD;
[xUnit.net 00:00:27.18]         C:\Users\hallam\Work\mmm\Testing\Goedel.Mesh.Test\TestEnvironmentCommon.cs(121,0): at Goedel.Mesh.Test.TestEnvironmentRdpShell.Host(String command)&#xD;
[xUnit.net 00:00:27.18]         C:\Users\hallam\Work\mmm\Testing\Goedel.Mesh.Test\TestEnvironmentCommon.cs(90,0): at Goedel.Mesh.Test.TestEnvironmentRdpShell.StartService()&#xD;
[xUnit.net 00:00:27.18]         C:\Users\hallam\Work\mmm\Testing\Goedel.Mesh.Test\TestEnvironmentCommon.cs(102,0): at Goedel.Mesh.Test.TestEnvironmentRdpShell.GetMeshClient(MeshMachineTest meshMachineTest, ICredentialPrivate credential, String service, String accountAddress)&#xD;
[xUnit.net 00:00:27.18]         C:\Users\hallam\Work\mmm\Testing\Goedel.Mesh.Test\MeshMachineTest.cs(88,0): at Goedel.Mesh.Test.MeshMachineTest.GetMeshClient(ICredentialPrivate credential, String service, String accountAddress)&#xD;
[xUnit.net 00:00:27.18]         C:\Users\hallam\Work\mmm\Mesh\Goedel.Mesh.Client\ContextUser.cs(243,0): at Goedel.Mesh.Client.ContextUser.SetService(String accountAddress)&#xD;
[xUnit.net 00:00:27.18]         C:\Users\hallam\Work\mmm\Mesh\Goedel.Mesh.Client\MeshHost.cs(269,0): at Goedel.Mesh.Client.MeshHost.ConfigureMesh(String accountAddress, String localName, PrivateKeyUDF accountSeed, ProfileDevice profileDevice, List`1 rights, Boolean create)&#xD;
[xUnit.net 00:00:27.18]         C:\Users\hallam\Work\mmm\Mesh\Goedel.Mesh.Shell\DispatchAccount.cs(68,0): at Goedel.Mesh.Shell.Shell.AccountCreate(AccountCreate options)&#xD;
[xUnit.net 00:00:27.18]         C:\Users\hallam\Work\mmm\Mesh\Goedel.Mesh.Shell\meshman.cs(520,0): at Goedel.Mesh.Shell.CommandLineInterpreter.Handle_AccountCreate(DispatchShell DispatchIn, String[] Args, Int32 Index)&#xD;
[xUnit.net 00:00:27.18]         C:\Users\hallam\Work\mmm\Libraries\Goedel.Command\Command.cs(224,0): at Goedel.Command.CommandLineInterpreterBase.Dispatcher(SortedDictionary`2 Entries, DescribeCommandEntry DefaultCommand, DispatchShell Dispatch, String[] Args, Int32 Index)&#xD;
[xUnit.net 00:00:27.18]         C:\Users\hallam\Work\mmm\Libraries\Goedel.Command\Command.cs(228,0): at Goedel.Command.CommandLineInterpreterBase.Dispatcher(SortedDictionary`2 Entries, DescribeCommandEntry DefaultCommand, DispatchShell Dispatch, String[] Args, Int32 Index)&#xD;
[xUnit.net 00:00:27.18]         C:\Users\hallam\Work\mmm\Testing\Goedel.Mesh.Test\TestShell.cs(241,0): at Goedel.Mesh.Test.TestCLI.Dispatch(String command, Boolean fail)&#xD;
[xUnit.net 00:00:27.18]         C:\Users\hallam\Work\mmm\Testing\Goedel.Mesh.Shell.Test-xunit\TestProfile.cs(259,0): at Goedel.XUnit.ShellTests.TestProfileConnectStaticQR()&#xD;
[xUnit.net 00:00:27.47]       System.NullReferenceException : Object reference not set to an instance of an object.&#xD;
[xUnit.net 00:00:27.47]       Stack Trace:&#xD;
[xUnit.net 00:00:27.47]         C:\Users\hallam\Work\mmm\Mesh\Goedel.Mesh.Server\MeshDispatch.cs(136,0): at Goedel.Mesh.Server.PublicMeshService..ctor(IMeshMachine meshMachine, ServiceConfiguration serviceConfiguration, HostConfiguration hostConfiguration)&#xD;
[xUnit.net 00:00:27.48]         C:\Users\hallam\Work\mmm\Testing\Goedel.Mesh.Test\TestEnvironmentCommon.cs(203,0): at Goedel.Mesh.Test.TestEnvironmentCommon.get_MeshService()&#xD;
[xUnit.net 00:00:27.48]         C:\Users\hallam\Work\mmm\Testing\Goedel.Mesh.Test\TestEnvironmentCommon.cs(222,0): at Goedel.Mesh.Test.TestEnvironmentCommon.GetMeshClient(MeshMachineTest meshMachineTest, ICredentialPrivate credential, String serviceId, String accountAddress)&#xD;
[xUnit.net 00:00:27.48]         C:\Users\hallam\Work\mmm\Testing\Goedel.Mesh.Test\MeshMachineTest.cs(88,0): at Goedel.Mesh.Test.MeshMachineTest.GetMeshClient(ICredentialPrivate credential, String service, String accountAddress)&#xD;
[xUnit.net 00:00:27.48]         C:\Users\hallam\Work\mmm\Mesh\Goedel.Mesh.Client\ContextUser.cs(243,0): at Goedel.Mesh.Client.ContextUser.SetService(String accountAddress)&#xD;
[xUnit.net 00:00:27.48]         C:\Users\hallam\Work\mmm\Mesh\Goedel.Mesh.Client\MeshHost.cs(269,0): at Goedel.Mesh.Client.MeshHost.ConfigureMesh(String accountAddress, String localName, PrivateKeyUDF accountSeed, ProfileDevice profileDevice, List`1 rights, Boolean create)&#xD;
[xUnit.net 00:00:27.48]         C:\Users\hallam\Work\mmm\Testing\Goedel.Mesh.Protocol.Test-xunit\TestService.cs(122,0): at Goedel.XUnit.TestService.MeshServiceEncryptCredential()&#xD;
[xUnit.net 00:00:28.01]       System.NullReferenceException : Object reference not set to an instance of an object.&#xD;
[xUnit.net 00:00:28.01]       Stack Trace:&#xD;
[xUnit.net 00:00:28.01]         C:\Users\hallam\Work\mmm\Mesh\Goedel.Mesh.Server\MeshDispatch.cs(136,0): at Goedel.Mesh.Server.PublicMeshService..ctor(IMeshMachine meshMachine, ServiceConfiguration serviceConfiguration, HostConfiguration hostConfiguration)&#xD;
[xUnit.net 00:00:28.01]         C:\Users\hallam\Work\mmm\Testing\Goedel.Mesh.Test\TestEnvironmentCommon.cs(203,0): at Goedel.Mesh.Test.TestEnvironmentCommon.get_MeshService()&#xD;
[xUnit.net 00:00:28.01]         C:\Users\hallam\Work\mmm\Testing\Goedel.Mesh.Test\TestEnvironmentCommon.cs(222,0): at Goedel.Mesh.Test.TestEnvironmentCommon.GetMeshClient(MeshMachineTest meshMachineTest, ICredentialPrivate credential, String serviceId, String accountAddress)&#xD;
[xUnit.net 00:00:28.01]         C:\Users\hallam\Work\mmm\Testing\Goedel.Mesh.Test\MeshMachineTest.cs(88,0): at Goedel.Mesh.Test.MeshMachineTest.GetMeshClient(ICredentialPrivate credential, String service, String accountAddress)&#xD;
[xUnit.net 00:00:28.01]         C:\Users\hallam\Work\mmm\Mesh\Goedel.Mesh.Client\ContextUser.cs(243,0): at Goedel.Mesh.Client.ContextUser.SetService(String accountAddress)&#xD;
[xUnit.net 00:00:28.01]         C:\Users\hallam\Work\mmm\Mesh\Goedel.Mesh.Client\MeshHost.cs(269,0): at Goedel.Mesh.Client.MeshHost.ConfigureMesh(String accountAddress, String localName, PrivateKeyUDF accountSeed, ProfileDevice profileDevice, List`1 rights, Boolean create)&#xD;
[xUnit.net 00:00:28.01]         C:\Users\hallam\Work\mmm\Mesh\Goedel.Mesh.Shell\DispatchAccount.cs(68,0): at Goedel.Mesh.Shell.Shell.AccountCreate(AccountCreate options)&#xD;
[xUnit.net 00:00:28.01]         C:\Users\hallam\Work\mmm\Mesh\Goedel.Mesh.Shell\meshman.cs(520,0): at Goedel.Mesh.Shell.CommandLineInterpreter.Handle_AccountCreate(DispatchShell DispatchIn, String[] Args, Int32 Index)&#xD;
[xUnit.net 00:00:28.01]         C:\Users\hallam\Work\mmm\Libraries\Goedel.Command\Command.cs(224,0): at Goedel.Command.CommandLineInterpreterBase.Dispatcher(SortedDictionary`2 Entries, DescribeCommandEntry DefaultCommand, DispatchShell Dispatch, String[] Args, Int32 Index)&#xD;
[xUnit.net 00:00:28.01]         C:\Users\hallam\Work\mmm\Libraries\Goedel.Command\Command.cs(228,0): at Goedel.Command.CommandLineInterpreterBase.Dispatcher(SortedDictionary`2 Entries, DescribeCommandEntry DefaultCommand, DispatchShell Dispatch, String[] Args, Int32 Index)&#xD;
[xUnit.net 00:00:28.01]         C:\Users\hallam\Work\mmm\Testing\Goedel.Mesh.Test\TestShell.cs(241,0): at Goedel.Mesh.Test.TestCLI.Dispatch(String command, Boolean fail)&#xD;
[xUnit.net 00:00:28.01]         C:\Users\hallam\Work\mmm\Testing\Goedel.Mesh.Shell.Test-xunit\TestProfile.cs(229,0): at Goedel.XUnit.ShellTests.TestProfileConnectDynamicQR()&#xD;
[xUnit.net 00:00:28.76]       System.NullReferenceException : Object reference not set to an instance of an object.&#xD;
[xUnit.net 00:00:28.76]       Stack Trace:&#xD;
[xUnit.net 00:00:28.76]         C:\Users\hallam\Work\mmm\Mesh\Goedel.Mesh.Server\MeshDispatch.cs(136,0): at Goedel.Mesh.Server.PublicMeshService..ctor(IMeshMachine meshMachine, ServiceConfiguration serviceConfiguration, HostConfiguration hostConfiguration)&#xD;
[xUnit.net 00:00:28.76]         C:\Users\hallam\Work\mmm\Testing\Goedel.Mesh.Test\TestEnvironmentCommon.cs(203,0): at Goedel.Mesh.Test.TestEnvironmentCommon.get_MeshService()&#xD;
[xUnit.net 00:00:28.76]         C:\Users\hallam\Work\mmm\Testing\Goedel.Mesh.Test\TestEnvironmentCommon.cs(222,0): at Goedel.Mesh.Test.TestEnvironmentCommon.GetMeshClient(MeshMachineTest meshMachineTest, ICredentialPrivate credential, String serviceId, String accountAddress)&#xD;
[xUnit.net 00:00:28.76]         C:\Users\hallam\Work\mmm\Testing\Goedel.Mesh.Test\MeshMachineTest.cs(88,0): at Goedel.Mesh.Test.MeshMachineTest.GetMeshClient(ICredentialPrivate credential, String service, String accountAddress)&#xD;
[xUnit.net 00:00:28.76]         C:\Users\hallam\Work\mmm\Mesh\Goedel.Mesh.Client\ContextUser.cs(243,0): at Goedel.Mesh.Client.ContextUser.SetService(String accountAddress)&#xD;
[xUnit.net 00:00:28.76]         C:\Users\hallam\Work\mmm\Mesh\Goedel.Mesh.Client\MeshHost.cs(269,0): at Goedel.Mesh.Client.MeshHost.ConfigureMesh(String accountAddress, String localName, PrivateKeyUDF accountSeed, ProfileDevice profileDevice, List`1 rights, Boolean create)&#xD;
[xUnit.net 00:00:28.76]         C:\Users\hallam\Work\mmm\Testing\Goedel.Mesh.Test\MeshMachineTest.cs(120,0): at Goedel.Mesh.Test.MeshMachineTest.GenerateAccountUser(TestEnvironmentCommon testEnvironmentCommon, String machineName, String accountAddress, String localName)&#xD;
[xUnit.net 00:00:28.76]         C:\Users\hallam\Work\mmm\Testing\Goedel.Mesh.Protocol.Test-xunit\MeshCredential.cs(129,0): at Goedel.XUnit.TestService.TestCredentialAccountFails(DataValidity dataValidity)&#xD;
[xUnit.net 00:00:28.79]       Goedel.Mesh.ServiceAdmin.HostNotFound : Configuration for the host ServiceConfig.json could not be found&#xD;
[xUnit.net 00:00:28.79]       Stack Trace:&#xD;
[xUnit.net 00:00:28.79]         C:\Users\hallam\Work\mmm\Mesh\Goedel.Mesh.ServiceAdmin\ServiceDescription.cs(135,0): at Goedel.Mesh.ServiceAdmin.Configuration.GetHostConfiguration(String id)&#xD;
[xUnit.net 00:00:28.79]         C:\Users\hallam\Work\mmm\Mesh\Goedel.Mesh.Shell.Host\ShellDispatch.cs(156,0): at Goedel.Mesh.Shell.Host.Shell.HostStart(HostStart Options)&#xD;
[xUnit.net 00:00:28.79]         C:\Users\hallam\Work\mmm\Mesh\Goedel.Mesh.Shell.Host\anyhost.cs(172,0): at Goedel.Mesh.Shell.Host.CommandLineInterpreter.Handle_HostStart(DispatchShell DispatchIn, String[] Args, Int32 Index)&#xD;
[xUnit.net 00:00:28.79]         C:\Users\hallam\Work\mmm\Libraries\Goedel.Command\Command.cs(224,0): at Goedel.Command.CommandLineInterpreterBase.Dispatcher(SortedDictionary`2 Entries, DescribeCommandEntry DefaultCommand, DispatchShell Dispatch, String[] Args, Int32 Index)&#xD;
[xUnit.net 00:00:28.79]         C:\Users\hallam\Work\mmm\Mesh\Goedel.Mesh.Shell.Host\anyhost.cs(161,0): at Goedel.Mesh.Shell.Host.CommandLineInterpreter.MainMethod(Shell Dispatch, String[] Args)&#xD;
[xUnit.net 00:00:28.79]         C:\Users\hallam\Work\mmm\Testing\Goedel.Mesh.Test\TestEnvironmentCommon.cs(121,0): at Goedel.Mesh.Test.TestEnvironmentRdpShell.Host(String command)&#xD;
[xUnit.net 00:00:28.79]         C:\Users\hallam\Work\mmm\Testing\Goedel.Mesh.Test\TestEnvironmentCommon.cs(90,0): at Goedel.Mesh.Test.TestEnvironmentRdpShell.StartService()&#xD;
[xUnit.net 00:00:28.79]         C:\Users\hallam\Work\mmm\Testing\Goedel.Mesh.Test\TestEnvironmentCommon.cs(102,0): at Goedel.Mesh.Test.TestEnvironmentRdpShell.GetMeshClient(MeshMachineTest meshMachineTest, ICredentialPrivate credential, String service, String accountAddress)&#xD;
[xUnit.net 00:00:28.79]         C:\Users\hallam\Work\mmm\Testing\Goedel.Mesh.Test\MeshMachineTest.cs(88,0): at Goedel.Mesh.Test.MeshMachineTest.GetMeshClient(ICredentialPrivate credential, String service, String accountAddress)&#xD;
[xUnit.net 00:00:28.79]         C:\Users\hallam\Work\mmm\Mesh\Goedel.Mesh.Client\ContextUser.cs(243,0): at Goedel.Mesh.Client.ContextUser.SetService(String accountAddress)&#xD;
[xUnit.net 00:00:28.79]         C:\Users\hallam\Work\mmm\Mesh\Goedel.Mesh.Client\MeshHost.cs(269,0): at Goedel.Mesh.Client.MeshHost.ConfigureMesh(String accountAddress, String localName, PrivateKeyUDF accountSeed, ProfileDevice profileDevice, List`1 rights, Boolean create)&#xD;
[xUnit.net 00:00:28.79]         C:\Users\hallam\Work\mmm\Mesh\Goedel.Mesh.Shell\DispatchAccount.cs(68,0): at Goedel.Mesh.Shell.Shell.AccountCreate(AccountCreate options)&#xD;
[xUnit.net 00:00:28.79]         C:\Users\hallam\Work\mmm\Mesh\Goedel.Mesh.Shell\meshman.cs(520,0): at Goedel.Mesh.Shell.CommandLineInterpreter.Handle_AccountCreate(DispatchShell DispatchIn, String[] Args, Int32 Index)&#xD;
[xUnit.net 00:00:28.79]         C:\Users\hallam\Work\mmm\Libraries\Goedel.Command\Command.cs(224,0): at Goedel.Command.CommandLineInterpreterBase.Dispatcher(SortedDictionary`2 Entries, DescribeCommandEntry DefaultCommand, DispatchShell Dispatch, String[] Args, Int32 Index)&#xD;
[xUnit.net 00:00:28.79]         C:\Users\hallam\Work\mmm\Libraries\Goedel.Command\Command.cs(228,0): at Goedel.Command.CommandLineInterpreterBase.Dispatcher(SortedDictionary`2 Entries, DescribeCommandEntry DefaultCommand, DispatchShell Dispatch, String[] Args, Int32 Index)&#xD;
[xUnit.net 00:00:28.79]         C:\Users\hallam\Work\mmm\Testing\Goedel.Mesh.Test\TestShell.cs(241,0): at Goedel.Mesh.Test.TestCLI.Dispatch(String command, Boolean fail)&#xD;
[xUnit.net 00:00:28.79]         C:\Users\hallam\Work\mmm\Testing\Goedel.Mesh.Shell.Test-xunit\TestMessage.cs(246,0): at Goedel.XUnit.ShellTests.CreateMasterDevice(String name, String account)&#xD;
[xUnit.net 00:00:28.79]         C:\Users\hallam\Work\mmm\Testing\Goedel.Mesh.Shell.Test-xunit\TestMessage.cs(238,0): at Goedel.XUnit.ShellTests.CreateAlice(TestCLI&amp; device1, TestCLI&amp; device2)&#xD;
[xUnit.net 00:00:28.79]         C:\Users\hallam\Work\mmm\Testing\Goedel.Mesh.Shell.Test-xunit\TestMail.cs(39,0): at Goedel.XUnit.ShellTests.TestProfileMail()&#xD;
[xUnit.net 00:00:28.96]       System.NullReferenceException : Object reference not set to an instance of an object.&#xD;
[xUnit.net 00:00:28.96]       Stack Trace:&#xD;
[xUnit.net 00:00:28.96]         C:\Users\hallam\Work\mmm\Mesh\Goedel.Mesh.Server\MeshDispatch.cs(136,0): at Goedel.Mesh.Server.PublicMeshService..ctor(IMeshMachine meshMachine, ServiceConfiguration serviceConfiguration, HostConfiguration hostConfiguration)&#xD;
[xUnit.net 00:00:28.96]         C:\Users\hallam\Work\mmm\Testing\Goedel.Mesh.Test\TestEnvironmentCommon.cs(203,0): at Goedel.Mesh.Test.TestEnvironmentCommon.get_MeshService()&#xD;
[xUnit.net 00:00:28.96]         C:\Users\hallam\Work\mmm\Testing\Goedel.Mesh.Test\TestEnvironmentCommon.cs(222,0): at Goedel.Mesh.Test.TestEnvironmentCommon.GetMeshClient(MeshMachineTest meshMachineTest, ICredentialPrivate credential, String serviceId, String accountAddress)&#xD;
[xUnit.net 00:00:28.96]         C:\Users\hallam\Work\mmm\Testing\Goedel.Mesh.Test\MeshMachineTest.cs(88,0): at Goedel.Mesh.Test.MeshMachineTest.GetMeshClient(ICredentialPrivate credential, String service, String accountAddress)&#xD;
[xUnit.net 00:00:28.96]         C:\Users\hallam\Work\mmm\Mesh\Goedel.Mesh.Client\ContextUser.cs(243,0): at Goedel.Mesh.Client.ContextUser.SetService(String accountAddress)&#xD;
[xUnit.net 00:00:28.96]         C:\Users\hallam\Work\mmm\Mesh\Goedel.Mesh.Client\MeshHost.cs(269,0): at Goedel.Mesh.Client.MeshHost.ConfigureMesh(String accountAddress, String localName, PrivateKeyUDF accountSeed, ProfileDevice profileDevice, List`1 rights, Boolean create)&#xD;
[xUnit.net 00:00:28.96]         C:\Users\hallam\Work\mmm\Mesh\Goedel.Mesh.Shell\DispatchAccount.cs(68,0): at Goedel.Mesh.Shell.Shell.AccountCreate(AccountCreate options)&#xD;
[xUnit.net 00:00:28.96]         C:\Users\hallam\Work\mmm\Mesh\Goedel.Mesh.Shell\meshman.cs(520,0): at Goedel.Mesh.Shell.CommandLineInterpreter.Handle_AccountCreate(DispatchShell DispatchIn, String[] Args, Int32 Index)&#xD;
[xUnit.net 00:00:28.96]         C:\Users\hallam\Work\mmm\Libraries\Goedel.Command\Command.cs(224,0): at Goedel.Command.CommandLineInterpreterBase.Dispatcher(SortedDictionary`2 Entries, DescribeCommandEntry DefaultCommand, DispatchShell Dispatch, String[] Args, Int32 Index)&#xD;
[xUnit.net 00:00:28.96]         C:\Users\hallam\Work\mmm\Libraries\Goedel.Command\Command.cs(228,0): at Goedel.Command.CommandLineInterpreterBase.Dispatcher(SortedDictionary`2 Entries, DescribeCommandEntry DefaultCommand, DispatchShell Dispatch, String[] Args, Int32 Index)&#xD;
[xUnit.net 00:00:28.96]         C:\Users\hallam\Work\mmm\Testing\Goedel.Mesh.Test\TestShell.cs(241,0): at Goedel.Mesh.Test.TestCLI.Dispatch(String command, Boolean fail)&#xD;
[xUnit.net 00:00:28.96]         C:\Users\hallam\Work\mmm\Testing\Goedel.Mesh.Shell.Test-xunit\TestProfile.cs(429,0): at Goedel.XUnit.ShellTests.TestAuthCreate(TestCLI device1, TestCLI device2, String auth)&#xD;
[xUnit.net 00:00:28.96]         C:\Users\hallam\Work\mmm\Testing\Goedel.Mesh.Shell.Test-xunit\TestProfile.cs(401,0): at Goedel.XUnit.ShellTests.TestCreateDevice()&#xD;
[xUnit.net 00:00:29.62]       System.NullReferenceException : Object reference not set to an instance of an object.&#xD;
[xUnit.net 00:00:29.62]       Stack Trace:&#xD;
[xUnit.net 00:00:29.62]         C:\Users\hallam\Work\mmm\Mesh\Goedel.Mesh.Server\MeshDispatch.cs(136,0): at Goedel.Mesh.Server.PublicMeshService..ctor(IMeshMachine meshMachine, ServiceConfiguration serviceConfiguration, HostConfiguration hostConfiguration)&#xD;
[xUnit.net 00:00:29.62]         C:\Users\hallam\Work\mmm\Testing\Goedel.Mesh.Test\TestEnvironmentCommon.cs(203,0): at Goedel.Mesh.Test.TestEnvironmentCommon.get_MeshService()&#xD;
[xUnit.net 00:00:29.62]         C:\Users\hallam\Work\mmm\Testing\Goedel.Mesh.Test\TestEnvironmentCommon.cs(222,0): at Goedel.Mesh.Test.TestEnvironmentCommon.GetMeshClient(MeshMachineTest meshMachineTest, ICredentialPrivate credential, String serviceId, String accountAddress)&#xD;
[xUnit.net 00:00:29.62]         C:\Users\hallam\Work\mmm\Testing\Goedel.Mesh.Test\MeshMachineTest.cs(88,0): at Goedel.Mesh.Test.MeshMachineTest.GetMeshClient(ICredentialPrivate credential, String service, String accountAddress)&#xD;
[xUnit.net 00:00:29.62]         C:\Users\hallam\Work\mmm\Mesh\Goedel.Mesh.Client\ContextUser.cs(243,0): at Goedel.Mesh.Client.ContextUser.SetService(String accountAddress)&#xD;
[xUnit.net 00:00:29.62]         C:\Users\hallam\Work\mmm\Mesh\Goedel.Mesh.Client\MeshHost.cs(269,0): at Goedel.Mesh.Client.MeshHost.ConfigureMesh(String accountAddress, String localName, PrivateKeyUDF accountSeed, ProfileDevice profileDevice, List`1 rights, Boolean create)&#xD;
[xUnit.net 00:00:29.62]         C:\Users\hallam\Work\mmm\Testing\Goedel.Mesh.Test\MeshMachineTest.cs(120,0): at Goedel.Mesh.Test.MeshMachineTest.GenerateAccountUser(TestEnvironmentCommon testEnvironmentCommon, String machineName, String accountAddress, String localName)&#xD;
[xUnit.net 00:00:29.62]         C:\Users\hallam\Work\mmm\Testing\Goedel.Mesh.Protocol.Test-xunit\MeshCredential.cs(129,0): at Goedel.XUnit.TestService.TestCredentialAccountFails(DataValidity dataValidity)&#xD;
[xUnit.net 00:00:29.92]       System.NullReferenceException : Object reference not set to an instance of an object.&#xD;
[xUnit.net 00:00:29.92]       Stack Trace:&#xD;
[xUnit.net 00:00:29.92]         C:\Users\hallam\Work\mmm\Mesh\Goedel.Mesh.Server\MeshDispatch.cs(136,0): at Goedel.Mesh.Server.PublicMeshService..ctor(IMeshMachine meshMachine, ServiceConfiguration serviceConfiguration, HostConfiguration hostConfiguration)&#xD;
[xUnit.net 00:00:29.92]         C:\Users\hallam\Work\mmm\Testing\Goedel.Mesh.Test\TestEnvironmentCommon.cs(203,0): at Goedel.Mesh.Test.TestEnvironmentCommon.get_MeshService()&#xD;
[xUnit.net 00:00:29.92]         C:\Users\hallam\Work\mmm\Testing\Goedel.Mesh.Test\TestEnvironmentCommon.cs(222,0): at Goedel.Mesh.Test.TestEnvironmentCommon.GetMeshClient(MeshMachineTest meshMachineTest, ICredentialPrivate credential, String serviceId, String accountAddress)&#xD;
[xUnit.net 00:00:29.92]         C:\Users\hallam\Work\mmm\Testing\Goedel.Mesh.Test\MeshMachineTest.cs(88,0): at Goedel.Mesh.Test.MeshMachineTest.GetMeshClient(ICredentialPrivate credential, String service, String accountAddress)&#xD;
[xUnit.net 00:00:29.92]         C:\Users\hallam\Work\mmm\Mesh\Goedel.Mesh.Client\ContextUser.cs(243,0): at Goedel.Mesh.Client.ContextUser.SetService(String accountAddress)&#xD;
[xUnit.net 00:00:29.92]         C:\Users\hallam\Work\mmm\Mesh\Goedel.Mesh.Client\MeshHost.cs(269,0): at Goedel.Mesh.Client.MeshHost.ConfigureMesh(String accountAddress, String localName, PrivateKeyUDF accountSeed, ProfileDevice profileDevice, List`1 rights, Boolean create)&#xD;
[xUnit.net 00:00:29.92]         C:\Users\hallam\Work\mmm\Mesh\Goedel.Mesh.Shell\DispatchAccount.cs(68,0): at Goedel.Mesh.Shell.Shell.AccountCreate(AccountCreate options)&#xD;
[xUnit.net 00:00:29.92]         C:\Users\hallam\Work\mmm\Mesh\Goedel.Mesh.Shell\meshman.cs(520,0): at Goedel.Mesh.Shell.CommandLineInterpreter.Handle_AccountCreate(DispatchShell DispatchIn, String[] Args, Int32 Index)&#xD;
[xUnit.net 00:00:29.92]         C:\Users\hallam\Work\mmm\Libraries\Goedel.Command\Command.cs(224,0): at Goedel.Command.CommandLineInterpreterBase.Dispatcher(SortedDictionary`2 Entries, DescribeCommandEntry DefaultCommand, DispatchShell Dispatch, String[] Args, Int32 Index)&#xD;
[xUnit.net 00:00:29.92]         C:\Users\hallam\Work\mmm\Libraries\Goedel.Command\Command.cs(228,0): at Goedel.Command.CommandLineInterpreterBase.Dispatcher(SortedDictionary`2 Entries, DescribeCommandEntry DefaultCommand, DispatchShell Dispatch, String[] Args, Int32 Index)&#xD;
[xUnit.net 00:00:29.92]         C:\Users\hallam\Work\mmm\Testing\Goedel.Mesh.Test\TestShell.cs(241,0): at Goedel.Mesh.Test.TestCLI.Dispatch(String command, Boolean fail)&#xD;
[xUnit.net 00:00:29.92]         C:\Users\hallam\Work\mmm\Testing\Goedel.Mesh.Shell.Test-xunit\TestCatalog.cs(98,0): at Goedel.XUnit.ShellTests.TestProfileContact()&#xD;
[xUnit.net 00:00:30.61]       System.NullReferenceException : Object reference not set to an instance of an object.&#xD;
[xUnit.net 00:00:30.61]       Stack Trace:&#xD;
[xUnit.net 00:00:30.61]         C:\Users\hallam\Work\mmm\Mesh\Goedel.Mesh.Server\MeshDispatch.cs(136,0): at Goedel.Mesh.Server.PublicMeshService..ctor(IMeshMachine meshMachine, ServiceConfiguration serviceConfiguration, HostConfiguration hostConfiguration)&#xD;
[xUnit.net 00:00:30.61]         C:\Users\hallam\Work\mmm\Testing\Goedel.Mesh.Test\TestEnvironmentCommon.cs(203,0): at Goedel.Mesh.Test.TestEnvironmentCommon.get_MeshService()&#xD;
[xUnit.net 00:00:30.61]         C:\Users\hallam\Work\mmm\Testing\Goedel.Mesh.Test\TestEnvironmentCommon.cs(222,0): at Goedel.Mesh.Test.TestEnvironmentCommon.GetMeshClient(MeshMachineTest meshMachineTest, ICredentialPrivate credential, String serviceId, String accountAddress)&#xD;
[xUnit.net 00:00:30.61]         C:\Users\hallam\Work\mmm\Testing\Goedel.Mesh.Test\MeshMachineTest.cs(88,0): at Goedel.Mesh.Test.MeshMachineTest.GetMeshClient(ICredentialPrivate credential, String service, String accountAddress)&#xD;
[xUnit.net 00:00:30.61]         C:\Users\hallam\Work\mmm\Mesh\Goedel.Mesh.Client\ContextUser.cs(243,0): at Goedel.Mesh.Client.ContextUser.SetService(String accountAddress)&#xD;
[xUnit.net 00:00:30.61]         C:\Users\hallam\Work\mmm\Mesh\Goedel.Mesh.Client\MeshHost.cs(269,0): at Goedel.Mesh.Client.MeshHost.ConfigureMesh(String accountAddress, String localName, PrivateKeyUDF accountSeed, ProfileDevice profileDevice, List`1 rights, Boolean create)&#xD;
[xUnit.net 00:00:30.61]         C:\Users\hallam\Work\mmm\Testing\Goedel.Mesh.Test\MeshMachineTest.cs(120,0): at Goedel.Mesh.Test.MeshMachineTest.GenerateAccountUser(TestEnvironmentCommon testEnvironmentCommon, String machineName, String accountAddress, String localName)&#xD;
[xUnit.net 00:00:30.61]         C:\Users\hallam\Work\mmm\Testing\Goedel.Mesh.Protocol.Test-xunit\MeshCredential.cs(129,0): at Goedel.XUnit.TestService.TestCredentialAccountFails(DataValidity dataValidity)&#xD;
[xUnit.net 00:00:30.52]       Goedel.Mesh.ServiceAdmin.HostNotFound : Configuration for the host ServiceConfig.json could not be found&#xD;
[xUnit.net 00:00:30.52]       Stack Trace:&#xD;
[xUnit.net 00:00:30.52]         C:\Users\hallam\Work\mmm\Mesh\Goedel.Mesh.ServiceAdmin\ServiceDescription.cs(135,0): at Goedel.Mesh.ServiceAdmin.Configuration.GetHostConfiguration(String id)&#xD;
[xUnit.net 00:00:30.52]         C:\Users\hallam\Work\mmm\Mesh\Goedel.Mesh.Shell.Host\ShellDispatch.cs(156,0): at Goedel.Mesh.Shell.Host.Shell.HostStart(HostStart Options)&#xD;
[xUnit.net 00:00:30.52]         C:\Users\hallam\Work\mmm\Mesh\Goedel.Mesh.Shell.Host\anyhost.cs(172,0): at Goedel.Mesh.Shell.Host.CommandLineInterpreter.Handle_HostStart(DispatchShell DispatchIn, String[] Args, Int32 Index)&#xD;
[xUnit.net 00:00:30.52]         C:\Users\hallam\Work\mmm\Libraries\Goedel.Command\Command.cs(224,0): at Goedel.Command.CommandLineInterpreterBase.Dispatcher(SortedDictionary`2 Entries, DescribeCommandEntry DefaultCommand, DispatchShell Dispatch, String[] Args, Int32 Index)&#xD;
[xUnit.net 00:00:30.52]         C:\Users\hallam\Work\mmm\Mesh\Goedel.Mesh.Shell.Host\anyhost.cs(161,0): at Goedel.Mesh.Shell.Host.CommandLineInterpreter.MainMethod(Shell Dispatch, String[] Args)&#xD;
[xUnit.net 00:00:30.52]         C:\Users\hallam\Work\mmm\Testing\Goedel.Mesh.Test\TestEnvironmentCommon.cs(121,0): at Goedel.Mesh.Test.TestEnvironmentRdpShell.Host(String command)&#xD;
[xUnit.net 00:00:30.52]         C:\Users\hallam\Work\mmm\Testing\Goedel.Mesh.Test\TestEnvironmentCommon.cs(90,0): at Goedel.Mesh.Test.TestEnvironmentRdpShell.StartService()&#xD;
[xUnit.net 00:00:30.52]         C:\Users\hallam\Work\mmm\Testing\Goedel.Mesh.Test\TestEnvironmentCommon.cs(102,0): at Goedel.Mesh.Test.TestEnvironmentRdpShell.GetMeshClient(MeshMachineTest meshMachineTest, ICredentialPrivate credential, String service, String accountAddress)&#xD;
[xUnit.net 00:00:30.52]         C:\Users\hallam\Work\mmm\Testing\Goedel.Mesh.Test\MeshMachineTest.cs(88,0): at Goedel.Mesh.Test.MeshMachineTest.GetMeshClient(ICredentialPrivate credential, String service, String accountAddress)&#xD;
[xUnit.net 00:00:30.52]         C:\Users\hallam\Work\mmm\Mesh\Goedel.Mesh.Client\ContextUser.cs(243,0): at Goedel.Mesh.Client.ContextUser.SetService(String accountAddress)&#xD;
[xUnit.net 00:00:30.52]         C:\Users\hallam\Work\mmm\Mesh\Goedel.Mesh.Client\MeshHost.cs(269,0): at Goedel.Mesh.Client.MeshHost.ConfigureMesh(String accountAddress, String localName, PrivateKeyUDF accountSeed, ProfileDevice profileDevice, List`1 rights, Boolean create)&#xD;
[xUnit.net 00:00:30.52]         C:\Users\hallam\Work\mmm\Mesh\Goedel.Mesh.Shell\DispatchAccount.cs(68,0): at Goedel.Mesh.Shell.Shell.AccountCreate(AccountCreate options)&#xD;
[xUnit.net 00:00:30.52]         C:\Users\hallam\Work\mmm\Mesh\Goedel.Mesh.Shell\meshman.cs(520,0): at Goedel.Mesh.Shell.CommandLineInterpreter.Handle_AccountCreate(DispatchShell DispatchIn, String[] Args, Int32 Index)&#xD;
[xUnit.net 00:00:30.52]         C:\Users\hallam\Work\mmm\Libraries\Goedel.Command\Command.cs(224,0): at Goedel.Command.CommandLineInterpreterBase.Dispatcher(SortedDictionary`2 Entries, DescribeCommandEntry DefaultCommand, DispatchShell Dispatch, String[] Args, Int32 Index)&#xD;
[xUnit.net 00:00:30.52]         C:\Users\hallam\Work\mmm\Libraries\Goedel.Command\Command.cs(228,0): at Goedel.Command.CommandLineInterpreterBase.Dispatcher(SortedDictionary`2 Entries, DescribeCommandEntry DefaultCommand, DispatchShell Dispatch, String[] Args, Int32 Index)&#xD;
[xUnit.net 00:00:30.52]         C:\Users\hallam\Work\mmm\Testing\Goedel.Mesh.Test\TestShell.cs(241,0): at Goedel.Mesh.Test.TestCLI.Dispatch(String command, Boolean fail)&#xD;
[xUnit.net 00:00:30.52]         C:\Users\hallam\Work\mmm\Testing\Goedel.Mesh.Shell.Test-xunit\TestProfile.cs(80,0): at Goedel.XUnit.ShellTests.TestProfileConnect()&#xD;
[xUnit.net 00:00:31.08]       System.NullReferenceException : Object reference not set to an instance of an object.&#xD;
[xUnit.net 00:00:31.08]       Stack Trace:&#xD;
[xUnit.net 00:00:31.08]         C:\Users\hallam\Work\mmm\Mesh\Goedel.Mesh.Server\MeshDispatch.cs(136,0): at Goedel.Mesh.Server.PublicMeshService..ctor(IMeshMachine meshMachine, ServiceConfiguration serviceConfiguration, HostConfiguration hostConfiguration)&#xD;
[xUnit.net 00:00:31.08]         C:\Users\hallam\Work\mmm\Testing\Goedel.Mesh.Test\TestEnvironmentCommon.cs(203,0): at Goedel.Mesh.Test.TestEnvironmentCommon.get_MeshService()&#xD;
[xUnit.net 00:00:31.08]         C:\Users\hallam\Work\mmm\Testing\Goedel.Mesh.Test\TestEnvironmentCommon.cs(222,0): at Goedel.Mesh.Test.TestEnvironmentCommon.GetMeshClient(MeshMachineTest meshMachineTest, ICredentialPrivate credential, String serviceId, String accountAddress)&#xD;
[xUnit.net 00:00:31.08]         C:\Users\hallam\Work\mmm\Testing\Goedel.Mesh.Test\MeshMachineTest.cs(88,0): at Goedel.Mesh.Test.MeshMachineTest.GetMeshClient(ICredentialPrivate credential, String service, String accountAddress)&#xD;
[xUnit.net 00:00:31.08]         C:\Users\hallam\Work\mmm\Mesh\Goedel.Mesh.Client\ContextUser.cs(243,0): at Goedel.Mesh.Client.ContextUser.SetService(String accountAddress)&#xD;
[xUnit.net 00:00:31.08]         C:\Users\hallam\Work\mmm\Mesh\Goedel.Mesh.Client\MeshHost.cs(269,0): at Goedel.Mesh.Client.MeshHost.ConfigureMesh(String accountAddress, String localName, PrivateKeyUDF accountSeed, ProfileDevice profileDevice, List`1 rights, Boolean create)&#xD;
[xUnit.net 00:00:31.08]         C:\Users\hallam\Work\mmm\Mesh\Goedel.Mesh.Shell\DispatchAccount.cs(68,0): at Goedel.Mesh.Shell.Shell.AccountCreate(AccountCreate options)&#xD;
[xUnit.net 00:00:31.08]         C:\Users\hallam\Work\mmm\Mesh\Goedel.Mesh.Shell\meshman.cs(520,0): at Goedel.Mesh.Shell.CommandLineInterpreter.Handle_AccountCreate(DispatchShell DispatchIn, String[] Args, Int32 Index)&#xD;
[xUnit.net 00:00:31.08]         C:\Users\hallam\Work\mmm\Libraries\Goedel.Command\Command.cs(224,0): at Goedel.Command.CommandLineInterpreterBase.Dispatcher(SortedDictionary`2 Entries, DescribeCommandEntry DefaultCommand, DispatchShell Dispatch, String[] Args, Int32 Index)&#xD;
[xUnit.net 00:00:31.08]         C:\Users\hallam\Work\mmm\Libraries\Goedel.Command\Command.cs(228,0): at Goedel.Command.CommandLineInterpreterBase.Dispatcher(SortedDictionary`2 Entries, DescribeCommandEntry DefaultCommand, DispatchShell Dispatch, String[] Args, Int32 Index)&#xD;
[xUnit.net 00:00:31.08]         C:\Users\hallam\Work\mmm\Testing\Goedel.Mesh.Test\TestShell.cs(241,0): at Goedel.Mesh.Test.TestCLI.Dispatch(String command, Boolean fail)&#xD;
[xUnit.net 00:00:31.08]         C:\Users\hallam\Work\mmm\Testing\Goedel.Mesh.Shell.Test-xunit\TestProfile.cs(80,0): at Goedel.XUnit.ShellTests.TestProfileConnect()&#xD;
[xUnit.net 00:00:31.75]       System.NullReferenceException : Object reference not set to an instance of an object.&#xD;
[xUnit.net 00:00:31.75]       Stack Trace:&#xD;
[xUnit.net 00:00:31.75]         C:\Users\hallam\Work\mmm\Mesh\Goedel.Mesh.Server\MeshDispatch.cs(136,0): at Goedel.Mesh.Server.PublicMeshService..ctor(IMeshMachine meshMachine, ServiceConfiguration serviceConfiguration, HostConfiguration hostConfiguration)&#xD;
[xUnit.net 00:00:31.75]         C:\Users\hallam\Work\mmm\Testing\Goedel.Mesh.Test\TestEnvironmentCommon.cs(203,0): at Goedel.Mesh.Test.TestEnvironmentCommon.get_MeshService()&#xD;
[xUnit.net 00:00:31.75]         C:\Users\hallam\Work\mmm\Testing\Goedel.Mesh.Test\TestEnvironmentCommon.cs(222,0): at Goedel.Mesh.Test.TestEnvironmentCommon.GetMeshClient(MeshMachineTest meshMachineTest, ICredentialPrivate credential, String serviceId, String accountAddress)&#xD;
[xUnit.net 00:00:31.75]         C:\Users\hallam\Work\mmm\Testing\Goedel.Mesh.Test\MeshMachineTest.cs(88,0): at Goedel.Mesh.Test.MeshMachineTest.GetMeshClient(ICredentialPrivate credential, String service, String accountAddress)&#xD;
[xUnit.net 00:00:31.75]         C:\Users\hallam\Work\mmm\Mesh\Goedel.Mesh.Client\ContextUser.cs(243,0): at Goedel.Mesh.Client.ContextUser.SetService(String accountAddress)&#xD;
[xUnit.net 00:00:31.75]         C:\Users\hallam\Work\mmm\Mesh\Goedel.Mesh.Client\MeshHost.cs(269,0): at Goedel.Mesh.Client.MeshHost.ConfigureMesh(String accountAddress, String localName, PrivateKeyUDF accountSeed, ProfileDevice profileDevice, List`1 rights, Boolean create)&#xD;
[xUnit.net 00:00:31.75]         C:\Users\hallam\Work\mmm\Testing\Goedel.Mesh.Test\MeshMachineTest.cs(120,0): at Goedel.Mesh.Test.MeshMachineTest.GenerateAccountUser(TestEnvironmentCommon testEnvironmentCommon, String machineName, String accountAddress, String localName)&#xD;
[xUnit.net 00:00:31.75]         C:\Users\hallam\Work\mmm\Testing\Goedel.Mesh.Protocol.Test-xunit\MeshCredential.cs(129,0): at Goedel.XUnit.TestService.TestCredentialAccountFails(DataValidity dataValidity)&#xD;
[xUnit.net 00:00:32.08]       System.NullReferenceException : Object reference not set to an instance of an object.&#xD;
[xUnit.net 00:00:32.08]       Stack Trace:&#xD;
[xUnit.net 00:00:32.08]         C:\Users\hallam\Work\mmm\Mesh\Goedel.Mesh.Server\MeshDispatch.cs(136,0): at Goedel.Mesh.Server.PublicMeshService..ctor(IMeshMachine meshMachine, ServiceConfiguration serviceConfiguration, HostConfiguration hostConfiguration)&#xD;
[xUnit.net 00:00:32.08]         C:\Users\hallam\Work\mmm\Testing\Goedel.Mesh.Test\TestEnvironmentCommon.cs(203,0): at Goedel.Mesh.Test.TestEnvironmentCommon.get_MeshService()&#xD;
[xUnit.net 00:00:32.08]         C:\Users\hallam\Work\mmm\Testing\Goedel.Mesh.Test\TestEnvironmentCommon.cs(222,0): at Goedel.Mesh.Test.TestEnvironmentCommon.GetMeshClient(MeshMachineTest meshMachineTest, ICredentialPrivate credential, String serviceId, String accountAddress)&#xD;
[xUnit.net 00:00:32.08]         C:\Users\hallam\Work\mmm\Testing\Goedel.Mesh.Test\MeshMachineTest.cs(88,0): at Goedel.Mesh.Test.MeshMachineTest.GetMeshClient(ICredentialPrivate credential, String service, String accountAddress)&#xD;
[xUnit.net 00:00:32.08]         C:\Users\hallam\Work\mmm\Mesh\Goedel.Mesh.Client\ContextUser.cs(243,0): at Goedel.Mesh.Client.ContextUser.SetService(String accountAddress)&#xD;
[xUnit.net 00:00:32.08]         C:\Users\hallam\Work\mmm\Mesh\Goedel.Mesh.Client\MeshHost.cs(269,0): at Goedel.Mesh.Client.MeshHost.ConfigureMesh(String accountAddress, String localName, PrivateKeyUDF accountSeed, ProfileDevice profileDevice, List`1 rights, Boolean create)&#xD;
[xUnit.net 00:00:32.08]         C:\Users\hallam\Work\mmm\Mesh\Goedel.Mesh.Shell\DispatchAccount.cs(68,0): at Goedel.Mesh.Shell.Shell.AccountCreate(AccountCreate options)&#xD;
[xUnit.net 00:00:32.08]         C:\Users\hallam\Work\mmm\Mesh\Goedel.Mesh.Shell\meshman.cs(520,0): at Goedel.Mesh.Shell.CommandLineInterpreter.Handle_AccountCreate(DispatchShell DispatchIn, String[] Args, Int32 Index)&#xD;
[xUnit.net 00:00:32.08]         C:\Users\hallam\Work\mmm\Libraries\Goedel.Command\Command.cs(224,0): at Goedel.Command.CommandLineInterpreterBase.Dispatcher(SortedDictionary`2 Entries, DescribeCommandEntry DefaultCommand, DispatchShell Dispatch, String[] Args, Int32 Index)&#xD;
[xUnit.net 00:00:32.08]         C:\Users\hallam\Work\mmm\Libraries\Goedel.Command\Command.cs(228,0): at Goedel.Command.CommandLineInterpreterBase.Dispatcher(SortedDictionary`2 Entries, DescribeCommandEntry DefaultCommand, DispatchShell Dispatch, String[] Args, Int32 Index)&#xD;
[xUnit.net 00:00:32.08]         C:\Users\hallam\Work\mmm\Testing\Goedel.Mesh.Test\TestShell.cs(241,0): at Goedel.Mesh.Test.TestCLI.Dispatch(String command, Boolean fail)&#xD;
[xUnit.net 00:00:32.08]         C:\Users\hallam\Work\mmm\Testing\Goedel.Mesh.Shell.Test-xunit\TestMessage.cs(186,0): at Goedel.XUnit.ShellTests.MakeAccount(TestCLI device, String account)&#xD;
[xUnit.net 00:00:32.08]         C:\Users\hallam\Work\mmm\Testing\Goedel.Mesh.Shell.Test-xunit\TestMessage.cs(70,0): at Goedel.XUnit.ShellTests.TestMessageContactBusinessCardExchange()&#xD;
[xUnit.net 00:00:32.34]       Goedel.Mesh.ServiceAdmin.HostNotFound : Configuration for the host ServiceConfig.json could not be found&#xD;
[xUnit.net 00:00:32.34]       Stack Trace:&#xD;
[xUnit.net 00:00:32.34]         C:\Users\hallam\Work\mmm\Mesh\Goedel.Mesh.ServiceAdmin\ServiceDescription.cs(135,0): at Goedel.Mesh.ServiceAdmin.Configuration.GetHostConfiguration(String id)&#xD;
[xUnit.net 00:00:32.34]         C:\Users\hallam\Work\mmm\Mesh\Goedel.Mesh.Shell.Host\ShellDispatch.cs(156,0): at Goedel.Mesh.Shell.Host.Shell.HostStart(HostStart Options)&#xD;
[xUnit.net 00:00:32.34]         C:\Users\hallam\Work\mmm\Mesh\Goedel.Mesh.Shell.Host\anyhost.cs(172,0): at Goedel.Mesh.Shell.Host.CommandLineInterpreter.Handle_HostStart(DispatchShell DispatchIn, String[] Args, Int32 Index)&#xD;
[xUnit.net 00:00:32.34]         C:\Users\hallam\Work\mmm\Libraries\Goedel.Command\Command.cs(224,0): at Goedel.Command.CommandLineInterpreterBase.Dispatcher(SortedDictionary`2 Entries, DescribeCommandEntry DefaultCommand, DispatchShell Dispatch, String[] Args, Int32 Index)&#xD;
[xUnit.net 00:00:32.34]         C:\Users\hallam\Work\mmm\Mesh\Goedel.Mesh.Shell.Host\anyhost.cs(161,0): at Goedel.Mesh.Shell.Host.CommandLineInterpreter.MainMethod(Shell Dispatch, String[] Args)&#xD;
[xUnit.net 00:00:32.34]         C:\Users\hallam\Work\mmm\Testing\Goedel.Mesh.Test\TestEnvironmentCommon.cs(121,0): at Goedel.Mesh.Test.TestEnvironmentRdpShell.Host(String command)&#xD;
[xUnit.net 00:00:32.34]         C:\Users\hallam\Work\mmm\Testing\Goedel.Mesh.Test\TestEnvironmentCommon.cs(90,0): at Goedel.Mesh.Test.TestEnvironmentRdpShell.StartService()&#xD;
[xUnit.net 00:00:32.34]         C:\Users\hallam\Work\mmm\Testing\Goedel.Mesh.Test\TestEnvironmentCommon.cs(102,0): at Goedel.Mesh.Test.TestEnvironmentRdpShell.GetMeshClient(MeshMachineTest meshMachineTest, ICredentialPrivate credential, String service, String accountAddress)&#xD;
[xUnit.net 00:00:32.34]         C:\Users\hallam\Work\mmm\Testing\Goedel.Mesh.Test\MeshMachineTest.cs(88,0): at Goedel.Mesh.Test.MeshMachineTest.GetMeshClient(ICredentialPrivate credential, String service, String accountAddress)&#xD;
[xUnit.net 00:00:32.34]         C:\Users\hallam\Work\mmm\Mesh\Goedel.Mesh.Client\ContextUser.cs(243,0): at Goedel.Mesh.Client.ContextUser.SetService(String accountAddress)&#xD;
[xUnit.net 00:00:32.34]         C:\Users\hallam\Work\mmm\Mesh\Goedel.Mesh.Client\MeshHost.cs(269,0): at Goedel.Mesh.Client.MeshHost.ConfigureMesh(String accountAddress, String localName, PrivateKeyUDF accountSeed, ProfileDevice profileDevice, List`1 rights, Boolean create)&#xD;
[xUnit.net 00:00:32.34]         C:\Users\hallam\Work\mmm\Mesh\Goedel.Mesh.Shell\DispatchAccount.cs(68,0): at Goedel.Mesh.Shell.Shell.AccountCreate(AccountCreate options)&#xD;
[xUnit.net 00:00:32.34]         C:\Users\hallam\Work\mmm\Mesh\Goedel.Mesh.Shell\meshman.cs(520,0): at Goedel.Mesh.Shell.CommandLineInterpreter.Handle_AccountCreate(DispatchShell DispatchIn, String[] Args, Int32 Index)&#xD;
[xUnit.net 00:00:32.34]         C:\Users\hallam\Work\mmm\Libraries\Goedel.Command\Command.cs(224,0): at Goedel.Command.CommandLineInterpreterBase.Dispatcher(SortedDictionary`2 Entries, DescribeCommandEntry DefaultCommand, DispatchShell Dispatch, String[] Args, Int32 Index)&#xD;
[xUnit.net 00:00:32.34]         C:\Users\hallam\Work\mmm\Libraries\Goedel.Command\Command.cs(228,0): at Goedel.Command.CommandLineInterpreterBase.Dispatcher(SortedDictionary`2 Entries, DescribeCommandEntry DefaultCommand, DispatchShell Dispatch, String[] Args, Int32 Index)&#xD;
[xUnit.net 00:00:32.34]         C:\Users\hallam\Work\mmm\Testing\Goedel.Mesh.Test\TestShell.cs(241,0): at Goedel.Mesh.Test.TestCLI.Dispatch(String command, Boolean fail)&#xD;
[xUnit.net 00:00:32.34]         C:\Users\hallam\Work\mmm\Testing\Goedel.Mesh.Shell.Test-xunit\TestMessage.cs(186,0): at Goedel.XUnit.ShellTests.MakeAccount(TestCLI device, String account)&#xD;
[xUnit.net 00:00:32.34]         C:\Users\hallam\Work\mmm\Testing\Goedel.Mesh.Shell.Test-xunit\TestMessage.cs(104,0): at Goedel.XUnit.ShellTests.TestMessageContactBusinessCardReject()&#xD;
[xUnit.net 00:00:32.79]       System.NullReferenceException : Object reference not set to an instance of an object.&#xD;
[xUnit.net 00:00:32.79]       Stack Trace:&#xD;
[xUnit.net 00:00:32.79]         C:\Users\hallam\Work\mmm\Mesh\Goedel.Mesh.Server\MeshDispatch.cs(136,0): at Goedel.Mesh.Server.PublicMeshService..ctor(IMeshMachine meshMachine, ServiceConfiguration serviceConfiguration, HostConfiguration hostConfiguration)&#xD;
[xUnit.net 00:00:32.79]         C:\Users\hallam\Work\mmm\Testing\Goedel.Mesh.Test\TestEnvironmentCommon.cs(203,0): at Goedel.Mesh.Test.TestEnvironmentCommon.get_MeshService()&#xD;
[xUnit.net 00:00:32.79]         C:\Users\hallam\Work\mmm\Testing\Goedel.Mesh.Test\TestEnvironmentCommon.cs(222,0): at Goedel.Mesh.Test.TestEnvironmentCommon.GetMeshClient(MeshMachineTest meshMachineTest, ICredentialPrivate credential, String serviceId, String accountAddress)&#xD;
[xUnit.net 00:00:32.79]         C:\Users\hallam\Work\mmm\Testing\Goedel.Mesh.Test\MeshMachineTest.cs(88,0): at Goedel.Mesh.Test.MeshMachineTest.GetMeshClient(ICredentialPrivate credential, String service, String accountAddress)&#xD;
[xUnit.net 00:00:32.79]         C:\Users\hallam\Work\mmm\Mesh\Goedel.Mesh.Client\ContextUser.cs(243,0): at Goedel.Mesh.Client.ContextUser.SetService(String accountAddress)&#xD;
[xUnit.net 00:00:32.79]         C:\Users\hallam\Work\mmm\Mesh\Goedel.Mesh.Client\MeshHost.cs(269,0): at Goedel.Mesh.Client.MeshHost.ConfigureMesh(String accountAddress, String localName, PrivateKeyUDF accountSeed, ProfileDevice profileDevice, List`1 rights, Boolean create)&#xD;
[xUnit.net 00:00:32.79]         C:\Users\hallam\Work\mmm\Testing\Goedel.Mesh.Test\MeshMachineTest.cs(120,0): at Goedel.Mesh.Test.MeshMachineTest.GenerateAccountUser(TestEnvironmentCommon testEnvironmentCommon, String machineName, String accountAddress, String localName)&#xD;
[xUnit.net 00:00:32.79]         C:\Users\hallam\Work\mmm\Testing\Goedel.Mesh.Protocol.Test-xunit\MeshCredential.cs(129,0): at Goedel.XUnit.TestService.TestCredentialAccountFails(DataValidity dataValidity)&#xD;
[xUnit.net 00:00:33.22]       System.NullReferenceException : Object reference not set to an instance of an object.&#xD;
[xUnit.net 00:00:33.22]       Stack Trace:&#xD;
[xUnit.net 00:00:33.22]         C:\Users\hallam\Work\mmm\Mesh\Goedel.Mesh.Server\MeshDispatch.cs(136,0): at Goedel.Mesh.Server.PublicMeshService..ctor(IMeshMachine meshMachine, ServiceConfiguration serviceConfiguration, HostConfiguration hostConfiguration)&#xD;
[xUnit.net 00:00:33.22]         C:\Users\hallam\Work\mmm\Testing\Goedel.Mesh.Test\TestEnvironmentCommon.cs(203,0): at Goedel.Mesh.Test.TestEnvironmentCommon.get_MeshService()&#xD;
[xUnit.net 00:00:33.22]         C:\Users\hallam\Work\mmm\Testing\Goedel.Mesh.Test\TestEnvironmentCommon.cs(222,0): at Goedel.Mesh.Test.TestEnvironmentCommon.GetMeshClient(MeshMachineTest meshMachineTest, ICredentialPrivate credential, String serviceId, String accountAddress)&#xD;
[xUnit.net 00:00:33.22]         C:\Users\hallam\Work\mmm\Testing\Goedel.Mesh.Test\MeshMachineTest.cs(88,0): at Goedel.Mesh.Test.MeshMachineTest.GetMeshClient(ICredentialPrivate credential, String service, String accountAddress)&#xD;
[xUnit.net 00:00:33.22]         C:\Users\hallam\Work\mmm\Mesh\Goedel.Mesh.Client\ContextUser.cs(243,0): at Goedel.Mesh.Client.ContextUser.SetService(String accountAddress)&#xD;
[xUnit.net 00:00:33.22]         C:\Users\hallam\Work\mmm\Mesh\Goedel.Mesh.Client\MeshHost.cs(269,0): at Goedel.Mesh.Client.MeshHost.ConfigureMesh(String accountAddress, String localName, PrivateKeyUDF accountSeed, ProfileDevice profileDevice, List`1 rights, Boolean create)&#xD;
[xUnit.net 00:00:33.22]         C:\Users\hallam\Work\mmm\Mesh\Goedel.Mesh.Shell\DispatchAccount.cs(68,0): at Goedel.Mesh.Shell.Shell.AccountCreate(AccountCreate options)&#xD;
[xUnit.net 00:00:33.22]         C:\Users\hallam\Work\mmm\Mesh\Goedel.Mesh.Shell\meshman.cs(520,0): at Goedel.Mesh.Shell.CommandLineInterpreter.Handle_AccountCreate(DispatchShell DispatchIn, String[] Args, Int32 Index)&#xD;
[xUnit.net 00:00:33.22]         C:\Users\hallam\Work\mmm\Libraries\Goedel.Command\Command.cs(224,0): at Goedel.Command.CommandLineInterpreterBase.Dispatcher(SortedDictionary`2 Entries, DescribeCommandEntry DefaultCommand, DispatchShell Dispatch, String[] Args, Int32 Index)&#xD;
[xUnit.net 00:00:33.22]         C:\Users\hallam\Work\mmm\Libraries\Goedel.Command\Command.cs(228,0): at Goedel.Command.CommandLineInterpreterBase.Dispatcher(SortedDictionary`2 Entries, DescribeCommandEntry DefaultCommand, DispatchShell Dispatch, String[] Args, Int32 Index)&#xD;
[xUnit.net 00:00:33.22]         C:\Users\hallam\Work\mmm\Testing\Goedel.Mesh.Test\TestShell.cs(226,0): at Goedel.Mesh.Test.TestCLI.ExampleNoCatch(String[] commands)&#xD;
[xUnit.net 00:00:33.22]         C:\Users\hallam\Work\mmm\Testing\Goedel.Mesh.Shell.Test-xunit\TestAccount.cs(183,0): at Goedel.XUnit.ShellTests.TestConnectRequest()&#xD;
[xUnit.net 00:00:33.80]       System.NullReferenceException : Object reference not set to an instance of an object.&#xD;
[xUnit.net 00:00:33.80]       Stack Trace:&#xD;
[xUnit.net 00:00:33.80]         C:\Users\hallam\Work\mmm\Mesh\Goedel.Mesh.Server\MeshDispatch.cs(136,0): at Goedel.Mesh.Server.PublicMeshService..ctor(IMeshMachine meshMachine, ServiceConfiguration serviceConfiguration, HostConfiguration hostConfiguration)&#xD;
[xUnit.net 00:00:33.80]         C:\Users\hallam\Work\mmm\Testing\Goedel.Mesh.Test\TestEnvironmentCommon.cs(203,0): at Goedel.Mesh.Test.TestEnvironmentCommon.get_MeshService()&#xD;
[xUnit.net 00:00:33.80]         C:\Users\hallam\Work\mmm\Testing\Goedel.Mesh.Test\TestEnvironmentCommon.cs(222,0): at Goedel.Mesh.Test.TestEnvironmentCommon.GetMeshClient(MeshMachineTest meshMachineTest, ICredentialPrivate credential, String serviceId, String accountAddress)&#xD;
[xUnit.net 00:00:33.80]         C:\Users\hallam\Work\mmm\Testing\Goedel.Mesh.Test\MeshMachineTest.cs(88,0): at Goedel.Mesh.Test.MeshMachineTest.GetMeshClient(ICredentialPrivate credential, String service, String accountAddress)&#xD;
[xUnit.net 00:00:33.80]         C:\Users\hallam\Work\mmm\Mesh\Goedel.Mesh.Client\ContextUser.cs(243,0): at Goedel.Mesh.Client.ContextUser.SetService(String accountAddress)&#xD;
[xUnit.net 00:00:33.80]         C:\Users\hallam\Work\mmm\Mesh\Goedel.Mesh.Client\MeshHost.cs(269,0): at Goedel.Mesh.Client.MeshHost.ConfigureMesh(String accountAddress, String localName, PrivateKeyUDF accountSeed, ProfileDevice profileDevice, List`1 rights, Boolean create)&#xD;
[xUnit.net 00:00:33.80]         C:\Users\hallam\Work\mmm\Testing\Goedel.Mesh.Test\MeshMachineTest.cs(120,0): at Goedel.Mesh.Test.MeshMachineTest.GenerateAccountUser(TestEnvironmentCommon testEnvironmentCommon, String machineName, String accountAddress, String localName)&#xD;
[xUnit.net 00:00:33.80]         C:\Users\hallam\Work\mmm\Testing\Goedel.Mesh.Protocol.Test-xunit\TestService.cs(516,0): at Goedel.XUnit.TestService.MeshMessageConfirm()&#xD;
[xUnit.net 00:00:34.14]       Goedel.Mesh.ServiceAdmin.HostNotFound : Configuration for the host ServiceConfig.json could not be found&#xD;
[xUnit.net 00:00:34.14]       Stack Trace:&#xD;
[xUnit.net 00:00:34.14]         C:\Users\hallam\Work\mmm\Mesh\Goedel.Mesh.ServiceAdmin\ServiceDescription.cs(135,0): at Goedel.Mesh.ServiceAdmin.Configuration.GetHostConfiguration(String id)&#xD;
[xUnit.net 00:00:34.14]         C:\Users\hallam\Work\mmm\Mesh\Goedel.Mesh.Shell.Host\ShellDispatch.cs(156,0): at Goedel.Mesh.Shell.Host.Shell.HostStart(HostStart Options)&#xD;
[xUnit.net 00:00:34.14]         C:\Users\hallam\Work\mmm\Mesh\Goedel.Mesh.Shell.Host\anyhost.cs(172,0): at Goedel.Mesh.Shell.Host.CommandLineInterpreter.Handle_HostStart(DispatchShell DispatchIn, String[] Args, Int32 Index)&#xD;
[xUnit.net 00:00:34.14]         C:\Users\hallam\Work\mmm\Libraries\Goedel.Command\Command.cs(224,0): at Goedel.Command.CommandLineInterpreterBase.Dispatcher(SortedDictionary`2 Entries, DescribeCommandEntry DefaultCommand, DispatchShell Dispatch, String[] Args, Int32 Index)&#xD;
[xUnit.net 00:00:34.14]         C:\Users\hallam\Work\mmm\Mesh\Goedel.Mesh.Shell.Host\anyhost.cs(161,0): at Goedel.Mesh.Shell.Host.CommandLineInterpreter.MainMethod(Shell Dispatch, String[] Args)&#xD;
[xUnit.net 00:00:34.14]         C:\Users\hallam\Work\mmm\Testing\Goedel.Mesh.Test\TestEnvironmentCommon.cs(121,0): at Goedel.Mesh.Test.TestEnvironmentRdpShell.Host(String command)&#xD;
[xUnit.net 00:00:34.14]         C:\Users\hallam\Work\mmm\Testing\Goedel.Mesh.Test\TestEnvironmentCommon.cs(90,0): at Goedel.Mesh.Test.TestEnvironmentRdpShell.StartService()&#xD;
[xUnit.net 00:00:34.14]         C:\Users\hallam\Work\mmm\Testing\Goedel.Mesh.Test\TestEnvironmentCommon.cs(102,0): at Goedel.Mesh.Test.TestEnvironmentRdpShell.GetMeshClient(MeshMachineTest meshMachineTest, ICredentialPrivate credential, String service, String accountAddress)&#xD;
[xUnit.net 00:00:34.14]         C:\Users\hallam\Work\mmm\Testing\Goedel.Mesh.Test\MeshMachineTest.cs(88,0): at Goedel.Mesh.Test.MeshMachineTest.GetMeshClient(ICredentialPrivate credential, String service, String accountAddress)&#xD;
[xUnit.net 00:00:34.14]         C:\Users\hallam\Work\mmm\Mesh\Goedel.Mesh.Client\ContextUser.cs(243,0): at Goedel.Mesh.Client.ContextUser.SetService(String accountAddress)&#xD;
[xUnit.net 00:00:34.14]         C:\Users\hallam\Work\mmm\Mesh\Goedel.Mesh.Client\MeshHost.cs(269,0): at Goedel.Mesh.Client.MeshHost.ConfigureMesh(String accountAddress, String localName, PrivateKeyUDF accountSeed, ProfileDevice profileDevice, List`1 rights, Boolean create)&#xD;
[xUnit.net 00:00:34.14]         C:\Users\hallam\Work\mmm\Mesh\Goedel.Mesh.Shell\DispatchAccount.cs(68,0): at Goedel.Mesh.Shell.Shell.AccountCreate(AccountCreate options)&#xD;
[xUnit.net 00:00:34.14]         C:\Users\hallam\Work\mmm\Mesh\Goedel.Mesh.Shell\meshman.cs(520,0): at Goedel.Mesh.Shell.CommandLineInterpreter.Handle_AccountCreate(DispatchShell DispatchIn, String[] Args, Int32 Index)&#xD;
[xUnit.net 00:00:34.14]         C:\Users\hallam\Work\mmm\Libraries\Goedel.Command\Command.cs(224,0): at Goedel.Command.CommandLineInterpreterBase.Dispatcher(SortedDictionary`2 Entries, DescribeCommandEntry DefaultCommand, DispatchShell Dispatch, String[] Args, Int32 Index)&#xD;
[xUnit.net 00:00:34.14]         C:\Users\hallam\Work\mmm\Libraries\Goedel.Command\Command.cs(228,0): at Goedel.Command.CommandLineInterpreterBase.Dispatcher(SortedDictionary`2 Entries, DescribeCommandEntry DefaultCommand, DispatchShell Dispatch, String[] Args, Int32 Index)&#xD;
[xUnit.net 00:00:34.14]         C:\Users\hallam\Work\mmm\Testing\Goedel.Mesh.Test\TestShell.cs(241,0): at Goedel.Mesh.Test.TestCLI.Dispatch(String command, Boolean fail)&#xD;
[xUnit.net 00:00:34.14]         C:\Users\hallam\Work\mmm\Testing\Goedel.Mesh.Shell.Test-xunit\TestMessage.cs(246,0): at Goedel.XUnit.ShellTests.CreateMasterDevice(String name, String account)&#xD;
[xUnit.net 00:00:34.14]         C:\Users\hallam\Work\mmm\Testing\Goedel.Mesh.Shell.Test-xunit\TestMessage.cs(238,0): at Goedel.XUnit.ShellTests.CreateAlice(TestCLI&amp; device1, TestCLI&amp; device2)&#xD;
[xUnit.net 00:00:34.14]         C:\Users\hallam\Work\mmm\Testing\Goedel.Mesh.Shell.Test-xunit\TestSSH.cs(33,0): at Goedel.XUnit.ShellTests.TestProfileSSHPrivate()&#xD;
[xUnit.net 00:00:34.28]       System.NullReferenceException : Object reference not set to an instance of an object.&#xD;
[xUnit.net 00:00:34.28]       Stack Trace:&#xD;
[xUnit.net 00:00:34.28]         C:\Users\hallam\Work\mmm\Testing\Goedel.Mesh.Shell.Test-xunit\TestAccount.cs(101,0): at Goedel.XUnit.ShellTests.TestEscrowChangeDevice()&#xD;
[xUnit.net 00:00:34.74]       System.NullReferenceException : Object reference not set to an instance of an object.&#xD;
[xUnit.net 00:00:34.74]       Stack Trace:&#xD;
[xUnit.net 00:00:34.74]         C:\Users\hallam\Work\mmm\Mesh\Goedel.Mesh.Server\MeshDispatch.cs(136,0): at Goedel.Mesh.Server.PublicMeshService..ctor(IMeshMachine meshMachine, ServiceConfiguration serviceConfiguration, HostConfiguration hostConfiguration)&#xD;
[xUnit.net 00:00:34.74]         C:\Users\hallam\Work\mmm\Testing\Goedel.Mesh.Test\TestEnvironmentCommon.cs(203,0): at Goedel.Mesh.Test.TestEnvironmentCommon.get_MeshService()&#xD;
[xUnit.net 00:00:34.74]         C:\Users\hallam\Work\mmm\Testing\Goedel.Mesh.Test\TestEnvironmentCommon.cs(222,0): at Goedel.Mesh.Test.TestEnvironmentCommon.GetMeshClient(MeshMachineTest meshMachineTest, ICredentialPrivate credential, String serviceId, String accountAddress)&#xD;
[xUnit.net 00:00:34.74]         C:\Users\hallam\Work\mmm\Testing\Goedel.Mesh.Test\MeshMachineTest.cs(88,0): at Goedel.Mesh.Test.MeshMachineTest.GetMeshClient(ICredentialPrivate credential, String service, String accountAddress)&#xD;
[xUnit.net 00:00:34.74]         C:\Users\hallam\Work\mmm\Mesh\Goedel.Mesh.Client\ContextUser.cs(243,0): at Goedel.Mesh.Client.ContextUser.SetService(String accountAddress)&#xD;
[xUnit.net 00:00:34.74]         C:\Users\hallam\Work\mmm\Mesh\Goedel.Mesh.Client\MeshHost.cs(269,0): at Goedel.Mesh.Client.MeshHost.ConfigureMesh(String accountAddress, String localName, PrivateKeyUDF accountSeed, ProfileDevice profileDevice, List`1 rights, Boolean create)&#xD;
[xUnit.net 00:00:34.74]         C:\Users\hallam\Work\mmm\Testing\Goedel.Mesh.Test\MeshMachineTest.cs(120,0): at Goedel.Mesh.Test.MeshMachineTest.GenerateAccountUser(TestEnvironmentCommon testEnvironmentCommon, String machineName, String accountAddress, String localName)&#xD;
[xUnit.net 00:00:34.74]         C:\Users\hallam\Work\mmm\Testing\Goedel.Mesh.Protocol.Test-xunit\Authorization.cs(195,0): at Goedel.XUnit.TestService.MeshDeviceMail()&#xD;
[xUnit.net 00:00:35.29]       System.NullReferenceException : Object reference not set to an instance of an object.&#xD;
[xUnit.net 00:00:35.29]       Stack Trace:&#xD;
[xUnit.net 00:00:35.29]         C:\Users\hallam\Work\mmm\Mesh\Goedel.Mesh.Server\MeshDispatch.cs(136,0): at Goedel.Mesh.Server.PublicMeshService..ctor(IMeshMachine meshMachine, ServiceConfiguration serviceConfiguration, HostConfiguration hostConfiguration)&#xD;
[xUnit.net 00:00:35.29]         C:\Users\hallam\Work\mmm\Testing\Goedel.Mesh.Test\TestEnvironmentCommon.cs(203,0): at Goedel.Mesh.Test.TestEnvironmentCommon.get_MeshService()&#xD;
[xUnit.net 00:00:35.29]         C:\Users\hallam\Work\mmm\Testing\Goedel.Mesh.Test\TestEnvironmentCommon.cs(222,0): at Goedel.Mesh.Test.TestEnvironmentCommon.GetMeshClient(MeshMachineTest meshMachineTest, ICredentialPrivate credential, String serviceId, String accountAddress)&#xD;
[xUnit.net 00:00:35.29]         C:\Users\hallam\Work\mmm\Testing\Goedel.Mesh.Test\MeshMachineTest.cs(88,0): at Goedel.Mesh.Test.MeshMachineTest.GetMeshClient(ICredentialPrivate credential, String service, String accountAddress)&#xD;
[xUnit.net 00:00:35.29]         C:\Users\hallam\Work\mmm\Mesh\Goedel.Mesh.Client\ContextUser.cs(243,0): at Goedel.Mesh.Client.ContextUser.SetService(String accountAddress)&#xD;
[xUnit.net 00:00:35.29]         C:\Users\hallam\Work\mmm\Mesh\Goedel.Mesh.Client\MeshHost.cs(269,0): at Goedel.Mesh.Client.MeshHost.ConfigureMesh(String accountAddress, String localName, PrivateKeyUDF accountSeed, ProfileDevice profileDevice, List`1 rights, Boolean create)&#xD;
[xUnit.net 00:00:35.29]         C:\Users\hallam\Work\mmm\Mesh\Goedel.Mesh.Shell\DispatchAccount.cs(68,0): at Goedel.Mesh.Shell.Shell.AccountCreate(AccountCreate options)&#xD;
[xUnit.net 00:00:35.29]         C:\Users\hallam\Work\mmm\Mesh\Goedel.Mesh.Shell\meshman.cs(520,0): at Goedel.Mesh.Shell.CommandLineInterpreter.Handle_AccountCreate(DispatchShell DispatchIn, String[] Args, Int32 Index)&#xD;
[xUnit.net 00:00:35.29]         C:\Users\hallam\Work\mmm\Libraries\Goedel.Command\Command.cs(224,0): at Goedel.Command.CommandLineInterpreterBase.Dispatcher(SortedDictionary`2 Entries, DescribeCommandEntry DefaultCommand, DispatchShell Dispatch, String[] Args, Int32 Index)&#xD;
[xUnit.net 00:00:35.29]         C:\Users\hallam\Work\mmm\Libraries\Goedel.Command\Command.cs(228,0): at Goedel.Command.CommandLineInterpreterBase.Dispatcher(SortedDictionary`2 Entries, DescribeCommandEntry DefaultCommand, DispatchShell Dispatch, String[] Args, Int32 Index)&#xD;
[xUnit.net 00:00:35.29]         C:\Users\hallam\Work\mmm\Testing\Goedel.Mesh.Test\TestShell.cs(241,0): at Goedel.Mesh.Test.TestCLI.Dispatch(String command, Boolean fail)&#xD;
[xUnit.net 00:00:35.29]         C:\Users\hallam\Work\mmm\Testing\Goedel.Mesh.Shell.Test-xunit\TestMessage.cs(186,0): at Goedel.XUnit.ShellTests.MakeAccount(TestCLI device, String account)&#xD;
[xUnit.net 00:00:35.29]         C:\Users\hallam\Work\mmm\Testing\Goedel.Mesh.Shell.Test-xunit\TestMessage.cs(264,0): at Goedel.XUnit.ShellTests.CreateAliceBob(TestCLI&amp; deviceA, TestCLI&amp; deviceB)&#xD;
[xUnit.net 00:00:35.29]         C:\Users\hallam\Work\mmm\Testing\Goedel.Mesh.Shell.Test-xunit\TestGroup.cs(42,0): at Goedel.XUnit.ShellTests.TestMessageGroup()&#xD;
[xUnit.net 00:00:35.68]       System.NullReferenceException : Object reference not set to an instance of an object.&#xD;
[xUnit.net 00:00:35.68]       Stack Trace:&#xD;
[xUnit.net 00:00:35.68]         C:\Users\hallam\Work\mmm\Mesh\Goedel.Mesh.Server\MeshDispatch.cs(136,0): at Goedel.Mesh.Server.PublicMeshService..ctor(IMeshMachine meshMachine, ServiceConfiguration serviceConfiguration, HostConfiguration hostConfiguration)&#xD;
[xUnit.net 00:00:35.68]         C:\Users\hallam\Work\mmm\Testing\Goedel.Mesh.Test\TestEnvironmentCommon.cs(203,0): at Goedel.Mesh.Test.TestEnvironmentCommon.get_MeshService()&#xD;
[xUnit.net 00:00:35.68]         C:\Users\hallam\Work\mmm\Testing\Goedel.Mesh.Test\TestEnvironmentCommon.cs(222,0): at Goedel.Mesh.Test.TestEnvironmentCommon.GetMeshClient(MeshMachineTest meshMachineTest, ICredentialPrivate credential, String serviceId, String accountAddress)&#xD;
[xUnit.net 00:00:35.68]         C:\Users\hallam\Work\mmm\Testing\Goedel.Mesh.Test\MeshMachineTest.cs(88,0): at Goedel.Mesh.Test.MeshMachineTest.GetMeshClient(ICredentialPrivate credential, String service, String accountAddress)&#xD;
[xUnit.net 00:00:35.68]         C:\Users\hallam\Work\mmm\Mesh\Goedel.Mesh.Client\ContextUser.cs(243,0): at Goedel.Mesh.Client.ContextUser.SetService(String accountAddress)&#xD;
[xUnit.net 00:00:35.68]         C:\Users\hallam\Work\mmm\Mesh\Goedel.Mesh.Client\MeshHost.cs(269,0): at Goedel.Mesh.Client.MeshHost.ConfigureMesh(String accountAddress, String localName, PrivateKeyUDF accountSeed, ProfileDevice profileDevice, List`1 rights, Boolean create)&#xD;
[xUnit.net 00:00:35.68]         C:\Users\hallam\Work\mmm\Testing\Goedel.Mesh.Test\MeshMachineTest.cs(120,0): at Goedel.Mesh.Test.MeshMachineTest.GenerateAccountUser(TestEnvironmentCommon testEnvironmentCommon, String machineName, String accountAddress, String localName)&#xD;
[xUnit.net 00:00:35.68]         C:\Users\hallam\Work\mmm\Testing\Goedel.Mesh.Protocol.Test-xunit\TestService.cs(390,0): at Goedel.XUnit.TestService.MeshEscrowRecover()&#xD;
[xUnit.net 00:00:35.77]       Goedel.Mesh.ServiceAdmin.HostNotFound : Configuration for the host ServiceConfig.json could not be found&#xD;
[xUnit.net 00:00:35.77]       Stack Trace:&#xD;
[xUnit.net 00:00:35.77]         C:\Users\hallam\Work\mmm\Mesh\Goedel.Mesh.ServiceAdmin\ServiceDescription.cs(135,0): at Goedel.Mesh.ServiceAdmin.Configuration.GetHostConfiguration(String id)&#xD;
[xUnit.net 00:00:35.77]         C:\Users\hallam\Work\mmm\Mesh\Goedel.Mesh.Shell.Host\ShellDispatch.cs(156,0): at Goedel.Mesh.Shell.Host.Shell.HostStart(HostStart Options)&#xD;
[xUnit.net 00:00:35.77]         C:\Users\hallam\Work\mmm\Mesh\Goedel.Mesh.Shell.Host\anyhost.cs(172,0): at Goedel.Mesh.Shell.Host.CommandLineInterpreter.Handle_HostStart(DispatchShell DispatchIn, String[] Args, Int32 Index)&#xD;
[xUnit.net 00:00:35.77]         C:\Users\hallam\Work\mmm\Libraries\Goedel.Command\Command.cs(224,0): at Goedel.Command.CommandLineInterpreterBase.Dispatcher(SortedDictionary`2 Entries, DescribeCommandEntry DefaultCommand, DispatchShell Dispatch, String[] Args, Int32 Index)&#xD;
[xUnit.net 00:00:35.77]         C:\Users\hallam\Work\mmm\Mesh\Goedel.Mesh.Shell.Host\anyhost.cs(161,0): at Goedel.Mesh.Shell.Host.CommandLineInterpreter.MainMethod(Shell Dispatch, String[] Args)&#xD;
[xUnit.net 00:00:35.77]         C:\Users\hallam\Work\mmm\Testing\Goedel.Mesh.Test\TestEnvironmentCommon.cs(121,0): at Goedel.Mesh.Test.TestEnvironmentRdpShell.Host(String command)&#xD;
[xUnit.net 00:00:35.77]         C:\Users\hallam\Work\mmm\Testing\Goedel.Mesh.Test\TestEnvironmentCommon.cs(90,0): at Goedel.Mesh.Test.TestEnvironmentRdpShell.StartService()&#xD;
[xUnit.net 00:00:35.77]         C:\Users\hallam\Work\mmm\Testing\Goedel.Mesh.Test\TestEnvironmentCommon.cs(102,0): at Goedel.Mesh.Test.TestEnvironmentRdpShell.GetMeshClient(MeshMachineTest meshMachineTest, ICredentialPrivate credential, String service, String accountAddress)&#xD;
[xUnit.net 00:00:35.77]         C:\Users\hallam\Work\mmm\Testing\Goedel.Mesh.Test\MeshMachineTest.cs(88,0): at Goedel.Mesh.Test.MeshMachineTest.GetMeshClient(ICredentialPrivate credential, String service, String accountAddress)&#xD;
[xUnit.net 00:00:35.77]         C:\Users\hallam\Work\mmm\Mesh\Goedel.Mesh.Client\ContextUser.cs(243,0): at Goedel.Mesh.Client.ContextUser.SetService(String accountAddress)&#xD;
[xUnit.net 00:00:35.77]         C:\Users\hallam\Work\mmm\Mesh\Goedel.Mesh.Client\MeshHost.cs(269,0): at Goedel.Mesh.Client.MeshHost.ConfigureMesh(String accountAddress, String localName, PrivateKeyUDF accountSeed, ProfileDevice profileDevice, List`1 rights, Boolean create)&#xD;
[xUnit.net 00:00:35.77]         C:\Users\hallam\Work\mmm\Mesh\Goedel.Mesh.Shell\DispatchAccount.cs(68,0): at Goedel.Mesh.Shell.Shell.AccountCreate(AccountCreate options)&#xD;
[xUnit.net 00:00:35.77]         C:\Users\hallam\Work\mmm\Mesh\Goedel.Mesh.Shell\meshman.cs(520,0): at Goedel.Mesh.Shell.CommandLineInterpreter.Handle_AccountCreate(DispatchShell DispatchIn, String[] Args, Int32 Index)&#xD;
[xUnit.net 00:00:35.77]         C:\Users\hallam\Work\mmm\Libraries\Goedel.Command\Command.cs(224,0): at Goedel.Command.CommandLineInterpreterBase.Dispatcher(SortedDictionary`2 Entries, DescribeCommandEntry DefaultCommand, DispatchShell Dispatch, String[] Args, Int32 Index)&#xD;
[xUnit.net 00:00:35.77]         C:\Users\hallam\Work\mmm\Libraries\Goedel.Command\Command.cs(228,0): at Goedel.Command.CommandLineInterpreterBase.Dispatcher(SortedDictionary`2 Entries, DescribeCommandEntry DefaultCommand, DispatchShell Dispatch, String[] Args, Int32 Index)&#xD;
[xUnit.net 00:00:35.77]         C:\Users\hallam\Work\mmm\Testing\Goedel.Mesh.Test\TestShell.cs(241,0): at Goedel.Mesh.Test.TestCLI.Dispatch(String command, Boolean fail)&#xD;
[xUnit.net 00:00:35.77]         C:\Users\hallam\Work\mmm\Testing\Goedel.Mesh.Shell.Test-xunit\TestAccount.cs(161,0): at Goedel.XUnit.ShellTests.TestAccountDelete()&#xD;
[xUnit.net 00:00:36.15]       System.NullReferenceException : Object reference not set to an instance of an object.&#xD;
[xUnit.net 00:00:36.15]       Stack Trace:&#xD;
[xUnit.net 00:00:36.15]         C:\Users\hallam\Work\mmm\Mesh\Goedel.Mesh.Server\MeshDispatch.cs(136,0): at Goedel.Mesh.Server.PublicMeshService..ctor(IMeshMachine meshMachine, ServiceConfiguration serviceConfiguration, HostConfiguration hostConfiguration)&#xD;
[xUnit.net 00:00:36.15]         C:\Users\hallam\Work\mmm\Testing\Goedel.Mesh.Test\TestEnvironmentCommon.cs(203,0): at Goedel.Mesh.Test.TestEnvironmentCommon.get_MeshService()&#xD;
[xUnit.net 00:00:36.15]         C:\Users\hallam\Work\mmm\Testing\Goedel.Mesh.Test\TestEnvironmentCommon.cs(222,0): at Goedel.Mesh.Test.TestEnvironmentCommon.GetMeshClient(MeshMachineTest meshMachineTest, ICredentialPrivate credential, String serviceId, String accountAddress)&#xD;
[xUnit.net 00:00:36.15]         C:\Users\hallam\Work\mmm\Testing\Goedel.Mesh.Test\MeshMachineTest.cs(88,0): at Goedel.Mesh.Test.MeshMachineTest.GetMeshClient(ICredentialPrivate credential, String service, String accountAddress)&#xD;
[xUnit.net 00:00:36.15]         C:\Users\hallam\Work\mmm\Mesh\Goedel.Mesh.Client\ContextUser.cs(243,0): at Goedel.Mesh.Client.ContextUser.SetService(String accountAddress)&#xD;
[xUnit.net 00:00:36.15]         C:\Users\hallam\Work\mmm\Mesh\Goedel.Mesh.Client\MeshHost.cs(269,0): at Goedel.Mesh.Client.MeshHost.ConfigureMesh(String accountAddress, String localName, PrivateKeyUDF accountSeed, ProfileDevice profileDevice, List`1 rights, Boolean create)&#xD;
[xUnit.net 00:00:36.15]         C:\Users\hallam\Work\mmm\Mesh\Goedel.Mesh.Shell\DispatchAccount.cs(68,0): at Goedel.Mesh.Shell.Shell.AccountCreate(AccountCreate options)&#xD;
[xUnit.net 00:00:36.15]         C:\Users\hallam\Work\mmm\Mesh\Goedel.Mesh.Shell\meshman.cs(520,0): at Goedel.Mesh.Shell.CommandLineInterpreter.Handle_AccountCreate(DispatchShell DispatchIn, String[] Args, Int32 Index)&#xD;
[xUnit.net 00:00:36.15]         C:\Users\hallam\Work\mmm\Libraries\Goedel.Command\Command.cs(224,0): at Goedel.Command.CommandLineInterpreterBase.Dispatcher(SortedDictionary`2 Entries, DescribeCommandEntry DefaultCommand, DispatchShell Dispatch, String[] Args, Int32 Index)&#xD;
[xUnit.net 00:00:36.15]         C:\Users\hallam\Work\mmm\Libraries\Goedel.Command\Command.cs(228,0): at Goedel.Command.CommandLineInterpreterBase.Dispatcher(SortedDictionary`2 Entries, DescribeCommandEntry DefaultCommand, DispatchShell Dispatch, String[] Args, Int32 Index)&#xD;
[xUnit.net 00:00:36.15]         C:\Users\hallam\Work\mmm\Testing\Goedel.Mesh.Test\TestShell.cs(241,0): at Goedel.Mesh.Test.TestCLI.Dispatch(String command, Boolean fail)&#xD;
[xUnit.net 00:00:36.15]         C:\Users\hallam\Work\mmm\Testing\Goedel.Mesh.Shell.Test-xunit\TestMessage.cs(186,0): at Goedel.XUnit.ShellTests.MakeAccount(TestCLI device, String account)&#xD;
[xUnit.net 00:00:36.15]         C:\Users\hallam\Work\mmm\Testing\Goedel.Mesh.Shell.Test-xunit\TestMessage.cs(264,0): at Goedel.XUnit.ShellTests.CreateAliceBob(TestCLI&amp; deviceA, TestCLI&amp; deviceB)&#xD;
[xUnit.net 00:00:36.15]         C:\Users\hallam\Work\mmm\Testing\Goedel.Mesh.Shell.Test-xunit\TestMessage.cs(324,0): at Goedel.XUnit.ShellTests.TestMessageConfirmationAccept()&#xD;
[xUnit.net 00:00:36.49]       System.NullReferenceException : Object reference not set to an instance of an object.&#xD;
[xUnit.net 00:00:36.49]       Stack Trace:&#xD;
[xUnit.net 00:00:36.49]         C:\Users\hallam\Work\mmm\Mesh\Goedel.Mesh.Server\MeshDispatch.cs(136,0): at Goedel.Mesh.Server.PublicMeshService..ctor(IMeshMachine meshMachine, ServiceConfiguration serviceConfiguration, HostConfiguration hostConfiguration)&#xD;
[xUnit.net 00:00:36.49]         C:\Users\hallam\Work\mmm\Testing\Goedel.Mesh.Test\TestEnvironmentCommon.cs(203,0): at Goedel.Mesh.Test.TestEnvironmentCommon.get_MeshService()&#xD;
[xUnit.net 00:00:36.49]         C:\Users\hallam\Work\mmm\Testing\Goedel.Mesh.Test\TestEnvironmentCommon.cs(222,0): at Goedel.Mesh.Test.TestEnvironmentCommon.GetMeshClient(MeshMachineTest meshMachineTest, ICredentialPrivate credential, String serviceId, String accountAddress)&#xD;
[xUnit.net 00:00:36.49]         C:\Users\hallam\Work\mmm\Testing\Goedel.Mesh.Test\MeshMachineTest.cs(88,0): at Goedel.Mesh.Test.MeshMachineTest.GetMeshClient(ICredentialPrivate credential, String service, String accountAddress)&#xD;
[xUnit.net 00:00:36.49]         C:\Users\hallam\Work\mmm\Mesh\Goedel.Mesh.Client\ContextUser.cs(243,0): at Goedel.Mesh.Client.ContextUser.SetService(String accountAddress)&#xD;
[xUnit.net 00:00:36.49]         C:\Users\hallam\Work\mmm\Mesh\Goedel.Mesh.Client\MeshHost.cs(269,0): at Goedel.Mesh.Client.MeshHost.ConfigureMesh(String accountAddress, String localName, PrivateKeyUDF accountSeed, ProfileDevice profileDevice, List`1 rights, Boolean create)&#xD;
[xUnit.net 00:00:36.49]         C:\Users\hallam\Work\mmm\Testing\Goedel.Mesh.Test\MeshMachineTest.cs(120,0): at Goedel.Mesh.Test.MeshMachineTest.GenerateAccountUser(TestEnvironmentCommon testEnvironmentCommon, String machineName, String accountAddress, String localName)&#xD;
[xUnit.net 00:00:36.49]         C:\Users\hallam\Work\mmm\Testing\Goedel.Mesh.Protocol.Test-xunit\Authorization.cs(66,0): at Goedel.XUnit.TestService.MeshCheckAccountAuth(String role)&#xD;
[xUnit.net 00:00:36.49]         C:\Users\hallam\Work\mmm\Testing\Goedel.Mesh.Protocol.Test-xunit\Authorization.cs(54,0): at Goedel.XUnit.TestService.MeshDeviceDirectKey()&#xD;
[xUnit.net 00:00:37.10]       System.NullReferenceException : Object reference not set to an instance of an object.&#xD;
[xUnit.net 00:00:37.10]       Stack Trace:&#xD;
[xUnit.net 00:00:37.10]         C:\Users\hallam\Work\mmm\Mesh\Goedel.Mesh.Server\MeshDispatch.cs(136,0): at Goedel.Mesh.Server.PublicMeshService..ctor(IMeshMachine meshMachine, ServiceConfiguration serviceConfiguration, HostConfiguration hostConfiguration)&#xD;
[xUnit.net 00:00:37.10]         C:\Users\hallam\Work\mmm\Testing\Goedel.Mesh.Test\TestEnvironmentCommon.cs(203,0): at Goedel.Mesh.Test.TestEnvironmentCommon.get_MeshService()&#xD;
[xUnit.net 00:00:37.10]         C:\Users\hallam\Work\mmm\Testing\Goedel.Mesh.Test\TestEnvironmentCommon.cs(222,0): at Goedel.Mesh.Test.TestEnvironmentCommon.GetMeshClient(MeshMachineTest meshMachineTest, ICredentialPrivate credential, String serviceId, String accountAddress)&#xD;
[xUnit.net 00:00:37.10]         C:\Users\hallam\Work\mmm\Testing\Goedel.Mesh.Test\MeshMachineTest.cs(88,0): at Goedel.Mesh.Test.MeshMachineTest.GetMeshClient(ICredentialPrivate credential, String service, String accountAddress)&#xD;
[xUnit.net 00:00:37.10]         C:\Users\hallam\Work\mmm\Mesh\Goedel.Mesh.Client\ContextUser.cs(243,0): at Goedel.Mesh.Client.ContextUser.SetService(String accountAddress)&#xD;
[xUnit.net 00:00:37.10]         C:\Users\hallam\Work\mmm\Mesh\Goedel.Mesh.Client\MeshHost.cs(269,0): at Goedel.Mesh.Client.MeshHost.ConfigureMesh(String accountAddress, String localName, PrivateKeyUDF accountSeed, ProfileDevice profileDevice, List`1 rights, Boolean create)&#xD;
[xUnit.net 00:00:37.10]         C:\Users\hallam\Work\mmm\Mesh\Goedel.Mesh.Shell\DispatchAccount.cs(68,0): at Goedel.Mesh.Shell.Shell.AccountCreate(AccountCreate options)&#xD;
[xUnit.net 00:00:37.10]         C:\Users\hallam\Work\mmm\Mesh\Goedel.Mesh.Shell\meshman.cs(520,0): at Goedel.Mesh.Shell.CommandLineInterpreter.Handle_AccountCreate(DispatchShell DispatchIn, String[] Args, Int32 Index)&#xD;
[xUnit.net 00:00:37.10]         C:\Users\hallam\Work\mmm\Libraries\Goedel.Command\Command.cs(224,0): at Goedel.Command.CommandLineInterpreterBase.Dispatcher(SortedDictionary`2 Entries, DescribeCommandEntry DefaultCommand, DispatchShell Dispatch, String[] Args, Int32 Index)&#xD;
[xUnit.net 00:00:37.10]         C:\Users\hallam\Work\mmm\Libraries\Goedel.Command\Command.cs(228,0): at Goedel.Command.CommandLineInterpreterBase.Dispatcher(SortedDictionary`2 Entries, DescribeCommandEntry DefaultCommand, DispatchShell Dispatch, String[] Args, Int32 Index)&#xD;
[xUnit.net 00:00:37.10]         C:\Users\hallam\Work\mmm\Testing\Goedel.Mesh.Test\TestShell.cs(241,0): at Goedel.Mesh.Test.TestCLI.Dispatch(String command, Boolean fail)&#xD;
[xUnit.net 00:00:37.10]         C:\Users\hallam\Work\mmm\Testing\Goedel.Mesh.Shell.Test-xunit\TestProfile.cs(193,0): at Goedel.XUnit.ShellTests.TestProfileConnectPinReused()&#xD;
[xUnit.net 00:00:37.37]       System.NullReferenceException : Object reference not set to an instance of an object.&#xD;
[xUnit.net 00:00:37.37]       Stack Trace:&#xD;
[xUnit.net 00:00:37.37]         C:\Users\hallam\Work\mmm\Mesh\Goedel.Mesh.Server\MeshDispatch.cs(136,0): at Goedel.Mesh.Server.PublicMeshService..ctor(IMeshMachine meshMachine, ServiceConfiguration serviceConfiguration, HostConfiguration hostConfiguration)&#xD;
[xUnit.net 00:00:37.37]         C:\Users\hallam\Work\mmm\Testing\Goedel.Mesh.Test\TestEnvironmentCommon.cs(203,0): at Goedel.Mesh.Test.TestEnvironmentCommon.get_MeshService()&#xD;
[xUnit.net 00:00:37.37]         C:\Users\hallam\Work\mmm\Testing\Goedel.Mesh.Test\TestEnvironmentCommon.cs(222,0): at Goedel.Mesh.Test.TestEnvironmentCommon.GetMeshClient(MeshMachineTest meshMachineTest, ICredentialPrivate credential, String serviceId, String accountAddress)&#xD;
[xUnit.net 00:00:37.37]         C:\Users\hallam\Work\mmm\Testing\Goedel.Mesh.Test\MeshMachineTest.cs(88,0): at Goedel.Mesh.Test.MeshMachineTest.GetMeshClient(ICredentialPrivate credential, String service, String accountAddress)&#xD;
[xUnit.net 00:00:37.37]         C:\Users\hallam\Work\mmm\Mesh\Goedel.Mesh.Client\ContextUser.cs(243,0): at Goedel.Mesh.Client.ContextUser.SetService(String accountAddress)&#xD;
[xUnit.net 00:00:37.37]         C:\Users\hallam\Work\mmm\Mesh\Goedel.Mesh.Client\MeshHost.cs(269,0): at Goedel.Mesh.Client.MeshHost.ConfigureMesh(String accountAddress, String localName, PrivateKeyUDF accountSeed, ProfileDevice profileDevice, List`1 rights, Boolean create)&#xD;
[xUnit.net 00:00:37.37]         C:\Users\hallam\Work\mmm\Testing\Goedel.Mesh.Test\MeshMachineTest.cs(120,0): at Goedel.Mesh.Test.MeshMachineTest.GenerateAccountUser(TestEnvironmentCommon testEnvironmentCommon, String machineName, String accountAddress, String localName)&#xD;
[xUnit.net 00:00:37.37]         C:\Users\hallam\Work\mmm\Testing\Goedel.Mesh.Protocol.Test-xunit\Authorization.cs(119,0): at Goedel.XUnit.TestService.MeshDeviceSsh()&#xD;
[xUnit.net 00:00:37.34]       Goedel.Mesh.ServiceAdmin.HostNotFound : Configuration for the host ServiceConfig.json could not be found&#xD;
[xUnit.net 00:00:37.34]       Stack Trace:&#xD;
[xUnit.net 00:00:37.34]         C:\Users\hallam\Work\mmm\Mesh\Goedel.Mesh.ServiceAdmin\ServiceDescription.cs(135,0): at Goedel.Mesh.ServiceAdmin.Configuration.GetHostConfiguration(String id)&#xD;
[xUnit.net 00:00:37.34]         C:\Users\hallam\Work\mmm\Mesh\Goedel.Mesh.Shell.Host\ShellDispatch.cs(156,0): at Goedel.Mesh.Shell.Host.Shell.HostStart(HostStart Options)&#xD;
[xUnit.net 00:00:37.34]         C:\Users\hallam\Work\mmm\Mesh\Goedel.Mesh.Shell.Host\anyhost.cs(172,0): at Goedel.Mesh.Shell.Host.CommandLineInterpreter.Handle_HostStart(DispatchShell DispatchIn, String[] Args, Int32 Index)&#xD;
[xUnit.net 00:00:37.34]         C:\Users\hallam\Work\mmm\Libraries\Goedel.Command\Command.cs(224,0): at Goedel.Command.CommandLineInterpreterBase.Dispatcher(SortedDictionary`2 Entries, DescribeCommandEntry DefaultCommand, DispatchShell Dispatch, String[] Args, Int32 Index)&#xD;
[xUnit.net 00:00:37.34]         C:\Users\hallam\Work\mmm\Mesh\Goedel.Mesh.Shell.Host\anyhost.cs(161,0): at Goedel.Mesh.Shell.Host.CommandLineInterpreter.MainMethod(Shell Dispatch, String[] Args)&#xD;
[xUnit.net 00:00:37.34]         C:\Users\hallam\Work\mmm\Testing\Goedel.Mesh.Test\TestEnvironmentCommon.cs(121,0): at Goedel.Mesh.Test.TestEnvironmentRdpShell.Host(String command)&#xD;
[xUnit.net 00:00:37.34]         C:\Users\hallam\Work\mmm\Testing\Goedel.Mesh.Test\TestEnvironmentCommon.cs(90,0): at Goedel.Mesh.Test.TestEnvironmentRdpShell.StartService()&#xD;
[xUnit.net 00:00:37.34]         C:\Users\hallam\Work\mmm\Testing\Goedel.Mesh.Test\TestEnvironmentCommon.cs(102,0): at Goedel.Mesh.Test.TestEnvironmentRdpShell.GetMeshClient(MeshMachineTest meshMachineTest, ICredentialPrivate credential, String service, String accountAddress)&#xD;
[xUnit.net 00:00:37.34]         C:\Users\hallam\Work\mmm\Testing\Goedel.Mesh.Test\MeshMachineTest.cs(88,0): at Goedel.Mesh.Test.MeshMachineTest.GetMeshClient(ICredentialPrivate credential, String service, String accountAddress)&#xD;
[xUnit.net 00:00:37.34]         C:\Users\hallam\Work\mmm\Mesh\Goedel.Mesh.Client\ContextUser.cs(243,0): at Goedel.Mesh.Client.ContextUser.SetService(String accountAddress)&#xD;
[xUnit.net 00:00:37.34]         C:\Users\hallam\Work\mmm\Mesh\Goedel.Mesh.Client\MeshHost.cs(269,0): at Goedel.Mesh.Client.MeshHost.ConfigureMesh(String accountAddress, String localName, PrivateKeyUDF accountSeed, ProfileDevice profileDevice, List`1 rights, Boolean create)&#xD;
[xUnit.net 00:00:37.34]         C:\Users\hallam\Work\mmm\Mesh\Goedel.Mesh.Shell\DispatchAccount.cs(68,0): at Goedel.Mesh.Shell.Shell.AccountCreate(AccountCreate options)&#xD;
[xUnit.net 00:00:37.34]         C:\Users\hallam\Work\mmm\Mesh\Goedel.Mesh.Shell\meshman.cs(520,0): at Goedel.Mesh.Shell.CommandLineInterpreter.Handle_AccountCreate(DispatchShell DispatchIn, String[] Args, Int32 Index)&#xD;
[xUnit.net 00:00:37.34]         C:\Users\hallam\Work\mmm\Libraries\Goedel.Command\Command.cs(224,0): at Goedel.Command.CommandLineInterpreterBase.Dispatcher(SortedDictionary`2 Entries, DescribeCommandEntry DefaultCommand, DispatchShell Dispatch, String[] Args, Int32 Index)&#xD;
[xUnit.net 00:00:37.34]         C:\Users\hallam\Work\mmm\Libraries\Goedel.Command\Command.cs(228,0): at Goedel.Command.CommandLineInterpreterBase.Dispatcher(SortedDictionary`2 Entries, DescribeCommandEntry DefaultCommand, DispatchShell Dispatch, String[] Args, Int32 Index)&#xD;
[xUnit.net 00:00:37.34]         C:\Users\hallam\Work\mmm\Testing\Goedel.Mesh.Test\TestShell.cs(241,0): at Goedel.Mesh.Test.TestCLI.Dispatch(String command, Boolean fail)&#xD;
[xUnit.net 00:00:37.34]         C:\Users\hallam\Work\mmm\Testing\Goedel.Mesh.Shell.Test-xunit\Base.cs(159,0): at Goedel.XUnit.ShellTests.Dispatch(String command, Boolean fail)&#xD;
[xUnit.net 00:00:37.34]         C:\Users\hallam\Work\mmm\Testing\Goedel.Mesh.Shell.Test-xunit\TestAccount.cs(56,0): at Goedel.XUnit.ShellTests.TestAccount()&#xD;
[xUnit.net 00:00:38.06]       System.NullReferenceException : Object reference not set to an instance of an object.&#xD;
[xUnit.net 00:00:38.06]       Stack Trace:&#xD;
[xUnit.net 00:00:38.06]         C:\Users\hallam\Work\mmm\Mesh\Goedel.Mesh.Server\MeshDispatch.cs(136,0): at Goedel.Mesh.Server.PublicMeshService..ctor(IMeshMachine meshMachine, ServiceConfiguration serviceConfiguration, HostConfiguration hostConfiguration)&#xD;
[xUnit.net 00:00:38.06]         C:\Users\hallam\Work\mmm\Testing\Goedel.Mesh.Test\TestEnvironmentCommon.cs(203,0): at Goedel.Mesh.Test.TestEnvironmentCommon.get_MeshService()&#xD;
[xUnit.net 00:00:38.06]         C:\Users\hallam\Work\mmm\Testing\Goedel.Mesh.Test\TestEnvironmentCommon.cs(222,0): at Goedel.Mesh.Test.TestEnvironmentCommon.GetMeshClient(MeshMachineTest meshMachineTest, ICredentialPrivate credential, String serviceId, String accountAddress)&#xD;
[xUnit.net 00:00:38.06]         C:\Users\hallam\Work\mmm\Testing\Goedel.Mesh.Test\MeshMachineTest.cs(88,0): at Goedel.Mesh.Test.MeshMachineTest.GetMeshClient(ICredentialPrivate credential, String service, String accountAddress)&#xD;
[xUnit.net 00:00:38.06]         C:\Users\hallam\Work\mmm\Mesh\Goedel.Mesh.Client\ContextUser.cs(243,0): at Goedel.Mesh.Client.ContextUser.SetService(String accountAddress)&#xD;
[xUnit.net 00:00:38.06]         C:\Users\hallam\Work\mmm\Mesh\Goedel.Mesh.Client\MeshHost.cs(269,0): at Goedel.Mesh.Client.MeshHost.ConfigureMesh(String accountAddress, String localName, PrivateKeyUDF accountSeed, ProfileDevice profileDevice, List`1 rights, Boolean create)&#xD;
[xUnit.net 00:00:38.06]         C:\Users\hallam\Work\mmm\Mesh\Goedel.Mesh.Shell\DispatchAccount.cs(68,0): at Goedel.Mesh.Shell.Shell.AccountCreate(AccountCreate options)&#xD;
[xUnit.net 00:00:38.06]         C:\Users\hallam\Work\mmm\Mesh\Goedel.Mesh.Shell\meshman.cs(520,0): at Goedel.Mesh.Shell.CommandLineInterpreter.Handle_AccountCreate(DispatchShell DispatchIn, String[] Args, Int32 Index)&#xD;
[xUnit.net 00:00:38.06]         C:\Users\hallam\Work\mmm\Libraries\Goedel.Command\Command.cs(224,0): at Goedel.Command.CommandLineInterpreterBase.Dispatcher(SortedDictionary`2 Entries, DescribeCommandEntry DefaultCommand, DispatchShell Dispatch, String[] Args, Int32 Index)&#xD;
[xUnit.net 00:00:38.06]         C:\Users\hallam\Work\mmm\Libraries\Goedel.Command\Command.cs(228,0): at Goedel.Command.CommandLineInterpreterBase.Dispatcher(SortedDictionary`2 Entries, DescribeCommandEntry DefaultCommand, DispatchShell Dispatch, String[] Args, Int32 Index)&#xD;
[xUnit.net 00:00:38.06]         C:\Users\hallam\Work\mmm\Testing\Goedel.Mesh.Test\TestShell.cs(241,0): at Goedel.Mesh.Test.TestCLI.Dispatch(String command, Boolean fail)&#xD;
[xUnit.net 00:00:38.06]         C:\Users\hallam\Work\mmm\Testing\Goedel.Mesh.Shell.Test-xunit\TestMessage.cs(186,0): at Goedel.XUnit.ShellTests.MakeAccount(TestCLI device, String account)&#xD;
[xUnit.net 00:00:38.06]         C:\Users\hallam\Work\mmm\Testing\Goedel.Mesh.Shell.Test-xunit\TestMessage.cs(264,0): at Goedel.XUnit.ShellTests.CreateAliceBob(TestCLI&amp; deviceA, TestCLI&amp; deviceB)&#xD;
[xUnit.net 00:00:38.06]         C:\Users\hallam\Work\mmm\Testing\Goedel.Mesh.Shell.Test-xunit\TestMessage.cs(338,0): at Goedel.XUnit.ShellTests.TestMessageConfirmationReject()&#xD;
[xUnit.net 00:00:38.30]       System.NullReferenceException : Object reference not set to an instance of an object.&#xD;
[xUnit.net 00:00:38.30]       Stack Trace:&#xD;
[xUnit.net 00:00:38.30]         C:\Users\hallam\Work\mmm\Mesh\Goedel.Mesh.Server\MeshDispatch.cs(136,0): at Goedel.Mesh.Server.PublicMeshService..ctor(IMeshMachine meshMachine, ServiceConfiguration serviceConfiguration, HostConfiguration hostConfiguration)&#xD;
[xUnit.net 00:00:38.30]         C:\Users\hallam\Work\mmm\Testing\Goedel.Mesh.Test\TestEnvironmentCommon.cs(203,0): at Goedel.Mesh.Test.TestEnvironmentCommon.get_MeshService()&#xD;
[xUnit.net 00:00:38.30]         C:\Users\hallam\Work\mmm\Testing\Goedel.Mesh.Test\TestEnvironmentCommon.cs(222,0): at Goedel.Mesh.Test.TestEnvironmentCommon.GetMeshClient(MeshMachineTest meshMachineTest, ICredentialPrivate credential, String serviceId, String accountAddress)&#xD;
[xUnit.net 00:00:38.30]         C:\Users\hallam\Work\mmm\Testing\Goedel.Mesh.Test\MeshMachineTest.cs(88,0): at Goedel.Mesh.Test.MeshMachineTest.GetMeshClient(ICredentialPrivate credential, String service, String accountAddress)&#xD;
[xUnit.net 00:00:38.30]         C:\Users\hallam\Work\mmm\Mesh\Goedel.Mesh.Client\ContextUser.cs(243,0): at Goedel.Mesh.Client.ContextUser.SetService(String accountAddress)&#xD;
[xUnit.net 00:00:38.30]         C:\Users\hallam\Work\mmm\Mesh\Goedel.Mesh.Client\MeshHost.cs(269,0): at Goedel.Mesh.Client.MeshHost.ConfigureMesh(String accountAddress, String localName, PrivateKeyUDF accountSeed, ProfileDevice profileDevice, List`1 rights, Boolean create)&#xD;
[xUnit.net 00:00:38.30]         C:\Users\hallam\Work\mmm\Testing\Goedel.Mesh.Test\MeshMachineTest.cs(120,0): at Goedel.Mesh.Test.MeshMachineTest.GenerateAccountUser(TestEnvironmentCommon testEnvironmentCommon, String machineName, String accountAddress, String localName)&#xD;
[xUnit.net 00:00:38.30]         C:\Users\hallam\Work\mmm\Testing\Goedel.Mesh.Protocol.Test-xunit\Authorization.cs(323,0): at Goedel.XUnit.TestService.MeshDeviceDeveloper()&#xD;
[xUnit.net 00:00:38.93]       Goedel.Mesh.ServiceAdmin.HostNotFound : Configuration for the host ServiceConfig.json could not be found&#xD;
[xUnit.net 00:00:38.93]       Stack Trace:&#xD;
[xUnit.net 00:00:38.93]         C:\Users\hallam\Work\mmm\Mesh\Goedel.Mesh.ServiceAdmin\ServiceDescription.cs(135,0): at Goedel.Mesh.ServiceAdmin.Configuration.GetHostConfiguration(String id)&#xD;
[xUnit.net 00:00:38.93]         C:\Users\hallam\Work\mmm\Mesh\Goedel.Mesh.Shell.Host\ShellDispatch.cs(156,0): at Goedel.Mesh.Shell.Host.Shell.HostStart(HostStart Options)&#xD;
[xUnit.net 00:00:38.93]         C:\Users\hallam\Work\mmm\Mesh\Goedel.Mesh.Shell.Host\anyhost.cs(172,0): at Goedel.Mesh.Shell.Host.CommandLineInterpreter.Handle_HostStart(DispatchShell DispatchIn, String[] Args, Int32 Index)&#xD;
[xUnit.net 00:00:38.93]         C:\Users\hallam\Work\mmm\Libraries\Goedel.Command\Command.cs(224,0): at Goedel.Command.CommandLineInterpreterBase.Dispatcher(SortedDictionary`2 Entries, DescribeCommandEntry DefaultCommand, DispatchShell Dispatch, String[] Args, Int32 Index)&#xD;
[xUnit.net 00:00:38.93]         C:\Users\hallam\Work\mmm\Mesh\Goedel.Mesh.Shell.Host\anyhost.cs(161,0): at Goedel.Mesh.Shell.Host.CommandLineInterpreter.MainMethod(Shell Dispatch, String[] Args)&#xD;
[xUnit.net 00:00:38.93]         C:\Users\hallam\Work\mmm\Testing\Goedel.Mesh.Test\TestEnvironmentCommon.cs(121,0): at Goedel.Mesh.Test.TestEnvironmentRdpShell.Host(String command)&#xD;
[xUnit.net 00:00:38.93]         C:\Users\hallam\Work\mmm\Testing\Goedel.Mesh.Test\TestEnvironmentCommon.cs(90,0): at Goedel.Mesh.Test.TestEnvironmentRdpShell.StartService()&#xD;
[xUnit.net 00:00:38.93]         C:\Users\hallam\Work\mmm\Testing\Goedel.Mesh.Test\TestEnvironmentCommon.cs(102,0): at Goedel.Mesh.Test.TestEnvironmentRdpShell.GetMeshClient(MeshMachineTest meshMachineTest, ICredentialPrivate credential, String service, String accountAddress)&#xD;
[xUnit.net 00:00:38.93]         C:\Users\hallam\Work\mmm\Testing\Goedel.Mesh.Test\MeshMachineTest.cs(88,0): at Goedel.Mesh.Test.MeshMachineTest.GetMeshClient(ICredentialPrivate credential, String service, String accountAddress)&#xD;
[xUnit.net 00:00:38.93]         C:\Users\hallam\Work\mmm\Mesh\Goedel.Mesh.Client\ContextUser.cs(243,0): at Goedel.Mesh.Client.ContextUser.SetService(String accountAddress)&#xD;
[xUnit.net 00:00:38.93]         C:\Users\hallam\Work\mmm\Mesh\Goedel.Mesh.Client\MeshHost.cs(269,0): at Goedel.Mesh.Client.MeshHost.ConfigureMesh(String accountAddress, String localName, PrivateKeyUDF accountSeed, ProfileDevice profileDevice, List`1 rights, Boolean create)&#xD;
[xUnit.net 00:00:38.93]         C:\Users\hallam\Work\mmm\Mesh\Goedel.Mesh.Shell\DispatchAccount.cs(68,0): at Goedel.Mesh.Shell.Shell.AccountCreate(AccountCreate options)&#xD;
[xUnit.net 00:00:38.93]         C:\Users\hallam\Work\mmm\Mesh\Goedel.Mesh.Shell\meshman.cs(520,0): at Goedel.Mesh.Shell.CommandLineInterpreter.Handle_AccountCreate(DispatchShell DispatchIn, String[] Args, Int32 Index)&#xD;
[xUnit.net 00:00:38.93]         C:\Users\hallam\Work\mmm\Libraries\Goedel.Command\Command.cs(224,0): at Goedel.Command.CommandLineInterpreterBase.Dispatcher(SortedDictionary`2 Entries, DescribeCommandEntry DefaultCommand, DispatchShell Dispatch, String[] Args, Int32 Index)&#xD;
[xUnit.net 00:00:38.93]         C:\Users\hallam\Work\mmm\Libraries\Goedel.Command\Command.cs(228,0): at Goedel.Command.CommandLineInterpreterBase.Dispatcher(SortedDictionary`2 Entries, DescribeCommandEntry DefaultCommand, DispatchShell Dispatch, String[] Args, Int32 Index)&#xD;
[xUnit.net 00:00:38.93]         C:\Users\hallam\Work\mmm\Testing\Goedel.Mesh.Test\TestShell.cs(241,0): at Goedel.Mesh.Test.TestCLI.Dispatch(String command, Boolean fail)&#xD;
[xUnit.net 00:00:38.93]         C:\Users\hallam\Work\mmm\Testing\Goedel.Mesh.Shell.Test-xunit\Base.cs(159,0): at Goedel.XUnit.ShellTests.Dispatch(String command, Boolean fail)&#xD;
[xUnit.net 00:00:38.93]         C:\Users\hallam\Work\mmm\Testing\Goedel.Mesh.Shell.Test-xunit\Base.cs(162,0): at Goedel.XUnit.ShellTests.CreateAccount(String account)&#xD;
[xUnit.net 00:00:38.93]         C:\Users\hallam\Work\mmm\Testing\Goedel.Mesh.Shell.Test-xunit\TestDare.cs(137,0): at Goedel.XUnit.ShellTests.TestSequence(Int32 count, String encrypt, String sign, Boolean purge, Boolean index, String initial)&#xD;
[xUnit.net 00:00:38.97]       System.NullReferenceException : Object reference not set to an instance of an object.&#xD;
[xUnit.net 00:00:38.97]       Stack Trace:&#xD;
[xUnit.net 00:00:38.97]         C:\Users\hallam\Work\mmm\Mesh\Goedel.Mesh.Server\MeshDispatch.cs(136,0): at Goedel.Mesh.Server.PublicMeshService..ctor(IMeshMachine meshMachine, ServiceConfiguration serviceConfiguration, HostConfiguration hostConfiguration)&#xD;
[xUnit.net 00:00:38.97]         C:\Users\hallam\Work\mmm\Testing\Goedel.Mesh.Test\TestEnvironmentCommon.cs(203,0): at Goedel.Mesh.Test.TestEnvironmentCommon.get_MeshService()&#xD;
[xUnit.net 00:00:38.97]         C:\Users\hallam\Work\mmm\Testing\Goedel.Mesh.Test\TestEnvironmentCommon.cs(222,0): at Goedel.Mesh.Test.TestEnvironmentCommon.GetMeshClient(MeshMachineTest meshMachineTest, ICredentialPrivate credential, String serviceId, String accountAddress)&#xD;
[xUnit.net 00:00:38.97]         C:\Users\hallam\Work\mmm\Testing\Goedel.Mesh.Test\MeshMachineTest.cs(88,0): at Goedel.Mesh.Test.MeshMachineTest.GetMeshClient(ICredentialPrivate credential, String service, String accountAddress)&#xD;
[xUnit.net 00:00:38.97]         C:\Users\hallam\Work\mmm\Mesh\Goedel.Mesh.Client\ContextUser.cs(243,0): at Goedel.Mesh.Client.ContextUser.SetService(String accountAddress)&#xD;
[xUnit.net 00:00:38.97]         C:\Users\hallam\Work\mmm\Mesh\Goedel.Mesh.Client\MeshHost.cs(269,0): at Goedel.Mesh.Client.MeshHost.ConfigureMesh(String accountAddress, String localName, PrivateKeyUDF accountSeed, ProfileDevice profileDevice, List`1 rights, Boolean create)&#xD;
[xUnit.net 00:00:38.97]         C:\Users\hallam\Work\mmm\Mesh\Goedel.Mesh.Shell\DispatchAccount.cs(68,0): at Goedel.Mesh.Shell.Shell.AccountCreate(AccountCreate options)&#xD;
[xUnit.net 00:00:38.97]         C:\Users\hallam\Work\mmm\Mesh\Goedel.Mesh.Shell\meshman.cs(520,0): at Goedel.Mesh.Shell.CommandLineInterpreter.Handle_AccountCreate(DispatchShell DispatchIn, String[] Args, Int32 Index)&#xD;
[xUnit.net 00:00:38.97]         C:\Users\hallam\Work\mmm\Libraries\Goedel.Command\Command.cs(224,0): at Goedel.Command.CommandLineInterpreterBase.Dispatcher(SortedDictionary`2 Entries, DescribeCommandEntry DefaultCommand, DispatchShell Dispatch, String[] Args, Int32 Index)&#xD;
[xUnit.net 00:00:38.97]         C:\Users\hallam\Work\mmm\Libraries\Goedel.Command\Command.cs(228,0): at Goedel.Command.CommandLineInterpreterBase.Dispatcher(SortedDictionary`2 Entries, DescribeCommandEntry DefaultCommand, DispatchShell Dispatch, String[] Args, Int32 Index)&#xD;
[xUnit.net 00:00:38.97]         C:\Users\hallam\Work\mmm\Testing\Goedel.Mesh.Test\TestShell.cs(241,0): at Goedel.Mesh.Test.TestCLI.Dispatch(String command, Boolean fail)&#xD;
[xUnit.net 00:00:38.97]         C:\Users\hallam\Work\mmm\Testing\Goedel.Mesh.Shell.Test-xunit\TestMessage.cs(186,0): at Goedel.XUnit.ShellTests.MakeAccount(TestCLI device, String account)&#xD;
[xUnit.net 00:00:38.97]         C:\Users\hallam\Work\mmm\Testing\Goedel.Mesh.Shell.Test-xunit\TestMessage.cs(47,0): at Goedel.XUnit.ShellTests.TestMessageContactBusinessCardFetch()&#xD;
[xUnit.net 00:00:39.18]       System.NullReferenceException : Object reference not set to an instance of an object.&#xD;
[xUnit.net 00:00:39.18]       Stack Trace:&#xD;
[xUnit.net 00:00:39.18]         C:\Users\hallam\Work\mmm\Mesh\Goedel.Mesh.Server\MeshDispatch.cs(136,0): at Goedel.Mesh.Server.PublicMeshService..ctor(IMeshMachine meshMachine, ServiceConfiguration serviceConfiguration, HostConfiguration hostConfiguration)&#xD;
[xUnit.net 00:00:39.18]         C:\Users\hallam\Work\mmm\Testing\Goedel.Mesh.Test\TestEnvironmentCommon.cs(203,0): at Goedel.Mesh.Test.TestEnvironmentCommon.get_MeshService()&#xD;
[xUnit.net 00:00:39.18]         C:\Users\hallam\Work\mmm\Testing\Goedel.Mesh.Test\TestEnvironmentCommon.cs(222,0): at Goedel.Mesh.Test.TestEnvironmentCommon.GetMeshClient(MeshMachineTest meshMachineTest, ICredentialPrivate credential, String serviceId, String accountAddress)&#xD;
[xUnit.net 00:00:39.18]         C:\Users\hallam\Work\mmm\Testing\Goedel.Mesh.Test\MeshMachineTest.cs(88,0): at Goedel.Mesh.Test.MeshMachineTest.GetMeshClient(ICredentialPrivate credential, String service, String accountAddress)&#xD;
[xUnit.net 00:00:39.18]         C:\Users\hallam\Work\mmm\Mesh\Goedel.Mesh.Client\ContextUser.cs(243,0): at Goedel.Mesh.Client.ContextUser.SetService(String accountAddress)&#xD;
[xUnit.net 00:00:39.18]         C:\Users\hallam\Work\mmm\Mesh\Goedel.Mesh.Client\MeshHost.cs(269,0): at Goedel.Mesh.Client.MeshHost.ConfigureMesh(String accountAddress, String localName, PrivateKeyUDF accountSeed, ProfileDevice profileDevice, List`1 rights, Boolean create)&#xD;
[xUnit.net 00:00:39.18]         C:\Users\hallam\Work\mmm\Testing\Goedel.Mesh.Test\MeshMachineTest.cs(120,0): at Goedel.Mesh.Test.MeshMachineTest.GenerateAccountUser(TestEnvironmentCommon testEnvironmentCommon, String machineName, String accountAddress, String localName)&#xD;
[xUnit.net 00:00:39.18]         C:\Users\hallam\Work\mmm\Testing\Goedel.Mesh.Protocol.Test-xunit\MeshCredential.cs(73,0): at Goedel.XUnit.TestService.TestCredentialAccount()&#xD;
[xUnit.net 00:00:40.01]       System.NullReferenceException : Object reference not set to an instance of an object.&#xD;
[xUnit.net 00:00:40.01]       Stack Trace:&#xD;
[xUnit.net 00:00:40.01]         C:\Users\hallam\Work\mmm\Mesh\Goedel.Mesh.Server\MeshDispatch.cs(136,0): at Goedel.Mesh.Server.PublicMeshService..ctor(IMeshMachine meshMachine, ServiceConfiguration serviceConfiguration, HostConfiguration hostConfiguration)&#xD;
[xUnit.net 00:00:40.01]         C:\Users\hallam\Work\mmm\Testing\Goedel.Mesh.Test\TestEnvironmentCommon.cs(203,0): at Goedel.Mesh.Test.TestEnvironmentCommon.get_MeshService()&#xD;
[xUnit.net 00:00:40.01]         C:\Users\hallam\Work\mmm\Testing\Goedel.Mesh.Test\TestEnvironmentCommon.cs(222,0): at Goedel.Mesh.Test.TestEnvironmentCommon.GetMeshClient(MeshMachineTest meshMachineTest, ICredentialPrivate credential, String serviceId, String accountAddress)&#xD;
[xUnit.net 00:00:40.01]         C:\Users\hallam\Work\mmm\Testing\Goedel.Mesh.Test\MeshMachineTest.cs(88,0): at Goedel.Mesh.Test.MeshMachineTest.GetMeshClient(ICredentialPrivate credential, String service, String accountAddress)&#xD;
[xUnit.net 00:00:40.01]         C:\Users\hallam\Work\mmm\Mesh\Goedel.Mesh.Client\ContextUser.cs(243,0): at Goedel.Mesh.Client.ContextUser.SetService(String accountAddress)&#xD;
[xUnit.net 00:00:40.01]         C:\Users\hallam\Work\mmm\Mesh\Goedel.Mesh.Client\MeshHost.cs(269,0): at Goedel.Mesh.Client.MeshHost.ConfigureMesh(String accountAddress, String localName, PrivateKeyUDF accountSeed, ProfileDevice profileDevice, List`1 rights, Boolean create)&#xD;
[xUnit.net 00:00:40.01]         C:\Users\hallam\Work\mmm\Mesh\Goedel.Mesh.Shell\DispatchAccount.cs(68,0): at Goedel.Mesh.Shell.Shell.AccountCreate(AccountCreate options)&#xD;
[xUnit.net 00:00:40.01]         C:\Users\hallam\Work\mmm\Mesh\Goedel.Mesh.Shell\meshman.cs(520,0): at Goedel.Mesh.Shell.CommandLineInterpreter.Handle_AccountCreate(DispatchShell DispatchIn, String[] Args, Int32 Index)&#xD;
[xUnit.net 00:00:40.01]         C:\Users\hallam\Work\mmm\Libraries\Goedel.Command\Command.cs(224,0): at Goedel.Command.CommandLineInterpreterBase.Dispatcher(SortedDictionary`2 Entries, DescribeCommandEntry DefaultCommand, DispatchShell Dispatch, String[] Args, Int32 Index)&#xD;
[xUnit.net 00:00:40.01]         C:\Users\hallam\Work\mmm\Libraries\Goedel.Command\Command.cs(228,0): at Goedel.Command.CommandLineInterpreterBase.Dispatcher(SortedDictionary`2 Entries, DescribeCommandEntry DefaultCommand, DispatchShell Dispatch, String[] Args, Int32 Index)&#xD;
[xUnit.net 00:00:40.01]         C:\Users\hallam\Work\mmm\Testing\Goedel.Mesh.Test\TestShell.cs(241,0): at Goedel.Mesh.Test.TestCLI.Dispatch(String command, Boolean fail)&#xD;
[xUnit.net 00:00:40.01]         C:\Users\hallam\Work\mmm\Testing\Goedel.Mesh.Shell.Test-xunit\TestProfile.cs(429,0): at Goedel.XUnit.ShellTests.TestAuthCreate(TestCLI device1, TestCLI device2, String auth)&#xD;
[xUnit.net 00:00:40.01]         C:\Users\hallam\Work\mmm\Testing\Goedel.Mesh.Shell.Test-xunit\TestProfile.cs(313,0): at Goedel.XUnit.ShellTests.TestCreateAdmin()&#xD;
[xUnit.net 00:00:40.32]       System.NullReferenceException : Object reference not set to an instance of an object.&#xD;
[xUnit.net 00:00:40.32]       Stack Trace:&#xD;
[xUnit.net 00:00:40.32]         C:\Users\hallam\Work\mmm\Mesh\Goedel.Mesh.Server\MeshDispatch.cs(136,0): at Goedel.Mesh.Server.PublicMeshService..ctor(IMeshMachine meshMachine, ServiceConfiguration serviceConfiguration, HostConfiguration hostConfiguration)&#xD;
[xUnit.net 00:00:40.32]         C:\Users\hallam\Work\mmm\Testing\Goedel.Mesh.Test\TestEnvironmentCommon.cs(203,0): at Goedel.Mesh.Test.TestEnvironmentCommon.get_MeshService()&#xD;
[xUnit.net 00:00:40.32]         C:\Users\hallam\Work\mmm\Testing\Goedel.Mesh.Test\TestEnvironmentCommon.cs(222,0): at Goedel.Mesh.Test.TestEnvironmentCommon.GetMeshClient(MeshMachineTest meshMachineTest, ICredentialPrivate credential, String serviceId, String accountAddress)&#xD;
[xUnit.net 00:00:40.32]         C:\Users\hallam\Work\mmm\Testing\Goedel.Mesh.Test\MeshMachineTest.cs(88,0): at Goedel.Mesh.Test.MeshMachineTest.GetMeshClient(ICredentialPrivate credential, String service, String accountAddress)&#xD;
[xUnit.net 00:00:40.32]         C:\Users\hallam\Work\mmm\Mesh\Goedel.Mesh.Client\ContextUser.cs(243,0): at Goedel.Mesh.Client.ContextUser.SetService(String accountAddress)&#xD;
[xUnit.net 00:00:40.32]         C:\Users\hallam\Work\mmm\Mesh\Goedel.Mesh.Client\MeshHost.cs(269,0): at Goedel.Mesh.Client.MeshHost.ConfigureMesh(String accountAddress, String localName, PrivateKeyUDF accountSeed, ProfileDevice profileDevice, List`1 rights, Boolean create)&#xD;
[xUnit.net 00:00:40.32]         C:\Users\hallam\Work\mmm\Testing\Goedel.Mesh.Test\MeshMachineTest.cs(120,0): at Goedel.Mesh.Test.MeshMachineTest.GenerateAccountUser(TestEnvironmentCommon testEnvironmentCommon, String machineName, String accountAddress, String localName)&#xD;
[xUnit.net 00:00:40.32]         C:\Users\hallam\Work\mmm\Testing\Goedel.Mesh.Protocol.Test-xunit\TestService.cs(482,0): at Goedel.XUnit.TestService.MeshMessageContact()&#xD;
[xUnit.net 00:00:40.76]       Goedel.Mesh.ServiceAdmin.HostNotFound : Configuration for the host ServiceConfig.json could not be found&#xD;
[xUnit.net 00:00:40.76]       Stack Trace:&#xD;
[xUnit.net 00:00:40.76]         C:\Users\hallam\Work\mmm\Mesh\Goedel.Mesh.ServiceAdmin\ServiceDescription.cs(135,0): at Goedel.Mesh.ServiceAdmin.Configuration.GetHostConfiguration(String id)&#xD;
[xUnit.net 00:00:40.76]         C:\Users\hallam\Work\mmm\Mesh\Goedel.Mesh.Shell.Host\ShellDispatch.cs(156,0): at Goedel.Mesh.Shell.Host.Shell.HostStart(HostStart Options)&#xD;
[xUnit.net 00:00:40.76]         C:\Users\hallam\Work\mmm\Mesh\Goedel.Mesh.Shell.Host\anyhost.cs(172,0): at Goedel.Mesh.Shell.Host.CommandLineInterpreter.Handle_HostStart(DispatchShell DispatchIn, String[] Args, Int32 Index)&#xD;
[xUnit.net 00:00:40.76]         C:\Users\hallam\Work\mmm\Libraries\Goedel.Command\Command.cs(224,0): at Goedel.Command.CommandLineInterpreterBase.Dispatcher(SortedDictionary`2 Entries, DescribeCommandEntry DefaultCommand, DispatchShell Dispatch, String[] Args, Int32 Index)&#xD;
[xUnit.net 00:00:40.76]         C:\Users\hallam\Work\mmm\Mesh\Goedel.Mesh.Shell.Host\anyhost.cs(161,0): at Goedel.Mesh.Shell.Host.CommandLineInterpreter.MainMethod(Shell Dispatch, String[] Args)&#xD;
[xUnit.net 00:00:40.76]         C:\Users\hallam\Work\mmm\Testing\Goedel.Mesh.Test\TestEnvironmentCommon.cs(121,0): at Goedel.Mesh.Test.TestEnvironmentRdpShell.Host(String command)&#xD;
[xUnit.net 00:00:40.76]         C:\Users\hallam\Work\mmm\Testing\Goedel.Mesh.Test\TestEnvironmentCommon.cs(90,0): at Goedel.Mesh.Test.TestEnvironmentRdpShell.StartService()&#xD;
[xUnit.net 00:00:40.76]         C:\Users\hallam\Work\mmm\Testing\Goedel.Mesh.Test\TestEnvironmentCommon.cs(102,0): at Goedel.Mesh.Test.TestEnvironmentRdpShell.GetMeshClient(MeshMachineTest meshMachineTest, ICredentialPrivate credential, String service, String accountAddress)&#xD;
[xUnit.net 00:00:40.76]         C:\Users\hallam\Work\mmm\Testing\Goedel.Mesh.Test\MeshMachineTest.cs(88,0): at Goedel.Mesh.Test.MeshMachineTest.GetMeshClient(ICredentialPrivate credential, String service, String accountAddress)&#xD;
[xUnit.net 00:00:40.76]         C:\Users\hallam\Work\mmm\Mesh\Goedel.Mesh.Client\ContextUser.cs(243,0): at Goedel.Mesh.Client.ContextUser.SetService(String accountAddress)&#xD;
[xUnit.net 00:00:40.76]         C:\Users\hallam\Work\mmm\Mesh\Goedel.Mesh.Client\MeshHost.cs(269,0): at Goedel.Mesh.Client.MeshHost.ConfigureMesh(String accountAddress, String localName, PrivateKeyUDF accountSeed, ProfileDevice profileDevice, List`1 rights, Boolean create)&#xD;
[xUnit.net 00:00:40.76]         C:\Users\hallam\Work\mmm\Mesh\Goedel.Mesh.Shell\DispatchAccount.cs(68,0): at Goedel.Mesh.Shell.Shell.AccountCreate(AccountCreate options)&#xD;
[xUnit.net 00:00:40.76]         C:\Users\hallam\Work\mmm\Mesh\Goedel.Mesh.Shell\meshman.cs(520,0): at Goedel.Mesh.Shell.CommandLineInterpreter.Handle_AccountCreate(DispatchShell DispatchIn, String[] Args, Int32 Index)&#xD;
[xUnit.net 00:00:40.76]         C:\Users\hallam\Work\mmm\Libraries\Goedel.Command\Command.cs(224,0): at Goedel.Command.CommandLineInterpreterBase.Dispatcher(SortedDictionary`2 Entries, DescribeCommandEntry DefaultCommand, DispatchShell Dispatch, String[] Args, Int32 Index)&#xD;
[xUnit.net 00:00:40.76]         C:\Users\hallam\Work\mmm\Libraries\Goedel.Command\Command.cs(228,0): at Goedel.Command.CommandLineInterpreterBase.Dispatcher(SortedDictionary`2 Entries, DescribeCommandEntry DefaultCommand, DispatchShell Dispatch, String[] Args, Int32 Index)&#xD;
[xUnit.net 00:00:40.76]         C:\Users\hallam\Work\mmm\Testing\Goedel.Mesh.Test\TestShell.cs(241,0): at Goedel.Mesh.Test.TestCLI.Dispatch(String command, Boolean fail)&#xD;
[xUnit.net 00:00:40.76]         C:\Users\hallam\Work\mmm\Testing\Goedel.Mesh.Shell.Test-xunit\TestCatalog.cs(98,0): at Goedel.XUnit.ShellTests.TestProfileContact()&#xD;
[xUnit.net 00:00:41.18]       System.NullReferenceException : Object reference not set to an instance of an object.&#xD;
[xUnit.net 00:00:41.18]       Stack Trace:&#xD;
[xUnit.net 00:00:41.18]         C:\Users\hallam\Work\mmm\Mesh\Goedel.Mesh.Server\MeshDispatch.cs(136,0): at Goedel.Mesh.Server.PublicMeshService..ctor(IMeshMachine meshMachine, ServiceConfiguration serviceConfiguration, HostConfiguration hostConfiguration)&#xD;
[xUnit.net 00:00:41.18]         C:\Users\hallam\Work\mmm\Testing\Goedel.Mesh.Test\TestEnvironmentCommon.cs(203,0): at Goedel.Mesh.Test.TestEnvironmentCommon.get_MeshService()&#xD;
[xUnit.net 00:00:41.18]         C:\Users\hallam\Work\mmm\Testing\Goedel.Mesh.Test\TestEnvironmentCommon.cs(222,0): at Goedel.Mesh.Test.TestEnvironmentCommon.GetMeshClient(MeshMachineTest meshMachineTest, ICredentialPrivate credential, String serviceId, String accountAddress)&#xD;
[xUnit.net 00:00:41.18]         C:\Users\hallam\Work\mmm\Testing\Goedel.Mesh.Test\MeshMachineTest.cs(88,0): at Goedel.Mesh.Test.MeshMachineTest.GetMeshClient(ICredentialPrivate credential, String service, String accountAddress)&#xD;
[xUnit.net 00:00:41.18]         C:\Users\hallam\Work\mmm\Mesh\Goedel.Mesh.Client\ContextUser.cs(243,0): at Goedel.Mesh.Client.ContextUser.SetService(String accountAddress)&#xD;
[xUnit.net 00:00:41.18]         C:\Users\hallam\Work\mmm\Mesh\Goedel.Mesh.Client\MeshHost.cs(269,0): at Goedel.Mesh.Client.MeshHost.ConfigureMesh(String accountAddress, String localName, PrivateKeyUDF accountSeed, ProfileDevice profileDevice, List`1 rights, Boolean create)&#xD;
[xUnit.net 00:00:41.18]         C:\Users\hallam\Work\mmm\Mesh\Goedel.Mesh.Shell\DispatchAccount.cs(68,0): at Goedel.Mesh.Shell.Shell.AccountCreate(AccountCreate options)&#xD;
[xUnit.net 00:00:41.18]         C:\Users\hallam\Work\mmm\Mesh\Goedel.Mesh.Shell\meshman.cs(520,0): at Goedel.Mesh.Shell.CommandLineInterpreter.Handle_AccountCreate(DispatchShell DispatchIn, String[] Args, Int32 Index)&#xD;
[xUnit.net 00:00:41.18]         C:\Users\hallam\Work\mmm\Libraries\Goedel.Command\Command.cs(224,0): at Goedel.Command.CommandLineInterpreterBase.Dispatcher(SortedDictionary`2 Entries, DescribeCommandEntry DefaultCommand, DispatchShell Dispatch, String[] Args, Int32 Index)&#xD;
[xUnit.net 00:00:41.18]         C:\Users\hallam\Work\mmm\Libraries\Goedel.Command\Command.cs(228,0): at Goedel.Command.CommandLineInterpreterBase.Dispatcher(SortedDictionary`2 Entries, DescribeCommandEntry DefaultCommand, DispatchShell Dispatch, String[] Args, Int32 Index)&#xD;
[xUnit.net 00:00:41.18]         C:\Users\hallam\Work\mmm\Testing\Goedel.Mesh.Test\TestShell.cs(241,0): at Goedel.Mesh.Test.TestCLI.Dispatch(String command, Boolean fail)&#xD;
[xUnit.net 00:00:41.18]         C:\Users\hallam\Work\mmm\Testing\Goedel.Mesh.Shell.Test-xunit\Base.cs(159,0): at Goedel.XUnit.ShellTests.Dispatch(String command, Boolean fail)&#xD;
[xUnit.net 00:00:41.18]         C:\Users\hallam\Work\mmm\Testing\Goedel.Mesh.Shell.Test-xunit\Base.cs(162,0): at Goedel.XUnit.ShellTests.CreateAccount(String account)&#xD;
[xUnit.net 00:00:41.18]         C:\Users\hallam\Work\mmm\Testing\Goedel.Mesh.Shell.Test-xunit\TestDare.cs(219,0): at Goedel.XUnit.ShellTests.LogTest(Int32[] counts, String encrypt, String sign)&#xD;
[xUnit.net 00:00:41.18]         C:\Users\hallam\Work\mmm\Testing\Goedel.Mesh.Shell.Test-xunit\TestDare.cs(116,0): at Goedel.XUnit.ShellTests.TestLog()&#xD;
[xUnit.net 00:00:41.55]       System.NullReferenceException : Object reference not set to an instance of an object.&#xD;
[xUnit.net 00:00:41.55]       Stack Trace:&#xD;
[xUnit.net 00:00:41.55]         C:\Users\hallam\Work\mmm\Mesh\Goedel.Mesh.Server\MeshDispatch.cs(136,0): at Goedel.Mesh.Server.PublicMeshService..ctor(IMeshMachine meshMachine, ServiceConfiguration serviceConfiguration, HostConfiguration hostConfiguration)&#xD;
[xUnit.net 00:00:41.55]         C:\Users\hallam\Work\mmm\Testing\Goedel.Mesh.Test\TestEnvironmentCommon.cs(203,0): at Goedel.Mesh.Test.TestEnvironmentCommon.get_MeshService()&#xD;
[xUnit.net 00:00:41.55]         C:\Users\hallam\Work\mmm\Testing\Goedel.Mesh.Test\TestEnvironmentCommon.cs(222,0): at Goedel.Mesh.Test.TestEnvironmentCommon.GetMeshClient(MeshMachineTest meshMachineTest, ICredentialPrivate credential, String serviceId, String accountAddress)&#xD;
[xUnit.net 00:00:41.55]         C:\Users\hallam\Work\mmm\Testing\Goedel.Mesh.Test\MeshMachineTest.cs(88,0): at Goedel.Mesh.Test.MeshMachineTest.GetMeshClient(ICredentialPrivate credential, String service, String accountAddress)&#xD;
[xUnit.net 00:00:41.55]         C:\Users\hallam\Work\mmm\Mesh\Goedel.Mesh.Client\ContextUser.cs(243,0): at Goedel.Mesh.Client.ContextUser.SetService(String accountAddress)&#xD;
[xUnit.net 00:00:41.55]         C:\Users\hallam\Work\mmm\Mesh\Goedel.Mesh.Client\MeshHost.cs(269,0): at Goedel.Mesh.Client.MeshHost.ConfigureMesh(String accountAddress, String localName, PrivateKeyUDF accountSeed, ProfileDevice profileDevice, List`1 rights, Boolean create)&#xD;
[xUnit.net 00:00:41.55]         C:\Users\hallam\Work\mmm\Testing\Goedel.Mesh.Test\MeshMachineTest.cs(120,0): at Goedel.Mesh.Test.MeshMachineTest.GenerateAccountUser(TestEnvironmentCommon testEnvironmentCommon, String machineName, String accountAddress, String localName)&#xD;
[xUnit.net 00:00:41.55]         C:\Users\hallam\Work\mmm\Testing\Goedel.Mesh.Protocol.Test-xunit\TestService.cs(330,0): at Goedel.XUnit.TestService.MeshDeviceConnectDynamicQR()&#xD;
[xUnit.net 00:00:42.33]       System.NullReferenceException : Object reference not set to an instance of an object.&#xD;
[xUnit.net 00:00:42.33]       Stack Trace:&#xD;
[xUnit.net 00:00:42.33]         C:\Users\hallam\Work\mmm\Mesh\Goedel.Mesh.Server\MeshDispatch.cs(136,0): at Goedel.Mesh.Server.PublicMeshService..ctor(IMeshMachine meshMachine, ServiceConfiguration serviceConfiguration, HostConfiguration hostConfiguration)&#xD;
[xUnit.net 00:00:42.33]         C:\Users\hallam\Work\mmm\Testing\Goedel.Mesh.Test\TestEnvironmentCommon.cs(203,0): at Goedel.Mesh.Test.TestEnvironmentCommon.get_MeshService()&#xD;
[xUnit.net 00:00:42.33]         C:\Users\hallam\Work\mmm\Testing\Goedel.Mesh.Test\TestEnvironmentCommon.cs(222,0): at Goedel.Mesh.Test.TestEnvironmentCommon.GetMeshClient(MeshMachineTest meshMachineTest, ICredentialPrivate credential, String serviceId, String accountAddress)&#xD;
[xUnit.net 00:00:42.33]         C:\Users\hallam\Work\mmm\Testing\Goedel.Mesh.Test\MeshMachineTest.cs(88,0): at Goedel.Mesh.Test.MeshMachineTest.GetMeshClient(ICredentialPrivate credential, String service, String accountAddress)&#xD;
[xUnit.net 00:00:42.33]         C:\Users\hallam\Work\mmm\Mesh\Goedel.Mesh.Client\ContextUser.cs(243,0): at Goedel.Mesh.Client.ContextUser.SetService(String accountAddress)&#xD;
[xUnit.net 00:00:42.33]         C:\Users\hallam\Work\mmm\Mesh\Goedel.Mesh.Client\MeshHost.cs(269,0): at Goedel.Mesh.Client.MeshHost.ConfigureMesh(String accountAddress, String localName, PrivateKeyUDF accountSeed, ProfileDevice profileDevice, List`1 rights, Boolean create)&#xD;
[xUnit.net 00:00:42.33]         C:\Users\hallam\Work\mmm\Mesh\Goedel.Mesh.Shell\DispatchAccount.cs(68,0): at Goedel.Mesh.Shell.Shell.AccountCreate(AccountCreate options)&#xD;
[xUnit.net 00:00:42.33]         C:\Users\hallam\Work\mmm\Mesh\Goedel.Mesh.Shell\meshman.cs(520,0): at Goedel.Mesh.Shell.CommandLineInterpreter.Handle_AccountCreate(DispatchShell DispatchIn, String[] Args, Int32 Index)&#xD;
[xUnit.net 00:00:42.33]         C:\Users\hallam\Work\mmm\Libraries\Goedel.Command\Command.cs(224,0): at Goedel.Command.CommandLineInterpreterBase.Dispatcher(SortedDictionary`2 Entries, DescribeCommandEntry DefaultCommand, DispatchShell Dispatch, String[] Args, Int32 Index)&#xD;
[xUnit.net 00:00:42.33]         C:\Users\hallam\Work\mmm\Libraries\Goedel.Command\Command.cs(228,0): at Goedel.Command.CommandLineInterpreterBase.Dispatcher(SortedDictionary`2 Entries, DescribeCommandEntry DefaultCommand, DispatchShell Dispatch, String[] Args, Int32 Index)&#xD;
[xUnit.net 00:00:42.33]         C:\Users\hallam\Work\mmm\Testing\Goedel.Mesh.Test\TestShell.cs(241,0): at Goedel.Mesh.Test.TestCLI.Dispatch(String command, Boolean fail)&#xD;
[xUnit.net 00:00:42.33]         C:\Users\hallam\Work\mmm\Testing\Goedel.Mesh.Shell.Test-xunit\Base.cs(159,0): at Goedel.XUnit.ShellTests.Dispatch(String command, Boolean fail)&#xD;
[xUnit.net 00:00:42.33]         C:\Users\hallam\Work\mmm\Testing\Goedel.Mesh.Shell.Test-xunit\Base.cs(162,0): at Goedel.XUnit.ShellTests.CreateAccount(String account)&#xD;
[xUnit.net 00:00:42.33]         C:\Users\hallam\Work\mmm\Testing\Goedel.Mesh.Shell.Test-xunit\TestDare.cs(137,0): at Goedel.XUnit.ShellTests.TestSequence(Int32 count, String encrypt, String sign, Boolean purge, Boolean index, String initial)&#xD;
[xUnit.net 00:00:42.73]       System.NullReferenceException : Object reference not set to an instance of an object.&#xD;
[xUnit.net 00:00:42.73]       Stack Trace:&#xD;
[xUnit.net 00:00:42.73]         C:\Users\hallam\Work\mmm\Mesh\Goedel.Mesh.Server\MeshDispatch.cs(136,0): at Goedel.Mesh.Server.PublicMeshService..ctor(IMeshMachine meshMachine, ServiceConfiguration serviceConfiguration, HostConfiguration hostConfiguration)&#xD;
[xUnit.net 00:00:42.73]         C:\Users\hallam\Work\mmm\Testing\Goedel.Mesh.Test\TestEnvironmentCommon.cs(203,0): at Goedel.Mesh.Test.TestEnvironmentCommon.get_MeshService()&#xD;
[xUnit.net 00:00:42.73]         C:\Users\hallam\Work\mmm\Testing\Goedel.Mesh.Test\TestEnvironmentCommon.cs(222,0): at Goedel.Mesh.Test.TestEnvironmentCommon.GetMeshClient(MeshMachineTest meshMachineTest, ICredentialPrivate credential, String serviceId, String accountAddress)&#xD;
[xUnit.net 00:00:42.73]         C:\Users\hallam\Work\mmm\Testing\Goedel.Mesh.Test\MeshMachineTest.cs(88,0): at Goedel.Mesh.Test.MeshMachineTest.GetMeshClient(ICredentialPrivate credential, String service, String accountAddress)&#xD;
[xUnit.net 00:00:42.73]         C:\Users\hallam\Work\mmm\Mesh\Goedel.Mesh.Client\ContextUser.cs(243,0): at Goedel.Mesh.Client.ContextUser.SetService(String accountAddress)&#xD;
[xUnit.net 00:00:42.73]         C:\Users\hallam\Work\mmm\Mesh\Goedel.Mesh.Client\MeshHost.cs(269,0): at Goedel.Mesh.Client.MeshHost.ConfigureMesh(String accountAddress, String localName, PrivateKeyUDF accountSeed, ProfileDevice profileDevice, List`1 rights, Boolean create)&#xD;
[xUnit.net 00:00:42.73]         C:\Users\hallam\Work\mmm\Testing\Goedel.Mesh.Test\MeshMachineTest.cs(120,0): at Goedel.Mesh.Test.MeshMachineTest.GenerateAccountUser(TestEnvironmentCommon testEnvironmentCommon, String machineName, String accountAddress, String localName)&#xD;
[xUnit.net 00:00:42.73]         C:\Users\hallam\Work\mmm\Testing\Goedel.Mesh.Protocol.Test-xunit\TestService.cs(445,0): at Goedel.XUnit.TestService.CreateConnectGrant(String roles)&#xD;
[xUnit.net 00:00:42.73]         C:\Users\hallam\Work\mmm\Testing\Goedel.Mesh.Protocol.Test-xunit\TestService.cs(426,0): at Goedel.XUnit.TestService.MeshCreateAdmin()&#xD;
[xUnit.net 00:00:42.73]       System.NullReferenceException : Object reference not set to an instance of an object.&#xD;
[xUnit.net 00:00:42.74]       Stack Trace:&#xD;
[xUnit.net 00:00:42.74]         C:\Users\hallam\Work\mmm\Testing\Goedel.Mesh.Shell.Test-xunit\TestAccount.cs(101,0): at Goedel.XUnit.ShellTests.TestEscrowChangeDevice()&#xD;
[xUnit.net 00:00:43.37]       System.NullReferenceException : Object reference not set to an instance of an object.&#xD;
[xUnit.net 00:00:43.37]       Stack Trace:&#xD;
[xUnit.net 00:00:43.37]         C:\Users\hallam\Work\mmm\Mesh\Goedel.Mesh.Server\MeshDispatch.cs(136,0): at Goedel.Mesh.Server.PublicMeshService..ctor(IMeshMachine meshMachine, ServiceConfiguration serviceConfiguration, HostConfiguration hostConfiguration)&#xD;
[xUnit.net 00:00:43.37]         C:\Users\hallam\Work\mmm\Testing\Goedel.Mesh.Test\TestEnvironmentCommon.cs(203,0): at Goedel.Mesh.Test.TestEnvironmentCommon.get_MeshService()&#xD;
[xUnit.net 00:00:43.37]         C:\Users\hallam\Work\mmm\Testing\Goedel.Mesh.Test\TestEnvironmentCommon.cs(222,0): at Goedel.Mesh.Test.TestEnvironmentCommon.GetMeshClient(MeshMachineTest meshMachineTest, ICredentialPrivate credential, String serviceId, String accountAddress)&#xD;
[xUnit.net 00:00:43.37]         C:\Users\hallam\Work\mmm\Testing\Goedel.Mesh.Test\MeshMachineTest.cs(88,0): at Goedel.Mesh.Test.MeshMachineTest.GetMeshClient(ICredentialPrivate credential, String service, String accountAddress)&#xD;
[xUnit.net 00:00:43.37]         C:\Users\hallam\Work\mmm\Mesh\Goedel.Mesh.Client\ContextUser.cs(243,0): at Goedel.Mesh.Client.ContextUser.SetService(String accountAddress)&#xD;
[xUnit.net 00:00:43.37]         C:\Users\hallam\Work\mmm\Mesh\Goedel.Mesh.Client\MeshHost.cs(269,0): at Goedel.Mesh.Client.MeshHost.ConfigureMesh(String accountAddress, String localName, PrivateKeyUDF accountSeed, ProfileDevice profileDevice, List`1 rights, Boolean create)&#xD;
[xUnit.net 00:00:43.37]         C:\Users\hallam\Work\mmm\Mesh\Goedel.Mesh.Shell\DispatchAccount.cs(68,0): at Goedel.Mesh.Shell.Shell.AccountCreate(AccountCreate options)&#xD;
[xUnit.net 00:00:43.37]         C:\Users\hallam\Work\mmm\Mesh\Goedel.Mesh.Shell\meshman.cs(520,0): at Goedel.Mesh.Shell.CommandLineInterpreter.Handle_AccountCreate(DispatchShell DispatchIn, String[] Args, Int32 Index)&#xD;
[xUnit.net 00:00:43.37]         C:\Users\hallam\Work\mmm\Libraries\Goedel.Command\Command.cs(224,0): at Goedel.Command.CommandLineInterpreterBase.Dispatcher(SortedDictionary`2 Entries, DescribeCommandEntry DefaultCommand, DispatchShell Dispatch, String[] Args, Int32 Index)&#xD;
[xUnit.net 00:00:43.37]         C:\Users\hallam\Work\mmm\Libraries\Goedel.Command\Command.cs(228,0): at Goedel.Command.CommandLineInterpreterBase.Dispatcher(SortedDictionary`2 Entries, DescribeCommandEntry DefaultCommand, DispatchShell Dispatch, String[] Args, Int32 Index)&#xD;
[xUnit.net 00:00:43.37]         C:\Users\hallam\Work\mmm\Testing\Goedel.Mesh.Test\TestShell.cs(241,0): at Goedel.Mesh.Test.TestCLI.Dispatch(String command, Boolean fail)&#xD;
[xUnit.net 00:00:43.37]         C:\Users\hallam\Work\mmm\Testing\Goedel.Mesh.Shell.Test-xunit\Base.cs(159,0): at Goedel.XUnit.ShellTests.Dispatch(String command, Boolean fail)&#xD;
[xUnit.net 00:00:43.37]         C:\Users\hallam\Work\mmm\Testing\Goedel.Mesh.Shell.Test-xunit\TestAccount.cs(56,0): at Goedel.XUnit.ShellTests.TestAccount()&#xD;
[xUnit.net 00:00:43.68]       System.NullReferenceException : Object reference not set to an instance of an object.&#xD;
[xUnit.net 00:00:43.68]       Stack Trace:&#xD;
[xUnit.net 00:00:43.68]         C:\Users\hallam\Work\mmm\Mesh\Goedel.Mesh.Server\MeshDispatch.cs(136,0): at Goedel.Mesh.Server.PublicMeshService..ctor(IMeshMachine meshMachine, ServiceConfiguration serviceConfiguration, HostConfiguration hostConfiguration)&#xD;
[xUnit.net 00:00:43.68]         C:\Users\hallam\Work\mmm\Testing\Goedel.Mesh.Test\TestEnvironmentCommon.cs(203,0): at Goedel.Mesh.Test.TestEnvironmentCommon.get_MeshService()&#xD;
[xUnit.net 00:00:43.68]         C:\Users\hallam\Work\mmm\Testing\Goedel.Mesh.Test\TestEnvironmentCommon.cs(222,0): at Goedel.Mesh.Test.TestEnvironmentCommon.GetMeshClient(MeshMachineTest meshMachineTest, ICredentialPrivate credential, String serviceId, String accountAddress)&#xD;
[xUnit.net 00:00:43.68]         C:\Users\hallam\Work\mmm\Testing\Goedel.Mesh.Test\MeshMachineTest.cs(88,0): at Goedel.Mesh.Test.MeshMachineTest.GetMeshClient(ICredentialPrivate credential, String service, String accountAddress)&#xD;
[xUnit.net 00:00:43.68]         C:\Users\hallam\Work\mmm\Mesh\Goedel.Mesh.Client\ContextUser.cs(243,0): at Goedel.Mesh.Client.ContextUser.SetService(String accountAddress)&#xD;
[xUnit.net 00:00:43.68]         C:\Users\hallam\Work\mmm\Mesh\Goedel.Mesh.Client\MeshHost.cs(269,0): at Goedel.Mesh.Client.MeshHost.ConfigureMesh(String accountAddress, String localName, PrivateKeyUDF accountSeed, ProfileDevice profileDevice, List`1 rights, Boolean create)&#xD;
[xUnit.net 00:00:43.68]         C:\Users\hallam\Work\mmm\Testing\Goedel.Mesh.Test\MeshMachineTest.cs(120,0): at Goedel.Mesh.Test.MeshMachineTest.GenerateAccountUser(TestEnvironmentCommon testEnvironmentCommon, String machineName, String accountAddress, String localName)&#xD;
[xUnit.net 00:00:43.68]         C:\Users\hallam\Work\mmm\Testing\Goedel.Mesh.Protocol.Test-xunit\TestService.cs(556,0): at Goedel.XUnit.TestService.MeshCatalogGroup()&#xD;
[xUnit.net 00:00:44.28]       System.NullReferenceException : Object reference not set to an instance of an object.&#xD;
[xUnit.net 00:00:44.28]       Stack Trace:&#xD;
[xUnit.net 00:00:44.29]         C:\Users\hallam\Work\mmm\Mesh\Goedel.Mesh.Server\MeshDispatch.cs(136,0): at Goedel.Mesh.Server.PublicMeshService..ctor(IMeshMachine meshMachine, ServiceConfiguration serviceConfiguration, HostConfiguration hostConfiguration)&#xD;
[xUnit.net 00:00:44.29]         C:\Users\hallam\Work\mmm\Testing\Goedel.Mesh.Test\TestEnvironmentCommon.cs(203,0): at Goedel.Mesh.Test.TestEnvironmentCommon.get_MeshService()&#xD;
[xUnit.net 00:00:44.29]         C:\Users\hallam\Work\mmm\Testing\Goedel.Mesh.Test\TestEnvironmentCommon.cs(222,0): at Goedel.Mesh.Test.TestEnvironmentCommon.GetMeshClient(MeshMachineTest meshMachineTest, ICredentialPrivate credential, String serviceId, String accountAddress)&#xD;
[xUnit.net 00:00:44.29]         C:\Users\hallam\Work\mmm\Testing\Goedel.Mesh.Test\MeshMachineTest.cs(88,0): at Goedel.Mesh.Test.MeshMachineTest.GetMeshClient(ICredentialPrivate credential, String service, String accountAddress)&#xD;
[xUnit.net 00:00:44.29]         C:\Users\hallam\Work\mmm\Mesh\Goedel.Mesh.Client\ContextUser.cs(243,0): at Goedel.Mesh.Client.ContextUser.SetService(String accountAddress)&#xD;
[xUnit.net 00:00:44.29]         C:\Users\hallam\Work\mmm\Mesh\Goedel.Mesh.Client\MeshHost.cs(269,0): at Goedel.Mesh.Client.MeshHost.ConfigureMesh(String accountAddress, String localName, PrivateKeyUDF accountSeed, ProfileDevice profileDevice, List`1 rights, Boolean create)&#xD;
[xUnit.net 00:00:44.29]         C:\Users\hallam\Work\mmm\Mesh\Goedel.Mesh.Shell\DispatchAccount.cs(68,0): at Goedel.Mesh.Shell.Shell.AccountCreate(AccountCreate options)&#xD;
[xUnit.net 00:00:44.29]         C:\Users\hallam\Work\mmm\Mesh\Goedel.Mesh.Shell\meshman.cs(520,0): at Goedel.Mesh.Shell.CommandLineInterpreter.Handle_AccountCreate(DispatchShell DispatchIn, String[] Args, Int32 Index)&#xD;
[xUnit.net 00:00:44.29]         C:\Users\hallam\Work\mmm\Libraries\Goedel.Command\Command.cs(224,0): at Goedel.Command.CommandLineInterpreterBase.Dispatcher(SortedDictionary`2 Entries, DescribeCommandEntry DefaultCommand, DispatchShell Dispatch, String[] Args, Int32 Index)&#xD;
[xUnit.net 00:00:44.29]         C:\Users\hallam\Work\mmm\Libraries\Goedel.Command\Command.cs(228,0): at Goedel.Command.CommandLineInterpreterBase.Dispatcher(SortedDictionary`2 Entries, DescribeCommandEntry DefaultCommand, DispatchShell Dispatch, String[] Args, Int32 Index)&#xD;
[xUnit.net 00:00:44.29]         C:\Users\hallam\Work\mmm\Testing\Goedel.Mesh.Test\TestShell.cs(241,0): at Goedel.Mesh.Test.TestCLI.Dispatch(String command, Boolean fail)&#xD;
[xUnit.net 00:00:44.29]         C:\Users\hallam\Work\mmm\Testing\Goedel.Mesh.Shell.Test-xunit\Base.cs(159,0): at Goedel.XUnit.ShellTests.Dispatch(String command, Boolean fail)&#xD;
[xUnit.net 00:00:44.29]         C:\Users\hallam\Work\mmm\Testing\Goedel.Mesh.Shell.Test-xunit\Base.cs(162,0): at Goedel.XUnit.ShellTests.CreateAccount(String account)&#xD;
[xUnit.net 00:00:44.29]         C:\Users\hallam\Work\mmm\Testing\Goedel.Mesh.Shell.Test-xunit\TestDare.cs(61,0): at Goedel.XUnit.ShellTests.TestFileSign()&#xD;
[xUnit.net 00:00:44.34]       Goedel.Mesh.ServiceAdmin.HostNotFound : Configuration for the host ServiceConfig.json could not be found&#xD;
[xUnit.net 00:00:44.34]       Stack Trace:&#xD;
[xUnit.net 00:00:44.34]         C:\Users\hallam\Work\mmm\Mesh\Goedel.Mesh.ServiceAdmin\ServiceDescription.cs(135,0): at Goedel.Mesh.ServiceAdmin.Configuration.GetHostConfiguration(String id)&#xD;
[xUnit.net 00:00:44.34]         C:\Users\hallam\Work\mmm\Mesh\Goedel.Mesh.Shell.Host\ShellDispatch.cs(156,0): at Goedel.Mesh.Shell.Host.Shell.HostStart(HostStart Options)&#xD;
[xUnit.net 00:00:44.34]         C:\Users\hallam\Work\mmm\Mesh\Goedel.Mesh.Shell.Host\anyhost.cs(172,0): at Goedel.Mesh.Shell.Host.CommandLineInterpreter.Handle_HostStart(DispatchShell DispatchIn, String[] Args, Int32 Index)&#xD;
[xUnit.net 00:00:44.34]         C:\Users\hallam\Work\mmm\Libraries\Goedel.Command\Command.cs(224,0): at Goedel.Command.CommandLineInterpreterBase.Dispatcher(SortedDictionary`2 Entries, DescribeCommandEntry DefaultCommand, DispatchShell Dispatch, String[] Args, Int32 Index)&#xD;
[xUnit.net 00:00:44.34]         C:\Users\hallam\Work\mmm\Mesh\Goedel.Mesh.Shell.Host\anyhost.cs(161,0): at Goedel.Mesh.Shell.Host.CommandLineInterpreter.MainMethod(Shell Dispatch, String[] Args)&#xD;
[xUnit.net 00:00:44.34]         C:\Users\hallam\Work\mmm\Testing\Goedel.Mesh.Test\TestEnvironmentCommon.cs(121,0): at Goedel.Mesh.Test.TestEnvironmentRdpShell.Host(String command)&#xD;
[xUnit.net 00:00:44.34]         C:\Users\hallam\Work\mmm\Testing\Goedel.Mesh.Test\TestEnvironmentCommon.cs(90,0): at Goedel.Mesh.Test.TestEnvironmentRdpShell.StartService()&#xD;
[xUnit.net 00:00:44.34]         C:\Users\hallam\Work\mmm\Testing\Goedel.Mesh.Test\TestEnvironmentCommon.cs(102,0): at Goedel.Mesh.Test.TestEnvironmentRdpShell.GetMeshClient(MeshMachineTest meshMachineTest, ICredentialPrivate credential, String service, String accountAddress)&#xD;
[xUnit.net 00:00:44.34]         C:\Users\hallam\Work\mmm\Testing\Goedel.Mesh.Test\MeshMachineTest.cs(88,0): at Goedel.Mesh.Test.MeshMachineTest.GetMeshClient(ICredentialPrivate credential, String service, String accountAddress)&#xD;
[xUnit.net 00:00:44.34]         C:\Users\hallam\Work\mmm\Mesh\Goedel.Mesh.Client\ContextUser.cs(243,0): at Goedel.Mesh.Client.ContextUser.SetService(String accountAddress)&#xD;
[xUnit.net 00:00:44.34]         C:\Users\hallam\Work\mmm\Mesh\Goedel.Mesh.Client\MeshHost.cs(269,0): at Goedel.Mesh.Client.MeshHost.ConfigureMesh(String accountAddress, String localName, PrivateKeyUDF accountSeed, ProfileDevice profileDevice, List`1 rights, Boolean create)&#xD;
[xUnit.net 00:00:44.34]         C:\Users\hallam\Work\mmm\Mesh\Goedel.Mesh.Shell\DispatchAccount.cs(68,0): at Goedel.Mesh.Shell.Shell.AccountCreate(AccountCreate options)&#xD;
[xUnit.net 00:00:44.34]         C:\Users\hallam\Work\mmm\Mesh\Goedel.Mesh.Shell\meshman.cs(520,0): at Goedel.Mesh.Shell.CommandLineInterpreter.Handle_AccountCreate(DispatchShell DispatchIn, String[] Args, Int32 Index)&#xD;
[xUnit.net 00:00:44.34]         C:\Users\hallam\Work\mmm\Libraries\Goedel.Command\Command.cs(224,0): at Goedel.Command.CommandLineInterpreterBase.Dispatcher(SortedDictionary`2 Entries, DescribeCommandEntry DefaultCommand, DispatchShell Dispatch, String[] Args, Int32 Index)&#xD;
[xUnit.net 00:00:44.34]         C:\Users\hallam\Work\mmm\Libraries\Goedel.Command\Command.cs(228,0): at Goedel.Command.CommandLineInterpreterBase.Dispatcher(SortedDictionary`2 Entries, DescribeCommandEntry DefaultCommand, DispatchShell Dispatch, String[] Args, Int32 Index)&#xD;
[xUnit.net 00:00:44.34]         C:\Users\hallam\Work\mmm\Testing\Goedel.Mesh.Test\TestShell.cs(241,0): at Goedel.Mesh.Test.TestCLI.Dispatch(String command, Boolean fail)&#xD;
[xUnit.net 00:00:44.34]         C:\Users\hallam\Work\mmm\Testing\Goedel.Mesh.Shell.Test-xunit\TestProfile.cs(193,0): at Goedel.XUnit.ShellTests.TestProfileConnectPinReused()&#xD;
[xUnit.net 00:00:44.58]       System.NullReferenceException : Object reference not set to an instance of an object.&#xD;
[xUnit.net 00:00:44.58]       Stack Trace:&#xD;
[xUnit.net 00:00:44.58]         C:\Users\hallam\Work\mmm\Mesh\Goedel.Mesh.Server\MeshDispatch.cs(136,0): at Goedel.Mesh.Server.PublicMeshService..ctor(IMeshMachine meshMachine, ServiceConfiguration serviceConfiguration, HostConfiguration hostConfiguration)&#xD;
[xUnit.net 00:00:44.58]         C:\Users\hallam\Work\mmm\Testing\Goedel.Mesh.Test\TestEnvironmentCommon.cs(203,0): at Goedel.Mesh.Test.TestEnvironmentCommon.get_MeshService()&#xD;
[xUnit.net 00:00:44.58]         C:\Users\hallam\Work\mmm\Testing\Goedel.Mesh.Test\TestEnvironmentCommon.cs(222,0): at Goedel.Mesh.Test.TestEnvironmentCommon.GetMeshClient(MeshMachineTest meshMachineTest, ICredentialPrivate credential, String serviceId, String accountAddress)&#xD;
[xUnit.net 00:00:44.58]         C:\Users\hallam\Work\mmm\Testing\Goedel.Mesh.Test\MeshMachineTest.cs(88,0): at Goedel.Mesh.Test.MeshMachineTest.GetMeshClient(ICredentialPrivate credential, String service, String accountAddress)&#xD;
[xUnit.net 00:00:44.58]         C:\Users\hallam\Work\mmm\Mesh\Goedel.Mesh.Client\ContextUser.cs(243,0): at Goedel.Mesh.Client.ContextUser.SetService(String accountAddress)&#xD;
[xUnit.net 00:00:44.58]         C:\Users\hallam\Work\mmm\Mesh\Goedel.Mesh.Client\MeshHost.cs(269,0): at Goedel.Mesh.Client.MeshHost.ConfigureMesh(String accountAddress, String localName, PrivateKeyUDF accountSeed, ProfileDevice profileDevice, List`1 rights, Boolean create)&#xD;
[xUnit.net 00:00:44.58]         C:\Users\hallam\Work\mmm\Testing\Goedel.Mesh.Test\MeshMachineTest.cs(120,0): at Goedel.Mesh.Test.MeshMachineTest.GenerateAccountUser(TestEnvironmentCommon testEnvironmentCommon, String machineName, String accountAddress, String localName)&#xD;
[xUnit.net 00:00:44.58]         C:\Users\hallam\Work\mmm\Testing\Goedel.Mesh.Protocol.Test-xunit\Authorization.cs(66,0): at Goedel.XUnit.TestService.MeshCheckAccountAuth(String role)&#xD;
[xUnit.net 00:00:44.58]         C:\Users\hallam\Work\mmm\Testing\Goedel.Mesh.Protocol.Test-xunit\Authorization.cs(60,0): at Goedel.XUnit.TestService.MeshDeviceThresholdKey()&#xD;
[xUnit.net 00:00:44.64]       System.NullReferenceException : Object reference not set to an instance of an object.&#xD;
[xUnit.net 00:00:44.64]       Stack Trace:&#xD;
[xUnit.net 00:00:44.64]         C:\Users\hallam\Work\mmm\Mesh\Goedel.Mesh.Server\MeshDispatch.cs(136,0): at Goedel.Mesh.Server.PublicMeshService..ctor(IMeshMachine meshMachine, ServiceConfiguration serviceConfiguration, HostConfiguration hostConfiguration)&#xD;
[xUnit.net 00:00:44.64]         C:\Users\hallam\Work\mmm\Testing\Goedel.Mesh.Test\TestEnvironmentCommon.cs(203,0): at Goedel.Mesh.Test.TestEnvironmentCommon.get_MeshService()&#xD;
[xUnit.net 00:00:44.64]         C:\Users\hallam\Work\mmm\Testing\Goedel.Mesh.Test\TestEnvironmentCommon.cs(222,0): at Goedel.Mesh.Test.TestEnvironmentCommon.GetMeshClient(MeshMachineTest meshMachineTest, ICredentialPrivate credential, String serviceId, String accountAddress)&#xD;
[xUnit.net 00:00:44.64]         C:\Users\hallam\Work\mmm\Testing\Goedel.Mesh.Test\MeshMachineTest.cs(88,0): at Goedel.Mesh.Test.MeshMachineTest.GetMeshClient(ICredentialPrivate credential, String service, String accountAddress)&#xD;
[xUnit.net 00:00:44.64]         C:\Users\hallam\Work\mmm\Testing\Goedel.Mesh.Protocol.Test-xunit\TestService.cs(107,0): at Goedel.XUnit.TestService.ProtocolHello()&#xD;
[xUnit.net 00:00:45.40]       System.NullReferenceException : Object reference not set to an instance of an object.&#xD;
[xUnit.net 00:00:45.40]       Stack Trace:&#xD;
[xUnit.net 00:00:45.40]         C:\Users\hallam\Work\mmm\Mesh\Goedel.Mesh.Server\MeshDispatch.cs(136,0): at Goedel.Mesh.Server.PublicMeshService..ctor(IMeshMachine meshMachine, ServiceConfiguration serviceConfiguration, HostConfiguration hostConfiguration)&#xD;
[xUnit.net 00:00:45.40]         C:\Users\hallam\Work\mmm\Testing\Goedel.Mesh.Test\TestEnvironmentCommon.cs(203,0): at Goedel.Mesh.Test.TestEnvironmentCommon.get_MeshService()&#xD;
[xUnit.net 00:00:45.40]         C:\Users\hallam\Work\mmm\Testing\Goedel.Mesh.Test\TestEnvironmentCommon.cs(222,0): at Goedel.Mesh.Test.TestEnvironmentCommon.GetMeshClient(MeshMachineTest meshMachineTest, ICredentialPrivate credential, String serviceId, String accountAddress)&#xD;
[xUnit.net 00:00:45.40]         C:\Users\hallam\Work\mmm\Testing\Goedel.Mesh.Test\MeshMachineTest.cs(88,0): at Goedel.Mesh.Test.MeshMachineTest.GetMeshClient(ICredentialPrivate credential, String service, String accountAddress)&#xD;
[xUnit.net 00:00:45.40]         C:\Users\hallam\Work\mmm\Mesh\Goedel.Mesh.Client\ContextUser.cs(243,0): at Goedel.Mesh.Client.ContextUser.SetService(String accountAddress)&#xD;
[xUnit.net 00:00:45.40]         C:\Users\hallam\Work\mmm\Mesh\Goedel.Mesh.Client\MeshHost.cs(269,0): at Goedel.Mesh.Client.MeshHost.ConfigureMesh(String accountAddress, String localName, PrivateKeyUDF accountSeed, ProfileDevice profileDevice, List`1 rights, Boolean create)&#xD;
[xUnit.net 00:00:45.40]         C:\Users\hallam\Work\mmm\Testing\Goedel.Mesh.Protocol.Test-xunit\TestService.cs(165,0): at Goedel.XUnit.TestService.MeshServiceFull()&#xD;
[xUnit.net 00:00:45.71]       Goedel.Mesh.ServiceAdmin.HostNotFound : Configuration for the host ServiceConfig.json could not be found&#xD;
[xUnit.net 00:00:45.71]       Stack Trace:&#xD;
[xUnit.net 00:00:45.71]         C:\Users\hallam\Work\mmm\Mesh\Goedel.Mesh.ServiceAdmin\ServiceDescription.cs(135,0): at Goedel.Mesh.ServiceAdmin.Configuration.GetHostConfiguration(String id)&#xD;
[xUnit.net 00:00:45.71]         C:\Users\hallam\Work\mmm\Mesh\Goedel.Mesh.Shell.Host\ShellDispatch.cs(156,0): at Goedel.Mesh.Shell.Host.Shell.HostStart(HostStart Options)&#xD;
[xUnit.net 00:00:45.71]         C:\Users\hallam\Work\mmm\Mesh\Goedel.Mesh.Shell.Host\anyhost.cs(172,0): at Goedel.Mesh.Shell.Host.CommandLineInterpreter.Handle_HostStart(DispatchShell DispatchIn, String[] Args, Int32 Index)&#xD;
[xUnit.net 00:00:45.71]         C:\Users\hallam\Work\mmm\Libraries\Goedel.Command\Command.cs(224,0): at Goedel.Command.CommandLineInterpreterBase.Dispatcher(SortedDictionary`2 Entries, DescribeCommandEntry DefaultCommand, DispatchShell Dispatch, String[] Args, Int32 Index)&#xD;
[xUnit.net 00:00:45.71]         C:\Users\hallam\Work\mmm\Mesh\Goedel.Mesh.Shell.Host\anyhost.cs(161,0): at Goedel.Mesh.Shell.Host.CommandLineInterpreter.MainMethod(Shell Dispatch, String[] Args)&#xD;
[xUnit.net 00:00:45.71]         C:\Users\hallam\Work\mmm\Testing\Goedel.Mesh.Test\TestEnvironmentCommon.cs(121,0): at Goedel.Mesh.Test.TestEnvironmentRdpShell.Host(String command)&#xD;
[xUnit.net 00:00:45.71]         C:\Users\hallam\Work\mmm\Testing\Goedel.Mesh.Test\TestEnvironmentCommon.cs(90,0): at Goedel.Mesh.Test.TestEnvironmentRdpShell.StartService()&#xD;
[xUnit.net 00:00:45.71]         C:\Users\hallam\Work\mmm\Testing\Goedel.Mesh.Test\TestEnvironmentCommon.cs(102,0): at Goedel.Mesh.Test.TestEnvironmentRdpShell.GetMeshClient(MeshMachineTest meshMachineTest, ICredentialPrivate credential, String service, String accountAddress)&#xD;
[xUnit.net 00:00:45.71]         C:\Users\hallam\Work\mmm\Testing\Goedel.Mesh.Test\MeshMachineTest.cs(88,0): at Goedel.Mesh.Test.MeshMachineTest.GetMeshClient(ICredentialPrivate credential, String service, String accountAddress)&#xD;
[xUnit.net 00:00:45.71]         C:\Users\hallam\Work\mmm\Mesh\Goedel.Mesh.Client\ContextUser.cs(243,0): at Goedel.Mesh.Client.ContextUser.SetService(String accountAddress)&#xD;
[xUnit.net 00:00:45.71]         C:\Users\hallam\Work\mmm\Mesh\Goedel.Mesh.Client\MeshHost.cs(269,0): at Goedel.Mesh.Client.MeshHost.ConfigureMesh(String accountAddress, String localName, PrivateKeyUDF accountSeed, ProfileDevice profileDevice, List`1 rights, Boolean create)&#xD;
[xUnit.net 00:00:45.71]         C:\Users\hallam\Work\mmm\Mesh\Goedel.Mesh.Shell\DispatchAccount.cs(68,0): at Goedel.Mesh.Shell.Shell.AccountCreate(AccountCreate options)&#xD;
[xUnit.net 00:00:45.71]         C:\Users\hallam\Work\mmm\Mesh\Goedel.Mesh.Shell\meshman.cs(520,0): at Goedel.Mesh.Shell.CommandLineInterpreter.Handle_AccountCreate(DispatchShell DispatchIn, String[] Args, Int32 Index)&#xD;
[xUnit.net 00:00:45.71]         C:\Users\hallam\Work\mmm\Libraries\Goedel.Command\Command.cs(224,0): at Goedel.Command.CommandLineInterpreterBase.Dispatcher(SortedDictionary`2 Entries, DescribeCommandEntry DefaultCommand, DispatchShell Dispatch, String[] Args, Int32 Index)&#xD;
[xUnit.net 00:00:45.71]         C:\Users\hallam\Work\mmm\Libraries\Goedel.Command\Command.cs(228,0): at Goedel.Command.CommandLineInterpreterBase.Dispatcher(SortedDictionary`2 Entries, DescribeCommandEntry DefaultCommand, DispatchShell Dispatch, String[] Args, Int32 Index)&#xD;
[xUnit.net 00:00:45.71]         C:\Users\hallam\Work\mmm\Testing\Goedel.Mesh.Test\TestShell.cs(241,0): at Goedel.Mesh.Test.TestCLI.Dispatch(String command, Boolean fail)&#xD;
[xUnit.net 00:00:45.71]         C:\Users\hallam\Work\mmm\Testing\Goedel.Mesh.Shell.Test-xunit\Base.cs(159,0): at Goedel.XUnit.ShellTests.Dispatch(String command, Boolean fail)&#xD;
[xUnit.net 00:00:45.71]         C:\Users\hallam\Work\mmm\Testing\Goedel.Mesh.Shell.Test-xunit\Base.cs(162,0): at Goedel.XUnit.ShellTests.CreateAccount(String account)&#xD;
[xUnit.net 00:00:45.71]         C:\Users\hallam\Work\mmm\Testing\Goedel.Mesh.Shell.Test-xunit\TestDare.cs(72,0): at Goedel.XUnit.ShellTests.TestFileSignEncrypt()&#xD;
[xUnit.net 00:00:46.21]       System.NullReferenceException : Object reference not set to an instance of an object.&#xD;
[xUnit.net 00:00:46.21]       Stack Trace:&#xD;
[xUnit.net 00:00:46.21]         C:\Users\hallam\Work\mmm\Mesh\Goedel.Mesh.Server\MeshDispatch.cs(136,0): at Goedel.Mesh.Server.PublicMeshService..ctor(IMeshMachine meshMachine, ServiceConfiguration serviceConfiguration, HostConfiguration hostConfiguration)&#xD;
[xUnit.net 00:00:46.21]         C:\Users\hallam\Work\mmm\Testing\Goedel.Mesh.Test\TestEnvironmentCommon.cs(203,0): at Goedel.Mesh.Test.TestEnvironmentCommon.get_MeshService()&#xD;
[xUnit.net 00:00:46.21]         C:\Users\hallam\Work\mmm\Testing\Goedel.Mesh.Test\TestEnvironmentCommon.cs(222,0): at Goedel.Mesh.Test.TestEnvironmentCommon.GetMeshClient(MeshMachineTest meshMachineTest, ICredentialPrivate credential, String serviceId, String accountAddress)&#xD;
[xUnit.net 00:00:46.21]         C:\Users\hallam\Work\mmm\Testing\Goedel.Mesh.Test\MeshMachineTest.cs(88,0): at Goedel.Mesh.Test.MeshMachineTest.GetMeshClient(ICredentialPrivate credential, String service, String accountAddress)&#xD;
[xUnit.net 00:00:46.21]         C:\Users\hallam\Work\mmm\Mesh\Goedel.Mesh.Client\ContextUser.cs(243,0): at Goedel.Mesh.Client.ContextUser.SetService(String accountAddress)&#xD;
[xUnit.net 00:00:46.21]         C:\Users\hallam\Work\mmm\Mesh\Goedel.Mesh.Client\MeshHost.cs(269,0): at Goedel.Mesh.Client.MeshHost.ConfigureMesh(String accountAddress, String localName, PrivateKeyUDF accountSeed, ProfileDevice profileDevice, List`1 rights, Boolean create)&#xD;
[xUnit.net 00:00:46.21]         C:\Users\hallam\Work\mmm\Testing\Goedel.Mesh.Test\MeshMachineTest.cs(120,0): at Goedel.Mesh.Test.MeshMachineTest.GenerateAccountUser(TestEnvironmentCommon testEnvironmentCommon, String machineName, String accountAddress, String localName)&#xD;
[xUnit.net 00:00:46.21]         C:\Users\hallam\Work\mmm\Testing\Goedel.Mesh.Protocol.Test-xunit\TestService.cs(303,0): at Goedel.XUnit.TestService.MeshDeviceConnectPIN()&#xD;
[xUnit.net 00:00:46.98]       System.NullReferenceException : Object reference not set to an instance of an object.&#xD;
[xUnit.net 00:00:46.98]       Stack Trace:&#xD;
[xUnit.net 00:00:46.98]         C:\Users\hallam\Work\mmm\Mesh\Goedel.Mesh.Server\MeshDispatch.cs(136,0): at Goedel.Mesh.Server.PublicMeshService..ctor(IMeshMachine meshMachine, ServiceConfiguration serviceConfiguration, HostConfiguration hostConfiguration)&#xD;
[xUnit.net 00:00:46.98]         C:\Users\hallam\Work\mmm\Testing\Goedel.Mesh.Test\TestEnvironmentCommon.cs(203,0): at Goedel.Mesh.Test.TestEnvironmentCommon.get_MeshService()&#xD;
[xUnit.net 00:00:46.98]         C:\Users\hallam\Work\mmm\Testing\Goedel.Mesh.Test\TestEnvironmentCommon.cs(222,0): at Goedel.Mesh.Test.TestEnvironmentCommon.GetMeshClient(MeshMachineTest meshMachineTest, ICredentialPrivate credential, String serviceId, String accountAddress)&#xD;
[xUnit.net 00:00:46.98]         C:\Users\hallam\Work\mmm\Testing\Goedel.Mesh.Test\MeshMachineTest.cs(88,0): at Goedel.Mesh.Test.MeshMachineTest.GetMeshClient(ICredentialPrivate credential, String service, String accountAddress)&#xD;
[xUnit.net 00:00:46.98]         C:\Users\hallam\Work\mmm\Mesh\Goedel.Mesh.Client\ContextUser.cs(243,0): at Goedel.Mesh.Client.ContextUser.SetService(String accountAddress)&#xD;
[xUnit.net 00:00:46.98]         C:\Users\hallam\Work\mmm\Mesh\Goedel.Mesh.Client\MeshHost.cs(269,0): at Goedel.Mesh.Client.MeshHost.ConfigureMesh(String accountAddress, String localName, PrivateKeyUDF accountSeed, ProfileDevice profileDevice, List`1 rights, Boolean create)&#xD;
[xUnit.net 00:00:46.98]         C:\Users\hallam\Work\mmm\Testing\Goedel.Mesh.Test\MeshMachineTest.cs(120,0): at Goedel.Mesh.Test.MeshMachineTest.GenerateAccountUser(TestEnvironmentCommon testEnvironmentCommon, String machineName, String accountAddress, String localName)&#xD;
[xUnit.net 00:00:46.98]         C:\Users\hallam\Work\mmm\Testing\Goedel.Mesh.Protocol.Test-xunit\TestService.cs(359,0): at Goedel.XUnit.TestService.MeshDeviceConnectStaticQR()&#xD;
[xUnit.net 00:00:47.09]       Goedel.Mesh.ServiceAdmin.HostNotFound : Configuration for the host ServiceConfig.json could not be found&#xD;
[xUnit.net 00:00:47.09]       Stack Trace:&#xD;
[xUnit.net 00:00:47.09]         C:\Users\hallam\Work\mmm\Mesh\Goedel.Mesh.ServiceAdmin\ServiceDescription.cs(135,0): at Goedel.Mesh.ServiceAdmin.Configuration.GetHostConfiguration(String id)&#xD;
[xUnit.net 00:00:47.09]         C:\Users\hallam\Work\mmm\Mesh\Goedel.Mesh.Shell.Host\ShellDispatch.cs(156,0): at Goedel.Mesh.Shell.Host.Shell.HostStart(HostStart Options)&#xD;
[xUnit.net 00:00:47.09]         C:\Users\hallam\Work\mmm\Mesh\Goedel.Mesh.Shell.Host\anyhost.cs(172,0): at Goedel.Mesh.Shell.Host.CommandLineInterpreter.Handle_HostStart(DispatchShell DispatchIn, String[] Args, Int32 Index)&#xD;
[xUnit.net 00:00:47.09]         C:\Users\hallam\Work\mmm\Libraries\Goedel.Command\Command.cs(224,0): at Goedel.Command.CommandLineInterpreterBase.Dispatcher(SortedDictionary`2 Entries, DescribeCommandEntry DefaultCommand, DispatchShell Dispatch, String[] Args, Int32 Index)&#xD;
[xUnit.net 00:00:47.09]         C:\Users\hallam\Work\mmm\Mesh\Goedel.Mesh.Shell.Host\anyhost.cs(161,0): at Goedel.Mesh.Shell.Host.CommandLineInterpreter.MainMethod(Shell Dispatch, String[] Args)&#xD;
[xUnit.net 00:00:47.09]         C:\Users\hallam\Work\mmm\Testing\Goedel.Mesh.Test\TestEnvironmentCommon.cs(121,0): at Goedel.Mesh.Test.TestEnvironmentRdpShell.Host(String command)&#xD;
[xUnit.net 00:00:47.09]         C:\Users\hallam\Work\mmm\Testing\Goedel.Mesh.Test\TestEnvironmentCommon.cs(90,0): at Goedel.Mesh.Test.TestEnvironmentRdpShell.StartService()&#xD;
[xUnit.net 00:00:47.09]         C:\Users\hallam\Work\mmm\Testing\Goedel.Mesh.Test\TestEnvironmentCommon.cs(102,0): at Goedel.Mesh.Test.TestEnvironmentRdpShell.GetMeshClient(MeshMachineTest meshMachineTest, ICredentialPrivate credential, String service, String accountAddress)&#xD;
[xUnit.net 00:00:47.09]         C:\Users\hallam\Work\mmm\Testing\Goedel.Mesh.Test\MeshMachineTest.cs(88,0): at Goedel.Mesh.Test.MeshMachineTest.GetMeshClient(ICredentialPrivate credential, String service, String accountAddress)&#xD;
[xUnit.net 00:00:47.09]         C:\Users\hallam\Work\mmm\Mesh\Goedel.Mesh.Client\ContextUser.cs(243,0): at Goedel.Mesh.Client.ContextUser.SetService(String accountAddress)&#xD;
[xUnit.net 00:00:47.09]         C:\Users\hallam\Work\mmm\Mesh\Goedel.Mesh.Client\MeshHost.cs(269,0): at Goedel.Mesh.Client.MeshHost.ConfigureMesh(String accountAddress, String localName, PrivateKeyUDF accountSeed, ProfileDevice profileDevice, List`1 rights, Boolean create)&#xD;
[xUnit.net 00:00:47.09]         C:\Users\hallam\Work\mmm\Mesh\Goedel.Mesh.Shell\DispatchAccount.cs(68,0): at Goedel.Mesh.Shell.Shell.AccountCreate(AccountCreate options)&#xD;
[xUnit.net 00:00:47.09]         C:\Users\hallam\Work\mmm\Mesh\Goedel.Mesh.Shell\meshman.cs(520,0): at Goedel.Mesh.Shell.CommandLineInterpreter.Handle_AccountCreate(DispatchShell DispatchIn, String[] Args, Int32 Index)&#xD;
[xUnit.net 00:00:47.09]         C:\Users\hallam\Work\mmm\Libraries\Goedel.Command\Command.cs(224,0): at Goedel.Command.CommandLineInterpreterBase.Dispatcher(SortedDictionary`2 Entries, DescribeCommandEntry DefaultCommand, DispatchShell Dispatch, String[] Args, Int32 Index)&#xD;
[xUnit.net 00:00:47.09]         C:\Users\hallam\Work\mmm\Libraries\Goedel.Command\Command.cs(228,0): at Goedel.Command.CommandLineInterpreterBase.Dispatcher(SortedDictionary`2 Entries, DescribeCommandEntry DefaultCommand, DispatchShell Dispatch, String[] Args, Int32 Index)&#xD;
[xUnit.net 00:00:47.09]         C:\Users\hallam\Work\mmm\Testing\Goedel.Mesh.Test\TestShell.cs(241,0): at Goedel.Mesh.Test.TestCLI.Dispatch(String command, Boolean fail)&#xD;
[xUnit.net 00:00:47.09]         C:\Users\hallam\Work\mmm\Testing\Goedel.Mesh.Shell.Test-xunit\TestMessage.cs(186,0): at Goedel.XUnit.ShellTests.MakeAccount(TestCLI device, String account)&#xD;
[xUnit.net 00:00:47.09]         C:\Users\hallam\Work\mmm\Testing\Goedel.Mesh.Shell.Test-xunit\TestMessage.cs(264,0): at Goedel.XUnit.ShellTests.CreateAliceBob(TestCLI&amp; deviceA, TestCLI&amp; deviceB)&#xD;
[xUnit.net 00:00:47.09]         C:\Users\hallam\Work\mmm\Testing\Goedel.Mesh.Shell.Test-xunit\TestGroup.cs(42,0): at Goedel.XUnit.ShellTests.TestMessageGroup()&#xD;
[xUnit.net 00:00:47.73]       System.NullReferenceException : Object reference not set to an instance of an object.&#xD;
[xUnit.net 00:00:47.73]       Stack Trace:&#xD;
[xUnit.net 00:00:47.73]         C:\Users\hallam\Work\mmm\Mesh\Goedel.Mesh.Server\MeshDispatch.cs(136,0): at Goedel.Mesh.Server.PublicMeshService..ctor(IMeshMachine meshMachine, ServiceConfiguration serviceConfiguration, HostConfiguration hostConfiguration)&#xD;
[xUnit.net 00:00:47.73]         C:\Users\hallam\Work\mmm\Testing\Goedel.Mesh.Test\TestEnvironmentCommon.cs(203,0): at Goedel.Mesh.Test.TestEnvironmentCommon.get_MeshService()&#xD;
[xUnit.net 00:00:47.73]         C:\Users\hallam\Work\mmm\Testing\Goedel.Mesh.Test\TestEnvironmentCommon.cs(222,0): at Goedel.Mesh.Test.TestEnvironmentCommon.GetMeshClient(MeshMachineTest meshMachineTest, ICredentialPrivate credential, String serviceId, String accountAddress)&#xD;
[xUnit.net 00:00:47.73]         C:\Users\hallam\Work\mmm\Testing\Goedel.Mesh.Test\MeshMachineTest.cs(88,0): at Goedel.Mesh.Test.MeshMachineTest.GetMeshClient(ICredentialPrivate credential, String service, String accountAddress)&#xD;
[xUnit.net 00:00:47.73]         C:\Users\hallam\Work\mmm\Mesh\Goedel.Mesh.Client\ContextUser.cs(243,0): at Goedel.Mesh.Client.ContextUser.SetService(String accountAddress)&#xD;
[xUnit.net 00:00:47.73]         C:\Users\hallam\Work\mmm\Mesh\Goedel.Mesh.Client\MeshHost.cs(269,0): at Goedel.Mesh.Client.MeshHost.ConfigureMesh(String accountAddress, String localName, PrivateKeyUDF accountSeed, ProfileDevice profileDevice, List`1 rights, Boolean create)&#xD;
[xUnit.net 00:00:47.73]         C:\Users\hallam\Work\mmm\Testing\Goedel.Mesh.Test\MeshMachineTest.cs(120,0): at Goedel.Mesh.Test.MeshMachineTest.GenerateAccountUser(TestEnvironmentCommon testEnvironmentCommon, String machineName, String accountAddress, String localName)&#xD;
[xUnit.net 00:00:47.73]         C:\Users\hallam\Work\mmm\Testing\Goedel.Mesh.Protocol.Test-xunit\TestService.cs(474,0): at Goedel.XUnit.TestService.MeshCatalogMultipleDevice()&#xD;
[xUnit.net 00:00:48.48]       System.NullReferenceException : Object reference not set to an instance of an object.&#xD;
[xUnit.net 00:00:48.48]       Stack Trace:&#xD;
[xUnit.net 00:00:48.48]         C:\Users\hallam\Work\mmm\Mesh\Goedel.Mesh.Server\MeshDispatch.cs(136,0): at Goedel.Mesh.Server.PublicMeshService..ctor(IMeshMachine meshMachine, ServiceConfiguration serviceConfiguration, HostConfiguration hostConfiguration)&#xD;
[xUnit.net 00:00:48.48]         C:\Users\hallam\Work\mmm\Testing\Goedel.Mesh.Test\TestEnvironmentCommon.cs(203,0): at Goedel.Mesh.Test.TestEnvironmentCommon.get_MeshService()&#xD;
[xUnit.net 00:00:48.48]         C:\Users\hallam\Work\mmm\Testing\Goedel.Mesh.Test\TestEnvironmentCommon.cs(222,0): at Goedel.Mesh.Test.TestEnvironmentCommon.GetMeshClient(MeshMachineTest meshMachineTest, ICredentialPrivate credential, String serviceId, String accountAddress)&#xD;
[xUnit.net 00:00:48.48]         C:\Users\hallam\Work\mmm\Testing\Goedel.Mesh.Test\MeshMachineTest.cs(88,0): at Goedel.Mesh.Test.MeshMachineTest.GetMeshClient(ICredentialPrivate credential, String service, String accountAddress)&#xD;
[xUnit.net 00:00:48.48]         C:\Users\hallam\Work\mmm\Mesh\Goedel.Mesh.Client\ContextUser.cs(243,0): at Goedel.Mesh.Client.ContextUser.SetService(String accountAddress)&#xD;
[xUnit.net 00:00:48.48]         C:\Users\hallam\Work\mmm\Mesh\Goedel.Mesh.Client\MeshHost.cs(269,0): at Goedel.Mesh.Client.MeshHost.ConfigureMesh(String accountAddress, String localName, PrivateKeyUDF accountSeed, ProfileDevice profileDevice, List`1 rights, Boolean create)&#xD;
[xUnit.net 00:00:48.48]         C:\Users\hallam\Work\mmm\Testing\Goedel.Mesh.Test\MeshMachineTest.cs(120,0): at Goedel.Mesh.Test.MeshMachineTest.GenerateAccountUser(TestEnvironmentCommon testEnvironmentCommon, String machineName, String accountAddress, String localName)&#xD;
[xUnit.net 00:00:48.48]         C:\Users\hallam\Work\mmm\Testing\Goedel.Mesh.Protocol.Test-xunit\TestService.cs(445,0): at Goedel.XUnit.TestService.CreateConnectGrant(String roles)&#xD;
[xUnit.net 00:00:48.48]         C:\Users\hallam\Work\mmm\Testing\Goedel.Mesh.Protocol.Test-xunit\TestService.cs(432,0): at Goedel.XUnit.TestService.MeshGrantAdmin()&#xD;
[xUnit.net 00:00:48.49]   Finished:    Goedel.Mesh.Protocol.Test-xunit&#xD;
[xUnit.net 00:00:48.33]       Goedel.Mesh.ServiceAdmin.HostNotFound : Configuration for the host ServiceConfig.json could not be found&#xD;
[xUnit.net 00:00:48.33]       Stack Trace:&#xD;
[xUnit.net 00:00:48.33]         C:\Users\hallam\Work\mmm\Mesh\Goedel.Mesh.ServiceAdmin\ServiceDescription.cs(135,0): at Goedel.Mesh.ServiceAdmin.Configuration.GetHostConfiguration(String id)&#xD;
[xUnit.net 00:00:48.33]         C:\Users\hallam\Work\mmm\Mesh\Goedel.Mesh.Shell.Host\ShellDispatch.cs(156,0): at Goedel.Mesh.Shell.Host.Shell.HostStart(HostStart Options)&#xD;
[xUnit.net 00:00:48.33]         C:\Users\hallam\Work\mmm\Mesh\Goedel.Mesh.Shell.Host\anyhost.cs(172,0): at Goedel.Mesh.Shell.Host.CommandLineInterpreter.Handle_HostStart(DispatchShell DispatchIn, String[] Args, Int32 Index)&#xD;
[xUnit.net 00:00:48.33]         C:\Users\hallam\Work\mmm\Libraries\Goedel.Command\Command.cs(224,0): at Goedel.Command.CommandLineInterpreterBase.Dispatcher(SortedDictionary`2 Entries, DescribeCommandEntry DefaultCommand, DispatchShell Dispatch, String[] Args, Int32 Index)&#xD;
[xUnit.net 00:00:48.33]         C:\Users\hallam\Work\mmm\Mesh\Goedel.Mesh.Shell.Host\anyhost.cs(161,0): at Goedel.Mesh.Shell.Host.CommandLineInterpreter.MainMethod(Shell Dispatch, String[] Args)&#xD;
[xUnit.net 00:00:48.33]         C:\Users\hallam\Work\mmm\Testing\Goedel.Mesh.Test\TestEnvironmentCommon.cs(121,0): at Goedel.Mesh.Test.TestEnvironmentRdpShell.Host(String command)&#xD;
[xUnit.net 00:00:48.33]         C:\Users\hallam\Work\mmm\Testing\Goedel.Mesh.Test\TestEnvironmentCommon.cs(90,0): at Goedel.Mesh.Test.TestEnvironmentRdpShell.StartService()&#xD;
[xUnit.net 00:00:48.33]         C:\Users\hallam\Work\mmm\Testing\Goedel.Mesh.Test\TestEnvironmentCommon.cs(102,0): at Goedel.Mesh.Test.TestEnvironmentRdpShell.GetMeshClient(MeshMachineTest meshMachineTest, ICredentialPrivate credential, String service, String accountAddress)&#xD;
[xUnit.net 00:00:48.33]         C:\Users\hallam\Work\mmm\Testing\Goedel.Mesh.Test\MeshMachineTest.cs(88,0): at Goedel.Mesh.Test.MeshMachineTest.GetMeshClient(ICredentialPrivate credential, String service, String accountAddress)&#xD;
[xUnit.net 00:00:48.33]         C:\Users\hallam\Work\mmm\Mesh\Goedel.Mesh.Client\ContextUser.cs(243,0): at Goedel.Mesh.Client.ContextUser.SetService(String accountAddress)&#xD;
[xUnit.net 00:00:48.33]         C:\Users\hallam\Work\mmm\Mesh\Goedel.Mesh.Client\MeshHost.cs(269,0): at Goedel.Mesh.Client.MeshHost.ConfigureMesh(String accountAddress, String localName, PrivateKeyUDF accountSeed, ProfileDevice profileDevice, List`1 rights, Boolean create)&#xD;
[xUnit.net 00:00:48.33]         C:\Users\hallam\Work\mmm\Mesh\Goedel.Mesh.Shell\DispatchAccount.cs(68,0): at Goedel.Mesh.Shell.Shell.AccountCreate(AccountCreate options)&#xD;
[xUnit.net 00:00:48.33]         C:\Users\hallam\Work\mmm\Mesh\Goedel.Mesh.Shell\meshman.cs(520,0): at Goedel.Mesh.Shell.CommandLineInterpreter.Handle_AccountCreate(DispatchShell DispatchIn, String[] Args, Int32 Index)&#xD;
[xUnit.net 00:00:48.33]         C:\Users\hallam\Work\mmm\Libraries\Goedel.Command\Command.cs(224,0): at Goedel.Command.CommandLineInterpreterBase.Dispatcher(SortedDictionary`2 Entries, DescribeCommandEntry DefaultCommand, DispatchShell Dispatch, String[] Args, Int32 Index)&#xD;
[xUnit.net 00:00:48.33]         C:\Users\hallam\Work\mmm\Libraries\Goedel.Command\Command.cs(228,0): at Goedel.Command.CommandLineInterpreterBase.Dispatcher(SortedDictionary`2 Entries, DescribeCommandEntry DefaultCommand, DispatchShell Dispatch, String[] Args, Int32 Index)&#xD;
[xUnit.net 00:00:48.33]         C:\Users\hallam\Work\mmm\Testing\Goedel.Mesh.Test\TestShell.cs(241,0): at Goedel.Mesh.Test.TestCLI.Dispatch(String command, Boolean fail)&#xD;
[xUnit.net 00:00:48.33]         C:\Users\hallam\Work\mmm\Testing\Goedel.Mesh.Shell.Test-xunit\TestProfile.cs(169,0): at Goedel.XUnit.ShellTests.TestProfileConnectPinInvalid()&#xD;
[xUnit.net 00:00:49.59]       Goedel.Mesh.ServiceAdmin.HostNotFound : Configuration for the host ServiceConfig.json could not be found&#xD;
[xUnit.net 00:00:49.59]       Stack Trace:&#xD;
[xUnit.net 00:00:49.59]         C:\Users\hallam\Work\mmm\Mesh\Goedel.Mesh.ServiceAdmin\ServiceDescription.cs(135,0): at Goedel.Mesh.ServiceAdmin.Configuration.GetHostConfiguration(String id)&#xD;
[xUnit.net 00:00:49.59]         C:\Users\hallam\Work\mmm\Mesh\Goedel.Mesh.Shell.Host\ShellDispatch.cs(156,0): at Goedel.Mesh.Shell.Host.Shell.HostStart(HostStart Options)&#xD;
[xUnit.net 00:00:49.59]         C:\Users\hallam\Work\mmm\Mesh\Goedel.Mesh.Shell.Host\anyhost.cs(172,0): at Goedel.Mesh.Shell.Host.CommandLineInterpreter.Handle_HostStart(DispatchShell DispatchIn, String[] Args, Int32 Index)&#xD;
[xUnit.net 00:00:49.59]         C:\Users\hallam\Work\mmm\Libraries\Goedel.Command\Command.cs(224,0): at Goedel.Command.CommandLineInterpreterBase.Dispatcher(SortedDictionary`2 Entries, DescribeCommandEntry DefaultCommand, DispatchShell Dispatch, String[] Args, Int32 Index)&#xD;
[xUnit.net 00:00:49.59]         C:\Users\hallam\Work\mmm\Mesh\Goedel.Mesh.Shell.Host\anyhost.cs(161,0): at Goedel.Mesh.Shell.Host.CommandLineInterpreter.MainMethod(Shell Dispatch, String[] Args)&#xD;
[xUnit.net 00:00:49.59]         C:\Users\hallam\Work\mmm\Testing\Goedel.Mesh.Test\TestEnvironmentCommon.cs(121,0): at Goedel.Mesh.Test.TestEnvironmentRdpShell.Host(String command)&#xD;
[xUnit.net 00:00:49.59]         C:\Users\hallam\Work\mmm\Testing\Goedel.Mesh.Test\TestEnvironmentCommon.cs(90,0): at Goedel.Mesh.Test.TestEnvironmentRdpShell.StartService()&#xD;
[xUnit.net 00:00:49.59]         C:\Users\hallam\Work\mmm\Testing\Goedel.Mesh.Test\TestEnvironmentCommon.cs(102,0): at Goedel.Mesh.Test.TestEnvironmentRdpShell.GetMeshClient(MeshMachineTest meshMachineTest, ICredentialPrivate credential, String service, String accountAddress)&#xD;
[xUnit.net 00:00:49.59]         C:\Users\hallam\Work\mmm\Testing\Goedel.Mesh.Test\MeshMachineTest.cs(88,0): at Goedel.Mesh.Test.MeshMachineTest.GetMeshClient(ICredentialPrivate credential, String service, String accountAddress)&#xD;
[xUnit.net 00:00:49.59]         C:\Users\hallam\Work\mmm\Mesh\Goedel.Mesh.Client\ContextUser.cs(243,0): at Goedel.Mesh.Client.ContextUser.SetService(String accountAddress)&#xD;
[xUnit.net 00:00:49.59]         C:\Users\hallam\Work\mmm\Mesh\Goedel.Mesh.Client\MeshHost.cs(269,0): at Goedel.Mesh.Client.MeshHost.ConfigureMesh(String accountAddress, String localName, PrivateKeyUDF accountSeed, ProfileDevice profileDevice, List`1 rights, Boolean create)&#xD;
[xUnit.net 00:00:49.59]         C:\Users\hallam\Work\mmm\Mesh\Goedel.Mesh.Shell\DispatchAccount.cs(68,0): at Goedel.Mesh.Shell.Shell.AccountCreate(AccountCreate options)&#xD;
[xUnit.net 00:00:49.59]         C:\Users\hallam\Work\mmm\Mesh\Goedel.Mesh.Shell\meshman.cs(520,0): at Goedel.Mesh.Shell.CommandLineInterpreter.Handle_AccountCreate(DispatchShell DispatchIn, String[] Args, Int32 Index)&#xD;
[xUnit.net 00:00:49.59]         C:\Users\hallam\Work\mmm\Libraries\Goedel.Command\Command.cs(224,0): at Goedel.Command.CommandLineInterpreterBase.Dispatcher(SortedDictionary`2 Entries, DescribeCommandEntry DefaultCommand, DispatchShell Dispatch, String[] Args, Int32 Index)&#xD;
[xUnit.net 00:00:49.59]         C:\Users\hallam\Work\mmm\Libraries\Goedel.Command\Command.cs(228,0): at Goedel.Command.CommandLineInterpreterBase.Dispatcher(SortedDictionary`2 Entries, DescribeCommandEntry DefaultCommand, DispatchShell Dispatch, String[] Args, Int32 Index)&#xD;
[xUnit.net 00:00:49.59]         C:\Users\hallam\Work\mmm\Testing\Goedel.Mesh.Test\TestShell.cs(241,0): at Goedel.Mesh.Test.TestCLI.Dispatch(String command, Boolean fail)&#xD;
[xUnit.net 00:00:49.59]         C:\Users\hallam\Work\mmm\Testing\Goedel.Mesh.Shell.Test-xunit\TestMessage.cs(186,0): at Goedel.XUnit.ShellTests.MakeAccount(TestCLI device, String account)&#xD;
[xUnit.net 00:00:49.59]         C:\Users\hallam\Work\mmm\Testing\Goedel.Mesh.Shell.Test-xunit\TestMessage.cs(70,0): at Goedel.XUnit.ShellTests.TestMessageContactBusinessCardExchange()&#xD;
[xUnit.net 00:00:50.84]       Goedel.Mesh.ServiceAdmin.HostNotFound : Configuration for the host ServiceConfig.json could not be found&#xD;
[xUnit.net 00:00:50.84]       Stack Trace:&#xD;
[xUnit.net 00:00:50.84]         C:\Users\hallam\Work\mmm\Mesh\Goedel.Mesh.ServiceAdmin\ServiceDescription.cs(135,0): at Goedel.Mesh.ServiceAdmin.Configuration.GetHostConfiguration(String id)&#xD;
[xUnit.net 00:00:50.84]         C:\Users\hallam\Work\mmm\Mesh\Goedel.Mesh.Shell.Host\ShellDispatch.cs(156,0): at Goedel.Mesh.Shell.Host.Shell.HostStart(HostStart Options)&#xD;
[xUnit.net 00:00:50.84]         C:\Users\hallam\Work\mmm\Mesh\Goedel.Mesh.Shell.Host\anyhost.cs(172,0): at Goedel.Mesh.Shell.Host.CommandLineInterpreter.Handle_HostStart(DispatchShell DispatchIn, String[] Args, Int32 Index)&#xD;
[xUnit.net 00:00:50.84]         C:\Users\hallam\Work\mmm\Libraries\Goedel.Command\Command.cs(224,0): at Goedel.Command.CommandLineInterpreterBase.Dispatcher(SortedDictionary`2 Entries, DescribeCommandEntry DefaultCommand, DispatchShell Dispatch, String[] Args, Int32 Index)&#xD;
[xUnit.net 00:00:50.84]         C:\Users\hallam\Work\mmm\Mesh\Goedel.Mesh.Shell.Host\anyhost.cs(161,0): at Goedel.Mesh.Shell.Host.CommandLineInterpreter.MainMethod(Shell Dispatch, String[] Args)&#xD;
[xUnit.net 00:00:50.84]         C:\Users\hallam\Work\mmm\Testing\Goedel.Mesh.Test\TestEnvironmentCommon.cs(121,0): at Goedel.Mesh.Test.TestEnvironmentRdpShell.Host(String command)&#xD;
[xUnit.net 00:00:50.84]         C:\Users\hallam\Work\mmm\Testing\Goedel.Mesh.Test\TestEnvironmentCommon.cs(90,0): at Goedel.Mesh.Test.TestEnvironmentRdpShell.StartService()&#xD;
[xUnit.net 00:00:50.84]         C:\Users\hallam\Work\mmm\Testing\Goedel.Mesh.Test\TestEnvironmentCommon.cs(102,0): at Goedel.Mesh.Test.TestEnvironmentRdpShell.GetMeshClient(MeshMachineTest meshMachineTest, ICredentialPrivate credential, String service, String accountAddress)&#xD;
[xUnit.net 00:00:50.84]         C:\Users\hallam\Work\mmm\Testing\Goedel.Mesh.Test\MeshMachineTest.cs(88,0): at Goedel.Mesh.Test.MeshMachineTest.GetMeshClient(ICredentialPrivate credential, String service, String accountAddress)&#xD;
[xUnit.net 00:00:50.84]         C:\Users\hallam\Work\mmm\Mesh\Goedel.Mesh.Client\ContextUser.cs(243,0): at Goedel.Mesh.Client.ContextUser.SetService(String accountAddress)&#xD;
[xUnit.net 00:00:50.84]         C:\Users\hallam\Work\mmm\Mesh\Goedel.Mesh.Client\MeshHost.cs(269,0): at Goedel.Mesh.Client.MeshHost.ConfigureMesh(String accountAddress, String localName, PrivateKeyUDF accountSeed, ProfileDevice profileDevice, List`1 rights, Boolean create)&#xD;
[xUnit.net 00:00:50.84]         C:\Users\hallam\Work\mmm\Mesh\Goedel.Mesh.Shell\DispatchAccount.cs(68,0): at Goedel.Mesh.Shell.Shell.AccountCreate(AccountCreate options)&#xD;
[xUnit.net 00:00:50.84]         C:\Users\hallam\Work\mmm\Mesh\Goedel.Mesh.Shell\meshman.cs(520,0): at Goedel.Mesh.Shell.CommandLineInterpreter.Handle_AccountCreate(DispatchShell DispatchIn, String[] Args, Int32 Index)&#xD;
[xUnit.net 00:00:50.84]         C:\Users\hallam\Work\mmm\Libraries\Goedel.Command\Command.cs(224,0): at Goedel.Command.CommandLineInterpreterBase.Dispatcher(SortedDictionary`2 Entries, DescribeCommandEntry DefaultCommand, DispatchShell Dispatch, String[] Args, Int32 Index)&#xD;
[xUnit.net 00:00:50.84]         C:\Users\hallam\Work\mmm\Libraries\Goedel.Command\Command.cs(228,0): at Goedel.Command.CommandLineInterpreterBase.Dispatcher(SortedDictionary`2 Entries, DescribeCommandEntry DefaultCommand, DispatchShell Dispatch, String[] Args, Int32 Index)&#xD;
[xUnit.net 00:00:50.84]         C:\Users\hallam\Work\mmm\Testing\Goedel.Mesh.Test\TestShell.cs(241,0): at Goedel.Mesh.Test.TestCLI.Dispatch(String command, Boolean fail)&#xD;
[xUnit.net 00:00:50.84]         C:\Users\hallam\Work\mmm\Testing\Goedel.Mesh.Shell.Test-xunit\TestProfile.cs(229,0): at Goedel.XUnit.ShellTests.TestProfileConnectDynamicQR()&#xD;
[xUnit.net 00:00:52.11]       Goedel.Mesh.ServiceAdmin.HostNotFound : Configuration for the host ServiceConfig.json could not be found&#xD;
[xUnit.net 00:00:52.11]       Stack Trace:&#xD;
[xUnit.net 00:00:52.11]         C:\Users\hallam\Work\mmm\Mesh\Goedel.Mesh.ServiceAdmin\ServiceDescription.cs(135,0): at Goedel.Mesh.ServiceAdmin.Configuration.GetHostConfiguration(String id)&#xD;
[xUnit.net 00:00:52.11]         C:\Users\hallam\Work\mmm\Mesh\Goedel.Mesh.Shell.Host\ShellDispatch.cs(156,0): at Goedel.Mesh.Shell.Host.Shell.HostStart(HostStart Options)&#xD;
[xUnit.net 00:00:52.11]         C:\Users\hallam\Work\mmm\Mesh\Goedel.Mesh.Shell.Host\anyhost.cs(172,0): at Goedel.Mesh.Shell.Host.CommandLineInterpreter.Handle_HostStart(DispatchShell DispatchIn, String[] Args, Int32 Index)&#xD;
[xUnit.net 00:00:52.11]         C:\Users\hallam\Work\mmm\Libraries\Goedel.Command\Command.cs(224,0): at Goedel.Command.CommandLineInterpreterBase.Dispatcher(SortedDictionary`2 Entries, DescribeCommandEntry DefaultCommand, DispatchShell Dispatch, String[] Args, Int32 Index)&#xD;
[xUnit.net 00:00:52.11]         C:\Users\hallam\Work\mmm\Mesh\Goedel.Mesh.Shell.Host\anyhost.cs(161,0): at Goedel.Mesh.Shell.Host.CommandLineInterpreter.MainMethod(Shell Dispatch, String[] Args)&#xD;
[xUnit.net 00:00:52.11]         C:\Users\hallam\Work\mmm\Testing\Goedel.Mesh.Test\TestEnvironmentCommon.cs(121,0): at Goedel.Mesh.Test.TestEnvironmentRdpShell.Host(String command)&#xD;
[xUnit.net 00:00:52.11]         C:\Users\hallam\Work\mmm\Testing\Goedel.Mesh.Test\TestEnvironmentCommon.cs(90,0): at Goedel.Mesh.Test.TestEnvironmentRdpShell.StartService()&#xD;
[xUnit.net 00:00:52.11]         C:\Users\hallam\Work\mmm\Testing\Goedel.Mesh.Test\TestEnvironmentCommon.cs(102,0): at Goedel.Mesh.Test.TestEnvironmentRdpShell.GetMeshClient(MeshMachineTest meshMachineTest, ICredentialPrivate credential, String service, String accountAddress)&#xD;
[xUnit.net 00:00:52.11]         C:\Users\hallam\Work\mmm\Testing\Goedel.Mesh.Test\MeshMachineTest.cs(88,0): at Goedel.Mesh.Test.MeshMachineTest.GetMeshClient(ICredentialPrivate credential, String service, String accountAddress)&#xD;
[xUnit.net 00:00:52.11]         C:\Users\hallam\Work\mmm\Mesh\Goedel.Mesh.Client\ContextUser.cs(243,0): at Goedel.Mesh.Client.ContextUser.SetService(String accountAddress)&#xD;
[xUnit.net 00:00:52.11]         C:\Users\hallam\Work\mmm\Mesh\Goedel.Mesh.Client\MeshHost.cs(269,0): at Goedel.Mesh.Client.MeshHost.ConfigureMesh(String accountAddress, String localName, PrivateKeyUDF accountSeed, ProfileDevice profileDevice, List`1 rights, Boolean create)&#xD;
[xUnit.net 00:00:52.11]         C:\Users\hallam\Work\mmm\Mesh\Goedel.Mesh.Shell\DispatchAccount.cs(68,0): at Goedel.Mesh.Shell.Shell.AccountCreate(AccountCreate options)&#xD;
[xUnit.net 00:00:52.11]         C:\Users\hallam\Work\mmm\Mesh\Goedel.Mesh.Shell\meshman.cs(520,0): at Goedel.Mesh.Shell.CommandLineInterpreter.Handle_AccountCreate(DispatchShell DispatchIn, String[] Args, Int32 Index)&#xD;
[xUnit.net 00:00:52.11]         C:\Users\hallam\Work\mmm\Libraries\Goedel.Command\Command.cs(224,0): at Goedel.Command.CommandLineInterpreterBase.Dispatcher(SortedDictionary`2 Entries, DescribeCommandEntry DefaultCommand, DispatchShell Dispatch, String[] Args, Int32 Index)&#xD;
[xUnit.net 00:00:52.11]         C:\Users\hallam\Work\mmm\Libraries\Goedel.Command\Command.cs(228,0): at Goedel.Command.CommandLineInterpreterBase.Dispatcher(SortedDictionary`2 Entries, DescribeCommandEntry DefaultCommand, DispatchShell Dispatch, String[] Args, Int32 Index)&#xD;
[xUnit.net 00:00:52.11]         C:\Users\hallam\Work\mmm\Testing\Goedel.Mesh.Test\TestShell.cs(241,0): at Goedel.Mesh.Test.TestCLI.Dispatch(String command, Boolean fail)&#xD;
[xUnit.net 00:00:52.11]         C:\Users\hallam\Work\mmm\Testing\Goedel.Mesh.Shell.Test-xunit\Base.cs(159,0): at Goedel.XUnit.ShellTests.Dispatch(String command, Boolean fail)&#xD;
[xUnit.net 00:00:52.11]         C:\Users\hallam\Work\mmm\Testing\Goedel.Mesh.Shell.Test-xunit\Base.cs(162,0): at Goedel.XUnit.ShellTests.CreateAccount(String account)&#xD;
[xUnit.net 00:00:52.11]         C:\Users\hallam\Work\mmm\Testing\Goedel.Mesh.Shell.Test-xunit\TestCatalog.cs(239,0): at Goedel.XUnit.ShellTests.TestProfileNetwork()&#xD;
[xUnit.net 00:00:53.26]       System.NullReferenceException : Object reference not set to an instance of an object.&#xD;
[xUnit.net 00:00:53.26]       Stack Trace:&#xD;
[xUnit.net 00:00:53.26]         C:\Users\hallam\Work\mmm\Testing\Goedel.Mesh.Shell.Test-xunit\TestAccount.cs(118,0): at Goedel.XUnit.ShellTests.TestEscrowDeleteDevice()&#xD;
[xUnit.net 00:00:54.41]       Goedel.Mesh.ServiceAdmin.HostNotFound : Configuration for the host ServiceConfig.json could not be found&#xD;
[xUnit.net 00:00:54.41]       Stack Trace:&#xD;
[xUnit.net 00:00:54.41]         C:\Users\hallam\Work\mmm\Mesh\Goedel.Mesh.ServiceAdmin\ServiceDescription.cs(135,0): at Goedel.Mesh.ServiceAdmin.Configuration.GetHostConfiguration(String id)&#xD;
[xUnit.net 00:00:54.41]         C:\Users\hallam\Work\mmm\Mesh\Goedel.Mesh.Shell.Host\ShellDispatch.cs(156,0): at Goedel.Mesh.Shell.Host.Shell.HostStart(HostStart Options)&#xD;
[xUnit.net 00:00:54.41]         C:\Users\hallam\Work\mmm\Mesh\Goedel.Mesh.Shell.Host\anyhost.cs(172,0): at Goedel.Mesh.Shell.Host.CommandLineInterpreter.Handle_HostStart(DispatchShell DispatchIn, String[] Args, Int32 Index)&#xD;
[xUnit.net 00:00:54.42]         C:\Users\hallam\Work\mmm\Libraries\Goedel.Command\Command.cs(224,0): at Goedel.Command.CommandLineInterpreterBase.Dispatcher(SortedDictionary`2 Entries, DescribeCommandEntry DefaultCommand, DispatchShell Dispatch, String[] Args, Int32 Index)&#xD;
[xUnit.net 00:00:54.42]         C:\Users\hallam\Work\mmm\Mesh\Goedel.Mesh.Shell.Host\anyhost.cs(161,0): at Goedel.Mesh.Shell.Host.CommandLineInterpreter.MainMethod(Shell Dispatch, String[] Args)&#xD;
[xUnit.net 00:00:54.42]         C:\Users\hallam\Work\mmm\Testing\Goedel.Mesh.Test\TestEnvironmentCommon.cs(121,0): at Goedel.Mesh.Test.TestEnvironmentRdpShell.Host(String command)&#xD;
[xUnit.net 00:00:54.42]         C:\Users\hallam\Work\mmm\Testing\Goedel.Mesh.Test\TestEnvironmentCommon.cs(90,0): at Goedel.Mesh.Test.TestEnvironmentRdpShell.StartService()&#xD;
[xUnit.net 00:00:54.42]         C:\Users\hallam\Work\mmm\Testing\Goedel.Mesh.Test\TestEnvironmentCommon.cs(102,0): at Goedel.Mesh.Test.TestEnvironmentRdpShell.GetMeshClient(MeshMachineTest meshMachineTest, ICredentialPrivate credential, String service, String accountAddress)&#xD;
[xUnit.net 00:00:54.42]         C:\Users\hallam\Work\mmm\Testing\Goedel.Mesh.Test\MeshMachineTest.cs(88,0): at Goedel.Mesh.Test.MeshMachineTest.GetMeshClient(ICredentialPrivate credential, String service, String accountAddress)&#xD;
[xUnit.net 00:00:54.42]         C:\Users\hallam\Work\mmm\Mesh\Goedel.Mesh.Client\ContextUser.cs(243,0): at Goedel.Mesh.Client.ContextUser.SetService(String accountAddress)&#xD;
[xUnit.net 00:00:54.42]         C:\Users\hallam\Work\mmm\Mesh\Goedel.Mesh.Client\MeshHost.cs(269,0): at Goedel.Mesh.Client.MeshHost.ConfigureMesh(String accountAddress, String localName, PrivateKeyUDF accountSeed, ProfileDevice profileDevice, List`1 rights, Boolean create)&#xD;
[xUnit.net 00:00:54.42]         C:\Users\hallam\Work\mmm\Mesh\Goedel.Mesh.Shell\DispatchAccount.cs(68,0): at Goedel.Mesh.Shell.Shell.AccountCreate(AccountCreate options)&#xD;
[xUnit.net 00:00:54.42]         C:\Users\hallam\Work\mmm\Mesh\Goedel.Mesh.Shell\meshman.cs(520,0): at Goedel.Mesh.Shell.CommandLineInterpreter.Handle_AccountCreate(DispatchShell DispatchIn, String[] Args, Int32 Index)&#xD;
[xUnit.net 00:00:54.42]         C:\Users\hallam\Work\mmm\Libraries\Goedel.Command\Command.cs(224,0): at Goedel.Command.CommandLineInterpreterBase.Dispatcher(SortedDictionary`2 Entries, DescribeCommandEntry DefaultCommand, DispatchShell Dispatch, String[] Args, Int32 Index)&#xD;
[xUnit.net 00:00:54.42]         C:\Users\hallam\Work\mmm\Libraries\Goedel.Command\Command.cs(228,0): at Goedel.Command.CommandLineInterpreterBase.Dispatcher(SortedDictionary`2 Entries, DescribeCommandEntry DefaultCommand, DispatchShell Dispatch, String[] Args, Int32 Index)&#xD;
[xUnit.net 00:00:54.42]         C:\Users\hallam\Work\mmm\Testing\Goedel.Mesh.Test\TestShell.cs(241,0): at Goedel.Mesh.Test.TestCLI.Dispatch(String command, Boolean fail)&#xD;
[xUnit.net 00:00:54.42]         C:\Users\hallam\Work\mmm\Testing\Goedel.Mesh.Shell.Test-xunit\TestMessage.cs(186,0): at Goedel.XUnit.ShellTests.MakeAccount(TestCLI device, String account)&#xD;
[xUnit.net 00:00:54.42]         C:\Users\hallam\Work\mmm\Testing\Goedel.Mesh.Shell.Test-xunit\TestMessage.cs(47,0): at Goedel.XUnit.ShellTests.TestMessageContactBusinessCardFetch()&#xD;
[xUnit.net 00:00:55.57]       Goedel.Mesh.ServiceAdmin.HostNotFound : Configuration for the host ServiceConfig.json could not be found&#xD;
[xUnit.net 00:00:55.57]       Stack Trace:&#xD;
[xUnit.net 00:00:55.57]         C:\Users\hallam\Work\mmm\Mesh\Goedel.Mesh.ServiceAdmin\ServiceDescription.cs(135,0): at Goedel.Mesh.ServiceAdmin.Configuration.GetHostConfiguration(String id)&#xD;
[xUnit.net 00:00:55.57]         C:\Users\hallam\Work\mmm\Mesh\Goedel.Mesh.Shell.Host\ShellDispatch.cs(156,0): at Goedel.Mesh.Shell.Host.Shell.HostStart(HostStart Options)&#xD;
[xUnit.net 00:00:55.57]         C:\Users\hallam\Work\mmm\Mesh\Goedel.Mesh.Shell.Host\anyhost.cs(172,0): at Goedel.Mesh.Shell.Host.CommandLineInterpreter.Handle_HostStart(DispatchShell DispatchIn, String[] Args, Int32 Index)&#xD;
[xUnit.net 00:00:55.57]         C:\Users\hallam\Work\mmm\Libraries\Goedel.Command\Command.cs(224,0): at Goedel.Command.CommandLineInterpreterBase.Dispatcher(SortedDictionary`2 Entries, DescribeCommandEntry DefaultCommand, DispatchShell Dispatch, String[] Args, Int32 Index)&#xD;
[xUnit.net 00:00:55.57]         C:\Users\hallam\Work\mmm\Mesh\Goedel.Mesh.Shell.Host\anyhost.cs(161,0): at Goedel.Mesh.Shell.Host.CommandLineInterpreter.MainMethod(Shell Dispatch, String[] Args)&#xD;
[xUnit.net 00:00:55.57]         C:\Users\hallam\Work\mmm\Testing\Goedel.Mesh.Test\TestEnvironmentCommon.cs(121,0): at Goedel.Mesh.Test.TestEnvironmentRdpShell.Host(String command)&#xD;
[xUnit.net 00:00:55.57]         C:\Users\hallam\Work\mmm\Testing\Goedel.Mesh.Test\TestEnvironmentCommon.cs(90,0): at Goedel.Mesh.Test.TestEnvironmentRdpShell.StartService()&#xD;
[xUnit.net 00:00:55.57]         C:\Users\hallam\Work\mmm\Testing\Goedel.Mesh.Test\TestEnvironmentCommon.cs(102,0): at Goedel.Mesh.Test.TestEnvironmentRdpShell.GetMeshClient(MeshMachineTest meshMachineTest, ICredentialPrivate credential, String service, String accountAddress)&#xD;
[xUnit.net 00:00:55.57]         C:\Users\hallam\Work\mmm\Testing\Goedel.Mesh.Test\MeshMachineTest.cs(88,0): at Goedel.Mesh.Test.MeshMachineTest.GetMeshClient(ICredentialPrivate credential, String service, String accountAddress)&#xD;
[xUnit.net 00:00:55.57]         C:\Users\hallam\Work\mmm\Mesh\Goedel.Mesh.Client\ContextUser.cs(243,0): at Goedel.Mesh.Client.ContextUser.SetService(String accountAddress)&#xD;
[xUnit.net 00:00:55.57]         C:\Users\hallam\Work\mmm\Mesh\Goedel.Mesh.Client\MeshHost.cs(269,0): at Goedel.Mesh.Client.MeshHost.ConfigureMesh(String accountAddress, String localName, PrivateKeyUDF accountSeed, ProfileDevice profileDevice, List`1 rights, Boolean create)&#xD;
[xUnit.net 00:00:55.57]         C:\Users\hallam\Work\mmm\Mesh\Goedel.Mesh.Shell\DispatchAccount.cs(68,0): at Goedel.Mesh.Shell.Shell.AccountCreate(AccountCreate options)&#xD;
[xUnit.net 00:00:55.57]         C:\Users\hallam\Work\mmm\Mesh\Goedel.Mesh.Shell\meshman.cs(520,0): at Goedel.Mesh.Shell.CommandLineInterpreter.Handle_AccountCreate(DispatchShell DispatchIn, String[] Args, Int32 Index)&#xD;
[xUnit.net 00:00:55.57]         C:\Users\hallam\Work\mmm\Libraries\Goedel.Command\Command.cs(224,0): at Goedel.Command.CommandLineInterpreterBase.Dispatcher(SortedDictionary`2 Entries, DescribeCommandEntry DefaultCommand, DispatchShell Dispatch, String[] Args, Int32 Index)&#xD;
[xUnit.net 00:00:55.57]         C:\Users\hallam\Work\mmm\Libraries\Goedel.Command\Command.cs(228,0): at Goedel.Command.CommandLineInterpreterBase.Dispatcher(SortedDictionary`2 Entries, DescribeCommandEntry DefaultCommand, DispatchShell Dispatch, String[] Args, Int32 Index)&#xD;
[xUnit.net 00:00:55.57]         C:\Users\hallam\Work\mmm\Testing\Goedel.Mesh.Test\TestShell.cs(241,0): at Goedel.Mesh.Test.TestCLI.Dispatch(String command, Boolean fail)&#xD;
[xUnit.net 00:00:55.57]         C:\Users\hallam\Work\mmm\Testing\Goedel.Mesh.Shell.Test-xunit\TestProfile.cs(429,0): at Goedel.XUnit.ShellTests.TestAuthCreate(TestCLI device1, TestCLI device2, String auth)&#xD;
[xUnit.net 00:00:55.57]         C:\Users\hallam\Work\mmm\Testing\Goedel.Mesh.Shell.Test-xunit\TestProfile.cs(343,0): at Goedel.XUnit.ShellTests.TestCreateMessage()&#xD;
[xUnit.net 00:00:57.29]       Goedel.Mesh.ServiceAdmin.HostNotFound : Configuration for the host ServiceConfig.json could not be found&#xD;
[xUnit.net 00:00:57.29]       Stack Trace:&#xD;
[xUnit.net 00:00:57.29]         C:\Users\hallam\Work\mmm\Mesh\Goedel.Mesh.ServiceAdmin\ServiceDescription.cs(135,0): at Goedel.Mesh.ServiceAdmin.Configuration.GetHostConfiguration(String id)&#xD;
[xUnit.net 00:00:57.29]         C:\Users\hallam\Work\mmm\Mesh\Goedel.Mesh.Shell.Host\ShellDispatch.cs(156,0): at Goedel.Mesh.Shell.Host.Shell.HostStart(HostStart Options)&#xD;
[xUnit.net 00:00:57.29]         C:\Users\hallam\Work\mmm\Mesh\Goedel.Mesh.Shell.Host\anyhost.cs(172,0): at Goedel.Mesh.Shell.Host.CommandLineInterpreter.Handle_HostStart(DispatchShell DispatchIn, String[] Args, Int32 Index)&#xD;
[xUnit.net 00:00:57.29]         C:\Users\hallam\Work\mmm\Libraries\Goedel.Command\Command.cs(224,0): at Goedel.Command.CommandLineInterpreterBase.Dispatcher(SortedDictionary`2 Entries, DescribeCommandEntry DefaultCommand, DispatchShell Dispatch, String[] Args, Int32 Index)&#xD;
[xUnit.net 00:00:57.29]         C:\Users\hallam\Work\mmm\Mesh\Goedel.Mesh.Shell.Host\anyhost.cs(161,0): at Goedel.Mesh.Shell.Host.CommandLineInterpreter.MainMethod(Shell Dispatch, String[] Args)&#xD;
[xUnit.net 00:00:57.29]         C:\Users\hallam\Work\mmm\Testing\Goedel.Mesh.Test\TestEnvironmentCommon.cs(121,0): at Goedel.Mesh.Test.TestEnvironmentRdpShell.Host(String command)&#xD;
[xUnit.net 00:00:57.29]         C:\Users\hallam\Work\mmm\Testing\Goedel.Mesh.Test\TestEnvironmentCommon.cs(90,0): at Goedel.Mesh.Test.TestEnvironmentRdpShell.StartService()&#xD;
[xUnit.net 00:00:57.29]         C:\Users\hallam\Work\mmm\Testing\Goedel.Mesh.Test\TestEnvironmentCommon.cs(102,0): at Goedel.Mesh.Test.TestEnvironmentRdpShell.GetMeshClient(MeshMachineTest meshMachineTest, ICredentialPrivate credential, String service, String accountAddress)&#xD;
[xUnit.net 00:00:57.29]         C:\Users\hallam\Work\mmm\Testing\Goedel.Mesh.Test\MeshMachineTest.cs(88,0): at Goedel.Mesh.Test.MeshMachineTest.GetMeshClient(ICredentialPrivate credential, String service, String accountAddress)&#xD;
[xUnit.net 00:00:57.29]         C:\Users\hallam\Work\mmm\Mesh\Goedel.Mesh.Client\ContextUser.cs(243,0): at Goedel.Mesh.Client.ContextUser.SetService(String accountAddress)&#xD;
[xUnit.net 00:00:57.29]         C:\Users\hallam\Work\mmm\Mesh\Goedel.Mesh.Client\MeshHost.cs(269,0): at Goedel.Mesh.Client.MeshHost.ConfigureMesh(String accountAddress, String localName, PrivateKeyUDF accountSeed, ProfileDevice profileDevice, List`1 rights, Boolean create)&#xD;
[xUnit.net 00:00:57.29]         C:\Users\hallam\Work\mmm\Mesh\Goedel.Mesh.Shell\DispatchAccount.cs(68,0): at Goedel.Mesh.Shell.Shell.AccountCreate(AccountCreate options)&#xD;
[xUnit.net 00:00:57.29]         C:\Users\hallam\Work\mmm\Mesh\Goedel.Mesh.Shell\meshman.cs(520,0): at Goedel.Mesh.Shell.CommandLineInterpreter.Handle_AccountCreate(DispatchShell DispatchIn, String[] Args, Int32 Index)&#xD;
[xUnit.net 00:00:57.29]         C:\Users\hallam\Work\mmm\Libraries\Goedel.Command\Command.cs(224,0): at Goedel.Command.CommandLineInterpreterBase.Dispatcher(SortedDictionary`2 Entries, DescribeCommandEntry DefaultCommand, DispatchShell Dispatch, String[] Args, Int32 Index)&#xD;
[xUnit.net 00:00:57.29]         C:\Users\hallam\Work\mmm\Libraries\Goedel.Command\Command.cs(228,0): at Goedel.Command.CommandLineInterpreterBase.Dispatcher(SortedDictionary`2 Entries, DescribeCommandEntry DefaultCommand, DispatchShell Dispatch, String[] Args, Int32 Index)&#xD;
[xUnit.net 00:00:57.29]         C:\Users\hallam\Work\mmm\Testing\Goedel.Mesh.Test\TestShell.cs(226,0): at Goedel.Mesh.Test.TestCLI.ExampleNoCatch(String[] commands)&#xD;
[xUnit.net 00:00:57.29]         C:\Users\hallam\Work\mmm\Testing\Goedel.Mesh.Shell.Test-xunit\TestAccount.cs(183,0): at Goedel.XUnit.ShellTests.TestConnectRequest()&#xD;
[xUnit.net 00:00:58.46]       Goedel.Mesh.ServiceAdmin.HostNotFound : Configuration for the host ServiceConfig.json could not be found&#xD;
[xUnit.net 00:00:58.46]       Stack Trace:&#xD;
[xUnit.net 00:00:58.46]         C:\Users\hallam\Work\mmm\Mesh\Goedel.Mesh.ServiceAdmin\ServiceDescription.cs(135,0): at Goedel.Mesh.ServiceAdmin.Configuration.GetHostConfiguration(String id)&#xD;
[xUnit.net 00:00:58.46]         C:\Users\hallam\Work\mmm\Mesh\Goedel.Mesh.Shell.Host\ShellDispatch.cs(156,0): at Goedel.Mesh.Shell.Host.Shell.HostStart(HostStart Options)&#xD;
[xUnit.net 00:00:58.46]         C:\Users\hallam\Work\mmm\Mesh\Goedel.Mesh.Shell.Host\anyhost.cs(172,0): at Goedel.Mesh.Shell.Host.CommandLineInterpreter.Handle_HostStart(DispatchShell DispatchIn, String[] Args, Int32 Index)&#xD;
[xUnit.net 00:00:58.46]         C:\Users\hallam\Work\mmm\Libraries\Goedel.Command\Command.cs(224,0): at Goedel.Command.CommandLineInterpreterBase.Dispatcher(SortedDictionary`2 Entries, DescribeCommandEntry DefaultCommand, DispatchShell Dispatch, String[] Args, Int32 Index)&#xD;
[xUnit.net 00:00:58.46]         C:\Users\hallam\Work\mmm\Mesh\Goedel.Mesh.Shell.Host\anyhost.cs(161,0): at Goedel.Mesh.Shell.Host.CommandLineInterpreter.MainMethod(Shell Dispatch, String[] Args)&#xD;
[xUnit.net 00:00:58.46]         C:\Users\hallam\Work\mmm\Testing\Goedel.Mesh.Test\TestEnvironmentCommon.cs(121,0): at Goedel.Mesh.Test.TestEnvironmentRdpShell.Host(String command)&#xD;
[xUnit.net 00:00:58.46]         C:\Users\hallam\Work\mmm\Testing\Goedel.Mesh.Test\TestEnvironmentCommon.cs(90,0): at Goedel.Mesh.Test.TestEnvironmentRdpShell.StartService()&#xD;
[xUnit.net 00:00:58.46]         C:\Users\hallam\Work\mmm\Testing\Goedel.Mesh.Test\TestEnvironmentCommon.cs(102,0): at Goedel.Mesh.Test.TestEnvironmentRdpShell.GetMeshClient(MeshMachineTest meshMachineTest, ICredentialPrivate credential, String service, String accountAddress)&#xD;
[xUnit.net 00:00:58.46]         C:\Users\hallam\Work\mmm\Testing\Goedel.Mesh.Test\MeshMachineTest.cs(88,0): at Goedel.Mesh.Test.MeshMachineTest.GetMeshClient(ICredentialPrivate credential, String service, String accountAddress)&#xD;
[xUnit.net 00:00:58.46]         C:\Users\hallam\Work\mmm\Mesh\Goedel.Mesh.Client\ContextUser.cs(243,0): at Goedel.Mesh.Client.ContextUser.SetService(String accountAddress)&#xD;
[xUnit.net 00:00:58.46]         C:\Users\hallam\Work\mmm\Mesh\Goedel.Mesh.Client\MeshHost.cs(269,0): at Goedel.Mesh.Client.MeshHost.ConfigureMesh(String accountAddress, String localName, PrivateKeyUDF accountSeed, ProfileDevice profileDevice, List`1 rights, Boolean create)&#xD;
[xUnit.net 00:00:58.46]         C:\Users\hallam\Work\mmm\Mesh\Goedel.Mesh.Shell\DispatchAccount.cs(68,0): at Goedel.Mesh.Shell.Shell.AccountCreate(AccountCreate options)&#xD;
[xUnit.net 00:00:58.46]         C:\Users\hallam\Work\mmm\Mesh\Goedel.Mesh.Shell\meshman.cs(520,0): at Goedel.Mesh.Shell.CommandLineInterpreter.Handle_AccountCreate(DispatchShell DispatchIn, String[] Args, Int32 Index)&#xD;
[xUnit.net 00:00:58.46]         C:\Users\hallam\Work\mmm\Libraries\Goedel.Command\Command.cs(224,0): at Goedel.Command.CommandLineInterpreterBase.Dispatcher(SortedDictionary`2 Entries, DescribeCommandEntry DefaultCommand, DispatchShell Dispatch, String[] Args, Int32 Index)&#xD;
[xUnit.net 00:00:58.46]         C:\Users\hallam\Work\mmm\Libraries\Goedel.Command\Command.cs(228,0): at Goedel.Command.CommandLineInterpreterBase.Dispatcher(SortedDictionary`2 Entries, DescribeCommandEntry DefaultCommand, DispatchShell Dispatch, String[] Args, Int32 Index)&#xD;
[xUnit.net 00:00:58.46]         C:\Users\hallam\Work\mmm\Testing\Goedel.Mesh.Test\TestShell.cs(241,0): at Goedel.Mesh.Test.TestCLI.Dispatch(String command, Boolean fail)&#xD;
[xUnit.net 00:00:58.46]         C:\Users\hallam\Work\mmm\Testing\Goedel.Mesh.Shell.Test-xunit\TestProfile.cs(429,0): at Goedel.XUnit.ShellTests.TestAuthCreate(TestCLI device1, TestCLI device2, String auth)&#xD;
[xUnit.net 00:00:58.46]         C:\Users\hallam\Work\mmm\Testing\Goedel.Mesh.Shell.Test-xunit\TestProfile.cs(283,0): at Goedel.XUnit.ShellTests.TestCreateSuper()&#xD;
[xUnit.net 00:00:59.72]       Goedel.Mesh.ServiceAdmin.HostNotFound : Configuration for the host ServiceConfig.json could not be found&#xD;
[xUnit.net 00:00:59.72]       Stack Trace:&#xD;
[xUnit.net 00:00:59.72]         C:\Users\hallam\Work\mmm\Mesh\Goedel.Mesh.ServiceAdmin\ServiceDescription.cs(135,0): at Goedel.Mesh.ServiceAdmin.Configuration.GetHostConfiguration(String id)&#xD;
[xUnit.net 00:00:59.72]         C:\Users\hallam\Work\mmm\Mesh\Goedel.Mesh.Shell.Host\ShellDispatch.cs(156,0): at Goedel.Mesh.Shell.Host.Shell.HostStart(HostStart Options)&#xD;
[xUnit.net 00:00:59.72]         C:\Users\hallam\Work\mmm\Mesh\Goedel.Mesh.Shell.Host\anyhost.cs(172,0): at Goedel.Mesh.Shell.Host.CommandLineInterpreter.Handle_HostStart(DispatchShell DispatchIn, String[] Args, Int32 Index)&#xD;
[xUnit.net 00:00:59.72]         C:\Users\hallam\Work\mmm\Libraries\Goedel.Command\Command.cs(224,0): at Goedel.Command.CommandLineInterpreterBase.Dispatcher(SortedDictionary`2 Entries, DescribeCommandEntry DefaultCommand, DispatchShell Dispatch, String[] Args, Int32 Index)&#xD;
[xUnit.net 00:00:59.72]         C:\Users\hallam\Work\mmm\Mesh\Goedel.Mesh.Shell.Host\anyhost.cs(161,0): at Goedel.Mesh.Shell.Host.CommandLineInterpreter.MainMethod(Shell Dispatch, String[] Args)&#xD;
[xUnit.net 00:00:59.72]         C:\Users\hallam\Work\mmm\Testing\Goedel.Mesh.Test\TestEnvironmentCommon.cs(121,0): at Goedel.Mesh.Test.TestEnvironmentRdpShell.Host(String command)&#xD;
[xUnit.net 00:00:59.72]         C:\Users\hallam\Work\mmm\Testing\Goedel.Mesh.Test\TestEnvironmentCommon.cs(90,0): at Goedel.Mesh.Test.TestEnvironmentRdpShell.StartService()&#xD;
[xUnit.net 00:00:59.72]         C:\Users\hallam\Work\mmm\Testing\Goedel.Mesh.Test\TestEnvironmentCommon.cs(102,0): at Goedel.Mesh.Test.TestEnvironmentRdpShell.GetMeshClient(MeshMachineTest meshMachineTest, ICredentialPrivate credential, String service, String accountAddress)&#xD;
[xUnit.net 00:00:59.72]         C:\Users\hallam\Work\mmm\Testing\Goedel.Mesh.Test\MeshMachineTest.cs(88,0): at Goedel.Mesh.Test.MeshMachineTest.GetMeshClient(ICredentialPrivate credential, String service, String accountAddress)&#xD;
[xUnit.net 00:00:59.72]         C:\Users\hallam\Work\mmm\Mesh\Goedel.Mesh.Client\ContextUser.cs(243,0): at Goedel.Mesh.Client.ContextUser.SetService(String accountAddress)&#xD;
[xUnit.net 00:00:59.72]         C:\Users\hallam\Work\mmm\Mesh\Goedel.Mesh.Client\MeshHost.cs(269,0): at Goedel.Mesh.Client.MeshHost.ConfigureMesh(String accountAddress, String localName, PrivateKeyUDF accountSeed, ProfileDevice profileDevice, List`1 rights, Boolean create)&#xD;
[xUnit.net 00:00:59.72]         C:\Users\hallam\Work\mmm\Mesh\Goedel.Mesh.Shell\DispatchAccount.cs(68,0): at Goedel.Mesh.Shell.Shell.AccountCreate(AccountCreate options)&#xD;
[xUnit.net 00:00:59.72]         C:\Users\hallam\Work\mmm\Mesh\Goedel.Mesh.Shell\meshman.cs(520,0): at Goedel.Mesh.Shell.CommandLineInterpreter.Handle_AccountCreate(DispatchShell DispatchIn, String[] Args, Int32 Index)&#xD;
[xUnit.net 00:00:59.72]         C:\Users\hallam\Work\mmm\Libraries\Goedel.Command\Command.cs(224,0): at Goedel.Command.CommandLineInterpreterBase.Dispatcher(SortedDictionary`2 Entries, DescribeCommandEntry DefaultCommand, DispatchShell Dispatch, String[] Args, Int32 Index)&#xD;
[xUnit.net 00:00:59.72]         C:\Users\hallam\Work\mmm\Libraries\Goedel.Command\Command.cs(228,0): at Goedel.Command.CommandLineInterpreterBase.Dispatcher(SortedDictionary`2 Entries, DescribeCommandEntry DefaultCommand, DispatchShell Dispatch, String[] Args, Int32 Index)&#xD;
[xUnit.net 00:00:59.72]         C:\Users\hallam\Work\mmm\Testing\Goedel.Mesh.Test\TestShell.cs(241,0): at Goedel.Mesh.Test.TestCLI.Dispatch(String command, Boolean fail)&#xD;
[xUnit.net 00:00:59.72]         C:\Users\hallam\Work\mmm\Testing\Goedel.Mesh.Shell.Test-xunit\Base.cs(159,0): at Goedel.XUnit.ShellTests.Dispatch(String command, Boolean fail)&#xD;
[xUnit.net 00:00:59.72]         C:\Users\hallam\Work\mmm\Testing\Goedel.Mesh.Shell.Test-xunit\Base.cs(162,0): at Goedel.XUnit.ShellTests.CreateAccount(String account)&#xD;
[xUnit.net 00:00:59.72]         C:\Users\hallam\Work\mmm\Testing\Goedel.Mesh.Shell.Test-xunit\TestCatalog.cs(196,0): at Goedel.XUnit.ShellTests.TestProfileCalendar()&#xD;
[xUnit.net 00:01:00.90]       Goedel.Mesh.ServiceAdmin.HostNotFound : Configuration for the host ServiceConfig.json could not be found&#xD;
[xUnit.net 00:01:00.90]       Stack Trace:&#xD;
[xUnit.net 00:01:00.90]         C:\Users\hallam\Work\mmm\Mesh\Goedel.Mesh.ServiceAdmin\ServiceDescription.cs(135,0): at Goedel.Mesh.ServiceAdmin.Configuration.GetHostConfiguration(String id)&#xD;
[xUnit.net 00:01:00.90]         C:\Users\hallam\Work\mmm\Mesh\Goedel.Mesh.Shell.Host\ShellDispatch.cs(156,0): at Goedel.Mesh.Shell.Host.Shell.HostStart(HostStart Options)&#xD;
[xUnit.net 00:01:00.90]         C:\Users\hallam\Work\mmm\Mesh\Goedel.Mesh.Shell.Host\anyhost.cs(172,0): at Goedel.Mesh.Shell.Host.CommandLineInterpreter.Handle_HostStart(DispatchShell DispatchIn, String[] Args, Int32 Index)&#xD;
[xUnit.net 00:01:00.90]         C:\Users\hallam\Work\mmm\Libraries\Goedel.Command\Command.cs(224,0): at Goedel.Command.CommandLineInterpreterBase.Dispatcher(SortedDictionary`2 Entries, DescribeCommandEntry DefaultCommand, DispatchShell Dispatch, String[] Args, Int32 Index)&#xD;
[xUnit.net 00:01:00.90]         C:\Users\hallam\Work\mmm\Mesh\Goedel.Mesh.Shell.Host\anyhost.cs(161,0): at Goedel.Mesh.Shell.Host.CommandLineInterpreter.MainMethod(Shell Dispatch, String[] Args)&#xD;
[xUnit.net 00:01:00.90]         C:\Users\hallam\Work\mmm\Testing\Goedel.Mesh.Test\TestEnvironmentCommon.cs(121,0): at Goedel.Mesh.Test.TestEnvironmentRdpShell.Host(String command)&#xD;
[xUnit.net 00:01:00.90]         C:\Users\hallam\Work\mmm\Testing\Goedel.Mesh.Test\TestEnvironmentCommon.cs(90,0): at Goedel.Mesh.Test.TestEnvironmentRdpShell.StartService()&#xD;
[xUnit.net 00:01:00.90]         C:\Users\hallam\Work\mmm\Testing\Goedel.Mesh.Test\TestEnvironmentCommon.cs(102,0): at Goedel.Mesh.Test.TestEnvironmentRdpShell.GetMeshClient(MeshMachineTest meshMachineTest, ICredentialPrivate credential, String service, String accountAddress)&#xD;
[xUnit.net 00:01:00.90]         C:\Users\hallam\Work\mmm\Testing\Goedel.Mesh.Test\MeshMachineTest.cs(88,0): at Goedel.Mesh.Test.MeshMachineTest.GetMeshClient(ICredentialPrivate credential, String service, String accountAddress)&#xD;
[xUnit.net 00:01:00.90]         C:\Users\hallam\Work\mmm\Mesh\Goedel.Mesh.Client\ContextUser.cs(243,0): at Goedel.Mesh.Client.ContextUser.SetService(String accountAddress)&#xD;
[xUnit.net 00:01:00.90]         C:\Users\hallam\Work\mmm\Mesh\Goedel.Mesh.Client\MeshHost.cs(269,0): at Goedel.Mesh.Client.MeshHost.ConfigureMesh(String accountAddress, String localName, PrivateKeyUDF accountSeed, ProfileDevice profileDevice, List`1 rights, Boolean create)&#xD;
[xUnit.net 00:01:00.90]         C:\Users\hallam\Work\mmm\Mesh\Goedel.Mesh.Shell\DispatchAccount.cs(68,0): at Goedel.Mesh.Shell.Shell.AccountCreate(AccountCreate options)&#xD;
[xUnit.net 00:01:00.90]         C:\Users\hallam\Work\mmm\Mesh\Goedel.Mesh.Shell\meshman.cs(520,0): at Goedel.Mesh.Shell.CommandLineInterpreter.Handle_AccountCreate(DispatchShell DispatchIn, String[] Args, Int32 Index)&#xD;
[xUnit.net 00:01:00.90]         C:\Users\hallam\Work\mmm\Libraries\Goedel.Command\Command.cs(224,0): at Goedel.Command.CommandLineInterpreterBase.Dispatcher(SortedDictionary`2 Entries, DescribeCommandEntry DefaultCommand, DispatchShell Dispatch, String[] Args, Int32 Index)&#xD;
[xUnit.net 00:01:00.90]         C:\Users\hallam\Work\mmm\Libraries\Goedel.Command\Command.cs(228,0): at Goedel.Command.CommandLineInterpreterBase.Dispatcher(SortedDictionary`2 Entries, DescribeCommandEntry DefaultCommand, DispatchShell Dispatch, String[] Args, Int32 Index)&#xD;
[xUnit.net 00:01:00.90]         C:\Users\hallam\Work\mmm\Testing\Goedel.Mesh.Test\TestShell.cs(241,0): at Goedel.Mesh.Test.TestCLI.Dispatch(String command, Boolean fail)&#xD;
[xUnit.net 00:01:00.90]         C:\Users\hallam\Work\mmm\Testing\Goedel.Mesh.Shell.Test-xunit\Base.cs(159,0): at Goedel.XUnit.ShellTests.Dispatch(String command, Boolean fail)&#xD;
[xUnit.net 00:01:00.90]         C:\Users\hallam\Work\mmm\Testing\Goedel.Mesh.Shell.Test-xunit\Base.cs(162,0): at Goedel.XUnit.ShellTests.CreateAccount(String account)&#xD;
[xUnit.net 00:01:00.90]         C:\Users\hallam\Work\mmm\Testing\Goedel.Mesh.Shell.Test-xunit\TestDare.cs(219,0): at Goedel.XUnit.ShellTests.LogTest(Int32[] counts, String encrypt, String sign)&#xD;
[xUnit.net 00:01:00.90]         C:\Users\hallam\Work\mmm\Testing\Goedel.Mesh.Shell.Test-xunit\TestDare.cs(116,0): at Goedel.XUnit.ShellTests.TestLog()&#xD;
[xUnit.net 00:01:02.10]       Goedel.Mesh.ServiceAdmin.HostNotFound : Configuration for the host ServiceConfig.json could not be found&#xD;
[xUnit.net 00:01:02.10]       Stack Trace:&#xD;
[xUnit.net 00:01:02.10]         C:\Users\hallam\Work\mmm\Mesh\Goedel.Mesh.ServiceAdmin\ServiceDescription.cs(135,0): at Goedel.Mesh.ServiceAdmin.Configuration.GetHostConfiguration(String id)&#xD;
[xUnit.net 00:01:02.10]         C:\Users\hallam\Work\mmm\Mesh\Goedel.Mesh.Shell.Host\ShellDispatch.cs(156,0): at Goedel.Mesh.Shell.Host.Shell.HostStart(HostStart Options)&#xD;
[xUnit.net 00:01:02.10]         C:\Users\hallam\Work\mmm\Mesh\Goedel.Mesh.Shell.Host\anyhost.cs(172,0): at Goedel.Mesh.Shell.Host.CommandLineInterpreter.Handle_HostStart(DispatchShell DispatchIn, String[] Args, Int32 Index)&#xD;
[xUnit.net 00:01:02.10]         C:\Users\hallam\Work\mmm\Libraries\Goedel.Command\Command.cs(224,0): at Goedel.Command.CommandLineInterpreterBase.Dispatcher(SortedDictionary`2 Entries, DescribeCommandEntry DefaultCommand, DispatchShell Dispatch, String[] Args, Int32 Index)&#xD;
[xUnit.net 00:01:02.10]         C:\Users\hallam\Work\mmm\Mesh\Goedel.Mesh.Shell.Host\anyhost.cs(161,0): at Goedel.Mesh.Shell.Host.CommandLineInterpreter.MainMethod(Shell Dispatch, String[] Args)&#xD;
[xUnit.net 00:01:02.10]         C:\Users\hallam\Work\mmm\Testing\Goedel.Mesh.Test\TestEnvironmentCommon.cs(121,0): at Goedel.Mesh.Test.TestEnvironmentRdpShell.Host(String command)&#xD;
[xUnit.net 00:01:02.10]         C:\Users\hallam\Work\mmm\Testing\Goedel.Mesh.Test\TestEnvironmentCommon.cs(90,0): at Goedel.Mesh.Test.TestEnvironmentRdpShell.StartService()&#xD;
[xUnit.net 00:01:02.10]         C:\Users\hallam\Work\mmm\Testing\Goedel.Mesh.Test\TestEnvironmentCommon.cs(102,0): at Goedel.Mesh.Test.TestEnvironmentRdpShell.GetMeshClient(MeshMachineTest meshMachineTest, ICredentialPrivate credential, String service, String accountAddress)&#xD;
[xUnit.net 00:01:02.10]         C:\Users\hallam\Work\mmm\Testing\Goedel.Mesh.Test\MeshMachineTest.cs(88,0): at Goedel.Mesh.Test.MeshMachineTest.GetMeshClient(ICredentialPrivate credential, String service, String accountAddress)&#xD;
[xUnit.net 00:01:02.10]         C:\Users\hallam\Work\mmm\Mesh\Goedel.Mesh.Client\ContextUser.cs(243,0): at Goedel.Mesh.Client.ContextUser.SetService(String accountAddress)&#xD;
[xUnit.net 00:01:02.10]         C:\Users\hallam\Work\mmm\Mesh\Goedel.Mesh.Client\MeshHost.cs(269,0): at Goedel.Mesh.Client.MeshHost.ConfigureMesh(String accountAddress, String localName, PrivateKeyUDF accountSeed, ProfileDevice profileDevice, List`1 rights, Boolean create)&#xD;
[xUnit.net 00:01:02.10]         C:\Users\hallam\Work\mmm\Mesh\Goedel.Mesh.Shell\DispatchAccount.cs(68,0): at Goedel.Mesh.Shell.Shell.AccountCreate(AccountCreate options)&#xD;
[xUnit.net 00:01:02.10]         C:\Users\hallam\Work\mmm\Mesh\Goedel.Mesh.Shell\meshman.cs(520,0): at Goedel.Mesh.Shell.CommandLineInterpreter.Handle_AccountCreate(DispatchShell DispatchIn, String[] Args, Int32 Index)&#xD;
[xUnit.net 00:01:02.10]         C:\Users\hallam\Work\mmm\Libraries\Goedel.Command\Command.cs(224,0): at Goedel.Command.CommandLineInterpreterBase.Dispatcher(SortedDictionary`2 Entries, DescribeCommandEntry DefaultCommand, DispatchShell Dispatch, String[] Args, Int32 Index)&#xD;
[xUnit.net 00:01:02.10]         C:\Users\hallam\Work\mmm\Libraries\Goedel.Command\Command.cs(228,0): at Goedel.Command.CommandLineInterpreterBase.Dispatcher(SortedDictionary`2 Entries, DescribeCommandEntry DefaultCommand, DispatchShell Dispatch, String[] Args, Int32 Index)&#xD;
[xUnit.net 00:01:02.10]         C:\Users\hallam\Work\mmm\Testing\Goedel.Mesh.Test\TestShell.cs(241,0): at Goedel.Mesh.Test.TestCLI.Dispatch(String command, Boolean fail)&#xD;
[xUnit.net 00:01:02.10]         C:\Users\hallam\Work\mmm\Testing\Goedel.Mesh.Shell.Test-xunit\TestProfile.cs(146,0): at Goedel.XUnit.ShellTests.TestProfileConnectPinExpired()&#xD;
[xUnit.net 00:01:03.30]       Goedel.Mesh.ServiceAdmin.HostNotFound : Configuration for the host ServiceConfig.json could not be found&#xD;
[xUnit.net 00:01:03.30]       Stack Trace:&#xD;
[xUnit.net 00:01:03.30]         C:\Users\hallam\Work\mmm\Mesh\Goedel.Mesh.ServiceAdmin\ServiceDescription.cs(135,0): at Goedel.Mesh.ServiceAdmin.Configuration.GetHostConfiguration(String id)&#xD;
[xUnit.net 00:01:03.30]         C:\Users\hallam\Work\mmm\Mesh\Goedel.Mesh.Shell.Host\ShellDispatch.cs(156,0): at Goedel.Mesh.Shell.Host.Shell.HostStart(HostStart Options)&#xD;
[xUnit.net 00:01:03.30]         C:\Users\hallam\Work\mmm\Mesh\Goedel.Mesh.Shell.Host\anyhost.cs(172,0): at Goedel.Mesh.Shell.Host.CommandLineInterpreter.Handle_HostStart(DispatchShell DispatchIn, String[] Args, Int32 Index)&#xD;
[xUnit.net 00:01:03.30]         C:\Users\hallam\Work\mmm\Libraries\Goedel.Command\Command.cs(224,0): at Goedel.Command.CommandLineInterpreterBase.Dispatcher(SortedDictionary`2 Entries, DescribeCommandEntry DefaultCommand, DispatchShell Dispatch, String[] Args, Int32 Index)&#xD;
[xUnit.net 00:01:03.30]         C:\Users\hallam\Work\mmm\Mesh\Goedel.Mesh.Shell.Host\anyhost.cs(161,0): at Goedel.Mesh.Shell.Host.CommandLineInterpreter.MainMethod(Shell Dispatch, String[] Args)&#xD;
[xUnit.net 00:01:03.30]         C:\Users\hallam\Work\mmm\Testing\Goedel.Mesh.Test\TestEnvironmentCommon.cs(121,0): at Goedel.Mesh.Test.TestEnvironmentRdpShell.Host(String command)&#xD;
[xUnit.net 00:01:03.30]         C:\Users\hallam\Work\mmm\Testing\Goedel.Mesh.Test\TestEnvironmentCommon.cs(90,0): at Goedel.Mesh.Test.TestEnvironmentRdpShell.StartService()&#xD;
[xUnit.net 00:01:03.30]         C:\Users\hallam\Work\mmm\Testing\Goedel.Mesh.Test\TestEnvironmentCommon.cs(102,0): at Goedel.Mesh.Test.TestEnvironmentRdpShell.GetMeshClient(MeshMachineTest meshMachineTest, ICredentialPrivate credential, String service, String accountAddress)&#xD;
[xUnit.net 00:01:03.30]         C:\Users\hallam\Work\mmm\Testing\Goedel.Mesh.Test\MeshMachineTest.cs(88,0): at Goedel.Mesh.Test.MeshMachineTest.GetMeshClient(ICredentialPrivate credential, String service, String accountAddress)&#xD;
[xUnit.net 00:01:03.30]         C:\Users\hallam\Work\mmm\Mesh\Goedel.Mesh.Client\ContextUser.cs(243,0): at Goedel.Mesh.Client.ContextUser.SetService(String accountAddress)&#xD;
[xUnit.net 00:01:03.30]         C:\Users\hallam\Work\mmm\Mesh\Goedel.Mesh.Client\MeshHost.cs(269,0): at Goedel.Mesh.Client.MeshHost.ConfigureMesh(String accountAddress, String localName, PrivateKeyUDF accountSeed, ProfileDevice profileDevice, List`1 rights, Boolean create)&#xD;
[xUnit.net 00:01:03.30]         C:\Users\hallam\Work\mmm\Mesh\Goedel.Mesh.Shell\DispatchAccount.cs(68,0): at Goedel.Mesh.Shell.Shell.AccountCreate(AccountCreate options)&#xD;
[xUnit.net 00:01:03.30]         C:\Users\hallam\Work\mmm\Mesh\Goedel.Mesh.Shell\meshman.cs(520,0): at Goedel.Mesh.Shell.CommandLineInterpreter.Handle_AccountCreate(DispatchShell DispatchIn, String[] Args, Int32 Index)&#xD;
[xUnit.net 00:01:03.30]         C:\Users\hallam\Work\mmm\Libraries\Goedel.Command\Command.cs(224,0): at Goedel.Command.CommandLineInterpreterBase.Dispatcher(SortedDictionary`2 Entries, DescribeCommandEntry DefaultCommand, DispatchShell Dispatch, String[] Args, Int32 Index)&#xD;
[xUnit.net 00:01:03.30]         C:\Users\hallam\Work\mmm\Libraries\Goedel.Command\Command.cs(228,0): at Goedel.Command.CommandLineInterpreterBase.Dispatcher(SortedDictionary`2 Entries, DescribeCommandEntry DefaultCommand, DispatchShell Dispatch, String[] Args, Int32 Index)&#xD;
[xUnit.net 00:01:03.30]         C:\Users\hallam\Work\mmm\Testing\Goedel.Mesh.Test\TestShell.cs(241,0): at Goedel.Mesh.Test.TestCLI.Dispatch(String command, Boolean fail)&#xD;
[xUnit.net 00:01:03.30]         C:\Users\hallam\Work\mmm\Testing\Goedel.Mesh.Shell.Test-xunit\TestMessage.cs(186,0): at Goedel.XUnit.ShellTests.MakeAccount(TestCLI device, String account)&#xD;
[xUnit.net 00:01:03.30]         C:\Users\hallam\Work\mmm\Testing\Goedel.Mesh.Shell.Test-xunit\TestMessage.cs(264,0): at Goedel.XUnit.ShellTests.CreateAliceBob(TestCLI&amp; deviceA, TestCLI&amp; deviceB)&#xD;
[xUnit.net 00:01:03.30]         C:\Users\hallam\Work\mmm\Testing\Goedel.Mesh.Shell.Test-xunit\TestMessage.cs(324,0): at Goedel.XUnit.ShellTests.TestMessageConfirmationAccept()&#xD;
[xUnit.net 00:01:04.44]       Goedel.Mesh.ServiceAdmin.HostNotFound : Configuration for the host ServiceConfig.json could not be found&#xD;
[xUnit.net 00:01:04.44]       Stack Trace:&#xD;
[xUnit.net 00:01:04.44]         C:\Users\hallam\Work\mmm\Mesh\Goedel.Mesh.ServiceAdmin\ServiceDescription.cs(135,0): at Goedel.Mesh.ServiceAdmin.Configuration.GetHostConfiguration(String id)&#xD;
[xUnit.net 00:01:04.44]         C:\Users\hallam\Work\mmm\Mesh\Goedel.Mesh.Shell.Host\ShellDispatch.cs(156,0): at Goedel.Mesh.Shell.Host.Shell.HostStart(HostStart Options)&#xD;
[xUnit.net 00:01:04.44]         C:\Users\hallam\Work\mmm\Mesh\Goedel.Mesh.Shell.Host\anyhost.cs(172,0): at Goedel.Mesh.Shell.Host.CommandLineInterpreter.Handle_HostStart(DispatchShell DispatchIn, String[] Args, Int32 Index)&#xD;
[xUnit.net 00:01:04.44]         C:\Users\hallam\Work\mmm\Libraries\Goedel.Command\Command.cs(224,0): at Goedel.Command.CommandLineInterpreterBase.Dispatcher(SortedDictionary`2 Entries, DescribeCommandEntry DefaultCommand, DispatchShell Dispatch, String[] Args, Int32 Index)&#xD;
[xUnit.net 00:01:04.44]         C:\Users\hallam\Work\mmm\Mesh\Goedel.Mesh.Shell.Host\anyhost.cs(161,0): at Goedel.Mesh.Shell.Host.CommandLineInterpreter.MainMethod(Shell Dispatch, String[] Args)&#xD;
[xUnit.net 00:01:04.44]         C:\Users\hallam\Work\mmm\Testing\Goedel.Mesh.Test\TestEnvironmentCommon.cs(121,0): at Goedel.Mesh.Test.TestEnvironmentRdpShell.Host(String command)&#xD;
[xUnit.net 00:01:04.44]         C:\Users\hallam\Work\mmm\Testing\Goedel.Mesh.Test\TestEnvironmentCommon.cs(90,0): at Goedel.Mesh.Test.TestEnvironmentRdpShell.StartService()&#xD;
[xUnit.net 00:01:04.44]         C:\Users\hallam\Work\mmm\Testing\Goedel.Mesh.Test\TestEnvironmentCommon.cs(102,0): at Goedel.Mesh.Test.TestEnvironmentRdpShell.GetMeshClient(MeshMachineTest meshMachineTest, ICredentialPrivate credential, String service, String accountAddress)&#xD;
[xUnit.net 00:01:04.44]         C:\Users\hallam\Work\mmm\Testing\Goedel.Mesh.Test\MeshMachineTest.cs(88,0): at Goedel.Mesh.Test.MeshMachineTest.GetMeshClient(ICredentialPrivate credential, String service, String accountAddress)&#xD;
[xUnit.net 00:01:04.44]         C:\Users\hallam\Work\mmm\Mesh\Goedel.Mesh.Client\ContextUser.cs(243,0): at Goedel.Mesh.Client.ContextUser.SetService(String accountAddress)&#xD;
[xUnit.net 00:01:04.44]         C:\Users\hallam\Work\mmm\Mesh\Goedel.Mesh.Client\MeshHost.cs(269,0): at Goedel.Mesh.Client.MeshHost.ConfigureMesh(String accountAddress, String localName, PrivateKeyUDF accountSeed, ProfileDevice profileDevice, List`1 rights, Boolean create)&#xD;
[xUnit.net 00:01:04.44]         C:\Users\hallam\Work\mmm\Mesh\Goedel.Mesh.Shell\DispatchAccount.cs(68,0): at Goedel.Mesh.Shell.Shell.AccountCreate(AccountCreate options)&#xD;
[xUnit.net 00:01:04.44]         C:\Users\hallam\Work\mmm\Mesh\Goedel.Mesh.Shell\meshman.cs(520,0): at Goedel.Mesh.Shell.CommandLineInterpreter.Handle_AccountCreate(DispatchShell DispatchIn, String[] Args, Int32 Index)&#xD;
[xUnit.net 00:01:04.44]         C:\Users\hallam\Work\mmm\Libraries\Goedel.Command\Command.cs(224,0): at Goedel.Command.CommandLineInterpreterBase.Dispatcher(SortedDictionary`2 Entries, DescribeCommandEntry DefaultCommand, DispatchShell Dispatch, String[] Args, Int32 Index)&#xD;
[xUnit.net 00:01:04.44]         C:\Users\hallam\Work\mmm\Libraries\Goedel.Command\Command.cs(228,0): at Goedel.Command.CommandLineInterpreterBase.Dispatcher(SortedDictionary`2 Entries, DescribeCommandEntry DefaultCommand, DispatchShell Dispatch, String[] Args, Int32 Index)&#xD;
[xUnit.net 00:01:04.44]         C:\Users\hallam\Work\mmm\Testing\Goedel.Mesh.Test\TestShell.cs(241,0): at Goedel.Mesh.Test.TestCLI.Dispatch(String command, Boolean fail)&#xD;
[xUnit.net 00:01:04.44]         C:\Users\hallam\Work\mmm\Testing\Goedel.Mesh.Shell.Test-xunit\Base.cs(159,0): at Goedel.XUnit.ShellTests.Dispatch(String command, Boolean fail)&#xD;
[xUnit.net 00:01:04.44]         C:\Users\hallam\Work\mmm\Testing\Goedel.Mesh.Shell.Test-xunit\Base.cs(162,0): at Goedel.XUnit.ShellTests.CreateAccount(String account)&#xD;
[xUnit.net 00:01:04.44]         C:\Users\hallam\Work\mmm\Testing\Goedel.Mesh.Shell.Test-xunit\TestDare.cs(61,0): at Goedel.XUnit.ShellTests.TestFileSign()&#xD;
[xUnit.net 00:01:04.44]   Finished:    Goedel.Mesh.Shell.Test-xunit&#xD;
[xUnit.net 00:02:08.90]   Finished:    Goedel.Cryptography.Test-xunit&#xD;
</StdOut>
    </Output>
    <RunInfos>
      <RunInfo computerName="VOODOO" outcome="Error" timestamp="2021-12-02T13:54:11.6455282-05:00">
        <Text>[xUnit.net 00:00:02.07]     Goedel.XUnit.TestService.TestProfileFails(dataValidity: CorruptDigest) [FAIL]</Text>
      </RunInfo>
      <RunInfo computerName="VOODOO" outcome="Error" timestamp="2021-12-02T13:54:12.0870277-05:00">
        <Text>[xUnit.net 00:00:02.35]     Goedel.XUnit.ShellTests.TestProfileSSHPrivate [FAIL]</Text>
      </RunInfo>
      <RunInfo computerName="VOODOO" outcome="Error" timestamp="2021-12-02T13:54:12.9200290-05:00">
        <Text>[xUnit.net 00:00:03.18]     Goedel.XUnit.ShellTestsAdmin.TestCreateAdmin [FAIL]</Text>
      </RunInfo>
      <RunInfo computerName="VOODOO" outcome="Error" timestamp="2021-12-02T13:54:13.0455273-05:00">
        <Text>[xUnit.net 00:00:01.70]     Goedel.XUnit.MakeSiteDocs.CiphertextVerify [FAIL]</Text>
      </RunInfo>
      <RunInfo computerName="VOODOO" outcome="Error" timestamp="2021-12-02T13:54:13.1165302-05:00">
        <Text>[xUnit.net 00:00:03.55]     Goedel.XUnit.TestService.TestProfileFails(dataValidity: CorruptSigner) [FAIL]</Text>
      </RunInfo>
      <RunInfo computerName="VOODOO" outcome="Error" timestamp="2021-12-02T13:54:13.1545272-05:00">
        <Text>[xUnit.net 00:00:01.81]     Goedel.XUnit.MakeSiteDocs.TestContact [FAIL]</Text>
      </RunInfo>
      <RunInfo computerName="VOODOO" outcome="Error" timestamp="2021-12-02T13:54:13.2860266-05:00">
        <Text>[xUnit.net 00:00:01.92]     Goedel.XUnit.MakeSiteDocs.CreateSSH [FAIL]</Text>
      </RunInfo>
      <RunInfo computerName="VOODOO" outcome="Error" timestamp="2021-12-02T13:54:13.3950292-05:00">
        <Text>[xUnit.net 00:00:02.04]     Goedel.XUnit.MakeSiteDocs.CreateMail [FAIL]</Text>
      </RunInfo>
      <RunInfo computerName="VOODOO" outcome="Error" timestamp="2021-12-02T13:54:13.4975291-05:00">
        <Text>[xUnit.net 00:00:03.76]     Goedel.XUnit.ShellTests.TestProfilePassword [FAIL]</Text>
      </RunInfo>
      <RunInfo computerName="VOODOO" outcome="Error" timestamp="2021-12-02T13:54:13.5710285-05:00">
        <Text>[xUnit.net 00:00:02.16]     Goedel.XUnit.MakeSiteDocs.TestConfirmation [FAIL]</Text>
      </RunInfo>
      <RunInfo computerName="VOODOO" outcome="Error" timestamp="2021-12-02T13:54:13.7200290-05:00">
        <Text>[xUnit.net 00:00:02.35]     Goedel.XUnit.MakeSiteDocs.FullTest [FAIL]</Text>
      </RunInfo>
      <RunInfo computerName="VOODOO" outcome="Error" timestamp="2021-12-02T13:54:13.8365274-05:00">
        <Text>[xUnit.net 00:00:02.49]     Goedel.XUnit.MakeSiteDocs.DeleteDevice [FAIL]</Text>
      </RunInfo>
      <RunInfo computerName="VOODOO" outcome="Error" timestamp="2021-12-02T13:54:14.0965283-05:00">
        <Text>[xUnit.net 00:00:02.75]     Goedel.XUnit.MakeSiteDocs.GroupTests [FAIL]</Text>
      </RunInfo>
      <RunInfo computerName="VOODOO" outcome="Error" timestamp="2021-12-02T13:54:14.2615279-05:00">
        <Text>[xUnit.net 00:00:02.89]     Goedel.XUnit.MakeSiteDocs.DecodeSecondDevice [FAIL]</Text>
      </RunInfo>
      <RunInfo computerName="VOODOO" outcome="Error" timestamp="2021-12-02T13:54:14.4840294-05:00">
        <Text>[xUnit.net 00:00:03.03]     Goedel.XUnit.MakeSiteDocs.Recover [FAIL]</Text>
      </RunInfo>
      <RunInfo computerName="VOODOO" outcome="Error" timestamp="2021-12-02T13:54:15.1225273-05:00">
        <Text>[xUnit.net 00:00:05.27]     Goedel.XUnit.ShellTests.TestCreateMessage [FAIL]</Text>
      </RunInfo>
      <RunInfo computerName="VOODOO" outcome="Error" timestamp="2021-12-02T13:54:15.6675282-05:00">
        <Text>[xUnit.net 00:00:05.97]     Goedel.XUnit.TestService.TestProfileFails(dataValidity: CorruptMissing) [FAIL]</Text>
      </RunInfo>
      <RunInfo computerName="VOODOO" outcome="Error" timestamp="2021-12-02T13:54:15.8850288-05:00">
        <Text>[xUnit.net 00:00:05.83]     Goedel.XUnit.ShellTestsAdmin.TestMessageContactRemote [FAIL]</Text>
      </RunInfo>
      <RunInfo computerName="VOODOO" outcome="Error" timestamp="2021-12-02T13:54:16.4910280-05:00">
        <Text>[xUnit.net 00:00:06.75]     Goedel.XUnit.ShellTests.TestFileSignEncrypt [FAIL]</Text>
      </RunInfo>
      <RunInfo computerName="VOODOO" outcome="Error" timestamp="2021-12-02T13:54:17.9155306-05:00">
        <Text>[xUnit.net 00:00:08.33]     Goedel.XUnit.TestService.TestProfileFails(dataValidity: CorruptSignature) [FAIL]</Text>
      </RunInfo>
      <RunInfo computerName="VOODOO" outcome="Error" timestamp="2021-12-02T13:54:17.9950282-05:00">
        <Text>[xUnit.net 00:00:08.23]     Goedel.XUnit.ShellTests.TestProfileConnectPinInvalid [FAIL]</Text>
      </RunInfo>
      <RunInfo computerName="VOODOO" outcome="Error" timestamp="2021-12-02T13:54:18.2290286-05:00">
        <Text>[xUnit.net 00:00:08.33]     Goedel.XUnit.ShellTestsAdmin.TestFileEncrypt [FAIL]</Text>
      </RunInfo>
      <RunInfo computerName="VOODOO" outcome="Error" timestamp="2021-12-02T13:54:19.3385283-05:00">
        <Text>[xUnit.net 00:00:09.56]     Goedel.XUnit.ShellTests.TestProfileMail [FAIL]</Text>
      </RunInfo>
      <RunInfo computerName="VOODOO" outcome="Error" timestamp="2021-12-02T13:54:19.5035291-05:00">
        <Text>[xUnit.net 00:00:09.92]     Goedel.XUnit.TestService.TestProfileFails(dataValidity: CorruptPayload) [FAIL]</Text>
      </RunInfo>
      <RunInfo computerName="VOODOO" outcome="Error" timestamp="2021-12-02T13:54:20.4155301-05:00">
        <Text>[xUnit.net 00:00:10.63]     Goedel.XUnit.ShellTestsAdmin.TestArchive [FAIL]</Text>
      </RunInfo>
      <RunInfo computerName="VOODOO" outcome="Error" timestamp="2021-12-02T13:54:20.6425293-05:00">
        <Text>[xUnit.net 00:00:10.84]     Goedel.XUnit.ShellTests.TestCreateWeb [FAIL]</Text>
      </RunInfo>
      <RunInfo computerName="VOODOO" outcome="Error" timestamp="2021-12-02T13:54:21.8600274-05:00">
        <Text>[xUnit.net 00:00:12.12]     Goedel.XUnit.ShellTests.TestMessageContactBusinessCardReject [FAIL]</Text>
      </RunInfo>
      <RunInfo computerName="VOODOO" outcome="Error" timestamp="2021-12-02T13:54:22.5135319-05:00">
        <Text>[xUnit.net 00:00:12.77]     Goedel.XUnit.ShellTestsAdmin.TestMessageConfirmationReject [FAIL]</Text>
      </RunInfo>
      <RunInfo computerName="VOODOO" outcome="Error" timestamp="2021-12-02T13:54:22.5995292-05:00">
        <Text>[xUnit.net 00:00:13.03]     Goedel.XUnit.TestService.MeshCatalogAccount [FAIL]</Text>
      </RunInfo>
      <RunInfo computerName="VOODOO" outcome="Error" timestamp="2021-12-02T13:54:23.2285274-05:00">
        <Text>[xUnit.net 00:00:13.49]     Goedel.XUnit.ShellTests.TestFileEncrypt [FAIL]</Text>
      </RunInfo>
      <RunInfo computerName="VOODOO" outcome="Error" timestamp="2021-12-02T13:54:24.4710286-05:00">
        <Text>[xUnit.net 00:00:14.74]     Goedel.XUnit.ShellTests.TestProfileConnectPin [FAIL]</Text>
      </RunInfo>
      <RunInfo computerName="VOODOO" outcome="Error" timestamp="2021-12-02T13:54:24.6680281-05:00">
        <Text>[xUnit.net 00:00:14.93]     Goedel.XUnit.ShellTestsAdmin.TestProfileBookmark [FAIL]</Text>
      </RunInfo>
      <RunInfo computerName="VOODOO" outcome="Error" timestamp="2021-12-02T13:54:25.7095275-05:00">
        <Text>[xUnit.net 00:00:15.97]     Goedel.XUnit.ShellTests.TestAccountDelete [FAIL]</Text>
      </RunInfo>
      <RunInfo computerName="VOODOO" outcome="Error" timestamp="2021-12-02T13:54:26.6725278-05:00">
        <Text>[xUnit.net 00:00:16.93]     Goedel.XUnit.ShellTestsAdmin.TestProfileConnectPin [FAIL]</Text>
      </RunInfo>
      <RunInfo computerName="VOODOO" outcome="Error" timestamp="2021-12-02T13:54:26.8370282-05:00">
        <Text>[xUnit.net 00:00:17.10]     Goedel.XUnit.ShellTests.TestProfileNetwork [FAIL]</Text>
      </RunInfo>
      <RunInfo computerName="VOODOO" outcome="Error" timestamp="2021-12-02T13:54:27.9680275-05:00">
        <Text>[xUnit.net 00:00:18.24]     Goedel.XUnit.ShellTests.TestProfileConnectPinExpired [FAIL]</Text>
      </RunInfo>
      <RunInfo computerName="VOODOO" outcome="Error" timestamp="2021-12-02T13:54:28.6700287-05:00">
        <Text>[xUnit.net 00:00:18.93]     Goedel.XUnit.ShellTestsAdmin.TestCreateDevice [FAIL]</Text>
      </RunInfo>
      <RunInfo computerName="VOODOO" outcome="Error" timestamp="2021-12-02T13:54:29.1735288-05:00">
        <Text>[xUnit.net 00:00:19.44]     Goedel.XUnit.ShellTests.TestMessageContactRemote [FAIL]</Text>
      </RunInfo>
      <RunInfo computerName="VOODOO" outcome="Error" timestamp="2021-12-02T13:54:30.2645287-05:00">
        <Text>[xUnit.net 00:00:20.53]     Goedel.XUnit.ShellTests.TestProfileBookmark [FAIL]</Text>
      </RunInfo>
      <RunInfo computerName="VOODOO" outcome="Error" timestamp="2021-12-02T13:54:30.5520284-05:00">
        <Text>[xUnit.net 00:00:20.81]     Goedel.XUnit.ShellTestsAdmin.TestProfilePassword [FAIL]</Text>
      </RunInfo>
      <RunInfo computerName="VOODOO" outcome="Error" timestamp="2021-12-02T13:54:31.3960281-05:00">
        <Text>[xUnit.net 00:00:21.66]     Goedel.XUnit.ShellTests.TestMessageContactInPerson [FAIL]</Text>
      </RunInfo>
      <RunInfo computerName="VOODOO" outcome="Error" timestamp="2021-12-02T13:54:32.4375284-05:00">
        <Text>[xUnit.net 00:00:22.71]     Goedel.XUnit.ShellTestsAdmin.TestMessageContactInPerson [FAIL]</Text>
      </RunInfo>
      <RunInfo computerName="VOODOO" outcome="Error" timestamp="2021-12-02T13:54:32.5190285-05:00">
        <Text>[xUnit.net 00:00:22.79]     Goedel.XUnit.ShellTests.TestArchive [FAIL]</Text>
      </RunInfo>
      <RunInfo computerName="VOODOO" outcome="Error" timestamp="2021-12-02T13:54:33.3845271-05:00">
        <Text>[xUnit.net 00:00:23.65]     Goedel.XUnit.ShellTestsAdmin.TestHello [FAIL]</Text>
      </RunInfo>
      <RunInfo computerName="VOODOO" outcome="Error" timestamp="2021-12-02T13:54:33.6720285-05:00">
        <Text>[xUnit.net 00:00:23.94]     Goedel.XUnit.ShellTests.TestProfileCalendar [FAIL]</Text>
      </RunInfo>
      <RunInfo computerName="VOODOO" outcome="Error" timestamp="2021-12-02T13:54:33.7670288-05:00">
        <Text>[xUnit.net 00:00:24.03]     Goedel.XUnit.ShellTests.TestHello [FAIL]</Text>
      </RunInfo>
      <RunInfo computerName="VOODOO" outcome="Error" timestamp="2021-12-02T13:54:34.8095284-05:00">
        <Text>[xUnit.net 00:00:25.08]     Goedel.XUnit.ShellTests.TestProfileConnectStaticQR [FAIL]</Text>
      </RunInfo>
      <RunInfo computerName="VOODOO" outcome="Error" timestamp="2021-12-02T13:54:35.2355288-05:00">
        <Text>[xUnit.net 00:00:25.50]     Goedel.XUnit.ShellTestsAdmin.TestCreateWeb [FAIL]</Text>
      </RunInfo>
      <RunInfo computerName="VOODOO" outcome="Error" timestamp="2021-12-02T13:54:35.8820261-05:00">
        <Text>[xUnit.net 00:00:26.15]     Goedel.XUnit.ShellTests.TestCreateSuper [FAIL]</Text>
      </RunInfo>
      <RunInfo computerName="VOODOO" outcome="Error" timestamp="2021-12-02T13:54:36.1955280-05:00">
        <Text>[xUnit.net 00:00:26.63]     Goedel.XUnit.TestService.MeshDeviceConnectApprove [FAIL]</Text>
      </RunInfo>
      <RunInfo computerName="VOODOO" outcome="Error" timestamp="2021-12-02T13:54:36.8175275-05:00">
        <Text>[xUnit.net 00:00:27.08]     Goedel.XUnit.ShellTests.TestEscrowDeleteDevice [FAIL]</Text>
      </RunInfo>
      <RunInfo computerName="VOODOO" outcome="Error" timestamp="2021-12-02T13:54:36.9075286-05:00">
        <Text>[xUnit.net 00:00:27.17]     Goedel.XUnit.ShellTestsAdmin.TestProfileConnectStaticQR [FAIL]</Text>
      </RunInfo>
      <RunInfo computerName="VOODOO" outcome="Error" timestamp="2021-12-02T13:54:37.0400286-05:00">
        <Text>[xUnit.net 00:00:27.47]     Goedel.XUnit.TestService.MeshServiceEncryptCredential [FAIL]</Text>
      </RunInfo>
      <RunInfo computerName="VOODOO" outcome="Error" timestamp="2021-12-02T13:54:37.7400280-05:00">
        <Text>[xUnit.net 00:00:28.01]     Goedel.XUnit.ShellTests.TestProfileConnectDynamicQR [FAIL]</Text>
      </RunInfo>
      <RunInfo computerName="VOODOO" outcome="Error" timestamp="2021-12-02T13:54:38.3215277-05:00">
        <Text>[xUnit.net 00:00:28.76]     Goedel.XUnit.TestService.TestCredentialAccountFails(dataValidity: CorruptDigest) [FAIL]</Text>
      </RunInfo>
      <RunInfo computerName="VOODOO" outcome="Error" timestamp="2021-12-02T13:54:38.5190290-05:00">
        <Text>[xUnit.net 00:00:28.79]     Goedel.XUnit.ShellTestsAdmin.TestProfileMail [FAIL]</Text>
      </RunInfo>
      <RunInfo computerName="VOODOO" outcome="Error" timestamp="2021-12-02T13:54:38.6880290-05:00">
        <Text>[xUnit.net 00:00:28.96]     Goedel.XUnit.ShellTests.TestCreateDevice [FAIL]</Text>
      </RunInfo>
      <RunInfo computerName="VOODOO" outcome="Error" timestamp="2021-12-02T13:54:39.1825284-05:00">
        <Text>[xUnit.net 00:00:29.62]     Goedel.XUnit.TestService.TestCredentialAccountFails(dataValidity: CorruptMissing) [FAIL]</Text>
      </RunInfo>
      <RunInfo computerName="VOODOO" outcome="Error" timestamp="2021-12-02T13:54:39.6535278-05:00">
        <Text>[xUnit.net 00:00:29.92]     Goedel.XUnit.ShellTests.TestProfileContact [FAIL]</Text>
      </RunInfo>
      <RunInfo computerName="VOODOO" outcome="Error" timestamp="2021-12-02T13:54:40.1745269-05:00">
        <Text>[xUnit.net 00:00:30.61]     Goedel.XUnit.TestService.TestCredentialAccountFails(dataValidity: CorruptSigner) [FAIL]</Text>
      </RunInfo>
      <RunInfo computerName="VOODOO" outcome="Error" timestamp="2021-12-02T13:54:40.2575285-05:00">
        <Text>[xUnit.net 00:00:30.52]     Goedel.XUnit.ShellTestsAdmin.TestProfileConnect [FAIL]</Text>
      </RunInfo>
      <RunInfo computerName="VOODOO" outcome="Error" timestamp="2021-12-02T13:54:40.8130297-05:00">
        <Text>[xUnit.net 00:00:31.08]     Goedel.XUnit.ShellTests.TestProfileConnect [FAIL]</Text>
      </RunInfo>
      <RunInfo computerName="VOODOO" outcome="Error" timestamp="2021-12-02T13:54:41.3105282-05:00">
        <Text>[xUnit.net 00:00:31.75]     Goedel.XUnit.TestService.TestCredentialAccountFails(dataValidity: CorruptSignature) [FAIL]</Text>
      </RunInfo>
      <RunInfo computerName="VOODOO" outcome="Error" timestamp="2021-12-02T13:54:41.8105275-05:00">
        <Text>[xUnit.net 00:00:32.08]     Goedel.XUnit.ShellTests.TestMessageContactBusinessCardExchange [FAIL]</Text>
      </RunInfo>
      <RunInfo computerName="VOODOO" outcome="Error" timestamp="2021-12-02T13:54:42.0790282-05:00">
        <Text>[xUnit.net 00:00:32.34]     Goedel.XUnit.ShellTestsAdmin.TestMessageContactBusinessCardReject [FAIL]</Text>
      </RunInfo>
      <RunInfo computerName="VOODOO" outcome="Error" timestamp="2021-12-02T13:54:42.3500283-05:00">
        <Text>[xUnit.net 00:00:32.79]     Goedel.XUnit.TestService.TestCredentialAccountFails(dataValidity: CorruptPayload) [FAIL]</Text>
      </RunInfo>
      <RunInfo computerName="VOODOO" outcome="Error" timestamp="2021-12-02T13:54:42.9580287-05:00">
        <Text>[xUnit.net 00:00:33.22]     Goedel.XUnit.ShellTests.TestConnectRequest [FAIL]</Text>
      </RunInfo>
      <RunInfo computerName="VOODOO" outcome="Error" timestamp="2021-12-02T13:54:43.3695266-05:00">
        <Text>[xUnit.net 00:00:33.80]     Goedel.XUnit.TestService.MeshMessageConfirm [FAIL]</Text>
      </RunInfo>
      <RunInfo computerName="VOODOO" outcome="Error" timestamp="2021-12-02T13:54:43.8795279-05:00">
        <Text>[xUnit.net 00:00:34.14]     Goedel.XUnit.ShellTestsAdmin.TestProfileSSHPrivate [FAIL]</Text>
      </RunInfo>
      <RunInfo computerName="VOODOO" outcome="Error" timestamp="2021-12-02T13:54:44.0165279-05:00">
        <Text>[xUnit.net 00:00:34.28]     Goedel.XUnit.ShellTests.TestEscrowChangeDevice [FAIL]</Text>
      </RunInfo>
      <RunInfo computerName="VOODOO" outcome="Error" timestamp="2021-12-02T13:54:44.3080277-05:00">
        <Text>[xUnit.net 00:00:34.74]     Goedel.XUnit.TestService.MeshDeviceMail [FAIL]</Text>
      </RunInfo>
      <RunInfo computerName="VOODOO" outcome="Error" timestamp="2021-12-02T13:54:45.0195277-05:00">
        <Text>[xUnit.net 00:00:35.29]     Goedel.XUnit.ShellTests.TestMessageGroup [FAIL]</Text>
      </RunInfo>
      <RunInfo computerName="VOODOO" outcome="Error" timestamp="2021-12-02T13:54:45.2400260-05:00">
        <Text>[xUnit.net 00:00:35.68]     Goedel.XUnit.TestService.MeshEscrowRecover [FAIL]</Text>
      </RunInfo>
      <RunInfo computerName="VOODOO" outcome="Error" timestamp="2021-12-02T13:54:45.5060284-05:00">
        <Text>[xUnit.net 00:00:35.77]     Goedel.XUnit.ShellTestsAdmin.TestAccountDelete [FAIL]</Text>
      </RunInfo>
      <RunInfo computerName="VOODOO" outcome="Error" timestamp="2021-12-02T13:54:45.8780298-05:00">
        <Text>[xUnit.net 00:00:36.15]     Goedel.XUnit.ShellTests.TestMessageConfirmationAccept [FAIL]</Text>
      </RunInfo>
      <RunInfo computerName="VOODOO" outcome="Error" timestamp="2021-12-02T13:54:46.0535271-05:00">
        <Text>[xUnit.net 00:00:36.49]     Goedel.XUnit.TestService.MeshDeviceDirectKey [FAIL]</Text>
      </RunInfo>
      <RunInfo computerName="VOODOO" outcome="Error" timestamp="2021-12-02T13:54:46.8280284-05:00">
        <Text>[xUnit.net 00:00:37.09]     Goedel.XUnit.ShellTests.TestProfileConnectPinReused [FAIL]</Text>
      </RunInfo>
      <RunInfo computerName="VOODOO" outcome="Error" timestamp="2021-12-02T13:54:46.9320283-05:00">
        <Text>[xUnit.net 00:00:37.37]     Goedel.XUnit.TestService.MeshDeviceSsh [FAIL]</Text>
      </RunInfo>
      <RunInfo computerName="VOODOO" outcome="Error" timestamp="2021-12-02T13:54:47.0760272-05:00">
        <Text>[xUnit.net 00:00:37.34]     Goedel.XUnit.ShellTestsAdmin.TestAccount [FAIL]</Text>
      </RunInfo>
      <RunInfo computerName="VOODOO" outcome="Error" timestamp="2021-12-02T13:54:47.7950285-05:00">
        <Text>[xUnit.net 00:00:38.06]     Goedel.XUnit.ShellTests.TestMessageConfirmationReject [FAIL]</Text>
      </RunInfo>
      <RunInfo computerName="VOODOO" outcome="Error" timestamp="2021-12-02T13:54:47.8675277-05:00">
        <Text>[xUnit.net 00:00:38.30]     Goedel.XUnit.TestService.MeshDeviceDeveloper [FAIL]</Text>
      </RunInfo>
      <RunInfo computerName="VOODOO" outcome="Error" timestamp="2021-12-02T13:54:48.6675283-05:00">
        <Text>[xUnit.net 00:00:38.93]     Goedel.XUnit.ShellTestsAdmin.TestSequence(count: 100, encrypt: null, sign: null, purge: False, index: False, initial: "Archive1") [FAIL]</Text>
      </RunInfo>
      <RunInfo computerName="VOODOO" outcome="Error" timestamp="2021-12-02T13:54:48.6990299-05:00">
        <Text>[xUnit.net 00:00:38.97]     Goedel.XUnit.ShellTests.TestMessageContactBusinessCardFetch [FAIL]</Text>
      </RunInfo>
      <RunInfo computerName="VOODOO" outcome="Error" timestamp="2021-12-02T13:54:48.7455258-05:00">
        <Text>[xUnit.net 00:00:39.18]     Goedel.XUnit.TestService.TestCredentialAccount [FAIL]</Text>
      </RunInfo>
      <RunInfo computerName="VOODOO" outcome="Error" timestamp="2021-12-02T13:54:49.7395286-05:00">
        <Text>[xUnit.net 00:00:40.01]     Goedel.XUnit.ShellTests.TestCreateAdmin [FAIL]</Text>
      </RunInfo>
      <RunInfo computerName="VOODOO" outcome="Error" timestamp="2021-12-02T13:54:49.8865288-05:00">
        <Text>[xUnit.net 00:00:40.32]     Goedel.XUnit.TestService.MeshMessageContact [FAIL]</Text>
      </RunInfo>
      <RunInfo computerName="VOODOO" outcome="Error" timestamp="2021-12-02T13:54:50.4990272-05:00">
        <Text>[xUnit.net 00:00:40.76]     Goedel.XUnit.ShellTestsAdmin.TestProfileContact [FAIL]</Text>
      </RunInfo>
      <RunInfo computerName="VOODOO" outcome="Error" timestamp="2021-12-02T13:54:50.9135298-05:00">
        <Text>[xUnit.net 00:00:41.18]     Goedel.XUnit.ShellTests.TestLog [FAIL]</Text>
      </RunInfo>
      <RunInfo computerName="VOODOO" outcome="Error" timestamp="2021-12-02T13:54:51.1170281-05:00">
        <Text>[xUnit.net 00:00:41.55]     Goedel.XUnit.TestService.MeshDeviceConnectDynamicQR [FAIL]</Text>
      </RunInfo>
      <RunInfo computerName="VOODOO" outcome="Error" timestamp="2021-12-02T13:54:52.0670287-05:00">
        <Text>[xUnit.net 00:00:42.33]     Goedel.XUnit.ShellTests.TestSequence(count: 100, encrypt: null, sign: null, purge: False, index: False, initial: "Archive1") [FAIL]</Text>
      </RunInfo>
      <RunInfo computerName="VOODOO" outcome="Error" timestamp="2021-12-02T13:54:52.2965281-05:00">
        <Text>[xUnit.net 00:00:42.73]     Goedel.XUnit.TestService.MeshCreateAdmin [FAIL]</Text>
      </RunInfo>
      <RunInfo computerName="VOODOO" outcome="Error" timestamp="2021-12-02T13:54:52.4685277-05:00">
        <Text>[xUnit.net 00:00:42.73]     Goedel.XUnit.ShellTestsAdmin.TestEscrowChangeDevice [FAIL]</Text>
      </RunInfo>
      <RunInfo computerName="VOODOO" outcome="Error" timestamp="2021-12-02T13:54:53.1000283-05:00">
        <Text>[xUnit.net 00:00:43.37]     Goedel.XUnit.ShellTests.TestAccount [FAIL]</Text>
      </RunInfo>
      <RunInfo computerName="VOODOO" outcome="Error" timestamp="2021-12-02T13:54:53.2480271-05:00">
        <Text>[xUnit.net 00:00:43.68]     Goedel.XUnit.TestService.MeshCatalogGroup [FAIL]</Text>
      </RunInfo>
      <RunInfo computerName="VOODOO" outcome="Error" timestamp="2021-12-02T13:54:54.0175279-05:00">
        <Text>[xUnit.net 00:00:44.28]     Goedel.XUnit.ShellTests.TestFileSign [FAIL]</Text>
      </RunInfo>
      <RunInfo computerName="VOODOO" outcome="Error" timestamp="2021-12-02T13:54:54.0695295-05:00">
        <Text>[xUnit.net 00:00:44.34]     Goedel.XUnit.ShellTestsAdmin.TestProfileConnectPinReused [FAIL]</Text>
      </RunInfo>
      <RunInfo computerName="VOODOO" outcome="Error" timestamp="2021-12-02T13:54:54.1400265-05:00">
        <Text>[xUnit.net 00:00:44.58]     Goedel.XUnit.TestService.MeshDeviceThresholdKey [FAIL]</Text>
      </RunInfo>
      <RunInfo computerName="VOODOO" outcome="Error" timestamp="2021-12-02T13:54:54.2040273-05:00">
        <Text>[xUnit.net 00:00:44.64]     Goedel.XUnit.TestService.ProtocolHello [FAIL]</Text>
      </RunInfo>
      <RunInfo computerName="VOODOO" outcome="Error" timestamp="2021-12-02T13:54:54.9645268-05:00">
        <Text>[xUnit.net 00:00:45.40]     Goedel.XUnit.TestService.MeshServiceFull [FAIL]</Text>
      </RunInfo>
      <RunInfo computerName="VOODOO" outcome="Error" timestamp="2021-12-02T13:54:55.4400284-05:00">
        <Text>[xUnit.net 00:00:45.71]     Goedel.XUnit.ShellTestsAdmin.TestFileSignEncrypt [FAIL]</Text>
      </RunInfo>
      <RunInfo computerName="VOODOO" outcome="Error" timestamp="2021-12-02T13:54:55.7745258-05:00">
        <Text>[xUnit.net 00:00:46.21]     Goedel.XUnit.TestService.MeshDeviceConnectPIN [FAIL]</Text>
      </RunInfo>
      <RunInfo computerName="VOODOO" outcome="Error" timestamp="2021-12-02T13:54:56.5420289-05:00">
        <Text>[xUnit.net 00:00:46.98]     Goedel.XUnit.TestService.MeshDeviceConnectStaticQR [FAIL]</Text>
      </RunInfo>
      <RunInfo computerName="VOODOO" outcome="Error" timestamp="2021-12-02T13:54:56.8180280-05:00">
        <Text>[xUnit.net 00:00:47.09]     Goedel.XUnit.ShellTestsAdmin.TestMessageGroup [FAIL]</Text>
      </RunInfo>
      <RunInfo computerName="VOODOO" outcome="Error" timestamp="2021-12-02T13:54:57.2945264-05:00">
        <Text>[xUnit.net 00:00:47.73]     Goedel.XUnit.TestService.MeshCatalogMultipleDevice [FAIL]</Text>
      </RunInfo>
      <RunInfo computerName="VOODOO" outcome="Error" timestamp="2021-12-02T13:54:58.0425264-05:00">
        <Text>[xUnit.net 00:00:48.48]     Goedel.XUnit.TestService.MeshGrantAdmin [FAIL]</Text>
      </RunInfo>
      <RunInfo computerName="VOODOO" outcome="Error" timestamp="2021-12-02T13:54:58.0620274-05:00">
        <Text>[xUnit.net 00:00:48.33]     Goedel.XUnit.ShellTestsAdmin.TestProfileConnectPinInvalid [FAIL]</Text>
      </RunInfo>
      <RunInfo computerName="VOODOO" outcome="Error" timestamp="2021-12-02T13:54:59.3255256-05:00">
        <Text>[xUnit.net 00:00:49.59]     Goedel.XUnit.ShellTestsAdmin.TestMessageContactBusinessCardExchange [FAIL]</Text>
      </RunInfo>
      <RunInfo computerName="VOODOO" outcome="Error" timestamp="2021-12-02T13:55:00.5715276-05:00">
        <Text>[xUnit.net 00:00:50.84]     Goedel.XUnit.ShellTestsAdmin.TestProfileConnectDynamicQR [FAIL]</Text>
      </RunInfo>
      <RunInfo computerName="VOODOO" outcome="Error" timestamp="2021-12-02T13:55:01.8375282-05:00">
        <Text>[xUnit.net 00:00:52.10]     Goedel.XUnit.ShellTestsAdmin.TestProfileNetwork [FAIL]</Text>
      </RunInfo>
      <RunInfo computerName="VOODOO" outcome="Error" timestamp="2021-12-02T13:55:02.9955285-05:00">
        <Text>[xUnit.net 00:00:53.26]     Goedel.XUnit.ShellTestsAdmin.TestEscrowDeleteDevice [FAIL]</Text>
      </RunInfo>
      <RunInfo computerName="VOODOO" outcome="Error" timestamp="2021-12-02T13:55:04.1490287-05:00">
        <Text>[xUnit.net 00:00:54.41]     Goedel.XUnit.ShellTestsAdmin.TestMessageContactBusinessCardFetch [FAIL]</Text>
      </RunInfo>
      <RunInfo computerName="VOODOO" outcome="Error" timestamp="2021-12-02T13:55:05.2980281-05:00">
        <Text>[xUnit.net 00:00:55.57]     Goedel.XUnit.ShellTestsAdmin.TestCreateMessage [FAIL]</Text>
      </RunInfo>
      <RunInfo computerName="VOODOO" outcome="Error" timestamp="2021-12-02T13:55:07.0260276-05:00">
        <Text>[xUnit.net 00:00:57.29]     Goedel.XUnit.ShellTestsAdmin.TestConnectRequest [FAIL]</Text>
      </RunInfo>
      <RunInfo computerName="VOODOO" outcome="Error" timestamp="2021-12-02T13:55:08.1945277-05:00">
        <Text>[xUnit.net 00:00:58.46]     Goedel.XUnit.ShellTestsAdmin.TestCreateSuper [FAIL]</Text>
      </RunInfo>
      <RunInfo computerName="VOODOO" outcome="Error" timestamp="2021-12-02T13:55:09.4485291-05:00">
        <Text>[xUnit.net 00:00:59.72]     Goedel.XUnit.ShellTestsAdmin.TestProfileCalendar [FAIL]</Text>
      </RunInfo>
      <RunInfo computerName="VOODOO" outcome="Error" timestamp="2021-12-02T13:55:10.6330281-05:00">
        <Text>[xUnit.net 00:01:00.90]     Goedel.XUnit.ShellTestsAdmin.TestLog [FAIL]</Text>
      </RunInfo>
      <RunInfo computerName="VOODOO" outcome="Error" timestamp="2021-12-02T13:55:11.8280290-05:00">
        <Text>[xUnit.net 00:01:02.10]     Goedel.XUnit.ShellTestsAdmin.TestProfileConnectPinExpired [FAIL]</Text>
      </RunInfo>
      <RunInfo computerName="VOODOO" outcome="Error" timestamp="2021-12-02T13:55:13.0335277-05:00">
        <Text>[xUnit.net 00:01:03.30]     Goedel.XUnit.ShellTestsAdmin.TestMessageConfirmationAccept [FAIL]</Text>
      </RunInfo>
      <RunInfo computerName="VOODOO" outcome="Error" timestamp="2021-12-02T13:55:14.1720252-05:00">
        <Text>[xUnit.net 00:01:04.44]     Goedel.XUnit.ShellTestsAdmin.TestFileSign [FAIL]</Text>
      </RunInfo>
    </RunInfos>
  </ResultSummary>
</TestRun>